2017-07-28 15:05:19 ---- New Request ----
2017-07-28 15:05:19 Controller : Users
2017-07-28 15:05:19 Method : loginAction
2017-07-28 15:05:19 Controller File : controllers/Users.class.php, Exists
2017-07-28 15:05:19 Class constructed
2017-07-28 15:05:19 Login Params ;Username :lydia
Password : ******
2017-07-28 15:05:19 SELECT SQL : SELECT id,firstName,surname,userName,userTypeId,sessionId,password,active,branchId FROM users WHERE  userName = 'lydia'  
2017-07-28 15:05:19 SELECT SQL : SELECT name FROM branches WHERE  id = '6'  
2017-07-28 15:05:19 UPDATE SQL : UPDATE users SET sessionId = 'ED7TMaeb3an6oVHi23t5s5Mco8F3rAiv',ipAddress = '41.210.143.182' WHERE  id = '3' 
2017-07-28 15:05:19 Response : {"success":1,"data":{"id":"3","firstName":"Lydia","surname":"Amoi","userName":"lydia","userTypeId":"2","sessionId":"ED7TMaeb3an6oVHi23t5s5Mco8F3rAiv","branchId":"6","branchName":"OASIS MALL"}}
2017-07-28 15:05:22 ---- New Request ----
2017-07-28 15:05:22 Controller : Users
2017-07-28 15:05:22 Method : formsdetailsAction
2017-07-28 15:05:22 Controller File : controllers/Users.class.php, Exists
2017-07-28 15:05:22 Class constructed
2017-07-28 15:05:22 Details Params :
SessionID :ED7TMaeb3an6oVHi23t5s5Mco8F3rAiv
User ID : 3
2017-07-28 15:05:22 SELECT SQL : SELECT * FROM branches WHERE  active = '1'  
2017-07-28 15:05:22 SELECT SQL : SELECT * FROM countries WHERE  active = '1'  
2017-07-28 15:05:22 SELECT SQL : SELECT * FROM identification WHERE  active = '1'  
2017-07-28 15:05:22 SELECT SQL : SELECT * FROM users WHERE  active = '1'  
2017-07-28 15:05:22 SELECT SQL : SELECT id,name,branchId,currency_id FROM accounts WHERE  active = '1' AND type_id = '1'  
2017-07-28 15:05:22 Balance Update Params :
Branch Id : 5
Account ID : 16
Amount : 0
2017-07-28 15:05:22 SELECT SQL : SELECT * FROM balances WHERE  branchId = '5' AND accountId = '16'  
2017-07-28 15:05:22 SELECT SQL : SELECT * FROM balances WHERE  branchId = '5' AND accountId = '16' AND date = '2017-07-28'  
2017-07-28 15:05:22 UPDATE SQL : UPDATE balances SET closingBalance = '315496' WHERE  branchId = '5' AND accountId = '16' AND date = '2017-07-28' 
2017-07-28 15:05:22 Balance Update Status 2:1
 2017-07-28 15:05:22 Balance Update Params :
Branch Id : 6
Account ID : 20
Amount : 0
2017-07-28 15:05:22 SELECT SQL : SELECT * FROM balances WHERE  branchId = '6' AND accountId = '20'  
2017-07-28 15:05:22 Balance Update Params :
Branch Id : 6
Account ID : 21
Amount : 0
2017-07-28 15:05:22 SELECT SQL : SELECT * FROM balances WHERE  branchId = '6' AND accountId = '21'  
2017-07-28 15:05:22 SELECT SQL : SELECT * FROM balances WHERE  branchId = '6' AND accountId = '21' AND date = '2017-07-28'  
2017-07-28 15:05:22 UPDATE SQL : UPDATE balances SET closingBalance = '-88986.84511788' WHERE  branchId = '6' AND accountId = '21' AND date = '2017-07-28' 
2017-07-28 15:05:22 Balance Update Status 2:1
 2017-07-28 15:05:22 Balance Update Params :
Branch Id : 6
Account ID : 22
Amount : 0
2017-07-28 15:05:22 SELECT SQL : SELECT * FROM balances WHERE  branchId = '6' AND accountId = '22'  
2017-07-28 15:05:22 Balance Update Params :
Branch Id : 6
Account ID : 23
Amount : 0
2017-07-28 15:05:22 SELECT SQL : SELECT * FROM balances WHERE  branchId = '6' AND accountId = '23'  
2017-07-28 15:05:22 SELECT SQL : SELECT * FROM balances WHERE  branchId = '6' AND accountId = '23' AND date = '2017-07-28'  
2017-07-28 15:05:22 UPDATE SQL : UPDATE balances SET closingBalance = '-112384482' WHERE  branchId = '6' AND accountId = '23' AND date = '2017-07-28' 
2017-07-28 15:05:22 Balance Update Status 2:1
 2017-07-28 15:05:22 Balance Update Params :
Branch Id : 6
Account ID : 24
Amount : 0
2017-07-28 15:05:22 SELECT SQL : SELECT * FROM balances WHERE  branchId = '6' AND accountId = '24'  
2017-07-28 15:05:22 Balance Update Params :
Branch Id : 11
Account ID : 27
Amount : 0
2017-07-28 15:05:22 SELECT SQL : SELECT * FROM balances WHERE  branchId = '11' AND accountId = '27'  
2017-07-28 15:05:22 SELECT SQL : SELECT * FROM balances WHERE  branchId = '11' AND accountId = '27' AND date = '2017-07-28'  
2017-07-28 15:05:22 UPDATE SQL : UPDATE balances SET closingBalance = '5215151.6461271' WHERE  branchId = '11' AND accountId = '27' AND date = '2017-07-28' 
2017-07-28 15:05:22 Balance Update Status 2:1
 2017-07-28 15:05:22 Balance Update Params :
Branch Id : 11
Account ID : 28
Amount : 0
2017-07-28 15:05:22 SELECT SQL : SELECT * FROM balances WHERE  branchId = '11' AND accountId = '28'  
2017-07-28 15:05:22 Balance Update Params :
Branch Id : 12
Account ID : 33
Amount : 0
2017-07-28 15:05:22 SELECT SQL : SELECT * FROM balances WHERE  branchId = '12' AND accountId = '33'  
2017-07-28 15:05:22 SELECT SQL : SELECT * FROM balances WHERE  branchId = '12' AND accountId = '33' AND date = '2017-07-28'  
2017-07-28 15:05:22 UPDATE SQL : UPDATE balances SET closingBalance = '26782' WHERE  branchId = '12' AND accountId = '33' AND date = '2017-07-28' 
2017-07-28 15:05:22 Balance Update Status 2:1
 2017-07-28 15:05:22 Balance Update Params :
Branch Id : 12
Account ID : 36
Amount : 0
2017-07-28 15:05:22 SELECT SQL : SELECT * FROM balances WHERE  branchId = '12' AND accountId = '36'  
2017-07-28 15:05:22 SELECT SQL : SELECT * FROM balances WHERE  branchId = '12' AND accountId = '36' AND date = '2017-07-28'  
2017-07-28 15:05:22 UPDATE SQL : UPDATE balances SET closingBalance = '6617' WHERE  branchId = '12' AND accountId = '36' AND date = '2017-07-28' 
2017-07-28 15:05:22 Balance Update Status 2:1
 2017-07-28 15:05:22 Balance Update Params :
Branch Id : 7
Account ID : 37
Amount : 0
2017-07-28 15:05:22 SELECT SQL : SELECT * FROM balances WHERE  branchId = '7' AND accountId = '37'  
2017-07-28 15:05:22 SELECT SQL : SELECT * FROM balances WHERE  branchId = '7' AND accountId = '37' AND date = '2017-07-28'  
2017-07-28 15:05:22 UPDATE SQL : UPDATE balances SET closingBalance = '47450' WHERE  branchId = '7' AND accountId = '37' AND date = '2017-07-28' 
2017-07-28 15:05:22 Balance Update Status 2:1
 2017-07-28 15:05:22 Balance Update Params :
Branch Id : 13
Account ID : 38
Amount : 0
2017-07-28 15:05:22 SELECT SQL : SELECT * FROM balances WHERE  branchId = '13' AND accountId = '38'  
2017-07-28 15:05:22 SELECT SQL : SELECT * FROM balances WHERE  branchId = '13' AND accountId = '38' AND date = '2017-07-28'  
2017-07-28 15:05:22 UPDATE SQL : UPDATE balances SET closingBalance = '2700' WHERE  branchId = '13' AND accountId = '38' AND date = '2017-07-28' 
2017-07-28 15:05:22 Balance Update Status 2:1
 2017-07-28 15:05:22 Balance Update Params :
Branch Id : 13
Account ID : 39
Amount : 0
2017-07-28 15:05:22 SELECT SQL : SELECT * FROM balances WHERE  branchId = '13' AND accountId = '39'  
2017-07-28 15:05:22 SELECT SQL : SELECT * FROM currencies WHERE  active = '1'  
2017-07-28 15:05:22 SELECT SQL : SELECT * FROM accounts WHERE  active = '1' AND type_id = '4'  
2017-07-28 15:05:22 SELECT SQL : SELECT * FROM account_types WHERE  active = '1'  
2017-07-28 15:05:22 SELECT SQL : SELECT * FROM user_types WHERE  active = '1'  
2017-07-28 15:05:22 Response : {"data":{"branches":[{"id":"5","name":"KINSHASHA","countryId":"4","location":"Patrice Avenue","supervisorId":"3","createdBy":"4","ts":"2017-06-30 00:06:55","active":"1"},{"id":"6","name":"OASIS MALL","countryId":"1","location":"Yusufu Lule Rd","supervisorId":"3","createdBy":"2","ts":"2017-06-30 00:12:08","active":"1"},{"id":"7","name":"GOMA","countryId":"4","location":"Goma","supervisorId":"3","createdBy":"1","ts":"2017-07-05 00:00:00","active":"1"},{"id":"9","name":"MOMBASA","countryId":"2","location":"Mombasa","supervisorId":"3","createdBy":"1","ts":"2017-07-05 00:00:00","active":"1"},{"id":"10","name":"DUBAI","countryId":"6","location":"Dubai","supervisorId":"3","createdBy":"1","ts":"2017-07-05 00:00:00","active":"1"},{"id":"11","name":"CHINA","countryId":"5","location":"China","supervisorId":"3","createdBy":"3","ts":"2017-07-05 13:23:17","active":"1"},{"id":"12","name":"NAIROBI","countryId":"2","location":"Nairobi","supervisorId":"3","createdBy":"3","ts":"2017-07-06 14:12:35","active":"1"},{"id":"13","name":"KAMPALA ROAD","countryId":"1","location":"kampala road","supervisorId":"3","createdBy":"3","ts":"2017-07-06 14:12:35","active":"1"}],"countries":[{"id":"1","name":"UGANDA","createdBy":"1","ts":"2017-06-25 23:13:31","active":"1"},{"id":"2","name":"KENYA","createdBy":"1","ts":"2017-06-26 09:02:45","active":"1"},{"id":"3","name":"TZ","createdBy":"1","ts":"2017-06-28 11:11:53","active":"1"},{"id":"4","name":"CONGO","createdBy":"1","ts":"2017-06-28 11:26:11","active":"1"},{"id":"5","name":"CHINA","createdBy":"1","ts":"2017-06-28 11:30:01","active":"1"},{"id":"6","name":"UAE","createdBy":"1","ts":"2017-07-05 00:00:00","active":"1"}],"ids":[[{"id":"1","name":"Passport","createdBy":"1","ts":"2017-06-28 14:00:01","active":"1"},{"id":"2","name":"National ID","createdBy":"1","ts":"2017-06-28 14:00:01","active":"1"},{"id":"3","name":"STUDENTS ID","createdBy":"1","ts":"2017-06-28 16:21:46","active":"1"}]],"users":[{"id":"1","firstName":"You","surname":"Jinshu","email":"hudsonbogere@swipeit.co.ug","phone":"256783131266","userName":"you","branchId":"0","userTypeId":"1","password":"$2y$10$pPGbhJ1RXx\/ug.ED3LnsQuKHJTqwYsa\/iF0OqGOgsjflkHKIDTLVq","sessionId":"CFnzjXc5wtIKgfgKgL2DASU3uZYEM42v","ipAddress":"160.242.139.228","createdBy":null,"ts":"2017-06-23 15:08:12","active":"1"},{"id":"2","firstName":"Nansubuga","surname":"Dorothy","email":"henry@gmail.com","phone":"256752284441","userName":"dorah","branchId":"12","userTypeId":"3","password":"$2y$10$F9t92sYKf2rDJ.JzCmrrT.Jt1Ix37Fuo.uZKpXPn69dgDUTZ8xLXi","sessionId":"yspJOanvuxjNShz34rieihG2oKCJUOdp","ipAddress":"154.76.149.96","createdBy":"1","ts":"2017-06-26 19:11:07","active":"1"},{"id":"3","firstName":"Lydia","surname":"Amoi","email":"islam@gmail.com","phone":"256777608310","userName":"lydia","branchId":"6","userTypeId":"2","password":"$2y$10$m72Zz8Z.h4\/Zp6TFDhmbXeQ79kZ7JJ2U0yLUanc0dDVxbc.5UPkRG","sessionId":"ED7TMaeb3an6oVHi23t5s5Mco8F3rAiv","ipAddress":"41.210.143.182","createdBy":"1","ts":"2017-06-26 19:41:01","active":"1"},{"id":"4","firstName":"Nabukera","surname":"Maria","email":"banerd@tfb.com","phone":"256774457813","userName":"maria","branchId":"5","userTypeId":"5","password":"$2y$10$wTpUE\/WJFMfQaBglrQocTO9ndV6dbxL2vzFDEJZ1hpVVp4binpXGO","sessionId":"tAtmUN33mOodjeA8jFfyor0a3nj4RVf1","ipAddress":"160.242.139.78","createdBy":"1","ts":"2017-06-26 23:04:07","active":"1"},{"id":"5","firstName":"Henry","surname":"Bbosa","email":null,"phone":null,"userName":"henry","branchId":"11","userTypeId":"3","password":"$2y$10$m72Zz8Z.h4\/Zp6TFDhmbXeQ79kZ7JJ2U0yLUanc0dDVxbc.5UPkRG","sessionId":"","ipAddress":"197.157.0.49","createdBy":"1","ts":"2017-07-05 00:00:00","active":"1"},{"id":"6","firstName":"Edwin","surname":"Kakeeto","email":"edwin@edwin.com","phone":"0777777557","userName":"edwin","branchId":"7","userTypeId":"3","password":"$2y$10$wTpUE\/WJFMfQaBglrQocTO9ndV6dbxL2vzFDEJZ1hpVVp4binpXGO","sessionId":"KRX8Yh2iqId0EWTdOh43HSfBIE4fr5lp","ipAddress":"41.243.17.77","createdBy":"3","ts":"2017-07-10 07:37:50","active":"1"},{"id":"7","firstName":"Trish","surname":"Baby","email":"patricia@gmail.com","phone":"0777777557","userName":"trish","branchId":"13","userTypeId":"3","password":"$2y$10$m72Zz8Z.h4\/Zp6TFDhmbXeQ79kZ7JJ2U0yLUanc0dDVxbc.5UPkRG","sessionId":"k10XSropsYs2ikmovFMksbhRyqwut0dT","ipAddress":"160.242.137.6","createdBy":null,"ts":null,"active":"1"},{"id":"8","firstName":"cedric","surname":"cedric","email":"cedric@gmail.com","phone":"+256754813912","userName":"cedric","branchId":"7","userTypeId":"3","password":"$2y$10$m72Zz8Z.h4\/Zp6TFDhmbXeQ79kZ7JJ2U0yLUanc0dDVxbc.5UPkRG","sessionId":"","ipAddress":"160.242.141.153","createdBy":null,"ts":null,"active":"1"}],"accounts":[{"id":"16","name":"KINSHASHA-USD Account","branchId":"5","currency_id":"2"},{"id":"20","name":"OASIS MALL-RMB Account","branchId":"6","currency_id":"1"},{"id":"21","name":"OASIS MALL-USD Account","branchId":"6","currency_id":"2"},{"id":"22","name":"OASIS MALL-DIRHAM Account","branchId":"6","currency_id":"3"},{"id":"23","name":"OASIS MALL-UGX Account","branchId":"6","currency_id":"4"},{"id":"24","name":"OASIS MALL-KSH Account","branchId":"6","currency_id":"5"},{"id":"27","name":"CHINA-RMB Account","branchId":"11","currency_id":"1"},{"id":"28","name":"CHINA-USD Account","branchId":"11","currency_id":"2"},{"id":"33","name":"NAIROBI-USD Account","branchId":"12","currency_id":"2"},{"id":"36","name":"NAIROBI-KSH Account","branchId":"12","currency_id":"5"},{"id":"37","name":"GOMA-USD ACCOUNT","branchId":"7","currency_id":"2"},{"id":"38","name":"KAMPALA ROAD -USD ACCOUNT","branchId":"13","currency_id":"2"},{"id":"39","name":"KAMPALA ROAD- UGX ACCOUNT ","branchId":"13","currency_id":"4"}],"currencies":[{"id":"1","name":"RMB","symbol":"\u00c2\u00a5","createdBy":"1","ts":"2017-06-27 22:45:12","active":"1"},{"id":"2","name":"USD","symbol":"$","createdBy":"1","ts":"2017-06-27 22:45:12","active":"1"},{"id":"3","name":"DIRHAM","symbol":"","createdBy":"1","ts":"2017-06-28 11:40:09","active":"1"},{"id":"4","name":"UGX","symbol":"\/=","createdBy":"1","ts":"2017-06-28 11:46:50","active":"1"},{"id":"5","name":"KSH","symbol":"","createdBy":"1","ts":"2017-06-28 11:46:50","active":"1"}],"superaccount":[{"id":"1","name":"RMB Account","branchId":"0","type_id":"4","currency_id":"1","balance":"0","createdBy":"1","active":"1","ts":"2017-06-27 22:45:12"}],"accountTypes":[{"id":"1","type":"Transfer","description":"","createdBy":"1","ts":"2017-06-28 14:31:12","active":"1"},{"id":"2","type":"Suspense","description":"","createdBy":"1","ts":"2017-06-28 14:31:12","active":"1"},{"id":"4","type":"Super","description":"","createdBy":"1","ts":"2017-06-28 14:31:12","active":"1"}],"userTypes":[{"id":"1","name":"E-Value Admin","level":"1","ts":"2017-06-27 22:45:12","active":"1"},{"id":"2","name":"Super User","level":"2","ts":"2017-06-27 22:45:12","active":"1"},{"id":"3","name":"Agent","level":"3","ts":"2017-06-27 22:45:12","active":"1"},{"id":"4","name":"System Admin","level":"4","ts":"2017-06-27 22:45:12","active":"1"},{"id":"5","name":"superAgent","level":"3","ts":"2017-06-27 22:45:12","active":"1"}]},"success":1}
2017-07-28 15:09:18 ---- New Request ----
2017-07-28 15:09:18 Controller : Transfers
2017-07-28 15:09:18 Method : createtransferAction
2017-07-28 15:09:18 Controller File : controllers/Transfers.class.php, Exists
2017-07-28 15:09:18 Class constructed
2017-07-28 15:09:18 Class constructed
2017-07-28 15:09:18 Transfer Creation Params ;Amount :2000000\currencyid : 2
Country : 4
Charge : 0
sfname : 
ssurname : Henry
Account Number : 
semail : 
sphone : 0777777557
sidtype : 0
sid : 0
rfname : Joe
rsurname : Bravia
remail : 
rphone : 078945747
Receiver Branch : 0
passcode : ******
password : ******
userid : 3
sessionid : ED7TMaeb3an6oVHi23t5s5Mco8F3rAiv
Exchange Rate : 3600
AmountAfterXchange : 555.5555555555555
Charge Currency : 22017-07-28 15:09:18 SELECT SQL : SELECT * FROM settings WHERE  name = 'SuspenseAccount'  
2017-07-28 15:09:18 SELECT SQL : SELECT * FROM users WHERE  id = '3'  
2017-07-28 15:09:18 INSERT SQL : INSERT INTO transfers  (ts,userIdSource,amount,currency,destinationCountryId,toBranch,senderFname,senderSurname,senderEmail,senderPhone,senderIdType,senderId,receiverFname,receiverSurname,receiverEmail,receiverPhone,fromBranch,passcode,status,sourceIpAddress)  VALUES(NOW(),'3','2000000','2','4','0','','Henry','','0777777557','0','0','Joe','Bravia','','078945747','6','$2y$10$sZVrc3mVj/96UUwkdVqEJeFkiOhhsi9F352zZnuG3cpO8bPOxNynS','Pending','41.210.143.182')
2017-07-28 15:09:18 SELECT SQL : SELECT id,transferRef FROM transfers WHERE  id = '88'  
2017-07-28 15:09:18 INSERT SQL : INSERT INTO audit_trails  (ts,userId,tableName,recordId,field,oldValue,newValue)  VALUES(NOW(),'3','transfers','88','transferRef','','00604388')
2017-07-28 15:09:18 audit_trails Insert ID : 559
2017-07-28 15:09:18 UPDATE SQL : UPDATE transfers SET transferRef = '00604388' WHERE  id = '88' 
2017-07-28 15:09:18 SELECT SQL : SELECT id FROM accounts WHERE  branchId = '6' AND currency_id = '4'  
2017-07-28 15:09:18 INSERT SQL : INSERT INTO account_transfers  (ts,amountAfterXchange,amountB4Xchange,currencyB4Xchange,currencyAfterXchange,exchangeRate,type,amount,charge,fromId,toId,transferRef,userId)  VALUES(NOW(),'555.5555555555555','2000000','4','2','3600','transfer','2000000','0','25','23','00604388','3')
2017-07-28 15:09:18 Balance Update Params :
Branch Id : 6
Account ID : 23
Amount : 2000000
2017-07-28 15:09:18 SELECT SQL : SELECT * FROM balances WHERE  branchId = '6' AND accountId = '23'  
2017-07-28 15:09:18 SELECT SQL : SELECT * FROM balances WHERE  branchId = '6' AND accountId = '23' AND date = '2017-07-28'  
2017-07-28 15:09:18 UPDATE SQL : UPDATE balances SET closingBalance = '-110384482' WHERE  branchId = '6' AND accountId = '23' AND date = '2017-07-28' 
2017-07-28 15:09:18 Balance Update Status 2:1
 2017-07-28 15:09:18 Balance Update Params :
Branch Id : 0
Account ID : 25
Amount : -2000000
2017-07-28 15:09:18 SELECT SQL : SELECT * FROM balances WHERE  branchId = '0' AND accountId = '25'  
2017-07-28 15:09:18 SELECT SQL : SELECT * FROM balances WHERE  branchId = '0' AND accountId = '25' AND date = '2017-07-28'  
2017-07-28 15:09:18 SELECT SQL : SELECT closingBalance FROM balances WHERE  branchId = '0' AND accountId = '25'  ORDER BY date DESC LIMIT 1
2017-07-28 15:09:18 INSERT SQL : INSERT INTO balances  (ts,branchId,accountId,openingBalance,closingBalance,date)  VALUES(NOW(),'0','25','-3998043','-3998043','2017-07-28')
2017-07-28 15:09:18 Balance Create Insert ID Today 2:95
 2017-07-28 15:09:18 SELECT SQL : SELECT id FROM accounts WHERE  branchId = '6' AND currency_id = '2'  
2017-07-28 15:09:18 Balance Update Params :
Branch Id : 6
Account ID : 21
Amount : 0
2017-07-28 15:09:18 SELECT SQL : SELECT * FROM balances WHERE  branchId = '6' AND accountId = '21'  
2017-07-28 15:09:18 SELECT SQL : SELECT * FROM balances WHERE  branchId = '6' AND accountId = '21' AND date = '2017-07-28'  
2017-07-28 15:09:18 UPDATE SQL : UPDATE balances SET closingBalance = '-88986.84511788' WHERE  branchId = '6' AND accountId = '21' AND date = '2017-07-28' 
2017-07-28 15:09:18 Balance Update Status 2:1
 2017-07-28 15:09:18 SELECT SQL : SELECT * FROM transfers WHERE  fromBranch = '6'  OR toBranch = '6'  OR destinationCountryId = '4'  
2017-07-28 15:09:18 Response : {"success":1,"data":"00604388"}
2017-07-28 15:12:58 ---- New Request ----
2017-07-28 15:12:58 Controller : Users
2017-07-28 15:12:58 Method : logoutAction
2017-07-28 15:12:58 Controller File : controllers/Users.class.php, Exists
2017-07-28 15:12:58 Class constructed
2017-07-28 15:12:58 Logout Params ;Session ID :ED7TMaeb3an6oVHi23t5s5Mco8F3rAiv\User ID : 3
2017-07-28 15:12:58 UPDATE SQL : UPDATE users SET sessionId = '',ipAddress = '41.210.143.182' WHERE  id = '3' 
2017-07-28 15:12:58 Response : {"success":1}
2017-07-28 15:12:59 ---- New Request ----
2017-07-28 15:12:59 Controller : Users
2017-07-28 15:12:59 Method : logoutAction
2017-07-28 15:12:59 Controller File : controllers/Users.class.php, Exists
2017-07-28 15:12:59 Class constructed
2017-07-28 15:12:59 Logout Params ;Session ID :ED7TMaeb3an6oVHi23t5s5Mco8F3rAiv\User ID : 3
2017-07-28 15:12:59 UPDATE SQL : UPDATE users SET sessionId = '',ipAddress = '41.210.143.182' WHERE  id = '3' 
2017-07-28 15:12:59 Response : {"success":1}
2017-07-28 15:13:10 ---- New Request ----
2017-07-28 15:13:10 Controller : Users
2017-07-28 15:13:10 Method : loginAction
2017-07-28 15:13:10 Controller File : controllers/Users.class.php, Exists
2017-07-28 15:13:10 Class constructed
2017-07-28 15:13:10 Login Params ;Username :lydia
Password : ******
2017-07-28 15:13:10 SELECT SQL : SELECT id,firstName,surname,userName,userTypeId,sessionId,password,active,branchId FROM users WHERE  userName = 'lydia'  
2017-07-28 15:13:10 SELECT SQL : SELECT name FROM branches WHERE  id = '6'  
2017-07-28 15:13:10 UPDATE SQL : UPDATE users SET sessionId = 'Q6fgWa2at2woMoy8Y3ZJuhYzZMWBaUEd',ipAddress = '41.210.143.182' WHERE  id = '3' 
2017-07-28 15:13:10 Response : {"success":1,"data":{"id":"3","firstName":"Lydia","surname":"Amoi","userName":"lydia","userTypeId":"2","sessionId":"Q6fgWa2at2woMoy8Y3ZJuhYzZMWBaUEd","branchId":"6","branchName":"OASIS MALL"}}
2017-07-28 15:13:12 ---- New Request ----
2017-07-28 15:13:12 Controller : Users
2017-07-28 15:13:12 Method : formsdetailsAction
2017-07-28 15:13:12 Controller File : controllers/Users.class.php, Exists
2017-07-28 15:13:12 Class constructed
2017-07-28 15:13:12 Details Params :
SessionID :Q6fgWa2at2woMoy8Y3ZJuhYzZMWBaUEd
User ID : 3
2017-07-28 15:13:12 SELECT SQL : SELECT * FROM branches WHERE  active = '1'  
2017-07-28 15:13:12 SELECT SQL : SELECT * FROM countries WHERE  active = '1'  
2017-07-28 15:13:12 SELECT SQL : SELECT * FROM identification WHERE  active = '1'  
2017-07-28 15:13:12 SELECT SQL : SELECT * FROM users WHERE  active = '1'  
2017-07-28 15:13:12 SELECT SQL : SELECT id,name,branchId,currency_id FROM accounts WHERE  active = '1' AND type_id = '1'  
2017-07-28 15:13:12 Balance Update Params :
Branch Id : 5
Account ID : 16
Amount : 0
2017-07-28 15:13:12 SELECT SQL : SELECT * FROM balances WHERE  branchId = '5' AND accountId = '16'  
2017-07-28 15:13:12 SELECT SQL : SELECT * FROM balances WHERE  branchId = '5' AND accountId = '16' AND date = '2017-07-28'  
2017-07-28 15:13:12 UPDATE SQL : UPDATE balances SET closingBalance = '315496' WHERE  branchId = '5' AND accountId = '16' AND date = '2017-07-28' 
2017-07-28 15:13:12 Balance Update Status 2:1
 2017-07-28 15:13:12 Balance Update Params :
Branch Id : 6
Account ID : 20
Amount : 0
2017-07-28 15:13:12 SELECT SQL : SELECT * FROM balances WHERE  branchId = '6' AND accountId = '20'  
2017-07-28 15:13:12 Balance Update Params :
Branch Id : 6
Account ID : 21
Amount : 0
2017-07-28 15:13:12 SELECT SQL : SELECT * FROM balances WHERE  branchId = '6' AND accountId = '21'  
2017-07-28 15:13:12 SELECT SQL : SELECT * FROM balances WHERE  branchId = '6' AND accountId = '21' AND date = '2017-07-28'  
2017-07-28 15:13:12 UPDATE SQL : UPDATE balances SET closingBalance = '-88986.84511788' WHERE  branchId = '6' AND accountId = '21' AND date = '2017-07-28' 
2017-07-28 15:13:12 Balance Update Status 2:1
 2017-07-28 15:13:12 Balance Update Params :
Branch Id : 6
Account ID : 22
Amount : 0
2017-07-28 15:13:12 SELECT SQL : SELECT * FROM balances WHERE  branchId = '6' AND accountId = '22'  
2017-07-28 15:13:12 Balance Update Params :
Branch Id : 6
Account ID : 23
Amount : 0
2017-07-28 15:13:12 SELECT SQL : SELECT * FROM balances WHERE  branchId = '6' AND accountId = '23'  
2017-07-28 15:13:12 SELECT SQL : SELECT * FROM balances WHERE  branchId = '6' AND accountId = '23' AND date = '2017-07-28'  
2017-07-28 15:13:12 UPDATE SQL : UPDATE balances SET closingBalance = '-110384482' WHERE  branchId = '6' AND accountId = '23' AND date = '2017-07-28' 
2017-07-28 15:13:12 Balance Update Status 2:1
 2017-07-28 15:13:12 Balance Update Params :
Branch Id : 6
Account ID : 24
Amount : 0
2017-07-28 15:13:12 SELECT SQL : SELECT * FROM balances WHERE  branchId = '6' AND accountId = '24'  
2017-07-28 15:13:12 Balance Update Params :
Branch Id : 11
Account ID : 27
Amount : 0
2017-07-28 15:13:12 SELECT SQL : SELECT * FROM balances WHERE  branchId = '11' AND accountId = '27'  
2017-07-28 15:13:12 SELECT SQL : SELECT * FROM balances WHERE  branchId = '11' AND accountId = '27' AND date = '2017-07-28'  
2017-07-28 15:13:12 UPDATE SQL : UPDATE balances SET closingBalance = '5215151.6461271' WHERE  branchId = '11' AND accountId = '27' AND date = '2017-07-28' 
2017-07-28 15:13:12 Balance Update Status 2:1
 2017-07-28 15:13:12 Balance Update Params :
Branch Id : 11
Account ID : 28
Amount : 0
2017-07-28 15:13:12 SELECT SQL : SELECT * FROM balances WHERE  branchId = '11' AND accountId = '28'  
2017-07-28 15:13:12 Balance Update Params :
Branch Id : 12
Account ID : 33
Amount : 0
2017-07-28 15:13:12 SELECT SQL : SELECT * FROM balances WHERE  branchId = '12' AND accountId = '33'  
2017-07-28 15:13:12 SELECT SQL : SELECT * FROM balances WHERE  branchId = '12' AND accountId = '33' AND date = '2017-07-28'  
2017-07-28 15:13:12 UPDATE SQL : UPDATE balances SET closingBalance = '26782' WHERE  branchId = '12' AND accountId = '33' AND date = '2017-07-28' 
2017-07-28 15:13:12 Balance Update Status 2:1
 2017-07-28 15:13:12 Balance Update Params :
Branch Id : 12
Account ID : 36
Amount : 0
2017-07-28 15:13:12 SELECT SQL : SELECT * FROM balances WHERE  branchId = '12' AND accountId = '36'  
2017-07-28 15:13:12 SELECT SQL : SELECT * FROM balances WHERE  branchId = '12' AND accountId = '36' AND date = '2017-07-28'  
2017-07-28 15:13:12 UPDATE SQL : UPDATE balances SET closingBalance = '6617' WHERE  branchId = '12' AND accountId = '36' AND date = '2017-07-28' 
2017-07-28 15:13:12 Balance Update Status 2:1
 2017-07-28 15:13:12 Balance Update Params :
Branch Id : 7
Account ID : 37
Amount : 0
2017-07-28 15:13:12 SELECT SQL : SELECT * FROM balances WHERE  branchId = '7' AND accountId = '37'  
2017-07-28 15:13:12 SELECT SQL : SELECT * FROM balances WHERE  branchId = '7' AND accountId = '37' AND date = '2017-07-28'  
2017-07-28 15:13:12 UPDATE SQL : UPDATE balances SET closingBalance = '47450' WHERE  branchId = '7' AND accountId = '37' AND date = '2017-07-28' 
2017-07-28 15:13:12 Balance Update Status 2:1
 2017-07-28 15:13:12 Balance Update Params :
Branch Id : 13
Account ID : 38
Amount : 0
2017-07-28 15:13:12 SELECT SQL : SELECT * FROM balances WHERE  branchId = '13' AND accountId = '38'  
2017-07-28 15:13:12 SELECT SQL : SELECT * FROM balances WHERE  branchId = '13' AND accountId = '38' AND date = '2017-07-28'  
2017-07-28 15:13:12 UPDATE SQL : UPDATE balances SET closingBalance = '2700' WHERE  branchId = '13' AND accountId = '38' AND date = '2017-07-28' 
2017-07-28 15:13:12 Balance Update Status 2:1
 2017-07-28 15:13:12 Balance Update Params :
Branch Id : 13
Account ID : 39
Amount : 0
2017-07-28 15:13:12 SELECT SQL : SELECT * FROM balances WHERE  branchId = '13' AND accountId = '39'  
2017-07-28 15:13:12 SELECT SQL : SELECT * FROM currencies WHERE  active = '1'  
2017-07-28 15:13:12 SELECT SQL : SELECT * FROM accounts WHERE  active = '1' AND type_id = '4'  
2017-07-28 15:13:12 SELECT SQL : SELECT * FROM account_types WHERE  active = '1'  
2017-07-28 15:13:12 SELECT SQL : SELECT * FROM user_types WHERE  active = '1'  
2017-07-28 15:13:12 Response : {"data":{"branches":[{"id":"5","name":"KINSHASHA","countryId":"4","location":"Patrice Avenue","supervisorId":"3","createdBy":"4","ts":"2017-06-30 00:06:55","active":"1"},{"id":"6","name":"OASIS MALL","countryId":"1","location":"Yusufu Lule Rd","supervisorId":"3","createdBy":"2","ts":"2017-06-30 00:12:08","active":"1"},{"id":"7","name":"GOMA","countryId":"4","location":"Goma","supervisorId":"3","createdBy":"1","ts":"2017-07-05 00:00:00","active":"1"},{"id":"9","name":"MOMBASA","countryId":"2","location":"Mombasa","supervisorId":"3","createdBy":"1","ts":"2017-07-05 00:00:00","active":"1"},{"id":"10","name":"DUBAI","countryId":"6","location":"Dubai","supervisorId":"3","createdBy":"1","ts":"2017-07-05 00:00:00","active":"1"},{"id":"11","name":"CHINA","countryId":"5","location":"China","supervisorId":"3","createdBy":"3","ts":"2017-07-05 13:23:17","active":"1"},{"id":"12","name":"NAIROBI","countryId":"2","location":"Nairobi","supervisorId":"3","createdBy":"3","ts":"2017-07-06 14:12:35","active":"1"},{"id":"13","name":"KAMPALA ROAD","countryId":"1","location":"kampala road","supervisorId":"3","createdBy":"3","ts":"2017-07-06 14:12:35","active":"1"}],"countries":[{"id":"1","name":"UGANDA","createdBy":"1","ts":"2017-06-25 23:13:31","active":"1"},{"id":"2","name":"KENYA","createdBy":"1","ts":"2017-06-26 09:02:45","active":"1"},{"id":"3","name":"TZ","createdBy":"1","ts":"2017-06-28 11:11:53","active":"1"},{"id":"4","name":"CONGO","createdBy":"1","ts":"2017-06-28 11:26:11","active":"1"},{"id":"5","name":"CHINA","createdBy":"1","ts":"2017-06-28 11:30:01","active":"1"},{"id":"6","name":"UAE","createdBy":"1","ts":"2017-07-05 00:00:00","active":"1"}],"ids":[[{"id":"1","name":"Passport","createdBy":"1","ts":"2017-06-28 14:00:01","active":"1"},{"id":"2","name":"National ID","createdBy":"1","ts":"2017-06-28 14:00:01","active":"1"},{"id":"3","name":"STUDENTS ID","createdBy":"1","ts":"2017-06-28 16:21:46","active":"1"}]],"users":[{"id":"1","firstName":"You","surname":"Jinshu","email":"hudsonbogere@swipeit.co.ug","phone":"256783131266","userName":"you","branchId":"0","userTypeId":"1","password":"$2y$10$pPGbhJ1RXx\/ug.ED3LnsQuKHJTqwYsa\/iF0OqGOgsjflkHKIDTLVq","sessionId":"CFnzjXc5wtIKgfgKgL2DASU3uZYEM42v","ipAddress":"160.242.139.228","createdBy":null,"ts":"2017-06-23 15:08:12","active":"1"},{"id":"2","firstName":"Nansubuga","surname":"Dorothy","email":"henry@gmail.com","phone":"256752284441","userName":"dorah","branchId":"12","userTypeId":"3","password":"$2y$10$F9t92sYKf2rDJ.JzCmrrT.Jt1Ix37Fuo.uZKpXPn69dgDUTZ8xLXi","sessionId":"yspJOanvuxjNShz34rieihG2oKCJUOdp","ipAddress":"154.76.149.96","createdBy":"1","ts":"2017-06-26 19:11:07","active":"1"},{"id":"3","firstName":"Lydia","surname":"Amoi","email":"islam@gmail.com","phone":"256777608310","userName":"lydia","branchId":"6","userTypeId":"2","password":"$2y$10$m72Zz8Z.h4\/Zp6TFDhmbXeQ79kZ7JJ2U0yLUanc0dDVxbc.5UPkRG","sessionId":"Q6fgWa2at2woMoy8Y3ZJuhYzZMWBaUEd","ipAddress":"41.210.143.182","createdBy":"1","ts":"2017-06-26 19:41:01","active":"1"},{"id":"4","firstName":"Nabukera","surname":"Maria","email":"banerd@tfb.com","phone":"256774457813","userName":"maria","branchId":"5","userTypeId":"5","password":"$2y$10$wTpUE\/WJFMfQaBglrQocTO9ndV6dbxL2vzFDEJZ1hpVVp4binpXGO","sessionId":"tAtmUN33mOodjeA8jFfyor0a3nj4RVf1","ipAddress":"160.242.139.78","createdBy":"1","ts":"2017-06-26 23:04:07","active":"1"},{"id":"5","firstName":"Henry","surname":"Bbosa","email":null,"phone":null,"userName":"henry","branchId":"11","userTypeId":"3","password":"$2y$10$m72Zz8Z.h4\/Zp6TFDhmbXeQ79kZ7JJ2U0yLUanc0dDVxbc.5UPkRG","sessionId":"","ipAddress":"197.157.0.49","createdBy":"1","ts":"2017-07-05 00:00:00","active":"1"},{"id":"6","firstName":"Edwin","surname":"Kakeeto","email":"edwin@edwin.com","phone":"0777777557","userName":"edwin","branchId":"7","userTypeId":"3","password":"$2y$10$wTpUE\/WJFMfQaBglrQocTO9ndV6dbxL2vzFDEJZ1hpVVp4binpXGO","sessionId":"KRX8Yh2iqId0EWTdOh43HSfBIE4fr5lp","ipAddress":"41.243.17.77","createdBy":"3","ts":"2017-07-10 07:37:50","active":"1"},{"id":"7","firstName":"Trish","surname":"Baby","email":"patricia@gmail.com","phone":"0777777557","userName":"trish","branchId":"13","userTypeId":"3","password":"$2y$10$m72Zz8Z.h4\/Zp6TFDhmbXeQ79kZ7JJ2U0yLUanc0dDVxbc.5UPkRG","sessionId":"k10XSropsYs2ikmovFMksbhRyqwut0dT","ipAddress":"160.242.137.6","createdBy":null,"ts":null,"active":"1"},{"id":"8","firstName":"cedric","surname":"cedric","email":"cedric@gmail.com","phone":"+256754813912","userName":"cedric","branchId":"7","userTypeId":"3","password":"$2y$10$m72Zz8Z.h4\/Zp6TFDhmbXeQ79kZ7JJ2U0yLUanc0dDVxbc.5UPkRG","sessionId":"","ipAddress":"160.242.141.153","createdBy":null,"ts":null,"active":"1"}],"accounts":[{"id":"16","name":"KINSHASHA-USD Account","branchId":"5","currency_id":"2"},{"id":"20","name":"OASIS MALL-RMB Account","branchId":"6","currency_id":"1"},{"id":"21","name":"OASIS MALL-USD Account","branchId":"6","currency_id":"2"},{"id":"22","name":"OASIS MALL-DIRHAM Account","branchId":"6","currency_id":"3"},{"id":"23","name":"OASIS MALL-UGX Account","branchId":"6","currency_id":"4"},{"id":"24","name":"OASIS MALL-KSH Account","branchId":"6","currency_id":"5"},{"id":"27","name":"CHINA-RMB Account","branchId":"11","currency_id":"1"},{"id":"28","name":"CHINA-USD Account","branchId":"11","currency_id":"2"},{"id":"33","name":"NAIROBI-USD Account","branchId":"12","currency_id":"2"},{"id":"36","name":"NAIROBI-KSH Account","branchId":"12","currency_id":"5"},{"id":"37","name":"GOMA-USD ACCOUNT","branchId":"7","currency_id":"2"},{"id":"38","name":"KAMPALA ROAD -USD ACCOUNT","branchId":"13","currency_id":"2"},{"id":"39","name":"KAMPALA ROAD- UGX ACCOUNT ","branchId":"13","currency_id":"4"}],"currencies":[{"id":"1","name":"RMB","symbol":"\u00c2\u00a5","createdBy":"1","ts":"2017-06-27 22:45:12","active":"1"},{"id":"2","name":"USD","symbol":"$","createdBy":"1","ts":"2017-06-27 22:45:12","active":"1"},{"id":"3","name":"DIRHAM","symbol":"","createdBy":"1","ts":"2017-06-28 11:40:09","active":"1"},{"id":"4","name":"UGX","symbol":"\/=","createdBy":"1","ts":"2017-06-28 11:46:50","active":"1"},{"id":"5","name":"KSH","symbol":"","createdBy":"1","ts":"2017-06-28 11:46:50","active":"1"}],"superaccount":[{"id":"1","name":"RMB Account","branchId":"0","type_id":"4","currency_id":"1","balance":"0","createdBy":"1","active":"1","ts":"2017-06-27 22:45:12"}],"accountTypes":[{"id":"1","type":"Transfer","description":"","createdBy":"1","ts":"2017-06-28 14:31:12","active":"1"},{"id":"2","type":"Suspense","description":"","createdBy":"1","ts":"2017-06-28 14:31:12","active":"1"},{"id":"4","type":"Super","description":"","createdBy":"1","ts":"2017-06-28 14:31:12","active":"1"}],"userTypes":[{"id":"1","name":"E-Value Admin","level":"1","ts":"2017-06-27 22:45:12","active":"1"},{"id":"2","name":"Super User","level":"2","ts":"2017-06-27 22:45:12","active":"1"},{"id":"3","name":"Agent","level":"3","ts":"2017-06-27 22:45:12","active":"1"},{"id":"4","name":"System Admin","level":"4","ts":"2017-06-27 22:45:12","active":"1"},{"id":"5","name":"superAgent","level":"3","ts":"2017-06-27 22:45:12","active":"1"}]},"success":1}
2017-07-28 15:14:23 ---- New Request ----
2017-07-28 15:14:23 Controller : Transfers
2017-07-28 15:14:23 Method : createtransferAction
2017-07-28 15:14:23 Controller File : controllers/Transfers.class.php, Exists
2017-07-28 15:14:23 Class constructed
2017-07-28 15:14:23 Class constructed
2017-07-28 15:14:23 Transfer Creation Params ;Amount :3000\currencyid : 2
Country : 4
Charge : 0
sfname : 
ssurname : H
Account Number : 
semail : 
sphone : 0790477
sidtype : 0
sid : 0
rfname : J
rsurname : B
remail : 
rphone : 0771889211
Receiver Branch : 0
passcode : ******
password : ******
userid : 3
sessionid : Q6fgWa2at2woMoy8Y3ZJuhYzZMWBaUEd
Exchange Rate : 3600
AmountAfterXchange : 0.8333333333333334
Charge Currency : 2017-07-28 15:14:23 SELECT SQL : SELECT * FROM settings WHERE  name = 'SuspenseAccount'  
2017-07-28 15:14:23 SELECT SQL : SELECT * FROM users WHERE  id = '3'  
2017-07-28 15:14:23 INSERT SQL : INSERT INTO transfers  (ts,userIdSource,amount,currency,destinationCountryId,toBranch,senderFname,senderSurname,senderEmail,senderPhone,senderIdType,senderId,receiverFname,receiverSurname,receiverEmail,receiverPhone,fromBranch,passcode,status,sourceIpAddress)  VALUES(NOW(),'3','3000','2','4','0','','H','','0790477','0','0','J','B','','0771889211','6','$2y$10$DmslsZDp2u9KCHY/UA0Pau/pCVOC2KnSAPxt63NH5P3LTvGSvm6/q','Pending','41.210.143.182')
2017-07-28 15:14:23 SELECT SQL : SELECT id,transferRef FROM transfers WHERE  id = '89'  
2017-07-28 15:14:23 INSERT SQL : INSERT INTO audit_trails  (ts,userId,tableName,recordId,field,oldValue,newValue)  VALUES(NOW(),'3','transfers','89','transferRef','','00604389')
2017-07-28 15:14:23 audit_trails Insert ID : 560
2017-07-28 15:14:23 UPDATE SQL : UPDATE transfers SET transferRef = '00604389' WHERE  id = '89' 
2017-07-28 15:14:23 SELECT SQL : SELECT id FROM accounts WHERE  branchId = '6' AND currency_id = '4'  
2017-07-28 15:14:23 INSERT SQL : INSERT INTO account_transfers  (ts,amountAfterXchange,amountB4Xchange,currencyB4Xchange,currencyAfterXchange,exchangeRate,type,amount,charge,fromId,toId,transferRef,userId)  VALUES(NOW(),'0.8333333333333334','3000','4','2','3600','transfer','3000','0','25','23','00604389','3')
2017-07-28 15:14:23 Balance Update Params :
Branch Id : 6
Account ID : 23
Amount : 3000
2017-07-28 15:14:23 SELECT SQL : SELECT * FROM balances WHERE  branchId = '6' AND accountId = '23'  
2017-07-28 15:14:23 SELECT SQL : SELECT * FROM balances WHERE  branchId = '6' AND accountId = '23' AND date = '2017-07-28'  
2017-07-28 15:14:23 UPDATE SQL : UPDATE balances SET closingBalance = '-110381482' WHERE  branchId = '6' AND accountId = '23' AND date = '2017-07-28' 
2017-07-28 15:14:23 Balance Update Status 2:1
 2017-07-28 15:14:23 Balance Update Params :
Branch Id : 0
Account ID : 25
Amount : -3000
2017-07-28 15:14:23 SELECT SQL : SELECT * FROM balances WHERE  branchId = '0' AND accountId = '25'  
2017-07-28 15:14:23 SELECT SQL : SELECT * FROM balances WHERE  branchId = '0' AND accountId = '25' AND date = '2017-07-28'  
2017-07-28 15:14:23 UPDATE SQL : UPDATE balances SET closingBalance = '-4001043' WHERE  branchId = '0' AND accountId = '25' AND date = '2017-07-28' 
2017-07-28 15:14:23 Balance Update Status 2:1
 2017-07-28 15:14:23 SELECT SQL : SELECT id FROM accounts WHERE  branchId = '6' AND currency_id = ''  
2017-07-28 15:14:23 Balance Update Params :
Branch Id : 6
Account ID : 0
Amount : 0
2017-07-28 15:14:23 SELECT SQL : SELECT * FROM balances WHERE  branchId = '6' AND accountId = '0'  
2017-07-28 15:14:23 SELECT SQL : SELECT * FROM transfers WHERE  fromBranch = '6'  OR toBranch = '6'  OR destinationCountryId = '4'  
2017-07-28 15:14:23 Response : {"success":1,"data":"00604389"}
2017-07-28 15:15:56 ---- New Request ----
2017-07-28 15:15:56 Controller : Users
2017-07-28 15:15:56 Method : logoutAction
2017-07-28 15:15:56 Controller File : controllers/Users.class.php, Exists
2017-07-28 15:15:56 Class constructed
2017-07-28 15:15:56 Logout Params ;Session ID :Q6fgWa2at2woMoy8Y3ZJuhYzZMWBaUEd\User ID : 3
2017-07-28 15:15:56 UPDATE SQL : UPDATE users SET sessionId = '',ipAddress = '41.210.143.182' WHERE  id = '3' 
2017-07-28 15:15:56 Response : {"success":1}
2017-07-28 15:16:09 ---- New Request ----
2017-07-28 15:16:09 Controller : Users
2017-07-28 15:16:09 Method : loginAction
2017-07-28 15:16:09 Controller File : controllers/Users.class.php, Exists
2017-07-28 15:16:09 Class constructed
2017-07-28 15:16:09 Login Params ;Username :henry
Password : ******
2017-07-28 15:16:09 SELECT SQL : SELECT id,firstName,surname,userName,userTypeId,sessionId,password,active,branchId FROM users WHERE  userName = 'henry'  
2017-07-28 15:16:09 SELECT SQL : SELECT name FROM branches WHERE  id = '11'  
2017-07-28 15:16:09 UPDATE SQL : UPDATE users SET sessionId = '7frT1iGE8TtyjTCa8WqdGLf8DIKlKdej',ipAddress = '41.210.143.182' WHERE  id = '5' 
2017-07-28 15:16:09 Response : {"success":1,"data":{"id":"5","firstName":"Henry","surname":"Bbosa","userName":"henry","userTypeId":"3","sessionId":"7frT1iGE8TtyjTCa8WqdGLf8DIKlKdej","branchId":"11","branchName":"CHINA"}}
2017-07-28 15:16:10 ---- New Request ----
2017-07-28 15:16:10 Controller : Users
2017-07-28 15:16:10 Method : formsdetailsAction
2017-07-28 15:16:10 Controller File : controllers/Users.class.php, Exists
2017-07-28 15:16:10 Class constructed
2017-07-28 15:16:10 Details Params :
SessionID :7frT1iGE8TtyjTCa8WqdGLf8DIKlKdej
User ID : 5
2017-07-28 15:16:10 SELECT SQL : SELECT * FROM branches WHERE  active = '1'  
2017-07-28 15:16:10 SELECT SQL : SELECT * FROM countries WHERE  active = '1'  
2017-07-28 15:16:10 SELECT SQL : SELECT * FROM identification WHERE  active = '1'  
2017-07-28 15:16:10 SELECT SQL : SELECT * FROM users WHERE  active = '1'  
2017-07-28 15:16:10 SELECT SQL : SELECT id,name,branchId,currency_id FROM accounts WHERE  active = '1' AND type_id = '1'  
2017-07-28 15:16:10 Balance Update Params :
Branch Id : 5
Account ID : 16
Amount : 0
2017-07-28 15:16:10 SELECT SQL : SELECT * FROM balances WHERE  branchId = '5' AND accountId = '16'  
2017-07-28 15:16:10 SELECT SQL : SELECT * FROM balances WHERE  branchId = '5' AND accountId = '16' AND date = '2017-07-28'  
2017-07-28 15:16:10 UPDATE SQL : UPDATE balances SET closingBalance = '315496' WHERE  branchId = '5' AND accountId = '16' AND date = '2017-07-28' 
2017-07-28 15:16:10 Balance Update Status 2:1
 2017-07-28 15:16:10 Balance Update Params :
Branch Id : 6
Account ID : 20
Amount : 0
2017-07-28 15:16:10 SELECT SQL : SELECT * FROM balances WHERE  branchId = '6' AND accountId = '20'  
2017-07-28 15:16:10 Balance Update Params :
Branch Id : 6
Account ID : 21
Amount : 0
2017-07-28 15:16:10 SELECT SQL : SELECT * FROM balances WHERE  branchId = '6' AND accountId = '21'  
2017-07-28 15:16:10 SELECT SQL : SELECT * FROM balances WHERE  branchId = '6' AND accountId = '21' AND date = '2017-07-28'  
2017-07-28 15:16:10 UPDATE SQL : UPDATE balances SET closingBalance = '-88986.84511788' WHERE  branchId = '6' AND accountId = '21' AND date = '2017-07-28' 
2017-07-28 15:16:10 Balance Update Status 2:1
 2017-07-28 15:16:10 Balance Update Params :
Branch Id : 6
Account ID : 22
Amount : 0
2017-07-28 15:16:10 SELECT SQL : SELECT * FROM balances WHERE  branchId = '6' AND accountId = '22'  
2017-07-28 15:16:10 Balance Update Params :
Branch Id : 6
Account ID : 23
Amount : 0
2017-07-28 15:16:10 SELECT SQL : SELECT * FROM balances WHERE  branchId = '6' AND accountId = '23'  
2017-07-28 15:16:10 SELECT SQL : SELECT * FROM balances WHERE  branchId = '6' AND accountId = '23' AND date = '2017-07-28'  
2017-07-28 15:16:10 UPDATE SQL : UPDATE balances SET closingBalance = '-110381482' WHERE  branchId = '6' AND accountId = '23' AND date = '2017-07-28' 
2017-07-28 15:16:10 Balance Update Status 2:1
 2017-07-28 15:16:10 Balance Update Params :
Branch Id : 6
Account ID : 24
Amount : 0
2017-07-28 15:16:10 SELECT SQL : SELECT * FROM balances WHERE  branchId = '6' AND accountId = '24'  
2017-07-28 15:16:10 Balance Update Params :
Branch Id : 11
Account ID : 27
Amount : 0
2017-07-28 15:16:10 SELECT SQL : SELECT * FROM balances WHERE  branchId = '11' AND accountId = '27'  
2017-07-28 15:16:10 SELECT SQL : SELECT * FROM balances WHERE  branchId = '11' AND accountId = '27' AND date = '2017-07-28'  
2017-07-28 15:16:10 UPDATE SQL : UPDATE balances SET closingBalance = '5215151.6461271' WHERE  branchId = '11' AND accountId = '27' AND date = '2017-07-28' 
2017-07-28 15:16:10 Balance Update Status 2:1
 2017-07-28 15:16:10 Balance Update Params :
Branch Id : 11
Account ID : 28
Amount : 0
2017-07-28 15:16:10 SELECT SQL : SELECT * FROM balances WHERE  branchId = '11' AND accountId = '28'  
2017-07-28 15:16:10 Balance Update Params :
Branch Id : 12
Account ID : 33
Amount : 0
2017-07-28 15:16:10 SELECT SQL : SELECT * FROM balances WHERE  branchId = '12' AND accountId = '33'  
2017-07-28 15:16:10 SELECT SQL : SELECT * FROM balances WHERE  branchId = '12' AND accountId = '33' AND date = '2017-07-28'  
2017-07-28 15:16:10 UPDATE SQL : UPDATE balances SET closingBalance = '26782' WHERE  branchId = '12' AND accountId = '33' AND date = '2017-07-28' 
2017-07-28 15:16:10 Balance Update Status 2:1
 2017-07-28 15:16:10 Balance Update Params :
Branch Id : 12
Account ID : 36
Amount : 0
2017-07-28 15:16:10 SELECT SQL : SELECT * FROM balances WHERE  branchId = '12' AND accountId = '36'  
2017-07-28 15:16:10 SELECT SQL : SELECT * FROM balances WHERE  branchId = '12' AND accountId = '36' AND date = '2017-07-28'  
2017-07-28 15:16:10 UPDATE SQL : UPDATE balances SET closingBalance = '6617' WHERE  branchId = '12' AND accountId = '36' AND date = '2017-07-28' 
2017-07-28 15:16:10 Balance Update Status 2:1
 2017-07-28 15:16:10 Balance Update Params :
Branch Id : 7
Account ID : 37
Amount : 0
2017-07-28 15:16:10 SELECT SQL : SELECT * FROM balances WHERE  branchId = '7' AND accountId = '37'  
2017-07-28 15:16:10 SELECT SQL : SELECT * FROM balances WHERE  branchId = '7' AND accountId = '37' AND date = '2017-07-28'  
2017-07-28 15:16:10 UPDATE SQL : UPDATE balances SET closingBalance = '47450' WHERE  branchId = '7' AND accountId = '37' AND date = '2017-07-28' 
2017-07-28 15:16:10 Balance Update Status 2:1
 2017-07-28 15:16:10 Balance Update Params :
Branch Id : 13
Account ID : 38
Amount : 0
2017-07-28 15:16:10 SELECT SQL : SELECT * FROM balances WHERE  branchId = '13' AND accountId = '38'  
2017-07-28 15:16:10 SELECT SQL : SELECT * FROM balances WHERE  branchId = '13' AND accountId = '38' AND date = '2017-07-28'  
2017-07-28 15:16:10 UPDATE SQL : UPDATE balances SET closingBalance = '2700' WHERE  branchId = '13' AND accountId = '38' AND date = '2017-07-28' 
2017-07-28 15:16:10 Balance Update Status 2:1
 2017-07-28 15:16:10 Balance Update Params :
Branch Id : 13
Account ID : 39
Amount : 0
2017-07-28 15:16:10 SELECT SQL : SELECT * FROM balances WHERE  branchId = '13' AND accountId = '39'  
2017-07-28 15:16:10 SELECT SQL : SELECT * FROM currencies WHERE  active = '1'  
2017-07-28 15:16:10 SELECT SQL : SELECT * FROM accounts WHERE  active = '1' AND type_id = '4'  
2017-07-28 15:16:10 SELECT SQL : SELECT * FROM account_types WHERE  active = '1'  
2017-07-28 15:16:10 SELECT SQL : SELECT * FROM user_types WHERE  active = '1'  
2017-07-28 15:16:10 Response : {"data":{"branches":[{"id":"5","name":"KINSHASHA","countryId":"4","location":"Patrice Avenue","supervisorId":"3","createdBy":"4","ts":"2017-06-30 00:06:55","active":"1"},{"id":"6","name":"OASIS MALL","countryId":"1","location":"Yusufu Lule Rd","supervisorId":"3","createdBy":"2","ts":"2017-06-30 00:12:08","active":"1"},{"id":"7","name":"GOMA","countryId":"4","location":"Goma","supervisorId":"3","createdBy":"1","ts":"2017-07-05 00:00:00","active":"1"},{"id":"9","name":"MOMBASA","countryId":"2","location":"Mombasa","supervisorId":"3","createdBy":"1","ts":"2017-07-05 00:00:00","active":"1"},{"id":"10","name":"DUBAI","countryId":"6","location":"Dubai","supervisorId":"3","createdBy":"1","ts":"2017-07-05 00:00:00","active":"1"},{"id":"11","name":"CHINA","countryId":"5","location":"China","supervisorId":"3","createdBy":"3","ts":"2017-07-05 13:23:17","active":"1"},{"id":"12","name":"NAIROBI","countryId":"2","location":"Nairobi","supervisorId":"3","createdBy":"3","ts":"2017-07-06 14:12:35","active":"1"},{"id":"13","name":"KAMPALA ROAD","countryId":"1","location":"kampala road","supervisorId":"3","createdBy":"3","ts":"2017-07-06 14:12:35","active":"1"}],"countries":[{"id":"1","name":"UGANDA","createdBy":"1","ts":"2017-06-25 23:13:31","active":"1"},{"id":"2","name":"KENYA","createdBy":"1","ts":"2017-06-26 09:02:45","active":"1"},{"id":"3","name":"TZ","createdBy":"1","ts":"2017-06-28 11:11:53","active":"1"},{"id":"4","name":"CONGO","createdBy":"1","ts":"2017-06-28 11:26:11","active":"1"},{"id":"5","name":"CHINA","createdBy":"1","ts":"2017-06-28 11:30:01","active":"1"},{"id":"6","name":"UAE","createdBy":"1","ts":"2017-07-05 00:00:00","active":"1"}],"ids":[[{"id":"1","name":"Passport","createdBy":"1","ts":"2017-06-28 14:00:01","active":"1"},{"id":"2","name":"National ID","createdBy":"1","ts":"2017-06-28 14:00:01","active":"1"},{"id":"3","name":"STUDENTS ID","createdBy":"1","ts":"2017-06-28 16:21:46","active":"1"}]],"users":[{"id":"1","firstName":"You","surname":"Jinshu","email":"hudsonbogere@swipeit.co.ug","phone":"256783131266","userName":"you","branchId":"0","userTypeId":"1","password":"$2y$10$pPGbhJ1RXx\/ug.ED3LnsQuKHJTqwYsa\/iF0OqGOgsjflkHKIDTLVq","sessionId":"CFnzjXc5wtIKgfgKgL2DASU3uZYEM42v","ipAddress":"160.242.139.228","createdBy":null,"ts":"2017-06-23 15:08:12","active":"1"},{"id":"2","firstName":"Nansubuga","surname":"Dorothy","email":"henry@gmail.com","phone":"256752284441","userName":"dorah","branchId":"12","userTypeId":"3","password":"$2y$10$F9t92sYKf2rDJ.JzCmrrT.Jt1Ix37Fuo.uZKpXPn69dgDUTZ8xLXi","sessionId":"yspJOanvuxjNShz34rieihG2oKCJUOdp","ipAddress":"154.76.149.96","createdBy":"1","ts":"2017-06-26 19:11:07","active":"1"},{"id":"3","firstName":"Lydia","surname":"Amoi","email":"islam@gmail.com","phone":"256777608310","userName":"lydia","branchId":"6","userTypeId":"2","password":"$2y$10$m72Zz8Z.h4\/Zp6TFDhmbXeQ79kZ7JJ2U0yLUanc0dDVxbc.5UPkRG","sessionId":"","ipAddress":"41.210.143.182","createdBy":"1","ts":"2017-06-26 19:41:01","active":"1"},{"id":"4","firstName":"Nabukera","surname":"Maria","email":"banerd@tfb.com","phone":"256774457813","userName":"maria","branchId":"5","userTypeId":"5","password":"$2y$10$wTpUE\/WJFMfQaBglrQocTO9ndV6dbxL2vzFDEJZ1hpVVp4binpXGO","sessionId":"tAtmUN33mOodjeA8jFfyor0a3nj4RVf1","ipAddress":"160.242.139.78","createdBy":"1","ts":"2017-06-26 23:04:07","active":"1"},{"id":"5","firstName":"Henry","surname":"Bbosa","email":null,"phone":null,"userName":"henry","branchId":"11","userTypeId":"3","password":"$2y$10$m72Zz8Z.h4\/Zp6TFDhmbXeQ79kZ7JJ2U0yLUanc0dDVxbc.5UPkRG","sessionId":"7frT1iGE8TtyjTCa8WqdGLf8DIKlKdej","ipAddress":"41.210.143.182","createdBy":"1","ts":"2017-07-05 00:00:00","active":"1"},{"id":"6","firstName":"Edwin","surname":"Kakeeto","email":"edwin@edwin.com","phone":"0777777557","userName":"edwin","branchId":"7","userTypeId":"3","password":"$2y$10$wTpUE\/WJFMfQaBglrQocTO9ndV6dbxL2vzFDEJZ1hpVVp4binpXGO","sessionId":"KRX8Yh2iqId0EWTdOh43HSfBIE4fr5lp","ipAddress":"41.243.17.77","createdBy":"3","ts":"2017-07-10 07:37:50","active":"1"},{"id":"7","firstName":"Trish","surname":"Baby","email":"patricia@gmail.com","phone":"0777777557","userName":"trish","branchId":"13","userTypeId":"3","password":"$2y$10$m72Zz8Z.h4\/Zp6TFDhmbXeQ79kZ7JJ2U0yLUanc0dDVxbc.5UPkRG","sessionId":"k10XSropsYs2ikmovFMksbhRyqwut0dT","ipAddress":"160.242.137.6","createdBy":null,"ts":null,"active":"1"},{"id":"8","firstName":"cedric","surname":"cedric","email":"cedric@gmail.com","phone":"+256754813912","userName":"cedric","branchId":"7","userTypeId":"3","password":"$2y$10$m72Zz8Z.h4\/Zp6TFDhmbXeQ79kZ7JJ2U0yLUanc0dDVxbc.5UPkRG","sessionId":"","ipAddress":"160.242.141.153","createdBy":null,"ts":null,"active":"1"}],"accounts":[{"id":"16","name":"KINSHASHA-USD Account","branchId":"5","currency_id":"2"},{"id":"20","name":"OASIS MALL-RMB Account","branchId":"6","currency_id":"1"},{"id":"21","name":"OASIS MALL-USD Account","branchId":"6","currency_id":"2"},{"id":"22","name":"OASIS MALL-DIRHAM Account","branchId":"6","currency_id":"3"},{"id":"23","name":"OASIS MALL-UGX Account","branchId":"6","currency_id":"4"},{"id":"24","name":"OASIS MALL-KSH Account","branchId":"6","currency_id":"5"},{"id":"27","name":"CHINA-RMB Account","branchId":"11","currency_id":"1"},{"id":"28","name":"CHINA-USD Account","branchId":"11","currency_id":"2"},{"id":"33","name":"NAIROBI-USD Account","branchId":"12","currency_id":"2"},{"id":"36","name":"NAIROBI-KSH Account","branchId":"12","currency_id":"5"},{"id":"37","name":"GOMA-USD ACCOUNT","branchId":"7","currency_id":"2"},{"id":"38","name":"KAMPALA ROAD -USD ACCOUNT","branchId":"13","currency_id":"2"},{"id":"39","name":"KAMPALA ROAD- UGX ACCOUNT ","branchId":"13","currency_id":"4"}],"currencies":[{"id":"1","name":"RMB","symbol":"\u00c2\u00a5","createdBy":"1","ts":"2017-06-27 22:45:12","active":"1"},{"id":"2","name":"USD","symbol":"$","createdBy":"1","ts":"2017-06-27 22:45:12","active":"1"},{"id":"3","name":"DIRHAM","symbol":"","createdBy":"1","ts":"2017-06-28 11:40:09","active":"1"},{"id":"4","name":"UGX","symbol":"\/=","createdBy":"1","ts":"2017-06-28 11:46:50","active":"1"},{"id":"5","name":"KSH","symbol":"","createdBy":"1","ts":"2017-06-28 11:46:50","active":"1"}],"superaccount":[{"id":"1","name":"RMB Account","branchId":"0","type_id":"4","currency_id":"1","balance":"0","createdBy":"1","active":"1","ts":"2017-06-27 22:45:12"}],"accountTypes":[{"id":"1","type":"Transfer","description":"","createdBy":"1","ts":"2017-06-28 14:31:12","active":"1"},{"id":"2","type":"Suspense","description":"","createdBy":"1","ts":"2017-06-28 14:31:12","active":"1"},{"id":"4","type":"Super","description":"","createdBy":"1","ts":"2017-06-28 14:31:12","active":"1"}],"userTypes":[{"id":"1","name":"E-Value Admin","level":"1","ts":"2017-06-27 22:45:12","active":"1"},{"id":"2","name":"Super User","level":"2","ts":"2017-06-27 22:45:12","active":"1"},{"id":"3","name":"Agent","level":"3","ts":"2017-06-27 22:45:12","active":"1"},{"id":"4","name":"System Admin","level":"4","ts":"2017-06-27 22:45:12","active":"1"},{"id":"5","name":"superAgent","level":"3","ts":"2017-06-27 22:45:12","active":"1"}]},"success":1}
2017-07-28 15:16:28 ---- New Request ----
2017-07-28 15:16:28 Controller : Transfers
2017-07-28 15:16:28 Method : transfercashoutAction
2017-07-28 15:16:28 Controller File : controllers/Transfers.class.php, Exists
2017-07-28 15:16:28 Class constructed
2017-07-28 15:16:28 Class constructed
2017-07-28 15:16:28 Passcode : ******
Transaction Ref : 00604389
UserID : 5
Session ID : 7frT1iGE8TtyjTCa8WqdGLf8DIKlKdej
2017-07-28 15:16:28 SELECT SQL : SELECT sessionId FROM users WHERE  id = '5'  
2017-07-28 15:16:28 SELECT SQL : SELECT * FROM transfers WHERE  transferRef = '00604389'  
2017-07-28 15:16:28 SELECT SQL : SELECT name FROM countries WHERE  id = '4'  
2017-07-28 15:16:28 SELECT SQL : SELECT name FROM branches WHERE  id = '6'  
2017-07-28 15:16:28 SELECT SQL : SELECT name FROM currencies WHERE  id = '2'  
2017-07-28 15:16:28 Response : {"success":1,"data":{"id":"89","fromBranch":"6","toBranch":"0","amount":"3000","currency":"2","charge":null,"transferRef":"00604389","passcode":"$2y$10$DmslsZDp2u9KCHY\/UA0Pau\/pCVOC2KnSAPxt63NH5P3LTvGSvm6\/q","userIdSource":"3","userIdDestination":null,"ts":"2017-07-28 12:14:23","withdrawTs":null,"status":"Pending","senderFname":"","senderSurname":"H","senderPhone":"0790477","senderIdType":"0","senderId":"0","senderEmail":"","receiverFname":"J","receiverSurname":"B","receiverPhone":"0771889211","receiverIdType":null,"receiverId":null,"receiverEmail":"","receiverAccountNumber":null,"destinationCountryId":"4","sourceIpAddress":"41.210.143.182","destinationIpAddress":null,"active":"1","fromBranchName":"OASIS MALL","fromCountry":"CONGO","currencyName":"USD"}}
2017-07-28 15:17:02 ---- New Request ----
2017-07-28 15:17:02 Controller : Transfers
2017-07-28 15:17:02 Method : completetransfercashoutAction
2017-07-28 15:17:02 Controller File : controllers/Transfers.class.php, Exists
2017-07-28 15:17:02 Class constructed
2017-07-28 15:17:02 Class constructed
2017-07-28 15:17:02 Password : ******
Transaction Ref : 00604389
UserID : 5
Session ID : 7frT1iGE8TtyjTCa8WqdGLf8DIKlKdej
ID Number : 
ID Type : 
Charge : 
Charge Currency : 
2017-07-28 15:17:02 SELECT SQL : SELECT * FROM users WHERE  id = '5'  
2017-07-28 15:17:02 SELECT SQL : SELECT * FROM transfers WHERE  transferRef = '00604389' AND status = 'Pending'  
2017-07-28 15:17:02 SELECT SQL : SELECT id,destinationIpAddress FROM transfers WHERE  transferRef = '00604389'  
2017-07-28 15:17:02 INSERT SQL : INSERT INTO audit_trails  (ts,userId,tableName,recordId,field,oldValue,newValue)  VALUES(NOW(),'5','transfers','89','destinationIpAddress','','41.210.143.182')
2017-07-28 15:17:02 audit_trails Insert ID : 561
2017-07-28 15:17:02 SELECT SQL : SELECT id,receiverIdType FROM transfers WHERE  transferRef = '00604389'  
2017-07-28 15:17:02 INSERT SQL : INSERT INTO audit_trails  (ts,userId,tableName,recordId,field,oldValue,newValue)  VALUES(NOW(),'5','transfers','89','receiverIdType','','0')
2017-07-28 15:17:02 audit_trails Insert ID : 562
2017-07-28 15:17:02 SELECT SQL : SELECT id,receiverId FROM transfers WHERE  transferRef = '00604389'  
2017-07-28 15:17:02 INSERT SQL : INSERT INTO audit_trails  (ts,userId,tableName,recordId,field,oldValue,newValue)  VALUES(NOW(),'5','transfers','89','receiverId','','')
2017-07-28 15:17:02 audit_trails Insert ID : 563
2017-07-28 15:17:02 SELECT SQL : SELECT id,toBranch FROM transfers WHERE  transferRef = '00604389'  
2017-07-28 15:17:02 INSERT SQL : INSERT INTO audit_trails  (ts,userId,tableName,recordId,field,oldValue,newValue)  VALUES(NOW(),'5','transfers','89','toBranch','0','11')
2017-07-28 15:17:02 audit_trails Insert ID : 564
2017-07-28 15:17:02 SELECT SQL : SELECT id,Status FROM transfers WHERE  transferRef = '00604389'  
2017-07-28 15:17:02 INSERT SQL : INSERT INTO audit_trails  (ts,userId,tableName,recordId,field,oldValue,newValue)  VALUES(NOW(),'5','transfers','89','Status','Pending','Success')
2017-07-28 15:17:02 audit_trails Insert ID : 565
2017-07-28 15:17:02 SELECT SQL : SELECT id,userIdDestination FROM transfers WHERE  transferRef = '00604389'  
2017-07-28 15:17:02 INSERT SQL : INSERT INTO audit_trails  (ts,userId,tableName,recordId,field,oldValue,newValue)  VALUES(NOW(),'5','transfers','89','userIdDestination','','5')
2017-07-28 15:17:02 audit_trails Insert ID : 566
2017-07-28 15:17:02 SELECT SQL : SELECT id,withdrawTs FROM transfers WHERE  transferRef = '00604389'  
2017-07-28 15:17:02 INSERT SQL : INSERT INTO audit_trails  (ts,userId,tableName,recordId,field,oldValue,newValue)  VALUES(NOW(),'5','transfers','89','withdrawTs','','2017-07-28 15:07:02')
2017-07-28 15:17:02 audit_trails Insert ID : 567
2017-07-28 15:17:02 UPDATE SQL : UPDATE transfers SET destinationIpAddress = '41.210.143.182',receiverIdType = '0',receiverId = '',toBranch = '11',Status = 'Success',userIdDestination = '5',withdrawTs = '2017-07-28 15:07:02' WHERE  transferRef = '00604389' 
2017-07-28 15:17:02 SELECT SQL : SELECT * FROM settings WHERE  name = 'SuspenseAccount'  
2017-07-28 15:17:02 SELECT SQL : SELECT * FROM account_transfers WHERE  transferRef = '00604389'  
2017-07-28 15:17:02 SELECT SQL : SELECT id FROM accounts WHERE  branchId = '11' AND currency_id = '2'  
2017-07-28 15:17:02 Transfer Amount : 0.8333333333333334
2017-07-28 15:17:02 INSERT SQL : INSERT INTO account_transfers  (ts,type,amount,amountB4Xchange,amountAfterXchange,exchangeRate,charge,chargeCurrency,fromId,toId,userId,createdBy,transferRef,active)  VALUES(NOW(),'transfer','3000','3000','0.8333333333333334','3600','0','0','28','25','5','5','00604389','1')
2017-07-28 15:17:02 Balance Update Params :
Branch Id : 0
Account ID : 25
Amount : 3000
2017-07-28 15:17:02 SELECT SQL : SELECT * FROM balances WHERE  branchId = '0' AND accountId = '25'  
2017-07-28 15:17:02 SELECT SQL : SELECT * FROM balances WHERE  branchId = '0' AND accountId = '25' AND date = '2017-07-28'  
2017-07-28 15:17:02 UPDATE SQL : UPDATE balances SET closingBalance = '-3998043' WHERE  branchId = '0' AND accountId = '25' AND date = '2017-07-28' 
2017-07-28 15:17:02 Balance Update Status 2:1
 2017-07-28 15:17:02 Balance Update Params :
Branch Id : 11
Account ID : 28
Amount : -0.83333333333333
2017-07-28 15:17:02 SELECT SQL : SELECT * FROM balances WHERE  branchId = '11' AND accountId = '28'  
2017-07-28 15:17:02 INSERT SQL : INSERT INTO balances  (ts,branchId,accountId,openingBalance,closingBalance,date)  VALUES(NOW(),'11','28','-0.83333333333333','-0.83333333333333','2017-07-28')
2017-07-28 15:17:02 Balance Create Insert ID :96
 2017-07-28 15:17:02 Response : {"success":1,"data":"Transfer cashed out successfully"}
2017-07-28 15:18:41 ---- New Request ----
2017-07-28 15:18:41 Controller : Transfers
2017-07-28 15:18:41 Method : getallaccountbalancesAction
2017-07-28 15:18:41 Controller File : controllers/Transfers.class.php, Exists
2017-07-28 15:18:41 Class constructed
2017-07-28 15:18:41 Class constructed
2017-07-28 15:18:41 UserID : 5
SessionId : 7frT1iGE8TtyjTCa8WqdGLf8DIKlKdej
Branch ID : 11
2017-07-28 15:18:41 SELECT SQL : SELECT sessionId FROM users WHERE  id = '5'  
2017-07-28 15:18:41 SELECT SQL : SELECT name,id FROM accounts WHERE  active = '1' AND branchId = '11'  
2017-07-28 15:18:41 SELECT SQL : SELECT name FROM branches WHERE  id = '11'  
2017-07-28 15:18:41 Response : {"success":1,"data":[{"name":"CHINA-RMB Account","id":"27","balance":-60891447},{"name":"CHINA-USD Account","id":"28","balance":-3000}],"branchName":"CHINA"}
2017-07-28 15:18:49 ---- New Request ----
2017-07-28 15:18:49 Controller : Transfers
2017-07-28 15:18:49 Method : getbalancesAction
2017-07-28 15:18:49 Controller File : controllers/Transfers.class.php, Exists
2017-07-28 15:18:49 Class constructed
2017-07-28 15:18:49 Class constructed
2017-07-28 15:18:49 UserID : 5
SessionId : 7frT1iGE8TtyjTCa8WqdGLf8DIKlKdej
Branch ID : 
Date : 
2017-07-28 15:18:49 SELECT SQL : SELECT sessionId,branchId,userTypeId FROM users WHERE  id = '5'  
2017-07-28 15:18:49 SELECT SQL : SELECT closingBalance,openingBalance,accountId,branchId,date FROM balances WHERE  date = '2017-07-28' AND branchId = '11'  
2017-07-28 15:18:49 SELECT SQL : SELECT name FROM accounts WHERE  id = '27'  
2017-07-28 15:18:49 SELECT SQL : SELECT name FROM branches WHERE  id = '11'  
2017-07-28 15:18:49 SELECT SQL : SELECT name FROM accounts WHERE  id = '28'  
2017-07-28 15:18:49 SELECT SQL : SELECT name FROM branches WHERE  id = '11'  
2017-07-28 15:18:49 Response : {"success":1,"data":[{"closingBalance":"5215151.6461271","openingBalance":"5215151.6461271","accountId":"27","branchId":"11","date":"2017-07-28","accountName":"CHINA-RMB Account","branchName":"CHINA"},{"closingBalance":"-0.83333333333333","openingBalance":"-0.83333333333333","accountId":"28","branchId":"11","date":"2017-07-28","accountName":"CHINA-USD Account","branchName":"CHINA"}]}
2017-07-28 15:19:13 ---- New Request ----
2017-07-28 15:19:13 Controller : Reports
2017-07-28 15:19:13 Method : gettransferlogsAction
2017-07-28 15:19:13 Controller File : controllers/Reports.class.php, Exists
2017-07-28 15:19:13 Class constructed
2017-07-28 15:19:13 Class constructed
2017-07-28 15:19:13 UserID : 5
SessionId : 7frT1iGE8TtyjTCa8WqdGLf8DIKlKdej
Branch ID : 11
Date : 
Account ID : 
2017-07-28 15:19:13 SELECT SQL : SELECT sessionId,branchId,userTypeId FROM users WHERE  id = '5'  
2017-07-28 15:19:13 SELECT SQL : SELECT id,fromBranch,toBranch,amount,currency,charge,transferRef,userIdSource,userIdDestination,ts,withdrawTs,status,senderFname,senderSurname,senderPhone,senderEmail,receiverFname,receiverSurname,receiverPhone,receiverAccountNumber,destinationCountryId FROM transfers WHERE  active = '1'  OR fromBranch = '11'  OR toBranch = '11'  ORDER BY ts DESC LIMIT 20
2017-07-28 15:19:13 SELECT SQL : SELECT name FROM branches WHERE  id = '6'  
2017-07-28 15:19:13 SELECT SQL : SELECT name FROM branches WHERE  id = '11'  
2017-07-28 15:19:13 SELECT SQL : SELECT name FROM currencies WHERE  id = '2'  
2017-07-28 15:19:13 SELECT SQL : SELECT userName FROM users WHERE  id = '3'  
2017-07-28 15:19:13 SELECT SQL : SELECT userName FROM users WHERE  id = '5'  
2017-07-28 15:19:13 SELECT SQL : SELECT name FROM countries WHERE  id = '4'  
2017-07-28 15:19:13 SELECT SQL : SELECT name FROM branches WHERE  id = '6'  
2017-07-28 15:19:13 SELECT SQL : SELECT name FROM branches WHERE  id = '0'  
2017-07-28 15:19:13 SELECT SQL : SELECT name FROM currencies WHERE  id = '2'  
2017-07-28 15:19:13 SELECT SQL : SELECT userName FROM users WHERE  id = '3'  
2017-07-28 15:19:13 SELECT SQL : SELECT userName FROM users WHERE  id = ''  
2017-07-28 15:19:13 SELECT SQL : SELECT name FROM countries WHERE  id = '4'  
2017-07-28 15:19:13 SELECT SQL : SELECT name FROM branches WHERE  id = '12'  
2017-07-28 15:19:13 SELECT SQL : SELECT name FROM branches WHERE  id = '0'  
2017-07-28 15:19:13 SELECT SQL : SELECT name FROM currencies WHERE  id = '1'  
2017-07-28 15:19:13 SELECT SQL : SELECT userName FROM users WHERE  id = '2'  
2017-07-28 15:19:13 SELECT SQL : SELECT userName FROM users WHERE  id = ''  
2017-07-28 15:19:13 SELECT SQL : SELECT name FROM countries WHERE  id = '5'  
2017-07-28 15:19:13 SELECT SQL : SELECT name FROM branches WHERE  id = '12'  
2017-07-28 15:19:13 SELECT SQL : SELECT name FROM branches WHERE  id = '0'  
2017-07-28 15:19:13 SELECT SQL : SELECT name FROM currencies WHERE  id = '1'  
2017-07-28 15:19:13 SELECT SQL : SELECT userName FROM users WHERE  id = '2'  
2017-07-28 15:19:13 SELECT SQL : SELECT userName FROM users WHERE  id = ''  
2017-07-28 15:19:13 SELECT SQL : SELECT name FROM countries WHERE  id = '5'  
2017-07-28 15:19:13 SELECT SQL : SELECT name FROM branches WHERE  id = '12'  
2017-07-28 15:19:13 SELECT SQL : SELECT name FROM branches WHERE  id = '0'  
2017-07-28 15:19:13 SELECT SQL : SELECT name FROM currencies WHERE  id = '1'  
2017-07-28 15:19:13 SELECT SQL : SELECT userName FROM users WHERE  id = '2'  
2017-07-28 15:19:13 SELECT SQL : SELECT userName FROM users WHERE  id = ''  
2017-07-28 15:19:13 SELECT SQL : SELECT name FROM countries WHERE  id = '5'  
2017-07-28 15:19:13 SELECT SQL : SELECT name FROM branches WHERE  id = '12'  
2017-07-28 15:19:13 SELECT SQL : SELECT name FROM branches WHERE  id = '0'  
2017-07-28 15:19:13 SELECT SQL : SELECT name FROM currencies WHERE  id = '1'  
2017-07-28 15:19:13 SELECT SQL : SELECT userName FROM users WHERE  id = '2'  
2017-07-28 15:19:13 SELECT SQL : SELECT userName FROM users WHERE  id = ''  
2017-07-28 15:19:13 SELECT SQL : SELECT name FROM countries WHERE  id = '5'  
2017-07-28 15:19:13 SELECT SQL : SELECT name FROM branches WHERE  id = '12'  
2017-07-28 15:19:13 SELECT SQL : SELECT name FROM branches WHERE  id = '0'  
2017-07-28 15:19:13 SELECT SQL : SELECT name FROM currencies WHERE  id = '1'  
2017-07-28 15:19:13 SELECT SQL : SELECT userName FROM users WHERE  id = '2'  
2017-07-28 15:19:13 SELECT SQL : SELECT userName FROM users WHERE  id = ''  
2017-07-28 15:19:13 SELECT SQL : SELECT name FROM countries WHERE  id = '5'  
2017-07-28 15:19:13 SELECT SQL : SELECT name FROM branches WHERE  id = '12'  
2017-07-28 15:19:13 SELECT SQL : SELECT name FROM branches WHERE  id = '0'  
2017-07-28 15:19:13 SELECT SQL : SELECT name FROM currencies WHERE  id = '1'  
2017-07-28 15:19:13 SELECT SQL : SELECT userName FROM users WHERE  id = '2'  
2017-07-28 15:19:13 SELECT SQL : SELECT userName FROM users WHERE  id = ''  
2017-07-28 15:19:13 SELECT SQL : SELECT name FROM countries WHERE  id = '5'  
2017-07-28 15:19:13 SELECT SQL : SELECT name FROM branches WHERE  id = '12'  
2017-07-28 15:19:13 SELECT SQL : SELECT name FROM branches WHERE  id = '0'  
2017-07-28 15:19:13 SELECT SQL : SELECT name FROM currencies WHERE  id = '1'  
2017-07-28 15:19:13 SELECT SQL : SELECT userName FROM users WHERE  id = '2'  
2017-07-28 15:19:13 SELECT SQL : SELECT userName FROM users WHERE  id = ''  
2017-07-28 15:19:13 SELECT SQL : SELECT name FROM countries WHERE  id = '5'  
2017-07-28 15:19:13 SELECT SQL : SELECT name FROM branches WHERE  id = '12'  
2017-07-28 15:19:13 SELECT SQL : SELECT name FROM branches WHERE  id = '0'  
2017-07-28 15:19:13 SELECT SQL : SELECT name FROM currencies WHERE  id = '1'  
2017-07-28 15:19:13 SELECT SQL : SELECT userName FROM users WHERE  id = '2'  
2017-07-28 15:19:13 SELECT SQL : SELECT userName FROM users WHERE  id = ''  
2017-07-28 15:19:13 SELECT SQL : SELECT name FROM countries WHERE  id = '5'  
2017-07-28 15:19:13 SELECT SQL : SELECT name FROM branches WHERE  id = '12'  
2017-07-28 15:19:13 SELECT SQL : SELECT name FROM branches WHERE  id = '0'  
2017-07-28 15:19:13 SELECT SQL : SELECT name FROM currencies WHERE  id = '1'  
2017-07-28 15:19:13 SELECT SQL : SELECT userName FROM users WHERE  id = '2'  
2017-07-28 15:19:13 SELECT SQL : SELECT userName FROM users WHERE  id = ''  
2017-07-28 15:19:13 SELECT SQL : SELECT name FROM countries WHERE  id = '5'  
2017-07-28 15:19:13 SELECT SQL : SELECT name FROM branches WHERE  id = '12'  
2017-07-28 15:19:13 SELECT SQL : SELECT name FROM branches WHERE  id = '0'  
2017-07-28 15:19:13 SELECT SQL : SELECT name FROM currencies WHERE  id = '1'  
2017-07-28 15:19:13 SELECT SQL : SELECT userName FROM users WHERE  id = '2'  
2017-07-28 15:19:13 SELECT SQL : SELECT userName FROM users WHERE  id = ''  
2017-07-28 15:19:13 SELECT SQL : SELECT name FROM countries WHERE  id = '5'  
2017-07-28 15:19:13 SELECT SQL : SELECT name FROM branches WHERE  id = '12'  
2017-07-28 15:19:13 SELECT SQL : SELECT name FROM branches WHERE  id = '0'  
2017-07-28 15:19:13 SELECT SQL : SELECT name FROM currencies WHERE  id = '1'  
2017-07-28 15:19:13 SELECT SQL : SELECT userName FROM users WHERE  id = '2'  
2017-07-28 15:19:13 SELECT SQL : SELECT userName FROM users WHERE  id = ''  
2017-07-28 15:19:13 SELECT SQL : SELECT name FROM countries WHERE  id = '5'  
2017-07-28 15:19:13 SELECT SQL : SELECT name FROM branches WHERE  id = '12'  
2017-07-28 15:19:13 SELECT SQL : SELECT name FROM branches WHERE  id = '0'  
2017-07-28 15:19:13 SELECT SQL : SELECT name FROM currencies WHERE  id = '1'  
2017-07-28 15:19:13 SELECT SQL : SELECT userName FROM users WHERE  id = '2'  
2017-07-28 15:19:13 SELECT SQL : SELECT userName FROM users WHERE  id = ''  
2017-07-28 15:19:13 SELECT SQL : SELECT name FROM countries WHERE  id = '5'  
2017-07-28 15:19:13 SELECT SQL : SELECT name FROM branches WHERE  id = '12'  
2017-07-28 15:19:13 SELECT SQL : SELECT name FROM branches WHERE  id = '0'  
2017-07-28 15:19:13 SELECT SQL : SELECT name FROM currencies WHERE  id = '1'  
2017-07-28 15:19:13 SELECT SQL : SELECT userName FROM users WHERE  id = '2'  
2017-07-28 15:19:13 SELECT SQL : SELECT userName FROM users WHERE  id = ''  
2017-07-28 15:19:13 SELECT SQL : SELECT name FROM countries WHERE  id = '5'  
2017-07-28 15:19:13 SELECT SQL : SELECT name FROM branches WHERE  id = '6'  
2017-07-28 15:19:13 SELECT SQL : SELECT name FROM branches WHERE  id = '11'  
2017-07-28 15:19:13 SELECT SQL : SELECT name FROM currencies WHERE  id = '1'  
2017-07-28 15:19:13 SELECT SQL : SELECT userName FROM users WHERE  id = '3'  
2017-07-28 15:19:13 SELECT SQL : SELECT userName FROM users WHERE  id = '5'  
2017-07-28 15:19:13 SELECT SQL : SELECT name FROM countries WHERE  id = '5'  
2017-07-28 15:19:13 SELECT SQL : SELECT name FROM branches WHERE  id = '0'  
2017-07-28 15:19:13 SELECT SQL : SELECT name FROM branches WHERE  id = '5'  
2017-07-28 15:19:13 SELECT SQL : SELECT name FROM currencies WHERE  id = '2'  
2017-07-28 15:19:13 SELECT SQL : SELECT userName FROM users WHERE  id = ''  
2017-07-28 15:19:13 SELECT SQL : SELECT userName FROM users WHERE  id = '4'  
2017-07-28 15:19:13 SELECT SQL : SELECT name FROM countries WHERE  id = ''  
2017-07-28 15:19:13 SELECT SQL : SELECT name FROM branches WHERE  id = '5'  
2017-07-28 15:19:13 SELECT SQL : SELECT name FROM branches WHERE  id = '0'  
2017-07-28 15:19:13 SELECT SQL : SELECT name FROM currencies WHERE  id = '2'  
2017-07-28 15:19:13 SELECT SQL : SELECT userName FROM users WHERE  id = '4'  
2017-07-28 15:19:13 SELECT SQL : SELECT userName FROM users WHERE  id = ''  
2017-07-28 15:19:13 SELECT SQL : SELECT name FROM countries WHERE  id = '0'  
2017-07-28 15:19:13 SELECT SQL : SELECT name FROM branches WHERE  id = '5'  
2017-07-28 15:19:13 SELECT SQL : SELECT name FROM branches WHERE  id = '0'  
2017-07-28 15:19:13 SELECT SQL : SELECT name FROM currencies WHERE  id = '1'  
2017-07-28 15:19:13 SELECT SQL : SELECT userName FROM users WHERE  id = '4'  
2017-07-28 15:19:13 SELECT SQL : SELECT userName FROM users WHERE  id = ''  
2017-07-28 15:19:13 SELECT SQL : SELECT name FROM countries WHERE  id = '5'  
2017-07-28 15:19:13 SELECT SQL : SELECT name FROM branches WHERE  id = '0'  
2017-07-28 15:19:13 SELECT SQL : SELECT name FROM branches WHERE  id = '7'  
2017-07-28 15:19:13 SELECT SQL : SELECT name FROM currencies WHERE  id = '1'  
2017-07-28 15:19:13 SELECT SQL : SELECT userName FROM users WHERE  id = ''  
2017-07-28 15:19:13 SELECT SQL : SELECT userName FROM users WHERE  id = '6'  
2017-07-28 15:19:13 SELECT SQL : SELECT name FROM countries WHERE  id = ''  
2017-07-28 15:19:13 SELECT SQL : SELECT name FROM branches WHERE  id = '11'  
2017-07-28 15:19:13 Response : {"success":1,"branchName":"CHINA","data":[{"id":"89","fromBranch":"6","toBranch":"11","amount":"3000","currency":"USD","charge":null,"transferRef":"00604389","userIdSource":"3","userIdDestination":"5","ts":"2017-07-28 12:14:23","withdrawTs":"2017-07-28 15:07:02","status":"Success","senderFname":"","senderSurname":"H","senderPhone":"0790477","senderEmail":"","receiverFname":"J","receiverSurname":"B","receiverPhone":"0771889211","receiverAccountNumber":null,"destinationCountryId":"4","fromBranchName":"OASIS MALL","toBranchName":"CHINA","agentSource":"lydia","agentDestination":"henry","destinationCountry":null},{"id":"88","fromBranch":"6","toBranch":"0","amount":"2000000","currency":"USD","charge":null,"transferRef":"00604388","userIdSource":"3","userIdDestination":null,"ts":"2017-07-28 12:09:18","withdrawTs":null,"status":"Pending","senderFname":"","senderSurname":"Henry","senderPhone":"0777777557","senderEmail":"","receiverFname":"Joe","receiverSurname":"Bravia","receiverPhone":"078945747","receiverAccountNumber":null,"destinationCountryId":"4","fromBranchName":"OASIS MALL","toBranchName":null,"agentSource":"lydia","agentDestination":null,"destinationCountry":null},{"id":"87","fromBranch":"12","toBranch":"0","amount":"9100","currency":"RMB","charge":"1700","transferRef":"01205287","userIdSource":"2","userIdDestination":null,"ts":"2017-07-28 08:18:30","withdrawTs":null,"status":"Pending","senderFname":"","senderSurname":"David","senderPhone":"0738654417","senderEmail":"","receiverFname":"Weidong","receiverSurname":"Lin","receiverPhone":"0738654417","receiverAccountNumber":"6225231500225419","destinationCountryId":"5","fromBranchName":"NAIROBI","toBranchName":null,"agentSource":"dorah","agentDestination":null,"destinationCountry":null},{"id":"86","fromBranch":"12","toBranch":"0","amount":"15200","currency":"RMB","charge":"1700","transferRef":"01205286","userIdSource":"2","userIdDestination":null,"ts":"2017-07-28 08:15:37","withdrawTs":null,"status":"Pending","senderFname":"","senderSurname":"David","senderPhone":"0738654417","senderEmail":"","receiverFname":"San","receiverSurname":"Bi","receiverPhone":"0738654417","receiverAccountNumber":"6225231584515412","destinationCountryId":"5","fromBranchName":"NAIROBI","toBranchName":null,"agentSource":"dorah","agentDestination":null,"destinationCountry":null},{"id":"85","fromBranch":"12","toBranch":"0","amount":"314400","currency":"RMB","charge":"1700","transferRef":"01205285","userIdSource":"2","userIdDestination":null,"ts":"2017-07-27 12:29:23","withdrawTs":null,"status":"Pending","senderFname":"","senderSurname":"Liu","senderPhone":"0712037296","senderEmail":"","receiverFname":"Hong","receiverSurname":"Liu","receiverPhone":"071203296","receiverAccountNumber":"6221882600114970011","destinationCountryId":"5","fromBranchName":"NAIROBI","toBranchName":null,"agentSource":"dorah","agentDestination":null,"destinationCountry":null},{"id":"84","fromBranch":"12","toBranch":"0","amount":"1000","currency":"RMB","charge":null,"transferRef":"01205284","userIdSource":"2","userIdDestination":null,"ts":"2017-07-27 08:42:54","withdrawTs":null,"status":"Pending","senderFname":"","senderSurname":"Zhuo","senderPhone":"0711517345","senderEmail":"","receiverFname":"Zhang","receiverSurname":"Zhuo","receiverPhone":"0711517345","receiverAccountNumber":"6217906400020765062","destinationCountryId":"5","fromBranchName":"NAIROBI","toBranchName":null,"agentSource":"dorah","agentDestination":null,"destinationCountry":null},{"id":"83","fromBranch":"12","toBranch":"0","amount":"98300","currency":"RMB","charge":"1700","transferRef":"01205283","userIdSource":"2","userIdDestination":null,"ts":"2017-07-27 08:39:21","withdrawTs":null,"status":"Pending","senderFname":"","senderSurname":"Zhuo","senderPhone":"0711517345","senderEmail":"","receiverFname":"Zhang","receiverSurname":"Zhuo","receiverPhone":"0711517345","receiverAccountNumber":"6217906400020765062","destinationCountryId":"5","fromBranchName":"NAIROBI","toBranchName":null,"agentSource":"dorah","agentDestination":null,"destinationCountry":null},{"id":"82","fromBranch":"12","toBranch":"0","amount":"3100","currency":"RMB","charge":null,"transferRef":"01205282","userIdSource":"2","userIdDestination":null,"ts":"2017-07-27 08:35:38","withdrawTs":null,"status":"Pending","senderFname":"","senderSurname":"Jino Fey","senderPhone":"0789217708","senderEmail":"","receiverFname":"Wei","receiverSurname":"Zhing","receiverPhone":"","receiverAccountNumber":"","destinationCountryId":"5","fromBranchName":"NAIROBI","toBranchName":null,"agentSource":"dorah","agentDestination":null,"destinationCountry":null},{"id":"81","fromBranch":"12","toBranch":"0","amount":"598300","currency":"RMB","charge":"1700","transferRef":"01205281","userIdSource":"2","userIdDestination":null,"ts":"2017-07-27 08:28:38","withdrawTs":null,"status":"Pending","senderFname":"","senderSurname":"Jino Fey","senderPhone":"0789217708","senderEmail":"","receiverFname":"Wei","receiverSurname":"Zhong","receiverPhone":"0789217708","receiverAccountNumber":"6226090212185926","destinationCountryId":"5","fromBranchName":"NAIROBI","toBranchName":null,"agentSource":"dorah","agentDestination":null,"destinationCountry":null},{"id":"80","fromBranch":"12","toBranch":"0","amount":"5000","currency":"RMB","charge":null,"transferRef":"01205280","userIdSource":"2","userIdDestination":null,"ts":"2017-07-26 13:37:34","withdrawTs":null,"status":"Pending","senderFname":"","senderSurname":"Pan","senderPhone":"0796548060","senderEmail":"","receiverFname":"Pan","receiverSurname":"Pan","receiverPhone":"0796548060","receiverAccountNumber":"622909393892161110","destinationCountryId":"5","fromBranchName":"NAIROBI","toBranchName":null,"agentSource":"dorah","agentDestination":null,"destinationCountry":null},{"id":"79","fromBranch":"12","toBranch":"0","amount":"44000","currency":"RMB","charge":"1700","transferRef":"01205279","userIdSource":"2","userIdDestination":null,"ts":"2017-07-26 13:28:26","withdrawTs":null,"status":"Pending","senderFname":"","senderSurname":"Ai","senderPhone":"0738654417","senderEmail":"","receiverFname":"Aiqing","receiverSurname":"Yuan","receiverPhone":"0738654417","receiverAccountNumber":"6225181500969088","destinationCountryId":"5","fromBranchName":"NAIROBI","toBranchName":null,"agentSource":"dorah","agentDestination":null,"destinationCountry":null},{"id":"78","fromBranch":"12","toBranch":"0","amount":"60100","currency":"RMB","charge":null,"transferRef":"01205278","userIdSource":"2","userIdDestination":null,"ts":"2017-07-26 13:24:47","withdrawTs":null,"status":"Pending","senderFname":"","senderSurname":"Khalid","senderPhone":"0722733391","senderEmail":"","receiverFname":"Mohamedmohamed","receiverSurname":"Hassan","receiverPhone":"0722733391","receiverAccountNumber":"6228480086791851875","destinationCountryId":"5","fromBranchName":"NAIROBI","toBranchName":null,"agentSource":"dorah","agentDestination":null,"destinationCountry":null},{"id":"77","fromBranch":"12","toBranch":"0","amount":"10000","currency":"RMB","charge":"1700","transferRef":"01205277","userIdSource":"2","userIdDestination":null,"ts":"2017-07-26 13:21:27","withdrawTs":null,"status":"Pending","senderFname":"","senderSurname":"Alena","senderPhone":"+254738484748","senderEmail":"","receiverFname":"Xin","receiverSurname":"Chen","receiverPhone":"+254738484748","receiverAccountNumber":"6210812831003188310","destinationCountryId":"5","fromBranchName":"NAIROBI","toBranchName":null,"agentSource":"dorah","agentDestination":null,"destinationCountry":null},{"id":"76","fromBranch":"12","toBranch":"0","amount":"10000","currency":"RMB","charge":"1700","transferRef":"01205276","userIdSource":"2","userIdDestination":null,"ts":"2017-07-26 13:13:31","withdrawTs":null,"status":"Pending","senderFname":"","senderSurname":"Alena","senderPhone":"+254738484748","senderEmail":"","receiverFname":"Aihong","receiverSurname":"Zhang","receiverPhone":"+254738484748","receiverAccountNumber":"6214855122197425","destinationCountryId":"5","fromBranchName":"NAIROBI","toBranchName":null,"agentSource":"dorah","agentDestination":null,"destinationCountry":null},{"id":"75","fromBranch":"12","toBranch":"0","amount":"156300","currency":"RMB","charge":"1700","transferRef":"01205275","userIdSource":"2","userIdDestination":null,"ts":"2017-07-25 07:37:04","withdrawTs":null,"status":"Pending","senderFname":"","senderSurname":"Xiang","senderPhone":"+254723559999","senderEmail":"","receiverFname":"Chunxiang","receiverSurname":"Lin","receiverPhone":"+254723559999","receiverAccountNumber":"6013820500995515933","destinationCountryId":"5","fromBranchName":"NAIROBI","toBranchName":null,"agentSource":"dorah","agentDestination":null,"destinationCountry":null},{"id":"74","fromBranch":"6","toBranch":"11","amount":"2000","currency":"RMB","charge":null,"transferRef":"00605374","userIdSource":"3","userIdDestination":"5","ts":"2017-07-25 06:26:15","withdrawTs":"2017-07-25 09:07:52","status":"Success","senderFname":"","senderSurname":"jiang","senderPhone":"0776000064","senderEmail":"","receiverFname":"cuiyong","receiverSurname":"jiang","receiverPhone":"0776000064","receiverAccountNumber":"62270021916844126","destinationCountryId":"5","fromBranchName":"OASIS MALL","toBranchName":"CHINA","agentSource":"lydia","agentDestination":"henry","destinationCountry":null},{"id":"73","fromBranch":"0","toBranch":"5","amount":"203000","currency":"USD","charge":null,"transferRef":null,"userIdSource":null,"userIdDestination":"4","ts":"2017-07-24 14:31:21","withdrawTs":null,"status":"Success","senderFname":"Asumptar","senderSurname":null,"senderPhone":null,"senderEmail":null,"receiverFname":"Kasereka mukyambuli","receiverSurname":null,"receiverPhone":null,"receiverAccountNumber":"0332010003317","destinationCountryId":null,"fromBranchName":null,"toBranchName":"KINSHASHA","agentSource":null,"agentDestination":"maria","destinationCountry":null},{"id":"72","fromBranch":"5","toBranch":"0","amount":"200000","currency":"USD","charge":"0.025","transferRef":"00500472","userIdSource":"4","userIdDestination":null,"ts":"2017-07-24 14:23:48","withdrawTs":null,"status":"Pending","senderFname":"","senderSurname":"CHEN","senderPhone":"0843088787","senderEmail":"","receiverFname":"Liu zhi","receiverSurname":"Gang","receiverPhone":"","receiverAccountNumber":null,"destinationCountryId":"0","fromBranchName":"KINSHASHA","toBranchName":null,"agentSource":"maria","agentDestination":null,"destinationCountry":null},{"id":"71","fromBranch":"5","toBranch":"0","amount":"4000","currency":"RMB","charge":"0.015","transferRef":"00505471","userIdSource":"4","userIdDestination":null,"ts":"2017-07-24 14:21:05","withdrawTs":null,"status":"Pending","senderFname":"","senderSurname":"CIA XIAO HU","senderPhone":"0990790999","senderEmail":"","receiverFname":"AI FENG","receiverSurname":"Hu","receiverPhone":"","receiverAccountNumber":"6223161800666065","destinationCountryId":"5","fromBranchName":"KINSHASHA","toBranchName":null,"agentSource":"maria","agentDestination":null,"destinationCountry":null},{"id":"70","fromBranch":"0","toBranch":"7","amount":"2000","currency":"RMB","charge":null,"transferRef":null,"userIdSource":null,"userIdDestination":"6","ts":"2017-07-24 14:18:10","withdrawTs":null,"status":"Success","senderFname":"james","senderSurname":null,"senderPhone":null,"senderEmail":null,"receiverFname":"milner","receiverSurname":null,"receiverPhone":null,"receiverAccountNumber":"2392393493","destinationCountryId":null,"fromBranchName":null,"toBranchName":"GOMA","agentSource":null,"agentDestination":"edwin","destinationCountry":null}]}
2017-07-28 15:23:06 ---- New Request ----
2017-07-28 15:23:06 Controller : Exchange
2017-07-28 15:23:06 Method : createexchangeAction
2017-07-28 15:23:06 Controller File : controllers/Exchange.class.php, Exists
2017-07-28 15:23:06 Class constructed
2017-07-28 15:23:06 Class constructed
2017-07-28 15:23:06 Exchange Params:
FromCurrency : 4
ToCurrency : 2
AmountBe4 : 10000
Amount After : 2.7548209366391183
Exhange Rate : 3630
UserID : 5
Session ID : 7frT1iGE8TtyjTCa8WqdGLf8DIKlKdej
2017-07-28 15:23:06 SELECT SQL : SELECT * FROM users WHERE  id = '5'  
2017-07-28 15:23:06 INSERT SQL : INSERT INTO currency_exchange  (ts,fromCurrencyId,toCurrencyId,AmountBeforeXchange,amountAfterXchange,exhangeRate,userId,branchId)  VALUES(NOW(),'4','2','10000','2.7548209366391183','3630','5','11')
2017-07-28 15:23:06 SELECT SQL : SELECT id FROM accounts WHERE  branchId = '11' AND currency_id = '4'  
2017-07-28 15:23:06 SELECT SQL : SELECT * FROM settings WHERE  name = 'SuspenseAccount'  
2017-07-28 15:23:06 INSERT SQL : INSERT INTO account_transfers  (ts,type,amount,amountB4Xchange,amountAfterXchange,fromId,toId,userId,createdBy,transferRef)  VALUES(NOW(),'transfer','10000','10000','10000','','25','5','5','ex13')
2017-07-28 15:23:06 Balance Update Params :
Branch Id : 11
Account ID : 
Amount : -10000
2017-07-28 15:23:06 SELECT SQL : SELECT * FROM balances WHERE  branchId = '11' AND accountId = ''  
2017-07-28 15:23:06 INSERT SQL : INSERT INTO balances  (ts,branchId,accountId,openingBalance,closingBalance,date)  VALUES(NOW(),'11','','-10000','-10000','2017-07-28')
2017-07-28 15:23:06 Balance Create Insert ID :97
 2017-07-28 15:23:06 Balance Update Params :
Branch Id : 0
Account ID : 25
Amount : 10000
2017-07-28 15:23:06 SELECT SQL : SELECT * FROM balances WHERE  branchId = '0' AND accountId = '25'  
2017-07-28 15:23:06 SELECT SQL : SELECT * FROM balances WHERE  branchId = '0' AND accountId = '25' AND date = '2017-07-28'  
2017-07-28 15:23:06 UPDATE SQL : UPDATE balances SET closingBalance = '-3988043' WHERE  branchId = '0' AND accountId = '25' AND date = '2017-07-28' 
2017-07-28 15:23:06 Balance Update Status 2:1
 2017-07-28 15:23:06 SELECT SQL : SELECT id FROM accounts WHERE  branchId = '11' AND currency_id = '2'  
2017-07-28 15:23:06 INSERT SQL : INSERT INTO account_transfers  (ts,type,amount,amountB4Xchange,amountAfterXchange,fromId,toId,userId,createdBy,transferRef)  VALUES(NOW(),'transfer','2.7548209366391183','2.7548209366391183','2.7548209366391183','25','28','5','5','ex13')
2017-07-28 15:23:06 Balance Update Params :
Branch Id : 11
Account ID : 28
Amount : 2
2017-07-28 15:23:06 SELECT SQL : SELECT * FROM balances WHERE  branchId = '11' AND accountId = '28'  
2017-07-28 15:23:06 SELECT SQL : SELECT * FROM balances WHERE  branchId = '11' AND accountId = '28' AND date = '2017-07-28'  
2017-07-28 15:23:06 UPDATE SQL : UPDATE balances SET closingBalance = '1.1666666666667' WHERE  branchId = '11' AND accountId = '28' AND date = '2017-07-28' 
2017-07-28 15:23:06 Balance Update Status 2:1
 2017-07-28 15:23:06 Balance Update Params :
Branch Id : 0
Account ID : 25
Amount : -2
2017-07-28 15:23:06 SELECT SQL : SELECT * FROM balances WHERE  branchId = '0' AND accountId = '25'  
2017-07-28 15:23:06 SELECT SQL : SELECT * FROM balances WHERE  branchId = '0' AND accountId = '25' AND date = '2017-07-28'  
2017-07-28 15:23:06 UPDATE SQL : UPDATE balances SET closingBalance = '-3988045' WHERE  branchId = '0' AND accountId = '25' AND date = '2017-07-28' 
2017-07-28 15:23:06 Balance Update Status 2:1
 2017-07-28 15:23:06 Response : {"success":1,"data":"Your request was successfully processed."}
2017-07-28 15:28:11 ---- New Request ----
2017-07-28 15:28:11 Controller : Transfers
2017-07-28 15:28:11 Method : getallaccountbalancesAction
2017-07-28 15:28:11 Controller File : controllers/Transfers.class.php, Exists
2017-07-28 15:28:11 Class constructed
2017-07-28 15:28:11 Class constructed
2017-07-28 15:28:11 UserID : 5
SessionId : 7frT1iGE8TtyjTCa8WqdGLf8DIKlKdej
Branch ID : 11
2017-07-28 15:28:11 SELECT SQL : SELECT sessionId FROM users WHERE  id = '5'  
2017-07-28 15:28:11 SELECT SQL : SELECT name,id FROM accounts WHERE  active = '1' AND branchId = '11'  
2017-07-28 15:28:11 SELECT SQL : SELECT name FROM branches WHERE  id = '11'  
2017-07-28 15:28:11 Response : {"success":1,"data":[{"name":"CHINA-RMB Account","id":"27","balance":-60891447},{"name":"CHINA-USD Account","id":"28","balance":-2997.2451790634}],"branchName":"CHINA"}
2017-07-28 15:28:49 ---- New Request ----
2017-07-28 15:28:49 Controller : Users
2017-07-28 15:28:49 Method : logoutAction
2017-07-28 15:28:49 Controller File : controllers/Users.class.php, Exists
2017-07-28 15:28:49 Class constructed
2017-07-28 15:28:49 Logout Params ;Session ID :7frT1iGE8TtyjTCa8WqdGLf8DIKlKdej\User ID : 5
2017-07-28 15:28:49 UPDATE SQL : UPDATE users SET sessionId = '',ipAddress = '41.210.143.182' WHERE  id = '5' 
2017-07-28 15:28:49 Response : {"success":1}
