2017-07-27 14:10:39 ---- New Request ----
2017-07-27 14:10:39 Controller : Users
2017-07-27 14:10:39 Method : loginAction
2017-07-27 14:10:39 Controller File : controllers/Users.class.php, Exists
2017-07-27 14:10:39 Class constructed
2017-07-27 14:10:39 Login Params ;Username :lydia
Password : ******
2017-07-27 14:10:39 SELECT SQL : SELECT id,firstName,surname,userName,userTypeId,sessionId,password,active,branchId FROM users WHERE  userName = 'lydia'  
2017-07-27 14:10:39 SELECT SQL : SELECT name FROM branches WHERE  id = '6'  
2017-07-27 14:10:39 UPDATE SQL : UPDATE users SET sessionId = '1UjUTne3ukr4qtkgGAMkXApq1ZmkGhar',ipAddress = '41.75.168.180' WHERE  id = '3' 
2017-07-27 14:10:39 Response : {"success":1,"data":{"id":"3","firstName":"Lydia","surname":"Amoi","userName":"lydia","userTypeId":"2","sessionId":"1UjUTne3ukr4qtkgGAMkXApq1ZmkGhar","branchId":"6","branchName":"OASIS MALL"}}
2017-07-27 14:11:38 ---- New Request ----
2017-07-27 14:11:38 Controller : Users
2017-07-27 14:11:38 Method : loginAction
2017-07-27 14:11:38 Controller File : controllers/Users.class.php, Exists
2017-07-27 14:11:38 Class constructed
2017-07-27 14:11:38 Login Params ;Username :lydia
Password : ******
2017-07-27 14:11:38 SELECT SQL : SELECT id,firstName,surname,userName,userTypeId,sessionId,password,active,branchId FROM users WHERE  userName = 'lydia'  
2017-07-27 14:11:38 SELECT SQL : SELECT name FROM branches WHERE  id = '6'  
2017-07-27 14:11:38 UPDATE SQL : UPDATE users SET sessionId = 'MxThMM3BqkiaiK1FAAiubWThgVSTgxeC',ipAddress = '160.242.137.6' WHERE  id = '3' 
2017-07-27 14:11:38 Response : {"success":1,"data":{"id":"3","firstName":"Lydia","surname":"Amoi","userName":"lydia","userTypeId":"2","sessionId":"MxThMM3BqkiaiK1FAAiubWThgVSTgxeC","branchId":"6","branchName":"OASIS MALL"}}
2017-07-27 14:11:39 ---- New Request ----
2017-07-27 14:11:39 Controller : Users
2017-07-27 14:11:39 Method : loginAction
2017-07-27 14:11:39 Controller File : controllers/Users.class.php, Exists
2017-07-27 14:11:39 Class constructed
2017-07-27 14:11:39 Login Params ;Username :lydia
Password : ******
2017-07-27 14:11:39 SELECT SQL : SELECT id,firstName,surname,userName,userTypeId,sessionId,password,active,branchId FROM users WHERE  userName = 'lydia'  
2017-07-27 14:11:39 SELECT SQL : SELECT name FROM branches WHERE  id = '6'  
2017-07-27 14:11:39 UPDATE SQL : UPDATE users SET sessionId = 'vxVQL1ebpEacD4G6JkiEQRAQvruKlk0X',ipAddress = '160.242.137.6' WHERE  id = '3' 
2017-07-27 14:11:39 Response : {"success":1,"data":{"id":"3","firstName":"Lydia","surname":"Amoi","userName":"lydia","userTypeId":"2","sessionId":"vxVQL1ebpEacD4G6JkiEQRAQvruKlk0X","branchId":"6","branchName":"OASIS MALL"}}
2017-07-27 14:11:48 ---- New Request ----
2017-07-27 14:11:48 Controller : Users
2017-07-27 14:11:48 Method : formsdetailsAction
2017-07-27 14:11:48 Controller File : controllers/Users.class.php, Exists
2017-07-27 14:11:48 Class constructed
2017-07-27 14:11:48 Details Params :
SessionID :vxVQL1ebpEacD4G6JkiEQRAQvruKlk0X
User ID : 3
2017-07-27 14:11:48 SELECT SQL : SELECT * FROM branches WHERE  active = '1'  
2017-07-27 14:11:48 SELECT SQL : SELECT * FROM countries WHERE  active = '1'  
2017-07-27 14:11:48 SELECT SQL : SELECT * FROM identification WHERE  active = '1'  
2017-07-27 14:11:48 SELECT SQL : SELECT * FROM users WHERE  active = '1'  
2017-07-27 14:11:48 SELECT SQL : SELECT id,name,branchId,currency_id FROM accounts WHERE  active = '1' AND type_id = '1'  
2017-07-27 14:11:48 Balance Update Params :
Branch Id : 5
Account ID : 16
Amount : 0
2017-07-27 14:11:48 SELECT SQL : SELECT * FROM balances WHERE  branchId = '5' AND accountId = '16'  
2017-07-27 14:11:48 SELECT SQL : SELECT * FROM balances WHERE  branchId = '5' AND accountId = '16' AND date = '2017-07-27'  
2017-07-27 14:11:48 UPDATE SQL : UPDATE balances SET closingBalance = '315496' WHERE  branchId = '5' AND accountId = '16' AND date = '2017-07-27' 
2017-07-27 14:11:48 Balance Update Status 2:1
 2017-07-27 14:11:48 Balance Update Params :
Branch Id : 6
Account ID : 20
Amount : 0
2017-07-27 14:11:48 SELECT SQL : SELECT * FROM balances WHERE  branchId = '6' AND accountId = '20'  
2017-07-27 14:11:48 Balance Update Params :
Branch Id : 6
Account ID : 21
Amount : 0
2017-07-27 14:11:48 SELECT SQL : SELECT * FROM balances WHERE  branchId = '6' AND accountId = '21'  
2017-07-27 14:11:48 SELECT SQL : SELECT * FROM balances WHERE  branchId = '6' AND accountId = '21' AND date = '2017-07-27'  
2017-07-27 14:11:48 UPDATE SQL : UPDATE balances SET closingBalance = '-88986.84511788' WHERE  branchId = '6' AND accountId = '21' AND date = '2017-07-27' 
2017-07-27 14:11:48 Balance Update Status 2:1
 2017-07-27 14:11:48 Balance Update Params :
Branch Id : 6
Account ID : 22
Amount : 0
2017-07-27 14:11:48 SELECT SQL : SELECT * FROM balances WHERE  branchId = '6' AND accountId = '22'  
2017-07-27 14:11:48 Balance Update Params :
Branch Id : 6
Account ID : 23
Amount : 0
2017-07-27 14:11:48 SELECT SQL : SELECT * FROM balances WHERE  branchId = '6' AND accountId = '23'  
2017-07-27 14:11:48 SELECT SQL : SELECT * FROM balances WHERE  branchId = '6' AND accountId = '23' AND date = '2017-07-27'  
2017-07-27 14:11:48 UPDATE SQL : UPDATE balances SET closingBalance = '-112384482' WHERE  branchId = '6' AND accountId = '23' AND date = '2017-07-27' 
2017-07-27 14:11:48 Balance Update Status 2:1
 2017-07-27 14:11:48 Balance Update Params :
Branch Id : 6
Account ID : 24
Amount : 0
2017-07-27 14:11:48 SELECT SQL : SELECT * FROM balances WHERE  branchId = '6' AND accountId = '24'  
2017-07-27 14:11:48 Balance Update Params :
Branch Id : 11
Account ID : 27
Amount : 0
2017-07-27 14:11:48 SELECT SQL : SELECT * FROM balances WHERE  branchId = '11' AND accountId = '27'  
2017-07-27 14:11:48 SELECT SQL : SELECT * FROM balances WHERE  branchId = '11' AND accountId = '27' AND date = '2017-07-27'  
2017-07-27 14:11:48 UPDATE SQL : UPDATE balances SET closingBalance = '5215151.6461271' WHERE  branchId = '11' AND accountId = '27' AND date = '2017-07-27' 
2017-07-27 14:11:48 Balance Update Status 2:1
 2017-07-27 14:11:48 Balance Update Params :
Branch Id : 11
Account ID : 28
Amount : 0
2017-07-27 14:11:48 SELECT SQL : SELECT * FROM balances WHERE  branchId = '11' AND accountId = '28'  
2017-07-27 14:11:48 Balance Update Params :
Branch Id : 12
Account ID : 33
Amount : 0
2017-07-27 14:11:48 SELECT SQL : SELECT * FROM balances WHERE  branchId = '12' AND accountId = '33'  
2017-07-27 14:11:48 SELECT SQL : SELECT * FROM balances WHERE  branchId = '12' AND accountId = '33' AND date = '2017-07-27'  
2017-07-27 14:11:48 UPDATE SQL : UPDATE balances SET closingBalance = '22182' WHERE  branchId = '12' AND accountId = '33' AND date = '2017-07-27' 
2017-07-27 14:11:48 Balance Update Status 2:1
 2017-07-27 14:11:48 Balance Update Params :
Branch Id : 12
Account ID : 36
Amount : 0
2017-07-27 14:11:48 SELECT SQL : SELECT * FROM balances WHERE  branchId = '12' AND accountId = '36'  
2017-07-27 14:11:48 SELECT SQL : SELECT * FROM balances WHERE  branchId = '12' AND accountId = '36' AND date = '2017-07-27'  
2017-07-27 14:11:48 UPDATE SQL : UPDATE balances SET closingBalance = '762107' WHERE  branchId = '12' AND accountId = '36' AND date = '2017-07-27' 
2017-07-27 14:11:48 Balance Update Status 2:1
 2017-07-27 14:11:48 Balance Update Params :
Branch Id : 7
Account ID : 37
Amount : 0
2017-07-27 14:11:48 SELECT SQL : SELECT * FROM balances WHERE  branchId = '7' AND accountId = '37'  
2017-07-27 14:11:48 SELECT SQL : SELECT * FROM balances WHERE  branchId = '7' AND accountId = '37' AND date = '2017-07-27'  
2017-07-27 14:11:48 UPDATE SQL : UPDATE balances SET closingBalance = '47450' WHERE  branchId = '7' AND accountId = '37' AND date = '2017-07-27' 
2017-07-27 14:11:48 Balance Update Status 2:1
 2017-07-27 14:11:48 Balance Update Params :
Branch Id : 13
Account ID : 38
Amount : 0
2017-07-27 14:11:48 SELECT SQL : SELECT * FROM balances WHERE  branchId = '13' AND accountId = '38'  
2017-07-27 14:11:48 SELECT SQL : SELECT * FROM balances WHERE  branchId = '13' AND accountId = '38' AND date = '2017-07-27'  
2017-07-27 14:11:48 UPDATE SQL : UPDATE balances SET closingBalance = '2700' WHERE  branchId = '13' AND accountId = '38' AND date = '2017-07-27' 
2017-07-27 14:11:48 Balance Update Status 2:1
 2017-07-27 14:11:48 Balance Update Params :
Branch Id : 13
Account ID : 39
Amount : 0
2017-07-27 14:11:48 SELECT SQL : SELECT * FROM balances WHERE  branchId = '13' AND accountId = '39'  
2017-07-27 14:11:48 SELECT SQL : SELECT * FROM currencies WHERE  active = '1'  
2017-07-27 14:11:48 SELECT SQL : SELECT * FROM accounts WHERE  active = '1' AND type_id = '4'  
2017-07-27 14:11:48 SELECT SQL : SELECT * FROM account_types WHERE  active = '1'  
2017-07-27 14:11:48 SELECT SQL : SELECT * FROM user_types WHERE  active = '1'  
2017-07-27 14:11:48 Response : {"data":{"branches":[{"id":"5","name":"KINSHASHA","countryId":"4","location":"Patrice Avenue","supervisorId":"3","createdBy":"4","ts":"2017-06-30 00:06:55","active":"1"},{"id":"6","name":"OASIS MALL","countryId":"1","location":"Yusufu Lule Rd","supervisorId":"3","createdBy":"2","ts":"2017-06-30 00:12:08","active":"1"},{"id":"7","name":"GOMA","countryId":"4","location":"Goma","supervisorId":"3","createdBy":"1","ts":"2017-07-05 00:00:00","active":"1"},{"id":"9","name":"MOMBASA","countryId":"2","location":"Mombasa","supervisorId":"3","createdBy":"1","ts":"2017-07-05 00:00:00","active":"1"},{"id":"10","name":"DUBAI","countryId":"6","location":"Dubai","supervisorId":"3","createdBy":"1","ts":"2017-07-05 00:00:00","active":"1"},{"id":"11","name":"CHINA","countryId":"5","location":"China","supervisorId":"3","createdBy":"3","ts":"2017-07-05 13:23:17","active":"1"},{"id":"12","name":"NAIROBI","countryId":"2","location":"Nairobi","supervisorId":"3","createdBy":"3","ts":"2017-07-06 14:12:35","active":"1"},{"id":"13","name":"KAMPALA ROAD","countryId":"1","location":"kampala road","supervisorId":"3","createdBy":"3","ts":"2017-07-06 14:12:35","active":"1"}],"countries":[{"id":"1","name":"UGANDA","createdBy":"1","ts":"2017-06-25 23:13:31","active":"1"},{"id":"2","name":"KENYA","createdBy":"1","ts":"2017-06-26 09:02:45","active":"1"},{"id":"3","name":"TZ","createdBy":"1","ts":"2017-06-28 11:11:53","active":"1"},{"id":"4","name":"CONGO","createdBy":"1","ts":"2017-06-28 11:26:11","active":"1"},{"id":"5","name":"CHINA","createdBy":"1","ts":"2017-06-28 11:30:01","active":"1"},{"id":"6","name":"UAE","createdBy":"1","ts":"2017-07-05 00:00:00","active":"1"}],"ids":[[{"id":"1","name":"Passport","createdBy":"1","ts":"2017-06-28 14:00:01","active":"1"},{"id":"2","name":"National ID","createdBy":"1","ts":"2017-06-28 14:00:01","active":"1"},{"id":"3","name":"STUDENTS ID","createdBy":"1","ts":"2017-06-28 16:21:46","active":"1"}]],"users":[{"id":"1","firstName":"You","surname":"Jinshu","email":"hudsonbogere@swipeit.co.ug","phone":"256783131266","userName":"you","branchId":"0","userTypeId":"1","password":"$2y$10$pPGbhJ1RXx\/ug.ED3LnsQuKHJTqwYsa\/iF0OqGOgsjflkHKIDTLVq","sessionId":"CFnzjXc5wtIKgfgKgL2DASU3uZYEM42v","ipAddress":"160.242.139.228","createdBy":null,"ts":"2017-06-23 15:08:12","active":"1"},{"id":"2","firstName":"Nansubuga","surname":"Dorothy","email":"henry@gmail.com","phone":"256752284441","userName":"dorah","branchId":"12","userTypeId":"3","password":"$2y$10$F9t92sYKf2rDJ.JzCmrrT.Jt1Ix37Fuo.uZKpXPn69dgDUTZ8xLXi","sessionId":"PCzeXmwhaBJ4y5ntgJfteFHthw0mltia","ipAddress":"154.76.3.104","createdBy":"1","ts":"2017-06-26 19:11:07","active":"1"},{"id":"3","firstName":"Lydia","surname":"Amoi","email":"islam@gmail.com","phone":"256777608310","userName":"lydia","branchId":"6","userTypeId":"2","password":"$2y$10$m72Zz8Z.h4\/Zp6TFDhmbXeQ79kZ7JJ2U0yLUanc0dDVxbc.5UPkRG","sessionId":"vxVQL1ebpEacD4G6JkiEQRAQvruKlk0X","ipAddress":"160.242.137.6","createdBy":"1","ts":"2017-06-26 19:41:01","active":"1"},{"id":"4","firstName":"Nabukera","surname":"Maria","email":"banerd@tfb.com","phone":"256774457813","userName":"maria","branchId":"5","userTypeId":"5","password":"$2y$10$wTpUE\/WJFMfQaBglrQocTO9ndV6dbxL2vzFDEJZ1hpVVp4binpXGO","sessionId":"tAtmUN33mOodjeA8jFfyor0a3nj4RVf1","ipAddress":"160.242.139.78","createdBy":"1","ts":"2017-06-26 23:04:07","active":"1"},{"id":"5","firstName":"Henry","surname":"Bbosa","email":null,"phone":null,"userName":"henry","branchId":"11","userTypeId":"3","password":"$2y$10$m72Zz8Z.h4\/Zp6TFDhmbXeQ79kZ7JJ2U0yLUanc0dDVxbc.5UPkRG","sessionId":"","ipAddress":"197.157.0.49","createdBy":"1","ts":"2017-07-05 00:00:00","active":"1"},{"id":"6","firstName":"Edwin","surname":"Kakeeto","email":"edwin@edwin.com","phone":"0777777557","userName":"edwin","branchId":"7","userTypeId":"3","password":"$2y$10$wTpUE\/WJFMfQaBglrQocTO9ndV6dbxL2vzFDEJZ1hpVVp4binpXGO","sessionId":"KRX8Yh2iqId0EWTdOh43HSfBIE4fr5lp","ipAddress":"41.243.17.77","createdBy":"3","ts":"2017-07-10 07:37:50","active":"1"},{"id":"7","firstName":"Trish","surname":"Baby","email":"patricia@gmail.com","phone":"0777777557","userName":"trish","branchId":"13","userTypeId":"3","password":"$2y$10$m72Zz8Z.h4\/Zp6TFDhmbXeQ79kZ7JJ2U0yLUanc0dDVxbc.5UPkRG","sessionId":"k10XSropsYs2ikmovFMksbhRyqwut0dT","ipAddress":"160.242.137.6","createdBy":null,"ts":null,"active":"1"},{"id":"8","firstName":"cedric","surname":"cedric","email":"cedric@gmail.com","phone":"+256754813912","userName":"cedric","branchId":"7","userTypeId":"3","password":"$2y$10$m72Zz8Z.h4\/Zp6TFDhmbXeQ79kZ7JJ2U0yLUanc0dDVxbc.5UPkRG","sessionId":"","ipAddress":"160.242.141.153","createdBy":null,"ts":null,"active":"1"}],"accounts":[{"id":"16","name":"KINSHASHA-USD Account","branchId":"5","currency_id":"2"},{"id":"20","name":"OASIS MALL-RMB Account","branchId":"6","currency_id":"1"},{"id":"21","name":"OASIS MALL-USD Account","branchId":"6","currency_id":"2"},{"id":"22","name":"OASIS MALL-DIRHAM Account","branchId":"6","currency_id":"3"},{"id":"23","name":"OASIS MALL-UGX Account","branchId":"6","currency_id":"4"},{"id":"24","name":"OASIS MALL-KSH Account","branchId":"6","currency_id":"5"},{"id":"27","name":"CHINA-RMB Account","branchId":"11","currency_id":"1"},{"id":"28","name":"CHINA-USD Account","branchId":"11","currency_id":"2"},{"id":"33","name":"NAIROBI-USD Account","branchId":"12","currency_id":"2"},{"id":"36","name":"NAIROBI-KSH Account","branchId":"12","currency_id":"5"},{"id":"37","name":"GOMA-USD ACCOUNT","branchId":"7","currency_id":"2"},{"id":"38","name":"KAMPALA ROAD -USD ACCOUNT","branchId":"13","currency_id":"2"},{"id":"39","name":"KAMPALA ROAD- UGX ACCOUNT ","branchId":"13","currency_id":"4"}],"currencies":[{"id":"1","name":"RMB","symbol":"\u00c2\u00a5","createdBy":"1","ts":"2017-06-27 22:45:12","active":"1"},{"id":"2","name":"USD","symbol":"$","createdBy":"1","ts":"2017-06-27 22:45:12","active":"1"},{"id":"3","name":"DIRHAM","symbol":"","createdBy":"1","ts":"2017-06-28 11:40:09","active":"1"},{"id":"4","name":"UGX","symbol":"\/=","createdBy":"1","ts":"2017-06-28 11:46:50","active":"1"},{"id":"5","name":"KSH","symbol":"","createdBy":"1","ts":"2017-06-28 11:46:50","active":"1"}],"superaccount":[{"id":"1","name":"RMB Account","branchId":"0","type_id":"4","currency_id":"1","balance":"0","createdBy":"1","active":"1","ts":"2017-06-27 22:45:12"}],"accountTypes":[{"id":"1","type":"Transfer","description":"","createdBy":"1","ts":"2017-06-28 14:31:12","active":"1"},{"id":"2","type":"Suspense","description":"","createdBy":"1","ts":"2017-06-28 14:31:12","active":"1"},{"id":"4","type":"Super","description":"","createdBy":"1","ts":"2017-06-28 14:31:12","active":"1"}],"userTypes":[{"id":"1","name":"E-Value Admin","level":"1","ts":"2017-06-27 22:45:12","active":"1"},{"id":"2","name":"Super User","level":"2","ts":"2017-06-27 22:45:12","active":"1"},{"id":"3","name":"Agent","level":"3","ts":"2017-06-27 22:45:12","active":"1"},{"id":"4","name":"System Admin","level":"4","ts":"2017-06-27 22:45:12","active":"1"},{"id":"5","name":"superAgent","level":"3","ts":"2017-06-27 22:45:12","active":"1"}]},"success":1}
2017-07-27 14:11:51 ---- New Request ----
2017-07-27 14:11:51 Controller : Users
2017-07-27 14:11:51 Method : loginAction
2017-07-27 14:11:51 Controller File : controllers/Users.class.php, Exists
2017-07-27 14:11:51 Class constructed
2017-07-27 14:11:51 Login Params ;Username :lydia
Password : ******
2017-07-27 14:11:51 SELECT SQL : SELECT id,firstName,surname,userName,userTypeId,sessionId,password,active,branchId FROM users WHERE  userName = 'lydia'  
2017-07-27 14:11:51 SELECT SQL : SELECT name FROM branches WHERE  id = '6'  
2017-07-27 14:11:51 UPDATE SQL : UPDATE users SET sessionId = 'sggL3ZXejySFRL785rawJXXBNNqPogKV',ipAddress = '160.242.137.6' WHERE  id = '3' 
2017-07-27 14:11:51 Response : {"success":1,"data":{"id":"3","firstName":"Lydia","surname":"Amoi","userName":"lydia","userTypeId":"2","sessionId":"sggL3ZXejySFRL785rawJXXBNNqPogKV","branchId":"6","branchName":"OASIS MALL"}}
2017-07-27 14:11:53 ---- New Request ----
2017-07-27 14:11:53 Controller : Users
2017-07-27 14:11:53 Method : formsdetailsAction
2017-07-27 14:11:53 Controller File : controllers/Users.class.php, Exists
2017-07-27 14:11:53 Class constructed
2017-07-27 14:11:53 Details Params :
SessionID :sggL3ZXejySFRL785rawJXXBNNqPogKV
User ID : 3
2017-07-27 14:11:53 SELECT SQL : SELECT * FROM branches WHERE  active = '1'  
2017-07-27 14:11:53 SELECT SQL : SELECT * FROM countries WHERE  active = '1'  
2017-07-27 14:11:53 SELECT SQL : SELECT * FROM identification WHERE  active = '1'  
2017-07-27 14:11:53 SELECT SQL : SELECT * FROM users WHERE  active = '1'  
2017-07-27 14:11:53 SELECT SQL : SELECT id,name,branchId,currency_id FROM accounts WHERE  active = '1' AND type_id = '1'  
2017-07-27 14:11:53 Balance Update Params :
Branch Id : 5
Account ID : 16
Amount : 0
2017-07-27 14:11:53 SELECT SQL : SELECT * FROM balances WHERE  branchId = '5' AND accountId = '16'  
2017-07-27 14:11:53 SELECT SQL : SELECT * FROM balances WHERE  branchId = '5' AND accountId = '16' AND date = '2017-07-27'  
2017-07-27 14:11:53 UPDATE SQL : UPDATE balances SET closingBalance = '315496' WHERE  branchId = '5' AND accountId = '16' AND date = '2017-07-27' 
2017-07-27 14:11:53 Balance Update Status 2:1
 2017-07-27 14:11:53 Balance Update Params :
Branch Id : 6
Account ID : 20
Amount : 0
2017-07-27 14:11:53 SELECT SQL : SELECT * FROM balances WHERE  branchId = '6' AND accountId = '20'  
2017-07-27 14:11:53 Balance Update Params :
Branch Id : 6
Account ID : 21
Amount : 0
2017-07-27 14:11:53 SELECT SQL : SELECT * FROM balances WHERE  branchId = '6' AND accountId = '21'  
2017-07-27 14:11:53 SELECT SQL : SELECT * FROM balances WHERE  branchId = '6' AND accountId = '21' AND date = '2017-07-27'  
2017-07-27 14:11:53 UPDATE SQL : UPDATE balances SET closingBalance = '-88986.84511788' WHERE  branchId = '6' AND accountId = '21' AND date = '2017-07-27' 
2017-07-27 14:11:53 Balance Update Status 2:1
 2017-07-27 14:11:53 Balance Update Params :
Branch Id : 6
Account ID : 22
Amount : 0
2017-07-27 14:11:53 SELECT SQL : SELECT * FROM balances WHERE  branchId = '6' AND accountId = '22'  
2017-07-27 14:11:53 Balance Update Params :
Branch Id : 6
Account ID : 23
Amount : 0
2017-07-27 14:11:53 SELECT SQL : SELECT * FROM balances WHERE  branchId = '6' AND accountId = '23'  
2017-07-27 14:11:53 SELECT SQL : SELECT * FROM balances WHERE  branchId = '6' AND accountId = '23' AND date = '2017-07-27'  
2017-07-27 14:11:53 UPDATE SQL : UPDATE balances SET closingBalance = '-112384482' WHERE  branchId = '6' AND accountId = '23' AND date = '2017-07-27' 
2017-07-27 14:11:53 Balance Update Status 2:1
 2017-07-27 14:11:53 Balance Update Params :
Branch Id : 6
Account ID : 24
Amount : 0
2017-07-27 14:11:53 SELECT SQL : SELECT * FROM balances WHERE  branchId = '6' AND accountId = '24'  
2017-07-27 14:11:53 Balance Update Params :
Branch Id : 11
Account ID : 27
Amount : 0
2017-07-27 14:11:53 SELECT SQL : SELECT * FROM balances WHERE  branchId = '11' AND accountId = '27'  
2017-07-27 14:11:53 SELECT SQL : SELECT * FROM balances WHERE  branchId = '11' AND accountId = '27' AND date = '2017-07-27'  
2017-07-27 14:11:53 UPDATE SQL : UPDATE balances SET closingBalance = '5215151.6461271' WHERE  branchId = '11' AND accountId = '27' AND date = '2017-07-27' 
2017-07-27 14:11:53 Balance Update Status 2:1
 2017-07-27 14:11:53 Balance Update Params :
Branch Id : 11
Account ID : 28
Amount : 0
2017-07-27 14:11:53 SELECT SQL : SELECT * FROM balances WHERE  branchId = '11' AND accountId = '28'  
2017-07-27 14:11:53 Balance Update Params :
Branch Id : 12
Account ID : 33
Amount : 0
2017-07-27 14:11:53 SELECT SQL : SELECT * FROM balances WHERE  branchId = '12' AND accountId = '33'  
2017-07-27 14:11:53 SELECT SQL : SELECT * FROM balances WHERE  branchId = '12' AND accountId = '33' AND date = '2017-07-27'  
2017-07-27 14:11:53 UPDATE SQL : UPDATE balances SET closingBalance = '22182' WHERE  branchId = '12' AND accountId = '33' AND date = '2017-07-27' 
2017-07-27 14:11:53 Balance Update Status 2:1
 2017-07-27 14:11:53 Balance Update Params :
Branch Id : 12
Account ID : 36
Amount : 0
2017-07-27 14:11:53 SELECT SQL : SELECT * FROM balances WHERE  branchId = '12' AND accountId = '36'  
2017-07-27 14:11:53 SELECT SQL : SELECT * FROM balances WHERE  branchId = '12' AND accountId = '36' AND date = '2017-07-27'  
2017-07-27 14:11:53 UPDATE SQL : UPDATE balances SET closingBalance = '762107' WHERE  branchId = '12' AND accountId = '36' AND date = '2017-07-27' 
2017-07-27 14:11:53 Balance Update Status 2:1
 2017-07-27 14:11:53 Balance Update Params :
Branch Id : 7
Account ID : 37
Amount : 0
2017-07-27 14:11:53 SELECT SQL : SELECT * FROM balances WHERE  branchId = '7' AND accountId = '37'  
2017-07-27 14:11:53 SELECT SQL : SELECT * FROM balances WHERE  branchId = '7' AND accountId = '37' AND date = '2017-07-27'  
2017-07-27 14:11:53 UPDATE SQL : UPDATE balances SET closingBalance = '47450' WHERE  branchId = '7' AND accountId = '37' AND date = '2017-07-27' 
2017-07-27 14:11:53 Balance Update Status 2:1
 2017-07-27 14:11:53 Balance Update Params :
Branch Id : 13
Account ID : 38
Amount : 0
2017-07-27 14:11:53 SELECT SQL : SELECT * FROM balances WHERE  branchId = '13' AND accountId = '38'  
2017-07-27 14:11:53 SELECT SQL : SELECT * FROM balances WHERE  branchId = '13' AND accountId = '38' AND date = '2017-07-27'  
2017-07-27 14:11:53 UPDATE SQL : UPDATE balances SET closingBalance = '2700' WHERE  branchId = '13' AND accountId = '38' AND date = '2017-07-27' 
2017-07-27 14:11:53 Balance Update Status 2:1
 2017-07-27 14:11:53 Balance Update Params :
Branch Id : 13
Account ID : 39
Amount : 0
2017-07-27 14:11:53 SELECT SQL : SELECT * FROM balances WHERE  branchId = '13' AND accountId = '39'  
2017-07-27 14:11:53 SELECT SQL : SELECT * FROM currencies WHERE  active = '1'  
2017-07-27 14:11:53 SELECT SQL : SELECT * FROM accounts WHERE  active = '1' AND type_id = '4'  
2017-07-27 14:11:53 SELECT SQL : SELECT * FROM account_types WHERE  active = '1'  
2017-07-27 14:11:53 SELECT SQL : SELECT * FROM user_types WHERE  active = '1'  
2017-07-27 14:11:53 Response : {"data":{"branches":[{"id":"5","name":"KINSHASHA","countryId":"4","location":"Patrice Avenue","supervisorId":"3","createdBy":"4","ts":"2017-06-30 00:06:55","active":"1"},{"id":"6","name":"OASIS MALL","countryId":"1","location":"Yusufu Lule Rd","supervisorId":"3","createdBy":"2","ts":"2017-06-30 00:12:08","active":"1"},{"id":"7","name":"GOMA","countryId":"4","location":"Goma","supervisorId":"3","createdBy":"1","ts":"2017-07-05 00:00:00","active":"1"},{"id":"9","name":"MOMBASA","countryId":"2","location":"Mombasa","supervisorId":"3","createdBy":"1","ts":"2017-07-05 00:00:00","active":"1"},{"id":"10","name":"DUBAI","countryId":"6","location":"Dubai","supervisorId":"3","createdBy":"1","ts":"2017-07-05 00:00:00","active":"1"},{"id":"11","name":"CHINA","countryId":"5","location":"China","supervisorId":"3","createdBy":"3","ts":"2017-07-05 13:23:17","active":"1"},{"id":"12","name":"NAIROBI","countryId":"2","location":"Nairobi","supervisorId":"3","createdBy":"3","ts":"2017-07-06 14:12:35","active":"1"},{"id":"13","name":"KAMPALA ROAD","countryId":"1","location":"kampala road","supervisorId":"3","createdBy":"3","ts":"2017-07-06 14:12:35","active":"1"}],"countries":[{"id":"1","name":"UGANDA","createdBy":"1","ts":"2017-06-25 23:13:31","active":"1"},{"id":"2","name":"KENYA","createdBy":"1","ts":"2017-06-26 09:02:45","active":"1"},{"id":"3","name":"TZ","createdBy":"1","ts":"2017-06-28 11:11:53","active":"1"},{"id":"4","name":"CONGO","createdBy":"1","ts":"2017-06-28 11:26:11","active":"1"},{"id":"5","name":"CHINA","createdBy":"1","ts":"2017-06-28 11:30:01","active":"1"},{"id":"6","name":"UAE","createdBy":"1","ts":"2017-07-05 00:00:00","active":"1"}],"ids":[[{"id":"1","name":"Passport","createdBy":"1","ts":"2017-06-28 14:00:01","active":"1"},{"id":"2","name":"National ID","createdBy":"1","ts":"2017-06-28 14:00:01","active":"1"},{"id":"3","name":"STUDENTS ID","createdBy":"1","ts":"2017-06-28 16:21:46","active":"1"}]],"users":[{"id":"1","firstName":"You","surname":"Jinshu","email":"hudsonbogere@swipeit.co.ug","phone":"256783131266","userName":"you","branchId":"0","userTypeId":"1","password":"$2y$10$pPGbhJ1RXx\/ug.ED3LnsQuKHJTqwYsa\/iF0OqGOgsjflkHKIDTLVq","sessionId":"CFnzjXc5wtIKgfgKgL2DASU3uZYEM42v","ipAddress":"160.242.139.228","createdBy":null,"ts":"2017-06-23 15:08:12","active":"1"},{"id":"2","firstName":"Nansubuga","surname":"Dorothy","email":"henry@gmail.com","phone":"256752284441","userName":"dorah","branchId":"12","userTypeId":"3","password":"$2y$10$F9t92sYKf2rDJ.JzCmrrT.Jt1Ix37Fuo.uZKpXPn69dgDUTZ8xLXi","sessionId":"PCzeXmwhaBJ4y5ntgJfteFHthw0mltia","ipAddress":"154.76.3.104","createdBy":"1","ts":"2017-06-26 19:11:07","active":"1"},{"id":"3","firstName":"Lydia","surname":"Amoi","email":"islam@gmail.com","phone":"256777608310","userName":"lydia","branchId":"6","userTypeId":"2","password":"$2y$10$m72Zz8Z.h4\/Zp6TFDhmbXeQ79kZ7JJ2U0yLUanc0dDVxbc.5UPkRG","sessionId":"sggL3ZXejySFRL785rawJXXBNNqPogKV","ipAddress":"160.242.137.6","createdBy":"1","ts":"2017-06-26 19:41:01","active":"1"},{"id":"4","firstName":"Nabukera","surname":"Maria","email":"banerd@tfb.com","phone":"256774457813","userName":"maria","branchId":"5","userTypeId":"5","password":"$2y$10$wTpUE\/WJFMfQaBglrQocTO9ndV6dbxL2vzFDEJZ1hpVVp4binpXGO","sessionId":"tAtmUN33mOodjeA8jFfyor0a3nj4RVf1","ipAddress":"160.242.139.78","createdBy":"1","ts":"2017-06-26 23:04:07","active":"1"},{"id":"5","firstName":"Henry","surname":"Bbosa","email":null,"phone":null,"userName":"henry","branchId":"11","userTypeId":"3","password":"$2y$10$m72Zz8Z.h4\/Zp6TFDhmbXeQ79kZ7JJ2U0yLUanc0dDVxbc.5UPkRG","sessionId":"","ipAddress":"197.157.0.49","createdBy":"1","ts":"2017-07-05 00:00:00","active":"1"},{"id":"6","firstName":"Edwin","surname":"Kakeeto","email":"edwin@edwin.com","phone":"0777777557","userName":"edwin","branchId":"7","userTypeId":"3","password":"$2y$10$wTpUE\/WJFMfQaBglrQocTO9ndV6dbxL2vzFDEJZ1hpVVp4binpXGO","sessionId":"KRX8Yh2iqId0EWTdOh43HSfBIE4fr5lp","ipAddress":"41.243.17.77","createdBy":"3","ts":"2017-07-10 07:37:50","active":"1"},{"id":"7","firstName":"Trish","surname":"Baby","email":"patricia@gmail.com","phone":"0777777557","userName":"trish","branchId":"13","userTypeId":"3","password":"$2y$10$m72Zz8Z.h4\/Zp6TFDhmbXeQ79kZ7JJ2U0yLUanc0dDVxbc.5UPkRG","sessionId":"k10XSropsYs2ikmovFMksbhRyqwut0dT","ipAddress":"160.242.137.6","createdBy":null,"ts":null,"active":"1"},{"id":"8","firstName":"cedric","surname":"cedric","email":"cedric@gmail.com","phone":"+256754813912","userName":"cedric","branchId":"7","userTypeId":"3","password":"$2y$10$m72Zz8Z.h4\/Zp6TFDhmbXeQ79kZ7JJ2U0yLUanc0dDVxbc.5UPkRG","sessionId":"","ipAddress":"160.242.141.153","createdBy":null,"ts":null,"active":"1"}],"accounts":[{"id":"16","name":"KINSHASHA-USD Account","branchId":"5","currency_id":"2"},{"id":"20","name":"OASIS MALL-RMB Account","branchId":"6","currency_id":"1"},{"id":"21","name":"OASIS MALL-USD Account","branchId":"6","currency_id":"2"},{"id":"22","name":"OASIS MALL-DIRHAM Account","branchId":"6","currency_id":"3"},{"id":"23","name":"OASIS MALL-UGX Account","branchId":"6","currency_id":"4"},{"id":"24","name":"OASIS MALL-KSH Account","branchId":"6","currency_id":"5"},{"id":"27","name":"CHINA-RMB Account","branchId":"11","currency_id":"1"},{"id":"28","name":"CHINA-USD Account","branchId":"11","currency_id":"2"},{"id":"33","name":"NAIROBI-USD Account","branchId":"12","currency_id":"2"},{"id":"36","name":"NAIROBI-KSH Account","branchId":"12","currency_id":"5"},{"id":"37","name":"GOMA-USD ACCOUNT","branchId":"7","currency_id":"2"},{"id":"38","name":"KAMPALA ROAD -USD ACCOUNT","branchId":"13","currency_id":"2"},{"id":"39","name":"KAMPALA ROAD- UGX ACCOUNT ","branchId":"13","currency_id":"4"}],"currencies":[{"id":"1","name":"RMB","symbol":"\u00c2\u00a5","createdBy":"1","ts":"2017-06-27 22:45:12","active":"1"},{"id":"2","name":"USD","symbol":"$","createdBy":"1","ts":"2017-06-27 22:45:12","active":"1"},{"id":"3","name":"DIRHAM","symbol":"","createdBy":"1","ts":"2017-06-28 11:40:09","active":"1"},{"id":"4","name":"UGX","symbol":"\/=","createdBy":"1","ts":"2017-06-28 11:46:50","active":"1"},{"id":"5","name":"KSH","symbol":"","createdBy":"1","ts":"2017-06-28 11:46:50","active":"1"}],"superaccount":[{"id":"1","name":"RMB Account","branchId":"0","type_id":"4","currency_id":"1","balance":"0","createdBy":"1","active":"1","ts":"2017-06-27 22:45:12"}],"accountTypes":[{"id":"1","type":"Transfer","description":"","createdBy":"1","ts":"2017-06-28 14:31:12","active":"1"},{"id":"2","type":"Suspense","description":"","createdBy":"1","ts":"2017-06-28 14:31:12","active":"1"},{"id":"4","type":"Super","description":"","createdBy":"1","ts":"2017-06-28 14:31:12","active":"1"}],"userTypes":[{"id":"1","name":"E-Value Admin","level":"1","ts":"2017-06-27 22:45:12","active":"1"},{"id":"2","name":"Super User","level":"2","ts":"2017-06-27 22:45:12","active":"1"},{"id":"3","name":"Agent","level":"3","ts":"2017-06-27 22:45:12","active":"1"},{"id":"4","name":"System Admin","level":"4","ts":"2017-06-27 22:45:12","active":"1"},{"id":"5","name":"superAgent","level":"3","ts":"2017-06-27 22:45:12","active":"1"}]},"success":1}
2017-07-27 14:13:35 ---- New Request ----
2017-07-27 14:13:35 Controller : Transfers
2017-07-27 14:13:35 Method : getallaccountbalancesAction
2017-07-27 14:13:35 Controller File : controllers/Transfers.class.php, Exists
2017-07-27 14:13:35 Class constructed
2017-07-27 14:13:35 Class constructed
2017-07-27 14:13:35 UserID : 3
SessionId : sggL3ZXejySFRL785rawJXXBNNqPogKV
Branch ID : 6
2017-07-27 14:13:35 SELECT SQL : SELECT sessionId FROM users WHERE  id = '3'  
2017-07-27 14:13:35 SELECT SQL : SELECT name,id FROM accounts WHERE  active = '1' AND branchId = '6'  
2017-07-27 14:13:35 SELECT SQL : SELECT name FROM branches WHERE  id = '6'  
2017-07-27 14:13:35 Response : {"success":1,"data":[{"name":"OASIS MALL-RMB Account","id":"20","balance":0},{"name":"OASIS MALL-USD Account","id":"21","balance":-7293555},{"name":"OASIS MALL-DIRHAM Account","id":"22","balance":0},{"name":"OASIS MALL-UGX Account","id":"23","balance":150660518},{"name":"OASIS MALL-KSH Account","id":"24","balance":0}],"branchName":"OASIS MALL"}
2017-07-27 14:13:36 ---- New Request ----
2017-07-27 14:13:36 Controller : Transfers
2017-07-27 14:13:36 Method : getallaccountbalancesAction
2017-07-27 14:13:36 Controller File : controllers/Transfers.class.php, Exists
2017-07-27 14:13:36 Class constructed
2017-07-27 14:13:36 Class constructed
2017-07-27 14:13:36 UserID : 3
SessionId : sggL3ZXejySFRL785rawJXXBNNqPogKV
Branch ID : 6
2017-07-27 14:13:36 SELECT SQL : SELECT sessionId FROM users WHERE  id = '3'  
2017-07-27 14:13:36 SELECT SQL : SELECT name,id FROM accounts WHERE  active = '1' AND branchId = '6'  
2017-07-27 14:13:36 SELECT SQL : SELECT name FROM branches WHERE  id = '6'  
2017-07-27 14:13:36 Response : {"success":1,"data":[{"name":"OASIS MALL-RMB Account","id":"20","balance":0},{"name":"OASIS MALL-USD Account","id":"21","balance":-7293555},{"name":"OASIS MALL-DIRHAM Account","id":"22","balance":0},{"name":"OASIS MALL-UGX Account","id":"23","balance":150660518},{"name":"OASIS MALL-KSH Account","id":"24","balance":0}],"branchName":"OASIS MALL"}
2017-07-27 14:13:58 ---- New Request ----
2017-07-27 14:13:58 Controller : Users
2017-07-27 14:13:58 Method : formsdetailsAction
2017-07-27 14:13:58 Controller File : controllers/Users.class.php, Exists
2017-07-27 14:13:58 Class constructed
2017-07-27 14:13:58 Details Params :
SessionID :sggL3ZXejySFRL785rawJXXBNNqPogKV
User ID : 3
2017-07-27 14:13:58 SELECT SQL : SELECT * FROM branches WHERE  active = '1'  
2017-07-27 14:13:58 SELECT SQL : SELECT * FROM countries WHERE  active = '1'  
2017-07-27 14:13:58 SELECT SQL : SELECT * FROM identification WHERE  active = '1'  
2017-07-27 14:13:58 SELECT SQL : SELECT * FROM users WHERE  active = '1'  
2017-07-27 14:13:58 SELECT SQL : SELECT id,name,branchId,currency_id FROM accounts WHERE  active = '1' AND type_id = '1'  
2017-07-27 14:13:58 Balance Update Params :
Branch Id : 5
Account ID : 16
Amount : 0
2017-07-27 14:13:58 SELECT SQL : SELECT * FROM balances WHERE  branchId = '5' AND accountId = '16'  
2017-07-27 14:13:58 SELECT SQL : SELECT * FROM balances WHERE  branchId = '5' AND accountId = '16' AND date = '2017-07-27'  
2017-07-27 14:13:58 UPDATE SQL : UPDATE balances SET closingBalance = '315496' WHERE  branchId = '5' AND accountId = '16' AND date = '2017-07-27' 
2017-07-27 14:13:58 Balance Update Status 2:1
 2017-07-27 14:13:58 Balance Update Params :
Branch Id : 6
Account ID : 20
Amount : 0
2017-07-27 14:13:58 SELECT SQL : SELECT * FROM balances WHERE  branchId = '6' AND accountId = '20'  
2017-07-27 14:13:58 Balance Update Params :
Branch Id : 6
Account ID : 21
Amount : 0
2017-07-27 14:13:58 SELECT SQL : SELECT * FROM balances WHERE  branchId = '6' AND accountId = '21'  
2017-07-27 14:13:58 SELECT SQL : SELECT * FROM balances WHERE  branchId = '6' AND accountId = '21' AND date = '2017-07-27'  
2017-07-27 14:13:58 UPDATE SQL : UPDATE balances SET closingBalance = '-88986.84511788' WHERE  branchId = '6' AND accountId = '21' AND date = '2017-07-27' 
2017-07-27 14:13:58 Balance Update Status 2:1
 2017-07-27 14:13:58 Balance Update Params :
Branch Id : 6
Account ID : 22
Amount : 0
2017-07-27 14:13:58 SELECT SQL : SELECT * FROM balances WHERE  branchId = '6' AND accountId = '22'  
2017-07-27 14:13:58 Balance Update Params :
Branch Id : 6
Account ID : 23
Amount : 0
2017-07-27 14:13:58 SELECT SQL : SELECT * FROM balances WHERE  branchId = '6' AND accountId = '23'  
2017-07-27 14:13:58 SELECT SQL : SELECT * FROM balances WHERE  branchId = '6' AND accountId = '23' AND date = '2017-07-27'  
2017-07-27 14:13:58 UPDATE SQL : UPDATE balances SET closingBalance = '-112384482' WHERE  branchId = '6' AND accountId = '23' AND date = '2017-07-27' 
2017-07-27 14:13:58 Balance Update Status 2:1
 2017-07-27 14:13:58 Balance Update Params :
Branch Id : 6
Account ID : 24
Amount : 0
2017-07-27 14:13:58 SELECT SQL : SELECT * FROM balances WHERE  branchId = '6' AND accountId = '24'  
2017-07-27 14:13:58 Balance Update Params :
Branch Id : 11
Account ID : 27
Amount : 0
2017-07-27 14:13:58 SELECT SQL : SELECT * FROM balances WHERE  branchId = '11' AND accountId = '27'  
2017-07-27 14:13:58 SELECT SQL : SELECT * FROM balances WHERE  branchId = '11' AND accountId = '27' AND date = '2017-07-27'  
2017-07-27 14:13:58 UPDATE SQL : UPDATE balances SET closingBalance = '5215151.6461271' WHERE  branchId = '11' AND accountId = '27' AND date = '2017-07-27' 
2017-07-27 14:13:58 Balance Update Status 2:1
 2017-07-27 14:13:58 Balance Update Params :
Branch Id : 11
Account ID : 28
Amount : 0
2017-07-27 14:13:58 SELECT SQL : SELECT * FROM balances WHERE  branchId = '11' AND accountId = '28'  
2017-07-27 14:13:58 Balance Update Params :
Branch Id : 12
Account ID : 33
Amount : 0
2017-07-27 14:13:58 SELECT SQL : SELECT * FROM balances WHERE  branchId = '12' AND accountId = '33'  
2017-07-27 14:13:58 SELECT SQL : SELECT * FROM balances WHERE  branchId = '12' AND accountId = '33' AND date = '2017-07-27'  
2017-07-27 14:13:58 UPDATE SQL : UPDATE balances SET closingBalance = '22182' WHERE  branchId = '12' AND accountId = '33' AND date = '2017-07-27' 
2017-07-27 14:13:58 Balance Update Status 2:1
 2017-07-27 14:13:58 Balance Update Params :
Branch Id : 12
Account ID : 36
Amount : 0
2017-07-27 14:13:58 SELECT SQL : SELECT * FROM balances WHERE  branchId = '12' AND accountId = '36'  
2017-07-27 14:13:58 SELECT SQL : SELECT * FROM balances WHERE  branchId = '12' AND accountId = '36' AND date = '2017-07-27'  
2017-07-27 14:13:58 UPDATE SQL : UPDATE balances SET closingBalance = '762107' WHERE  branchId = '12' AND accountId = '36' AND date = '2017-07-27' 
2017-07-27 14:13:58 Balance Update Status 2:1
 2017-07-27 14:13:58 Balance Update Params :
Branch Id : 7
Account ID : 37
Amount : 0
2017-07-27 14:13:58 SELECT SQL : SELECT * FROM balances WHERE  branchId = '7' AND accountId = '37'  
2017-07-27 14:13:58 SELECT SQL : SELECT * FROM balances WHERE  branchId = '7' AND accountId = '37' AND date = '2017-07-27'  
2017-07-27 14:13:58 UPDATE SQL : UPDATE balances SET closingBalance = '47450' WHERE  branchId = '7' AND accountId = '37' AND date = '2017-07-27' 
2017-07-27 14:13:58 Balance Update Status 2:1
 2017-07-27 14:13:58 Balance Update Params :
Branch Id : 13
Account ID : 38
Amount : 0
2017-07-27 14:13:58 SELECT SQL : SELECT * FROM balances WHERE  branchId = '13' AND accountId = '38'  
2017-07-27 14:13:58 SELECT SQL : SELECT * FROM balances WHERE  branchId = '13' AND accountId = '38' AND date = '2017-07-27'  
2017-07-27 14:13:58 UPDATE SQL : UPDATE balances SET closingBalance = '2700' WHERE  branchId = '13' AND accountId = '38' AND date = '2017-07-27' 
2017-07-27 14:13:58 Balance Update Status 2:1
 2017-07-27 14:13:58 Balance Update Params :
Branch Id : 13
Account ID : 39
Amount : 0
2017-07-27 14:13:58 SELECT SQL : SELECT * FROM balances WHERE  branchId = '13' AND accountId = '39'  
2017-07-27 14:13:58 SELECT SQL : SELECT * FROM currencies WHERE  active = '1'  
2017-07-27 14:13:58 SELECT SQL : SELECT * FROM accounts WHERE  active = '1' AND type_id = '4'  
2017-07-27 14:13:58 SELECT SQL : SELECT * FROM account_types WHERE  active = '1'  
2017-07-27 14:13:58 SELECT SQL : SELECT * FROM user_types WHERE  active = '1'  
2017-07-27 14:13:58 Response : {"data":{"branches":[{"id":"5","name":"KINSHASHA","countryId":"4","location":"Patrice Avenue","supervisorId":"3","createdBy":"4","ts":"2017-06-30 00:06:55","active":"1"},{"id":"6","name":"OASIS MALL","countryId":"1","location":"Yusufu Lule Rd","supervisorId":"3","createdBy":"2","ts":"2017-06-30 00:12:08","active":"1"},{"id":"7","name":"GOMA","countryId":"4","location":"Goma","supervisorId":"3","createdBy":"1","ts":"2017-07-05 00:00:00","active":"1"},{"id":"9","name":"MOMBASA","countryId":"2","location":"Mombasa","supervisorId":"3","createdBy":"1","ts":"2017-07-05 00:00:00","active":"1"},{"id":"10","name":"DUBAI","countryId":"6","location":"Dubai","supervisorId":"3","createdBy":"1","ts":"2017-07-05 00:00:00","active":"1"},{"id":"11","name":"CHINA","countryId":"5","location":"China","supervisorId":"3","createdBy":"3","ts":"2017-07-05 13:23:17","active":"1"},{"id":"12","name":"NAIROBI","countryId":"2","location":"Nairobi","supervisorId":"3","createdBy":"3","ts":"2017-07-06 14:12:35","active":"1"},{"id":"13","name":"KAMPALA ROAD","countryId":"1","location":"kampala road","supervisorId":"3","createdBy":"3","ts":"2017-07-06 14:12:35","active":"1"}],"countries":[{"id":"1","name":"UGANDA","createdBy":"1","ts":"2017-06-25 23:13:31","active":"1"},{"id":"2","name":"KENYA","createdBy":"1","ts":"2017-06-26 09:02:45","active":"1"},{"id":"3","name":"TZ","createdBy":"1","ts":"2017-06-28 11:11:53","active":"1"},{"id":"4","name":"CONGO","createdBy":"1","ts":"2017-06-28 11:26:11","active":"1"},{"id":"5","name":"CHINA","createdBy":"1","ts":"2017-06-28 11:30:01","active":"1"},{"id":"6","name":"UAE","createdBy":"1","ts":"2017-07-05 00:00:00","active":"1"}],"ids":[[{"id":"1","name":"Passport","createdBy":"1","ts":"2017-06-28 14:00:01","active":"1"},{"id":"2","name":"National ID","createdBy":"1","ts":"2017-06-28 14:00:01","active":"1"},{"id":"3","name":"STUDENTS ID","createdBy":"1","ts":"2017-06-28 16:21:46","active":"1"}]],"users":[{"id":"1","firstName":"You","surname":"Jinshu","email":"hudsonbogere@swipeit.co.ug","phone":"256783131266","userName":"you","branchId":"0","userTypeId":"1","password":"$2y$10$pPGbhJ1RXx\/ug.ED3LnsQuKHJTqwYsa\/iF0OqGOgsjflkHKIDTLVq","sessionId":"CFnzjXc5wtIKgfgKgL2DASU3uZYEM42v","ipAddress":"160.242.139.228","createdBy":null,"ts":"2017-06-23 15:08:12","active":"1"},{"id":"2","firstName":"Nansubuga","surname":"Dorothy","email":"henry@gmail.com","phone":"256752284441","userName":"dorah","branchId":"12","userTypeId":"3","password":"$2y$10$F9t92sYKf2rDJ.JzCmrrT.Jt1Ix37Fuo.uZKpXPn69dgDUTZ8xLXi","sessionId":"PCzeXmwhaBJ4y5ntgJfteFHthw0mltia","ipAddress":"154.76.3.104","createdBy":"1","ts":"2017-06-26 19:11:07","active":"1"},{"id":"3","firstName":"Lydia","surname":"Amoi","email":"islam@gmail.com","phone":"256777608310","userName":"lydia","branchId":"6","userTypeId":"2","password":"$2y$10$m72Zz8Z.h4\/Zp6TFDhmbXeQ79kZ7JJ2U0yLUanc0dDVxbc.5UPkRG","sessionId":"sggL3ZXejySFRL785rawJXXBNNqPogKV","ipAddress":"160.242.137.6","createdBy":"1","ts":"2017-06-26 19:41:01","active":"1"},{"id":"4","firstName":"Nabukera","surname":"Maria","email":"banerd@tfb.com","phone":"256774457813","userName":"maria","branchId":"5","userTypeId":"5","password":"$2y$10$wTpUE\/WJFMfQaBglrQocTO9ndV6dbxL2vzFDEJZ1hpVVp4binpXGO","sessionId":"tAtmUN33mOodjeA8jFfyor0a3nj4RVf1","ipAddress":"160.242.139.78","createdBy":"1","ts":"2017-06-26 23:04:07","active":"1"},{"id":"5","firstName":"Henry","surname":"Bbosa","email":null,"phone":null,"userName":"henry","branchId":"11","userTypeId":"3","password":"$2y$10$m72Zz8Z.h4\/Zp6TFDhmbXeQ79kZ7JJ2U0yLUanc0dDVxbc.5UPkRG","sessionId":"","ipAddress":"197.157.0.49","createdBy":"1","ts":"2017-07-05 00:00:00","active":"1"},{"id":"6","firstName":"Edwin","surname":"Kakeeto","email":"edwin@edwin.com","phone":"0777777557","userName":"edwin","branchId":"7","userTypeId":"3","password":"$2y$10$wTpUE\/WJFMfQaBglrQocTO9ndV6dbxL2vzFDEJZ1hpVVp4binpXGO","sessionId":"KRX8Yh2iqId0EWTdOh43HSfBIE4fr5lp","ipAddress":"41.243.17.77","createdBy":"3","ts":"2017-07-10 07:37:50","active":"1"},{"id":"7","firstName":"Trish","surname":"Baby","email":"patricia@gmail.com","phone":"0777777557","userName":"trish","branchId":"13","userTypeId":"3","password":"$2y$10$m72Zz8Z.h4\/Zp6TFDhmbXeQ79kZ7JJ2U0yLUanc0dDVxbc.5UPkRG","sessionId":"k10XSropsYs2ikmovFMksbhRyqwut0dT","ipAddress":"160.242.137.6","createdBy":null,"ts":null,"active":"1"},{"id":"8","firstName":"cedric","surname":"cedric","email":"cedric@gmail.com","phone":"+256754813912","userName":"cedric","branchId":"7","userTypeId":"3","password":"$2y$10$m72Zz8Z.h4\/Zp6TFDhmbXeQ79kZ7JJ2U0yLUanc0dDVxbc.5UPkRG","sessionId":"","ipAddress":"160.242.141.153","createdBy":null,"ts":null,"active":"1"}],"accounts":[{"id":"16","name":"KINSHASHA-USD Account","branchId":"5","currency_id":"2"},{"id":"20","name":"OASIS MALL-RMB Account","branchId":"6","currency_id":"1"},{"id":"21","name":"OASIS MALL-USD Account","branchId":"6","currency_id":"2"},{"id":"22","name":"OASIS MALL-DIRHAM Account","branchId":"6","currency_id":"3"},{"id":"23","name":"OASIS MALL-UGX Account","branchId":"6","currency_id":"4"},{"id":"24","name":"OASIS MALL-KSH Account","branchId":"6","currency_id":"5"},{"id":"27","name":"CHINA-RMB Account","branchId":"11","currency_id":"1"},{"id":"28","name":"CHINA-USD Account","branchId":"11","currency_id":"2"},{"id":"33","name":"NAIROBI-USD Account","branchId":"12","currency_id":"2"},{"id":"36","name":"NAIROBI-KSH Account","branchId":"12","currency_id":"5"},{"id":"37","name":"GOMA-USD ACCOUNT","branchId":"7","currency_id":"2"},{"id":"38","name":"KAMPALA ROAD -USD ACCOUNT","branchId":"13","currency_id":"2"},{"id":"39","name":"KAMPALA ROAD- UGX ACCOUNT ","branchId":"13","currency_id":"4"}],"currencies":[{"id":"1","name":"RMB","symbol":"\u00c2\u00a5","createdBy":"1","ts":"2017-06-27 22:45:12","active":"1"},{"id":"2","name":"USD","symbol":"$","createdBy":"1","ts":"2017-06-27 22:45:12","active":"1"},{"id":"3","name":"DIRHAM","symbol":"","createdBy":"1","ts":"2017-06-28 11:40:09","active":"1"},{"id":"4","name":"UGX","symbol":"\/=","createdBy":"1","ts":"2017-06-28 11:46:50","active":"1"},{"id":"5","name":"KSH","symbol":"","createdBy":"1","ts":"2017-06-28 11:46:50","active":"1"}],"superaccount":[{"id":"1","name":"RMB Account","branchId":"0","type_id":"4","currency_id":"1","balance":"0","createdBy":"1","active":"1","ts":"2017-06-27 22:45:12"}],"accountTypes":[{"id":"1","type":"Transfer","description":"","createdBy":"1","ts":"2017-06-28 14:31:12","active":"1"},{"id":"2","type":"Suspense","description":"","createdBy":"1","ts":"2017-06-28 14:31:12","active":"1"},{"id":"4","type":"Super","description":"","createdBy":"1","ts":"2017-06-28 14:31:12","active":"1"}],"userTypes":[{"id":"1","name":"E-Value Admin","level":"1","ts":"2017-06-27 22:45:12","active":"1"},{"id":"2","name":"Super User","level":"2","ts":"2017-06-27 22:45:12","active":"1"},{"id":"3","name":"Agent","level":"3","ts":"2017-06-27 22:45:12","active":"1"},{"id":"4","name":"System Admin","level":"4","ts":"2017-06-27 22:45:12","active":"1"},{"id":"5","name":"superAgent","level":"3","ts":"2017-06-27 22:45:12","active":"1"}]},"success":1}
2017-07-27 14:14:01 ---- New Request ----
2017-07-27 14:14:01 Controller : Users
2017-07-27 14:14:01 Method : loginAction
2017-07-27 14:14:01 Controller File : controllers/Users.class.php, Exists
2017-07-27 14:14:01 Class constructed
2017-07-27 14:14:01 Login Params ;Username :lydia
Password : ******
2017-07-27 14:14:01 SELECT SQL : SELECT id,firstName,surname,userName,userTypeId,sessionId,password,active,branchId FROM users WHERE  userName = 'lydia'  
2017-07-27 14:14:01 SELECT SQL : SELECT name FROM branches WHERE  id = '6'  
2017-07-27 14:14:01 UPDATE SQL : UPDATE users SET sessionId = '2QFLpo3bQhDhTdB1qdWQUrne8FiZKxnE',ipAddress = '160.242.137.6' WHERE  id = '3' 
2017-07-27 14:14:01 Response : {"success":1,"data":{"id":"3","firstName":"Lydia","surname":"Amoi","userName":"lydia","userTypeId":"2","sessionId":"2QFLpo3bQhDhTdB1qdWQUrne8FiZKxnE","branchId":"6","branchName":"OASIS MALL"}}
2017-07-27 14:14:03 ---- New Request ----
2017-07-27 14:14:03 Controller : Users
2017-07-27 14:14:03 Method : formsdetailsAction
2017-07-27 14:14:03 Controller File : controllers/Users.class.php, Exists
2017-07-27 14:14:03 Class constructed
2017-07-27 14:14:03 Details Params :
SessionID :2QFLpo3bQhDhTdB1qdWQUrne8FiZKxnE
User ID : 3
2017-07-27 14:14:03 SELECT SQL : SELECT * FROM branches WHERE  active = '1'  
2017-07-27 14:14:03 SELECT SQL : SELECT * FROM countries WHERE  active = '1'  
2017-07-27 14:14:03 SELECT SQL : SELECT * FROM identification WHERE  active = '1'  
2017-07-27 14:14:03 SELECT SQL : SELECT * FROM users WHERE  active = '1'  
2017-07-27 14:14:03 SELECT SQL : SELECT id,name,branchId,currency_id FROM accounts WHERE  active = '1' AND type_id = '1'  
2017-07-27 14:14:03 Balance Update Params :
Branch Id : 5
Account ID : 16
Amount : 0
2017-07-27 14:14:03 SELECT SQL : SELECT * FROM balances WHERE  branchId = '5' AND accountId = '16'  
2017-07-27 14:14:03 SELECT SQL : SELECT * FROM balances WHERE  branchId = '5' AND accountId = '16' AND date = '2017-07-27'  
2017-07-27 14:14:03 UPDATE SQL : UPDATE balances SET closingBalance = '315496' WHERE  branchId = '5' AND accountId = '16' AND date = '2017-07-27' 
2017-07-27 14:14:03 Balance Update Status 2:1
 2017-07-27 14:14:03 Balance Update Params :
Branch Id : 6
Account ID : 20
Amount : 0
2017-07-27 14:14:03 SELECT SQL : SELECT * FROM balances WHERE  branchId = '6' AND accountId = '20'  
2017-07-27 14:14:03 Balance Update Params :
Branch Id : 6
Account ID : 21
Amount : 0
2017-07-27 14:14:03 SELECT SQL : SELECT * FROM balances WHERE  branchId = '6' AND accountId = '21'  
2017-07-27 14:14:03 SELECT SQL : SELECT * FROM balances WHERE  branchId = '6' AND accountId = '21' AND date = '2017-07-27'  
2017-07-27 14:14:03 UPDATE SQL : UPDATE balances SET closingBalance = '-88986.84511788' WHERE  branchId = '6' AND accountId = '21' AND date = '2017-07-27' 
2017-07-27 14:14:03 Balance Update Status 2:1
 2017-07-27 14:14:03 Balance Update Params :
Branch Id : 6
Account ID : 22
Amount : 0
2017-07-27 14:14:03 SELECT SQL : SELECT * FROM balances WHERE  branchId = '6' AND accountId = '22'  
2017-07-27 14:14:03 Balance Update Params :
Branch Id : 6
Account ID : 23
Amount : 0
2017-07-27 14:14:03 SELECT SQL : SELECT * FROM balances WHERE  branchId = '6' AND accountId = '23'  
2017-07-27 14:14:03 SELECT SQL : SELECT * FROM balances WHERE  branchId = '6' AND accountId = '23' AND date = '2017-07-27'  
2017-07-27 14:14:03 UPDATE SQL : UPDATE balances SET closingBalance = '-112384482' WHERE  branchId = '6' AND accountId = '23' AND date = '2017-07-27' 
2017-07-27 14:14:03 Balance Update Status 2:1
 2017-07-27 14:14:03 Balance Update Params :
Branch Id : 6
Account ID : 24
Amount : 0
2017-07-27 14:14:03 SELECT SQL : SELECT * FROM balances WHERE  branchId = '6' AND accountId = '24'  
2017-07-27 14:14:03 Balance Update Params :
Branch Id : 11
Account ID : 27
Amount : 0
2017-07-27 14:14:03 SELECT SQL : SELECT * FROM balances WHERE  branchId = '11' AND accountId = '27'  
2017-07-27 14:14:03 SELECT SQL : SELECT * FROM balances WHERE  branchId = '11' AND accountId = '27' AND date = '2017-07-27'  
2017-07-27 14:14:03 UPDATE SQL : UPDATE balances SET closingBalance = '5215151.6461271' WHERE  branchId = '11' AND accountId = '27' AND date = '2017-07-27' 
2017-07-27 14:14:03 Balance Update Status 2:1
 2017-07-27 14:14:03 Balance Update Params :
Branch Id : 11
Account ID : 28
Amount : 0
2017-07-27 14:14:03 SELECT SQL : SELECT * FROM balances WHERE  branchId = '11' AND accountId = '28'  
2017-07-27 14:14:03 Balance Update Params :
Branch Id : 12
Account ID : 33
Amount : 0
2017-07-27 14:14:03 SELECT SQL : SELECT * FROM balances WHERE  branchId = '12' AND accountId = '33'  
2017-07-27 14:14:03 SELECT SQL : SELECT * FROM balances WHERE  branchId = '12' AND accountId = '33' AND date = '2017-07-27'  
2017-07-27 14:14:03 UPDATE SQL : UPDATE balances SET closingBalance = '22182' WHERE  branchId = '12' AND accountId = '33' AND date = '2017-07-27' 
2017-07-27 14:14:03 Balance Update Status 2:1
 2017-07-27 14:14:03 Balance Update Params :
Branch Id : 12
Account ID : 36
Amount : 0
2017-07-27 14:14:03 SELECT SQL : SELECT * FROM balances WHERE  branchId = '12' AND accountId = '36'  
2017-07-27 14:14:03 SELECT SQL : SELECT * FROM balances WHERE  branchId = '12' AND accountId = '36' AND date = '2017-07-27'  
2017-07-27 14:14:03 UPDATE SQL : UPDATE balances SET closingBalance = '762107' WHERE  branchId = '12' AND accountId = '36' AND date = '2017-07-27' 
2017-07-27 14:14:03 Balance Update Status 2:1
 2017-07-27 14:14:03 Balance Update Params :
Branch Id : 7
Account ID : 37
Amount : 0
2017-07-27 14:14:03 SELECT SQL : SELECT * FROM balances WHERE  branchId = '7' AND accountId = '37'  
2017-07-27 14:14:03 SELECT SQL : SELECT * FROM balances WHERE  branchId = '7' AND accountId = '37' AND date = '2017-07-27'  
2017-07-27 14:14:03 UPDATE SQL : UPDATE balances SET closingBalance = '47450' WHERE  branchId = '7' AND accountId = '37' AND date = '2017-07-27' 
2017-07-27 14:14:03 Balance Update Status 2:1
 2017-07-27 14:14:03 Balance Update Params :
Branch Id : 13
Account ID : 38
Amount : 0
2017-07-27 14:14:03 SELECT SQL : SELECT * FROM balances WHERE  branchId = '13' AND accountId = '38'  
2017-07-27 14:14:03 SELECT SQL : SELECT * FROM balances WHERE  branchId = '13' AND accountId = '38' AND date = '2017-07-27'  
2017-07-27 14:14:03 UPDATE SQL : UPDATE balances SET closingBalance = '2700' WHERE  branchId = '13' AND accountId = '38' AND date = '2017-07-27' 
2017-07-27 14:14:03 Balance Update Status 2:1
 2017-07-27 14:14:03 Balance Update Params :
Branch Id : 13
Account ID : 39
Amount : 0
2017-07-27 14:14:03 SELECT SQL : SELECT * FROM balances WHERE  branchId = '13' AND accountId = '39'  
2017-07-27 14:14:03 SELECT SQL : SELECT * FROM currencies WHERE  active = '1'  
2017-07-27 14:14:03 SELECT SQL : SELECT * FROM accounts WHERE  active = '1' AND type_id = '4'  
2017-07-27 14:14:03 SELECT SQL : SELECT * FROM account_types WHERE  active = '1'  
2017-07-27 14:14:03 SELECT SQL : SELECT * FROM user_types WHERE  active = '1'  
2017-07-27 14:14:03 Response : {"data":{"branches":[{"id":"5","name":"KINSHASHA","countryId":"4","location":"Patrice Avenue","supervisorId":"3","createdBy":"4","ts":"2017-06-30 00:06:55","active":"1"},{"id":"6","name":"OASIS MALL","countryId":"1","location":"Yusufu Lule Rd","supervisorId":"3","createdBy":"2","ts":"2017-06-30 00:12:08","active":"1"},{"id":"7","name":"GOMA","countryId":"4","location":"Goma","supervisorId":"3","createdBy":"1","ts":"2017-07-05 00:00:00","active":"1"},{"id":"9","name":"MOMBASA","countryId":"2","location":"Mombasa","supervisorId":"3","createdBy":"1","ts":"2017-07-05 00:00:00","active":"1"},{"id":"10","name":"DUBAI","countryId":"6","location":"Dubai","supervisorId":"3","createdBy":"1","ts":"2017-07-05 00:00:00","active":"1"},{"id":"11","name":"CHINA","countryId":"5","location":"China","supervisorId":"3","createdBy":"3","ts":"2017-07-05 13:23:17","active":"1"},{"id":"12","name":"NAIROBI","countryId":"2","location":"Nairobi","supervisorId":"3","createdBy":"3","ts":"2017-07-06 14:12:35","active":"1"},{"id":"13","name":"KAMPALA ROAD","countryId":"1","location":"kampala road","supervisorId":"3","createdBy":"3","ts":"2017-07-06 14:12:35","active":"1"}],"countries":[{"id":"1","name":"UGANDA","createdBy":"1","ts":"2017-06-25 23:13:31","active":"1"},{"id":"2","name":"KENYA","createdBy":"1","ts":"2017-06-26 09:02:45","active":"1"},{"id":"3","name":"TZ","createdBy":"1","ts":"2017-06-28 11:11:53","active":"1"},{"id":"4","name":"CONGO","createdBy":"1","ts":"2017-06-28 11:26:11","active":"1"},{"id":"5","name":"CHINA","createdBy":"1","ts":"2017-06-28 11:30:01","active":"1"},{"id":"6","name":"UAE","createdBy":"1","ts":"2017-07-05 00:00:00","active":"1"}],"ids":[[{"id":"1","name":"Passport","createdBy":"1","ts":"2017-06-28 14:00:01","active":"1"},{"id":"2","name":"National ID","createdBy":"1","ts":"2017-06-28 14:00:01","active":"1"},{"id":"3","name":"STUDENTS ID","createdBy":"1","ts":"2017-06-28 16:21:46","active":"1"}]],"users":[{"id":"1","firstName":"You","surname":"Jinshu","email":"hudsonbogere@swipeit.co.ug","phone":"256783131266","userName":"you","branchId":"0","userTypeId":"1","password":"$2y$10$pPGbhJ1RXx\/ug.ED3LnsQuKHJTqwYsa\/iF0OqGOgsjflkHKIDTLVq","sessionId":"CFnzjXc5wtIKgfgKgL2DASU3uZYEM42v","ipAddress":"160.242.139.228","createdBy":null,"ts":"2017-06-23 15:08:12","active":"1"},{"id":"2","firstName":"Nansubuga","surname":"Dorothy","email":"henry@gmail.com","phone":"256752284441","userName":"dorah","branchId":"12","userTypeId":"3","password":"$2y$10$F9t92sYKf2rDJ.JzCmrrT.Jt1Ix37Fuo.uZKpXPn69dgDUTZ8xLXi","sessionId":"PCzeXmwhaBJ4y5ntgJfteFHthw0mltia","ipAddress":"154.76.3.104","createdBy":"1","ts":"2017-06-26 19:11:07","active":"1"},{"id":"3","firstName":"Lydia","surname":"Amoi","email":"islam@gmail.com","phone":"256777608310","userName":"lydia","branchId":"6","userTypeId":"2","password":"$2y$10$m72Zz8Z.h4\/Zp6TFDhmbXeQ79kZ7JJ2U0yLUanc0dDVxbc.5UPkRG","sessionId":"2QFLpo3bQhDhTdB1qdWQUrne8FiZKxnE","ipAddress":"160.242.137.6","createdBy":"1","ts":"2017-06-26 19:41:01","active":"1"},{"id":"4","firstName":"Nabukera","surname":"Maria","email":"banerd@tfb.com","phone":"256774457813","userName":"maria","branchId":"5","userTypeId":"5","password":"$2y$10$wTpUE\/WJFMfQaBglrQocTO9ndV6dbxL2vzFDEJZ1hpVVp4binpXGO","sessionId":"tAtmUN33mOodjeA8jFfyor0a3nj4RVf1","ipAddress":"160.242.139.78","createdBy":"1","ts":"2017-06-26 23:04:07","active":"1"},{"id":"5","firstName":"Henry","surname":"Bbosa","email":null,"phone":null,"userName":"henry","branchId":"11","userTypeId":"3","password":"$2y$10$m72Zz8Z.h4\/Zp6TFDhmbXeQ79kZ7JJ2U0yLUanc0dDVxbc.5UPkRG","sessionId":"","ipAddress":"197.157.0.49","createdBy":"1","ts":"2017-07-05 00:00:00","active":"1"},{"id":"6","firstName":"Edwin","surname":"Kakeeto","email":"edwin@edwin.com","phone":"0777777557","userName":"edwin","branchId":"7","userTypeId":"3","password":"$2y$10$wTpUE\/WJFMfQaBglrQocTO9ndV6dbxL2vzFDEJZ1hpVVp4binpXGO","sessionId":"KRX8Yh2iqId0EWTdOh43HSfBIE4fr5lp","ipAddress":"41.243.17.77","createdBy":"3","ts":"2017-07-10 07:37:50","active":"1"},{"id":"7","firstName":"Trish","surname":"Baby","email":"patricia@gmail.com","phone":"0777777557","userName":"trish","branchId":"13","userTypeId":"3","password":"$2y$10$m72Zz8Z.h4\/Zp6TFDhmbXeQ79kZ7JJ2U0yLUanc0dDVxbc.5UPkRG","sessionId":"k10XSropsYs2ikmovFMksbhRyqwut0dT","ipAddress":"160.242.137.6","createdBy":null,"ts":null,"active":"1"},{"id":"8","firstName":"cedric","surname":"cedric","email":"cedric@gmail.com","phone":"+256754813912","userName":"cedric","branchId":"7","userTypeId":"3","password":"$2y$10$m72Zz8Z.h4\/Zp6TFDhmbXeQ79kZ7JJ2U0yLUanc0dDVxbc.5UPkRG","sessionId":"","ipAddress":"160.242.141.153","createdBy":null,"ts":null,"active":"1"}],"accounts":[{"id":"16","name":"KINSHASHA-USD Account","branchId":"5","currency_id":"2"},{"id":"20","name":"OASIS MALL-RMB Account","branchId":"6","currency_id":"1"},{"id":"21","name":"OASIS MALL-USD Account","branchId":"6","currency_id":"2"},{"id":"22","name":"OASIS MALL-DIRHAM Account","branchId":"6","currency_id":"3"},{"id":"23","name":"OASIS MALL-UGX Account","branchId":"6","currency_id":"4"},{"id":"24","name":"OASIS MALL-KSH Account","branchId":"6","currency_id":"5"},{"id":"27","name":"CHINA-RMB Account","branchId":"11","currency_id":"1"},{"id":"28","name":"CHINA-USD Account","branchId":"11","currency_id":"2"},{"id":"33","name":"NAIROBI-USD Account","branchId":"12","currency_id":"2"},{"id":"36","name":"NAIROBI-KSH Account","branchId":"12","currency_id":"5"},{"id":"37","name":"GOMA-USD ACCOUNT","branchId":"7","currency_id":"2"},{"id":"38","name":"KAMPALA ROAD -USD ACCOUNT","branchId":"13","currency_id":"2"},{"id":"39","name":"KAMPALA ROAD- UGX ACCOUNT ","branchId":"13","currency_id":"4"}],"currencies":[{"id":"1","name":"RMB","symbol":"\u00c2\u00a5","createdBy":"1","ts":"2017-06-27 22:45:12","active":"1"},{"id":"2","name":"USD","symbol":"$","createdBy":"1","ts":"2017-06-27 22:45:12","active":"1"},{"id":"3","name":"DIRHAM","symbol":"","createdBy":"1","ts":"2017-06-28 11:40:09","active":"1"},{"id":"4","name":"UGX","symbol":"\/=","createdBy":"1","ts":"2017-06-28 11:46:50","active":"1"},{"id":"5","name":"KSH","symbol":"","createdBy":"1","ts":"2017-06-28 11:46:50","active":"1"}],"superaccount":[{"id":"1","name":"RMB Account","branchId":"0","type_id":"4","currency_id":"1","balance":"0","createdBy":"1","active":"1","ts":"2017-06-27 22:45:12"}],"accountTypes":[{"id":"1","type":"Transfer","description":"","createdBy":"1","ts":"2017-06-28 14:31:12","active":"1"},{"id":"2","type":"Suspense","description":"","createdBy":"1","ts":"2017-06-28 14:31:12","active":"1"},{"id":"4","type":"Super","description":"","createdBy":"1","ts":"2017-06-28 14:31:12","active":"1"}],"userTypes":[{"id":"1","name":"E-Value Admin","level":"1","ts":"2017-06-27 22:45:12","active":"1"},{"id":"2","name":"Super User","level":"2","ts":"2017-06-27 22:45:12","active":"1"},{"id":"3","name":"Agent","level":"3","ts":"2017-06-27 22:45:12","active":"1"},{"id":"4","name":"System Admin","level":"4","ts":"2017-06-27 22:45:12","active":"1"},{"id":"5","name":"superAgent","level":"3","ts":"2017-06-27 22:45:12","active":"1"}]},"success":1}
2017-07-27 14:15:03 ---- New Request ----
2017-07-27 14:15:03 Controller : Users
2017-07-27 14:15:03 Method : loginAction
2017-07-27 14:15:03 Controller File : controllers/Users.class.php, Exists
2017-07-27 14:15:03 Class constructed
2017-07-27 14:15:03 Login Params ;Username :lydia
Password : ******
2017-07-27 14:15:03 SELECT SQL : SELECT id,firstName,surname,userName,userTypeId,sessionId,password,active,branchId FROM users WHERE  userName = 'lydia'  
2017-07-27 14:15:03 SELECT SQL : SELECT name FROM branches WHERE  id = '6'  
2017-07-27 14:15:03 UPDATE SQL : UPDATE users SET sessionId = 'bAqmqVcUPiMrvbM8ljeCrGj0NFvgUfmx',ipAddress = '160.242.137.6' WHERE  id = '3' 
2017-07-27 14:15:03 Response : {"success":1,"data":{"id":"3","firstName":"Lydia","surname":"Amoi","userName":"lydia","userTypeId":"2","sessionId":"bAqmqVcUPiMrvbM8ljeCrGj0NFvgUfmx","branchId":"6","branchName":"OASIS MALL"}}
2017-07-27 14:15:06 ---- New Request ----
2017-07-27 14:15:06 Controller : Users
2017-07-27 14:15:06 Method : formsdetailsAction
2017-07-27 14:15:06 Controller File : controllers/Users.class.php, Exists
2017-07-27 14:15:06 Class constructed
2017-07-27 14:15:06 Details Params :
SessionID :bAqmqVcUPiMrvbM8ljeCrGj0NFvgUfmx
User ID : 3
2017-07-27 14:15:06 SELECT SQL : SELECT * FROM branches WHERE  active = '1'  
2017-07-27 14:15:06 SELECT SQL : SELECT * FROM countries WHERE  active = '1'  
2017-07-27 14:15:06 SELECT SQL : SELECT * FROM identification WHERE  active = '1'  
2017-07-27 14:15:06 SELECT SQL : SELECT * FROM users WHERE  active = '1'  
2017-07-27 14:15:06 SELECT SQL : SELECT id,name,branchId,currency_id FROM accounts WHERE  active = '1' AND type_id = '1'  
2017-07-27 14:15:06 Balance Update Params :
Branch Id : 5
Account ID : 16
Amount : 0
2017-07-27 14:15:06 SELECT SQL : SELECT * FROM balances WHERE  branchId = '5' AND accountId = '16'  
2017-07-27 14:15:06 SELECT SQL : SELECT * FROM balances WHERE  branchId = '5' AND accountId = '16' AND date = '2017-07-27'  
2017-07-27 14:15:06 UPDATE SQL : UPDATE balances SET closingBalance = '315496' WHERE  branchId = '5' AND accountId = '16' AND date = '2017-07-27' 
2017-07-27 14:15:06 Balance Update Status 2:1
 2017-07-27 14:15:06 Balance Update Params :
Branch Id : 6
Account ID : 20
Amount : 0
2017-07-27 14:15:06 SELECT SQL : SELECT * FROM balances WHERE  branchId = '6' AND accountId = '20'  
2017-07-27 14:15:06 Balance Update Params :
Branch Id : 6
Account ID : 21
Amount : 0
2017-07-27 14:15:06 SELECT SQL : SELECT * FROM balances WHERE  branchId = '6' AND accountId = '21'  
2017-07-27 14:15:06 SELECT SQL : SELECT * FROM balances WHERE  branchId = '6' AND accountId = '21' AND date = '2017-07-27'  
2017-07-27 14:15:06 UPDATE SQL : UPDATE balances SET closingBalance = '-88986.84511788' WHERE  branchId = '6' AND accountId = '21' AND date = '2017-07-27' 
2017-07-27 14:15:06 Balance Update Status 2:1
 2017-07-27 14:15:06 Balance Update Params :
Branch Id : 6
Account ID : 22
Amount : 0
2017-07-27 14:15:06 SELECT SQL : SELECT * FROM balances WHERE  branchId = '6' AND accountId = '22'  
2017-07-27 14:15:06 Balance Update Params :
Branch Id : 6
Account ID : 23
Amount : 0
2017-07-27 14:15:06 SELECT SQL : SELECT * FROM balances WHERE  branchId = '6' AND accountId = '23'  
2017-07-27 14:15:06 SELECT SQL : SELECT * FROM balances WHERE  branchId = '6' AND accountId = '23' AND date = '2017-07-27'  
2017-07-27 14:15:06 UPDATE SQL : UPDATE balances SET closingBalance = '-112384482' WHERE  branchId = '6' AND accountId = '23' AND date = '2017-07-27' 
2017-07-27 14:15:06 Balance Update Status 2:1
 2017-07-27 14:15:06 Balance Update Params :
Branch Id : 6
Account ID : 24
Amount : 0
2017-07-27 14:15:06 SELECT SQL : SELECT * FROM balances WHERE  branchId = '6' AND accountId = '24'  
2017-07-27 14:15:06 Balance Update Params :
Branch Id : 11
Account ID : 27
Amount : 0
2017-07-27 14:15:06 SELECT SQL : SELECT * FROM balances WHERE  branchId = '11' AND accountId = '27'  
2017-07-27 14:15:06 SELECT SQL : SELECT * FROM balances WHERE  branchId = '11' AND accountId = '27' AND date = '2017-07-27'  
2017-07-27 14:15:06 UPDATE SQL : UPDATE balances SET closingBalance = '5215151.6461271' WHERE  branchId = '11' AND accountId = '27' AND date = '2017-07-27' 
2017-07-27 14:15:06 Balance Update Status 2:1
 2017-07-27 14:15:06 Balance Update Params :
Branch Id : 11
Account ID : 28
Amount : 0
2017-07-27 14:15:06 SELECT SQL : SELECT * FROM balances WHERE  branchId = '11' AND accountId = '28'  
2017-07-27 14:15:06 Balance Update Params :
Branch Id : 12
Account ID : 33
Amount : 0
2017-07-27 14:15:06 SELECT SQL : SELECT * FROM balances WHERE  branchId = '12' AND accountId = '33'  
2017-07-27 14:15:06 SELECT SQL : SELECT * FROM balances WHERE  branchId = '12' AND accountId = '33' AND date = '2017-07-27'  
2017-07-27 14:15:06 UPDATE SQL : UPDATE balances SET closingBalance = '22182' WHERE  branchId = '12' AND accountId = '33' AND date = '2017-07-27' 
2017-07-27 14:15:06 Balance Update Status 2:1
 2017-07-27 14:15:06 Balance Update Params :
Branch Id : 12
Account ID : 36
Amount : 0
2017-07-27 14:15:06 SELECT SQL : SELECT * FROM balances WHERE  branchId = '12' AND accountId = '36'  
2017-07-27 14:15:06 SELECT SQL : SELECT * FROM balances WHERE  branchId = '12' AND accountId = '36' AND date = '2017-07-27'  
2017-07-27 14:15:06 UPDATE SQL : UPDATE balances SET closingBalance = '762107' WHERE  branchId = '12' AND accountId = '36' AND date = '2017-07-27' 
2017-07-27 14:15:06 Balance Update Status 2:1
 2017-07-27 14:15:06 Balance Update Params :
Branch Id : 7
Account ID : 37
Amount : 0
2017-07-27 14:15:06 SELECT SQL : SELECT * FROM balances WHERE  branchId = '7' AND accountId = '37'  
2017-07-27 14:15:06 SELECT SQL : SELECT * FROM balances WHERE  branchId = '7' AND accountId = '37' AND date = '2017-07-27'  
2017-07-27 14:15:06 UPDATE SQL : UPDATE balances SET closingBalance = '47450' WHERE  branchId = '7' AND accountId = '37' AND date = '2017-07-27' 
2017-07-27 14:15:06 Balance Update Status 2:1
 2017-07-27 14:15:06 Balance Update Params :
Branch Id : 13
Account ID : 38
Amount : 0
2017-07-27 14:15:06 SELECT SQL : SELECT * FROM balances WHERE  branchId = '13' AND accountId = '38'  
2017-07-27 14:15:06 SELECT SQL : SELECT * FROM balances WHERE  branchId = '13' AND accountId = '38' AND date = '2017-07-27'  
2017-07-27 14:15:06 UPDATE SQL : UPDATE balances SET closingBalance = '2700' WHERE  branchId = '13' AND accountId = '38' AND date = '2017-07-27' 
2017-07-27 14:15:06 Balance Update Status 2:1
 2017-07-27 14:15:06 Balance Update Params :
Branch Id : 13
Account ID : 39
Amount : 0
2017-07-27 14:15:06 SELECT SQL : SELECT * FROM balances WHERE  branchId = '13' AND accountId = '39'  
2017-07-27 14:15:06 SELECT SQL : SELECT * FROM currencies WHERE  active = '1'  
2017-07-27 14:15:06 SELECT SQL : SELECT * FROM accounts WHERE  active = '1' AND type_id = '4'  
2017-07-27 14:15:06 SELECT SQL : SELECT * FROM account_types WHERE  active = '1'  
2017-07-27 14:15:06 SELECT SQL : SELECT * FROM user_types WHERE  active = '1'  
2017-07-27 14:15:06 Response : {"data":{"branches":[{"id":"5","name":"KINSHASHA","countryId":"4","location":"Patrice Avenue","supervisorId":"3","createdBy":"4","ts":"2017-06-30 00:06:55","active":"1"},{"id":"6","name":"OASIS MALL","countryId":"1","location":"Yusufu Lule Rd","supervisorId":"3","createdBy":"2","ts":"2017-06-30 00:12:08","active":"1"},{"id":"7","name":"GOMA","countryId":"4","location":"Goma","supervisorId":"3","createdBy":"1","ts":"2017-07-05 00:00:00","active":"1"},{"id":"9","name":"MOMBASA","countryId":"2","location":"Mombasa","supervisorId":"3","createdBy":"1","ts":"2017-07-05 00:00:00","active":"1"},{"id":"10","name":"DUBAI","countryId":"6","location":"Dubai","supervisorId":"3","createdBy":"1","ts":"2017-07-05 00:00:00","active":"1"},{"id":"11","name":"CHINA","countryId":"5","location":"China","supervisorId":"3","createdBy":"3","ts":"2017-07-05 13:23:17","active":"1"},{"id":"12","name":"NAIROBI","countryId":"2","location":"Nairobi","supervisorId":"3","createdBy":"3","ts":"2017-07-06 14:12:35","active":"1"},{"id":"13","name":"KAMPALA ROAD","countryId":"1","location":"kampala road","supervisorId":"3","createdBy":"3","ts":"2017-07-06 14:12:35","active":"1"}],"countries":[{"id":"1","name":"UGANDA","createdBy":"1","ts":"2017-06-25 23:13:31","active":"1"},{"id":"2","name":"KENYA","createdBy":"1","ts":"2017-06-26 09:02:45","active":"1"},{"id":"3","name":"TZ","createdBy":"1","ts":"2017-06-28 11:11:53","active":"1"},{"id":"4","name":"CONGO","createdBy":"1","ts":"2017-06-28 11:26:11","active":"1"},{"id":"5","name":"CHINA","createdBy":"1","ts":"2017-06-28 11:30:01","active":"1"},{"id":"6","name":"UAE","createdBy":"1","ts":"2017-07-05 00:00:00","active":"1"}],"ids":[[{"id":"1","name":"Passport","createdBy":"1","ts":"2017-06-28 14:00:01","active":"1"},{"id":"2","name":"National ID","createdBy":"1","ts":"2017-06-28 14:00:01","active":"1"},{"id":"3","name":"STUDENTS ID","createdBy":"1","ts":"2017-06-28 16:21:46","active":"1"}]],"users":[{"id":"1","firstName":"You","surname":"Jinshu","email":"hudsonbogere@swipeit.co.ug","phone":"256783131266","userName":"you","branchId":"0","userTypeId":"1","password":"$2y$10$pPGbhJ1RXx\/ug.ED3LnsQuKHJTqwYsa\/iF0OqGOgsjflkHKIDTLVq","sessionId":"CFnzjXc5wtIKgfgKgL2DASU3uZYEM42v","ipAddress":"160.242.139.228","createdBy":null,"ts":"2017-06-23 15:08:12","active":"1"},{"id":"2","firstName":"Nansubuga","surname":"Dorothy","email":"henry@gmail.com","phone":"256752284441","userName":"dorah","branchId":"12","userTypeId":"3","password":"$2y$10$F9t92sYKf2rDJ.JzCmrrT.Jt1Ix37Fuo.uZKpXPn69dgDUTZ8xLXi","sessionId":"PCzeXmwhaBJ4y5ntgJfteFHthw0mltia","ipAddress":"154.76.3.104","createdBy":"1","ts":"2017-06-26 19:11:07","active":"1"},{"id":"3","firstName":"Lydia","surname":"Amoi","email":"islam@gmail.com","phone":"256777608310","userName":"lydia","branchId":"6","userTypeId":"2","password":"$2y$10$m72Zz8Z.h4\/Zp6TFDhmbXeQ79kZ7JJ2U0yLUanc0dDVxbc.5UPkRG","sessionId":"bAqmqVcUPiMrvbM8ljeCrGj0NFvgUfmx","ipAddress":"160.242.137.6","createdBy":"1","ts":"2017-06-26 19:41:01","active":"1"},{"id":"4","firstName":"Nabukera","surname":"Maria","email":"banerd@tfb.com","phone":"256774457813","userName":"maria","branchId":"5","userTypeId":"5","password":"$2y$10$wTpUE\/WJFMfQaBglrQocTO9ndV6dbxL2vzFDEJZ1hpVVp4binpXGO","sessionId":"tAtmUN33mOodjeA8jFfyor0a3nj4RVf1","ipAddress":"160.242.139.78","createdBy":"1","ts":"2017-06-26 23:04:07","active":"1"},{"id":"5","firstName":"Henry","surname":"Bbosa","email":null,"phone":null,"userName":"henry","branchId":"11","userTypeId":"3","password":"$2y$10$m72Zz8Z.h4\/Zp6TFDhmbXeQ79kZ7JJ2U0yLUanc0dDVxbc.5UPkRG","sessionId":"","ipAddress":"197.157.0.49","createdBy":"1","ts":"2017-07-05 00:00:00","active":"1"},{"id":"6","firstName":"Edwin","surname":"Kakeeto","email":"edwin@edwin.com","phone":"0777777557","userName":"edwin","branchId":"7","userTypeId":"3","password":"$2y$10$wTpUE\/WJFMfQaBglrQocTO9ndV6dbxL2vzFDEJZ1hpVVp4binpXGO","sessionId":"KRX8Yh2iqId0EWTdOh43HSfBIE4fr5lp","ipAddress":"41.243.17.77","createdBy":"3","ts":"2017-07-10 07:37:50","active":"1"},{"id":"7","firstName":"Trish","surname":"Baby","email":"patricia@gmail.com","phone":"0777777557","userName":"trish","branchId":"13","userTypeId":"3","password":"$2y$10$m72Zz8Z.h4\/Zp6TFDhmbXeQ79kZ7JJ2U0yLUanc0dDVxbc.5UPkRG","sessionId":"k10XSropsYs2ikmovFMksbhRyqwut0dT","ipAddress":"160.242.137.6","createdBy":null,"ts":null,"active":"1"},{"id":"8","firstName":"cedric","surname":"cedric","email":"cedric@gmail.com","phone":"+256754813912","userName":"cedric","branchId":"7","userTypeId":"3","password":"$2y$10$m72Zz8Z.h4\/Zp6TFDhmbXeQ79kZ7JJ2U0yLUanc0dDVxbc.5UPkRG","sessionId":"","ipAddress":"160.242.141.153","createdBy":null,"ts":null,"active":"1"}],"accounts":[{"id":"16","name":"KINSHASHA-USD Account","branchId":"5","currency_id":"2"},{"id":"20","name":"OASIS MALL-RMB Account","branchId":"6","currency_id":"1"},{"id":"21","name":"OASIS MALL-USD Account","branchId":"6","currency_id":"2"},{"id":"22","name":"OASIS MALL-DIRHAM Account","branchId":"6","currency_id":"3"},{"id":"23","name":"OASIS MALL-UGX Account","branchId":"6","currency_id":"4"},{"id":"24","name":"OASIS MALL-KSH Account","branchId":"6","currency_id":"5"},{"id":"27","name":"CHINA-RMB Account","branchId":"11","currency_id":"1"},{"id":"28","name":"CHINA-USD Account","branchId":"11","currency_id":"2"},{"id":"33","name":"NAIROBI-USD Account","branchId":"12","currency_id":"2"},{"id":"36","name":"NAIROBI-KSH Account","branchId":"12","currency_id":"5"},{"id":"37","name":"GOMA-USD ACCOUNT","branchId":"7","currency_id":"2"},{"id":"38","name":"KAMPALA ROAD -USD ACCOUNT","branchId":"13","currency_id":"2"},{"id":"39","name":"KAMPALA ROAD- UGX ACCOUNT ","branchId":"13","currency_id":"4"}],"currencies":[{"id":"1","name":"RMB","symbol":"\u00c2\u00a5","createdBy":"1","ts":"2017-06-27 22:45:12","active":"1"},{"id":"2","name":"USD","symbol":"$","createdBy":"1","ts":"2017-06-27 22:45:12","active":"1"},{"id":"3","name":"DIRHAM","symbol":"","createdBy":"1","ts":"2017-06-28 11:40:09","active":"1"},{"id":"4","name":"UGX","symbol":"\/=","createdBy":"1","ts":"2017-06-28 11:46:50","active":"1"},{"id":"5","name":"KSH","symbol":"","createdBy":"1","ts":"2017-06-28 11:46:50","active":"1"}],"superaccount":[{"id":"1","name":"RMB Account","branchId":"0","type_id":"4","currency_id":"1","balance":"0","createdBy":"1","active":"1","ts":"2017-06-27 22:45:12"}],"accountTypes":[{"id":"1","type":"Transfer","description":"","createdBy":"1","ts":"2017-06-28 14:31:12","active":"1"},{"id":"2","type":"Suspense","description":"","createdBy":"1","ts":"2017-06-28 14:31:12","active":"1"},{"id":"4","type":"Super","description":"","createdBy":"1","ts":"2017-06-28 14:31:12","active":"1"}],"userTypes":[{"id":"1","name":"E-Value Admin","level":"1","ts":"2017-06-27 22:45:12","active":"1"},{"id":"2","name":"Super User","level":"2","ts":"2017-06-27 22:45:12","active":"1"},{"id":"3","name":"Agent","level":"3","ts":"2017-06-27 22:45:12","active":"1"},{"id":"4","name":"System Admin","level":"4","ts":"2017-06-27 22:45:12","active":"1"},{"id":"5","name":"superAgent","level":"3","ts":"2017-06-27 22:45:12","active":"1"}]},"success":1}
2017-07-27 14:43:59 ---- New Request ----
2017-07-27 14:43:59 Controller : Users
2017-07-27 14:43:59 Method : loginAction
2017-07-27 14:43:59 Controller File : controllers/Users.class.php, Exists
2017-07-27 14:43:59 Class constructed
2017-07-27 14:43:59 Login Params ;Username :dorah
Password : ******
2017-07-27 14:43:59 SELECT SQL : SELECT id,firstName,surname,userName,userTypeId,sessionId,password,active,branchId FROM users WHERE  userName = 'dorah'  
2017-07-27 14:43:59 SELECT SQL : SELECT name FROM branches WHERE  id = '12'  
2017-07-27 14:43:59 UPDATE SQL : UPDATE users SET sessionId = 'Q744rQKyMWLBGwV8GOPmIspGfSJHshVg',ipAddress = '154.76.3.104' WHERE  id = '2' 
2017-07-27 14:43:59 Response : {"success":1,"data":{"id":"2","firstName":"Nansubuga","surname":"Dorothy","userName":"dorah","userTypeId":"3","sessionId":"Q744rQKyMWLBGwV8GOPmIspGfSJHshVg","branchId":"12","branchName":"NAIROBI"}}
2017-07-27 14:44:02 ---- New Request ----
2017-07-27 14:44:02 Controller : Users
2017-07-27 14:44:02 Method : formsdetailsAction
2017-07-27 14:44:02 Controller File : controllers/Users.class.php, Exists
2017-07-27 14:44:02 Class constructed
2017-07-27 14:44:02 Details Params :
SessionID :Q744rQKyMWLBGwV8GOPmIspGfSJHshVg
User ID : 2
2017-07-27 14:44:02 SELECT SQL : SELECT * FROM branches WHERE  active = '1'  
2017-07-27 14:44:02 SELECT SQL : SELECT * FROM countries WHERE  active = '1'  
2017-07-27 14:44:02 SELECT SQL : SELECT * FROM identification WHERE  active = '1'  
2017-07-27 14:44:02 SELECT SQL : SELECT * FROM users WHERE  active = '1'  
2017-07-27 14:44:02 SELECT SQL : SELECT id,name,branchId,currency_id FROM accounts WHERE  active = '1' AND type_id = '1'  
2017-07-27 14:44:02 Balance Update Params :
Branch Id : 5
Account ID : 16
Amount : 0
2017-07-27 14:44:02 SELECT SQL : SELECT * FROM balances WHERE  branchId = '5' AND accountId = '16'  
2017-07-27 14:44:02 SELECT SQL : SELECT * FROM balances WHERE  branchId = '5' AND accountId = '16' AND date = '2017-07-27'  
2017-07-27 14:44:02 UPDATE SQL : UPDATE balances SET closingBalance = '315496' WHERE  branchId = '5' AND accountId = '16' AND date = '2017-07-27' 
2017-07-27 14:44:02 Balance Update Status 2:1
 2017-07-27 14:44:02 Balance Update Params :
Branch Id : 6
Account ID : 20
Amount : 0
2017-07-27 14:44:02 SELECT SQL : SELECT * FROM balances WHERE  branchId = '6' AND accountId = '20'  
2017-07-27 14:44:02 Balance Update Params :
Branch Id : 6
Account ID : 21
Amount : 0
2017-07-27 14:44:02 SELECT SQL : SELECT * FROM balances WHERE  branchId = '6' AND accountId = '21'  
2017-07-27 14:44:02 SELECT SQL : SELECT * FROM balances WHERE  branchId = '6' AND accountId = '21' AND date = '2017-07-27'  
2017-07-27 14:44:02 UPDATE SQL : UPDATE balances SET closingBalance = '-88986.84511788' WHERE  branchId = '6' AND accountId = '21' AND date = '2017-07-27' 
2017-07-27 14:44:02 Balance Update Status 2:1
 2017-07-27 14:44:02 Balance Update Params :
Branch Id : 6
Account ID : 22
Amount : 0
2017-07-27 14:44:02 SELECT SQL : SELECT * FROM balances WHERE  branchId = '6' AND accountId = '22'  
2017-07-27 14:44:02 Balance Update Params :
Branch Id : 6
Account ID : 23
Amount : 0
2017-07-27 14:44:02 SELECT SQL : SELECT * FROM balances WHERE  branchId = '6' AND accountId = '23'  
2017-07-27 14:44:02 SELECT SQL : SELECT * FROM balances WHERE  branchId = '6' AND accountId = '23' AND date = '2017-07-27'  
2017-07-27 14:44:02 UPDATE SQL : UPDATE balances SET closingBalance = '-112384482' WHERE  branchId = '6' AND accountId = '23' AND date = '2017-07-27' 
2017-07-27 14:44:02 Balance Update Status 2:1
 2017-07-27 14:44:02 Balance Update Params :
Branch Id : 6
Account ID : 24
Amount : 0
2017-07-27 14:44:02 SELECT SQL : SELECT * FROM balances WHERE  branchId = '6' AND accountId = '24'  
2017-07-27 14:44:02 Balance Update Params :
Branch Id : 11
Account ID : 27
Amount : 0
2017-07-27 14:44:02 SELECT SQL : SELECT * FROM balances WHERE  branchId = '11' AND accountId = '27'  
2017-07-27 14:44:02 SELECT SQL : SELECT * FROM balances WHERE  branchId = '11' AND accountId = '27' AND date = '2017-07-27'  
2017-07-27 14:44:02 UPDATE SQL : UPDATE balances SET closingBalance = '5215151.6461271' WHERE  branchId = '11' AND accountId = '27' AND date = '2017-07-27' 
2017-07-27 14:44:02 Balance Update Status 2:1
 2017-07-27 14:44:02 Balance Update Params :
Branch Id : 11
Account ID : 28
Amount : 0
2017-07-27 14:44:02 SELECT SQL : SELECT * FROM balances WHERE  branchId = '11' AND accountId = '28'  
2017-07-27 14:44:02 Balance Update Params :
Branch Id : 12
Account ID : 33
Amount : 0
2017-07-27 14:44:02 SELECT SQL : SELECT * FROM balances WHERE  branchId = '12' AND accountId = '33'  
2017-07-27 14:44:02 SELECT SQL : SELECT * FROM balances WHERE  branchId = '12' AND accountId = '33' AND date = '2017-07-27'  
2017-07-27 14:44:02 UPDATE SQL : UPDATE balances SET closingBalance = '22182' WHERE  branchId = '12' AND accountId = '33' AND date = '2017-07-27' 
2017-07-27 14:44:02 Balance Update Status 2:1
 2017-07-27 14:44:02 Balance Update Params :
Branch Id : 12
Account ID : 36
Amount : 0
2017-07-27 14:44:02 SELECT SQL : SELECT * FROM balances WHERE  branchId = '12' AND accountId = '36'  
2017-07-27 14:44:02 SELECT SQL : SELECT * FROM balances WHERE  branchId = '12' AND accountId = '36' AND date = '2017-07-27'  
2017-07-27 14:44:02 UPDATE SQL : UPDATE balances SET closingBalance = '762107' WHERE  branchId = '12' AND accountId = '36' AND date = '2017-07-27' 
2017-07-27 14:44:02 Balance Update Status 2:1
 2017-07-27 14:44:02 Balance Update Params :
Branch Id : 7
Account ID : 37
Amount : 0
2017-07-27 14:44:02 SELECT SQL : SELECT * FROM balances WHERE  branchId = '7' AND accountId = '37'  
2017-07-27 14:44:02 SELECT SQL : SELECT * FROM balances WHERE  branchId = '7' AND accountId = '37' AND date = '2017-07-27'  
2017-07-27 14:44:02 UPDATE SQL : UPDATE balances SET closingBalance = '47450' WHERE  branchId = '7' AND accountId = '37' AND date = '2017-07-27' 
2017-07-27 14:44:02 Balance Update Status 2:1
 2017-07-27 14:44:02 Balance Update Params :
Branch Id : 13
Account ID : 38
Amount : 0
2017-07-27 14:44:02 SELECT SQL : SELECT * FROM balances WHERE  branchId = '13' AND accountId = '38'  
2017-07-27 14:44:02 SELECT SQL : SELECT * FROM balances WHERE  branchId = '13' AND accountId = '38' AND date = '2017-07-27'  
2017-07-27 14:44:02 UPDATE SQL : UPDATE balances SET closingBalance = '2700' WHERE  branchId = '13' AND accountId = '38' AND date = '2017-07-27' 
2017-07-27 14:44:02 Balance Update Status 2:1
 2017-07-27 14:44:02 Balance Update Params :
Branch Id : 13
Account ID : 39
Amount : 0
2017-07-27 14:44:02 SELECT SQL : SELECT * FROM balances WHERE  branchId = '13' AND accountId = '39'  
2017-07-27 14:44:02 SELECT SQL : SELECT * FROM currencies WHERE  active = '1'  
2017-07-27 14:44:02 SELECT SQL : SELECT * FROM accounts WHERE  active = '1' AND type_id = '4'  
2017-07-27 14:44:02 SELECT SQL : SELECT * FROM account_types WHERE  active = '1'  
2017-07-27 14:44:02 SELECT SQL : SELECT * FROM user_types WHERE  active = '1'  
2017-07-27 14:44:02 Response : {"data":{"branches":[{"id":"5","name":"KINSHASHA","countryId":"4","location":"Patrice Avenue","supervisorId":"3","createdBy":"4","ts":"2017-06-30 00:06:55","active":"1"},{"id":"6","name":"OASIS MALL","countryId":"1","location":"Yusufu Lule Rd","supervisorId":"3","createdBy":"2","ts":"2017-06-30 00:12:08","active":"1"},{"id":"7","name":"GOMA","countryId":"4","location":"Goma","supervisorId":"3","createdBy":"1","ts":"2017-07-05 00:00:00","active":"1"},{"id":"9","name":"MOMBASA","countryId":"2","location":"Mombasa","supervisorId":"3","createdBy":"1","ts":"2017-07-05 00:00:00","active":"1"},{"id":"10","name":"DUBAI","countryId":"6","location":"Dubai","supervisorId":"3","createdBy":"1","ts":"2017-07-05 00:00:00","active":"1"},{"id":"11","name":"CHINA","countryId":"5","location":"China","supervisorId":"3","createdBy":"3","ts":"2017-07-05 13:23:17","active":"1"},{"id":"12","name":"NAIROBI","countryId":"2","location":"Nairobi","supervisorId":"3","createdBy":"3","ts":"2017-07-06 14:12:35","active":"1"},{"id":"13","name":"KAMPALA ROAD","countryId":"1","location":"kampala road","supervisorId":"3","createdBy":"3","ts":"2017-07-06 14:12:35","active":"1"}],"countries":[{"id":"1","name":"UGANDA","createdBy":"1","ts":"2017-06-25 23:13:31","active":"1"},{"id":"2","name":"KENYA","createdBy":"1","ts":"2017-06-26 09:02:45","active":"1"},{"id":"3","name":"TZ","createdBy":"1","ts":"2017-06-28 11:11:53","active":"1"},{"id":"4","name":"CONGO","createdBy":"1","ts":"2017-06-28 11:26:11","active":"1"},{"id":"5","name":"CHINA","createdBy":"1","ts":"2017-06-28 11:30:01","active":"1"},{"id":"6","name":"UAE","createdBy":"1","ts":"2017-07-05 00:00:00","active":"1"}],"ids":[[{"id":"1","name":"Passport","createdBy":"1","ts":"2017-06-28 14:00:01","active":"1"},{"id":"2","name":"National ID","createdBy":"1","ts":"2017-06-28 14:00:01","active":"1"},{"id":"3","name":"STUDENTS ID","createdBy":"1","ts":"2017-06-28 16:21:46","active":"1"}]],"users":[{"id":"1","firstName":"You","surname":"Jinshu","email":"hudsonbogere@swipeit.co.ug","phone":"256783131266","userName":"you","branchId":"0","userTypeId":"1","password":"$2y$10$pPGbhJ1RXx\/ug.ED3LnsQuKHJTqwYsa\/iF0OqGOgsjflkHKIDTLVq","sessionId":"CFnzjXc5wtIKgfgKgL2DASU3uZYEM42v","ipAddress":"160.242.139.228","createdBy":null,"ts":"2017-06-23 15:08:12","active":"1"},{"id":"2","firstName":"Nansubuga","surname":"Dorothy","email":"henry@gmail.com","phone":"256752284441","userName":"dorah","branchId":"12","userTypeId":"3","password":"$2y$10$F9t92sYKf2rDJ.JzCmrrT.Jt1Ix37Fuo.uZKpXPn69dgDUTZ8xLXi","sessionId":"Q744rQKyMWLBGwV8GOPmIspGfSJHshVg","ipAddress":"154.76.3.104","createdBy":"1","ts":"2017-06-26 19:11:07","active":"1"},{"id":"3","firstName":"Lydia","surname":"Amoi","email":"islam@gmail.com","phone":"256777608310","userName":"lydia","branchId":"6","userTypeId":"2","password":"$2y$10$m72Zz8Z.h4\/Zp6TFDhmbXeQ79kZ7JJ2U0yLUanc0dDVxbc.5UPkRG","sessionId":"bAqmqVcUPiMrvbM8ljeCrGj0NFvgUfmx","ipAddress":"160.242.137.6","createdBy":"1","ts":"2017-06-26 19:41:01","active":"1"},{"id":"4","firstName":"Nabukera","surname":"Maria","email":"banerd@tfb.com","phone":"256774457813","userName":"maria","branchId":"5","userTypeId":"5","password":"$2y$10$wTpUE\/WJFMfQaBglrQocTO9ndV6dbxL2vzFDEJZ1hpVVp4binpXGO","sessionId":"tAtmUN33mOodjeA8jFfyor0a3nj4RVf1","ipAddress":"160.242.139.78","createdBy":"1","ts":"2017-06-26 23:04:07","active":"1"},{"id":"5","firstName":"Henry","surname":"Bbosa","email":null,"phone":null,"userName":"henry","branchId":"11","userTypeId":"3","password":"$2y$10$m72Zz8Z.h4\/Zp6TFDhmbXeQ79kZ7JJ2U0yLUanc0dDVxbc.5UPkRG","sessionId":"","ipAddress":"197.157.0.49","createdBy":"1","ts":"2017-07-05 00:00:00","active":"1"},{"id":"6","firstName":"Edwin","surname":"Kakeeto","email":"edwin@edwin.com","phone":"0777777557","userName":"edwin","branchId":"7","userTypeId":"3","password":"$2y$10$wTpUE\/WJFMfQaBglrQocTO9ndV6dbxL2vzFDEJZ1hpVVp4binpXGO","sessionId":"KRX8Yh2iqId0EWTdOh43HSfBIE4fr5lp","ipAddress":"41.243.17.77","createdBy":"3","ts":"2017-07-10 07:37:50","active":"1"},{"id":"7","firstName":"Trish","surname":"Baby","email":"patricia@gmail.com","phone":"0777777557","userName":"trish","branchId":"13","userTypeId":"3","password":"$2y$10$m72Zz8Z.h4\/Zp6TFDhmbXeQ79kZ7JJ2U0yLUanc0dDVxbc.5UPkRG","sessionId":"k10XSropsYs2ikmovFMksbhRyqwut0dT","ipAddress":"160.242.137.6","createdBy":null,"ts":null,"active":"1"},{"id":"8","firstName":"cedric","surname":"cedric","email":"cedric@gmail.com","phone":"+256754813912","userName":"cedric","branchId":"7","userTypeId":"3","password":"$2y$10$m72Zz8Z.h4\/Zp6TFDhmbXeQ79kZ7JJ2U0yLUanc0dDVxbc.5UPkRG","sessionId":"","ipAddress":"160.242.141.153","createdBy":null,"ts":null,"active":"1"}],"accounts":[{"id":"16","name":"KINSHASHA-USD Account","branchId":"5","currency_id":"2"},{"id":"20","name":"OASIS MALL-RMB Account","branchId":"6","currency_id":"1"},{"id":"21","name":"OASIS MALL-USD Account","branchId":"6","currency_id":"2"},{"id":"22","name":"OASIS MALL-DIRHAM Account","branchId":"6","currency_id":"3"},{"id":"23","name":"OASIS MALL-UGX Account","branchId":"6","currency_id":"4"},{"id":"24","name":"OASIS MALL-KSH Account","branchId":"6","currency_id":"5"},{"id":"27","name":"CHINA-RMB Account","branchId":"11","currency_id":"1"},{"id":"28","name":"CHINA-USD Account","branchId":"11","currency_id":"2"},{"id":"33","name":"NAIROBI-USD Account","branchId":"12","currency_id":"2"},{"id":"36","name":"NAIROBI-KSH Account","branchId":"12","currency_id":"5"},{"id":"37","name":"GOMA-USD ACCOUNT","branchId":"7","currency_id":"2"},{"id":"38","name":"KAMPALA ROAD -USD ACCOUNT","branchId":"13","currency_id":"2"},{"id":"39","name":"KAMPALA ROAD- UGX ACCOUNT ","branchId":"13","currency_id":"4"}],"currencies":[{"id":"1","name":"RMB","symbol":"\u00c2\u00a5","createdBy":"1","ts":"2017-06-27 22:45:12","active":"1"},{"id":"2","name":"USD","symbol":"$","createdBy":"1","ts":"2017-06-27 22:45:12","active":"1"},{"id":"3","name":"DIRHAM","symbol":"","createdBy":"1","ts":"2017-06-28 11:40:09","active":"1"},{"id":"4","name":"UGX","symbol":"\/=","createdBy":"1","ts":"2017-06-28 11:46:50","active":"1"},{"id":"5","name":"KSH","symbol":"","createdBy":"1","ts":"2017-06-28 11:46:50","active":"1"}],"superaccount":[{"id":"1","name":"RMB Account","branchId":"0","type_id":"4","currency_id":"1","balance":"0","createdBy":"1","active":"1","ts":"2017-06-27 22:45:12"}],"accountTypes":[{"id":"1","type":"Transfer","description":"","createdBy":"1","ts":"2017-06-28 14:31:12","active":"1"},{"id":"2","type":"Suspense","description":"","createdBy":"1","ts":"2017-06-28 14:31:12","active":"1"},{"id":"4","type":"Super","description":"","createdBy":"1","ts":"2017-06-28 14:31:12","active":"1"}],"userTypes":[{"id":"1","name":"E-Value Admin","level":"1","ts":"2017-06-27 22:45:12","active":"1"},{"id":"2","name":"Super User","level":"2","ts":"2017-06-27 22:45:12","active":"1"},{"id":"3","name":"Agent","level":"3","ts":"2017-06-27 22:45:12","active":"1"},{"id":"4","name":"System Admin","level":"4","ts":"2017-06-27 22:45:12","active":"1"},{"id":"5","name":"superAgent","level":"3","ts":"2017-06-27 22:45:12","active":"1"}]},"success":1}
