2017-07-25 15:02:44 ---- New Request ----
2017-07-25 15:02:44 Controller : Users
2017-07-25 15:02:44 Method : formsdetailsAction
2017-07-25 15:02:44 Controller File : controllers/Users.class.php, Exists
2017-07-25 15:02:44 Class constructed
2017-07-25 15:02:44 Details Params :
SessionID :3ADSM4R5rcq4aKaSWBeyYZjzxq585GSa
User ID : 4
2017-07-25 15:02:44 SELECT SQL : SELECT * FROM branches WHERE  active = '1'  
2017-07-25 15:02:44 SELECT SQL : SELECT * FROM countries WHERE  active = '1'  
2017-07-25 15:02:44 SELECT SQL : SELECT * FROM identification WHERE  active = '1'  
2017-07-25 15:02:44 SELECT SQL : SELECT * FROM users WHERE  active = '1'  
2017-07-25 15:02:44 SELECT SQL : SELECT id,name,branchId,currency_id FROM accounts WHERE  active = '1' AND type_id = '1'  
2017-07-25 15:02:44 Balance Update Params :
Branch Id : 5
Account ID : 16
Amount : 0
2017-07-25 15:02:44 SELECT SQL : SELECT * FROM balances WHERE  branchId = '5' AND accountId = '16'  
2017-07-25 15:02:44 SELECT SQL : SELECT * FROM balances WHERE  branchId = '5' AND accountId = '16' AND date = '2017-07-25'  
2017-07-25 15:02:44 UPDATE SQL : UPDATE balances SET closingBalance = '315496' WHERE  branchId = '5' AND accountId = '16' AND date = '2017-07-25' 
2017-07-25 15:02:44 Balance Update Status 2:1
 2017-07-25 15:02:44 Balance Update Params :
Branch Id : 6
Account ID : 20
Amount : 0
2017-07-25 15:02:44 SELECT SQL : SELECT * FROM balances WHERE  branchId = '6' AND accountId = '20'  
2017-07-25 15:02:44 Balance Update Params :
Branch Id : 6
Account ID : 21
Amount : 0
2017-07-25 15:02:44 SELECT SQL : SELECT * FROM balances WHERE  branchId = '6' AND accountId = '21'  
2017-07-25 15:02:44 SELECT SQL : SELECT * FROM balances WHERE  branchId = '6' AND accountId = '21' AND date = '2017-07-25'  
2017-07-25 15:02:44 UPDATE SQL : UPDATE balances SET closingBalance = '-88986.84511788' WHERE  branchId = '6' AND accountId = '21' AND date = '2017-07-25' 
2017-07-25 15:02:44 Balance Update Status 2:1
 2017-07-25 15:02:44 Balance Update Params :
Branch Id : 6
Account ID : 22
Amount : 0
2017-07-25 15:02:44 SELECT SQL : SELECT * FROM balances WHERE  branchId = '6' AND accountId = '22'  
2017-07-25 15:02:44 Balance Update Params :
Branch Id : 6
Account ID : 23
Amount : 0
2017-07-25 15:02:44 SELECT SQL : SELECT * FROM balances WHERE  branchId = '6' AND accountId = '23'  
2017-07-25 15:02:44 SELECT SQL : SELECT * FROM balances WHERE  branchId = '6' AND accountId = '23' AND date = '2017-07-25'  
2017-07-25 15:02:44 UPDATE SQL : UPDATE balances SET closingBalance = '-112384482' WHERE  branchId = '6' AND accountId = '23' AND date = '2017-07-25' 
2017-07-25 15:02:44 Balance Update Status 2:1
 2017-07-25 15:02:44 Balance Update Params :
Branch Id : 6
Account ID : 24
Amount : 0
2017-07-25 15:02:44 SELECT SQL : SELECT * FROM balances WHERE  branchId = '6' AND accountId = '24'  
2017-07-25 15:02:44 Balance Update Params :
Branch Id : 11
Account ID : 27
Amount : 0
2017-07-25 15:02:44 SELECT SQL : SELECT * FROM balances WHERE  branchId = '11' AND accountId = '27'  
2017-07-25 15:02:44 SELECT SQL : SELECT * FROM balances WHERE  branchId = '11' AND accountId = '27' AND date = '2017-07-25'  
2017-07-25 15:02:44 UPDATE SQL : UPDATE balances SET closingBalance = '5215151.6461271' WHERE  branchId = '11' AND accountId = '27' AND date = '2017-07-25' 
2017-07-25 15:02:44 Balance Update Status 2:1
 2017-07-25 15:02:44 Balance Update Params :
Branch Id : 11
Account ID : 28
Amount : 0
2017-07-25 15:02:44 SELECT SQL : SELECT * FROM balances WHERE  branchId = '11' AND accountId = '28'  
2017-07-25 15:02:44 Balance Update Params :
Branch Id : 12
Account ID : 33
Amount : 0
2017-07-25 15:02:44 SELECT SQL : SELECT * FROM balances WHERE  branchId = '12' AND accountId = '33'  
2017-07-25 15:02:44 SELECT SQL : SELECT * FROM balances WHERE  branchId = '12' AND accountId = '33' AND date = '2017-07-25'  
2017-07-25 15:02:44 UPDATE SQL : UPDATE balances SET closingBalance = '24450' WHERE  branchId = '12' AND accountId = '33' AND date = '2017-07-25' 
2017-07-25 15:02:44 Balance Update Status 2:1
 2017-07-25 15:02:44 Balance Update Params :
Branch Id : 12
Account ID : 36
Amount : 0
2017-07-25 15:02:44 SELECT SQL : SELECT * FROM balances WHERE  branchId = '12' AND accountId = '36'  
2017-07-25 15:02:44 SELECT SQL : SELECT * FROM balances WHERE  branchId = '12' AND accountId = '36' AND date = '2017-07-25'  
2017-07-25 15:02:44 UPDATE SQL : UPDATE balances SET closingBalance = '162037' WHERE  branchId = '12' AND accountId = '36' AND date = '2017-07-25' 
2017-07-25 15:02:44 Balance Update Status 2:1
 2017-07-25 15:02:44 Balance Update Params :
Branch Id : 7
Account ID : 37
Amount : 0
2017-07-25 15:02:44 SELECT SQL : SELECT * FROM balances WHERE  branchId = '7' AND accountId = '37'  
2017-07-25 15:02:44 SELECT SQL : SELECT * FROM balances WHERE  branchId = '7' AND accountId = '37' AND date = '2017-07-25'  
2017-07-25 15:02:44 UPDATE SQL : UPDATE balances SET closingBalance = '47450' WHERE  branchId = '7' AND accountId = '37' AND date = '2017-07-25' 
2017-07-25 15:02:44 Balance Update Status 2:1
 2017-07-25 15:02:44 Balance Update Params :
Branch Id : 13
Account ID : 38
Amount : 0
2017-07-25 15:02:44 SELECT SQL : SELECT * FROM balances WHERE  branchId = '13' AND accountId = '38'  
2017-07-25 15:02:44 SELECT SQL : SELECT * FROM balances WHERE  branchId = '13' AND accountId = '38' AND date = '2017-07-25'  
2017-07-25 15:02:44 UPDATE SQL : UPDATE balances SET closingBalance = '2700' WHERE  branchId = '13' AND accountId = '38' AND date = '2017-07-25' 
2017-07-25 15:02:44 Balance Update Status 2:1
 2017-07-25 15:02:44 Balance Update Params :
Branch Id : 13
Account ID : 39
Amount : 0
2017-07-25 15:02:44 SELECT SQL : SELECT * FROM balances WHERE  branchId = '13' AND accountId = '39'  
2017-07-25 15:02:44 SELECT SQL : SELECT * FROM currencies WHERE  active = '1'  
2017-07-25 15:02:44 SELECT SQL : SELECT * FROM accounts WHERE  active = '1' AND type_id = '4'  
2017-07-25 15:02:44 SELECT SQL : SELECT * FROM account_types WHERE  active = '1'  
2017-07-25 15:02:44 SELECT SQL : SELECT * FROM user_types WHERE  active = '1'  
2017-07-25 15:02:44 Response : {"data":{"branches":[{"id":"5","name":"KINSHASHA","countryId":"4","location":"Patrice Avenue","supervisorId":"3","createdBy":"4","ts":"2017-06-30 00:06:55","active":"1"},{"id":"6","name":"OASIS MALL","countryId":"1","location":"Yusufu Lule Rd","supervisorId":"3","createdBy":"2","ts":"2017-06-30 00:12:08","active":"1"},{"id":"7","name":"GOMA","countryId":"4","location":"Goma","supervisorId":"3","createdBy":"1","ts":"2017-07-05 00:00:00","active":"1"},{"id":"9","name":"MOMBASA","countryId":"2","location":"Mombasa","supervisorId":"3","createdBy":"1","ts":"2017-07-05 00:00:00","active":"1"},{"id":"10","name":"DUBAI","countryId":"6","location":"Dubai","supervisorId":"3","createdBy":"1","ts":"2017-07-05 00:00:00","active":"1"},{"id":"11","name":"CHINA","countryId":"5","location":"China","supervisorId":"3","createdBy":"3","ts":"2017-07-05 13:23:17","active":"1"},{"id":"12","name":"NAIROBI","countryId":"2","location":"Nairobi","supervisorId":"3","createdBy":"3","ts":"2017-07-06 14:12:35","active":"1"},{"id":"13","name":"KAMPALA ROAD","countryId":"1","location":"kampala road","supervisorId":"3","createdBy":"3","ts":"2017-07-06 14:12:35","active":"1"}],"countries":[{"id":"1","name":"UGANDA","createdBy":"1","ts":"2017-06-25 23:13:31","active":"1"},{"id":"2","name":"KENYA","createdBy":"1","ts":"2017-06-26 09:02:45","active":"1"},{"id":"3","name":"TZ","createdBy":"1","ts":"2017-06-28 11:11:53","active":"1"},{"id":"4","name":"CONGO","createdBy":"1","ts":"2017-06-28 11:26:11","active":"1"},{"id":"5","name":"CHINA","createdBy":"1","ts":"2017-06-28 11:30:01","active":"1"},{"id":"6","name":"UAE","createdBy":"1","ts":"2017-07-05 00:00:00","active":"1"}],"ids":[[{"id":"1","name":"Passport","createdBy":"1","ts":"2017-06-28 14:00:01","active":"1"},{"id":"2","name":"National ID","createdBy":"1","ts":"2017-06-28 14:00:01","active":"1"},{"id":"3","name":"STUDENTS ID","createdBy":"1","ts":"2017-06-28 16:21:46","active":"1"}]],"users":[{"id":"1","firstName":"You","surname":"Jinshu","email":"hudsonbogere@swipeit.co.ug","phone":"256783131266","userName":"you","branchId":"0","userTypeId":"1","password":"$2y$10$pPGbhJ1RXx\/ug.ED3LnsQuKHJTqwYsa\/iF0OqGOgsjflkHKIDTLVq","sessionId":"KSTms8GEe36Gy41kXds63LMk2kJjROlO","ipAddress":"41.210.145.81","createdBy":null,"ts":"2017-06-23 15:08:12","active":"1"},{"id":"2","firstName":"Nansubuga","surname":"Dorothy","email":"henry@gmail.com","phone":"256752284441","userName":"dorah","branchId":"12","userTypeId":"3","password":"$2y$10$F9t92sYKf2rDJ.JzCmrrT.Jt1Ix37Fuo.uZKpXPn69dgDUTZ8xLXi","sessionId":"nY62cq2UAUOC3D6SdpTQEvK7LPJ00eiz","ipAddress":"105.230.77.140","createdBy":"1","ts":"2017-06-26 19:11:07","active":"1"},{"id":"3","firstName":"Lydia","surname":"Amoi","email":"islam@gmail.com","phone":"256777608310","userName":"lydia","branchId":"6","userTypeId":"2","password":"$2y$10$m72Zz8Z.h4\/Zp6TFDhmbXeQ79kZ7JJ2U0yLUanc0dDVxbc.5UPkRG","sessionId":"","ipAddress":"197.157.0.49","createdBy":"1","ts":"2017-06-26 19:41:01","active":"1"},{"id":"4","firstName":"Nabukera","surname":"Maria","email":"banerd@tfb.com","phone":"256774457813","userName":"maria","branchId":"5","userTypeId":"5","password":"$2y$10$wTpUE\/WJFMfQaBglrQocTO9ndV6dbxL2vzFDEJZ1hpVVp4binpXGO","sessionId":"3ADSM4R5rcq4aKaSWBeyYZjzxq585GSa","ipAddress":"41.75.172.28","createdBy":"1","ts":"2017-06-26 23:04:07","active":"1"},{"id":"5","firstName":"Henry","surname":"Bbosa","email":null,"phone":null,"userName":"henry","branchId":"11","userTypeId":"3","password":"$2y$10$m72Zz8Z.h4\/Zp6TFDhmbXeQ79kZ7JJ2U0yLUanc0dDVxbc.5UPkRG","sessionId":"","ipAddress":"197.157.0.49","createdBy":"1","ts":"2017-07-05 00:00:00","active":"1"},{"id":"6","firstName":"Edwin","surname":"Kakeeto","email":"edwin@edwin.com","phone":"0777777557","userName":"edwin","branchId":"7","userTypeId":"3","password":"$2y$10$wTpUE\/WJFMfQaBglrQocTO9ndV6dbxL2vzFDEJZ1hpVVp4binpXGO","sessionId":"","ipAddress":"160.242.132.81","createdBy":"3","ts":"2017-07-10 07:37:50","active":"1"},{"id":"7","firstName":"Trish","surname":"Baby","email":"patricia@gmail.com","phone":"0777777557","userName":"trish","branchId":"13","userTypeId":"3","password":"$2y$10$m72Zz8Z.h4\/Zp6TFDhmbXeQ79kZ7JJ2U0yLUanc0dDVxbc.5UPkRG","sessionId":"","ipAddress":"160.242.141.153","createdBy":null,"ts":null,"active":"1"},{"id":"8","firstName":"cedric","surname":"cedric","email":"cedric@gmail.com","phone":"+256754813912","userName":"cedric","branchId":"7","userTypeId":"3","password":"$2y$10$m72Zz8Z.h4\/Zp6TFDhmbXeQ79kZ7JJ2U0yLUanc0dDVxbc.5UPkRG","sessionId":"","ipAddress":"160.242.141.153","createdBy":null,"ts":null,"active":"1"}],"accounts":[{"id":"16","name":"KINSHASHA-USD Account","branchId":"5","currency_id":"2"},{"id":"20","name":"OASIS MALL-RMB Account","branchId":"6","currency_id":"1"},{"id":"21","name":"OASIS MALL-USD Account","branchId":"6","currency_id":"2"},{"id":"22","name":"OASIS MALL-DIRHAM Account","branchId":"6","currency_id":"3"},{"id":"23","name":"OASIS MALL-UGX Account","branchId":"6","currency_id":"4"},{"id":"24","name":"OASIS MALL-KSH Account","branchId":"6","currency_id":"5"},{"id":"27","name":"CHINA-RMB Account","branchId":"11","currency_id":"1"},{"id":"28","name":"CHINA-USD Account","branchId":"11","currency_id":"2"},{"id":"33","name":"NAIROBI-USD Account","branchId":"12","currency_id":"2"},{"id":"36","name":"NAIROBI-KSH Account","branchId":"12","currency_id":"5"},{"id":"37","name":"GOMA-USD ACCOUNT","branchId":"7","currency_id":"2"},{"id":"38","name":"KAMPALA ROAD -USD ACCOUNT","branchId":"13","currency_id":"2"},{"id":"39","name":"KAMPALA ROAD- UGX ACCOUNT ","branchId":"13","currency_id":"4"}],"currencies":[{"id":"1","name":"RMB","symbol":"\u00c2\u00a5","createdBy":"1","ts":"2017-06-27 22:45:12","active":"1"},{"id":"2","name":"USD","symbol":"$","createdBy":"1","ts":"2017-06-27 22:45:12","active":"1"},{"id":"3","name":"DIRHAM","symbol":"","createdBy":"1","ts":"2017-06-28 11:40:09","active":"1"},{"id":"4","name":"UGX","symbol":"\/=","createdBy":"1","ts":"2017-06-28 11:46:50","active":"1"},{"id":"5","name":"KSH","symbol":"","createdBy":"1","ts":"2017-06-28 11:46:50","active":"1"}],"superaccount":[{"id":"1","name":"RMB Account","branchId":"0","type_id":"4","currency_id":"1","balance":"0","createdBy":"1","active":"1","ts":"2017-06-27 22:45:12"}],"accountTypes":[{"id":"1","type":"Transfer","description":"","createdBy":"1","ts":"2017-06-28 14:31:12","active":"1"},{"id":"2","type":"Suspense","description":"","createdBy":"1","ts":"2017-06-28 14:31:12","active":"1"},{"id":"4","type":"Super","description":"","createdBy":"1","ts":"2017-06-28 14:31:12","active":"1"}],"userTypes":[{"id":"1","name":"E-Value Admin","level":"1","ts":"2017-06-27 22:45:12","active":"1"},{"id":"2","name":"Super User","level":"2","ts":"2017-06-27 22:45:12","active":"1"},{"id":"3","name":"Agent","level":"3","ts":"2017-06-27 22:45:12","active":"1"},{"id":"4","name":"System Admin","level":"4","ts":"2017-06-27 22:45:12","active":"1"},{"id":"5","name":"superAgent","level":"3","ts":"2017-06-27 22:45:12","active":"1"}]},"success":1}
2017-07-25 15:16:00 ---- New Request ----
2017-07-25 15:16:00 Controller : Users
2017-07-25 15:16:00 Method : formsdetailsAction
2017-07-25 15:16:00 Controller File : controllers/Users.class.php, Exists
2017-07-25 15:16:00 Class constructed
2017-07-25 15:16:00 Details Params :
SessionID :3ADSM4R5rcq4aKaSWBeyYZjzxq585GSa
User ID : 4
2017-07-25 15:16:00 SELECT SQL : SELECT * FROM branches WHERE  active = '1'  
2017-07-25 15:16:00 SELECT SQL : SELECT * FROM countries WHERE  active = '1'  
2017-07-25 15:16:00 SELECT SQL : SELECT * FROM identification WHERE  active = '1'  
2017-07-25 15:16:00 SELECT SQL : SELECT * FROM users WHERE  active = '1'  
2017-07-25 15:16:00 SELECT SQL : SELECT id,name,branchId,currency_id FROM accounts WHERE  active = '1' AND type_id = '1'  
2017-07-25 15:16:00 Balance Update Params :
Branch Id : 5
Account ID : 16
Amount : 0
2017-07-25 15:16:00 SELECT SQL : SELECT * FROM balances WHERE  branchId = '5' AND accountId = '16'  
2017-07-25 15:16:00 SELECT SQL : SELECT * FROM balances WHERE  branchId = '5' AND accountId = '16' AND date = '2017-07-25'  
2017-07-25 15:16:00 UPDATE SQL : UPDATE balances SET closingBalance = '315496' WHERE  branchId = '5' AND accountId = '16' AND date = '2017-07-25' 
2017-07-25 15:16:00 Balance Update Status 2:1
 2017-07-25 15:16:00 Balance Update Params :
Branch Id : 6
Account ID : 20
Amount : 0
2017-07-25 15:16:00 SELECT SQL : SELECT * FROM balances WHERE  branchId = '6' AND accountId = '20'  
2017-07-25 15:16:00 Balance Update Params :
Branch Id : 6
Account ID : 21
Amount : 0
2017-07-25 15:16:00 SELECT SQL : SELECT * FROM balances WHERE  branchId = '6' AND accountId = '21'  
2017-07-25 15:16:00 SELECT SQL : SELECT * FROM balances WHERE  branchId = '6' AND accountId = '21' AND date = '2017-07-25'  
2017-07-25 15:16:00 UPDATE SQL : UPDATE balances SET closingBalance = '-88986.84511788' WHERE  branchId = '6' AND accountId = '21' AND date = '2017-07-25' 
2017-07-25 15:16:00 Balance Update Status 2:1
 2017-07-25 15:16:00 Balance Update Params :
Branch Id : 6
Account ID : 22
Amount : 0
2017-07-25 15:16:00 SELECT SQL : SELECT * FROM balances WHERE  branchId = '6' AND accountId = '22'  
2017-07-25 15:16:00 Balance Update Params :
Branch Id : 6
Account ID : 23
Amount : 0
2017-07-25 15:16:00 SELECT SQL : SELECT * FROM balances WHERE  branchId = '6' AND accountId = '23'  
2017-07-25 15:16:00 SELECT SQL : SELECT * FROM balances WHERE  branchId = '6' AND accountId = '23' AND date = '2017-07-25'  
2017-07-25 15:16:00 UPDATE SQL : UPDATE balances SET closingBalance = '-112384482' WHERE  branchId = '6' AND accountId = '23' AND date = '2017-07-25' 
2017-07-25 15:16:00 Balance Update Status 2:1
 2017-07-25 15:16:00 Balance Update Params :
Branch Id : 6
Account ID : 24
Amount : 0
2017-07-25 15:16:00 SELECT SQL : SELECT * FROM balances WHERE  branchId = '6' AND accountId = '24'  
2017-07-25 15:16:00 Balance Update Params :
Branch Id : 11
Account ID : 27
Amount : 0
2017-07-25 15:16:00 SELECT SQL : SELECT * FROM balances WHERE  branchId = '11' AND accountId = '27'  
2017-07-25 15:16:00 SELECT SQL : SELECT * FROM balances WHERE  branchId = '11' AND accountId = '27' AND date = '2017-07-25'  
2017-07-25 15:16:00 UPDATE SQL : UPDATE balances SET closingBalance = '5215151.6461271' WHERE  branchId = '11' AND accountId = '27' AND date = '2017-07-25' 
2017-07-25 15:16:00 Balance Update Status 2:1
 2017-07-25 15:16:00 Balance Update Params :
Branch Id : 11
Account ID : 28
Amount : 0
2017-07-25 15:16:00 SELECT SQL : SELECT * FROM balances WHERE  branchId = '11' AND accountId = '28'  
2017-07-25 15:16:00 Balance Update Params :
Branch Id : 12
Account ID : 33
Amount : 0
2017-07-25 15:16:00 SELECT SQL : SELECT * FROM balances WHERE  branchId = '12' AND accountId = '33'  
2017-07-25 15:16:00 SELECT SQL : SELECT * FROM balances WHERE  branchId = '12' AND accountId = '33' AND date = '2017-07-25'  
2017-07-25 15:16:00 UPDATE SQL : UPDATE balances SET closingBalance = '24450' WHERE  branchId = '12' AND accountId = '33' AND date = '2017-07-25' 
2017-07-25 15:16:00 Balance Update Status 2:1
 2017-07-25 15:16:00 Balance Update Params :
Branch Id : 12
Account ID : 36
Amount : 0
2017-07-25 15:16:00 SELECT SQL : SELECT * FROM balances WHERE  branchId = '12' AND accountId = '36'  
2017-07-25 15:16:00 SELECT SQL : SELECT * FROM balances WHERE  branchId = '12' AND accountId = '36' AND date = '2017-07-25'  
2017-07-25 15:16:00 UPDATE SQL : UPDATE balances SET closingBalance = '162037' WHERE  branchId = '12' AND accountId = '36' AND date = '2017-07-25' 
2017-07-25 15:16:00 Balance Update Status 2:1
 2017-07-25 15:16:00 Balance Update Params :
Branch Id : 7
Account ID : 37
Amount : 0
2017-07-25 15:16:00 SELECT SQL : SELECT * FROM balances WHERE  branchId = '7' AND accountId = '37'  
2017-07-25 15:16:00 SELECT SQL : SELECT * FROM balances WHERE  branchId = '7' AND accountId = '37' AND date = '2017-07-25'  
2017-07-25 15:16:00 UPDATE SQL : UPDATE balances SET closingBalance = '47450' WHERE  branchId = '7' AND accountId = '37' AND date = '2017-07-25' 
2017-07-25 15:16:00 Balance Update Status 2:1
 2017-07-25 15:16:00 Balance Update Params :
Branch Id : 13
Account ID : 38
Amount : 0
2017-07-25 15:16:00 SELECT SQL : SELECT * FROM balances WHERE  branchId = '13' AND accountId = '38'  
2017-07-25 15:16:00 SELECT SQL : SELECT * FROM balances WHERE  branchId = '13' AND accountId = '38' AND date = '2017-07-25'  
2017-07-25 15:16:00 UPDATE SQL : UPDATE balances SET closingBalance = '2700' WHERE  branchId = '13' AND accountId = '38' AND date = '2017-07-25' 
2017-07-25 15:16:00 Balance Update Status 2:1
 2017-07-25 15:16:00 Balance Update Params :
Branch Id : 13
Account ID : 39
Amount : 0
2017-07-25 15:16:00 SELECT SQL : SELECT * FROM balances WHERE  branchId = '13' AND accountId = '39'  
2017-07-25 15:16:00 SELECT SQL : SELECT * FROM currencies WHERE  active = '1'  
2017-07-25 15:16:00 SELECT SQL : SELECT * FROM accounts WHERE  active = '1' AND type_id = '4'  
2017-07-25 15:16:00 SELECT SQL : SELECT * FROM account_types WHERE  active = '1'  
2017-07-25 15:16:00 SELECT SQL : SELECT * FROM user_types WHERE  active = '1'  
2017-07-25 15:16:00 Response : {"data":{"branches":[{"id":"5","name":"KINSHASHA","countryId":"4","location":"Patrice Avenue","supervisorId":"3","createdBy":"4","ts":"2017-06-30 00:06:55","active":"1"},{"id":"6","name":"OASIS MALL","countryId":"1","location":"Yusufu Lule Rd","supervisorId":"3","createdBy":"2","ts":"2017-06-30 00:12:08","active":"1"},{"id":"7","name":"GOMA","countryId":"4","location":"Goma","supervisorId":"3","createdBy":"1","ts":"2017-07-05 00:00:00","active":"1"},{"id":"9","name":"MOMBASA","countryId":"2","location":"Mombasa","supervisorId":"3","createdBy":"1","ts":"2017-07-05 00:00:00","active":"1"},{"id":"10","name":"DUBAI","countryId":"6","location":"Dubai","supervisorId":"3","createdBy":"1","ts":"2017-07-05 00:00:00","active":"1"},{"id":"11","name":"CHINA","countryId":"5","location":"China","supervisorId":"3","createdBy":"3","ts":"2017-07-05 13:23:17","active":"1"},{"id":"12","name":"NAIROBI","countryId":"2","location":"Nairobi","supervisorId":"3","createdBy":"3","ts":"2017-07-06 14:12:35","active":"1"},{"id":"13","name":"KAMPALA ROAD","countryId":"1","location":"kampala road","supervisorId":"3","createdBy":"3","ts":"2017-07-06 14:12:35","active":"1"}],"countries":[{"id":"1","name":"UGANDA","createdBy":"1","ts":"2017-06-25 23:13:31","active":"1"},{"id":"2","name":"KENYA","createdBy":"1","ts":"2017-06-26 09:02:45","active":"1"},{"id":"3","name":"TZ","createdBy":"1","ts":"2017-06-28 11:11:53","active":"1"},{"id":"4","name":"CONGO","createdBy":"1","ts":"2017-06-28 11:26:11","active":"1"},{"id":"5","name":"CHINA","createdBy":"1","ts":"2017-06-28 11:30:01","active":"1"},{"id":"6","name":"UAE","createdBy":"1","ts":"2017-07-05 00:00:00","active":"1"}],"ids":[[{"id":"1","name":"Passport","createdBy":"1","ts":"2017-06-28 14:00:01","active":"1"},{"id":"2","name":"National ID","createdBy":"1","ts":"2017-06-28 14:00:01","active":"1"},{"id":"3","name":"STUDENTS ID","createdBy":"1","ts":"2017-06-28 16:21:46","active":"1"}]],"users":[{"id":"1","firstName":"You","surname":"Jinshu","email":"hudsonbogere@swipeit.co.ug","phone":"256783131266","userName":"you","branchId":"0","userTypeId":"1","password":"$2y$10$pPGbhJ1RXx\/ug.ED3LnsQuKHJTqwYsa\/iF0OqGOgsjflkHKIDTLVq","sessionId":"KSTms8GEe36Gy41kXds63LMk2kJjROlO","ipAddress":"41.210.145.81","createdBy":null,"ts":"2017-06-23 15:08:12","active":"1"},{"id":"2","firstName":"Nansubuga","surname":"Dorothy","email":"henry@gmail.com","phone":"256752284441","userName":"dorah","branchId":"12","userTypeId":"3","password":"$2y$10$F9t92sYKf2rDJ.JzCmrrT.Jt1Ix37Fuo.uZKpXPn69dgDUTZ8xLXi","sessionId":"nY62cq2UAUOC3D6SdpTQEvK7LPJ00eiz","ipAddress":"105.230.77.140","createdBy":"1","ts":"2017-06-26 19:11:07","active":"1"},{"id":"3","firstName":"Lydia","surname":"Amoi","email":"islam@gmail.com","phone":"256777608310","userName":"lydia","branchId":"6","userTypeId":"2","password":"$2y$10$m72Zz8Z.h4\/Zp6TFDhmbXeQ79kZ7JJ2U0yLUanc0dDVxbc.5UPkRG","sessionId":"","ipAddress":"197.157.0.49","createdBy":"1","ts":"2017-06-26 19:41:01","active":"1"},{"id":"4","firstName":"Nabukera","surname":"Maria","email":"banerd@tfb.com","phone":"256774457813","userName":"maria","branchId":"5","userTypeId":"5","password":"$2y$10$wTpUE\/WJFMfQaBglrQocTO9ndV6dbxL2vzFDEJZ1hpVVp4binpXGO","sessionId":"3ADSM4R5rcq4aKaSWBeyYZjzxq585GSa","ipAddress":"41.75.172.28","createdBy":"1","ts":"2017-06-26 23:04:07","active":"1"},{"id":"5","firstName":"Henry","surname":"Bbosa","email":null,"phone":null,"userName":"henry","branchId":"11","userTypeId":"3","password":"$2y$10$m72Zz8Z.h4\/Zp6TFDhmbXeQ79kZ7JJ2U0yLUanc0dDVxbc.5UPkRG","sessionId":"","ipAddress":"197.157.0.49","createdBy":"1","ts":"2017-07-05 00:00:00","active":"1"},{"id":"6","firstName":"Edwin","surname":"Kakeeto","email":"edwin@edwin.com","phone":"0777777557","userName":"edwin","branchId":"7","userTypeId":"3","password":"$2y$10$wTpUE\/WJFMfQaBglrQocTO9ndV6dbxL2vzFDEJZ1hpVVp4binpXGO","sessionId":"","ipAddress":"160.242.132.81","createdBy":"3","ts":"2017-07-10 07:37:50","active":"1"},{"id":"7","firstName":"Trish","surname":"Baby","email":"patricia@gmail.com","phone":"0777777557","userName":"trish","branchId":"13","userTypeId":"3","password":"$2y$10$m72Zz8Z.h4\/Zp6TFDhmbXeQ79kZ7JJ2U0yLUanc0dDVxbc.5UPkRG","sessionId":"","ipAddress":"160.242.141.153","createdBy":null,"ts":null,"active":"1"},{"id":"8","firstName":"cedric","surname":"cedric","email":"cedric@gmail.com","phone":"+256754813912","userName":"cedric","branchId":"7","userTypeId":"3","password":"$2y$10$m72Zz8Z.h4\/Zp6TFDhmbXeQ79kZ7JJ2U0yLUanc0dDVxbc.5UPkRG","sessionId":"","ipAddress":"160.242.141.153","createdBy":null,"ts":null,"active":"1"}],"accounts":[{"id":"16","name":"KINSHASHA-USD Account","branchId":"5","currency_id":"2"},{"id":"20","name":"OASIS MALL-RMB Account","branchId":"6","currency_id":"1"},{"id":"21","name":"OASIS MALL-USD Account","branchId":"6","currency_id":"2"},{"id":"22","name":"OASIS MALL-DIRHAM Account","branchId":"6","currency_id":"3"},{"id":"23","name":"OASIS MALL-UGX Account","branchId":"6","currency_id":"4"},{"id":"24","name":"OASIS MALL-KSH Account","branchId":"6","currency_id":"5"},{"id":"27","name":"CHINA-RMB Account","branchId":"11","currency_id":"1"},{"id":"28","name":"CHINA-USD Account","branchId":"11","currency_id":"2"},{"id":"33","name":"NAIROBI-USD Account","branchId":"12","currency_id":"2"},{"id":"36","name":"NAIROBI-KSH Account","branchId":"12","currency_id":"5"},{"id":"37","name":"GOMA-USD ACCOUNT","branchId":"7","currency_id":"2"},{"id":"38","name":"KAMPALA ROAD -USD ACCOUNT","branchId":"13","currency_id":"2"},{"id":"39","name":"KAMPALA ROAD- UGX ACCOUNT ","branchId":"13","currency_id":"4"}],"currencies":[{"id":"1","name":"RMB","symbol":"\u00c2\u00a5","createdBy":"1","ts":"2017-06-27 22:45:12","active":"1"},{"id":"2","name":"USD","symbol":"$","createdBy":"1","ts":"2017-06-27 22:45:12","active":"1"},{"id":"3","name":"DIRHAM","symbol":"","createdBy":"1","ts":"2017-06-28 11:40:09","active":"1"},{"id":"4","name":"UGX","symbol":"\/=","createdBy":"1","ts":"2017-06-28 11:46:50","active":"1"},{"id":"5","name":"KSH","symbol":"","createdBy":"1","ts":"2017-06-28 11:46:50","active":"1"}],"superaccount":[{"id":"1","name":"RMB Account","branchId":"0","type_id":"4","currency_id":"1","balance":"0","createdBy":"1","active":"1","ts":"2017-06-27 22:45:12"}],"accountTypes":[{"id":"1","type":"Transfer","description":"","createdBy":"1","ts":"2017-06-28 14:31:12","active":"1"},{"id":"2","type":"Suspense","description":"","createdBy":"1","ts":"2017-06-28 14:31:12","active":"1"},{"id":"4","type":"Super","description":"","createdBy":"1","ts":"2017-06-28 14:31:12","active":"1"}],"userTypes":[{"id":"1","name":"E-Value Admin","level":"1","ts":"2017-06-27 22:45:12","active":"1"},{"id":"2","name":"Super User","level":"2","ts":"2017-06-27 22:45:12","active":"1"},{"id":"3","name":"Agent","level":"3","ts":"2017-06-27 22:45:12","active":"1"},{"id":"4","name":"System Admin","level":"4","ts":"2017-06-27 22:45:12","active":"1"},{"id":"5","name":"superAgent","level":"3","ts":"2017-06-27 22:45:12","active":"1"}]},"success":1}
2017-07-25 15:23:39 ---- New Request ----
2017-07-25 15:23:39 Controller : Users
2017-07-25 15:23:39 Method : formsdetailsAction
2017-07-25 15:23:39 Controller File : controllers/Users.class.php, Exists
2017-07-25 15:23:39 Class constructed
2017-07-25 15:23:39 Details Params :
SessionID :3ADSM4R5rcq4aKaSWBeyYZjzxq585GSa
User ID : 4
2017-07-25 15:23:39 SELECT SQL : SELECT * FROM branches WHERE  active = '1'  
2017-07-25 15:23:39 SELECT SQL : SELECT * FROM countries WHERE  active = '1'  
2017-07-25 15:23:39 SELECT SQL : SELECT * FROM identification WHERE  active = '1'  
2017-07-25 15:23:39 SELECT SQL : SELECT * FROM users WHERE  active = '1'  
2017-07-25 15:23:39 SELECT SQL : SELECT id,name,branchId,currency_id FROM accounts WHERE  active = '1' AND type_id = '1'  
2017-07-25 15:23:39 Balance Update Params :
Branch Id : 5
Account ID : 16
Amount : 0
2017-07-25 15:23:39 SELECT SQL : SELECT * FROM balances WHERE  branchId = '5' AND accountId = '16'  
2017-07-25 15:23:39 SELECT SQL : SELECT * FROM balances WHERE  branchId = '5' AND accountId = '16' AND date = '2017-07-25'  
2017-07-25 15:23:39 UPDATE SQL : UPDATE balances SET closingBalance = '315496' WHERE  branchId = '5' AND accountId = '16' AND date = '2017-07-25' 
2017-07-25 15:23:39 Balance Update Status 2:1
 2017-07-25 15:23:39 Balance Update Params :
Branch Id : 6
Account ID : 20
Amount : 0
2017-07-25 15:23:39 SELECT SQL : SELECT * FROM balances WHERE  branchId = '6' AND accountId = '20'  
2017-07-25 15:23:39 Balance Update Params :
Branch Id : 6
Account ID : 21
Amount : 0
2017-07-25 15:23:39 SELECT SQL : SELECT * FROM balances WHERE  branchId = '6' AND accountId = '21'  
2017-07-25 15:23:39 SELECT SQL : SELECT * FROM balances WHERE  branchId = '6' AND accountId = '21' AND date = '2017-07-25'  
2017-07-25 15:23:39 UPDATE SQL : UPDATE balances SET closingBalance = '-88986.84511788' WHERE  branchId = '6' AND accountId = '21' AND date = '2017-07-25' 
2017-07-25 15:23:39 Balance Update Status 2:1
 2017-07-25 15:23:39 Balance Update Params :
Branch Id : 6
Account ID : 22
Amount : 0
2017-07-25 15:23:39 SELECT SQL : SELECT * FROM balances WHERE  branchId = '6' AND accountId = '22'  
2017-07-25 15:23:39 Balance Update Params :
Branch Id : 6
Account ID : 23
Amount : 0
2017-07-25 15:23:39 SELECT SQL : SELECT * FROM balances WHERE  branchId = '6' AND accountId = '23'  
2017-07-25 15:23:39 SELECT SQL : SELECT * FROM balances WHERE  branchId = '6' AND accountId = '23' AND date = '2017-07-25'  
2017-07-25 15:23:39 UPDATE SQL : UPDATE balances SET closingBalance = '-112384482' WHERE  branchId = '6' AND accountId = '23' AND date = '2017-07-25' 
2017-07-25 15:23:39 Balance Update Status 2:1
 2017-07-25 15:23:39 Balance Update Params :
Branch Id : 6
Account ID : 24
Amount : 0
2017-07-25 15:23:39 SELECT SQL : SELECT * FROM balances WHERE  branchId = '6' AND accountId = '24'  
2017-07-25 15:23:39 Balance Update Params :
Branch Id : 11
Account ID : 27
Amount : 0
2017-07-25 15:23:39 SELECT SQL : SELECT * FROM balances WHERE  branchId = '11' AND accountId = '27'  
2017-07-25 15:23:39 SELECT SQL : SELECT * FROM balances WHERE  branchId = '11' AND accountId = '27' AND date = '2017-07-25'  
2017-07-25 15:23:39 UPDATE SQL : UPDATE balances SET closingBalance = '5215151.6461271' WHERE  branchId = '11' AND accountId = '27' AND date = '2017-07-25' 
2017-07-25 15:23:39 Balance Update Status 2:1
 2017-07-25 15:23:39 Balance Update Params :
Branch Id : 11
Account ID : 28
Amount : 0
2017-07-25 15:23:39 SELECT SQL : SELECT * FROM balances WHERE  branchId = '11' AND accountId = '28'  
2017-07-25 15:23:39 Balance Update Params :
Branch Id : 12
Account ID : 33
Amount : 0
2017-07-25 15:23:39 SELECT SQL : SELECT * FROM balances WHERE  branchId = '12' AND accountId = '33'  
2017-07-25 15:23:39 SELECT SQL : SELECT * FROM balances WHERE  branchId = '12' AND accountId = '33' AND date = '2017-07-25'  
2017-07-25 15:23:39 UPDATE SQL : UPDATE balances SET closingBalance = '24450' WHERE  branchId = '12' AND accountId = '33' AND date = '2017-07-25' 
2017-07-25 15:23:39 Balance Update Status 2:1
 2017-07-25 15:23:39 Balance Update Params :
Branch Id : 12
Account ID : 36
Amount : 0
2017-07-25 15:23:39 SELECT SQL : SELECT * FROM balances WHERE  branchId = '12' AND accountId = '36'  
2017-07-25 15:23:39 SELECT SQL : SELECT * FROM balances WHERE  branchId = '12' AND accountId = '36' AND date = '2017-07-25'  
2017-07-25 15:23:39 UPDATE SQL : UPDATE balances SET closingBalance = '162037' WHERE  branchId = '12' AND accountId = '36' AND date = '2017-07-25' 
2017-07-25 15:23:39 Balance Update Status 2:1
 2017-07-25 15:23:39 Balance Update Params :
Branch Id : 7
Account ID : 37
Amount : 0
2017-07-25 15:23:39 SELECT SQL : SELECT * FROM balances WHERE  branchId = '7' AND accountId = '37'  
2017-07-25 15:23:39 SELECT SQL : SELECT * FROM balances WHERE  branchId = '7' AND accountId = '37' AND date = '2017-07-25'  
2017-07-25 15:23:39 UPDATE SQL : UPDATE balances SET closingBalance = '47450' WHERE  branchId = '7' AND accountId = '37' AND date = '2017-07-25' 
2017-07-25 15:23:39 Balance Update Status 2:1
 2017-07-25 15:23:39 Balance Update Params :
Branch Id : 13
Account ID : 38
Amount : 0
2017-07-25 15:23:39 SELECT SQL : SELECT * FROM balances WHERE  branchId = '13' AND accountId = '38'  
2017-07-25 15:23:39 SELECT SQL : SELECT * FROM balances WHERE  branchId = '13' AND accountId = '38' AND date = '2017-07-25'  
2017-07-25 15:23:39 UPDATE SQL : UPDATE balances SET closingBalance = '2700' WHERE  branchId = '13' AND accountId = '38' AND date = '2017-07-25' 
2017-07-25 15:23:39 Balance Update Status 2:1
 2017-07-25 15:23:39 Balance Update Params :
Branch Id : 13
Account ID : 39
Amount : 0
2017-07-25 15:23:39 SELECT SQL : SELECT * FROM balances WHERE  branchId = '13' AND accountId = '39'  
2017-07-25 15:23:39 SELECT SQL : SELECT * FROM currencies WHERE  active = '1'  
2017-07-25 15:23:39 SELECT SQL : SELECT * FROM accounts WHERE  active = '1' AND type_id = '4'  
2017-07-25 15:23:39 SELECT SQL : SELECT * FROM account_types WHERE  active = '1'  
2017-07-25 15:23:39 SELECT SQL : SELECT * FROM user_types WHERE  active = '1'  
2017-07-25 15:23:39 Response : {"data":{"branches":[{"id":"5","name":"KINSHASHA","countryId":"4","location":"Patrice Avenue","supervisorId":"3","createdBy":"4","ts":"2017-06-30 00:06:55","active":"1"},{"id":"6","name":"OASIS MALL","countryId":"1","location":"Yusufu Lule Rd","supervisorId":"3","createdBy":"2","ts":"2017-06-30 00:12:08","active":"1"},{"id":"7","name":"GOMA","countryId":"4","location":"Goma","supervisorId":"3","createdBy":"1","ts":"2017-07-05 00:00:00","active":"1"},{"id":"9","name":"MOMBASA","countryId":"2","location":"Mombasa","supervisorId":"3","createdBy":"1","ts":"2017-07-05 00:00:00","active":"1"},{"id":"10","name":"DUBAI","countryId":"6","location":"Dubai","supervisorId":"3","createdBy":"1","ts":"2017-07-05 00:00:00","active":"1"},{"id":"11","name":"CHINA","countryId":"5","location":"China","supervisorId":"3","createdBy":"3","ts":"2017-07-05 13:23:17","active":"1"},{"id":"12","name":"NAIROBI","countryId":"2","location":"Nairobi","supervisorId":"3","createdBy":"3","ts":"2017-07-06 14:12:35","active":"1"},{"id":"13","name":"KAMPALA ROAD","countryId":"1","location":"kampala road","supervisorId":"3","createdBy":"3","ts":"2017-07-06 14:12:35","active":"1"}],"countries":[{"id":"1","name":"UGANDA","createdBy":"1","ts":"2017-06-25 23:13:31","active":"1"},{"id":"2","name":"KENYA","createdBy":"1","ts":"2017-06-26 09:02:45","active":"1"},{"id":"3","name":"TZ","createdBy":"1","ts":"2017-06-28 11:11:53","active":"1"},{"id":"4","name":"CONGO","createdBy":"1","ts":"2017-06-28 11:26:11","active":"1"},{"id":"5","name":"CHINA","createdBy":"1","ts":"2017-06-28 11:30:01","active":"1"},{"id":"6","name":"UAE","createdBy":"1","ts":"2017-07-05 00:00:00","active":"1"}],"ids":[[{"id":"1","name":"Passport","createdBy":"1","ts":"2017-06-28 14:00:01","active":"1"},{"id":"2","name":"National ID","createdBy":"1","ts":"2017-06-28 14:00:01","active":"1"},{"id":"3","name":"STUDENTS ID","createdBy":"1","ts":"2017-06-28 16:21:46","active":"1"}]],"users":[{"id":"1","firstName":"You","surname":"Jinshu","email":"hudsonbogere@swipeit.co.ug","phone":"256783131266","userName":"you","branchId":"0","userTypeId":"1","password":"$2y$10$pPGbhJ1RXx\/ug.ED3LnsQuKHJTqwYsa\/iF0OqGOgsjflkHKIDTLVq","sessionId":"KSTms8GEe36Gy41kXds63LMk2kJjROlO","ipAddress":"41.210.145.81","createdBy":null,"ts":"2017-06-23 15:08:12","active":"1"},{"id":"2","firstName":"Nansubuga","surname":"Dorothy","email":"henry@gmail.com","phone":"256752284441","userName":"dorah","branchId":"12","userTypeId":"3","password":"$2y$10$F9t92sYKf2rDJ.JzCmrrT.Jt1Ix37Fuo.uZKpXPn69dgDUTZ8xLXi","sessionId":"nY62cq2UAUOC3D6SdpTQEvK7LPJ00eiz","ipAddress":"105.230.77.140","createdBy":"1","ts":"2017-06-26 19:11:07","active":"1"},{"id":"3","firstName":"Lydia","surname":"Amoi","email":"islam@gmail.com","phone":"256777608310","userName":"lydia","branchId":"6","userTypeId":"2","password":"$2y$10$m72Zz8Z.h4\/Zp6TFDhmbXeQ79kZ7JJ2U0yLUanc0dDVxbc.5UPkRG","sessionId":"","ipAddress":"197.157.0.49","createdBy":"1","ts":"2017-06-26 19:41:01","active":"1"},{"id":"4","firstName":"Nabukera","surname":"Maria","email":"banerd@tfb.com","phone":"256774457813","userName":"maria","branchId":"5","userTypeId":"5","password":"$2y$10$wTpUE\/WJFMfQaBglrQocTO9ndV6dbxL2vzFDEJZ1hpVVp4binpXGO","sessionId":"3ADSM4R5rcq4aKaSWBeyYZjzxq585GSa","ipAddress":"41.75.172.28","createdBy":"1","ts":"2017-06-26 23:04:07","active":"1"},{"id":"5","firstName":"Henry","surname":"Bbosa","email":null,"phone":null,"userName":"henry","branchId":"11","userTypeId":"3","password":"$2y$10$m72Zz8Z.h4\/Zp6TFDhmbXeQ79kZ7JJ2U0yLUanc0dDVxbc.5UPkRG","sessionId":"","ipAddress":"197.157.0.49","createdBy":"1","ts":"2017-07-05 00:00:00","active":"1"},{"id":"6","firstName":"Edwin","surname":"Kakeeto","email":"edwin@edwin.com","phone":"0777777557","userName":"edwin","branchId":"7","userTypeId":"3","password":"$2y$10$wTpUE\/WJFMfQaBglrQocTO9ndV6dbxL2vzFDEJZ1hpVVp4binpXGO","sessionId":"","ipAddress":"160.242.132.81","createdBy":"3","ts":"2017-07-10 07:37:50","active":"1"},{"id":"7","firstName":"Trish","surname":"Baby","email":"patricia@gmail.com","phone":"0777777557","userName":"trish","branchId":"13","userTypeId":"3","password":"$2y$10$m72Zz8Z.h4\/Zp6TFDhmbXeQ79kZ7JJ2U0yLUanc0dDVxbc.5UPkRG","sessionId":"","ipAddress":"160.242.141.153","createdBy":null,"ts":null,"active":"1"},{"id":"8","firstName":"cedric","surname":"cedric","email":"cedric@gmail.com","phone":"+256754813912","userName":"cedric","branchId":"7","userTypeId":"3","password":"$2y$10$m72Zz8Z.h4\/Zp6TFDhmbXeQ79kZ7JJ2U0yLUanc0dDVxbc.5UPkRG","sessionId":"","ipAddress":"160.242.141.153","createdBy":null,"ts":null,"active":"1"}],"accounts":[{"id":"16","name":"KINSHASHA-USD Account","branchId":"5","currency_id":"2"},{"id":"20","name":"OASIS MALL-RMB Account","branchId":"6","currency_id":"1"},{"id":"21","name":"OASIS MALL-USD Account","branchId":"6","currency_id":"2"},{"id":"22","name":"OASIS MALL-DIRHAM Account","branchId":"6","currency_id":"3"},{"id":"23","name":"OASIS MALL-UGX Account","branchId":"6","currency_id":"4"},{"id":"24","name":"OASIS MALL-KSH Account","branchId":"6","currency_id":"5"},{"id":"27","name":"CHINA-RMB Account","branchId":"11","currency_id":"1"},{"id":"28","name":"CHINA-USD Account","branchId":"11","currency_id":"2"},{"id":"33","name":"NAIROBI-USD Account","branchId":"12","currency_id":"2"},{"id":"36","name":"NAIROBI-KSH Account","branchId":"12","currency_id":"5"},{"id":"37","name":"GOMA-USD ACCOUNT","branchId":"7","currency_id":"2"},{"id":"38","name":"KAMPALA ROAD -USD ACCOUNT","branchId":"13","currency_id":"2"},{"id":"39","name":"KAMPALA ROAD- UGX ACCOUNT ","branchId":"13","currency_id":"4"}],"currencies":[{"id":"1","name":"RMB","symbol":"\u00c2\u00a5","createdBy":"1","ts":"2017-06-27 22:45:12","active":"1"},{"id":"2","name":"USD","symbol":"$","createdBy":"1","ts":"2017-06-27 22:45:12","active":"1"},{"id":"3","name":"DIRHAM","symbol":"","createdBy":"1","ts":"2017-06-28 11:40:09","active":"1"},{"id":"4","name":"UGX","symbol":"\/=","createdBy":"1","ts":"2017-06-28 11:46:50","active":"1"},{"id":"5","name":"KSH","symbol":"","createdBy":"1","ts":"2017-06-28 11:46:50","active":"1"}],"superaccount":[{"id":"1","name":"RMB Account","branchId":"0","type_id":"4","currency_id":"1","balance":"0","createdBy":"1","active":"1","ts":"2017-06-27 22:45:12"}],"accountTypes":[{"id":"1","type":"Transfer","description":"","createdBy":"1","ts":"2017-06-28 14:31:12","active":"1"},{"id":"2","type":"Suspense","description":"","createdBy":"1","ts":"2017-06-28 14:31:12","active":"1"},{"id":"4","type":"Super","description":"","createdBy":"1","ts":"2017-06-28 14:31:12","active":"1"}],"userTypes":[{"id":"1","name":"E-Value Admin","level":"1","ts":"2017-06-27 22:45:12","active":"1"},{"id":"2","name":"Super User","level":"2","ts":"2017-06-27 22:45:12","active":"1"},{"id":"3","name":"Agent","level":"3","ts":"2017-06-27 22:45:12","active":"1"},{"id":"4","name":"System Admin","level":"4","ts":"2017-06-27 22:45:12","active":"1"},{"id":"5","name":"superAgent","level":"3","ts":"2017-06-27 22:45:12","active":"1"}]},"success":1}
2017-07-25 15:24:32 ---- New Request ----
2017-07-25 15:24:32 Controller : Transfers
2017-07-25 15:24:32 Method : getallaccountbalancesAction
2017-07-25 15:24:32 Controller File : controllers/Transfers.class.php, Exists
2017-07-25 15:24:32 Class constructed
2017-07-25 15:24:32 Class constructed
2017-07-25 15:24:32 UserID : 4
SessionId : 3ADSM4R5rcq4aKaSWBeyYZjzxq585GSa
Branch ID : 5
2017-07-25 15:24:32 SELECT SQL : SELECT sessionId FROM users WHERE  id = '4'  
2017-07-25 15:24:32 SELECT SQL : SELECT name,id FROM accounts WHERE  active = '1' AND branchId = '5'  
2017-07-25 15:24:32 SELECT SQL : SELECT name FROM branches WHERE  id = '5'  
2017-07-25 15:24:32 Response : {"success":1,"data":[{"name":"KINSHASHA-USD Account","id":"16","balance":315496}],"branchName":"KINSHASHA"}
2017-07-25 15:24:32 ---- New Request ----
2017-07-25 15:24:32 Controller : Transfers
2017-07-25 15:24:32 Method : getallaccountbalancesAction
2017-07-25 15:24:32 Controller File : controllers/Transfers.class.php, Exists
2017-07-25 15:24:32 Class constructed
2017-07-25 15:24:32 Class constructed
2017-07-25 15:24:32 UserID : 4
SessionId : 3ADSM4R5rcq4aKaSWBeyYZjzxq585GSa
Branch ID : 5
2017-07-25 15:24:32 SELECT SQL : SELECT sessionId FROM users WHERE  id = '4'  
2017-07-25 15:24:32 SELECT SQL : SELECT name,id FROM accounts WHERE  active = '1' AND branchId = '5'  
2017-07-25 15:24:32 SELECT SQL : SELECT name FROM branches WHERE  id = '5'  
2017-07-25 15:24:32 Response : {"success":1,"data":[{"name":"KINSHASHA-USD Account","id":"16","balance":315496}],"branchName":"KINSHASHA"}
2017-07-25 15:24:32 ---- New Request ----
2017-07-25 15:24:32 Controller : Transfers
2017-07-25 15:24:32 Method : getallaccountbalancesAction
2017-07-25 15:24:32 Controller File : controllers/Transfers.class.php, Exists
2017-07-25 15:24:32 Class constructed
2017-07-25 15:24:32 Class constructed
2017-07-25 15:24:32 UserID : 4
SessionId : 3ADSM4R5rcq4aKaSWBeyYZjzxq585GSa
Branch ID : 5
2017-07-25 15:24:32 SELECT SQL : SELECT sessionId FROM users WHERE  id = '4'  
2017-07-25 15:24:32 SELECT SQL : SELECT name,id FROM accounts WHERE  active = '1' AND branchId = '5'  
2017-07-25 15:24:32 SELECT SQL : SELECT name FROM branches WHERE  id = '5'  
2017-07-25 15:24:32 Response : {"success":1,"data":[{"name":"KINSHASHA-USD Account","id":"16","balance":315496}],"branchName":"KINSHASHA"}
2017-07-25 15:24:34 ---- New Request ----
2017-07-25 15:24:34 Controller : Transfers
2017-07-25 15:24:34 Method : getallaccountbalancesAction
2017-07-25 15:24:34 Controller File : controllers/Transfers.class.php, Exists
2017-07-25 15:24:34 Class constructed
2017-07-25 15:24:34 Class constructed
2017-07-25 15:24:34 UserID : 4
SessionId : 3ADSM4R5rcq4aKaSWBeyYZjzxq585GSa
Branch ID : 5
2017-07-25 15:24:34 SELECT SQL : SELECT sessionId FROM users WHERE  id = '4'  
2017-07-25 15:24:34 SELECT SQL : SELECT name,id FROM accounts WHERE  active = '1' AND branchId = '5'  
2017-07-25 15:24:34 SELECT SQL : SELECT name FROM branches WHERE  id = '5'  
2017-07-25 15:24:34 Response : {"success":1,"data":[{"name":"KINSHASHA-USD Account","id":"16","balance":315496}],"branchName":"KINSHASHA"}
2017-07-25 15:24:41 ---- New Request ----
2017-07-25 15:24:41 Controller : Transfers
2017-07-25 15:24:41 Method : getallaccountbalancesAction
2017-07-25 15:24:41 Controller File : controllers/Transfers.class.php, Exists
2017-07-25 15:24:41 Class constructed
2017-07-25 15:24:41 Class constructed
2017-07-25 15:24:41 UserID : 4
SessionId : 3ADSM4R5rcq4aKaSWBeyYZjzxq585GSa
Branch ID : 5
2017-07-25 15:24:41 SELECT SQL : SELECT sessionId FROM users WHERE  id = '4'  
2017-07-25 15:24:41 SELECT SQL : SELECT name,id FROM accounts WHERE  active = '1' AND branchId = '5'  
2017-07-25 15:24:41 SELECT SQL : SELECT name FROM branches WHERE  id = '5'  
2017-07-25 15:24:41 Response : {"success":1,"data":[{"name":"KINSHASHA-USD Account","id":"16","balance":315496}],"branchName":"KINSHASHA"}
2017-07-25 15:24:41 ---- New Request ----
2017-07-25 15:24:41 Controller : Transfers
2017-07-25 15:24:41 Method : getallaccountbalancesAction
2017-07-25 15:24:41 Controller File : controllers/Transfers.class.php, Exists
2017-07-25 15:24:41 Class constructed
2017-07-25 15:24:41 Class constructed
2017-07-25 15:24:41 UserID : 4
SessionId : 3ADSM4R5rcq4aKaSWBeyYZjzxq585GSa
Branch ID : 5
2017-07-25 15:24:41 SELECT SQL : SELECT sessionId FROM users WHERE  id = '4'  
2017-07-25 15:24:41 SELECT SQL : SELECT name,id FROM accounts WHERE  active = '1' AND branchId = '5'  
2017-07-25 15:24:41 SELECT SQL : SELECT name FROM branches WHERE  id = '5'  
2017-07-25 15:24:41 Response : {"success":1,"data":[{"name":"KINSHASHA-USD Account","id":"16","balance":315496}],"branchName":"KINSHASHA"}
2017-07-25 15:24:45 ---- New Request ----
2017-07-25 15:24:45 Controller : Transfers
2017-07-25 15:24:45 Method : getallaccountbalancesAction
2017-07-25 15:24:45 Controller File : controllers/Transfers.class.php, Exists
2017-07-25 15:24:45 Class constructed
2017-07-25 15:24:45 Class constructed
2017-07-25 15:24:45 UserID : 4
SessionId : 3ADSM4R5rcq4aKaSWBeyYZjzxq585GSa
Branch ID : 5
2017-07-25 15:24:45 SELECT SQL : SELECT sessionId FROM users WHERE  id = '4'  
2017-07-25 15:24:45 SELECT SQL : SELECT name,id FROM accounts WHERE  active = '1' AND branchId = '5'  
2017-07-25 15:24:45 SELECT SQL : SELECT name FROM branches WHERE  id = '5'  
2017-07-25 15:24:45 Response : {"success":1,"data":[{"name":"KINSHASHA-USD Account","id":"16","balance":315496}],"branchName":"KINSHASHA"}
2017-07-25 15:24:54 ---- New Request ----
2017-07-25 15:24:54 Controller : Transfers
2017-07-25 15:24:54 Method : getallaccountbalancesAction
2017-07-25 15:24:54 Controller File : controllers/Transfers.class.php, Exists
2017-07-25 15:24:54 Class constructed
2017-07-25 15:24:54 Class constructed
2017-07-25 15:24:54 UserID : 4
SessionId : 3ADSM4R5rcq4aKaSWBeyYZjzxq585GSa
Branch ID : 5
2017-07-25 15:24:54 SELECT SQL : SELECT sessionId FROM users WHERE  id = '4'  
2017-07-25 15:24:54 SELECT SQL : SELECT name,id FROM accounts WHERE  active = '1' AND branchId = '5'  
2017-07-25 15:24:54 SELECT SQL : SELECT name FROM branches WHERE  id = '5'  
2017-07-25 15:24:54 Response : {"success":1,"data":[{"name":"KINSHASHA-USD Account","id":"16","balance":315496}],"branchName":"KINSHASHA"}
2017-07-25 15:24:54 ---- New Request ----
2017-07-25 15:24:54 Controller : Transfers
2017-07-25 15:24:54 Method : getallaccountbalancesAction
2017-07-25 15:24:54 Controller File : controllers/Transfers.class.php, Exists
2017-07-25 15:24:54 Class constructed
2017-07-25 15:24:54 Class constructed
2017-07-25 15:24:54 UserID : 4
SessionId : 3ADSM4R5rcq4aKaSWBeyYZjzxq585GSa
Branch ID : 5
2017-07-25 15:24:54 SELECT SQL : SELECT sessionId FROM users WHERE  id = '4'  
2017-07-25 15:24:54 SELECT SQL : SELECT name,id FROM accounts WHERE  active = '1' AND branchId = '5'  
2017-07-25 15:24:54 SELECT SQL : SELECT name FROM branches WHERE  id = '5'  
2017-07-25 15:24:54 Response : {"success":1,"data":[{"name":"KINSHASHA-USD Account","id":"16","balance":315496}],"branchName":"KINSHASHA"}
2017-07-25 15:25:02 ---- New Request ----
2017-07-25 15:25:02 Controller : Transfers
2017-07-25 15:25:02 Method : getallaccountbalancesAction
2017-07-25 15:25:02 Controller File : controllers/Transfers.class.php, Exists
2017-07-25 15:25:02 Class constructed
2017-07-25 15:25:02 Class constructed
2017-07-25 15:25:02 UserID : 4
SessionId : 3ADSM4R5rcq4aKaSWBeyYZjzxq585GSa
Branch ID : 5
2017-07-25 15:25:02 SELECT SQL : SELECT sessionId FROM users WHERE  id = '4'  
2017-07-25 15:25:02 SELECT SQL : SELECT name,id FROM accounts WHERE  active = '1' AND branchId = '5'  
2017-07-25 15:25:02 SELECT SQL : SELECT name FROM branches WHERE  id = '5'  
2017-07-25 15:25:02 Response : {"success":1,"data":[{"name":"KINSHASHA-USD Account","id":"16","balance":315496}],"branchName":"KINSHASHA"}
2017-07-25 15:25:10 ---- New Request ----
2017-07-25 15:25:10 Controller : Transfers
2017-07-25 15:25:10 Method : getallaccountbalancesAction
2017-07-25 15:25:10 Controller File : controllers/Transfers.class.php, Exists
2017-07-25 15:25:10 Class constructed
2017-07-25 15:25:10 Class constructed
2017-07-25 15:25:10 UserID : 4
SessionId : 3ADSM4R5rcq4aKaSWBeyYZjzxq585GSa
Branch ID : 6
2017-07-25 15:25:10 SELECT SQL : SELECT sessionId FROM users WHERE  id = '4'  
2017-07-25 15:25:10 SELECT SQL : SELECT name,id FROM accounts WHERE  active = '1' AND branchId = '6'  
2017-07-25 15:25:10 SELECT SQL : SELECT name FROM branches WHERE  id = '6'  
2017-07-25 15:25:10 Response : {"success":1,"data":[{"name":"OASIS MALL-RMB Account","id":"20","balance":0},{"name":"OASIS MALL-USD Account","id":"21","balance":-7293555},{"name":"OASIS MALL-DIRHAM Account","id":"22","balance":0},{"name":"OASIS MALL-UGX Account","id":"23","balance":150660518},{"name":"OASIS MALL-KSH Account","id":"24","balance":0}],"branchName":"OASIS MALL"}
2017-07-25 15:25:11 ---- New Request ----
2017-07-25 15:25:11 Controller : Transfers
2017-07-25 15:25:11 Method : getbalancesAction
2017-07-25 15:25:11 Controller File : controllers/Transfers.class.php, Exists
2017-07-25 15:25:11 Class constructed
2017-07-25 15:25:11 Class constructed
2017-07-25 15:25:11 UserID : 4
SessionId : 3ADSM4R5rcq4aKaSWBeyYZjzxq585GSa
Branch ID : 
Date : 
2017-07-25 15:25:11 SELECT SQL : SELECT sessionId,branchId,userTypeId FROM users WHERE  id = '4'  
2017-07-25 15:25:11 SELECT SQL : SELECT closingBalance,openingBalance,accountId,branchId,date FROM balances WHERE  date = '2017-07-25' AND branchId = '5'  
2017-07-25 15:25:11 SELECT SQL : SELECT name FROM accounts WHERE  id = '16'  
2017-07-25 15:25:11 SELECT SQL : SELECT name FROM branches WHERE  id = '5'  
2017-07-25 15:25:11 Response : {"success":1,"data":[{"closingBalance":"315496","openingBalance":"315496","accountId":"16","branchId":"5","date":"2017-07-25","accountName":"KINSHASHA-USD Account","branchName":"KINSHASHA"}]}
2017-07-25 15:25:13 ---- New Request ----
2017-07-25 15:25:13 Controller : Transfers
2017-07-25 15:25:13 Method : getbalancesAction
2017-07-25 15:25:13 Controller File : controllers/Transfers.class.php, Exists
2017-07-25 15:25:13 Class constructed
2017-07-25 15:25:13 Class constructed
2017-07-25 15:25:13 UserID : 4
SessionId : 3ADSM4R5rcq4aKaSWBeyYZjzxq585GSa
Branch ID : 6
Date : 
2017-07-25 15:25:13 SELECT SQL : SELECT sessionId,branchId,userTypeId FROM users WHERE  id = '4'  
2017-07-25 15:25:13 SELECT SQL : SELECT closingBalance,openingBalance,accountId,branchId,date FROM balances WHERE  date = '2017-07-25' AND branchId = '5'  
2017-07-25 15:25:13 SELECT SQL : SELECT name FROM accounts WHERE  id = '16'  
2017-07-25 15:25:13 SELECT SQL : SELECT name FROM branches WHERE  id = '5'  
2017-07-25 15:25:13 Response : {"success":1,"data":[{"closingBalance":"315496","openingBalance":"315496","accountId":"16","branchId":"5","date":"2017-07-25","accountName":"KINSHASHA-USD Account","branchName":"KINSHASHA"}]}
2017-07-25 15:25:16 ---- New Request ----
2017-07-25 15:25:16 Controller : Reports
2017-07-25 15:25:16 Method : gettransferlogsAction
2017-07-25 15:25:16 Controller File : controllers/Reports.class.php, Exists
2017-07-25 15:25:16 Class constructed
2017-07-25 15:25:16 Class constructed
2017-07-25 15:25:16 UserID : 4
SessionId : 3ADSM4R5rcq4aKaSWBeyYZjzxq585GSa
Branch ID : 5
Date : 
Account ID : 
2017-07-25 15:25:16 SELECT SQL : SELECT sessionId,branchId,userTypeId FROM users WHERE  id = '4'  
2017-07-25 15:25:16 SELECT SQL : SELECT id,fromBranch,toBranch,amount,currency,charge,transferRef,userIdSource,userIdDestination,ts,withdrawTs,status,senderFname,senderSurname,senderPhone,senderEmail,receiverFname,receiverSurname,receiverPhone,receiverAccountNumber,destinationCountryId FROM transfers WHERE  fromBranch = '5'  OR toBranch = '5'  ORDER BY ts DESC LIMIT 20
2017-07-25 15:25:16 SELECT SQL : SELECT name FROM branches WHERE  id = '0'  
2017-07-25 15:25:16 SELECT SQL : SELECT name FROM branches WHERE  id = '5'  
2017-07-25 15:25:16 SELECT SQL : SELECT name FROM currencies WHERE  id = '2'  
2017-07-25 15:25:16 SELECT SQL : SELECT userName FROM users WHERE  id = ''  
2017-07-25 15:25:16 SELECT SQL : SELECT userName FROM users WHERE  id = '4'  
2017-07-25 15:25:16 SELECT SQL : SELECT name FROM countries WHERE  id = ''  
2017-07-25 15:25:16 SELECT SQL : SELECT name FROM branches WHERE  id = '5'  
2017-07-25 15:25:16 SELECT SQL : SELECT name FROM branches WHERE  id = '0'  
2017-07-25 15:25:16 SELECT SQL : SELECT name FROM currencies WHERE  id = '2'  
2017-07-25 15:25:16 SELECT SQL : SELECT userName FROM users WHERE  id = '4'  
2017-07-25 15:25:16 SELECT SQL : SELECT userName FROM users WHERE  id = ''  
2017-07-25 15:25:16 SELECT SQL : SELECT name FROM countries WHERE  id = '0'  
2017-07-25 15:25:16 SELECT SQL : SELECT name FROM branches WHERE  id = '5'  
2017-07-25 15:25:16 SELECT SQL : SELECT name FROM branches WHERE  id = '0'  
2017-07-25 15:25:16 SELECT SQL : SELECT name FROM currencies WHERE  id = '1'  
2017-07-25 15:25:16 SELECT SQL : SELECT userName FROM users WHERE  id = '4'  
2017-07-25 15:25:16 SELECT SQL : SELECT userName FROM users WHERE  id = ''  
2017-07-25 15:25:16 SELECT SQL : SELECT name FROM countries WHERE  id = '5'  
2017-07-25 15:25:16 SELECT SQL : SELECT name FROM branches WHERE  id = '5'  
2017-07-25 15:25:16 SELECT SQL : SELECT name FROM branches WHERE  id = '0'  
2017-07-25 15:25:16 SELECT SQL : SELECT name FROM currencies WHERE  id = '1'  
2017-07-25 15:25:16 SELECT SQL : SELECT userName FROM users WHERE  id = '4'  
2017-07-25 15:25:16 SELECT SQL : SELECT userName FROM users WHERE  id = ''  
2017-07-25 15:25:16 SELECT SQL : SELECT name FROM countries WHERE  id = '5'  
2017-07-25 15:25:16 SELECT SQL : SELECT name FROM branches WHERE  id = '5'  
2017-07-25 15:25:16 SELECT SQL : SELECT name FROM branches WHERE  id = '0'  
2017-07-25 15:25:16 SELECT SQL : SELECT name FROM currencies WHERE  id = '2'  
2017-07-25 15:25:16 SELECT SQL : SELECT userName FROM users WHERE  id = '4'  
2017-07-25 15:25:16 SELECT SQL : SELECT userName FROM users WHERE  id = ''  
2017-07-25 15:25:16 SELECT SQL : SELECT name FROM countries WHERE  id = '0'  
2017-07-25 15:25:16 SELECT SQL : SELECT name FROM branches WHERE  id = '5'  
2017-07-25 15:25:16 Response : {"success":1,"branchName":"KINSHASHA","data":[{"id":"73","fromBranch":"0","toBranch":"5","amount":"203000","currency":"USD","charge":null,"transferRef":null,"userIdSource":null,"userIdDestination":"4","ts":"2017-07-24 14:31:21","withdrawTs":null,"status":"Success","senderFname":"Asumptar","senderSurname":null,"senderPhone":null,"senderEmail":null,"receiverFname":"Kasereka mukyambuli","receiverSurname":null,"receiverPhone":null,"receiverAccountNumber":"0332010003317","destinationCountryId":null,"fromBranchName":null,"toBranchName":"KINSHASHA","agentSource":null,"agentDestination":"maria","destinationCountry":null},{"id":"72","fromBranch":"5","toBranch":"0","amount":"200000","currency":"USD","charge":"0.025","transferRef":"00500472","userIdSource":"4","userIdDestination":null,"ts":"2017-07-24 14:23:48","withdrawTs":null,"status":"Pending","senderFname":"","senderSurname":"CHEN","senderPhone":"0843088787","senderEmail":"","receiverFname":"Liu zhi","receiverSurname":"Gang","receiverPhone":"","receiverAccountNumber":null,"destinationCountryId":"0","fromBranchName":"KINSHASHA","toBranchName":null,"agentSource":"maria","agentDestination":null,"destinationCountry":null},{"id":"71","fromBranch":"5","toBranch":"0","amount":"4000","currency":"RMB","charge":"0.015","transferRef":"00505471","userIdSource":"4","userIdDestination":null,"ts":"2017-07-24 14:21:05","withdrawTs":null,"status":"Pending","senderFname":"","senderSurname":"CIA XIAO HU","senderPhone":"0990790999","senderEmail":"","receiverFname":"AI FENG","receiverSurname":"Hu","receiverPhone":"","receiverAccountNumber":"6223161800666065","destinationCountryId":"5","fromBranchName":"KINSHASHA","toBranchName":null,"agentSource":"maria","agentDestination":null,"destinationCountry":null},{"id":"68","fromBranch":"5","toBranch":"0","amount":"1000","currency":"RMB","charge":"0.015","transferRef":"00505468","userIdSource":"4","userIdDestination":null,"ts":"2017-07-24 14:02:18","withdrawTs":null,"status":"Pending","senderFname":"","senderSurname":"CAI XIAO HU","senderPhone":"+243990790999","senderEmail":"","receiverFname":"Bai","receiverSurname":"Lu","receiverPhone":"","receiverAccountNumber":"6217 8661 00000 889696","destinationCountryId":"5","fromBranchName":"KINSHASHA","toBranchName":null,"agentSource":"maria","agentDestination":null,"destinationCountry":null},{"id":"66","fromBranch":"5","toBranch":"0","amount":"20000","currency":"USD","charge":"0.025","transferRef":"00500466","userIdSource":"4","userIdDestination":null,"ts":"2017-07-24 08:41:03","withdrawTs":null,"status":"Pending","senderFname":"","senderSurname":"ZHAO ZONG RONG","senderPhone":"+243970464848","senderEmail":"","receiverFname":"ANQI","receiverSurname":"ZHAO","receiverPhone":"7403764487","receiverAccountNumber":null,"destinationCountryId":"0","fromBranchName":"KINSHASHA","toBranchName":null,"agentSource":"maria","agentDestination":null,"destinationCountry":null}]}
2017-07-25 15:25:22 ---- New Request ----
2017-07-25 15:25:22 Controller : Reports
2017-07-25 15:25:22 Method : gettransferlogsAction
2017-07-25 15:25:22 Controller File : controllers/Reports.class.php, Exists
2017-07-25 15:25:22 Class constructed
2017-07-25 15:25:22 Class constructed
2017-07-25 15:25:22 UserID : 4
SessionId : 3ADSM4R5rcq4aKaSWBeyYZjzxq585GSa
Branch ID : 5
Date : 
Account ID : 
2017-07-25 15:25:22 SELECT SQL : SELECT sessionId,branchId,userTypeId FROM users WHERE  id = '4'  
2017-07-25 15:25:22 SELECT SQL : SELECT id,fromBranch,toBranch,amount,currency,charge,transferRef,userIdSource,userIdDestination,ts,withdrawTs,status,senderFname,senderSurname,senderPhone,senderEmail,receiverFname,receiverSurname,receiverPhone,receiverAccountNumber,destinationCountryId FROM transfers WHERE  fromBranch = '5'  OR toBranch = '5'  ORDER BY ts DESC LIMIT 20
2017-07-25 15:25:22 SELECT SQL : SELECT name FROM branches WHERE  id = '0'  
2017-07-25 15:25:22 SELECT SQL : SELECT name FROM branches WHERE  id = '5'  
2017-07-25 15:25:22 SELECT SQL : SELECT name FROM currencies WHERE  id = '2'  
2017-07-25 15:25:22 SELECT SQL : SELECT userName FROM users WHERE  id = ''  
2017-07-25 15:25:22 SELECT SQL : SELECT userName FROM users WHERE  id = '4'  
2017-07-25 15:25:22 SELECT SQL : SELECT name FROM countries WHERE  id = ''  
2017-07-25 15:25:22 SELECT SQL : SELECT name FROM branches WHERE  id = '5'  
2017-07-25 15:25:22 SELECT SQL : SELECT name FROM branches WHERE  id = '0'  
2017-07-25 15:25:22 SELECT SQL : SELECT name FROM currencies WHERE  id = '2'  
2017-07-25 15:25:22 SELECT SQL : SELECT userName FROM users WHERE  id = '4'  
2017-07-25 15:25:22 SELECT SQL : SELECT userName FROM users WHERE  id = ''  
2017-07-25 15:25:22 SELECT SQL : SELECT name FROM countries WHERE  id = '0'  
2017-07-25 15:25:22 SELECT SQL : SELECT name FROM branches WHERE  id = '5'  
2017-07-25 15:25:22 SELECT SQL : SELECT name FROM branches WHERE  id = '0'  
2017-07-25 15:25:22 SELECT SQL : SELECT name FROM currencies WHERE  id = '1'  
2017-07-25 15:25:22 SELECT SQL : SELECT userName FROM users WHERE  id = '4'  
2017-07-25 15:25:22 SELECT SQL : SELECT userName FROM users WHERE  id = ''  
2017-07-25 15:25:22 SELECT SQL : SELECT name FROM countries WHERE  id = '5'  
2017-07-25 15:25:22 SELECT SQL : SELECT name FROM branches WHERE  id = '5'  
2017-07-25 15:25:22 SELECT SQL : SELECT name FROM branches WHERE  id = '0'  
2017-07-25 15:25:22 SELECT SQL : SELECT name FROM currencies WHERE  id = '1'  
2017-07-25 15:25:22 SELECT SQL : SELECT userName FROM users WHERE  id = '4'  
2017-07-25 15:25:22 SELECT SQL : SELECT userName FROM users WHERE  id = ''  
2017-07-25 15:25:22 SELECT SQL : SELECT name FROM countries WHERE  id = '5'  
2017-07-25 15:25:22 SELECT SQL : SELECT name FROM branches WHERE  id = '5'  
2017-07-25 15:25:22 SELECT SQL : SELECT name FROM branches WHERE  id = '0'  
2017-07-25 15:25:22 SELECT SQL : SELECT name FROM currencies WHERE  id = '2'  
2017-07-25 15:25:22 SELECT SQL : SELECT userName FROM users WHERE  id = '4'  
2017-07-25 15:25:22 SELECT SQL : SELECT userName FROM users WHERE  id = ''  
2017-07-25 15:25:22 SELECT SQL : SELECT name FROM countries WHERE  id = '0'  
2017-07-25 15:25:22 SELECT SQL : SELECT name FROM branches WHERE  id = '5'  
2017-07-25 15:25:22 Response : {"success":1,"branchName":"KINSHASHA","data":[{"id":"73","fromBranch":"0","toBranch":"5","amount":"203000","currency":"USD","charge":null,"transferRef":null,"userIdSource":null,"userIdDestination":"4","ts":"2017-07-24 14:31:21","withdrawTs":null,"status":"Success","senderFname":"Asumptar","senderSurname":null,"senderPhone":null,"senderEmail":null,"receiverFname":"Kasereka mukyambuli","receiverSurname":null,"receiverPhone":null,"receiverAccountNumber":"0332010003317","destinationCountryId":null,"fromBranchName":null,"toBranchName":"KINSHASHA","agentSource":null,"agentDestination":"maria","destinationCountry":null},{"id":"72","fromBranch":"5","toBranch":"0","amount":"200000","currency":"USD","charge":"0.025","transferRef":"00500472","userIdSource":"4","userIdDestination":null,"ts":"2017-07-24 14:23:48","withdrawTs":null,"status":"Pending","senderFname":"","senderSurname":"CHEN","senderPhone":"0843088787","senderEmail":"","receiverFname":"Liu zhi","receiverSurname":"Gang","receiverPhone":"","receiverAccountNumber":null,"destinationCountryId":"0","fromBranchName":"KINSHASHA","toBranchName":null,"agentSource":"maria","agentDestination":null,"destinationCountry":null},{"id":"71","fromBranch":"5","toBranch":"0","amount":"4000","currency":"RMB","charge":"0.015","transferRef":"00505471","userIdSource":"4","userIdDestination":null,"ts":"2017-07-24 14:21:05","withdrawTs":null,"status":"Pending","senderFname":"","senderSurname":"CIA XIAO HU","senderPhone":"0990790999","senderEmail":"","receiverFname":"AI FENG","receiverSurname":"Hu","receiverPhone":"","receiverAccountNumber":"6223161800666065","destinationCountryId":"5","fromBranchName":"KINSHASHA","toBranchName":null,"agentSource":"maria","agentDestination":null,"destinationCountry":null},{"id":"68","fromBranch":"5","toBranch":"0","amount":"1000","currency":"RMB","charge":"0.015","transferRef":"00505468","userIdSource":"4","userIdDestination":null,"ts":"2017-07-24 14:02:18","withdrawTs":null,"status":"Pending","senderFname":"","senderSurname":"CAI XIAO HU","senderPhone":"+243990790999","senderEmail":"","receiverFname":"Bai","receiverSurname":"Lu","receiverPhone":"","receiverAccountNumber":"6217 8661 00000 889696","destinationCountryId":"5","fromBranchName":"KINSHASHA","toBranchName":null,"agentSource":"maria","agentDestination":null,"destinationCountry":null},{"id":"66","fromBranch":"5","toBranch":"0","amount":"20000","currency":"USD","charge":"0.025","transferRef":"00500466","userIdSource":"4","userIdDestination":null,"ts":"2017-07-24 08:41:03","withdrawTs":null,"status":"Pending","senderFname":"","senderSurname":"ZHAO ZONG RONG","senderPhone":"+243970464848","senderEmail":"","receiverFname":"ANQI","receiverSurname":"ZHAO","receiverPhone":"7403764487","receiverAccountNumber":null,"destinationCountryId":"0","fromBranchName":"KINSHASHA","toBranchName":null,"agentSource":"maria","agentDestination":null,"destinationCountry":null}]}
2017-07-25 15:25:22 ---- New Request ----
2017-07-25 15:25:22 Controller : Transfers
2017-07-25 15:25:22 Method : getbalancesAction
2017-07-25 15:25:22 Controller File : controllers/Transfers.class.php, Exists
2017-07-25 15:25:22 Class constructed
2017-07-25 15:25:22 Class constructed
2017-07-25 15:25:22 UserID : 4
SessionId : 3ADSM4R5rcq4aKaSWBeyYZjzxq585GSa
Branch ID : 6
Date : 
2017-07-25 15:25:22 SELECT SQL : SELECT sessionId,branchId,userTypeId FROM users WHERE  id = '4'  
2017-07-25 15:25:22 SELECT SQL : SELECT closingBalance,openingBalance,accountId,branchId,date FROM balances WHERE  date = '2017-07-25' AND branchId = '5'  
2017-07-25 15:25:22 SELECT SQL : SELECT name FROM accounts WHERE  id = '16'  
2017-07-25 15:25:22 SELECT SQL : SELECT name FROM branches WHERE  id = '5'  
2017-07-25 15:25:22 Response : {"success":1,"data":[{"closingBalance":"315496","openingBalance":"315496","accountId":"16","branchId":"5","date":"2017-07-25","accountName":"KINSHASHA-USD Account","branchName":"KINSHASHA"}]}
2017-07-25 15:28:02 ---- New Request ----
2017-07-25 15:28:02 Controller : Transfers
2017-07-25 15:28:02 Method : getallaccountbalancesAction
2017-07-25 15:28:02 Controller File : controllers/Transfers.class.php, Exists
2017-07-25 15:28:02 Class constructed
2017-07-25 15:28:02 Class constructed
2017-07-25 15:28:02 UserID : 4
SessionId : 3ADSM4R5rcq4aKaSWBeyYZjzxq585GSa
Branch ID : 6
2017-07-25 15:28:02 SELECT SQL : SELECT sessionId FROM users WHERE  id = '4'  
2017-07-25 15:28:02 SELECT SQL : SELECT name,id FROM accounts WHERE  active = '1' AND branchId = '6'  
2017-07-25 15:28:02 SELECT SQL : SELECT name FROM branches WHERE  id = '6'  
2017-07-25 15:28:02 Response : {"success":1,"data":[{"name":"OASIS MALL-RMB Account","id":"20","balance":0},{"name":"OASIS MALL-USD Account","id":"21","balance":-7293555},{"name":"OASIS MALL-DIRHAM Account","id":"22","balance":0},{"name":"OASIS MALL-UGX Account","id":"23","balance":150660518},{"name":"OASIS MALL-KSH Account","id":"24","balance":0}],"branchName":"OASIS MALL"}
2017-07-25 15:28:22 ---- New Request ----
2017-07-25 15:28:22 Controller : Transfers
2017-07-25 15:28:22 Method : getallaccountbalancesAction
2017-07-25 15:28:22 Controller File : controllers/Transfers.class.php, Exists
2017-07-25 15:28:22 Class constructed
2017-07-25 15:28:22 Class constructed
2017-07-25 15:28:22 UserID : 4
SessionId : 3ADSM4R5rcq4aKaSWBeyYZjzxq585GSa
Branch ID : 6
2017-07-25 15:28:22 SELECT SQL : SELECT sessionId FROM users WHERE  id = '4'  
2017-07-25 15:28:22 SELECT SQL : SELECT name,id FROM accounts WHERE  active = '1' AND branchId = '6'  
2017-07-25 15:28:22 SELECT SQL : SELECT name FROM branches WHERE  id = '6'  
2017-07-25 15:28:22 Response : {"success":1,"data":[{"name":"OASIS MALL-RMB Account","id":"20","balance":0},{"name":"OASIS MALL-USD Account","id":"21","balance":-7293555},{"name":"OASIS MALL-DIRHAM Account","id":"22","balance":0},{"name":"OASIS MALL-UGX Account","id":"23","balance":150660518},{"name":"OASIS MALL-KSH Account","id":"24","balance":0}],"branchName":"OASIS MALL"}
2017-07-25 15:28:22 ---- New Request ----
2017-07-25 15:28:22 Controller : Transfers
2017-07-25 15:28:22 Method : getbalancesAction
2017-07-25 15:28:22 Controller File : controllers/Transfers.class.php, Exists
2017-07-25 15:28:22 Class constructed
2017-07-25 15:28:22 Class constructed
2017-07-25 15:28:22 UserID : 4
SessionId : 3ADSM4R5rcq4aKaSWBeyYZjzxq585GSa
Branch ID : 6
Date : 
2017-07-25 15:28:22 SELECT SQL : SELECT sessionId,branchId,userTypeId FROM users WHERE  id = '4'  
2017-07-25 15:28:22 SELECT SQL : SELECT closingBalance,openingBalance,accountId,branchId,date FROM balances WHERE  date = '2017-07-25' AND branchId = '5'  
2017-07-25 15:28:22 SELECT SQL : SELECT name FROM accounts WHERE  id = '16'  
2017-07-25 15:28:22 SELECT SQL : SELECT name FROM branches WHERE  id = '5'  
2017-07-25 15:28:22 Response : {"success":1,"data":[{"closingBalance":"315496","openingBalance":"315496","accountId":"16","branchId":"5","date":"2017-07-25","accountName":"KINSHASHA-USD Account","branchName":"KINSHASHA"}]}
2017-07-25 15:28:23 ---- New Request ----
2017-07-25 15:28:23 Controller : Reports
2017-07-25 15:28:23 Method : gettransferlogsAction
2017-07-25 15:28:23 Controller File : controllers/Reports.class.php, Exists
2017-07-25 15:28:23 Class constructed
2017-07-25 15:28:23 Class constructed
2017-07-25 15:28:23 UserID : 4
SessionId : 3ADSM4R5rcq4aKaSWBeyYZjzxq585GSa
Branch ID : 5
Date : 
Account ID : 
2017-07-25 15:28:23 SELECT SQL : SELECT sessionId,branchId,userTypeId FROM users WHERE  id = '4'  
2017-07-25 15:28:23 SELECT SQL : SELECT id,fromBranch,toBranch,amount,currency,charge,transferRef,userIdSource,userIdDestination,ts,withdrawTs,status,senderFname,senderSurname,senderPhone,senderEmail,receiverFname,receiverSurname,receiverPhone,receiverAccountNumber,destinationCountryId FROM transfers WHERE  fromBranch = '5'  OR toBranch = '5'  ORDER BY ts DESC LIMIT 20
2017-07-25 15:28:23 SELECT SQL : SELECT name FROM branches WHERE  id = '0'  
2017-07-25 15:28:23 SELECT SQL : SELECT name FROM branches WHERE  id = '5'  
2017-07-25 15:28:23 SELECT SQL : SELECT name FROM currencies WHERE  id = '2'  
2017-07-25 15:28:23 SELECT SQL : SELECT userName FROM users WHERE  id = ''  
2017-07-25 15:28:23 SELECT SQL : SELECT userName FROM users WHERE  id = '4'  
2017-07-25 15:28:23 SELECT SQL : SELECT name FROM countries WHERE  id = ''  
2017-07-25 15:28:23 SELECT SQL : SELECT name FROM branches WHERE  id = '5'  
2017-07-25 15:28:23 SELECT SQL : SELECT name FROM branches WHERE  id = '0'  
2017-07-25 15:28:23 SELECT SQL : SELECT name FROM currencies WHERE  id = '2'  
2017-07-25 15:28:23 SELECT SQL : SELECT userName FROM users WHERE  id = '4'  
2017-07-25 15:28:23 SELECT SQL : SELECT userName FROM users WHERE  id = ''  
2017-07-25 15:28:23 SELECT SQL : SELECT name FROM countries WHERE  id = '0'  
2017-07-25 15:28:23 SELECT SQL : SELECT name FROM branches WHERE  id = '5'  
2017-07-25 15:28:23 SELECT SQL : SELECT name FROM branches WHERE  id = '0'  
2017-07-25 15:28:23 SELECT SQL : SELECT name FROM currencies WHERE  id = '1'  
2017-07-25 15:28:23 SELECT SQL : SELECT userName FROM users WHERE  id = '4'  
2017-07-25 15:28:23 SELECT SQL : SELECT userName FROM users WHERE  id = ''  
2017-07-25 15:28:23 SELECT SQL : SELECT name FROM countries WHERE  id = '5'  
2017-07-25 15:28:23 SELECT SQL : SELECT name FROM branches WHERE  id = '5'  
2017-07-25 15:28:23 SELECT SQL : SELECT name FROM branches WHERE  id = '0'  
2017-07-25 15:28:23 SELECT SQL : SELECT name FROM currencies WHERE  id = '1'  
2017-07-25 15:28:23 SELECT SQL : SELECT userName FROM users WHERE  id = '4'  
2017-07-25 15:28:23 SELECT SQL : SELECT userName FROM users WHERE  id = ''  
2017-07-25 15:28:23 SELECT SQL : SELECT name FROM countries WHERE  id = '5'  
2017-07-25 15:28:23 SELECT SQL : SELECT name FROM branches WHERE  id = '5'  
2017-07-25 15:28:23 SELECT SQL : SELECT name FROM branches WHERE  id = '0'  
2017-07-25 15:28:23 SELECT SQL : SELECT name FROM currencies WHERE  id = '2'  
2017-07-25 15:28:23 SELECT SQL : SELECT userName FROM users WHERE  id = '4'  
2017-07-25 15:28:23 SELECT SQL : SELECT userName FROM users WHERE  id = ''  
2017-07-25 15:28:23 SELECT SQL : SELECT name FROM countries WHERE  id = '0'  
2017-07-25 15:28:23 SELECT SQL : SELECT name FROM branches WHERE  id = '5'  
2017-07-25 15:28:23 Response : {"success":1,"branchName":"KINSHASHA","data":[{"id":"73","fromBranch":"0","toBranch":"5","amount":"203000","currency":"USD","charge":null,"transferRef":null,"userIdSource":null,"userIdDestination":"4","ts":"2017-07-24 14:31:21","withdrawTs":null,"status":"Success","senderFname":"Asumptar","senderSurname":null,"senderPhone":null,"senderEmail":null,"receiverFname":"Kasereka mukyambuli","receiverSurname":null,"receiverPhone":null,"receiverAccountNumber":"0332010003317","destinationCountryId":null,"fromBranchName":null,"toBranchName":"KINSHASHA","agentSource":null,"agentDestination":"maria","destinationCountry":null},{"id":"72","fromBranch":"5","toBranch":"0","amount":"200000","currency":"USD","charge":"0.025","transferRef":"00500472","userIdSource":"4","userIdDestination":null,"ts":"2017-07-24 14:23:48","withdrawTs":null,"status":"Pending","senderFname":"","senderSurname":"CHEN","senderPhone":"0843088787","senderEmail":"","receiverFname":"Liu zhi","receiverSurname":"Gang","receiverPhone":"","receiverAccountNumber":null,"destinationCountryId":"0","fromBranchName":"KINSHASHA","toBranchName":null,"agentSource":"maria","agentDestination":null,"destinationCountry":null},{"id":"71","fromBranch":"5","toBranch":"0","amount":"4000","currency":"RMB","charge":"0.015","transferRef":"00505471","userIdSource":"4","userIdDestination":null,"ts":"2017-07-24 14:21:05","withdrawTs":null,"status":"Pending","senderFname":"","senderSurname":"CIA XIAO HU","senderPhone":"0990790999","senderEmail":"","receiverFname":"AI FENG","receiverSurname":"Hu","receiverPhone":"","receiverAccountNumber":"6223161800666065","destinationCountryId":"5","fromBranchName":"KINSHASHA","toBranchName":null,"agentSource":"maria","agentDestination":null,"destinationCountry":null},{"id":"68","fromBranch":"5","toBranch":"0","amount":"1000","currency":"RMB","charge":"0.015","transferRef":"00505468","userIdSource":"4","userIdDestination":null,"ts":"2017-07-24 14:02:18","withdrawTs":null,"status":"Pending","senderFname":"","senderSurname":"CAI XIAO HU","senderPhone":"+243990790999","senderEmail":"","receiverFname":"Bai","receiverSurname":"Lu","receiverPhone":"","receiverAccountNumber":"6217 8661 00000 889696","destinationCountryId":"5","fromBranchName":"KINSHASHA","toBranchName":null,"agentSource":"maria","agentDestination":null,"destinationCountry":null},{"id":"66","fromBranch":"5","toBranch":"0","amount":"20000","currency":"USD","charge":"0.025","transferRef":"00500466","userIdSource":"4","userIdDestination":null,"ts":"2017-07-24 08:41:03","withdrawTs":null,"status":"Pending","senderFname":"","senderSurname":"ZHAO ZONG RONG","senderPhone":"+243970464848","senderEmail":"","receiverFname":"ANQI","receiverSurname":"ZHAO","receiverPhone":"7403764487","receiverAccountNumber":null,"destinationCountryId":"0","fromBranchName":"KINSHASHA","toBranchName":null,"agentSource":"maria","agentDestination":null,"destinationCountry":null}]}
2017-07-25 15:28:24 ---- New Request ----
2017-07-25 15:28:24 Controller : Reports
2017-07-25 15:28:24 Method : gettransferlogsAction
2017-07-25 15:28:24 Controller File : controllers/Reports.class.php, Exists
2017-07-25 15:28:24 Class constructed
2017-07-25 15:28:24 Class constructed
2017-07-25 15:28:24 UserID : 4
SessionId : 3ADSM4R5rcq4aKaSWBeyYZjzxq585GSa
Branch ID : 5
Date : 
Account ID : 
2017-07-25 15:28:24 SELECT SQL : SELECT sessionId,branchId,userTypeId FROM users WHERE  id = '4'  
2017-07-25 15:28:24 SELECT SQL : SELECT id,fromBranch,toBranch,amount,currency,charge,transferRef,userIdSource,userIdDestination,ts,withdrawTs,status,senderFname,senderSurname,senderPhone,senderEmail,receiverFname,receiverSurname,receiverPhone,receiverAccountNumber,destinationCountryId FROM transfers WHERE  fromBranch = '5'  OR toBranch = '5'  ORDER BY ts DESC LIMIT 20
2017-07-25 15:28:24 SELECT SQL : SELECT name FROM branches WHERE  id = '0'  
2017-07-25 15:28:24 SELECT SQL : SELECT name FROM branches WHERE  id = '5'  
2017-07-25 15:28:24 SELECT SQL : SELECT name FROM currencies WHERE  id = '2'  
2017-07-25 15:28:24 SELECT SQL : SELECT userName FROM users WHERE  id = ''  
2017-07-25 15:28:24 SELECT SQL : SELECT userName FROM users WHERE  id = '4'  
2017-07-25 15:28:24 SELECT SQL : SELECT name FROM countries WHERE  id = ''  
2017-07-25 15:28:24 SELECT SQL : SELECT name FROM branches WHERE  id = '5'  
2017-07-25 15:28:24 SELECT SQL : SELECT name FROM branches WHERE  id = '0'  
2017-07-25 15:28:24 SELECT SQL : SELECT name FROM currencies WHERE  id = '2'  
2017-07-25 15:28:24 SELECT SQL : SELECT userName FROM users WHERE  id = '4'  
2017-07-25 15:28:24 SELECT SQL : SELECT userName FROM users WHERE  id = ''  
2017-07-25 15:28:24 SELECT SQL : SELECT name FROM countries WHERE  id = '0'  
2017-07-25 15:28:24 SELECT SQL : SELECT name FROM branches WHERE  id = '5'  
2017-07-25 15:28:24 SELECT SQL : SELECT name FROM branches WHERE  id = '0'  
2017-07-25 15:28:24 SELECT SQL : SELECT name FROM currencies WHERE  id = '1'  
2017-07-25 15:28:24 SELECT SQL : SELECT userName FROM users WHERE  id = '4'  
2017-07-25 15:28:24 SELECT SQL : SELECT userName FROM users WHERE  id = ''  
2017-07-25 15:28:24 SELECT SQL : SELECT name FROM countries WHERE  id = '5'  
2017-07-25 15:28:24 SELECT SQL : SELECT name FROM branches WHERE  id = '5'  
2017-07-25 15:28:24 SELECT SQL : SELECT name FROM branches WHERE  id = '0'  
2017-07-25 15:28:24 SELECT SQL : SELECT name FROM currencies WHERE  id = '1'  
2017-07-25 15:28:24 SELECT SQL : SELECT userName FROM users WHERE  id = '4'  
2017-07-25 15:28:24 SELECT SQL : SELECT userName FROM users WHERE  id = ''  
2017-07-25 15:28:24 SELECT SQL : SELECT name FROM countries WHERE  id = '5'  
2017-07-25 15:28:24 SELECT SQL : SELECT name FROM branches WHERE  id = '5'  
2017-07-25 15:28:24 SELECT SQL : SELECT name FROM branches WHERE  id = '0'  
2017-07-25 15:28:24 SELECT SQL : SELECT name FROM currencies WHERE  id = '2'  
2017-07-25 15:28:24 SELECT SQL : SELECT userName FROM users WHERE  id = '4'  
2017-07-25 15:28:24 SELECT SQL : SELECT userName FROM users WHERE  id = ''  
2017-07-25 15:28:24 SELECT SQL : SELECT name FROM countries WHERE  id = '0'  
2017-07-25 15:28:24 SELECT SQL : SELECT name FROM branches WHERE  id = '5'  
2017-07-25 15:28:24 Response : {"success":1,"branchName":"KINSHASHA","data":[{"id":"73","fromBranch":"0","toBranch":"5","amount":"203000","currency":"USD","charge":null,"transferRef":null,"userIdSource":null,"userIdDestination":"4","ts":"2017-07-24 14:31:21","withdrawTs":null,"status":"Success","senderFname":"Asumptar","senderSurname":null,"senderPhone":null,"senderEmail":null,"receiverFname":"Kasereka mukyambuli","receiverSurname":null,"receiverPhone":null,"receiverAccountNumber":"0332010003317","destinationCountryId":null,"fromBranchName":null,"toBranchName":"KINSHASHA","agentSource":null,"agentDestination":"maria","destinationCountry":null},{"id":"72","fromBranch":"5","toBranch":"0","amount":"200000","currency":"USD","charge":"0.025","transferRef":"00500472","userIdSource":"4","userIdDestination":null,"ts":"2017-07-24 14:23:48","withdrawTs":null,"status":"Pending","senderFname":"","senderSurname":"CHEN","senderPhone":"0843088787","senderEmail":"","receiverFname":"Liu zhi","receiverSurname":"Gang","receiverPhone":"","receiverAccountNumber":null,"destinationCountryId":"0","fromBranchName":"KINSHASHA","toBranchName":null,"agentSource":"maria","agentDestination":null,"destinationCountry":null},{"id":"71","fromBranch":"5","toBranch":"0","amount":"4000","currency":"RMB","charge":"0.015","transferRef":"00505471","userIdSource":"4","userIdDestination":null,"ts":"2017-07-24 14:21:05","withdrawTs":null,"status":"Pending","senderFname":"","senderSurname":"CIA XIAO HU","senderPhone":"0990790999","senderEmail":"","receiverFname":"AI FENG","receiverSurname":"Hu","receiverPhone":"","receiverAccountNumber":"6223161800666065","destinationCountryId":"5","fromBranchName":"KINSHASHA","toBranchName":null,"agentSource":"maria","agentDestination":null,"destinationCountry":null},{"id":"68","fromBranch":"5","toBranch":"0","amount":"1000","currency":"RMB","charge":"0.015","transferRef":"00505468","userIdSource":"4","userIdDestination":null,"ts":"2017-07-24 14:02:18","withdrawTs":null,"status":"Pending","senderFname":"","senderSurname":"CAI XIAO HU","senderPhone":"+243990790999","senderEmail":"","receiverFname":"Bai","receiverSurname":"Lu","receiverPhone":"","receiverAccountNumber":"6217 8661 00000 889696","destinationCountryId":"5","fromBranchName":"KINSHASHA","toBranchName":null,"agentSource":"maria","agentDestination":null,"destinationCountry":null},{"id":"66","fromBranch":"5","toBranch":"0","amount":"20000","currency":"USD","charge":"0.025","transferRef":"00500466","userIdSource":"4","userIdDestination":null,"ts":"2017-07-24 08:41:03","withdrawTs":null,"status":"Pending","senderFname":"","senderSurname":"ZHAO ZONG RONG","senderPhone":"+243970464848","senderEmail":"","receiverFname":"ANQI","receiverSurname":"ZHAO","receiverPhone":"7403764487","receiverAccountNumber":null,"destinationCountryId":"0","fromBranchName":"KINSHASHA","toBranchName":null,"agentSource":"maria","agentDestination":null,"destinationCountry":null}]}
2017-07-25 15:28:24 ---- New Request ----
2017-07-25 15:28:24 Controller : Transfers
2017-07-25 15:28:24 Method : getbalancesAction
2017-07-25 15:28:24 Controller File : controllers/Transfers.class.php, Exists
2017-07-25 15:28:24 Class constructed
2017-07-25 15:28:24 Class constructed
2017-07-25 15:28:24 UserID : 4
SessionId : 3ADSM4R5rcq4aKaSWBeyYZjzxq585GSa
Branch ID : 6
Date : 
2017-07-25 15:28:24 SELECT SQL : SELECT sessionId,branchId,userTypeId FROM users WHERE  id = '4'  
2017-07-25 15:28:24 SELECT SQL : SELECT closingBalance,openingBalance,accountId,branchId,date FROM balances WHERE  date = '2017-07-25' AND branchId = '5'  
2017-07-25 15:28:24 SELECT SQL : SELECT name FROM accounts WHERE  id = '16'  
2017-07-25 15:28:24 SELECT SQL : SELECT name FROM branches WHERE  id = '5'  
2017-07-25 15:28:24 Response : {"success":1,"data":[{"closingBalance":"315496","openingBalance":"315496","accountId":"16","branchId":"5","date":"2017-07-25","accountName":"KINSHASHA-USD Account","branchName":"KINSHASHA"}]}
2017-07-25 15:28:24 ---- New Request ----
2017-07-25 15:28:24 Controller : Transfers
2017-07-25 15:28:24 Method : getallaccountbalancesAction
2017-07-25 15:28:24 Controller File : controllers/Transfers.class.php, Exists
2017-07-25 15:28:24 Class constructed
2017-07-25 15:28:24 Class constructed
2017-07-25 15:28:24 UserID : 4
SessionId : 3ADSM4R5rcq4aKaSWBeyYZjzxq585GSa
Branch ID : 6
2017-07-25 15:28:24 SELECT SQL : SELECT sessionId FROM users WHERE  id = '4'  
2017-07-25 15:28:24 SELECT SQL : SELECT name,id FROM accounts WHERE  active = '1' AND branchId = '6'  
2017-07-25 15:28:24 SELECT SQL : SELECT name FROM branches WHERE  id = '6'  
2017-07-25 15:28:24 Response : {"success":1,"data":[{"name":"OASIS MALL-RMB Account","id":"20","balance":0},{"name":"OASIS MALL-USD Account","id":"21","balance":-7293555},{"name":"OASIS MALL-DIRHAM Account","id":"22","balance":0},{"name":"OASIS MALL-UGX Account","id":"23","balance":150660518},{"name":"OASIS MALL-KSH Account","id":"24","balance":0}],"branchName":"OASIS MALL"}
2017-07-25 15:31:52 ---- New Request ----
2017-07-25 15:31:52 Controller : Users
2017-07-25 15:31:52 Method : formsdetailsAction
2017-07-25 15:31:52 Controller File : controllers/Users.class.php, Exists
2017-07-25 15:31:52 Class constructed
2017-07-25 15:31:52 Details Params :
SessionID :3ADSM4R5rcq4aKaSWBeyYZjzxq585GSa
User ID : 4
2017-07-25 15:31:52 SELECT SQL : SELECT * FROM branches WHERE  active = '1'  
2017-07-25 15:31:52 SELECT SQL : SELECT * FROM countries WHERE  active = '1'  
2017-07-25 15:31:52 SELECT SQL : SELECT * FROM identification WHERE  active = '1'  
2017-07-25 15:31:52 SELECT SQL : SELECT * FROM users WHERE  active = '1'  
2017-07-25 15:31:52 SELECT SQL : SELECT id,name,branchId,currency_id FROM accounts WHERE  active = '1' AND type_id = '1'  
2017-07-25 15:31:52 Balance Update Params :
Branch Id : 5
Account ID : 16
Amount : 0
2017-07-25 15:31:52 SELECT SQL : SELECT * FROM balances WHERE  branchId = '5' AND accountId = '16'  
2017-07-25 15:31:52 SELECT SQL : SELECT * FROM balances WHERE  branchId = '5' AND accountId = '16' AND date = '2017-07-25'  
2017-07-25 15:31:52 UPDATE SQL : UPDATE balances SET closingBalance = '315496' WHERE  branchId = '5' AND accountId = '16' AND date = '2017-07-25' 
2017-07-25 15:31:52 Balance Update Status 2:1
 2017-07-25 15:31:52 Balance Update Params :
Branch Id : 6
Account ID : 20
Amount : 0
2017-07-25 15:31:52 SELECT SQL : SELECT * FROM balances WHERE  branchId = '6' AND accountId = '20'  
2017-07-25 15:31:52 Balance Update Params :
Branch Id : 6
Account ID : 21
Amount : 0
2017-07-25 15:31:52 SELECT SQL : SELECT * FROM balances WHERE  branchId = '6' AND accountId = '21'  
2017-07-25 15:31:52 SELECT SQL : SELECT * FROM balances WHERE  branchId = '6' AND accountId = '21' AND date = '2017-07-25'  
2017-07-25 15:31:52 UPDATE SQL : UPDATE balances SET closingBalance = '-88986.84511788' WHERE  branchId = '6' AND accountId = '21' AND date = '2017-07-25' 
2017-07-25 15:31:52 Balance Update Status 2:1
 2017-07-25 15:31:52 Balance Update Params :
Branch Id : 6
Account ID : 22
Amount : 0
2017-07-25 15:31:52 SELECT SQL : SELECT * FROM balances WHERE  branchId = '6' AND accountId = '22'  
2017-07-25 15:31:52 Balance Update Params :
Branch Id : 6
Account ID : 23
Amount : 0
2017-07-25 15:31:52 SELECT SQL : SELECT * FROM balances WHERE  branchId = '6' AND accountId = '23'  
2017-07-25 15:31:52 SELECT SQL : SELECT * FROM balances WHERE  branchId = '6' AND accountId = '23' AND date = '2017-07-25'  
2017-07-25 15:31:52 UPDATE SQL : UPDATE balances SET closingBalance = '-112384482' WHERE  branchId = '6' AND accountId = '23' AND date = '2017-07-25' 
2017-07-25 15:31:52 Balance Update Status 2:1
 2017-07-25 15:31:52 Balance Update Params :
Branch Id : 6
Account ID : 24
Amount : 0
2017-07-25 15:31:52 SELECT SQL : SELECT * FROM balances WHERE  branchId = '6' AND accountId = '24'  
2017-07-25 15:31:52 Balance Update Params :
Branch Id : 11
Account ID : 27
Amount : 0
2017-07-25 15:31:52 SELECT SQL : SELECT * FROM balances WHERE  branchId = '11' AND accountId = '27'  
2017-07-25 15:31:52 SELECT SQL : SELECT * FROM balances WHERE  branchId = '11' AND accountId = '27' AND date = '2017-07-25'  
2017-07-25 15:31:52 UPDATE SQL : UPDATE balances SET closingBalance = '5215151.6461271' WHERE  branchId = '11' AND accountId = '27' AND date = '2017-07-25' 
2017-07-25 15:31:52 Balance Update Status 2:1
 2017-07-25 15:31:52 Balance Update Params :
Branch Id : 11
Account ID : 28
Amount : 0
2017-07-25 15:31:52 SELECT SQL : SELECT * FROM balances WHERE  branchId = '11' AND accountId = '28'  
2017-07-25 15:31:52 Balance Update Params :
Branch Id : 12
Account ID : 33
Amount : 0
2017-07-25 15:31:52 SELECT SQL : SELECT * FROM balances WHERE  branchId = '12' AND accountId = '33'  
2017-07-25 15:31:52 SELECT SQL : SELECT * FROM balances WHERE  branchId = '12' AND accountId = '33' AND date = '2017-07-25'  
2017-07-25 15:31:52 UPDATE SQL : UPDATE balances SET closingBalance = '24450' WHERE  branchId = '12' AND accountId = '33' AND date = '2017-07-25' 
2017-07-25 15:31:52 Balance Update Status 2:1
 2017-07-25 15:31:52 Balance Update Params :
Branch Id : 12
Account ID : 36
Amount : 0
2017-07-25 15:31:52 SELECT SQL : SELECT * FROM balances WHERE  branchId = '12' AND accountId = '36'  
2017-07-25 15:31:52 SELECT SQL : SELECT * FROM balances WHERE  branchId = '12' AND accountId = '36' AND date = '2017-07-25'  
2017-07-25 15:31:52 UPDATE SQL : UPDATE balances SET closingBalance = '162037' WHERE  branchId = '12' AND accountId = '36' AND date = '2017-07-25' 
2017-07-25 15:31:52 Balance Update Status 2:1
 2017-07-25 15:31:52 Balance Update Params :
Branch Id : 7
Account ID : 37
Amount : 0
2017-07-25 15:31:52 SELECT SQL : SELECT * FROM balances WHERE  branchId = '7' AND accountId = '37'  
2017-07-25 15:31:52 SELECT SQL : SELECT * FROM balances WHERE  branchId = '7' AND accountId = '37' AND date = '2017-07-25'  
2017-07-25 15:31:52 UPDATE SQL : UPDATE balances SET closingBalance = '47450' WHERE  branchId = '7' AND accountId = '37' AND date = '2017-07-25' 
2017-07-25 15:31:52 Balance Update Status 2:1
 2017-07-25 15:31:52 Balance Update Params :
Branch Id : 13
Account ID : 38
Amount : 0
2017-07-25 15:31:52 SELECT SQL : SELECT * FROM balances WHERE  branchId = '13' AND accountId = '38'  
2017-07-25 15:31:52 SELECT SQL : SELECT * FROM balances WHERE  branchId = '13' AND accountId = '38' AND date = '2017-07-25'  
2017-07-25 15:31:52 UPDATE SQL : UPDATE balances SET closingBalance = '2700' WHERE  branchId = '13' AND accountId = '38' AND date = '2017-07-25' 
2017-07-25 15:31:52 Balance Update Status 2:1
 2017-07-25 15:31:52 Balance Update Params :
Branch Id : 13
Account ID : 39
Amount : 0
2017-07-25 15:31:52 SELECT SQL : SELECT * FROM balances WHERE  branchId = '13' AND accountId = '39'  
2017-07-25 15:31:52 SELECT SQL : SELECT * FROM currencies WHERE  active = '1'  
2017-07-25 15:31:52 SELECT SQL : SELECT * FROM accounts WHERE  active = '1' AND type_id = '4'  
2017-07-25 15:31:52 SELECT SQL : SELECT * FROM account_types WHERE  active = '1'  
2017-07-25 15:31:52 SELECT SQL : SELECT * FROM user_types WHERE  active = '1'  
2017-07-25 15:31:52 Response : {"data":{"branches":[{"id":"5","name":"KINSHASHA","countryId":"4","location":"Patrice Avenue","supervisorId":"3","createdBy":"4","ts":"2017-06-30 00:06:55","active":"1"},{"id":"6","name":"OASIS MALL","countryId":"1","location":"Yusufu Lule Rd","supervisorId":"3","createdBy":"2","ts":"2017-06-30 00:12:08","active":"1"},{"id":"7","name":"GOMA","countryId":"4","location":"Goma","supervisorId":"3","createdBy":"1","ts":"2017-07-05 00:00:00","active":"1"},{"id":"9","name":"MOMBASA","countryId":"2","location":"Mombasa","supervisorId":"3","createdBy":"1","ts":"2017-07-05 00:00:00","active":"1"},{"id":"10","name":"DUBAI","countryId":"6","location":"Dubai","supervisorId":"3","createdBy":"1","ts":"2017-07-05 00:00:00","active":"1"},{"id":"11","name":"CHINA","countryId":"5","location":"China","supervisorId":"3","createdBy":"3","ts":"2017-07-05 13:23:17","active":"1"},{"id":"12","name":"NAIROBI","countryId":"2","location":"Nairobi","supervisorId":"3","createdBy":"3","ts":"2017-07-06 14:12:35","active":"1"},{"id":"13","name":"KAMPALA ROAD","countryId":"1","location":"kampala road","supervisorId":"3","createdBy":"3","ts":"2017-07-06 14:12:35","active":"1"}],"countries":[{"id":"1","name":"UGANDA","createdBy":"1","ts":"2017-06-25 23:13:31","active":"1"},{"id":"2","name":"KENYA","createdBy":"1","ts":"2017-06-26 09:02:45","active":"1"},{"id":"3","name":"TZ","createdBy":"1","ts":"2017-06-28 11:11:53","active":"1"},{"id":"4","name":"CONGO","createdBy":"1","ts":"2017-06-28 11:26:11","active":"1"},{"id":"5","name":"CHINA","createdBy":"1","ts":"2017-06-28 11:30:01","active":"1"},{"id":"6","name":"UAE","createdBy":"1","ts":"2017-07-05 00:00:00","active":"1"}],"ids":[[{"id":"1","name":"Passport","createdBy":"1","ts":"2017-06-28 14:00:01","active":"1"},{"id":"2","name":"National ID","createdBy":"1","ts":"2017-06-28 14:00:01","active":"1"},{"id":"3","name":"STUDENTS ID","createdBy":"1","ts":"2017-06-28 16:21:46","active":"1"}]],"users":[{"id":"1","firstName":"You","surname":"Jinshu","email":"hudsonbogere@swipeit.co.ug","phone":"256783131266","userName":"you","branchId":"0","userTypeId":"1","password":"$2y$10$pPGbhJ1RXx\/ug.ED3LnsQuKHJTqwYsa\/iF0OqGOgsjflkHKIDTLVq","sessionId":"KSTms8GEe36Gy41kXds63LMk2kJjROlO","ipAddress":"41.210.145.81","createdBy":null,"ts":"2017-06-23 15:08:12","active":"1"},{"id":"2","firstName":"Nansubuga","surname":"Dorothy","email":"henry@gmail.com","phone":"256752284441","userName":"dorah","branchId":"12","userTypeId":"3","password":"$2y$10$F9t92sYKf2rDJ.JzCmrrT.Jt1Ix37Fuo.uZKpXPn69dgDUTZ8xLXi","sessionId":"nY62cq2UAUOC3D6SdpTQEvK7LPJ00eiz","ipAddress":"105.230.77.140","createdBy":"1","ts":"2017-06-26 19:11:07","active":"1"},{"id":"3","firstName":"Lydia","surname":"Amoi","email":"islam@gmail.com","phone":"256777608310","userName":"lydia","branchId":"6","userTypeId":"2","password":"$2y$10$m72Zz8Z.h4\/Zp6TFDhmbXeQ79kZ7JJ2U0yLUanc0dDVxbc.5UPkRG","sessionId":"","ipAddress":"197.157.0.49","createdBy":"1","ts":"2017-06-26 19:41:01","active":"1"},{"id":"4","firstName":"Nabukera","surname":"Maria","email":"banerd@tfb.com","phone":"256774457813","userName":"maria","branchId":"5","userTypeId":"5","password":"$2y$10$wTpUE\/WJFMfQaBglrQocTO9ndV6dbxL2vzFDEJZ1hpVVp4binpXGO","sessionId":"3ADSM4R5rcq4aKaSWBeyYZjzxq585GSa","ipAddress":"41.75.172.28","createdBy":"1","ts":"2017-06-26 23:04:07","active":"1"},{"id":"5","firstName":"Henry","surname":"Bbosa","email":null,"phone":null,"userName":"henry","branchId":"11","userTypeId":"3","password":"$2y$10$m72Zz8Z.h4\/Zp6TFDhmbXeQ79kZ7JJ2U0yLUanc0dDVxbc.5UPkRG","sessionId":"","ipAddress":"197.157.0.49","createdBy":"1","ts":"2017-07-05 00:00:00","active":"1"},{"id":"6","firstName":"Edwin","surname":"Kakeeto","email":"edwin@edwin.com","phone":"0777777557","userName":"edwin","branchId":"7","userTypeId":"3","password":"$2y$10$wTpUE\/WJFMfQaBglrQocTO9ndV6dbxL2vzFDEJZ1hpVVp4binpXGO","sessionId":"","ipAddress":"160.242.132.81","createdBy":"3","ts":"2017-07-10 07:37:50","active":"1"},{"id":"7","firstName":"Trish","surname":"Baby","email":"patricia@gmail.com","phone":"0777777557","userName":"trish","branchId":"13","userTypeId":"3","password":"$2y$10$m72Zz8Z.h4\/Zp6TFDhmbXeQ79kZ7JJ2U0yLUanc0dDVxbc.5UPkRG","sessionId":"","ipAddress":"160.242.141.153","createdBy":null,"ts":null,"active":"1"},{"id":"8","firstName":"cedric","surname":"cedric","email":"cedric@gmail.com","phone":"+256754813912","userName":"cedric","branchId":"7","userTypeId":"3","password":"$2y$10$m72Zz8Z.h4\/Zp6TFDhmbXeQ79kZ7JJ2U0yLUanc0dDVxbc.5UPkRG","sessionId":"","ipAddress":"160.242.141.153","createdBy":null,"ts":null,"active":"1"}],"accounts":[{"id":"16","name":"KINSHASHA-USD Account","branchId":"5","currency_id":"2"},{"id":"20","name":"OASIS MALL-RMB Account","branchId":"6","currency_id":"1"},{"id":"21","name":"OASIS MALL-USD Account","branchId":"6","currency_id":"2"},{"id":"22","name":"OASIS MALL-DIRHAM Account","branchId":"6","currency_id":"3"},{"id":"23","name":"OASIS MALL-UGX Account","branchId":"6","currency_id":"4"},{"id":"24","name":"OASIS MALL-KSH Account","branchId":"6","currency_id":"5"},{"id":"27","name":"CHINA-RMB Account","branchId":"11","currency_id":"1"},{"id":"28","name":"CHINA-USD Account","branchId":"11","currency_id":"2"},{"id":"33","name":"NAIROBI-USD Account","branchId":"12","currency_id":"2"},{"id":"36","name":"NAIROBI-KSH Account","branchId":"12","currency_id":"5"},{"id":"37","name":"GOMA-USD ACCOUNT","branchId":"7","currency_id":"2"},{"id":"38","name":"KAMPALA ROAD -USD ACCOUNT","branchId":"13","currency_id":"2"},{"id":"39","name":"KAMPALA ROAD- UGX ACCOUNT ","branchId":"13","currency_id":"4"}],"currencies":[{"id":"1","name":"RMB","symbol":"\u00c2\u00a5","createdBy":"1","ts":"2017-06-27 22:45:12","active":"1"},{"id":"2","name":"USD","symbol":"$","createdBy":"1","ts":"2017-06-27 22:45:12","active":"1"},{"id":"3","name":"DIRHAM","symbol":"","createdBy":"1","ts":"2017-06-28 11:40:09","active":"1"},{"id":"4","name":"UGX","symbol":"\/=","createdBy":"1","ts":"2017-06-28 11:46:50","active":"1"},{"id":"5","name":"KSH","symbol":"","createdBy":"1","ts":"2017-06-28 11:46:50","active":"1"}],"superaccount":[{"id":"1","name":"RMB Account","branchId":"0","type_id":"4","currency_id":"1","balance":"0","createdBy":"1","active":"1","ts":"2017-06-27 22:45:12"}],"accountTypes":[{"id":"1","type":"Transfer","description":"","createdBy":"1","ts":"2017-06-28 14:31:12","active":"1"},{"id":"2","type":"Suspense","description":"","createdBy":"1","ts":"2017-06-28 14:31:12","active":"1"},{"id":"4","type":"Super","description":"","createdBy":"1","ts":"2017-06-28 14:31:12","active":"1"}],"userTypes":[{"id":"1","name":"E-Value Admin","level":"1","ts":"2017-06-27 22:45:12","active":"1"},{"id":"2","name":"Super User","level":"2","ts":"2017-06-27 22:45:12","active":"1"},{"id":"3","name":"Agent","level":"3","ts":"2017-06-27 22:45:12","active":"1"},{"id":"4","name":"System Admin","level":"4","ts":"2017-06-27 22:45:12","active":"1"},{"id":"5","name":"superAgent","level":"3","ts":"2017-06-27 22:45:12","active":"1"}]},"success":1}
2017-07-25 15:31:57 ---- New Request ----
2017-07-25 15:31:57 Controller : Transfers
2017-07-25 15:31:57 Method : getallaccountbalancesAction
2017-07-25 15:31:57 Controller File : controllers/Transfers.class.php, Exists
2017-07-25 15:31:57 Class constructed
2017-07-25 15:31:57 Class constructed
2017-07-25 15:31:57 UserID : 4
SessionId : 3ADSM4R5rcq4aKaSWBeyYZjzxq585GSa
Branch ID : 5
2017-07-25 15:31:57 SELECT SQL : SELECT sessionId FROM users WHERE  id = '4'  
2017-07-25 15:31:57 SELECT SQL : SELECT name,id FROM accounts WHERE  active = '1' AND branchId = '5'  
2017-07-25 15:31:57 SELECT SQL : SELECT name FROM branches WHERE  id = '5'  
2017-07-25 15:31:57 Response : {"success":1,"data":[{"name":"KINSHASHA-USD Account","id":"16","balance":315496}],"branchName":"KINSHASHA"}
2017-07-25 15:32:04 ---- New Request ----
2017-07-25 15:32:04 Controller : Transfers
2017-07-25 15:32:04 Method : getallaccountbalancesAction
2017-07-25 15:32:04 Controller File : controllers/Transfers.class.php, Exists
2017-07-25 15:32:04 Class constructed
2017-07-25 15:32:04 Class constructed
2017-07-25 15:32:04 UserID : 4
SessionId : 3ADSM4R5rcq4aKaSWBeyYZjzxq585GSa
Branch ID : 5
2017-07-25 15:32:04 SELECT SQL : SELECT sessionId FROM users WHERE  id = '4'  
2017-07-25 15:32:04 SELECT SQL : SELECT name,id FROM accounts WHERE  active = '1' AND branchId = '5'  
2017-07-25 15:32:04 SELECT SQL : SELECT name FROM branches WHERE  id = '5'  
2017-07-25 15:32:04 Response : {"success":1,"data":[{"name":"KINSHASHA-USD Account","id":"16","balance":315496}],"branchName":"KINSHASHA"}
2017-07-25 15:32:05 ---- New Request ----
2017-07-25 15:32:05 Controller : Transfers
2017-07-25 15:32:05 Method : getallaccountbalancesAction
2017-07-25 15:32:05 Controller File : controllers/Transfers.class.php, Exists
2017-07-25 15:32:05 Class constructed
2017-07-25 15:32:05 Class constructed
2017-07-25 15:32:05 UserID : 4
SessionId : 3ADSM4R5rcq4aKaSWBeyYZjzxq585GSa
Branch ID : 5
2017-07-25 15:32:05 SELECT SQL : SELECT sessionId FROM users WHERE  id = '4'  
2017-07-25 15:32:05 SELECT SQL : SELECT name,id FROM accounts WHERE  active = '1' AND branchId = '5'  
2017-07-25 15:32:05 SELECT SQL : SELECT name FROM branches WHERE  id = '5'  
2017-07-25 15:32:05 Response : {"success":1,"data":[{"name":"KINSHASHA-USD Account","id":"16","balance":315496}],"branchName":"KINSHASHA"}
2017-07-25 15:32:06 ---- New Request ----
2017-07-25 15:32:06 Controller : Transfers
2017-07-25 15:32:06 Method : getallaccountbalancesAction
2017-07-25 15:32:06 Controller File : controllers/Transfers.class.php, Exists
2017-07-25 15:32:06 Class constructed
2017-07-25 15:32:06 Class constructed
2017-07-25 15:32:06 UserID : 4
SessionId : 3ADSM4R5rcq4aKaSWBeyYZjzxq585GSa
Branch ID : 5
2017-07-25 15:32:06 SELECT SQL : SELECT sessionId FROM users WHERE  id = '4'  
2017-07-25 15:32:06 SELECT SQL : SELECT name,id FROM accounts WHERE  active = '1' AND branchId = '5'  
2017-07-25 15:32:06 SELECT SQL : SELECT name FROM branches WHERE  id = '5'  
2017-07-25 15:32:06 Response : {"success":1,"data":[{"name":"KINSHASHA-USD Account","id":"16","balance":315496}],"branchName":"KINSHASHA"}
2017-07-25 15:32:14 ---- New Request ----
2017-07-25 15:32:14 Controller : Transfers
2017-07-25 15:32:14 Method : getallaccountbalancesAction
2017-07-25 15:32:14 Controller File : controllers/Transfers.class.php, Exists
2017-07-25 15:32:14 Class constructed
2017-07-25 15:32:14 Class constructed
2017-07-25 15:32:14 UserID : 4
SessionId : 3ADSM4R5rcq4aKaSWBeyYZjzxq585GSa
Branch ID : 5
2017-07-25 15:32:14 SELECT SQL : SELECT sessionId FROM users WHERE  id = '4'  
2017-07-25 15:32:14 SELECT SQL : SELECT name,id FROM accounts WHERE  active = '1' AND branchId = '5'  
2017-07-25 15:32:14 SELECT SQL : SELECT name FROM branches WHERE  id = '5'  
2017-07-25 15:32:14 Response : {"success":1,"data":[{"name":"KINSHASHA-USD Account","id":"16","balance":315496}],"branchName":"KINSHASHA"}
2017-07-25 15:32:23 ---- New Request ----
2017-07-25 15:32:23 Controller : Transfers
2017-07-25 15:32:23 Method : getallaccountbalancesAction
2017-07-25 15:32:23 Controller File : controllers/Transfers.class.php, Exists
2017-07-25 15:32:23 Class constructed
2017-07-25 15:32:23 Class constructed
2017-07-25 15:32:23 UserID : 4
SessionId : 3ADSM4R5rcq4aKaSWBeyYZjzxq585GSa
Branch ID : 5
2017-07-25 15:32:23 SELECT SQL : SELECT sessionId FROM users WHERE  id = '4'  
2017-07-25 15:32:23 SELECT SQL : SELECT name,id FROM accounts WHERE  active = '1' AND branchId = '5'  
2017-07-25 15:32:23 SELECT SQL : SELECT name FROM branches WHERE  id = '5'  
2017-07-25 15:32:23 Response : {"success":1,"data":[{"name":"KINSHASHA-USD Account","id":"16","balance":315496}],"branchName":"KINSHASHA"}
