2017-07-31 19:20:50 ---- New Request ----
2017-07-31 19:20:50 Controller : Users
2017-07-31 19:20:50 Method : loginAction
2017-07-31 19:20:50 Controller File : controllers/Users.class.php, Exists
2017-07-31 19:20:50 Class constructed
2017-07-31 19:20:50 Login Params ;Username :Henry
Password : ******
2017-07-31 19:20:50 SELECT SQL : SELECT id,firstName,surname,userName,userTypeId,sessionId,password,active,branchId FROM users WHERE  userName = 'Henry'  
2017-07-31 19:20:50 SELECT SQL : SELECT name FROM branches WHERE  id = '11'  
2017-07-31 19:20:50 UPDATE SQL : UPDATE users SET sessionId = 'AkjEl2mQ2ff3mYds70qVEh1wGCOWmrsn',ipAddress = '160.242.137.6' WHERE  id = '5' 
2017-07-31 19:20:50 Response : {"success":1,"data":{"id":"5","firstName":"Henry","surname":"Bbosa","userName":"Henry","userTypeId":"3","sessionId":"AkjEl2mQ2ff3mYds70qVEh1wGCOWmrsn","branchId":"11","branchName":"CHINA"}}
2017-07-31 19:20:56 ---- New Request ----
2017-07-31 19:20:56 Controller : Users
2017-07-31 19:20:56 Method : formsdetailsAction
2017-07-31 19:20:56 Controller File : controllers/Users.class.php, Exists
2017-07-31 19:20:56 Class constructed
2017-07-31 19:20:56 Details Params :
SessionID :AkjEl2mQ2ff3mYds70qVEh1wGCOWmrsn
User ID : 5
2017-07-31 19:20:56 SELECT SQL : SELECT * FROM branches WHERE  active = '1'  
2017-07-31 19:20:56 SELECT SQL : SELECT * FROM countries WHERE  active = '1'  
2017-07-31 19:20:56 SELECT SQL : SELECT * FROM identification WHERE  active = '1'  
2017-07-31 19:20:56 SELECT SQL : SELECT * FROM users WHERE  active = '1'  
2017-07-31 19:20:56 SELECT SQL : SELECT id,name,branchId,currency_id FROM accounts WHERE  active = '1' AND type_id = '1'  
2017-07-31 19:20:56 Balance Update Params :
Branch Id : 5
Account ID : 16
Amount : 0
2017-07-31 19:20:56 SELECT SQL : SELECT * FROM balances WHERE  branchId = '5' AND accountId = '16'  
2017-07-31 19:20:56 SELECT SQL : SELECT * FROM balances WHERE  branchId = '5' AND accountId = '16' AND date = '2017-07-31'  
2017-07-31 19:20:56 UPDATE SQL : UPDATE balances SET closingBalance = '55184' WHERE  branchId = '5' AND accountId = '16' AND date = '2017-07-31' 
2017-07-31 19:20:56 Balance Update Status 2:1
 2017-07-31 19:20:56 Balance Update Params :
Branch Id : 6
Account ID : 20
Amount : 0
2017-07-31 19:20:56 SELECT SQL : SELECT * FROM balances WHERE  branchId = '6' AND accountId = '20'  
2017-07-31 19:20:56 Balance Update Params :
Branch Id : 6
Account ID : 21
Amount : 0
2017-07-31 19:20:56 SELECT SQL : SELECT * FROM balances WHERE  branchId = '6' AND accountId = '21'  
2017-07-31 19:20:56 SELECT SQL : SELECT * FROM balances WHERE  branchId = '6' AND accountId = '21' AND date = '2017-07-31'  
2017-07-31 19:20:56 UPDATE SQL : UPDATE balances SET closingBalance = '190247' WHERE  branchId = '6' AND accountId = '21' AND date = '2017-07-31' 
2017-07-31 19:20:56 Balance Update Status 2:1
 2017-07-31 19:20:56 Balance Update Params :
Branch Id : 6
Account ID : 22
Amount : 0
2017-07-31 19:20:56 SELECT SQL : SELECT * FROM balances WHERE  branchId = '6' AND accountId = '22'  
2017-07-31 19:20:56 Balance Update Params :
Branch Id : 6
Account ID : 23
Amount : 0
2017-07-31 19:20:56 SELECT SQL : SELECT * FROM balances WHERE  branchId = '6' AND accountId = '23'  
2017-07-31 19:20:56 SELECT SQL : SELECT * FROM balances WHERE  branchId = '6' AND accountId = '23' AND date = '2017-07-31'  
2017-07-31 19:20:56 UPDATE SQL : UPDATE balances SET closingBalance = '102274518' WHERE  branchId = '6' AND accountId = '23' AND date = '2017-07-31' 
2017-07-31 19:20:56 Balance Update Status 2:1
 2017-07-31 19:20:56 Balance Update Params :
Branch Id : 6
Account ID : 24
Amount : 0
2017-07-31 19:20:56 SELECT SQL : SELECT * FROM balances WHERE  branchId = '6' AND accountId = '24'  
2017-07-31 19:20:56 Balance Update Params :
Branch Id : 11
Account ID : 27
Amount : 0
2017-07-31 19:20:56 SELECT SQL : SELECT * FROM balances WHERE  branchId = '11' AND accountId = '27'  
2017-07-31 19:20:56 Balance Update Params :
Branch Id : 11
Account ID : 28
Amount : 0
2017-07-31 19:20:56 SELECT SQL : SELECT * FROM balances WHERE  branchId = '11' AND accountId = '28'  
2017-07-31 19:20:56 Balance Update Params :
Branch Id : 12
Account ID : 33
Amount : 0
2017-07-31 19:20:56 SELECT SQL : SELECT * FROM balances WHERE  branchId = '12' AND accountId = '33'  
2017-07-31 19:20:56 SELECT SQL : SELECT * FROM balances WHERE  branchId = '12' AND accountId = '33' AND date = '2017-07-31'  
2017-07-31 19:20:56 UPDATE SQL : UPDATE balances SET closingBalance = '0' WHERE  branchId = '12' AND accountId = '33' AND date = '2017-07-31' 
2017-07-31 19:20:56 Balance Update Status 2:1
 2017-07-31 19:20:56 Balance Update Params :
Branch Id : 12
Account ID : 36
Amount : 0
2017-07-31 19:20:56 SELECT SQL : SELECT * FROM balances WHERE  branchId = '12' AND accountId = '36'  
2017-07-31 19:20:56 SELECT SQL : SELECT * FROM balances WHERE  branchId = '12' AND accountId = '36' AND date = '2017-07-31'  
2017-07-31 19:20:56 UPDATE SQL : UPDATE balances SET closingBalance = '10312' WHERE  branchId = '12' AND accountId = '36' AND date = '2017-07-31' 
2017-07-31 19:20:56 Balance Update Status 2:1
 2017-07-31 19:20:56 Balance Update Params :
Branch Id : 7
Account ID : 37
Amount : 0
2017-07-31 19:20:56 SELECT SQL : SELECT * FROM balances WHERE  branchId = '7' AND accountId = '37'  
2017-07-31 19:20:56 SELECT SQL : SELECT * FROM balances WHERE  branchId = '7' AND accountId = '37' AND date = '2017-07-31'  
2017-07-31 19:20:56 UPDATE SQL : UPDATE balances SET closingBalance = '96158' WHERE  branchId = '7' AND accountId = '37' AND date = '2017-07-31' 
2017-07-31 19:20:56 Balance Update Status 2:1
 2017-07-31 19:20:56 Balance Update Params :
Branch Id : 13
Account ID : 38
Amount : 0
2017-07-31 19:20:56 SELECT SQL : SELECT * FROM balances WHERE  branchId = '13' AND accountId = '38'  
2017-07-31 19:20:56 Balance Update Params :
Branch Id : 13
Account ID : 39
Amount : 0
2017-07-31 19:20:56 SELECT SQL : SELECT * FROM balances WHERE  branchId = '13' AND accountId = '39'  
2017-07-31 19:20:56 SELECT SQL : SELECT * FROM currencies WHERE  active = '1'  
2017-07-31 19:20:56 SELECT SQL : SELECT * FROM accounts WHERE  active = '1' AND type_id = '4'  
2017-07-31 19:20:56 SELECT SQL : SELECT * FROM account_types WHERE  active = '1'  
2017-07-31 19:20:56 SELECT SQL : SELECT * FROM user_types WHERE  active = '1'  
2017-07-31 19:20:56 Response : {"data":{"branches":[{"id":"5","name":"KINSHASHA","countryId":"4","location":"Patrice Avenue","supervisorId":"3","createdBy":"4","ts":"2017-06-30 00:06:55","active":"1"},{"id":"6","name":"OASIS MALL","countryId":"1","location":"Yusufu Lule Rd","supervisorId":"3","createdBy":"2","ts":"2017-06-30 00:12:08","active":"1"},{"id":"7","name":"GOMA","countryId":"4","location":"Goma","supervisorId":"3","createdBy":"1","ts":"2017-07-05 00:00:00","active":"1"},{"id":"9","name":"MOMBASA","countryId":"2","location":"Mombasa","supervisorId":"3","createdBy":"1","ts":"2017-07-05 00:00:00","active":"1"},{"id":"10","name":"DUBAI","countryId":"6","location":"Dubai","supervisorId":"3","createdBy":"1","ts":"2017-07-05 00:00:00","active":"1"},{"id":"11","name":"CHINA","countryId":"5","location":"China","supervisorId":"3","createdBy":"3","ts":"2017-07-05 13:23:17","active":"1"},{"id":"12","name":"NAIROBI","countryId":"2","location":"Nairobi","supervisorId":"3","createdBy":"3","ts":"2017-07-06 14:12:35","active":"1"},{"id":"13","name":"KAMPALA ROAD","countryId":"1","location":"kampala road","supervisorId":"3","createdBy":"3","ts":"2017-07-06 14:12:35","active":"1"}],"countries":[{"id":"1","name":"UGANDA","createdBy":"1","ts":"2017-06-25 23:13:31","active":"1"},{"id":"2","name":"KENYA","createdBy":"1","ts":"2017-06-26 09:02:45","active":"1"},{"id":"3","name":"TZ","createdBy":"1","ts":"2017-06-28 11:11:53","active":"1"},{"id":"4","name":"CONGO","createdBy":"1","ts":"2017-06-28 11:26:11","active":"1"},{"id":"5","name":"CHINA","createdBy":"1","ts":"2017-06-28 11:30:01","active":"1"},{"id":"6","name":"UAE","createdBy":"1","ts":"2017-07-05 00:00:00","active":"1"}],"ids":[[{"id":"1","name":"Passport","createdBy":"1","ts":"2017-06-28 14:00:01","active":"1"},{"id":"2","name":"National ID","createdBy":"1","ts":"2017-06-28 14:00:01","active":"1"},{"id":"3","name":"STUDENTS ID","createdBy":"1","ts":"2017-06-28 16:21:46","active":"1"}]],"users":[{"id":"1","firstName":"You","surname":"Jinshu","email":"hudsonbogere@swipeit.co.ug","phone":"256783131266","userName":"you","branchId":"0","userTypeId":"1","password":"$2y$10$pPGbhJ1RXx\/ug.ED3LnsQuKHJTqwYsa\/iF0OqGOgsjflkHKIDTLVq","sessionId":"","ipAddress":"41.75.173.102","createdBy":null,"ts":"2017-06-23 15:08:12","active":"1"},{"id":"2","firstName":"Nansubuga","surname":"Dorothy","email":"henry@gmail.com","phone":"256752284441","userName":"dorah","branchId":"12","userTypeId":"3","password":"$2y$10$F9t92sYKf2rDJ.JzCmrrT.Jt1Ix37Fuo.uZKpXPn69dgDUTZ8xLXi","sessionId":"","ipAddress":"105.230.87.130","createdBy":"1","ts":"2017-06-26 19:11:07","active":"1"},{"id":"3","firstName":"Lydia","surname":"Amoi","email":"islam@gmail.com","phone":"256777608310","userName":"lydia","branchId":"6","userTypeId":"2","password":"$2y$10$m72Zz8Z.h4\/Zp6TFDhmbXeQ79kZ7JJ2U0yLUanc0dDVxbc.5UPkRG","sessionId":"BAS77YbvuHrVvRpPCZEcBGjCcyjgaLXI","ipAddress":"160.242.137.6","createdBy":"1","ts":"2017-06-26 19:41:01","active":"1"},{"id":"4","firstName":"Nabukera","surname":"Maria","email":"banerd@tfb.com","phone":"256774457813","userName":"maria","branchId":"5","userTypeId":"5","password":"$2y$10$wTpUE\/WJFMfQaBglrQocTO9ndV6dbxL2vzFDEJZ1hpVVp4binpXGO","sessionId":"x5fiXXtaZFBaTpEauSiyKTrIyR1RwL25","ipAddress":"41.75.173.102","createdBy":"1","ts":"2017-06-26 23:04:07","active":"1"},{"id":"5","firstName":"Henry","surname":"Bbosa","email":null,"phone":null,"userName":"Henry","branchId":"11","userTypeId":"3","password":"$2y$10$m72Zz8Z.h4\/Zp6TFDhmbXeQ79kZ7JJ2U0yLUanc0dDVxbc.5UPkRG","sessionId":"AkjEl2mQ2ff3mYds70qVEh1wGCOWmrsn","ipAddress":"160.242.137.6","createdBy":"1","ts":"2017-07-05 00:00:00","active":"1"},{"id":"6","firstName":"Edwin","surname":"Kakeeto","email":"edwin@edwin.com","phone":"0777777557","userName":"edwin","branchId":"7","userTypeId":"3","password":"$2y$10$wTpUE\/WJFMfQaBglrQocTO9ndV6dbxL2vzFDEJZ1hpVVp4binpXGO","sessionId":"KRX8Yh2iqId0EWTdOh43HSfBIE4fr5lp","ipAddress":"41.243.17.77","createdBy":"3","ts":"2017-07-10 07:37:50","active":"1"},{"id":"7","firstName":"Trish","surname":"Baby","email":"patricia@gmail.com","phone":"0777777557","userName":"trish","branchId":"13","userTypeId":"3","password":"$2y$10$m72Zz8Z.h4\/Zp6TFDhmbXeQ79kZ7JJ2U0yLUanc0dDVxbc.5UPkRG","sessionId":"k10XSropsYs2ikmovFMksbhRyqwut0dT","ipAddress":"160.242.137.6","createdBy":null,"ts":null,"active":"1"},{"id":"8","firstName":"cedric","surname":"cedric","email":"cedric@gmail.com","phone":"+256754813912","userName":"cedric","branchId":"7","userTypeId":"3","password":"$2y$10$m72Zz8Z.h4\/Zp6TFDhmbXeQ79kZ7JJ2U0yLUanc0dDVxbc.5UPkRG","sessionId":"","ipAddress":"160.242.141.153","createdBy":null,"ts":null,"active":"1"},{"id":"9","firstName":"Bravia","surname":"Muzira","email":"muzira@gmail.com","phone":"+256771889211","userName":"Braviah","branchId":"6","userTypeId":"3","password":"$2y$10$m72Zz8Z.h4\/Zp6TFDhmbXeQ79kZ7JJ2U0yLUanc0dDVxbc.5UPkRG","sessionId":"TRYLds7vSBteucLM5ABcqCX8rZHYmIY6","ipAddress":"41.210.154.98","createdBy":null,"ts":null,"active":"1"}],"accounts":[{"id":"16","name":"KINSHASHA-USD Account","branchId":"5","currency_id":"2"},{"id":"20","name":"OASIS MALL-RMB Account","branchId":"6","currency_id":"1"},{"id":"21","name":"OASIS MALL-USD Account","branchId":"6","currency_id":"2"},{"id":"22","name":"OASIS MALL-DIRHAM Account","branchId":"6","currency_id":"3"},{"id":"23","name":"OASIS MALL-UGX Account","branchId":"6","currency_id":"4"},{"id":"24","name":"OASIS MALL-KSH Account","branchId":"6","currency_id":"5"},{"id":"27","name":"CHINA-RMB Account","branchId":"11","currency_id":"1"},{"id":"28","name":"CHINA-USD Account","branchId":"11","currency_id":"2"},{"id":"33","name":"NAIROBI-USD Account","branchId":"12","currency_id":"2"},{"id":"36","name":"NAIROBI-KSH Account","branchId":"12","currency_id":"5"},{"id":"37","name":"GOMA-USD ACCOUNT","branchId":"7","currency_id":"2"},{"id":"38","name":"KAMPALA ROAD -USD ACCOUNT","branchId":"13","currency_id":"2"},{"id":"39","name":"KAMPALA ROAD- UGX ACCOUNT ","branchId":"13","currency_id":"4"}],"currencies":[{"id":"1","name":"RMB","symbol":"\u00c2\u00a5","createdBy":"1","ts":"2017-06-27 22:45:12","active":"1"},{"id":"2","name":"USD","symbol":"$","createdBy":"1","ts":"2017-06-27 22:45:12","active":"1"},{"id":"3","name":"DIRHAM","symbol":"","createdBy":"1","ts":"2017-06-28 11:40:09","active":"1"},{"id":"4","name":"UGX","symbol":"\/=","createdBy":"1","ts":"2017-06-28 11:46:50","active":"1"},{"id":"5","name":"KSH","symbol":"","createdBy":"1","ts":"2017-06-28 11:46:50","active":"1"}],"superaccount":[{"id":"1","name":"RMB Account","branchId":"0","type_id":"4","currency_id":"1","balance":"0","createdBy":"1","active":"1","ts":"2017-06-27 22:45:12"}],"accountTypes":[{"id":"1","type":"Transfer","description":"","createdBy":"1","ts":"2017-06-28 14:31:12","active":"1"},{"id":"2","type":"Suspense","description":"","createdBy":"1","ts":"2017-06-28 14:31:12","active":"1"},{"id":"4","type":"Super","description":"","createdBy":"1","ts":"2017-06-28 14:31:12","active":"1"}],"userTypes":[{"id":"1","name":"E-Value Admin","level":"1","ts":"2017-06-27 22:45:12","active":"1"},{"id":"2","name":"Super User","level":"2","ts":"2017-06-27 22:45:12","active":"1"},{"id":"3","name":"Agent","level":"3","ts":"2017-06-27 22:45:12","active":"1"},{"id":"4","name":"System Admin","level":"4","ts":"2017-06-27 22:45:12","active":"1"},{"id":"5","name":"superAgent","level":"3","ts":"2017-06-27 22:45:12","active":"1"}]},"success":1}
2017-07-31 19:21:23 ---- New Request ----
2017-07-31 19:21:23 Controller : Transfers
2017-07-31 19:21:23 Method : getallaccountbalancesAction
2017-07-31 19:21:23 Controller File : controllers/Transfers.class.php, Exists
2017-07-31 19:21:23 Class constructed
2017-07-31 19:21:23 Class constructed
2017-07-31 19:21:23 UserID : 5
SessionId : AkjEl2mQ2ff3mYds70qVEh1wGCOWmrsn
Branch ID : 11
2017-07-31 19:21:23 SELECT SQL : SELECT sessionId FROM users WHERE  id = '5'  
2017-07-31 19:21:23 SELECT SQL : SELECT name,id FROM accounts WHERE  active = '1' AND branchId = '11'  
2017-07-31 19:21:23 SELECT SQL : SELECT name FROM branches WHERE  id = '11'  
2017-07-31 19:21:23 Response : {"success":1,"data":[{"name":"CHINA-RMB Account","id":"27","balance":0},{"name":"CHINA-USD Account","id":"28","balance":0}],"branchName":"CHINA"}
2017-07-31 19:21:34 ---- New Request ----
2017-07-31 19:21:34 Controller : Transfers
2017-07-31 19:21:34 Method : getbalancesAction
2017-07-31 19:21:34 Controller File : controllers/Transfers.class.php, Exists
2017-07-31 19:21:34 Class constructed
2017-07-31 19:21:34 Class constructed
2017-07-31 19:21:34 UserID : 5
SessionId : AkjEl2mQ2ff3mYds70qVEh1wGCOWmrsn
Branch ID : 
Date : 
2017-07-31 19:21:34 SELECT SQL : SELECT sessionId,branchId,userTypeId FROM users WHERE  id = '5'  
2017-07-31 19:21:34 SELECT SQL : SELECT closingBalance,openingBalance,accountId,branchId,date FROM balances WHERE  date = '2017-07-31' AND branchId = '11'  
2017-07-31 19:21:34 Response : {"success":1,"data":[]}
2017-07-31 19:21:40 ---- New Request ----
2017-07-31 19:21:40 Controller : Transfers
2017-07-31 19:21:40 Method : getbalancesAction
2017-07-31 19:21:40 Controller File : controllers/Transfers.class.php, Exists
2017-07-31 19:21:40 Class constructed
2017-07-31 19:21:40 Class constructed
2017-07-31 19:21:40 UserID : 5
SessionId : AkjEl2mQ2ff3mYds70qVEh1wGCOWmrsn
Branch ID : 
Date : 
2017-07-31 19:21:40 SELECT SQL : SELECT sessionId,branchId,userTypeId FROM users WHERE  id = '5'  
2017-07-31 19:21:40 SELECT SQL : SELECT closingBalance,openingBalance,accountId,branchId,date FROM balances WHERE  date = '2017-07-31' AND branchId = '11'  
2017-07-31 19:21:40 Response : {"success":1,"data":[]}
2017-07-31 19:21:45 ---- New Request ----
2017-07-31 19:21:45 Controller : Transfers
2017-07-31 19:21:45 Method : getbalancesAction
2017-07-31 19:21:45 Controller File : controllers/Transfers.class.php, Exists
2017-07-31 19:21:45 Class constructed
2017-07-31 19:21:45 Class constructed
2017-07-31 19:21:45 UserID : 5
SessionId : AkjEl2mQ2ff3mYds70qVEh1wGCOWmrsn
Branch ID : 
Date : 
2017-07-31 19:21:45 SELECT SQL : SELECT sessionId,branchId,userTypeId FROM users WHERE  id = '5'  
2017-07-31 19:21:45 SELECT SQL : SELECT closingBalance,openingBalance,accountId,branchId,date FROM balances WHERE  date = '2017-07-31' AND branchId = '11'  
2017-07-31 19:21:45 Response : {"success":1,"data":[]}
2017-07-31 19:21:49 ---- New Request ----
2017-07-31 19:21:49 Controller : Transfers
2017-07-31 19:21:49 Method : getbalancesAction
2017-07-31 19:21:49 Controller File : controllers/Transfers.class.php, Exists
2017-07-31 19:21:49 Class constructed
2017-07-31 19:21:49 Class constructed
2017-07-31 19:21:49 UserID : 5
SessionId : AkjEl2mQ2ff3mYds70qVEh1wGCOWmrsn
Branch ID : 
Date : 
2017-07-31 19:21:49 SELECT SQL : SELECT sessionId,branchId,userTypeId FROM users WHERE  id = '5'  
2017-07-31 19:21:49 SELECT SQL : SELECT closingBalance,openingBalance,accountId,branchId,date FROM balances WHERE  date = '2017-07-31' AND branchId = '11'  
2017-07-31 19:21:49 Response : {"success":1,"data":[]}
2017-07-31 19:21:50 ---- New Request ----
2017-07-31 19:21:50 Controller : Transfers
2017-07-31 19:21:50 Method : getbalancesAction
2017-07-31 19:21:50 Controller File : controllers/Transfers.class.php, Exists
2017-07-31 19:21:50 Class constructed
2017-07-31 19:21:50 Class constructed
2017-07-31 19:21:50 UserID : 5
SessionId : AkjEl2mQ2ff3mYds70qVEh1wGCOWmrsn
Branch ID : 
Date : 
2017-07-31 19:21:50 SELECT SQL : SELECT sessionId,branchId,userTypeId FROM users WHERE  id = '5'  
2017-07-31 19:21:50 SELECT SQL : SELECT closingBalance,openingBalance,accountId,branchId,date FROM balances WHERE  date = '2017-07-31' AND branchId = '11'  
2017-07-31 19:21:50 Response : {"success":1,"data":[]}
2017-07-31 19:21:53 ---- New Request ----
2017-07-31 19:21:53 Controller : Transfers
2017-07-31 19:21:53 Method : getbalancesAction
2017-07-31 19:21:53 Controller File : controllers/Transfers.class.php, Exists
2017-07-31 19:21:53 Class constructed
2017-07-31 19:21:53 Class constructed
2017-07-31 19:21:53 UserID : 5
SessionId : AkjEl2mQ2ff3mYds70qVEh1wGCOWmrsn
Branch ID : 
Date : 
2017-07-31 19:21:53 SELECT SQL : SELECT sessionId,branchId,userTypeId FROM users WHERE  id = '5'  
2017-07-31 19:21:53 SELECT SQL : SELECT closingBalance,openingBalance,accountId,branchId,date FROM balances WHERE  date = '2017-07-31' AND branchId = '11'  
2017-07-31 19:21:53 Response : {"success":1,"data":[]}
