2017-08-03 14:10:51 ---- New Request ----
2017-08-03 14:10:51 Controller : Users
2017-08-03 14:10:51 Method : formsdetailsAction
2017-08-03 14:10:51 Controller File : controllers/Users.class.php, Exists
2017-08-03 14:10:51 Class constructed
2017-08-03 14:10:51 Details Params :
SessionID :hxM1lP1Vd3HEvf3x2QoqRy2njxote3kF
User ID : 7
2017-08-03 14:10:51 SELECT SQL : SELECT * FROM branches WHERE  active = '1'  
2017-08-03 14:10:51 SELECT SQL : SELECT * FROM countries WHERE  active = '1'  
2017-08-03 14:10:51 SELECT SQL : SELECT * FROM identification WHERE  active = '1'  
2017-08-03 14:10:51 SELECT SQL : SELECT * FROM users WHERE  active = '1'  
2017-08-03 14:10:51 SELECT SQL : SELECT id,name,branchId,currency_id FROM accounts WHERE  active = '1' AND type_id = '1'  
2017-08-03 14:10:51 Balance Update Params :
Branch Id : 5
Account ID : 16
Amount : 0
2017-08-03 14:10:51 SELECT SQL : SELECT * FROM balances WHERE  branchId = '5' AND accountId = '16'  
2017-08-03 14:10:51 SELECT SQL : SELECT * FROM balances WHERE  branchId = '5' AND accountId = '16' AND date = '2017-08-03'  
2017-08-03 14:10:51 UPDATE SQL : UPDATE balances SET closingBalance = '175739' WHERE  branchId = '5' AND accountId = '16' AND date = '2017-08-03' 
2017-08-03 14:10:51 Balance Update Status 2:1
 2017-08-03 14:10:51 Balance Update Params :
Branch Id : 6
Account ID : 20
Amount : 0
2017-08-03 14:10:51 SELECT SQL : SELECT * FROM balances WHERE  branchId = '6' AND accountId = '20'  
2017-08-03 14:10:51 Balance Update Params :
Branch Id : 6
Account ID : 21
Amount : 0
2017-08-03 14:10:51 SELECT SQL : SELECT * FROM balances WHERE  branchId = '6' AND accountId = '21'  
2017-08-03 14:10:51 SELECT SQL : SELECT * FROM balances WHERE  branchId = '6' AND accountId = '21' AND date = '2017-08-03'  
2017-08-03 14:10:51 UPDATE SQL : UPDATE balances SET closingBalance = '1882409' WHERE  branchId = '6' AND accountId = '21' AND date = '2017-08-03' 
2017-08-03 14:10:51 Balance Update Status 2:1
 2017-08-03 14:10:51 Balance Update Params :
Branch Id : 6
Account ID : 22
Amount : 0
2017-08-03 14:10:51 SELECT SQL : SELECT * FROM balances WHERE  branchId = '6' AND accountId = '22'  
2017-08-03 14:10:51 Balance Update Params :
Branch Id : 6
Account ID : 23
Amount : 0
2017-08-03 14:10:51 SELECT SQL : SELECT * FROM balances WHERE  branchId = '6' AND accountId = '23'  
2017-08-03 14:10:51 SELECT SQL : SELECT * FROM balances WHERE  branchId = '6' AND accountId = '23' AND date = '2017-08-03'  
2017-08-03 14:10:51 UPDATE SQL : UPDATE balances SET closingBalance = '95200018' WHERE  branchId = '6' AND accountId = '23' AND date = '2017-08-03' 
2017-08-03 14:10:51 Balance Update Status 2:1
 2017-08-03 14:10:51 Balance Update Params :
Branch Id : 6
Account ID : 24
Amount : 0
2017-08-03 14:10:51 SELECT SQL : SELECT * FROM balances WHERE  branchId = '6' AND accountId = '24'  
2017-08-03 14:10:51 Balance Update Params :
Branch Id : 11
Account ID : 27
Amount : 0
2017-08-03 14:10:51 SELECT SQL : SELECT * FROM balances WHERE  branchId = '11' AND accountId = '27'  
2017-08-03 14:10:51 Balance Update Params :
Branch Id : 11
Account ID : 28
Amount : 0
2017-08-03 14:10:51 SELECT SQL : SELECT * FROM balances WHERE  branchId = '11' AND accountId = '28'  
2017-08-03 14:10:51 Balance Update Params :
Branch Id : 12
Account ID : 33
Amount : 0
2017-08-03 14:10:51 SELECT SQL : SELECT * FROM balances WHERE  branchId = '12' AND accountId = '33'  
2017-08-03 14:10:51 SELECT SQL : SELECT * FROM balances WHERE  branchId = '12' AND accountId = '33' AND date = '2017-08-03'  
2017-08-03 14:10:51 UPDATE SQL : UPDATE balances SET closingBalance = '25154' WHERE  branchId = '12' AND accountId = '33' AND date = '2017-08-03' 
2017-08-03 14:10:51 Balance Update Status 2:1
 2017-08-03 14:10:51 Balance Update Params :
Branch Id : 12
Account ID : 36
Amount : 0
2017-08-03 14:10:51 SELECT SQL : SELECT * FROM balances WHERE  branchId = '12' AND accountId = '36'  
2017-08-03 14:10:51 SELECT SQL : SELECT * FROM balances WHERE  branchId = '12' AND accountId = '36' AND date = '2017-08-03'  
2017-08-03 14:10:51 UPDATE SQL : UPDATE balances SET closingBalance = '7637' WHERE  branchId = '12' AND accountId = '36' AND date = '2017-08-03' 
2017-08-03 14:10:51 Balance Update Status 2:1
 2017-08-03 14:10:51 Balance Update Params :
Branch Id : 7
Account ID : 37
Amount : 0
2017-08-03 14:10:51 SELECT SQL : SELECT * FROM balances WHERE  branchId = '7' AND accountId = '37'  
2017-08-03 14:10:51 SELECT SQL : SELECT * FROM balances WHERE  branchId = '7' AND accountId = '37' AND date = '2017-08-03'  
2017-08-03 14:10:51 UPDATE SQL : UPDATE balances SET closingBalance = '96158' WHERE  branchId = '7' AND accountId = '37' AND date = '2017-08-03' 
2017-08-03 14:10:51 Balance Update Status 2:1
 2017-08-03 14:10:51 Balance Update Params :
Branch Id : 13
Account ID : 38
Amount : 0
2017-08-03 14:10:51 SELECT SQL : SELECT * FROM balances WHERE  branchId = '13' AND accountId = '38'  
2017-08-03 14:10:51 Balance Update Params :
Branch Id : 13
Account ID : 39
Amount : 0
2017-08-03 14:10:51 SELECT SQL : SELECT * FROM balances WHERE  branchId = '13' AND accountId = '39'  
2017-08-03 14:10:51 SELECT SQL : SELECT * FROM balances WHERE  branchId = '13' AND accountId = '39' AND date = '2017-08-03'  
2017-08-03 14:10:51 UPDATE SQL : UPDATE balances SET closingBalance = '-6840000000' WHERE  branchId = '13' AND accountId = '39' AND date = '2017-08-03' 
2017-08-03 14:10:51 Balance Update Status 2:1
 2017-08-03 14:10:51 SELECT SQL : SELECT * FROM currencies WHERE  active = '1'  
2017-08-03 14:10:51 SELECT SQL : SELECT * FROM accounts WHERE  active = '1' AND type_id = '4'  
2017-08-03 14:10:51 SELECT SQL : SELECT * FROM account_types WHERE  active = '1'  
2017-08-03 14:10:51 SELECT SQL : SELECT * FROM user_types WHERE  active = '1'  
2017-08-03 14:10:51 Response : {"data":{"branches":[{"id":"5","name":"KINSHASHA","countryId":"4","location":"Patrice Avenue","supervisorId":"3","createdBy":"4","ts":"2017-06-30 00:06:55","active":"1"},{"id":"6","name":"OASIS MALL","countryId":"1","location":"Yusufu Lule Rd","supervisorId":"3","createdBy":"2","ts":"2017-06-30 00:12:08","active":"1"},{"id":"7","name":"GOMA","countryId":"4","location":"Goma","supervisorId":"3","createdBy":"1","ts":"2017-07-05 00:00:00","active":"1"},{"id":"9","name":"MOMBASA","countryId":"2","location":"Mombasa","supervisorId":"3","createdBy":"1","ts":"2017-07-05 00:00:00","active":"1"},{"id":"10","name":"DUBAI","countryId":"6","location":"Dubai","supervisorId":"3","createdBy":"1","ts":"2017-07-05 00:00:00","active":"1"},{"id":"11","name":"CHINA","countryId":"5","location":"China","supervisorId":"3","createdBy":"3","ts":"2017-07-05 13:23:17","active":"1"},{"id":"12","name":"NAIROBI","countryId":"2","location":"Nairobi","supervisorId":"3","createdBy":"3","ts":"2017-07-06 14:12:35","active":"1"},{"id":"13","name":"KAMPALA ROAD","countryId":"1","location":"kampala road","supervisorId":"3","createdBy":"3","ts":"2017-07-06 14:12:35","active":"1"}],"countries":[{"id":"1","name":"UGANDA","createdBy":"1","ts":"2017-06-25 23:13:31","active":"1"},{"id":"2","name":"KENYA","createdBy":"1","ts":"2017-06-26 09:02:45","active":"1"},{"id":"3","name":"TZ","createdBy":"1","ts":"2017-06-28 11:11:53","active":"1"},{"id":"4","name":"CONGO","createdBy":"1","ts":"2017-06-28 11:26:11","active":"1"},{"id":"5","name":"CHINA","createdBy":"1","ts":"2017-06-28 11:30:01","active":"1"},{"id":"6","name":"UAE","createdBy":"1","ts":"2017-07-05 00:00:00","active":"1"}],"ids":[[{"id":"1","name":"Passport","createdBy":"1","ts":"2017-06-28 14:00:01","active":"1"},{"id":"2","name":"National ID","createdBy":"1","ts":"2017-06-28 14:00:01","active":"1"},{"id":"3","name":"STUDENTS ID","createdBy":"1","ts":"2017-06-28 16:21:46","active":"1"}]],"users":[{"id":"1","firstName":"You","surname":"Jinshu","email":"hudsonbogere@swipeit.co.ug","phone":"256783131266","userName":"you","branchId":"0","userTypeId":"1","password":"$2y$10$pPGbhJ1RXx\/ug.ED3LnsQuKHJTqwYsa\/iF0OqGOgsjflkHKIDTLVq","sessionId":"","ipAddress":"41.75.173.102","createdBy":null,"ts":"2017-06-23 15:08:12","active":"1"},{"id":"2","firstName":"Nansubuga","surname":"Dorothy","email":"henry@gmail.com","phone":"256752284441","userName":"dorah","branchId":"12","userTypeId":"3","password":"$2y$10$F9t92sYKf2rDJ.JzCmrrT.Jt1Ix37Fuo.uZKpXPn69dgDUTZ8xLXi","sessionId":"","ipAddress":"105.231.196.253","createdBy":"1","ts":"2017-06-26 19:11:07","active":"1"},{"id":"3","firstName":"Lydia","surname":"Amoi","email":"islam@gmail.com","phone":"256777608310","userName":"lydia","branchId":"6","userTypeId":"2","password":"$2y$10$m72Zz8Z.h4\/Zp6TFDhmbXeQ79kZ7JJ2U0yLUanc0dDVxbc.5UPkRG","sessionId":"","ipAddress":"::1","createdBy":"1","ts":"2017-06-26 19:41:01","active":"1"},{"id":"4","firstName":"Nabukera","surname":"Maria","email":"banerd@tfb.com","phone":"256774457813","userName":"maria","branchId":"5","userTypeId":"5","password":"$2y$10$wTpUE\/WJFMfQaBglrQocTO9ndV6dbxL2vzFDEJZ1hpVVp4binpXGO","sessionId":"","ipAddress":"::1","createdBy":"1","ts":"2017-06-26 23:04:07","active":"1"},{"id":"5","firstName":"Henry","surname":"Bbosa","email":null,"phone":null,"userName":"Henry","branchId":"11","userTypeId":"3","password":"$2y$10$m72Zz8Z.h4\/Zp6TFDhmbXeQ79kZ7JJ2U0yLUanc0dDVxbc.5UPkRG","sessionId":"","ipAddress":"41.210.154.223","createdBy":"1","ts":"2017-07-05 00:00:00","active":"1"},{"id":"6","firstName":"Edwin","surname":"Kakeeto","email":"edwin@edwin.com","phone":"0777777557","userName":"edwin","branchId":"7","userTypeId":"3","password":"$2y$10$wTpUE\/WJFMfQaBglrQocTO9ndV6dbxL2vzFDEJZ1hpVVp4binpXGO","sessionId":"KRX8Yh2iqId0EWTdOh43HSfBIE4fr5lp","ipAddress":"41.243.17.77","createdBy":"3","ts":"2017-07-10 07:37:50","active":"1"},{"id":"7","firstName":"Trish","surname":"Baby","email":"patricia@gmail.com","phone":"0777777557","userName":"trish","branchId":"13","userTypeId":"3","password":"$2y$10$m72Zz8Z.h4\/Zp6TFDhmbXeQ79kZ7JJ2U0yLUanc0dDVxbc.5UPkRG","sessionId":"hxM1lP1Vd3HEvf3x2QoqRy2njxote3kF","ipAddress":"::1","createdBy":null,"ts":null,"active":"1"},{"id":"8","firstName":"cedric","surname":"cedric","email":"cedric@gmail.com","phone":"+256754813912","userName":"cedric","branchId":"7","userTypeId":"3","password":"$2y$10$m72Zz8Z.h4\/Zp6TFDhmbXeQ79kZ7JJ2U0yLUanc0dDVxbc.5UPkRG","sessionId":"","ipAddress":"160.242.141.153","createdBy":null,"ts":null,"active":"1"},{"id":"9","firstName":"Bravia","surname":"Muzira","email":"muzira@gmail.com","phone":"+256771889211","userName":"Braviah","branchId":"6","userTypeId":"3","password":"$2y$10$m72Zz8Z.h4\/Zp6TFDhmbXeQ79kZ7JJ2U0yLUanc0dDVxbc.5UPkRG","sessionId":"CNHdx868gWwwaWl34QWYmNGxDsy1g0Dy","ipAddress":"41.210.154.223","createdBy":null,"ts":null,"active":"1"}],"accounts":[{"id":"16","name":"KINSHASHA-USD Account","branchId":"5","currency_id":"2"},{"id":"20","name":"OASIS MALL-RMB Account","branchId":"6","currency_id":"1"},{"id":"21","name":"OASIS MALL-USD Account","branchId":"6","currency_id":"2"},{"id":"22","name":"OASIS MALL-DIRHAM Account","branchId":"6","currency_id":"3"},{"id":"23","name":"OASIS MALL-UGX Account","branchId":"6","currency_id":"4"},{"id":"24","name":"OASIS MALL-KSH Account","branchId":"6","currency_id":"5"},{"id":"27","name":"CHINA-RMB Account","branchId":"11","currency_id":"1"},{"id":"28","name":"CHINA-USD Account","branchId":"11","currency_id":"2"},{"id":"33","name":"NAIROBI-USD Account","branchId":"12","currency_id":"2"},{"id":"36","name":"NAIROBI-KSH Account","branchId":"12","currency_id":"5"},{"id":"37","name":"GOMA-USD ACCOUNT","branchId":"7","currency_id":"2"},{"id":"38","name":"KAMPALA ROAD -USD ACCOUNT","branchId":"13","currency_id":"2"},{"id":"39","name":"KAMPALA ROAD- UGX ACCOUNT ","branchId":"13","currency_id":"4"}],"currencies":[{"id":"1","name":"RMB","symbol":"\u00a5","createdBy":"1","ts":"2017-06-27 22:45:12","active":"1"},{"id":"2","name":"USD","symbol":"$","createdBy":"1","ts":"2017-06-27 22:45:12","active":"1"},{"id":"3","name":"DIRHAM","symbol":"","createdBy":"1","ts":"2017-06-28 11:40:09","active":"1"},{"id":"4","name":"UGX","symbol":"\/=","createdBy":"1","ts":"2017-06-28 11:46:50","active":"1"},{"id":"5","name":"KSH","symbol":"","createdBy":"1","ts":"2017-06-28 11:46:50","active":"1"}],"superaccount":[{"id":"1","name":"RMB Account","branchId":"0","type_id":"4","currency_id":"1","balance":"0","createdBy":"1","active":"1","ts":"2017-06-27 22:45:12"}],"accountTypes":[{"id":"1","type":"Transfer","description":"","createdBy":"1","ts":"2017-06-28 14:31:12","active":"1"},{"id":"2","type":"Suspense","description":"","createdBy":"1","ts":"2017-06-28 14:31:12","active":"1"},{"id":"4","type":"Super","description":"","createdBy":"1","ts":"2017-06-28 14:31:12","active":"1"}],"userTypes":[{"id":"1","name":"E-Value Admin","level":"1","ts":"2017-06-27 22:45:12","active":"1"},{"id":"2","name":"Super User","level":"2","ts":"2017-06-27 22:45:12","active":"1"},{"id":"3","name":"Agent","level":"3","ts":"2017-06-27 22:45:12","active":"1"},{"id":"4","name":"System Admin","level":"4","ts":"2017-06-27 22:45:12","active":"1"},{"id":"5","name":"superAgent","level":"3","ts":"2017-06-27 22:45:12","active":"1"}]},"success":1}
2017-08-03 14:11:30 ---- New Request ----
2017-08-03 14:11:30 Controller : Transfers
2017-08-03 14:11:30 Method : transfercashoutAction
2017-08-03 14:11:30 Controller File : controllers/Transfers.class.php, Exists
2017-08-03 14:11:30 Class constructed
2017-08-03 14:11:30 Class constructed
2017-08-03 14:11:30 Passcode : ******
Transaction Ref : 00600313
UserID : 7
Session ID : hxM1lP1Vd3HEvf3x2QoqRy2njxote3kF
2017-08-03 14:11:30 SELECT SQL : SELECT sessionId FROM users WHERE  id = '7'  
2017-08-03 14:11:30 SELECT SQL : SELECT * FROM transfers WHERE  transferRef = '00600313'  
2017-08-03 14:11:30 SELECT SQL : SELECT name FROM countries WHERE  id = '0'  
2017-08-03 14:11:30 SELECT SQL : SELECT name FROM branches WHERE  id = '6'  
2017-08-03 14:11:30 SELECT SQL : SELECT name FROM currencies WHERE  id = '4'  
2017-08-03 14:11:30 Response : {"success":1,"data":{"id":"13","fromBranch":"6","toBranch":"0","amount":"70000","amountAfterExchange":"70000","from_currency":"4","currency":"4","charge":"500","charge_currency_id":"0","transferRef":"00600313","passcode":"$2y$10$y5pSEzg8jiJfsFCDv2tu6u8nQnEKnGbk48vc8wKJdai03GpmzbX2W","userIdSource":"3","userIdDestination":null,"ts":"2017-08-03 08:13:00","withdrawTs":null,"status":"Pending","senderFname":"","senderSurname":"yU Jing Shu","senderPhone":"0776000064","senderIdType":"0","senderId":"0","senderEmail":"","receiverFname":"","receiverSurname":"zhou","receiverPhone":"07787887","receiverIdType":null,"receiverId":null,"receiverEmail":"","receiverAccountNumber":null,"destinationCountryId":"0","sourceIpAddress":"::1","destinationIpAddress":null,"active":"1","fromBranchName":"OASIS MALL","fromCountry":null,"currencyName":"UGX"}}
2017-08-03 14:11:43 ---- New Request ----
2017-08-03 14:11:43 Controller : Transfers
2017-08-03 14:11:43 Method : completetransfercashoutAction
2017-08-03 14:11:43 Controller File : controllers/Transfers.class.php, Exists
2017-08-03 14:11:43 Class constructed
2017-08-03 14:11:43 Class constructed
2017-08-03 14:11:43 Password : ******
Transaction Ref : 00600313
UserID : 7
Session ID : hxM1lP1Vd3HEvf3x2QoqRy2njxote3kF
ID Number : 
ID Type : 
Charge : 
Charge Currency : 
2017-08-03 14:11:43 SELECT SQL : SELECT * FROM users WHERE  id = '7'  
2017-08-03 14:11:43 SELECT SQL : SELECT * FROM transfers WHERE  transferRef = '00600313' AND status = 'Pending'  
2017-08-03 14:11:43 SELECT SQL : SELECT id,destinationIpAddress FROM transfers WHERE  transferRef = '00600313'  
2017-08-03 14:11:43 INSERT SQL : INSERT INTO audit_trails  (ts,userId,tableName,recordId,field,oldValue,newValue)  VALUES(NOW(),'7','transfers','13','destinationIpAddress','','::1')
2017-08-03 14:11:43 audit_trails Insert ID : 31
2017-08-03 14:11:43 SELECT SQL : SELECT id,receiverIdType FROM transfers WHERE  transferRef = '00600313'  
2017-08-03 14:11:43 INSERT SQL : INSERT INTO audit_trails  (ts,userId,tableName,recordId,field,oldValue,newValue)  VALUES(NOW(),'7','transfers','13','receiverIdType','','0')
2017-08-03 14:11:43 audit_trails Insert ID : 32
2017-08-03 14:11:43 SELECT SQL : SELECT id,receiverId FROM transfers WHERE  transferRef = '00600313'  
2017-08-03 14:11:43 INSERT SQL : INSERT INTO audit_trails  (ts,userId,tableName,recordId,field,oldValue,newValue)  VALUES(NOW(),'7','transfers','13','receiverId','','')
2017-08-03 14:11:43 audit_trails Insert ID : 33
2017-08-03 14:11:43 SELECT SQL : SELECT id,toBranch FROM transfers WHERE  transferRef = '00600313'  
2017-08-03 14:11:43 INSERT SQL : INSERT INTO audit_trails  (ts,userId,tableName,recordId,field,oldValue,newValue)  VALUES(NOW(),'7','transfers','13','toBranch','0','13')
2017-08-03 14:11:43 audit_trails Insert ID : 34
2017-08-03 14:11:43 SELECT SQL : SELECT id,Status FROM transfers WHERE  transferRef = '00600313'  
2017-08-03 14:11:43 INSERT SQL : INSERT INTO audit_trails  (ts,userId,tableName,recordId,field,oldValue,newValue)  VALUES(NOW(),'7','transfers','13','Status','Pending','Success')
2017-08-03 14:11:43 audit_trails Insert ID : 35
2017-08-03 14:11:43 SELECT SQL : SELECT id,userIdDestination FROM transfers WHERE  transferRef = '00600313'  
2017-08-03 14:11:43 INSERT SQL : INSERT INTO audit_trails  (ts,userId,tableName,recordId,field,oldValue,newValue)  VALUES(NOW(),'7','transfers','13','userIdDestination','','7')
2017-08-03 14:11:43 audit_trails Insert ID : 36
2017-08-03 14:11:43 SELECT SQL : SELECT id,withdrawTs FROM transfers WHERE  transferRef = '00600313'  
2017-08-03 14:11:43 INSERT SQL : INSERT INTO audit_trails  (ts,userId,tableName,recordId,field,oldValue,newValue)  VALUES(NOW(),'7','transfers','13','withdrawTs','','2017-08-03 14:08:43')
2017-08-03 14:11:43 audit_trails Insert ID : 37
2017-08-03 14:11:43 UPDATE SQL : UPDATE transfers SET destinationIpAddress = '::1',receiverIdType = '0',receiverId = '',toBranch = '13',Status = 'Success',userIdDestination = '7',withdrawTs = '2017-08-03 14:08:43' WHERE  transferRef = '00600313' 
2017-08-03 14:11:43 SELECT SQL : SELECT * FROM settings WHERE  name = 'SuspenseAccount'  
2017-08-03 14:11:43 SELECT SQL : SELECT * FROM account_transfers WHERE  transferRef = '00600313'  
2017-08-03 14:11:44 SELECT SQL : SELECT id FROM accounts WHERE  branchId = '13' AND currency_id = '4'  
2017-08-03 14:11:44 Transfer Amount : 1.9444444444444444
2017-08-03 14:11:44 INSERT SQL : INSERT INTO account_transfers  (ts,type,amount,amountB4Xchange,amountAfterXchange,exchangeRate,charge,chargeCurrency,fromId,toId,userId,createdBy,transferRef,active)  VALUES(NOW(),'transfer','70000','70000','1.9444444444444444','36000','500','0','39','25','7','7','00600313','1')
2017-08-03 14:11:44 Balance Update Params :
Branch Id : 0
Account ID : 25
Amount : 70000
2017-08-03 14:11:44 SELECT SQL : SELECT * FROM balances WHERE  branchId = '0' AND accountId = '25'  
2017-08-03 14:11:44 SELECT SQL : SELECT * FROM balances WHERE  branchId = '0' AND accountId = '25' AND date = '2017-08-03'  
2017-08-03 14:11:44 UPDATE SQL : UPDATE balances SET closingBalance = '11246218' WHERE  branchId = '0' AND accountId = '25' AND date = '2017-08-03' 
2017-08-03 14:11:44 Balance Update Status 2:1
 2017-08-03 14:11:44 Balance Update Params :
Branch Id : 13
Account ID : 39
Amount : -1.9444444444444
2017-08-03 14:11:44 SELECT SQL : SELECT * FROM balances WHERE  branchId = '13' AND accountId = '39'  
2017-08-03 14:11:44 SELECT SQL : SELECT * FROM balances WHERE  branchId = '13' AND accountId = '39' AND date = '2017-08-03'  
2017-08-03 14:11:44 UPDATE SQL : UPDATE balances SET closingBalance = '-6840000001.9444' WHERE  branchId = '13' AND accountId = '39' AND date = '2017-08-03' 
2017-08-03 14:11:44 Balance Update Status 2:1
 2017-08-03 14:11:44 SELECT SQL : SELECT * FROM transfers WHERE  transferRef = '00600313' AND status = 'Success'  
2017-08-03 14:11:44 INSERT SQL : INSERT INTO branch_transaction  (ts,branch_id,transaction_type_id,amount,currency_id,sender_name,receiver_name)  VALUES(NOW(),'6','2','70000','4','yU Jing Shu','zhou')
2017-08-03 14:11:44 Transaction Insertion:
Object is : 42017-08-03 14:11:44 Response : {"success":1,"data":"Transfer cashed out successfully"}
2017-08-03 14:41:58 ---- New Request ----
2017-08-03 14:41:58 Controller : Users
2017-08-03 14:41:58 Method : loginAction
2017-08-03 14:41:58 Controller File : controllers/Users.class.php, Exists
2017-08-03 14:41:58 Class constructed
2017-08-03 14:41:58 Login Params ;Username :maria
Password : ******
2017-08-03 14:41:58 SELECT SQL : SELECT id,firstName,surname,userName,userTypeId,sessionId,password,active,branchId FROM users WHERE  userName = 'maria'  
2017-08-03 14:41:58 Response : {"success":0,"errormsg":"Login Failed. Wrong Password."}
2017-08-03 14:42:07 ---- New Request ----
2017-08-03 14:42:07 Controller : Users
2017-08-03 14:42:07 Method : loginAction
2017-08-03 14:42:07 Controller File : controllers/Users.class.php, Exists
2017-08-03 14:42:07 Class constructed
2017-08-03 14:42:07 Login Params ;Username :maria
Password : ******
2017-08-03 14:42:07 SELECT SQL : SELECT id,firstName,surname,userName,userTypeId,sessionId,password,active,branchId FROM users WHERE  userName = 'maria'  
2017-08-03 14:42:08 SELECT SQL : SELECT name FROM branches WHERE  id = '5'  
2017-08-03 14:42:08 UPDATE SQL : UPDATE users SET sessionId = '15ZgvAjqBXTJ5I0k1ReNpjd7Wj0PFnFz',ipAddress = '::1' WHERE  id = '4' 
2017-08-03 14:42:08 Response : {"success":1,"data":{"id":"4","firstName":"Nabukera","surname":"Maria","userName":"maria","userTypeId":"5","sessionId":"15ZgvAjqBXTJ5I0k1ReNpjd7Wj0PFnFz","branchId":"5","branchName":"KINSHASHA"}}
2017-08-03 14:42:09 ---- New Request ----
2017-08-03 14:42:09 Controller : Users
2017-08-03 14:42:09 Method : formsdetailsAction
2017-08-03 14:42:09 Controller File : controllers/Users.class.php, Exists
2017-08-03 14:42:09 Class constructed
2017-08-03 14:42:09 Details Params :
SessionID :15ZgvAjqBXTJ5I0k1ReNpjd7Wj0PFnFz
User ID : 4
2017-08-03 14:42:09 SELECT SQL : SELECT * FROM branches WHERE  active = '1'  
2017-08-03 14:42:09 SELECT SQL : SELECT * FROM countries WHERE  active = '1'  
2017-08-03 14:42:09 SELECT SQL : SELECT * FROM identification WHERE  active = '1'  
2017-08-03 14:42:09 SELECT SQL : SELECT * FROM users WHERE  active = '1'  
2017-08-03 14:42:09 SELECT SQL : SELECT id,name,branchId,currency_id FROM accounts WHERE  active = '1' AND type_id = '1'  
2017-08-03 14:42:09 Balance Update Params :
Branch Id : 5
Account ID : 16
Amount : 0
2017-08-03 14:42:09 SELECT SQL : SELECT * FROM balances WHERE  branchId = '5' AND accountId = '16'  
2017-08-03 14:42:09 SELECT SQL : SELECT * FROM balances WHERE  branchId = '5' AND accountId = '16' AND date = '2017-08-03'  
2017-08-03 14:42:09 UPDATE SQL : UPDATE balances SET closingBalance = '175739' WHERE  branchId = '5' AND accountId = '16' AND date = '2017-08-03' 
2017-08-03 14:42:09 Balance Update Status 2:1
 2017-08-03 14:42:09 Balance Update Params :
Branch Id : 6
Account ID : 20
Amount : 0
2017-08-03 14:42:09 SELECT SQL : SELECT * FROM balances WHERE  branchId = '6' AND accountId = '20'  
2017-08-03 14:42:09 Balance Update Params :
Branch Id : 6
Account ID : 21
Amount : 0
2017-08-03 14:42:09 SELECT SQL : SELECT * FROM balances WHERE  branchId = '6' AND accountId = '21'  
2017-08-03 14:42:09 SELECT SQL : SELECT * FROM balances WHERE  branchId = '6' AND accountId = '21' AND date = '2017-08-03'  
2017-08-03 14:42:09 UPDATE SQL : UPDATE balances SET closingBalance = '1882409' WHERE  branchId = '6' AND accountId = '21' AND date = '2017-08-03' 
2017-08-03 14:42:09 Balance Update Status 2:1
 2017-08-03 14:42:09 Balance Update Params :
Branch Id : 6
Account ID : 22
Amount : 0
2017-08-03 14:42:09 SELECT SQL : SELECT * FROM balances WHERE  branchId = '6' AND accountId = '22'  
2017-08-03 14:42:09 Balance Update Params :
Branch Id : 6
Account ID : 23
Amount : 0
2017-08-03 14:42:09 SELECT SQL : SELECT * FROM balances WHERE  branchId = '6' AND accountId = '23'  
2017-08-03 14:42:09 SELECT SQL : SELECT * FROM balances WHERE  branchId = '6' AND accountId = '23' AND date = '2017-08-03'  
2017-08-03 14:42:09 UPDATE SQL : UPDATE balances SET closingBalance = '95200018' WHERE  branchId = '6' AND accountId = '23' AND date = '2017-08-03' 
2017-08-03 14:42:09 Balance Update Status 2:1
 2017-08-03 14:42:09 Balance Update Params :
Branch Id : 6
Account ID : 24
Amount : 0
2017-08-03 14:42:09 SELECT SQL : SELECT * FROM balances WHERE  branchId = '6' AND accountId = '24'  
2017-08-03 14:42:09 Balance Update Params :
Branch Id : 11
Account ID : 27
Amount : 0
2017-08-03 14:42:09 SELECT SQL : SELECT * FROM balances WHERE  branchId = '11' AND accountId = '27'  
2017-08-03 14:42:09 Balance Update Params :
Branch Id : 11
Account ID : 28
Amount : 0
2017-08-03 14:42:09 SELECT SQL : SELECT * FROM balances WHERE  branchId = '11' AND accountId = '28'  
2017-08-03 14:42:09 Balance Update Params :
Branch Id : 12
Account ID : 33
Amount : 0
2017-08-03 14:42:09 SELECT SQL : SELECT * FROM balances WHERE  branchId = '12' AND accountId = '33'  
2017-08-03 14:42:09 SELECT SQL : SELECT * FROM balances WHERE  branchId = '12' AND accountId = '33' AND date = '2017-08-03'  
2017-08-03 14:42:09 UPDATE SQL : UPDATE balances SET closingBalance = '25154' WHERE  branchId = '12' AND accountId = '33' AND date = '2017-08-03' 
2017-08-03 14:42:09 Balance Update Status 2:1
 2017-08-03 14:42:09 Balance Update Params :
Branch Id : 12
Account ID : 36
Amount : 0
2017-08-03 14:42:09 SELECT SQL : SELECT * FROM balances WHERE  branchId = '12' AND accountId = '36'  
2017-08-03 14:42:09 SELECT SQL : SELECT * FROM balances WHERE  branchId = '12' AND accountId = '36' AND date = '2017-08-03'  
2017-08-03 14:42:09 UPDATE SQL : UPDATE balances SET closingBalance = '7637' WHERE  branchId = '12' AND accountId = '36' AND date = '2017-08-03' 
2017-08-03 14:42:09 Balance Update Status 2:1
 2017-08-03 14:42:09 Balance Update Params :
Branch Id : 7
Account ID : 37
Amount : 0
2017-08-03 14:42:09 SELECT SQL : SELECT * FROM balances WHERE  branchId = '7' AND accountId = '37'  
2017-08-03 14:42:09 SELECT SQL : SELECT * FROM balances WHERE  branchId = '7' AND accountId = '37' AND date = '2017-08-03'  
2017-08-03 14:42:09 UPDATE SQL : UPDATE balances SET closingBalance = '96158' WHERE  branchId = '7' AND accountId = '37' AND date = '2017-08-03' 
2017-08-03 14:42:09 Balance Update Status 2:1
 2017-08-03 14:42:09 Balance Update Params :
Branch Id : 13
Account ID : 38
Amount : 0
2017-08-03 14:42:09 SELECT SQL : SELECT * FROM balances WHERE  branchId = '13' AND accountId = '38'  
2017-08-03 14:42:09 Balance Update Params :
Branch Id : 13
Account ID : 39
Amount : 0
2017-08-03 14:42:09 SELECT SQL : SELECT * FROM balances WHERE  branchId = '13' AND accountId = '39'  
2017-08-03 14:42:09 SELECT SQL : SELECT * FROM balances WHERE  branchId = '13' AND accountId = '39' AND date = '2017-08-03'  
2017-08-03 14:42:09 UPDATE SQL : UPDATE balances SET closingBalance = '-6840000001.9444' WHERE  branchId = '13' AND accountId = '39' AND date = '2017-08-03' 
2017-08-03 14:42:09 Balance Update Status 2:1
 2017-08-03 14:42:09 SELECT SQL : SELECT * FROM currencies WHERE  active = '1'  
2017-08-03 14:42:09 SELECT SQL : SELECT * FROM accounts WHERE  active = '1' AND type_id = '4'  
2017-08-03 14:42:09 SELECT SQL : SELECT * FROM account_types WHERE  active = '1'  
2017-08-03 14:42:09 SELECT SQL : SELECT * FROM user_types WHERE  active = '1'  
2017-08-03 14:42:09 Response : {"data":{"branches":[{"id":"5","name":"KINSHASHA","countryId":"4","location":"Patrice Avenue","supervisorId":"3","createdBy":"4","ts":"2017-06-30 00:06:55","active":"1"},{"id":"6","name":"OASIS MALL","countryId":"1","location":"Yusufu Lule Rd","supervisorId":"3","createdBy":"2","ts":"2017-06-30 00:12:08","active":"1"},{"id":"7","name":"GOMA","countryId":"4","location":"Goma","supervisorId":"3","createdBy":"1","ts":"2017-07-05 00:00:00","active":"1"},{"id":"9","name":"MOMBASA","countryId":"2","location":"Mombasa","supervisorId":"3","createdBy":"1","ts":"2017-07-05 00:00:00","active":"1"},{"id":"10","name":"DUBAI","countryId":"6","location":"Dubai","supervisorId":"3","createdBy":"1","ts":"2017-07-05 00:00:00","active":"1"},{"id":"11","name":"CHINA","countryId":"5","location":"China","supervisorId":"3","createdBy":"3","ts":"2017-07-05 13:23:17","active":"1"},{"id":"12","name":"NAIROBI","countryId":"2","location":"Nairobi","supervisorId":"3","createdBy":"3","ts":"2017-07-06 14:12:35","active":"1"},{"id":"13","name":"KAMPALA ROAD","countryId":"1","location":"kampala road","supervisorId":"3","createdBy":"3","ts":"2017-07-06 14:12:35","active":"1"}],"countries":[{"id":"1","name":"UGANDA","createdBy":"1","ts":"2017-06-25 23:13:31","active":"1"},{"id":"2","name":"KENYA","createdBy":"1","ts":"2017-06-26 09:02:45","active":"1"},{"id":"3","name":"TZ","createdBy":"1","ts":"2017-06-28 11:11:53","active":"1"},{"id":"4","name":"CONGO","createdBy":"1","ts":"2017-06-28 11:26:11","active":"1"},{"id":"5","name":"CHINA","createdBy":"1","ts":"2017-06-28 11:30:01","active":"1"},{"id":"6","name":"UAE","createdBy":"1","ts":"2017-07-05 00:00:00","active":"1"}],"ids":[[{"id":"1","name":"Passport","createdBy":"1","ts":"2017-06-28 14:00:01","active":"1"},{"id":"2","name":"National ID","createdBy":"1","ts":"2017-06-28 14:00:01","active":"1"},{"id":"3","name":"STUDENTS ID","createdBy":"1","ts":"2017-06-28 16:21:46","active":"1"}]],"users":[{"id":"1","firstName":"You","surname":"Jinshu","email":"hudsonbogere@swipeit.co.ug","phone":"256783131266","userName":"you","branchId":"0","userTypeId":"1","password":"$2y$10$pPGbhJ1RXx\/ug.ED3LnsQuKHJTqwYsa\/iF0OqGOgsjflkHKIDTLVq","sessionId":"","ipAddress":"41.75.173.102","createdBy":null,"ts":"2017-06-23 15:08:12","active":"1"},{"id":"2","firstName":"Nansubuga","surname":"Dorothy","email":"henry@gmail.com","phone":"256752284441","userName":"dorah","branchId":"12","userTypeId":"3","password":"$2y$10$F9t92sYKf2rDJ.JzCmrrT.Jt1Ix37Fuo.uZKpXPn69dgDUTZ8xLXi","sessionId":"","ipAddress":"105.231.196.253","createdBy":"1","ts":"2017-06-26 19:11:07","active":"1"},{"id":"3","firstName":"Lydia","surname":"Amoi","email":"islam@gmail.com","phone":"256777608310","userName":"lydia","branchId":"6","userTypeId":"2","password":"$2y$10$m72Zz8Z.h4\/Zp6TFDhmbXeQ79kZ7JJ2U0yLUanc0dDVxbc.5UPkRG","sessionId":"","ipAddress":"::1","createdBy":"1","ts":"2017-06-26 19:41:01","active":"1"},{"id":"4","firstName":"Nabukera","surname":"Maria","email":"banerd@tfb.com","phone":"256774457813","userName":"maria","branchId":"5","userTypeId":"5","password":"$2y$10$wTpUE\/WJFMfQaBglrQocTO9ndV6dbxL2vzFDEJZ1hpVVp4binpXGO","sessionId":"15ZgvAjqBXTJ5I0k1ReNpjd7Wj0PFnFz","ipAddress":"::1","createdBy":"1","ts":"2017-06-26 23:04:07","active":"1"},{"id":"5","firstName":"Henry","surname":"Bbosa","email":null,"phone":null,"userName":"Henry","branchId":"11","userTypeId":"3","password":"$2y$10$m72Zz8Z.h4\/Zp6TFDhmbXeQ79kZ7JJ2U0yLUanc0dDVxbc.5UPkRG","sessionId":"","ipAddress":"41.210.154.223","createdBy":"1","ts":"2017-07-05 00:00:00","active":"1"},{"id":"6","firstName":"Edwin","surname":"Kakeeto","email":"edwin@edwin.com","phone":"0777777557","userName":"edwin","branchId":"7","userTypeId":"3","password":"$2y$10$wTpUE\/WJFMfQaBglrQocTO9ndV6dbxL2vzFDEJZ1hpVVp4binpXGO","sessionId":"KRX8Yh2iqId0EWTdOh43HSfBIE4fr5lp","ipAddress":"41.243.17.77","createdBy":"3","ts":"2017-07-10 07:37:50","active":"1"},{"id":"7","firstName":"Trish","surname":"Baby","email":"patricia@gmail.com","phone":"0777777557","userName":"trish","branchId":"13","userTypeId":"3","password":"$2y$10$m72Zz8Z.h4\/Zp6TFDhmbXeQ79kZ7JJ2U0yLUanc0dDVxbc.5UPkRG","sessionId":"hxM1lP1Vd3HEvf3x2QoqRy2njxote3kF","ipAddress":"::1","createdBy":null,"ts":null,"active":"1"},{"id":"8","firstName":"cedric","surname":"cedric","email":"cedric@gmail.com","phone":"+256754813912","userName":"cedric","branchId":"7","userTypeId":"3","password":"$2y$10$m72Zz8Z.h4\/Zp6TFDhmbXeQ79kZ7JJ2U0yLUanc0dDVxbc.5UPkRG","sessionId":"","ipAddress":"160.242.141.153","createdBy":null,"ts":null,"active":"1"},{"id":"9","firstName":"Bravia","surname":"Muzira","email":"muzira@gmail.com","phone":"+256771889211","userName":"Braviah","branchId":"6","userTypeId":"3","password":"$2y$10$m72Zz8Z.h4\/Zp6TFDhmbXeQ79kZ7JJ2U0yLUanc0dDVxbc.5UPkRG","sessionId":"CNHdx868gWwwaWl34QWYmNGxDsy1g0Dy","ipAddress":"41.210.154.223","createdBy":null,"ts":null,"active":"1"}],"accounts":[{"id":"16","name":"KINSHASHA-USD Account","branchId":"5","currency_id":"2"},{"id":"20","name":"OASIS MALL-RMB Account","branchId":"6","currency_id":"1"},{"id":"21","name":"OASIS MALL-USD Account","branchId":"6","currency_id":"2"},{"id":"22","name":"OASIS MALL-DIRHAM Account","branchId":"6","currency_id":"3"},{"id":"23","name":"OASIS MALL-UGX Account","branchId":"6","currency_id":"4"},{"id":"24","name":"OASIS MALL-KSH Account","branchId":"6","currency_id":"5"},{"id":"27","name":"CHINA-RMB Account","branchId":"11","currency_id":"1"},{"id":"28","name":"CHINA-USD Account","branchId":"11","currency_id":"2"},{"id":"33","name":"NAIROBI-USD Account","branchId":"12","currency_id":"2"},{"id":"36","name":"NAIROBI-KSH Account","branchId":"12","currency_id":"5"},{"id":"37","name":"GOMA-USD ACCOUNT","branchId":"7","currency_id":"2"},{"id":"38","name":"KAMPALA ROAD -USD ACCOUNT","branchId":"13","currency_id":"2"},{"id":"39","name":"KAMPALA ROAD- UGX ACCOUNT ","branchId":"13","currency_id":"4"}],"currencies":[{"id":"1","name":"RMB","symbol":"\u00a5","createdBy":"1","ts":"2017-06-27 22:45:12","active":"1"},{"id":"2","name":"USD","symbol":"$","createdBy":"1","ts":"2017-06-27 22:45:12","active":"1"},{"id":"3","name":"DIRHAM","symbol":"","createdBy":"1","ts":"2017-06-28 11:40:09","active":"1"},{"id":"4","name":"UGX","symbol":"\/=","createdBy":"1","ts":"2017-06-28 11:46:50","active":"1"},{"id":"5","name":"KSH","symbol":"","createdBy":"1","ts":"2017-06-28 11:46:50","active":"1"}],"superaccount":[{"id":"1","name":"RMB Account","branchId":"0","type_id":"4","currency_id":"1","balance":"0","createdBy":"1","active":"1","ts":"2017-06-27 22:45:12"}],"accountTypes":[{"id":"1","type":"Transfer","description":"","createdBy":"1","ts":"2017-06-28 14:31:12","active":"1"},{"id":"2","type":"Suspense","description":"","createdBy":"1","ts":"2017-06-28 14:31:12","active":"1"},{"id":"4","type":"Super","description":"","createdBy":"1","ts":"2017-06-28 14:31:12","active":"1"}],"userTypes":[{"id":"1","name":"E-Value Admin","level":"1","ts":"2017-06-27 22:45:12","active":"1"},{"id":"2","name":"Super User","level":"2","ts":"2017-06-27 22:45:12","active":"1"},{"id":"3","name":"Agent","level":"3","ts":"2017-06-27 22:45:12","active":"1"},{"id":"4","name":"System Admin","level":"4","ts":"2017-06-27 22:45:12","active":"1"},{"id":"5","name":"superAgent","level":"3","ts":"2017-06-27 22:45:12","active":"1"}]},"success":1}
2017-08-03 14:42:48 ---- New Request ----
2017-08-03 14:42:48 Controller : Transfers
2017-08-03 14:42:48 Method : directdebitcashoutAction
2017-08-03 14:42:48 Controller File : controllers/Transfers.class.php, Exists
2017-08-03 14:42:48 Class constructed
2017-08-03 14:42:48 Class constructed
2017-08-03 14:42:48 Sender: lujja
Receiver : Bbosa
Amount : 45000
Currency : 2
Account : 047829949493
UserId : 4
Session ID : 15ZgvAjqBXTJ5I0k1ReNpjd7Wj0PFnFz
BranchId : 52017-08-03 14:42:48 SELECT SQL : SELECT sessionId,branchId FROM users WHERE  id = '4'  
2017-08-03 14:42:48 SELECT SQL : SELECT * FROM settings WHERE  name = 'SuspenseAccount'  
2017-08-03 14:42:48 SELECT SQL : SELECT id FROM accounts WHERE  branchId = '5' AND currency_id = '2'  
2017-08-03 14:42:48 INSERT SQL : INSERT INTO transfers  (ts,fromBranch,toBranch,amount,currency,userIdDestination,status,senderFname,receiverFname,receiverAccountNumber,destinationIpAddress)  VALUES(NOW(),'0','5','45000','2','4','Success','lujja','Bbosa','047829949493','::1')
2017-08-03 14:42:48 INSERT SQL : INSERT INTO account_transfers  (ts,type,amount,amountB4Xchange,amountAfterXchange,fromId,toId,userId,createdBy)  VALUES(NOW(),'transfer','45000','45000','45000','16','25','4','4')
2017-08-03 14:42:48 Balance Update Params :
Branch Id : 0
Account ID : 25
Amount : 45000
2017-08-03 14:42:48 SELECT SQL : SELECT * FROM balances WHERE  branchId = '0' AND accountId = '25'  
2017-08-03 14:42:48 SELECT SQL : SELECT * FROM balances WHERE  branchId = '0' AND accountId = '25' AND date = '2017-08-03'  
2017-08-03 14:42:48 UPDATE SQL : UPDATE balances SET closingBalance = '11291218' WHERE  branchId = '0' AND accountId = '25' AND date = '2017-08-03' 
2017-08-03 14:42:48 Balance Update Status 2:1
 2017-08-03 14:42:48 Balance Update Params :
Branch Id : 5
Account ID : 16
Amount : -45000
2017-08-03 14:42:48 SELECT SQL : SELECT * FROM balances WHERE  branchId = '5' AND accountId = '16'  
2017-08-03 14:42:48 SELECT SQL : SELECT * FROM balances WHERE  branchId = '5' AND accountId = '16' AND date = '2017-08-03'  
2017-08-03 14:42:48 UPDATE SQL : UPDATE balances SET closingBalance = '130739' WHERE  branchId = '5' AND accountId = '16' AND date = '2017-08-03' 
2017-08-03 14:42:48 Balance Update Status 2:1
 2017-08-03 14:42:48 INSERT SQL : INSERT INTO branch_transaction  (ts,branch_id,transaction_type_id,amount,currency_id,sender_name,receiver_name,account_number)  VALUES(NOW(),'5','3','45000','2','lujja','Bbosa','047829949493')
2017-08-03 14:42:48 Response : {"success":1,"data":"Direct transfer cashed out successfully"}
2017-08-03 14:44:51 ---- New Request ----
2017-08-03 14:44:51 Controller : Users
2017-08-03 14:44:51 Method : logoutAction
2017-08-03 14:44:51 Controller File : controllers/Users.class.php, Exists
2017-08-03 14:44:51 Class constructed
2017-08-03 14:44:51 Logout Params ;Session ID :15ZgvAjqBXTJ5I0k1ReNpjd7Wj0PFnFz\User ID : 4
2017-08-03 14:44:51 UPDATE SQL : UPDATE users SET sessionId = '',ipAddress = '::1' WHERE  id = '4' 
2017-08-03 14:44:51 Response : {"success":1}
2017-08-03 14:45:04 ---- New Request ----
2017-08-03 14:45:04 Controller : Users
2017-08-03 14:45:04 Method : loginAction
2017-08-03 14:45:04 Controller File : controllers/Users.class.php, Exists
2017-08-03 14:45:04 Class constructed
2017-08-03 14:45:04 Login Params ;Username :cedric
Password : ******
2017-08-03 14:45:04 SELECT SQL : SELECT id,firstName,surname,userName,userTypeId,sessionId,password,active,branchId FROM users WHERE  userName = 'cedric'  
2017-08-03 14:45:04 SELECT SQL : SELECT name FROM branches WHERE  id = '7'  
2017-08-03 14:45:04 UPDATE SQL : UPDATE users SET sessionId = 'UpIyq3chilpaOyP2qGSHyVQB0zCTIrSP',ipAddress = '::1' WHERE  id = '8' 
2017-08-03 14:45:04 Response : {"success":1,"data":{"id":"8","firstName":"cedric","surname":"cedric","userName":"cedric","userTypeId":"3","sessionId":"UpIyq3chilpaOyP2qGSHyVQB0zCTIrSP","branchId":"7","branchName":"GOMA"}}
2017-08-03 14:45:05 ---- New Request ----
2017-08-03 14:45:05 Controller : Users
2017-08-03 14:45:05 Method : formsdetailsAction
2017-08-03 14:45:05 Controller File : controllers/Users.class.php, Exists
2017-08-03 14:45:05 Class constructed
2017-08-03 14:45:05 Details Params :
SessionID :UpIyq3chilpaOyP2qGSHyVQB0zCTIrSP
User ID : 8
2017-08-03 14:45:05 SELECT SQL : SELECT * FROM branches WHERE  active = '1'  
2017-08-03 14:45:05 SELECT SQL : SELECT * FROM countries WHERE  active = '1'  
2017-08-03 14:45:05 SELECT SQL : SELECT * FROM identification WHERE  active = '1'  
2017-08-03 14:45:05 SELECT SQL : SELECT * FROM users WHERE  active = '1'  
2017-08-03 14:45:05 SELECT SQL : SELECT id,name,branchId,currency_id FROM accounts WHERE  active = '1' AND type_id = '1'  
2017-08-03 14:45:05 Balance Update Params :
Branch Id : 5
Account ID : 16
Amount : 0
2017-08-03 14:45:05 SELECT SQL : SELECT * FROM balances WHERE  branchId = '5' AND accountId = '16'  
2017-08-03 14:45:05 SELECT SQL : SELECT * FROM balances WHERE  branchId = '5' AND accountId = '16' AND date = '2017-08-03'  
2017-08-03 14:45:05 UPDATE SQL : UPDATE balances SET closingBalance = '130739' WHERE  branchId = '5' AND accountId = '16' AND date = '2017-08-03' 
2017-08-03 14:45:05 Balance Update Status 2:1
 2017-08-03 14:45:05 Balance Update Params :
Branch Id : 6
Account ID : 20
Amount : 0
2017-08-03 14:45:05 SELECT SQL : SELECT * FROM balances WHERE  branchId = '6' AND accountId = '20'  
2017-08-03 14:45:05 Balance Update Params :
Branch Id : 6
Account ID : 21
Amount : 0
2017-08-03 14:45:05 SELECT SQL : SELECT * FROM balances WHERE  branchId = '6' AND accountId = '21'  
2017-08-03 14:45:05 SELECT SQL : SELECT * FROM balances WHERE  branchId = '6' AND accountId = '21' AND date = '2017-08-03'  
2017-08-03 14:45:05 UPDATE SQL : UPDATE balances SET closingBalance = '1882409' WHERE  branchId = '6' AND accountId = '21' AND date = '2017-08-03' 
2017-08-03 14:45:05 Balance Update Status 2:1
 2017-08-03 14:45:05 Balance Update Params :
Branch Id : 6
Account ID : 22
Amount : 0
2017-08-03 14:45:05 SELECT SQL : SELECT * FROM balances WHERE  branchId = '6' AND accountId = '22'  
2017-08-03 14:45:05 Balance Update Params :
Branch Id : 6
Account ID : 23
Amount : 0
2017-08-03 14:45:05 SELECT SQL : SELECT * FROM balances WHERE  branchId = '6' AND accountId = '23'  
2017-08-03 14:45:05 SELECT SQL : SELECT * FROM balances WHERE  branchId = '6' AND accountId = '23' AND date = '2017-08-03'  
2017-08-03 14:45:05 UPDATE SQL : UPDATE balances SET closingBalance = '95200018' WHERE  branchId = '6' AND accountId = '23' AND date = '2017-08-03' 
2017-08-03 14:45:05 Balance Update Status 2:1
 2017-08-03 14:45:05 Balance Update Params :
Branch Id : 6
Account ID : 24
Amount : 0
2017-08-03 14:45:05 SELECT SQL : SELECT * FROM balances WHERE  branchId = '6' AND accountId = '24'  
2017-08-03 14:45:05 Balance Update Params :
Branch Id : 11
Account ID : 27
Amount : 0
2017-08-03 14:45:05 SELECT SQL : SELECT * FROM balances WHERE  branchId = '11' AND accountId = '27'  
2017-08-03 14:45:05 Balance Update Params :
Branch Id : 11
Account ID : 28
Amount : 0
2017-08-03 14:45:05 SELECT SQL : SELECT * FROM balances WHERE  branchId = '11' AND accountId = '28'  
2017-08-03 14:45:05 Balance Update Params :
Branch Id : 12
Account ID : 33
Amount : 0
2017-08-03 14:45:05 SELECT SQL : SELECT * FROM balances WHERE  branchId = '12' AND accountId = '33'  
2017-08-03 14:45:05 SELECT SQL : SELECT * FROM balances WHERE  branchId = '12' AND accountId = '33' AND date = '2017-08-03'  
2017-08-03 14:45:05 UPDATE SQL : UPDATE balances SET closingBalance = '25154' WHERE  branchId = '12' AND accountId = '33' AND date = '2017-08-03' 
2017-08-03 14:45:05 Balance Update Status 2:1
 2017-08-03 14:45:05 Balance Update Params :
Branch Id : 12
Account ID : 36
Amount : 0
2017-08-03 14:45:05 SELECT SQL : SELECT * FROM balances WHERE  branchId = '12' AND accountId = '36'  
2017-08-03 14:45:05 SELECT SQL : SELECT * FROM balances WHERE  branchId = '12' AND accountId = '36' AND date = '2017-08-03'  
2017-08-03 14:45:05 UPDATE SQL : UPDATE balances SET closingBalance = '7637' WHERE  branchId = '12' AND accountId = '36' AND date = '2017-08-03' 
2017-08-03 14:45:05 Balance Update Status 2:1
 2017-08-03 14:45:05 Balance Update Params :
Branch Id : 7
Account ID : 37
Amount : 0
2017-08-03 14:45:05 SELECT SQL : SELECT * FROM balances WHERE  branchId = '7' AND accountId = '37'  
2017-08-03 14:45:05 SELECT SQL : SELECT * FROM balances WHERE  branchId = '7' AND accountId = '37' AND date = '2017-08-03'  
2017-08-03 14:45:05 UPDATE SQL : UPDATE balances SET closingBalance = '96158' WHERE  branchId = '7' AND accountId = '37' AND date = '2017-08-03' 
2017-08-03 14:45:05 Balance Update Status 2:1
 2017-08-03 14:45:05 Balance Update Params :
Branch Id : 13
Account ID : 38
Amount : 0
2017-08-03 14:45:05 SELECT SQL : SELECT * FROM balances WHERE  branchId = '13' AND accountId = '38'  
2017-08-03 14:45:05 Balance Update Params :
Branch Id : 13
Account ID : 39
Amount : 0
2017-08-03 14:45:05 SELECT SQL : SELECT * FROM balances WHERE  branchId = '13' AND accountId = '39'  
2017-08-03 14:45:05 SELECT SQL : SELECT * FROM balances WHERE  branchId = '13' AND accountId = '39' AND date = '2017-08-03'  
2017-08-03 14:45:05 UPDATE SQL : UPDATE balances SET closingBalance = '-6840000001.9444' WHERE  branchId = '13' AND accountId = '39' AND date = '2017-08-03' 
2017-08-03 14:45:05 Balance Update Status 2:1
 2017-08-03 14:45:05 SELECT SQL : SELECT * FROM currencies WHERE  active = '1'  
2017-08-03 14:45:05 SELECT SQL : SELECT * FROM accounts WHERE  active = '1' AND type_id = '4'  
2017-08-03 14:45:05 SELECT SQL : SELECT * FROM account_types WHERE  active = '1'  
2017-08-03 14:45:05 SELECT SQL : SELECT * FROM user_types WHERE  active = '1'  
2017-08-03 14:45:05 Response : {"data":{"branches":[{"id":"5","name":"KINSHASHA","countryId":"4","location":"Patrice Avenue","supervisorId":"3","createdBy":"4","ts":"2017-06-30 00:06:55","active":"1"},{"id":"6","name":"OASIS MALL","countryId":"1","location":"Yusufu Lule Rd","supervisorId":"3","createdBy":"2","ts":"2017-06-30 00:12:08","active":"1"},{"id":"7","name":"GOMA","countryId":"4","location":"Goma","supervisorId":"3","createdBy":"1","ts":"2017-07-05 00:00:00","active":"1"},{"id":"9","name":"MOMBASA","countryId":"2","location":"Mombasa","supervisorId":"3","createdBy":"1","ts":"2017-07-05 00:00:00","active":"1"},{"id":"10","name":"DUBAI","countryId":"6","location":"Dubai","supervisorId":"3","createdBy":"1","ts":"2017-07-05 00:00:00","active":"1"},{"id":"11","name":"CHINA","countryId":"5","location":"China","supervisorId":"3","createdBy":"3","ts":"2017-07-05 13:23:17","active":"1"},{"id":"12","name":"NAIROBI","countryId":"2","location":"Nairobi","supervisorId":"3","createdBy":"3","ts":"2017-07-06 14:12:35","active":"1"},{"id":"13","name":"KAMPALA ROAD","countryId":"1","location":"kampala road","supervisorId":"3","createdBy":"3","ts":"2017-07-06 14:12:35","active":"1"}],"countries":[{"id":"1","name":"UGANDA","createdBy":"1","ts":"2017-06-25 23:13:31","active":"1"},{"id":"2","name":"KENYA","createdBy":"1","ts":"2017-06-26 09:02:45","active":"1"},{"id":"3","name":"TZ","createdBy":"1","ts":"2017-06-28 11:11:53","active":"1"},{"id":"4","name":"CONGO","createdBy":"1","ts":"2017-06-28 11:26:11","active":"1"},{"id":"5","name":"CHINA","createdBy":"1","ts":"2017-06-28 11:30:01","active":"1"},{"id":"6","name":"UAE","createdBy":"1","ts":"2017-07-05 00:00:00","active":"1"}],"ids":[[{"id":"1","name":"Passport","createdBy":"1","ts":"2017-06-28 14:00:01","active":"1"},{"id":"2","name":"National ID","createdBy":"1","ts":"2017-06-28 14:00:01","active":"1"},{"id":"3","name":"STUDENTS ID","createdBy":"1","ts":"2017-06-28 16:21:46","active":"1"}]],"users":[{"id":"1","firstName":"You","surname":"Jinshu","email":"hudsonbogere@swipeit.co.ug","phone":"256783131266","userName":"you","branchId":"0","userTypeId":"1","password":"$2y$10$pPGbhJ1RXx\/ug.ED3LnsQuKHJTqwYsa\/iF0OqGOgsjflkHKIDTLVq","sessionId":"","ipAddress":"41.75.173.102","createdBy":null,"ts":"2017-06-23 15:08:12","active":"1"},{"id":"2","firstName":"Nansubuga","surname":"Dorothy","email":"henry@gmail.com","phone":"256752284441","userName":"dorah","branchId":"12","userTypeId":"3","password":"$2y$10$F9t92sYKf2rDJ.JzCmrrT.Jt1Ix37Fuo.uZKpXPn69dgDUTZ8xLXi","sessionId":"","ipAddress":"105.231.196.253","createdBy":"1","ts":"2017-06-26 19:11:07","active":"1"},{"id":"3","firstName":"Lydia","surname":"Amoi","email":"islam@gmail.com","phone":"256777608310","userName":"lydia","branchId":"6","userTypeId":"2","password":"$2y$10$m72Zz8Z.h4\/Zp6TFDhmbXeQ79kZ7JJ2U0yLUanc0dDVxbc.5UPkRG","sessionId":"","ipAddress":"::1","createdBy":"1","ts":"2017-06-26 19:41:01","active":"1"},{"id":"4","firstName":"Nabukera","surname":"Maria","email":"banerd@tfb.com","phone":"256774457813","userName":"maria","branchId":"5","userTypeId":"5","password":"$2y$10$wTpUE\/WJFMfQaBglrQocTO9ndV6dbxL2vzFDEJZ1hpVVp4binpXGO","sessionId":"","ipAddress":"::1","createdBy":"1","ts":"2017-06-26 23:04:07","active":"1"},{"id":"5","firstName":"Henry","surname":"Bbosa","email":null,"phone":null,"userName":"Henry","branchId":"11","userTypeId":"3","password":"$2y$10$m72Zz8Z.h4\/Zp6TFDhmbXeQ79kZ7JJ2U0yLUanc0dDVxbc.5UPkRG","sessionId":"","ipAddress":"41.210.154.223","createdBy":"1","ts":"2017-07-05 00:00:00","active":"1"},{"id":"6","firstName":"Edwin","surname":"Kakeeto","email":"edwin@edwin.com","phone":"0777777557","userName":"edwin","branchId":"7","userTypeId":"3","password":"$2y$10$wTpUE\/WJFMfQaBglrQocTO9ndV6dbxL2vzFDEJZ1hpVVp4binpXGO","sessionId":"KRX8Yh2iqId0EWTdOh43HSfBIE4fr5lp","ipAddress":"41.243.17.77","createdBy":"3","ts":"2017-07-10 07:37:50","active":"1"},{"id":"7","firstName":"Trish","surname":"Baby","email":"patricia@gmail.com","phone":"0777777557","userName":"trish","branchId":"13","userTypeId":"3","password":"$2y$10$m72Zz8Z.h4\/Zp6TFDhmbXeQ79kZ7JJ2U0yLUanc0dDVxbc.5UPkRG","sessionId":"hxM1lP1Vd3HEvf3x2QoqRy2njxote3kF","ipAddress":"::1","createdBy":null,"ts":null,"active":"1"},{"id":"8","firstName":"cedric","surname":"cedric","email":"cedric@gmail.com","phone":"+256754813912","userName":"cedric","branchId":"7","userTypeId":"3","password":"$2y$10$m72Zz8Z.h4\/Zp6TFDhmbXeQ79kZ7JJ2U0yLUanc0dDVxbc.5UPkRG","sessionId":"UpIyq3chilpaOyP2qGSHyVQB0zCTIrSP","ipAddress":"::1","createdBy":null,"ts":null,"active":"1"},{"id":"9","firstName":"Bravia","surname":"Muzira","email":"muzira@gmail.com","phone":"+256771889211","userName":"Braviah","branchId":"6","userTypeId":"3","password":"$2y$10$m72Zz8Z.h4\/Zp6TFDhmbXeQ79kZ7JJ2U0yLUanc0dDVxbc.5UPkRG","sessionId":"CNHdx868gWwwaWl34QWYmNGxDsy1g0Dy","ipAddress":"41.210.154.223","createdBy":null,"ts":null,"active":"1"}],"accounts":[{"id":"16","name":"KINSHASHA-USD Account","branchId":"5","currency_id":"2"},{"id":"20","name":"OASIS MALL-RMB Account","branchId":"6","currency_id":"1"},{"id":"21","name":"OASIS MALL-USD Account","branchId":"6","currency_id":"2"},{"id":"22","name":"OASIS MALL-DIRHAM Account","branchId":"6","currency_id":"3"},{"id":"23","name":"OASIS MALL-UGX Account","branchId":"6","currency_id":"4"},{"id":"24","name":"OASIS MALL-KSH Account","branchId":"6","currency_id":"5"},{"id":"27","name":"CHINA-RMB Account","branchId":"11","currency_id":"1"},{"id":"28","name":"CHINA-USD Account","branchId":"11","currency_id":"2"},{"id":"33","name":"NAIROBI-USD Account","branchId":"12","currency_id":"2"},{"id":"36","name":"NAIROBI-KSH Account","branchId":"12","currency_id":"5"},{"id":"37","name":"GOMA-USD ACCOUNT","branchId":"7","currency_id":"2"},{"id":"38","name":"KAMPALA ROAD -USD ACCOUNT","branchId":"13","currency_id":"2"},{"id":"39","name":"KAMPALA ROAD- UGX ACCOUNT ","branchId":"13","currency_id":"4"}],"currencies":[{"id":"1","name":"RMB","symbol":"\u00a5","createdBy":"1","ts":"2017-06-27 22:45:12","active":"1"},{"id":"2","name":"USD","symbol":"$","createdBy":"1","ts":"2017-06-27 22:45:12","active":"1"},{"id":"3","name":"DIRHAM","symbol":"","createdBy":"1","ts":"2017-06-28 11:40:09","active":"1"},{"id":"4","name":"UGX","symbol":"\/=","createdBy":"1","ts":"2017-06-28 11:46:50","active":"1"},{"id":"5","name":"KSH","symbol":"","createdBy":"1","ts":"2017-06-28 11:46:50","active":"1"}],"superaccount":[{"id":"1","name":"RMB Account","branchId":"0","type_id":"4","currency_id":"1","balance":"0","createdBy":"1","active":"1","ts":"2017-06-27 22:45:12"}],"accountTypes":[{"id":"1","type":"Transfer","description":"","createdBy":"1","ts":"2017-06-28 14:31:12","active":"1"},{"id":"2","type":"Suspense","description":"","createdBy":"1","ts":"2017-06-28 14:31:12","active":"1"},{"id":"4","type":"Super","description":"","createdBy":"1","ts":"2017-06-28 14:31:12","active":"1"}],"userTypes":[{"id":"1","name":"E-Value Admin","level":"1","ts":"2017-06-27 22:45:12","active":"1"},{"id":"2","name":"Super User","level":"2","ts":"2017-06-27 22:45:12","active":"1"},{"id":"3","name":"Agent","level":"3","ts":"2017-06-27 22:45:12","active":"1"},{"id":"4","name":"System Admin","level":"4","ts":"2017-06-27 22:45:12","active":"1"},{"id":"5","name":"superAgent","level":"3","ts":"2017-06-27 22:45:12","active":"1"}]},"success":1}
2017-08-03 14:54:21 ---- New Request ----
2017-08-03 14:54:21 Controller : Users
2017-08-03 14:54:21 Method : loginAction
2017-08-03 14:54:21 Controller File : controllers/Users.class.php, Exists
2017-08-03 14:54:21 Class constructed
2017-08-03 14:54:21 Login Params ;Username :cedric
Password : ******
2017-08-03 14:54:21 SELECT SQL : SELECT id,firstName,surname,userName,userTypeId,sessionId,password,active,branchId FROM users WHERE  userName = 'cedric'  
2017-08-03 14:54:21 SELECT SQL : SELECT name FROM branches WHERE  id = '7'  
2017-08-03 14:54:21 UPDATE SQL : UPDATE users SET sessionId = '3FRemJkS0c4MdRvK14bqZtR2IZCiupvX',ipAddress = '::1' WHERE  id = '8' 
2017-08-03 14:54:21 Response : {"success":1,"data":{"id":"8","firstName":"cedric","surname":"cedric","userName":"cedric","userTypeId":"3","sessionId":"3FRemJkS0c4MdRvK14bqZtR2IZCiupvX","branchId":"7","branchName":"GOMA"}}
2017-08-03 14:54:22 ---- New Request ----
2017-08-03 14:54:22 Controller : Users
2017-08-03 14:54:22 Method : formsdetailsAction
2017-08-03 14:54:22 Controller File : controllers/Users.class.php, Exists
2017-08-03 14:54:22 Class constructed
2017-08-03 14:54:22 Details Params :
SessionID :3FRemJkS0c4MdRvK14bqZtR2IZCiupvX
User ID : 8
2017-08-03 14:54:22 SELECT SQL : SELECT * FROM branches WHERE  active = '1'  
2017-08-03 14:54:22 SELECT SQL : SELECT * FROM countries WHERE  active = '1'  
2017-08-03 14:54:22 SELECT SQL : SELECT * FROM identification WHERE  active = '1'  
2017-08-03 14:54:22 SELECT SQL : SELECT * FROM users WHERE  active = '1'  
2017-08-03 14:54:22 SELECT SQL : SELECT id,name,branchId,currency_id FROM accounts WHERE  active = '1' AND type_id = '1'  
2017-08-03 14:54:22 Balance Update Params :
Branch Id : 5
Account ID : 16
Amount : 0
2017-08-03 14:54:22 SELECT SQL : SELECT * FROM balances WHERE  branchId = '5' AND accountId = '16'  
2017-08-03 14:54:22 SELECT SQL : SELECT * FROM balances WHERE  branchId = '5' AND accountId = '16' AND date = '2017-08-03'  
2017-08-03 14:54:22 UPDATE SQL : UPDATE balances SET closingBalance = '130739' WHERE  branchId = '5' AND accountId = '16' AND date = '2017-08-03' 
2017-08-03 14:54:22 Balance Update Status 2:1
 2017-08-03 14:54:22 Balance Update Params :
Branch Id : 6
Account ID : 20
Amount : 0
2017-08-03 14:54:22 SELECT SQL : SELECT * FROM balances WHERE  branchId = '6' AND accountId = '20'  
2017-08-03 14:54:22 Balance Update Params :
Branch Id : 6
Account ID : 21
Amount : 0
2017-08-03 14:54:22 SELECT SQL : SELECT * FROM balances WHERE  branchId = '6' AND accountId = '21'  
2017-08-03 14:54:22 SELECT SQL : SELECT * FROM balances WHERE  branchId = '6' AND accountId = '21' AND date = '2017-08-03'  
2017-08-03 14:54:22 UPDATE SQL : UPDATE balances SET closingBalance = '1882409' WHERE  branchId = '6' AND accountId = '21' AND date = '2017-08-03' 
2017-08-03 14:54:22 Balance Update Status 2:1
 2017-08-03 14:54:22 Balance Update Params :
Branch Id : 6
Account ID : 22
Amount : 0
2017-08-03 14:54:22 SELECT SQL : SELECT * FROM balances WHERE  branchId = '6' AND accountId = '22'  
2017-08-03 14:54:22 Balance Update Params :
Branch Id : 6
Account ID : 23
Amount : 0
2017-08-03 14:54:22 SELECT SQL : SELECT * FROM balances WHERE  branchId = '6' AND accountId = '23'  
2017-08-03 14:54:22 SELECT SQL : SELECT * FROM balances WHERE  branchId = '6' AND accountId = '23' AND date = '2017-08-03'  
2017-08-03 14:54:22 UPDATE SQL : UPDATE balances SET closingBalance = '95200018' WHERE  branchId = '6' AND accountId = '23' AND date = '2017-08-03' 
2017-08-03 14:54:22 Balance Update Status 2:1
 2017-08-03 14:54:22 Balance Update Params :
Branch Id : 6
Account ID : 24
Amount : 0
2017-08-03 14:54:22 SELECT SQL : SELECT * FROM balances WHERE  branchId = '6' AND accountId = '24'  
2017-08-03 14:54:22 Balance Update Params :
Branch Id : 11
Account ID : 27
Amount : 0
2017-08-03 14:54:22 SELECT SQL : SELECT * FROM balances WHERE  branchId = '11' AND accountId = '27'  
2017-08-03 14:54:22 Balance Update Params :
Branch Id : 11
Account ID : 28
Amount : 0
2017-08-03 14:54:22 SELECT SQL : SELECT * FROM balances WHERE  branchId = '11' AND accountId = '28'  
2017-08-03 14:54:22 Balance Update Params :
Branch Id : 12
Account ID : 33
Amount : 0
2017-08-03 14:54:22 SELECT SQL : SELECT * FROM balances WHERE  branchId = '12' AND accountId = '33'  
2017-08-03 14:54:22 SELECT SQL : SELECT * FROM balances WHERE  branchId = '12' AND accountId = '33' AND date = '2017-08-03'  
2017-08-03 14:54:22 UPDATE SQL : UPDATE balances SET closingBalance = '25154' WHERE  branchId = '12' AND accountId = '33' AND date = '2017-08-03' 
2017-08-03 14:54:22 Balance Update Status 2:1
 2017-08-03 14:54:22 Balance Update Params :
Branch Id : 12
Account ID : 36
Amount : 0
2017-08-03 14:54:22 SELECT SQL : SELECT * FROM balances WHERE  branchId = '12' AND accountId = '36'  
2017-08-03 14:54:22 SELECT SQL : SELECT * FROM balances WHERE  branchId = '12' AND accountId = '36' AND date = '2017-08-03'  
2017-08-03 14:54:22 UPDATE SQL : UPDATE balances SET closingBalance = '7637' WHERE  branchId = '12' AND accountId = '36' AND date = '2017-08-03' 
2017-08-03 14:54:22 Balance Update Status 2:1
 2017-08-03 14:54:22 Balance Update Params :
Branch Id : 7
Account ID : 37
Amount : 0
2017-08-03 14:54:22 SELECT SQL : SELECT * FROM balances WHERE  branchId = '7' AND accountId = '37'  
2017-08-03 14:54:22 SELECT SQL : SELECT * FROM balances WHERE  branchId = '7' AND accountId = '37' AND date = '2017-08-03'  
2017-08-03 14:54:22 UPDATE SQL : UPDATE balances SET closingBalance = '96158' WHERE  branchId = '7' AND accountId = '37' AND date = '2017-08-03' 
2017-08-03 14:54:22 Balance Update Status 2:1
 2017-08-03 14:54:22 Balance Update Params :
Branch Id : 13
Account ID : 38
Amount : 0
2017-08-03 14:54:22 SELECT SQL : SELECT * FROM balances WHERE  branchId = '13' AND accountId = '38'  
2017-08-03 14:54:22 Balance Update Params :
Branch Id : 13
Account ID : 39
Amount : 0
2017-08-03 14:54:22 SELECT SQL : SELECT * FROM balances WHERE  branchId = '13' AND accountId = '39'  
2017-08-03 14:54:22 SELECT SQL : SELECT * FROM balances WHERE  branchId = '13' AND accountId = '39' AND date = '2017-08-03'  
2017-08-03 14:54:22 UPDATE SQL : UPDATE balances SET closingBalance = '-6840000001.9444' WHERE  branchId = '13' AND accountId = '39' AND date = '2017-08-03' 
2017-08-03 14:54:23 Balance Update Status 2:1
 2017-08-03 14:54:23 SELECT SQL : SELECT * FROM currencies WHERE  active = '1'  
2017-08-03 14:54:23 SELECT SQL : SELECT * FROM accounts WHERE  active = '1' AND type_id = '4'  
2017-08-03 14:54:23 SELECT SQL : SELECT * FROM account_types WHERE  active = '1'  
2017-08-03 14:54:23 SELECT SQL : SELECT * FROM user_types WHERE  active = '1'  
2017-08-03 14:54:23 Response : {"data":{"branches":[{"id":"5","name":"KINSHASHA","countryId":"4","location":"Patrice Avenue","supervisorId":"3","createdBy":"4","ts":"2017-06-30 00:06:55","active":"1"},{"id":"6","name":"OASIS MALL","countryId":"1","location":"Yusufu Lule Rd","supervisorId":"3","createdBy":"2","ts":"2017-06-30 00:12:08","active":"1"},{"id":"7","name":"GOMA","countryId":"4","location":"Goma","supervisorId":"3","createdBy":"1","ts":"2017-07-05 00:00:00","active":"1"},{"id":"9","name":"MOMBASA","countryId":"2","location":"Mombasa","supervisorId":"3","createdBy":"1","ts":"2017-07-05 00:00:00","active":"1"},{"id":"10","name":"DUBAI","countryId":"6","location":"Dubai","supervisorId":"3","createdBy":"1","ts":"2017-07-05 00:00:00","active":"1"},{"id":"11","name":"CHINA","countryId":"5","location":"China","supervisorId":"3","createdBy":"3","ts":"2017-07-05 13:23:17","active":"1"},{"id":"12","name":"NAIROBI","countryId":"2","location":"Nairobi","supervisorId":"3","createdBy":"3","ts":"2017-07-06 14:12:35","active":"1"},{"id":"13","name":"KAMPALA ROAD","countryId":"1","location":"kampala road","supervisorId":"3","createdBy":"3","ts":"2017-07-06 14:12:35","active":"1"}],"countries":[{"id":"1","name":"UGANDA","createdBy":"1","ts":"2017-06-25 23:13:31","active":"1"},{"id":"2","name":"KENYA","createdBy":"1","ts":"2017-06-26 09:02:45","active":"1"},{"id":"3","name":"TZ","createdBy":"1","ts":"2017-06-28 11:11:53","active":"1"},{"id":"4","name":"CONGO","createdBy":"1","ts":"2017-06-28 11:26:11","active":"1"},{"id":"5","name":"CHINA","createdBy":"1","ts":"2017-06-28 11:30:01","active":"1"},{"id":"6","name":"UAE","createdBy":"1","ts":"2017-07-05 00:00:00","active":"1"}],"ids":[[{"id":"1","name":"Passport","createdBy":"1","ts":"2017-06-28 14:00:01","active":"1"},{"id":"2","name":"National ID","createdBy":"1","ts":"2017-06-28 14:00:01","active":"1"},{"id":"3","name":"STUDENTS ID","createdBy":"1","ts":"2017-06-28 16:21:46","active":"1"}]],"users":[{"id":"1","firstName":"You","surname":"Jinshu","email":"hudsonbogere@swipeit.co.ug","phone":"256783131266","userName":"you","branchId":"0","userTypeId":"1","password":"$2y$10$pPGbhJ1RXx\/ug.ED3LnsQuKHJTqwYsa\/iF0OqGOgsjflkHKIDTLVq","sessionId":"","ipAddress":"41.75.173.102","createdBy":null,"ts":"2017-06-23 15:08:12","active":"1"},{"id":"2","firstName":"Nansubuga","surname":"Dorothy","email":"henry@gmail.com","phone":"256752284441","userName":"dorah","branchId":"12","userTypeId":"3","password":"$2y$10$F9t92sYKf2rDJ.JzCmrrT.Jt1Ix37Fuo.uZKpXPn69dgDUTZ8xLXi","sessionId":"","ipAddress":"105.231.196.253","createdBy":"1","ts":"2017-06-26 19:11:07","active":"1"},{"id":"3","firstName":"Lydia","surname":"Amoi","email":"islam@gmail.com","phone":"256777608310","userName":"lydia","branchId":"6","userTypeId":"2","password":"$2y$10$m72Zz8Z.h4\/Zp6TFDhmbXeQ79kZ7JJ2U0yLUanc0dDVxbc.5UPkRG","sessionId":"","ipAddress":"::1","createdBy":"1","ts":"2017-06-26 19:41:01","active":"1"},{"id":"4","firstName":"Nabukera","surname":"Maria","email":"banerd@tfb.com","phone":"256774457813","userName":"maria","branchId":"5","userTypeId":"5","password":"$2y$10$wTpUE\/WJFMfQaBglrQocTO9ndV6dbxL2vzFDEJZ1hpVVp4binpXGO","sessionId":"","ipAddress":"::1","createdBy":"1","ts":"2017-06-26 23:04:07","active":"1"},{"id":"5","firstName":"Henry","surname":"Bbosa","email":null,"phone":null,"userName":"Henry","branchId":"11","userTypeId":"3","password":"$2y$10$m72Zz8Z.h4\/Zp6TFDhmbXeQ79kZ7JJ2U0yLUanc0dDVxbc.5UPkRG","sessionId":"","ipAddress":"41.210.154.223","createdBy":"1","ts":"2017-07-05 00:00:00","active":"1"},{"id":"6","firstName":"Edwin","surname":"Kakeeto","email":"edwin@edwin.com","phone":"0777777557","userName":"edwin","branchId":"7","userTypeId":"3","password":"$2y$10$wTpUE\/WJFMfQaBglrQocTO9ndV6dbxL2vzFDEJZ1hpVVp4binpXGO","sessionId":"KRX8Yh2iqId0EWTdOh43HSfBIE4fr5lp","ipAddress":"41.243.17.77","createdBy":"3","ts":"2017-07-10 07:37:50","active":"1"},{"id":"7","firstName":"Trish","surname":"Baby","email":"patricia@gmail.com","phone":"0777777557","userName":"trish","branchId":"13","userTypeId":"3","password":"$2y$10$m72Zz8Z.h4\/Zp6TFDhmbXeQ79kZ7JJ2U0yLUanc0dDVxbc.5UPkRG","sessionId":"hxM1lP1Vd3HEvf3x2QoqRy2njxote3kF","ipAddress":"::1","createdBy":null,"ts":null,"active":"1"},{"id":"8","firstName":"cedric","surname":"cedric","email":"cedric@gmail.com","phone":"+256754813912","userName":"cedric","branchId":"7","userTypeId":"3","password":"$2y$10$m72Zz8Z.h4\/Zp6TFDhmbXeQ79kZ7JJ2U0yLUanc0dDVxbc.5UPkRG","sessionId":"3FRemJkS0c4MdRvK14bqZtR2IZCiupvX","ipAddress":"::1","createdBy":null,"ts":null,"active":"1"},{"id":"9","firstName":"Bravia","surname":"Muzira","email":"muzira@gmail.com","phone":"+256771889211","userName":"Braviah","branchId":"6","userTypeId":"3","password":"$2y$10$m72Zz8Z.h4\/Zp6TFDhmbXeQ79kZ7JJ2U0yLUanc0dDVxbc.5UPkRG","sessionId":"CNHdx868gWwwaWl34QWYmNGxDsy1g0Dy","ipAddress":"41.210.154.223","createdBy":null,"ts":null,"active":"1"}],"accounts":[{"id":"16","name":"KINSHASHA-USD Account","branchId":"5","currency_id":"2"},{"id":"20","name":"OASIS MALL-RMB Account","branchId":"6","currency_id":"1"},{"id":"21","name":"OASIS MALL-USD Account","branchId":"6","currency_id":"2"},{"id":"22","name":"OASIS MALL-DIRHAM Account","branchId":"6","currency_id":"3"},{"id":"23","name":"OASIS MALL-UGX Account","branchId":"6","currency_id":"4"},{"id":"24","name":"OASIS MALL-KSH Account","branchId":"6","currency_id":"5"},{"id":"27","name":"CHINA-RMB Account","branchId":"11","currency_id":"1"},{"id":"28","name":"CHINA-USD Account","branchId":"11","currency_id":"2"},{"id":"33","name":"NAIROBI-USD Account","branchId":"12","currency_id":"2"},{"id":"36","name":"NAIROBI-KSH Account","branchId":"12","currency_id":"5"},{"id":"37","name":"GOMA-USD ACCOUNT","branchId":"7","currency_id":"2"},{"id":"38","name":"KAMPALA ROAD -USD ACCOUNT","branchId":"13","currency_id":"2"},{"id":"39","name":"KAMPALA ROAD- UGX ACCOUNT ","branchId":"13","currency_id":"4"}],"currencies":[{"id":"1","name":"RMB","symbol":"\u00a5","createdBy":"1","ts":"2017-06-27 22:45:12","active":"1"},{"id":"2","name":"USD","symbol":"$","createdBy":"1","ts":"2017-06-27 22:45:12","active":"1"},{"id":"3","name":"DIRHAM","symbol":"","createdBy":"1","ts":"2017-06-28 11:40:09","active":"1"},{"id":"4","name":"UGX","symbol":"\/=","createdBy":"1","ts":"2017-06-28 11:46:50","active":"1"},{"id":"5","name":"KSH","symbol":"","createdBy":"1","ts":"2017-06-28 11:46:50","active":"1"}],"superaccount":[{"id":"1","name":"RMB Account","branchId":"0","type_id":"4","currency_id":"1","balance":"0","createdBy":"1","active":"1","ts":"2017-06-27 22:45:12"}],"accountTypes":[{"id":"1","type":"Transfer","description":"","createdBy":"1","ts":"2017-06-28 14:31:12","active":"1"},{"id":"2","type":"Suspense","description":"","createdBy":"1","ts":"2017-06-28 14:31:12","active":"1"},{"id":"4","type":"Super","description":"","createdBy":"1","ts":"2017-06-28 14:31:12","active":"1"}],"userTypes":[{"id":"1","name":"E-Value Admin","level":"1","ts":"2017-06-27 22:45:12","active":"1"},{"id":"2","name":"Super User","level":"2","ts":"2017-06-27 22:45:12","active":"1"},{"id":"3","name":"Agent","level":"3","ts":"2017-06-27 22:45:12","active":"1"},{"id":"4","name":"System Admin","level":"4","ts":"2017-06-27 22:45:12","active":"1"},{"id":"5","name":"superAgent","level":"3","ts":"2017-06-27 22:45:12","active":"1"}]},"success":1}
2017-08-03 14:54:49 ---- New Request ----
2017-08-03 14:54:49 Controller : Transfers
2017-08-03 14:54:49 Method : createexpenseAction
2017-08-03 14:54:49 Controller File : controllers/Transfers.class.php, Exists
2017-08-03 14:54:49 Class constructed
2017-08-03 14:54:49 Class constructed
2017-08-03 14:54:49 UserID : 8
SessionId : 3FRemJkS0c4MdRvK14bqZtR2IZCiupvX
Currency ID : 2
Reason : I used this to buy my car fuel and move to Rwanda
Amount : 3000
2017-08-03 14:54:49 SELECT SQL : SELECT sessionId,branchId FROM users WHERE  id = '8'  
2017-08-03 14:54:49 INSERT SQL : INSERT INTO expenses  (ts,amount,currencyId,description,createdBy,branchId)  VALUES(NOW(),'3000','2','I used this to buy my car fuel and move to Rwanda','8','7')
2017-08-03 14:54:49 SELECT SQL : SELECT id FROM accounts WHERE  branchId = '7' AND currency_id = '2'  
2017-08-03 14:54:49 INSERT SQL : INSERT INTO account_transfers  (ts,type,amount,charge,fromId,toId,transferRef,userId,amountAfterXchange,amountB4Xchange)  VALUES(NOW(),'transfer','3000','0','37','0','0','8','3000','3000')
2017-08-03 14:54:49 Balance Update Params :
Branch Id : 7
Account ID : 37
Amount : -3000
2017-08-03 14:54:49 SELECT SQL : SELECT * FROM balances WHERE  branchId = '7' AND accountId = '37'  
2017-08-03 14:54:49 SELECT SQL : SELECT * FROM balances WHERE  branchId = '7' AND accountId = '37' AND date = '2017-08-03'  
2017-08-03 14:54:49 UPDATE SQL : UPDATE balances SET closingBalance = '93158' WHERE  branchId = '7' AND accountId = '37' AND date = '2017-08-03' 
2017-08-03 14:54:49 Balance Update Status 2:1
 2017-08-03 14:54:49 INSERT SQL : INSERT INTO branch_transaction  (ts,branch_id,transaction_type_id,amount,currency_id,details)  VALUES(NOW(),'7','4','3000','2','I used this to buy my car fuel and move to Rwanda')
2017-08-03 14:54:49 Response : {"success":1,"data":"Your request was processed successfuly"}
