2017-07-20 15:42:00 ---- New Request ----
2017-07-20 15:42:00 Controller : Users
2017-07-20 15:42:00 Method : loginAction
2017-07-20 15:42:00 Controller File : controllers/Users.class.php, Exists
2017-07-20 15:42:00 Class constructed
2017-07-20 15:42:00 Login Params ;Username :lydia
Password : ******
2017-07-20 15:42:00 SELECT SQL : SELECT id,firstName,surname,userName,userTypeId,sessionId,password,active,branchId FROM users WHERE  userName = 'lydia'  
2017-07-20 15:42:00 SELECT SQL : SELECT name FROM branches WHERE  id = '6'  
2017-07-20 15:42:00 UPDATE SQL : UPDATE users SET sessionId = 'N35PCsvWubMMcNjtv44zaguTt6Y6OeJh',ipAddress = '41.75.175.106' WHERE  id = '3' 
2017-07-20 15:42:00 Response : {"success":1,"data":{"id":"3","firstName":"Lydia","surname":"Amoi","userName":"lydia","userTypeId":"2","sessionId":"N35PCsvWubMMcNjtv44zaguTt6Y6OeJh","branchId":"6","branchName":"OASIS MALL"}}
2017-07-20 15:42:02 ---- New Request ----
2017-07-20 15:42:02 Controller : Users
2017-07-20 15:42:02 Method : formsdetailsAction
2017-07-20 15:42:02 Controller File : controllers/Users.class.php, Exists
2017-07-20 15:42:02 Class constructed
2017-07-20 15:42:02 Details Params :
SessionID :N35PCsvWubMMcNjtv44zaguTt6Y6OeJh
User ID : 3
2017-07-20 15:42:02 SELECT SQL : SELECT * FROM branches WHERE  active = '1'  
2017-07-20 15:42:02 SELECT SQL : SELECT * FROM countries WHERE  active = '1'  
2017-07-20 15:42:02 SELECT SQL : SELECT * FROM identification WHERE  active = '1'  
2017-07-20 15:42:02 SELECT SQL : SELECT * FROM users WHERE  active = '1'  
2017-07-20 15:42:02 SELECT SQL : SELECT id,name,branchId,currency_id FROM accounts WHERE  active = '1' AND type_id = '1'  
2017-07-20 15:42:02 Balance Update Params :
Branch Id : 5
Account ID : 16
Amount : 0
2017-07-20 15:42:02 SELECT SQL : SELECT * FROM balances WHERE  branchId = '5' AND accountId = '16'  
2017-07-20 15:42:02 SELECT SQL : SELECT * FROM balances WHERE  branchId = '5' AND accountId = '16' AND date = '2017-07-20'  
2017-07-20 15:42:02 UPDATE SQL : UPDATE balances SET closingBalance = '293496' WHERE  branchId = '5' AND accountId = '16' AND date = '2017-07-20' 
2017-07-20 15:42:02 Balance Update Status 2:1
 2017-07-20 15:42:02 Balance Update Params :
Branch Id : 6
Account ID : 20
Amount : 0
2017-07-20 15:42:02 SELECT SQL : SELECT * FROM balances WHERE  branchId = '6' AND accountId = '20'  
2017-07-20 15:42:02 Balance Update Params :
Branch Id : 6
Account ID : 21
Amount : 0
2017-07-20 15:42:02 SELECT SQL : SELECT * FROM balances WHERE  branchId = '6' AND accountId = '21'  
2017-07-20 15:42:02 SELECT SQL : SELECT * FROM balances WHERE  branchId = '6' AND accountId = '21' AND date = '2017-07-20'  
2017-07-20 15:42:02 UPDATE SQL : UPDATE balances SET closingBalance = '627698.05028101' WHERE  branchId = '6' AND accountId = '21' AND date = '2017-07-20' 
2017-07-20 15:42:02 Balance Update Status 2:1
 2017-07-20 15:42:02 Balance Update Params :
Branch Id : 6
Account ID : 22
Amount : 0
2017-07-20 15:42:02 SELECT SQL : SELECT * FROM balances WHERE  branchId = '6' AND accountId = '22'  
2017-07-20 15:42:02 Balance Update Params :
Branch Id : 6
Account ID : 23
Amount : 0
2017-07-20 15:42:02 SELECT SQL : SELECT * FROM balances WHERE  branchId = '6' AND accountId = '23'  
2017-07-20 15:42:02 SELECT SQL : SELECT * FROM balances WHERE  branchId = '6' AND accountId = '23' AND date = '2017-07-20'  
2017-07-20 15:42:02 UPDATE SQL : UPDATE balances SET closingBalance = '-113664482' WHERE  branchId = '6' AND accountId = '23' AND date = '2017-07-20' 
2017-07-20 15:42:02 Balance Update Status 2:1
 2017-07-20 15:42:02 Balance Update Params :
Branch Id : 6
Account ID : 24
Amount : 0
2017-07-20 15:42:02 SELECT SQL : SELECT * FROM balances WHERE  branchId = '6' AND accountId = '24'  
2017-07-20 15:42:02 Balance Update Params :
Branch Id : 11
Account ID : 27
Amount : 0
2017-07-20 15:42:02 SELECT SQL : SELECT * FROM balances WHERE  branchId = '11' AND accountId = '27'  
2017-07-20 15:42:02 SELECT SQL : SELECT * FROM balances WHERE  branchId = '11' AND accountId = '27' AND date = '2017-07-20'  
2017-07-20 15:42:02 UPDATE SQL : UPDATE balances SET closingBalance = '-3725432.8225704' WHERE  branchId = '11' AND accountId = '27' AND date = '2017-07-20' 
2017-07-20 15:42:02 Balance Update Status 2:1
 2017-07-20 15:42:02 Balance Update Params :
Branch Id : 11
Account ID : 28
Amount : 0
2017-07-20 15:42:02 SELECT SQL : SELECT * FROM balances WHERE  branchId = '11' AND accountId = '28'  
2017-07-20 15:42:02 Balance Update Params :
Branch Id : 12
Account ID : 33
Amount : 0
2017-07-20 15:42:02 SELECT SQL : SELECT * FROM balances WHERE  branchId = '12' AND accountId = '33'  
2017-07-20 15:42:02 SELECT SQL : SELECT * FROM balances WHERE  branchId = '12' AND accountId = '33' AND date = '2017-07-20'  
2017-07-20 15:42:02 UPDATE SQL : UPDATE balances SET closingBalance = '1079' WHERE  branchId = '12' AND accountId = '33' AND date = '2017-07-20' 
2017-07-20 15:42:02 Balance Update Status 2:1
 2017-07-20 15:42:02 Balance Update Params :
Branch Id : 12
Account ID : 36
Amount : 0
2017-07-20 15:42:02 SELECT SQL : SELECT * FROM balances WHERE  branchId = '12' AND accountId = '36'  
2017-07-20 15:42:02 SELECT SQL : SELECT * FROM balances WHERE  branchId = '12' AND accountId = '36' AND date = '2017-07-20'  
2017-07-20 15:42:02 UPDATE SQL : UPDATE balances SET closingBalance = '3867148' WHERE  branchId = '12' AND accountId = '36' AND date = '2017-07-20' 
2017-07-20 15:42:02 Balance Update Status 2:1
 2017-07-20 15:42:02 Balance Update Params :
Branch Id : 7
Account ID : 37
Amount : 0
2017-07-20 15:42:02 SELECT SQL : SELECT * FROM balances WHERE  branchId = '7' AND accountId = '37'  
2017-07-20 15:42:02 SELECT SQL : SELECT * FROM balances WHERE  branchId = '7' AND accountId = '37' AND date = '2017-07-20'  
2017-07-20 15:42:02 UPDATE SQL : UPDATE balances SET closingBalance = '47450' WHERE  branchId = '7' AND accountId = '37' AND date = '2017-07-20' 
2017-07-20 15:42:02 Balance Update Status 2:1
 2017-07-20 15:42:02 Balance Update Params :
Branch Id : 13
Account ID : 38
Amount : 0
2017-07-20 15:42:02 SELECT SQL : SELECT * FROM balances WHERE  branchId = '13' AND accountId = '38'  
2017-07-20 15:42:02 SELECT SQL : SELECT * FROM balances WHERE  branchId = '13' AND accountId = '38' AND date = '2017-07-20'  
2017-07-20 15:42:02 UPDATE SQL : UPDATE balances SET closingBalance = '2700' WHERE  branchId = '13' AND accountId = '38' AND date = '2017-07-20' 
2017-07-20 15:42:02 Balance Update Status 2:1
 2017-07-20 15:42:02 Balance Update Params :
Branch Id : 13
Account ID : 39
Amount : 0
2017-07-20 15:42:02 SELECT SQL : SELECT * FROM balances WHERE  branchId = '13' AND accountId = '39'  
2017-07-20 15:42:02 SELECT SQL : SELECT * FROM currencies WHERE  active = '1'  
2017-07-20 15:42:02 SELECT SQL : SELECT * FROM accounts WHERE  active = '1' AND type_id = '4'  
2017-07-20 15:42:02 SELECT SQL : SELECT * FROM account_types WHERE  active = '1'  
2017-07-20 15:42:02 SELECT SQL : SELECT * FROM user_types WHERE  active = '1'  
2017-07-20 15:42:02 Response : {"data":{"branches":[{"id":"5","name":"KINSHASHA","countryId":"4","location":"Patrice Avenue","supervisorId":"3","createdBy":"4","ts":"2017-06-30 00:06:55","active":"1"},{"id":"6","name":"OASIS MALL","countryId":"1","location":"Yusufu Lule Rd","supervisorId":"3","createdBy":"2","ts":"2017-06-30 00:12:08","active":"1"},{"id":"7","name":"GOMA","countryId":"4","location":"Goma","supervisorId":"3","createdBy":"1","ts":"2017-07-05 00:00:00","active":"1"},{"id":"9","name":"MOMBASA","countryId":"2","location":"Mombasa","supervisorId":"3","createdBy":"1","ts":"2017-07-05 00:00:00","active":"1"},{"id":"10","name":"DUBAI","countryId":"6","location":"Dubai","supervisorId":"3","createdBy":"1","ts":"2017-07-05 00:00:00","active":"1"},{"id":"11","name":"CHINA","countryId":"5","location":"China","supervisorId":"3","createdBy":"3","ts":"2017-07-05 13:23:17","active":"1"},{"id":"12","name":"NAIROBI","countryId":"2","location":"Nairobi","supervisorId":"3","createdBy":"3","ts":"2017-07-06 14:12:35","active":"1"},{"id":"13","name":"KAMPALA ROAD","countryId":"1","location":"kampala road","supervisorId":"3","createdBy":"3","ts":"2017-07-06 14:12:35","active":"1"}],"countries":[{"id":"1","name":"UGANDA","createdBy":"1","ts":"2017-06-25 23:13:31","active":"1"},{"id":"2","name":"KENYA","createdBy":"1","ts":"2017-06-26 09:02:45","active":"1"},{"id":"3","name":"TZ","createdBy":"1","ts":"2017-06-28 11:11:53","active":"1"},{"id":"4","name":"CONGO","createdBy":"1","ts":"2017-06-28 11:26:11","active":"1"},{"id":"5","name":"CHINA","createdBy":"1","ts":"2017-06-28 11:30:01","active":"1"},{"id":"6","name":"UAE","createdBy":"1","ts":"2017-07-05 00:00:00","active":"1"}],"ids":[[{"id":"1","name":"Passport","createdBy":"1","ts":"2017-06-28 14:00:01","active":"1"},{"id":"2","name":"National ID","createdBy":"1","ts":"2017-06-28 14:00:01","active":"1"},{"id":"3","name":"STUDENTS ID","createdBy":"1","ts":"2017-06-28 16:21:46","active":"1"}]],"users":[{"id":"1","firstName":"You","surname":"Jinshu","email":"hudsonbogere@swipeit.co.ug","phone":"256783131266","userName":"you","branchId":"0","userTypeId":"1","password":"$2y$10$pPGbhJ1RXx\/ug.ED3LnsQuKHJTqwYsa\/iF0OqGOgsjflkHKIDTLVq","sessionId":"KSTms8GEe36Gy41kXds63LMk2kJjROlO","ipAddress":"41.210.145.81","createdBy":null,"ts":"2017-06-23 15:08:12","active":"1"},{"id":"2","firstName":"Nansubuga","surname":"Dorothy","email":"henry@gmail.com","phone":"256752284441","userName":"dorah","branchId":"12","userTypeId":"3","password":"$2y$10$F9t92sYKf2rDJ.JzCmrrT.Jt1Ix37Fuo.uZKpXPn69dgDUTZ8xLXi","sessionId":"oik13CaSXcwTbJwBGeLD1ONyWWQ2nV2n","ipAddress":"147.75.210.248","createdBy":"1","ts":"2017-06-26 19:11:07","active":"1"},{"id":"3","firstName":"Lydia","surname":"Amoi","email":"islam@gmail.com","phone":"256777608310","userName":"lydia","branchId":"6","userTypeId":"2","password":"$2y$10$m72Zz8Z.h4\/Zp6TFDhmbXeQ79kZ7JJ2U0yLUanc0dDVxbc.5UPkRG","sessionId":"N35PCsvWubMMcNjtv44zaguTt6Y6OeJh","ipAddress":"41.75.175.106","createdBy":"1","ts":"2017-06-26 19:41:01","active":"1"},{"id":"4","firstName":"Nabukera","surname":"Maria","email":"banerd@tfb.com","phone":"256774457813","userName":"maria","branchId":"5","userTypeId":"3","password":"$2y$10$wTpUE\/WJFMfQaBglrQocTO9ndV6dbxL2vzFDEJZ1hpVVp4binpXGO","sessionId":"rlwjPHNyG6kNuWcT7RLiz3gIRGkmcp0H","ipAddress":"41.243.11.143","createdBy":"1","ts":"2017-06-26 23:04:07","active":"1"},{"id":"5","firstName":"Henry","surname":"Bbosa","email":null,"phone":null,"userName":"henry","branchId":"11","userTypeId":"3","password":"$2y$10$m72Zz8Z.h4\/Zp6TFDhmbXeQ79kZ7JJ2U0yLUanc0dDVxbc.5UPkRG","sessionId":"","ipAddress":"197.157.0.46","createdBy":"1","ts":"2017-07-05 00:00:00","active":"1"},{"id":"6","firstName":"Edwin","surname":"Kakeeto","email":"edwin@edwin.com","phone":"0777777557","userName":"edwin","branchId":"7","userTypeId":"3","password":"$2y$10$m72Zz8Z.h4\/Zp6TFDhmbXeQ79kZ7JJ2U0yLUanc0dDVxbc.5UPkRG","sessionId":"","ipAddress":"160.242.142.203","createdBy":"3","ts":"2017-07-10 07:37:50","active":"1"},{"id":"7","firstName":"Trish","surname":"Baby","email":"patricia@gmail.com","phone":"0777777557","userName":"trish","branchId":"13","userTypeId":"3","password":"$2y$10$m72Zz8Z.h4\/Zp6TFDhmbXeQ79kZ7JJ2U0yLUanc0dDVxbc.5UPkRG","sessionId":"","ipAddress":"160.242.141.153","createdBy":null,"ts":null,"active":"1"},{"id":"8","firstName":"cedric","surname":"cedric","email":"cedric@gmail.com","phone":"+256754813912","userName":"cedric","branchId":"7","userTypeId":"3","password":"$2y$10$m72Zz8Z.h4\/Zp6TFDhmbXeQ79kZ7JJ2U0yLUanc0dDVxbc.5UPkRG","sessionId":"","ipAddress":"160.242.141.153","createdBy":null,"ts":null,"active":"1"}],"accounts":[{"id":"16","name":"KINSHASHA-USD Account","branchId":"5","currency_id":"2"},{"id":"20","name":"OASIS MALL-RMB Account","branchId":"6","currency_id":"1"},{"id":"21","name":"OASIS MALL-USD Account","branchId":"6","currency_id":"2"},{"id":"22","name":"OASIS MALL-DIRHAM Account","branchId":"6","currency_id":"3"},{"id":"23","name":"OASIS MALL-UGX Account","branchId":"6","currency_id":"4"},{"id":"24","name":"OASIS MALL-KSH Account","branchId":"6","currency_id":"5"},{"id":"27","name":"CHINA-RMB Account","branchId":"11","currency_id":"1"},{"id":"28","name":"CHINA-USD Account","branchId":"11","currency_id":"2"},{"id":"33","name":"NAIROBI-USD Account","branchId":"12","currency_id":"2"},{"id":"36","name":"NAIROBI-KSH Account","branchId":"12","currency_id":"5"},{"id":"37","name":"GOMA-USD ACCOUNT","branchId":"7","currency_id":"2"},{"id":"38","name":"KAMPALA ROAD -USD ACCOUNT","branchId":"13","currency_id":"2"},{"id":"39","name":"KAMPALA ROAD- UGX ACCOUNT ","branchId":"13","currency_id":"4"}],"currencies":[{"id":"1","name":"RMB","symbol":"\u00c2\u00a5","createdBy":"1","ts":"2017-06-27 22:45:12","active":"1"},{"id":"2","name":"USD","symbol":"$","createdBy":"1","ts":"2017-06-27 22:45:12","active":"1"},{"id":"3","name":"DIRHAM","symbol":"","createdBy":"1","ts":"2017-06-28 11:40:09","active":"1"},{"id":"4","name":"UGX","symbol":"\/=","createdBy":"1","ts":"2017-06-28 11:46:50","active":"1"},{"id":"5","name":"KSH","symbol":"","createdBy":"1","ts":"2017-06-28 11:46:50","active":"1"}],"superaccount":[{"id":"1","name":"RMB Account","branchId":"0","type_id":"4","currency_id":"1","balance":"0","createdBy":"1","active":"1","ts":"2017-06-27 22:45:12"}],"accountTypes":[{"id":"1","type":"Transfer","description":"","createdBy":"1","ts":"2017-06-28 14:31:12","active":"1"},{"id":"2","type":"Suspense","description":"","createdBy":"1","ts":"2017-06-28 14:31:12","active":"1"},{"id":"4","type":"Super","description":"","createdBy":"1","ts":"2017-06-28 14:31:12","active":"1"}],"userTypes":[{"id":"1","name":"E-Value Admin","level":"1","ts":"2017-06-27 22:45:12","active":"1"},{"id":"2","name":"Super User","level":"2","ts":"2017-06-27 22:45:12","active":"1"},{"id":"3","name":"Agent","level":"3","ts":"2017-06-27 22:45:12","active":"1"},{"id":"4","name":"System Admin","level":"4","ts":"2017-06-27 22:45:12","active":"1"}]},"success":1}
2017-07-20 15:42:03 ---- New Request ----
2017-07-20 15:42:03 Controller : Transfers
2017-07-20 15:42:03 Method : getallaccountbalancesAction
2017-07-20 15:42:03 Controller File : controllers/Transfers.class.php, Exists
2017-07-20 15:42:03 Class constructed
2017-07-20 15:42:03 Class constructed
2017-07-20 15:42:03 UserID : 3
SessionId : N35PCsvWubMMcNjtv44zaguTt6Y6OeJh
Branch ID : 6
2017-07-20 15:42:03 SELECT SQL : SELECT sessionId FROM users WHERE  id = '3'  
2017-07-20 15:42:03 SELECT SQL : SELECT name,id FROM accounts WHERE  active = '1' AND branchId = '6'  
2017-07-20 15:42:03 SELECT SQL : SELECT name FROM branches WHERE  id = '6'  
2017-07-20 15:42:03 Response : {"success":1,"data":[{"name":"OASIS MALL-RMB Account","id":"20","balance":0},{"name":"OASIS MALL-USD Account","id":"21","balance":-2143207},{"name":"OASIS MALL-DIRHAM Account","id":"22","balance":0},{"name":"OASIS MALL-UGX Account","id":"23","balance":149380518},{"name":"OASIS MALL-KSH Account","id":"24","balance":0}],"branchName":"OASIS MALL"}
2017-07-20 15:42:18 ---- New Request ----
2017-07-20 15:42:18 Controller : Transfers
2017-07-20 15:42:18 Method : getbalancesAction
2017-07-20 15:42:18 Controller File : controllers/Transfers.class.php, Exists
2017-07-20 15:42:18 Class constructed
2017-07-20 15:42:18 Class constructed
2017-07-20 15:42:18 UserID : 3
SessionId : N35PCsvWubMMcNjtv44zaguTt6Y6OeJh
Branch ID : 
Date : 
2017-07-20 15:42:18 SELECT SQL : SELECT sessionId,branchId,userTypeId FROM users WHERE  id = '3'  
2017-07-20 15:42:18 SELECT SQL : SELECT closingBalance,openingBalance,accountId,branchId,date FROM balances WHERE  date = '2017-07-20'  
2017-07-20 15:42:18 SELECT SQL : SELECT name FROM accounts WHERE  id = '16'  
2017-07-20 15:42:18 SELECT SQL : SELECT name FROM branches WHERE  id = '5'  
2017-07-20 15:42:18 SELECT SQL : SELECT name FROM accounts WHERE  id = '21'  
2017-07-20 15:42:18 SELECT SQL : SELECT name FROM branches WHERE  id = '6'  
2017-07-20 15:42:18 SELECT SQL : SELECT name FROM accounts WHERE  id = '23'  
2017-07-20 15:42:18 SELECT SQL : SELECT name FROM branches WHERE  id = '6'  
2017-07-20 15:42:18 SELECT SQL : SELECT name FROM accounts WHERE  id = '27'  
2017-07-20 15:42:18 SELECT SQL : SELECT name FROM branches WHERE  id = '11'  
2017-07-20 15:42:18 SELECT SQL : SELECT name FROM accounts WHERE  id = '33'  
2017-07-20 15:42:18 SELECT SQL : SELECT name FROM branches WHERE  id = '12'  
2017-07-20 15:42:18 SELECT SQL : SELECT name FROM accounts WHERE  id = '36'  
2017-07-20 15:42:18 SELECT SQL : SELECT name FROM branches WHERE  id = '12'  
2017-07-20 15:42:18 SELECT SQL : SELECT name FROM accounts WHERE  id = '37'  
2017-07-20 15:42:18 SELECT SQL : SELECT name FROM branches WHERE  id = '7'  
2017-07-20 15:42:18 SELECT SQL : SELECT name FROM accounts WHERE  id = '38'  
2017-07-20 15:42:18 SELECT SQL : SELECT name FROM branches WHERE  id = '13'  
2017-07-20 15:42:18 Response : {"success":1,"data":[{"closingBalance":"293496","openingBalance":"293496","accountId":"16","branchId":"5","date":"2017-07-20","accountName":"KINSHASHA-USD Account","branchName":"KINSHASHA"},{"closingBalance":"627698.05028101","openingBalance":"627698.05028101","accountId":"21","branchId":"6","date":"2017-07-20","accountName":"OASIS MALL-USD Account","branchName":"OASIS MALL"},{"closingBalance":"-113664482","openingBalance":"-113664482","accountId":"23","branchId":"6","date":"2017-07-20","accountName":"OASIS MALL-UGX Account","branchName":"OASIS MALL"},{"closingBalance":"-3725432.8225704","openingBalance":"-3725432.8225704","accountId":"27","branchId":"11","date":"2017-07-20","accountName":"CHINA-RMB Account","branchName":"CHINA"},{"closingBalance":"1079","openingBalance":"1079","accountId":"33","branchId":"12","date":"2017-07-20","accountName":"NAIROBI-USD Account","branchName":"NAIROBI"},{"closingBalance":"3867148","openingBalance":"3867148","accountId":"36","branchId":"12","date":"2017-07-20","accountName":"NAIROBI-KSH Account","branchName":"NAIROBI"},{"closingBalance":"47450","openingBalance":"47450","accountId":"37","branchId":"7","date":"2017-07-20","accountName":"GOMA-USD ACCOUNT","branchName":"GOMA"},{"closingBalance":"2700","openingBalance":"2700","accountId":"38","branchId":"13","date":"2017-07-20","accountName":"KAMPALA ROAD -USD ACCOUNT","branchName":"KAMPALA ROAD"}]}
2017-07-20 15:44:40 ---- New Request ----
2017-07-20 15:44:40 Controller : Transfers
2017-07-20 15:44:40 Method : getallaccountbalancesAction
2017-07-20 15:44:40 Controller File : controllers/Transfers.class.php, Exists
2017-07-20 15:44:41 Class constructed
2017-07-20 15:44:41 Class constructed
2017-07-20 15:44:41 UserID : 3
SessionId : N35PCsvWubMMcNjtv44zaguTt6Y6OeJh
Branch ID : 6
2017-07-20 15:44:41 SELECT SQL : SELECT sessionId FROM users WHERE  id = '3'  
2017-07-20 15:44:41 SELECT SQL : SELECT name,id FROM accounts WHERE  active = '1' AND branchId = '6'  
2017-07-20 15:44:41 SELECT SQL : SELECT name FROM branches WHERE  id = '6'  
2017-07-20 15:44:41 Response : {"success":1,"data":[{"name":"OASIS MALL-RMB Account","id":"20","balance":0},{"name":"OASIS MALL-USD Account","id":"21","balance":-2143207},{"name":"OASIS MALL-DIRHAM Account","id":"22","balance":0},{"name":"OASIS MALL-UGX Account","id":"23","balance":149380518},{"name":"OASIS MALL-KSH Account","id":"24","balance":0}],"branchName":"OASIS MALL"}
2017-07-20 15:44:50 ---- New Request ----
2017-07-20 15:44:50 Controller : Transfers
2017-07-20 15:44:50 Method : getallaccountbalancesAction
2017-07-20 15:44:50 Controller File : controllers/Transfers.class.php, Exists
2017-07-20 15:44:50 Class constructed
2017-07-20 15:44:50 Class constructed
2017-07-20 15:44:50 UserID : 3
SessionId : N35PCsvWubMMcNjtv44zaguTt6Y6OeJh
Branch ID : 6
2017-07-20 15:44:50 SELECT SQL : SELECT sessionId FROM users WHERE  id = '3'  
2017-07-20 15:44:50 SELECT SQL : SELECT name,id FROM accounts WHERE  active = '1' AND branchId = '6'  
2017-07-20 15:44:50 SELECT SQL : SELECT name FROM branches WHERE  id = '6'  
2017-07-20 15:44:50 Response : {"success":1,"data":[{"name":"OASIS MALL-RMB Account","id":"20","balance":0},{"name":"OASIS MALL-USD Account","id":"21","balance":-2143207},{"name":"OASIS MALL-DIRHAM Account","id":"22","balance":0},{"name":"OASIS MALL-UGX Account","id":"23","balance":149380518},{"name":"OASIS MALL-KSH Account","id":"24","balance":0}],"branchName":"OASIS MALL"}
2017-07-20 15:44:57 ---- New Request ----
2017-07-20 15:44:57 Controller : Transfers
2017-07-20 15:44:57 Method : getallaccountbalancesAction
2017-07-20 15:44:57 Controller File : controllers/Transfers.class.php, Exists
2017-07-20 15:44:57 Class constructed
2017-07-20 15:44:57 Class constructed
2017-07-20 15:44:57 UserID : 3
SessionId : N35PCsvWubMMcNjtv44zaguTt6Y6OeJh
Branch ID : 6
2017-07-20 15:44:57 SELECT SQL : SELECT sessionId FROM users WHERE  id = '3'  
2017-07-20 15:44:57 SELECT SQL : SELECT name,id FROM accounts WHERE  active = '1' AND branchId = '6'  
2017-07-20 15:44:57 SELECT SQL : SELECT name FROM branches WHERE  id = '6'  
2017-07-20 15:44:57 Response : {"success":1,"data":[{"name":"OASIS MALL-RMB Account","id":"20","balance":0},{"name":"OASIS MALL-USD Account","id":"21","balance":-2143207},{"name":"OASIS MALL-DIRHAM Account","id":"22","balance":0},{"name":"OASIS MALL-UGX Account","id":"23","balance":149380518},{"name":"OASIS MALL-KSH Account","id":"24","balance":0}],"branchName":"OASIS MALL"}
2017-07-20 15:45:09 ---- New Request ----
2017-07-20 15:45:09 Controller : Transfers
2017-07-20 15:45:09 Method : getallaccountbalancesAction
2017-07-20 15:45:09 Controller File : controllers/Transfers.class.php, Exists
2017-07-20 15:45:09 Class constructed
2017-07-20 15:45:09 Class constructed
2017-07-20 15:45:09 UserID : 3
SessionId : N35PCsvWubMMcNjtv44zaguTt6Y6OeJh
Branch ID : 6
2017-07-20 15:45:09 SELECT SQL : SELECT sessionId FROM users WHERE  id = '3'  
2017-07-20 15:45:09 SELECT SQL : SELECT name,id FROM accounts WHERE  active = '1' AND branchId = '6'  
2017-07-20 15:45:09 SELECT SQL : SELECT name FROM branches WHERE  id = '6'  
2017-07-20 15:45:09 Response : {"success":1,"data":[{"name":"OASIS MALL-RMB Account","id":"20","balance":0},{"name":"OASIS MALL-USD Account","id":"21","balance":-2143207},{"name":"OASIS MALL-DIRHAM Account","id":"22","balance":0},{"name":"OASIS MALL-UGX Account","id":"23","balance":149380518},{"name":"OASIS MALL-KSH Account","id":"24","balance":0}],"branchName":"OASIS MALL"}
2017-07-20 15:45:11 ---- New Request ----
2017-07-20 15:45:11 Controller : Transfers
2017-07-20 15:45:11 Method : getallaccountbalancesAction
2017-07-20 15:45:11 Controller File : controllers/Transfers.class.php, Exists
2017-07-20 15:45:11 Class constructed
2017-07-20 15:45:11 Class constructed
2017-07-20 15:45:11 UserID : 3
SessionId : N35PCsvWubMMcNjtv44zaguTt6Y6OeJh
Branch ID : 6
2017-07-20 15:45:11 SELECT SQL : SELECT sessionId FROM users WHERE  id = '3'  
2017-07-20 15:45:11 SELECT SQL : SELECT name,id FROM accounts WHERE  active = '1' AND branchId = '6'  
2017-07-20 15:45:11 SELECT SQL : SELECT name FROM branches WHERE  id = '6'  
2017-07-20 15:45:11 Response : {"success":1,"data":[{"name":"OASIS MALL-RMB Account","id":"20","balance":0},{"name":"OASIS MALL-USD Account","id":"21","balance":-2143207},{"name":"OASIS MALL-DIRHAM Account","id":"22","balance":0},{"name":"OASIS MALL-UGX Account","id":"23","balance":149380518},{"name":"OASIS MALL-KSH Account","id":"24","balance":0}],"branchName":"OASIS MALL"}
2017-07-20 15:47:31 ---- New Request ----
2017-07-20 15:47:31 Controller : Exchange
2017-07-20 15:47:31 Method : createexchangeAction
2017-07-20 15:47:31 Controller File : controllers/Exchange.class.php, Exists
2017-07-20 15:47:31 Class constructed
2017-07-20 15:47:31 Class constructed
2017-07-20 15:47:31 Exchange Params:
FromCurrency : 2
ToCurrency : 4
AmountBe4 : 500
Amount After : 1800000
Exhange Rate : 3600
UserID : 3
Session ID : N35PCsvWubMMcNjtv44zaguTt6Y6OeJh
2017-07-20 15:47:31 SELECT SQL : SELECT * FROM users WHERE  id = '3'  
2017-07-20 15:47:31 INSERT SQL : INSERT INTO currency_exhane  (ts,fromCurrencyId,toCurrencyId,AmountBeforeXchange,amountAfterXchange,exhangeRate,userId)  VALUES(NOW(),'2','4','500','1800000','3600','3')
2017-07-20 15:47:31 Response : {"success":0,"errormsg":"Sorry your transaction failed. Reason: System unavailable. Contact admin"}
2017-07-20 15:51:32 ---- New Request ----
2017-07-20 15:51:32 Controller : Users
2017-07-20 15:51:32 Method : formsdetailsAction
2017-07-20 15:51:32 Controller File : controllers/Users.class.php, Exists
2017-07-20 15:51:32 Class constructed
2017-07-20 15:51:32 Details Params :
SessionID :N35PCsvWubMMcNjtv44zaguTt6Y6OeJh
User ID : 3
2017-07-20 15:51:32 SELECT SQL : SELECT * FROM branches WHERE  active = '1'  
2017-07-20 15:51:32 SELECT SQL : SELECT * FROM countries WHERE  active = '1'  
2017-07-20 15:51:32 SELECT SQL : SELECT * FROM identification WHERE  active = '1'  
2017-07-20 15:51:32 SELECT SQL : SELECT * FROM users WHERE  active = '1'  
2017-07-20 15:51:32 SELECT SQL : SELECT id,name,branchId,currency_id FROM accounts WHERE  active = '1' AND type_id = '1'  
2017-07-20 15:51:32 Balance Update Params :
Branch Id : 5
Account ID : 16
Amount : 0
2017-07-20 15:51:32 SELECT SQL : SELECT * FROM balances WHERE  branchId = '5' AND accountId = '16'  
2017-07-20 15:51:32 SELECT SQL : SELECT * FROM balances WHERE  branchId = '5' AND accountId = '16' AND date = '2017-07-20'  
2017-07-20 15:51:32 UPDATE SQL : UPDATE balances SET closingBalance = '293496' WHERE  branchId = '5' AND accountId = '16' AND date = '2017-07-20' 
2017-07-20 15:51:32 Balance Update Status 2:1
 2017-07-20 15:51:32 Balance Update Params :
Branch Id : 6
Account ID : 20
Amount : 0
2017-07-20 15:51:32 SELECT SQL : SELECT * FROM balances WHERE  branchId = '6' AND accountId = '20'  
2017-07-20 15:51:32 Balance Update Params :
Branch Id : 6
Account ID : 21
Amount : 0
2017-07-20 15:51:32 SELECT SQL : SELECT * FROM balances WHERE  branchId = '6' AND accountId = '21'  
2017-07-20 15:51:32 SELECT SQL : SELECT * FROM balances WHERE  branchId = '6' AND accountId = '21' AND date = '2017-07-20'  
2017-07-20 15:51:32 UPDATE SQL : UPDATE balances SET closingBalance = '627698.05028101' WHERE  branchId = '6' AND accountId = '21' AND date = '2017-07-20' 
2017-07-20 15:51:32 Balance Update Status 2:1
 2017-07-20 15:51:32 Balance Update Params :
Branch Id : 6
Account ID : 22
Amount : 0
2017-07-20 15:51:32 SELECT SQL : SELECT * FROM balances WHERE  branchId = '6' AND accountId = '22'  
2017-07-20 15:51:32 Balance Update Params :
Branch Id : 6
Account ID : 23
Amount : 0
2017-07-20 15:51:32 SELECT SQL : SELECT * FROM balances WHERE  branchId = '6' AND accountId = '23'  
2017-07-20 15:51:32 SELECT SQL : SELECT * FROM balances WHERE  branchId = '6' AND accountId = '23' AND date = '2017-07-20'  
2017-07-20 15:51:32 UPDATE SQL : UPDATE balances SET closingBalance = '-113664482' WHERE  branchId = '6' AND accountId = '23' AND date = '2017-07-20' 
2017-07-20 15:51:32 Balance Update Status 2:1
 2017-07-20 15:51:32 Balance Update Params :
Branch Id : 6
Account ID : 24
Amount : 0
2017-07-20 15:51:32 SELECT SQL : SELECT * FROM balances WHERE  branchId = '6' AND accountId = '24'  
2017-07-20 15:51:32 Balance Update Params :
Branch Id : 11
Account ID : 27
Amount : 0
2017-07-20 15:51:32 SELECT SQL : SELECT * FROM balances WHERE  branchId = '11' AND accountId = '27'  
2017-07-20 15:51:32 SELECT SQL : SELECT * FROM balances WHERE  branchId = '11' AND accountId = '27' AND date = '2017-07-20'  
2017-07-20 15:51:32 UPDATE SQL : UPDATE balances SET closingBalance = '-3725432.8225704' WHERE  branchId = '11' AND accountId = '27' AND date = '2017-07-20' 
2017-07-20 15:51:32 Balance Update Status 2:1
 2017-07-20 15:51:32 Balance Update Params :
Branch Id : 11
Account ID : 28
Amount : 0
2017-07-20 15:51:32 SELECT SQL : SELECT * FROM balances WHERE  branchId = '11' AND accountId = '28'  
2017-07-20 15:51:32 Balance Update Params :
Branch Id : 12
Account ID : 33
Amount : 0
2017-07-20 15:51:32 SELECT SQL : SELECT * FROM balances WHERE  branchId = '12' AND accountId = '33'  
2017-07-20 15:51:32 SELECT SQL : SELECT * FROM balances WHERE  branchId = '12' AND accountId = '33' AND date = '2017-07-20'  
2017-07-20 15:51:32 UPDATE SQL : UPDATE balances SET closingBalance = '1079' WHERE  branchId = '12' AND accountId = '33' AND date = '2017-07-20' 
2017-07-20 15:51:32 Balance Update Status 2:1
 2017-07-20 15:51:32 Balance Update Params :
Branch Id : 12
Account ID : 36
Amount : 0
2017-07-20 15:51:32 SELECT SQL : SELECT * FROM balances WHERE  branchId = '12' AND accountId = '36'  
2017-07-20 15:51:32 SELECT SQL : SELECT * FROM balances WHERE  branchId = '12' AND accountId = '36' AND date = '2017-07-20'  
2017-07-20 15:51:32 UPDATE SQL : UPDATE balances SET closingBalance = '3867148' WHERE  branchId = '12' AND accountId = '36' AND date = '2017-07-20' 
2017-07-20 15:51:32 Balance Update Status 2:1
 2017-07-20 15:51:32 Balance Update Params :
Branch Id : 7
Account ID : 37
Amount : 0
2017-07-20 15:51:32 SELECT SQL : SELECT * FROM balances WHERE  branchId = '7' AND accountId = '37'  
2017-07-20 15:51:32 SELECT SQL : SELECT * FROM balances WHERE  branchId = '7' AND accountId = '37' AND date = '2017-07-20'  
2017-07-20 15:51:32 UPDATE SQL : UPDATE balances SET closingBalance = '47450' WHERE  branchId = '7' AND accountId = '37' AND date = '2017-07-20' 
2017-07-20 15:51:32 Balance Update Status 2:1
 2017-07-20 15:51:32 Balance Update Params :
Branch Id : 13
Account ID : 38
Amount : 0
2017-07-20 15:51:32 SELECT SQL : SELECT * FROM balances WHERE  branchId = '13' AND accountId = '38'  
2017-07-20 15:51:32 SELECT SQL : SELECT * FROM balances WHERE  branchId = '13' AND accountId = '38' AND date = '2017-07-20'  
2017-07-20 15:51:32 UPDATE SQL : UPDATE balances SET closingBalance = '2700' WHERE  branchId = '13' AND accountId = '38' AND date = '2017-07-20' 
2017-07-20 15:51:32 Balance Update Status 2:1
 2017-07-20 15:51:32 Balance Update Params :
Branch Id : 13
Account ID : 39
Amount : 0
2017-07-20 15:51:32 SELECT SQL : SELECT * FROM balances WHERE  branchId = '13' AND accountId = '39'  
2017-07-20 15:51:32 SELECT SQL : SELECT * FROM currencies WHERE  active = '1'  
2017-07-20 15:51:32 SELECT SQL : SELECT * FROM accounts WHERE  active = '1' AND type_id = '4'  
2017-07-20 15:51:32 SELECT SQL : SELECT * FROM account_types WHERE  active = '1'  
2017-07-20 15:51:32 SELECT SQL : SELECT * FROM user_types WHERE  active = '1'  
2017-07-20 15:51:32 Response : {"data":{"branches":[{"id":"5","name":"KINSHASHA","countryId":"4","location":"Patrice Avenue","supervisorId":"3","createdBy":"4","ts":"2017-06-30 00:06:55","active":"1"},{"id":"6","name":"OASIS MALL","countryId":"1","location":"Yusufu Lule Rd","supervisorId":"3","createdBy":"2","ts":"2017-06-30 00:12:08","active":"1"},{"id":"7","name":"GOMA","countryId":"4","location":"Goma","supervisorId":"3","createdBy":"1","ts":"2017-07-05 00:00:00","active":"1"},{"id":"9","name":"MOMBASA","countryId":"2","location":"Mombasa","supervisorId":"3","createdBy":"1","ts":"2017-07-05 00:00:00","active":"1"},{"id":"10","name":"DUBAI","countryId":"6","location":"Dubai","supervisorId":"3","createdBy":"1","ts":"2017-07-05 00:00:00","active":"1"},{"id":"11","name":"CHINA","countryId":"5","location":"China","supervisorId":"3","createdBy":"3","ts":"2017-07-05 13:23:17","active":"1"},{"id":"12","name":"NAIROBI","countryId":"2","location":"Nairobi","supervisorId":"3","createdBy":"3","ts":"2017-07-06 14:12:35","active":"1"},{"id":"13","name":"KAMPALA ROAD","countryId":"1","location":"kampala road","supervisorId":"3","createdBy":"3","ts":"2017-07-06 14:12:35","active":"1"}],"countries":[{"id":"1","name":"UGANDA","createdBy":"1","ts":"2017-06-25 23:13:31","active":"1"},{"id":"2","name":"KENYA","createdBy":"1","ts":"2017-06-26 09:02:45","active":"1"},{"id":"3","name":"TZ","createdBy":"1","ts":"2017-06-28 11:11:53","active":"1"},{"id":"4","name":"CONGO","createdBy":"1","ts":"2017-06-28 11:26:11","active":"1"},{"id":"5","name":"CHINA","createdBy":"1","ts":"2017-06-28 11:30:01","active":"1"},{"id":"6","name":"UAE","createdBy":"1","ts":"2017-07-05 00:00:00","active":"1"}],"ids":[[{"id":"1","name":"Passport","createdBy":"1","ts":"2017-06-28 14:00:01","active":"1"},{"id":"2","name":"National ID","createdBy":"1","ts":"2017-06-28 14:00:01","active":"1"},{"id":"3","name":"STUDENTS ID","createdBy":"1","ts":"2017-06-28 16:21:46","active":"1"}]],"users":[{"id":"1","firstName":"You","surname":"Jinshu","email":"hudsonbogere@swipeit.co.ug","phone":"256783131266","userName":"you","branchId":"0","userTypeId":"1","password":"$2y$10$pPGbhJ1RXx\/ug.ED3LnsQuKHJTqwYsa\/iF0OqGOgsjflkHKIDTLVq","sessionId":"KSTms8GEe36Gy41kXds63LMk2kJjROlO","ipAddress":"41.210.145.81","createdBy":null,"ts":"2017-06-23 15:08:12","active":"1"},{"id":"2","firstName":"Nansubuga","surname":"Dorothy","email":"henry@gmail.com","phone":"256752284441","userName":"dorah","branchId":"12","userTypeId":"3","password":"$2y$10$F9t92sYKf2rDJ.JzCmrrT.Jt1Ix37Fuo.uZKpXPn69dgDUTZ8xLXi","sessionId":"oik13CaSXcwTbJwBGeLD1ONyWWQ2nV2n","ipAddress":"147.75.210.248","createdBy":"1","ts":"2017-06-26 19:11:07","active":"1"},{"id":"3","firstName":"Lydia","surname":"Amoi","email":"islam@gmail.com","phone":"256777608310","userName":"lydia","branchId":"6","userTypeId":"2","password":"$2y$10$m72Zz8Z.h4\/Zp6TFDhmbXeQ79kZ7JJ2U0yLUanc0dDVxbc.5UPkRG","sessionId":"N35PCsvWubMMcNjtv44zaguTt6Y6OeJh","ipAddress":"41.75.175.106","createdBy":"1","ts":"2017-06-26 19:41:01","active":"1"},{"id":"4","firstName":"Nabukera","surname":"Maria","email":"banerd@tfb.com","phone":"256774457813","userName":"maria","branchId":"5","userTypeId":"3","password":"$2y$10$wTpUE\/WJFMfQaBglrQocTO9ndV6dbxL2vzFDEJZ1hpVVp4binpXGO","sessionId":"rlwjPHNyG6kNuWcT7RLiz3gIRGkmcp0H","ipAddress":"41.243.11.143","createdBy":"1","ts":"2017-06-26 23:04:07","active":"1"},{"id":"5","firstName":"Henry","surname":"Bbosa","email":null,"phone":null,"userName":"henry","branchId":"11","userTypeId":"3","password":"$2y$10$m72Zz8Z.h4\/Zp6TFDhmbXeQ79kZ7JJ2U0yLUanc0dDVxbc.5UPkRG","sessionId":"","ipAddress":"197.157.0.46","createdBy":"1","ts":"2017-07-05 00:00:00","active":"1"},{"id":"6","firstName":"Edwin","surname":"Kakeeto","email":"edwin@edwin.com","phone":"0777777557","userName":"edwin","branchId":"7","userTypeId":"3","password":"$2y$10$m72Zz8Z.h4\/Zp6TFDhmbXeQ79kZ7JJ2U0yLUanc0dDVxbc.5UPkRG","sessionId":"","ipAddress":"160.242.142.203","createdBy":"3","ts":"2017-07-10 07:37:50","active":"1"},{"id":"7","firstName":"Trish","surname":"Baby","email":"patricia@gmail.com","phone":"0777777557","userName":"trish","branchId":"13","userTypeId":"3","password":"$2y$10$m72Zz8Z.h4\/Zp6TFDhmbXeQ79kZ7JJ2U0yLUanc0dDVxbc.5UPkRG","sessionId":"","ipAddress":"160.242.141.153","createdBy":null,"ts":null,"active":"1"},{"id":"8","firstName":"cedric","surname":"cedric","email":"cedric@gmail.com","phone":"+256754813912","userName":"cedric","branchId":"7","userTypeId":"3","password":"$2y$10$m72Zz8Z.h4\/Zp6TFDhmbXeQ79kZ7JJ2U0yLUanc0dDVxbc.5UPkRG","sessionId":"","ipAddress":"160.242.141.153","createdBy":null,"ts":null,"active":"1"}],"accounts":[{"id":"16","name":"KINSHASHA-USD Account","branchId":"5","currency_id":"2"},{"id":"20","name":"OASIS MALL-RMB Account","branchId":"6","currency_id":"1"},{"id":"21","name":"OASIS MALL-USD Account","branchId":"6","currency_id":"2"},{"id":"22","name":"OASIS MALL-DIRHAM Account","branchId":"6","currency_id":"3"},{"id":"23","name":"OASIS MALL-UGX Account","branchId":"6","currency_id":"4"},{"id":"24","name":"OASIS MALL-KSH Account","branchId":"6","currency_id":"5"},{"id":"27","name":"CHINA-RMB Account","branchId":"11","currency_id":"1"},{"id":"28","name":"CHINA-USD Account","branchId":"11","currency_id":"2"},{"id":"33","name":"NAIROBI-USD Account","branchId":"12","currency_id":"2"},{"id":"36","name":"NAIROBI-KSH Account","branchId":"12","currency_id":"5"},{"id":"37","name":"GOMA-USD ACCOUNT","branchId":"7","currency_id":"2"},{"id":"38","name":"KAMPALA ROAD -USD ACCOUNT","branchId":"13","currency_id":"2"},{"id":"39","name":"KAMPALA ROAD- UGX ACCOUNT ","branchId":"13","currency_id":"4"}],"currencies":[{"id":"1","name":"RMB","symbol":"\u00c2\u00a5","createdBy":"1","ts":"2017-06-27 22:45:12","active":"1"},{"id":"2","name":"USD","symbol":"$","createdBy":"1","ts":"2017-06-27 22:45:12","active":"1"},{"id":"3","name":"DIRHAM","symbol":"","createdBy":"1","ts":"2017-06-28 11:40:09","active":"1"},{"id":"4","name":"UGX","symbol":"\/=","createdBy":"1","ts":"2017-06-28 11:46:50","active":"1"},{"id":"5","name":"KSH","symbol":"","createdBy":"1","ts":"2017-06-28 11:46:50","active":"1"}],"superaccount":[{"id":"1","name":"RMB Account","branchId":"0","type_id":"4","currency_id":"1","balance":"0","createdBy":"1","active":"1","ts":"2017-06-27 22:45:12"}],"accountTypes":[{"id":"1","type":"Transfer","description":"","createdBy":"1","ts":"2017-06-28 14:31:12","active":"1"},{"id":"2","type":"Suspense","description":"","createdBy":"1","ts":"2017-06-28 14:31:12","active":"1"},{"id":"4","type":"Super","description":"","createdBy":"1","ts":"2017-06-28 14:31:12","active":"1"}],"userTypes":[{"id":"1","name":"E-Value Admin","level":"1","ts":"2017-06-27 22:45:12","active":"1"},{"id":"2","name":"Super User","level":"2","ts":"2017-06-27 22:45:12","active":"1"},{"id":"3","name":"Agent","level":"3","ts":"2017-06-27 22:45:12","active":"1"},{"id":"4","name":"System Admin","level":"4","ts":"2017-06-27 22:45:12","active":"1"}]},"success":1}
2017-07-20 15:51:34 ---- New Request ----
2017-07-20 15:51:34 Controller : Users
2017-07-20 15:51:34 Method : formsdetailsAction
2017-07-20 15:51:34 Controller File : controllers/Users.class.php, Exists
2017-07-20 15:51:34 Class constructed
2017-07-20 15:51:34 Details Params :
SessionID :N35PCsvWubMMcNjtv44zaguTt6Y6OeJh
User ID : 3
2017-07-20 15:51:34 SELECT SQL : SELECT * FROM branches WHERE  active = '1'  
2017-07-20 15:51:34 SELECT SQL : SELECT * FROM countries WHERE  active = '1'  
2017-07-20 15:51:34 SELECT SQL : SELECT * FROM identification WHERE  active = '1'  
2017-07-20 15:51:34 SELECT SQL : SELECT * FROM users WHERE  active = '1'  
2017-07-20 15:51:34 SELECT SQL : SELECT id,name,branchId,currency_id FROM accounts WHERE  active = '1' AND type_id = '1'  
2017-07-20 15:51:34 Balance Update Params :
Branch Id : 5
Account ID : 16
Amount : 0
2017-07-20 15:51:34 SELECT SQL : SELECT * FROM balances WHERE  branchId = '5' AND accountId = '16'  
2017-07-20 15:51:34 SELECT SQL : SELECT * FROM balances WHERE  branchId = '5' AND accountId = '16' AND date = '2017-07-20'  
2017-07-20 15:51:34 UPDATE SQL : UPDATE balances SET closingBalance = '293496' WHERE  branchId = '5' AND accountId = '16' AND date = '2017-07-20' 
2017-07-20 15:51:34 Balance Update Status 2:1
 2017-07-20 15:51:34 Balance Update Params :
Branch Id : 6
Account ID : 20
Amount : 0
2017-07-20 15:51:34 SELECT SQL : SELECT * FROM balances WHERE  branchId = '6' AND accountId = '20'  
2017-07-20 15:51:34 Balance Update Params :
Branch Id : 6
Account ID : 21
Amount : 0
2017-07-20 15:51:34 SELECT SQL : SELECT * FROM balances WHERE  branchId = '6' AND accountId = '21'  
2017-07-20 15:51:34 SELECT SQL : SELECT * FROM balances WHERE  branchId = '6' AND accountId = '21' AND date = '2017-07-20'  
2017-07-20 15:51:34 UPDATE SQL : UPDATE balances SET closingBalance = '627698.05028101' WHERE  branchId = '6' AND accountId = '21' AND date = '2017-07-20' 
2017-07-20 15:51:34 Balance Update Status 2:1
 2017-07-20 15:51:34 Balance Update Params :
Branch Id : 6
Account ID : 22
Amount : 0
2017-07-20 15:51:34 SELECT SQL : SELECT * FROM balances WHERE  branchId = '6' AND accountId = '22'  
2017-07-20 15:51:34 Balance Update Params :
Branch Id : 6
Account ID : 23
Amount : 0
2017-07-20 15:51:34 SELECT SQL : SELECT * FROM balances WHERE  branchId = '6' AND accountId = '23'  
2017-07-20 15:51:34 SELECT SQL : SELECT * FROM balances WHERE  branchId = '6' AND accountId = '23' AND date = '2017-07-20'  
2017-07-20 15:51:34 UPDATE SQL : UPDATE balances SET closingBalance = '-113664482' WHERE  branchId = '6' AND accountId = '23' AND date = '2017-07-20' 
2017-07-20 15:51:34 Balance Update Status 2:1
 2017-07-20 15:51:34 Balance Update Params :
Branch Id : 6
Account ID : 24
Amount : 0
2017-07-20 15:51:34 SELECT SQL : SELECT * FROM balances WHERE  branchId = '6' AND accountId = '24'  
2017-07-20 15:51:34 Balance Update Params :
Branch Id : 11
Account ID : 27
Amount : 0
2017-07-20 15:51:34 SELECT SQL : SELECT * FROM balances WHERE  branchId = '11' AND accountId = '27'  
2017-07-20 15:51:34 SELECT SQL : SELECT * FROM balances WHERE  branchId = '11' AND accountId = '27' AND date = '2017-07-20'  
2017-07-20 15:51:34 UPDATE SQL : UPDATE balances SET closingBalance = '-3725432.8225704' WHERE  branchId = '11' AND accountId = '27' AND date = '2017-07-20' 
2017-07-20 15:51:34 Balance Update Status 2:1
 2017-07-20 15:51:34 Balance Update Params :
Branch Id : 11
Account ID : 28
Amount : 0
2017-07-20 15:51:34 SELECT SQL : SELECT * FROM balances WHERE  branchId = '11' AND accountId = '28'  
2017-07-20 15:51:34 Balance Update Params :
Branch Id : 12
Account ID : 33
Amount : 0
2017-07-20 15:51:34 SELECT SQL : SELECT * FROM balances WHERE  branchId = '12' AND accountId = '33'  
2017-07-20 15:51:34 SELECT SQL : SELECT * FROM balances WHERE  branchId = '12' AND accountId = '33' AND date = '2017-07-20'  
2017-07-20 15:51:34 UPDATE SQL : UPDATE balances SET closingBalance = '1079' WHERE  branchId = '12' AND accountId = '33' AND date = '2017-07-20' 
2017-07-20 15:51:34 Balance Update Status 2:1
 2017-07-20 15:51:34 Balance Update Params :
Branch Id : 12
Account ID : 36
Amount : 0
2017-07-20 15:51:34 SELECT SQL : SELECT * FROM balances WHERE  branchId = '12' AND accountId = '36'  
2017-07-20 15:51:34 SELECT SQL : SELECT * FROM balances WHERE  branchId = '12' AND accountId = '36' AND date = '2017-07-20'  
2017-07-20 15:51:34 UPDATE SQL : UPDATE balances SET closingBalance = '3867148' WHERE  branchId = '12' AND accountId = '36' AND date = '2017-07-20' 
2017-07-20 15:51:34 Balance Update Status 2:1
 2017-07-20 15:51:34 Balance Update Params :
Branch Id : 7
Account ID : 37
Amount : 0
2017-07-20 15:51:34 SELECT SQL : SELECT * FROM balances WHERE  branchId = '7' AND accountId = '37'  
2017-07-20 15:51:34 SELECT SQL : SELECT * FROM balances WHERE  branchId = '7' AND accountId = '37' AND date = '2017-07-20'  
2017-07-20 15:51:34 UPDATE SQL : UPDATE balances SET closingBalance = '47450' WHERE  branchId = '7' AND accountId = '37' AND date = '2017-07-20' 
2017-07-20 15:51:34 Balance Update Status 2:1
 2017-07-20 15:51:34 Balance Update Params :
Branch Id : 13
Account ID : 38
Amount : 0
2017-07-20 15:51:34 SELECT SQL : SELECT * FROM balances WHERE  branchId = '13' AND accountId = '38'  
2017-07-20 15:51:34 SELECT SQL : SELECT * FROM balances WHERE  branchId = '13' AND accountId = '38' AND date = '2017-07-20'  
2017-07-20 15:51:34 UPDATE SQL : UPDATE balances SET closingBalance = '2700' WHERE  branchId = '13' AND accountId = '38' AND date = '2017-07-20' 
2017-07-20 15:51:34 Balance Update Status 2:1
 2017-07-20 15:51:34 Balance Update Params :
Branch Id : 13
Account ID : 39
Amount : 0
2017-07-20 15:51:34 SELECT SQL : SELECT * FROM balances WHERE  branchId = '13' AND accountId = '39'  
2017-07-20 15:51:34 SELECT SQL : SELECT * FROM currencies WHERE  active = '1'  
2017-07-20 15:51:34 SELECT SQL : SELECT * FROM accounts WHERE  active = '1' AND type_id = '4'  
2017-07-20 15:51:34 SELECT SQL : SELECT * FROM account_types WHERE  active = '1'  
2017-07-20 15:51:34 SELECT SQL : SELECT * FROM user_types WHERE  active = '1'  
2017-07-20 15:51:34 Response : {"data":{"branches":[{"id":"5","name":"KINSHASHA","countryId":"4","location":"Patrice Avenue","supervisorId":"3","createdBy":"4","ts":"2017-06-30 00:06:55","active":"1"},{"id":"6","name":"OASIS MALL","countryId":"1","location":"Yusufu Lule Rd","supervisorId":"3","createdBy":"2","ts":"2017-06-30 00:12:08","active":"1"},{"id":"7","name":"GOMA","countryId":"4","location":"Goma","supervisorId":"3","createdBy":"1","ts":"2017-07-05 00:00:00","active":"1"},{"id":"9","name":"MOMBASA","countryId":"2","location":"Mombasa","supervisorId":"3","createdBy":"1","ts":"2017-07-05 00:00:00","active":"1"},{"id":"10","name":"DUBAI","countryId":"6","location":"Dubai","supervisorId":"3","createdBy":"1","ts":"2017-07-05 00:00:00","active":"1"},{"id":"11","name":"CHINA","countryId":"5","location":"China","supervisorId":"3","createdBy":"3","ts":"2017-07-05 13:23:17","active":"1"},{"id":"12","name":"NAIROBI","countryId":"2","location":"Nairobi","supervisorId":"3","createdBy":"3","ts":"2017-07-06 14:12:35","active":"1"},{"id":"13","name":"KAMPALA ROAD","countryId":"1","location":"kampala road","supervisorId":"3","createdBy":"3","ts":"2017-07-06 14:12:35","active":"1"}],"countries":[{"id":"1","name":"UGANDA","createdBy":"1","ts":"2017-06-25 23:13:31","active":"1"},{"id":"2","name":"KENYA","createdBy":"1","ts":"2017-06-26 09:02:45","active":"1"},{"id":"3","name":"TZ","createdBy":"1","ts":"2017-06-28 11:11:53","active":"1"},{"id":"4","name":"CONGO","createdBy":"1","ts":"2017-06-28 11:26:11","active":"1"},{"id":"5","name":"CHINA","createdBy":"1","ts":"2017-06-28 11:30:01","active":"1"},{"id":"6","name":"UAE","createdBy":"1","ts":"2017-07-05 00:00:00","active":"1"}],"ids":[[{"id":"1","name":"Passport","createdBy":"1","ts":"2017-06-28 14:00:01","active":"1"},{"id":"2","name":"National ID","createdBy":"1","ts":"2017-06-28 14:00:01","active":"1"},{"id":"3","name":"STUDENTS ID","createdBy":"1","ts":"2017-06-28 16:21:46","active":"1"}]],"users":[{"id":"1","firstName":"You","surname":"Jinshu","email":"hudsonbogere@swipeit.co.ug","phone":"256783131266","userName":"you","branchId":"0","userTypeId":"1","password":"$2y$10$pPGbhJ1RXx\/ug.ED3LnsQuKHJTqwYsa\/iF0OqGOgsjflkHKIDTLVq","sessionId":"KSTms8GEe36Gy41kXds63LMk2kJjROlO","ipAddress":"41.210.145.81","createdBy":null,"ts":"2017-06-23 15:08:12","active":"1"},{"id":"2","firstName":"Nansubuga","surname":"Dorothy","email":"henry@gmail.com","phone":"256752284441","userName":"dorah","branchId":"12","userTypeId":"3","password":"$2y$10$F9t92sYKf2rDJ.JzCmrrT.Jt1Ix37Fuo.uZKpXPn69dgDUTZ8xLXi","sessionId":"oik13CaSXcwTbJwBGeLD1ONyWWQ2nV2n","ipAddress":"147.75.210.248","createdBy":"1","ts":"2017-06-26 19:11:07","active":"1"},{"id":"3","firstName":"Lydia","surname":"Amoi","email":"islam@gmail.com","phone":"256777608310","userName":"lydia","branchId":"6","userTypeId":"2","password":"$2y$10$m72Zz8Z.h4\/Zp6TFDhmbXeQ79kZ7JJ2U0yLUanc0dDVxbc.5UPkRG","sessionId":"N35PCsvWubMMcNjtv44zaguTt6Y6OeJh","ipAddress":"41.75.175.106","createdBy":"1","ts":"2017-06-26 19:41:01","active":"1"},{"id":"4","firstName":"Nabukera","surname":"Maria","email":"banerd@tfb.com","phone":"256774457813","userName":"maria","branchId":"5","userTypeId":"3","password":"$2y$10$wTpUE\/WJFMfQaBglrQocTO9ndV6dbxL2vzFDEJZ1hpVVp4binpXGO","sessionId":"rlwjPHNyG6kNuWcT7RLiz3gIRGkmcp0H","ipAddress":"41.243.11.143","createdBy":"1","ts":"2017-06-26 23:04:07","active":"1"},{"id":"5","firstName":"Henry","surname":"Bbosa","email":null,"phone":null,"userName":"henry","branchId":"11","userTypeId":"3","password":"$2y$10$m72Zz8Z.h4\/Zp6TFDhmbXeQ79kZ7JJ2U0yLUanc0dDVxbc.5UPkRG","sessionId":"","ipAddress":"197.157.0.46","createdBy":"1","ts":"2017-07-05 00:00:00","active":"1"},{"id":"6","firstName":"Edwin","surname":"Kakeeto","email":"edwin@edwin.com","phone":"0777777557","userName":"edwin","branchId":"7","userTypeId":"3","password":"$2y$10$m72Zz8Z.h4\/Zp6TFDhmbXeQ79kZ7JJ2U0yLUanc0dDVxbc.5UPkRG","sessionId":"","ipAddress":"160.242.142.203","createdBy":"3","ts":"2017-07-10 07:37:50","active":"1"},{"id":"7","firstName":"Trish","surname":"Baby","email":"patricia@gmail.com","phone":"0777777557","userName":"trish","branchId":"13","userTypeId":"3","password":"$2y$10$m72Zz8Z.h4\/Zp6TFDhmbXeQ79kZ7JJ2U0yLUanc0dDVxbc.5UPkRG","sessionId":"","ipAddress":"160.242.141.153","createdBy":null,"ts":null,"active":"1"},{"id":"8","firstName":"cedric","surname":"cedric","email":"cedric@gmail.com","phone":"+256754813912","userName":"cedric","branchId":"7","userTypeId":"3","password":"$2y$10$m72Zz8Z.h4\/Zp6TFDhmbXeQ79kZ7JJ2U0yLUanc0dDVxbc.5UPkRG","sessionId":"","ipAddress":"160.242.141.153","createdBy":null,"ts":null,"active":"1"}],"accounts":[{"id":"16","name":"KINSHASHA-USD Account","branchId":"5","currency_id":"2"},{"id":"20","name":"OASIS MALL-RMB Account","branchId":"6","currency_id":"1"},{"id":"21","name":"OASIS MALL-USD Account","branchId":"6","currency_id":"2"},{"id":"22","name":"OASIS MALL-DIRHAM Account","branchId":"6","currency_id":"3"},{"id":"23","name":"OASIS MALL-UGX Account","branchId":"6","currency_id":"4"},{"id":"24","name":"OASIS MALL-KSH Account","branchId":"6","currency_id":"5"},{"id":"27","name":"CHINA-RMB Account","branchId":"11","currency_id":"1"},{"id":"28","name":"CHINA-USD Account","branchId":"11","currency_id":"2"},{"id":"33","name":"NAIROBI-USD Account","branchId":"12","currency_id":"2"},{"id":"36","name":"NAIROBI-KSH Account","branchId":"12","currency_id":"5"},{"id":"37","name":"GOMA-USD ACCOUNT","branchId":"7","currency_id":"2"},{"id":"38","name":"KAMPALA ROAD -USD ACCOUNT","branchId":"13","currency_id":"2"},{"id":"39","name":"KAMPALA ROAD- UGX ACCOUNT ","branchId":"13","currency_id":"4"}],"currencies":[{"id":"1","name":"RMB","symbol":"\u00c2\u00a5","createdBy":"1","ts":"2017-06-27 22:45:12","active":"1"},{"id":"2","name":"USD","symbol":"$","createdBy":"1","ts":"2017-06-27 22:45:12","active":"1"},{"id":"3","name":"DIRHAM","symbol":"","createdBy":"1","ts":"2017-06-28 11:40:09","active":"1"},{"id":"4","name":"UGX","symbol":"\/=","createdBy":"1","ts":"2017-06-28 11:46:50","active":"1"},{"id":"5","name":"KSH","symbol":"","createdBy":"1","ts":"2017-06-28 11:46:50","active":"1"}],"superaccount":[{"id":"1","name":"RMB Account","branchId":"0","type_id":"4","currency_id":"1","balance":"0","createdBy":"1","active":"1","ts":"2017-06-27 22:45:12"}],"accountTypes":[{"id":"1","type":"Transfer","description":"","createdBy":"1","ts":"2017-06-28 14:31:12","active":"1"},{"id":"2","type":"Suspense","description":"","createdBy":"1","ts":"2017-06-28 14:31:12","active":"1"},{"id":"4","type":"Super","description":"","createdBy":"1","ts":"2017-06-28 14:31:12","active":"1"}],"userTypes":[{"id":"1","name":"E-Value Admin","level":"1","ts":"2017-06-27 22:45:12","active":"1"},{"id":"2","name":"Super User","level":"2","ts":"2017-06-27 22:45:12","active":"1"},{"id":"3","name":"Agent","level":"3","ts":"2017-06-27 22:45:12","active":"1"},{"id":"4","name":"System Admin","level":"4","ts":"2017-06-27 22:45:12","active":"1"}]},"success":1}
2017-07-20 15:51:50 ---- New Request ----
2017-07-20 15:51:50 Controller : Exchange
2017-07-20 15:51:50 Method : createexchangeAction
2017-07-20 15:51:50 Controller File : controllers/Exchange.class.php, Exists
2017-07-20 15:51:50 Class constructed
2017-07-20 15:51:50 Class constructed
2017-07-20 15:51:50 Exchange Params:
FromCurrency : 2
ToCurrency : 4
AmountBe4 : 700
Amount After : 2520000
Exhange Rate : 3600
UserID : 3
Session ID : N35PCsvWubMMcNjtv44zaguTt6Y6OeJh
2017-07-20 15:51:50 SELECT SQL : SELECT * FROM users WHERE  id = '3'  
2017-07-20 15:51:50 INSERT SQL : INSERT INTO currency_exhane  (ts,fromCurrencyId,toCurrencyId,AmountBeforeXchange,amountAfterXchange,exhangeRate,userId)  VALUES(NOW(),'2','4','700','2520000','3600','3')
2017-07-20 15:51:50 Response : {"success":0}
2017-07-20 15:54:50 ---- New Request ----
2017-07-20 15:54:50 Controller : Users
2017-07-20 15:54:50 Method : formsdetailsAction
2017-07-20 15:54:50 Controller File : controllers/Users.class.php, Exists
2017-07-20 15:54:50 Class constructed
2017-07-20 15:54:50 Details Params :
SessionID :N35PCsvWubMMcNjtv44zaguTt6Y6OeJh
User ID : 3
2017-07-20 15:54:50 SELECT SQL : SELECT * FROM branches WHERE  active = '1'  
2017-07-20 15:54:50 SELECT SQL : SELECT * FROM countries WHERE  active = '1'  
2017-07-20 15:54:50 SELECT SQL : SELECT * FROM identification WHERE  active = '1'  
2017-07-20 15:54:50 SELECT SQL : SELECT * FROM users WHERE  active = '1'  
2017-07-20 15:54:50 SELECT SQL : SELECT id,name,branchId,currency_id FROM accounts WHERE  active = '1' AND type_id = '1'  
2017-07-20 15:54:50 Balance Update Params :
Branch Id : 5
Account ID : 16
Amount : 0
2017-07-20 15:54:50 SELECT SQL : SELECT * FROM balances WHERE  branchId = '5' AND accountId = '16'  
2017-07-20 15:54:50 SELECT SQL : SELECT * FROM balances WHERE  branchId = '5' AND accountId = '16' AND date = '2017-07-20'  
2017-07-20 15:54:50 UPDATE SQL : UPDATE balances SET closingBalance = '293496' WHERE  branchId = '5' AND accountId = '16' AND date = '2017-07-20' 
2017-07-20 15:54:50 Balance Update Status 2:1
 2017-07-20 15:54:50 Balance Update Params :
Branch Id : 6
Account ID : 20
Amount : 0
2017-07-20 15:54:50 SELECT SQL : SELECT * FROM balances WHERE  branchId = '6' AND accountId = '20'  
2017-07-20 15:54:50 Balance Update Params :
Branch Id : 6
Account ID : 21
Amount : 0
2017-07-20 15:54:50 SELECT SQL : SELECT * FROM balances WHERE  branchId = '6' AND accountId = '21'  
2017-07-20 15:54:50 SELECT SQL : SELECT * FROM balances WHERE  branchId = '6' AND accountId = '21' AND date = '2017-07-20'  
2017-07-20 15:54:50 UPDATE SQL : UPDATE balances SET closingBalance = '627698.05028101' WHERE  branchId = '6' AND accountId = '21' AND date = '2017-07-20' 
2017-07-20 15:54:50 Balance Update Status 2:1
 2017-07-20 15:54:50 Balance Update Params :
Branch Id : 6
Account ID : 22
Amount : 0
2017-07-20 15:54:50 SELECT SQL : SELECT * FROM balances WHERE  branchId = '6' AND accountId = '22'  
2017-07-20 15:54:50 Balance Update Params :
Branch Id : 6
Account ID : 23
Amount : 0
2017-07-20 15:54:50 SELECT SQL : SELECT * FROM balances WHERE  branchId = '6' AND accountId = '23'  
2017-07-20 15:54:50 SELECT SQL : SELECT * FROM balances WHERE  branchId = '6' AND accountId = '23' AND date = '2017-07-20'  
2017-07-20 15:54:50 UPDATE SQL : UPDATE balances SET closingBalance = '-113664482' WHERE  branchId = '6' AND accountId = '23' AND date = '2017-07-20' 
2017-07-20 15:54:50 Balance Update Status 2:1
 2017-07-20 15:54:50 Balance Update Params :
Branch Id : 6
Account ID : 24
Amount : 0
2017-07-20 15:54:50 SELECT SQL : SELECT * FROM balances WHERE  branchId = '6' AND accountId = '24'  
2017-07-20 15:54:50 Balance Update Params :
Branch Id : 11
Account ID : 27
Amount : 0
2017-07-20 15:54:50 SELECT SQL : SELECT * FROM balances WHERE  branchId = '11' AND accountId = '27'  
2017-07-20 15:54:50 SELECT SQL : SELECT * FROM balances WHERE  branchId = '11' AND accountId = '27' AND date = '2017-07-20'  
2017-07-20 15:54:50 UPDATE SQL : UPDATE balances SET closingBalance = '-3725432.8225704' WHERE  branchId = '11' AND accountId = '27' AND date = '2017-07-20' 
2017-07-20 15:54:50 Balance Update Status 2:1
 2017-07-20 15:54:50 Balance Update Params :
Branch Id : 11
Account ID : 28
Amount : 0
2017-07-20 15:54:50 SELECT SQL : SELECT * FROM balances WHERE  branchId = '11' AND accountId = '28'  
2017-07-20 15:54:50 Balance Update Params :
Branch Id : 12
Account ID : 33
Amount : 0
2017-07-20 15:54:50 SELECT SQL : SELECT * FROM balances WHERE  branchId = '12' AND accountId = '33'  
2017-07-20 15:54:50 SELECT SQL : SELECT * FROM balances WHERE  branchId = '12' AND accountId = '33' AND date = '2017-07-20'  
2017-07-20 15:54:50 UPDATE SQL : UPDATE balances SET closingBalance = '1079' WHERE  branchId = '12' AND accountId = '33' AND date = '2017-07-20' 
2017-07-20 15:54:50 Balance Update Status 2:1
 2017-07-20 15:54:50 Balance Update Params :
Branch Id : 12
Account ID : 36
Amount : 0
2017-07-20 15:54:50 SELECT SQL : SELECT * FROM balances WHERE  branchId = '12' AND accountId = '36'  
2017-07-20 15:54:50 SELECT SQL : SELECT * FROM balances WHERE  branchId = '12' AND accountId = '36' AND date = '2017-07-20'  
2017-07-20 15:54:50 UPDATE SQL : UPDATE balances SET closingBalance = '3867148' WHERE  branchId = '12' AND accountId = '36' AND date = '2017-07-20' 
2017-07-20 15:54:50 Balance Update Status 2:1
 2017-07-20 15:54:50 Balance Update Params :
Branch Id : 7
Account ID : 37
Amount : 0
2017-07-20 15:54:50 SELECT SQL : SELECT * FROM balances WHERE  branchId = '7' AND accountId = '37'  
2017-07-20 15:54:50 SELECT SQL : SELECT * FROM balances WHERE  branchId = '7' AND accountId = '37' AND date = '2017-07-20'  
2017-07-20 15:54:50 UPDATE SQL : UPDATE balances SET closingBalance = '47450' WHERE  branchId = '7' AND accountId = '37' AND date = '2017-07-20' 
2017-07-20 15:54:50 Balance Update Status 2:1
 2017-07-20 15:54:50 Balance Update Params :
Branch Id : 13
Account ID : 38
Amount : 0
2017-07-20 15:54:50 SELECT SQL : SELECT * FROM balances WHERE  branchId = '13' AND accountId = '38'  
2017-07-20 15:54:50 SELECT SQL : SELECT * FROM balances WHERE  branchId = '13' AND accountId = '38' AND date = '2017-07-20'  
2017-07-20 15:54:50 UPDATE SQL : UPDATE balances SET closingBalance = '2700' WHERE  branchId = '13' AND accountId = '38' AND date = '2017-07-20' 
2017-07-20 15:54:50 Balance Update Status 2:1
 2017-07-20 15:54:50 Balance Update Params :
Branch Id : 13
Account ID : 39
Amount : 0
2017-07-20 15:54:50 SELECT SQL : SELECT * FROM balances WHERE  branchId = '13' AND accountId = '39'  
2017-07-20 15:54:50 SELECT SQL : SELECT * FROM currencies WHERE  active = '1'  
2017-07-20 15:54:50 SELECT SQL : SELECT * FROM accounts WHERE  active = '1' AND type_id = '4'  
2017-07-20 15:54:50 SELECT SQL : SELECT * FROM account_types WHERE  active = '1'  
2017-07-20 15:54:50 SELECT SQL : SELECT * FROM user_types WHERE  active = '1'  
2017-07-20 15:54:50 Response : {"data":{"branches":[{"id":"5","name":"KINSHASHA","countryId":"4","location":"Patrice Avenue","supervisorId":"3","createdBy":"4","ts":"2017-06-30 00:06:55","active":"1"},{"id":"6","name":"OASIS MALL","countryId":"1","location":"Yusufu Lule Rd","supervisorId":"3","createdBy":"2","ts":"2017-06-30 00:12:08","active":"1"},{"id":"7","name":"GOMA","countryId":"4","location":"Goma","supervisorId":"3","createdBy":"1","ts":"2017-07-05 00:00:00","active":"1"},{"id":"9","name":"MOMBASA","countryId":"2","location":"Mombasa","supervisorId":"3","createdBy":"1","ts":"2017-07-05 00:00:00","active":"1"},{"id":"10","name":"DUBAI","countryId":"6","location":"Dubai","supervisorId":"3","createdBy":"1","ts":"2017-07-05 00:00:00","active":"1"},{"id":"11","name":"CHINA","countryId":"5","location":"China","supervisorId":"3","createdBy":"3","ts":"2017-07-05 13:23:17","active":"1"},{"id":"12","name":"NAIROBI","countryId":"2","location":"Nairobi","supervisorId":"3","createdBy":"3","ts":"2017-07-06 14:12:35","active":"1"},{"id":"13","name":"KAMPALA ROAD","countryId":"1","location":"kampala road","supervisorId":"3","createdBy":"3","ts":"2017-07-06 14:12:35","active":"1"}],"countries":[{"id":"1","name":"UGANDA","createdBy":"1","ts":"2017-06-25 23:13:31","active":"1"},{"id":"2","name":"KENYA","createdBy":"1","ts":"2017-06-26 09:02:45","active":"1"},{"id":"3","name":"TZ","createdBy":"1","ts":"2017-06-28 11:11:53","active":"1"},{"id":"4","name":"CONGO","createdBy":"1","ts":"2017-06-28 11:26:11","active":"1"},{"id":"5","name":"CHINA","createdBy":"1","ts":"2017-06-28 11:30:01","active":"1"},{"id":"6","name":"UAE","createdBy":"1","ts":"2017-07-05 00:00:00","active":"1"}],"ids":[[{"id":"1","name":"Passport","createdBy":"1","ts":"2017-06-28 14:00:01","active":"1"},{"id":"2","name":"National ID","createdBy":"1","ts":"2017-06-28 14:00:01","active":"1"},{"id":"3","name":"STUDENTS ID","createdBy":"1","ts":"2017-06-28 16:21:46","active":"1"}]],"users":[{"id":"1","firstName":"You","surname":"Jinshu","email":"hudsonbogere@swipeit.co.ug","phone":"256783131266","userName":"you","branchId":"0","userTypeId":"1","password":"$2y$10$pPGbhJ1RXx\/ug.ED3LnsQuKHJTqwYsa\/iF0OqGOgsjflkHKIDTLVq","sessionId":"KSTms8GEe36Gy41kXds63LMk2kJjROlO","ipAddress":"41.210.145.81","createdBy":null,"ts":"2017-06-23 15:08:12","active":"1"},{"id":"2","firstName":"Nansubuga","surname":"Dorothy","email":"henry@gmail.com","phone":"256752284441","userName":"dorah","branchId":"12","userTypeId":"3","password":"$2y$10$F9t92sYKf2rDJ.JzCmrrT.Jt1Ix37Fuo.uZKpXPn69dgDUTZ8xLXi","sessionId":"oik13CaSXcwTbJwBGeLD1ONyWWQ2nV2n","ipAddress":"147.75.210.248","createdBy":"1","ts":"2017-06-26 19:11:07","active":"1"},{"id":"3","firstName":"Lydia","surname":"Amoi","email":"islam@gmail.com","phone":"256777608310","userName":"lydia","branchId":"6","userTypeId":"2","password":"$2y$10$m72Zz8Z.h4\/Zp6TFDhmbXeQ79kZ7JJ2U0yLUanc0dDVxbc.5UPkRG","sessionId":"N35PCsvWubMMcNjtv44zaguTt6Y6OeJh","ipAddress":"41.75.175.106","createdBy":"1","ts":"2017-06-26 19:41:01","active":"1"},{"id":"4","firstName":"Nabukera","surname":"Maria","email":"banerd@tfb.com","phone":"256774457813","userName":"maria","branchId":"5","userTypeId":"3","password":"$2y$10$wTpUE\/WJFMfQaBglrQocTO9ndV6dbxL2vzFDEJZ1hpVVp4binpXGO","sessionId":"rlwjPHNyG6kNuWcT7RLiz3gIRGkmcp0H","ipAddress":"41.243.11.143","createdBy":"1","ts":"2017-06-26 23:04:07","active":"1"},{"id":"5","firstName":"Henry","surname":"Bbosa","email":null,"phone":null,"userName":"henry","branchId":"11","userTypeId":"3","password":"$2y$10$m72Zz8Z.h4\/Zp6TFDhmbXeQ79kZ7JJ2U0yLUanc0dDVxbc.5UPkRG","sessionId":"","ipAddress":"197.157.0.46","createdBy":"1","ts":"2017-07-05 00:00:00","active":"1"},{"id":"6","firstName":"Edwin","surname":"Kakeeto","email":"edwin@edwin.com","phone":"0777777557","userName":"edwin","branchId":"7","userTypeId":"3","password":"$2y$10$m72Zz8Z.h4\/Zp6TFDhmbXeQ79kZ7JJ2U0yLUanc0dDVxbc.5UPkRG","sessionId":"","ipAddress":"160.242.142.203","createdBy":"3","ts":"2017-07-10 07:37:50","active":"1"},{"id":"7","firstName":"Trish","surname":"Baby","email":"patricia@gmail.com","phone":"0777777557","userName":"trish","branchId":"13","userTypeId":"3","password":"$2y$10$m72Zz8Z.h4\/Zp6TFDhmbXeQ79kZ7JJ2U0yLUanc0dDVxbc.5UPkRG","sessionId":"","ipAddress":"160.242.141.153","createdBy":null,"ts":null,"active":"1"},{"id":"8","firstName":"cedric","surname":"cedric","email":"cedric@gmail.com","phone":"+256754813912","userName":"cedric","branchId":"7","userTypeId":"3","password":"$2y$10$m72Zz8Z.h4\/Zp6TFDhmbXeQ79kZ7JJ2U0yLUanc0dDVxbc.5UPkRG","sessionId":"","ipAddress":"160.242.141.153","createdBy":null,"ts":null,"active":"1"}],"accounts":[{"id":"16","name":"KINSHASHA-USD Account","branchId":"5","currency_id":"2"},{"id":"20","name":"OASIS MALL-RMB Account","branchId":"6","currency_id":"1"},{"id":"21","name":"OASIS MALL-USD Account","branchId":"6","currency_id":"2"},{"id":"22","name":"OASIS MALL-DIRHAM Account","branchId":"6","currency_id":"3"},{"id":"23","name":"OASIS MALL-UGX Account","branchId":"6","currency_id":"4"},{"id":"24","name":"OASIS MALL-KSH Account","branchId":"6","currency_id":"5"},{"id":"27","name":"CHINA-RMB Account","branchId":"11","currency_id":"1"},{"id":"28","name":"CHINA-USD Account","branchId":"11","currency_id":"2"},{"id":"33","name":"NAIROBI-USD Account","branchId":"12","currency_id":"2"},{"id":"36","name":"NAIROBI-KSH Account","branchId":"12","currency_id":"5"},{"id":"37","name":"GOMA-USD ACCOUNT","branchId":"7","currency_id":"2"},{"id":"38","name":"KAMPALA ROAD -USD ACCOUNT","branchId":"13","currency_id":"2"},{"id":"39","name":"KAMPALA ROAD- UGX ACCOUNT ","branchId":"13","currency_id":"4"}],"currencies":[{"id":"1","name":"RMB","symbol":"\u00c2\u00a5","createdBy":"1","ts":"2017-06-27 22:45:12","active":"1"},{"id":"2","name":"USD","symbol":"$","createdBy":"1","ts":"2017-06-27 22:45:12","active":"1"},{"id":"3","name":"DIRHAM","symbol":"","createdBy":"1","ts":"2017-06-28 11:40:09","active":"1"},{"id":"4","name":"UGX","symbol":"\/=","createdBy":"1","ts":"2017-06-28 11:46:50","active":"1"},{"id":"5","name":"KSH","symbol":"","createdBy":"1","ts":"2017-06-28 11:46:50","active":"1"}],"superaccount":[{"id":"1","name":"RMB Account","branchId":"0","type_id":"4","currency_id":"1","balance":"0","createdBy":"1","active":"1","ts":"2017-06-27 22:45:12"}],"accountTypes":[{"id":"1","type":"Transfer","description":"","createdBy":"1","ts":"2017-06-28 14:31:12","active":"1"},{"id":"2","type":"Suspense","description":"","createdBy":"1","ts":"2017-06-28 14:31:12","active":"1"},{"id":"4","type":"Super","description":"","createdBy":"1","ts":"2017-06-28 14:31:12","active":"1"}],"userTypes":[{"id":"1","name":"E-Value Admin","level":"1","ts":"2017-06-27 22:45:12","active":"1"},{"id":"2","name":"Super User","level":"2","ts":"2017-06-27 22:45:12","active":"1"},{"id":"3","name":"Agent","level":"3","ts":"2017-06-27 22:45:12","active":"1"},{"id":"4","name":"System Admin","level":"4","ts":"2017-06-27 22:45:12","active":"1"}]},"success":1}
2017-07-20 15:54:51 ---- New Request ----
2017-07-20 15:54:51 Controller : Transfers
2017-07-20 15:54:51 Method : getallaccountbalancesAction
2017-07-20 15:54:51 Controller File : controllers/Transfers.class.php, Exists
2017-07-20 15:54:51 Class constructed
2017-07-20 15:54:51 Class constructed
2017-07-20 15:54:51 UserID : 3
SessionId : N35PCsvWubMMcNjtv44zaguTt6Y6OeJh
Branch ID : 6
2017-07-20 15:54:51 SELECT SQL : SELECT sessionId FROM users WHERE  id = '3'  
2017-07-20 15:54:51 SELECT SQL : SELECT name,id FROM accounts WHERE  active = '1' AND branchId = '6'  
2017-07-20 15:54:51 SELECT SQL : SELECT name FROM branches WHERE  id = '6'  
2017-07-20 15:54:51 Response : {"success":1,"data":[{"name":"OASIS MALL-RMB Account","id":"20","balance":0},{"name":"OASIS MALL-USD Account","id":"21","balance":-2143207},{"name":"OASIS MALL-DIRHAM Account","id":"22","balance":0},{"name":"OASIS MALL-UGX Account","id":"23","balance":149380518},{"name":"OASIS MALL-KSH Account","id":"24","balance":0}],"branchName":"OASIS MALL"}
2017-07-20 15:55:11 ---- New Request ----
2017-07-20 15:55:11 Controller : Exchange
2017-07-20 15:55:11 Method : createexchangeAction
2017-07-20 15:55:11 Controller File : controllers/Exchange.class.php, Exists
2017-07-20 15:55:11 Class constructed
2017-07-20 15:55:11 Class constructed
2017-07-20 15:55:11 Exchange Params:
FromCurrency : 2
ToCurrency : 4
AmountBe4 : 500
Amount After : 1800000
Exhange Rate : 3600
UserID : 3
Session ID : N35PCsvWubMMcNjtv44zaguTt6Y6OeJh
2017-07-20 15:55:11 SELECT SQL : SELECT * FROM users WHERE  id = '3'  
2017-07-20 15:55:11 INSERT SQL : INSERT INTO currency_exhane  (ts,fromCurrencyId,toCurrencyId,AmountBeforeXchange,amountAfterXchange,exhangeRate,userId)  VALUES(NOW(),'2','4','500','1800000','3600','3')
2017-07-20 15:55:11 Response : {"success":0,"errormsg":"Sorry your transaction failed. Reason: System unavailable. Contact admin"}
2017-07-20 15:57:50 ---- New Request ----
2017-07-20 15:57:50 Controller : Users
2017-07-20 15:57:50 Method : formsdetailsAction
2017-07-20 15:57:50 Controller File : controllers/Users.class.php, Exists
2017-07-20 15:57:50 Class constructed
2017-07-20 15:57:50 Details Params :
SessionID :N35PCsvWubMMcNjtv44zaguTt6Y6OeJh
User ID : 3
2017-07-20 15:57:50 SELECT SQL : SELECT * FROM branches WHERE  active = '1'  
2017-07-20 15:57:50 SELECT SQL : SELECT * FROM countries WHERE  active = '1'  
2017-07-20 15:57:50 SELECT SQL : SELECT * FROM identification WHERE  active = '1'  
2017-07-20 15:57:50 SELECT SQL : SELECT * FROM users WHERE  active = '1'  
2017-07-20 15:57:50 SELECT SQL : SELECT id,name,branchId,currency_id FROM accounts WHERE  active = '1' AND type_id = '1'  
2017-07-20 15:57:50 Balance Update Params :
Branch Id : 5
Account ID : 16
Amount : 0
2017-07-20 15:57:50 SELECT SQL : SELECT * FROM balances WHERE  branchId = '5' AND accountId = '16'  
2017-07-20 15:57:50 SELECT SQL : SELECT * FROM balances WHERE  branchId = '5' AND accountId = '16' AND date = '2017-07-20'  
2017-07-20 15:57:50 UPDATE SQL : UPDATE balances SET closingBalance = '293496' WHERE  branchId = '5' AND accountId = '16' AND date = '2017-07-20' 
2017-07-20 15:57:50 Balance Update Status 2:1
 2017-07-20 15:57:50 Balance Update Params :
Branch Id : 6
Account ID : 20
Amount : 0
2017-07-20 15:57:50 SELECT SQL : SELECT * FROM balances WHERE  branchId = '6' AND accountId = '20'  
2017-07-20 15:57:50 Balance Update Params :
Branch Id : 6
Account ID : 21
Amount : 0
2017-07-20 15:57:50 SELECT SQL : SELECT * FROM balances WHERE  branchId = '6' AND accountId = '21'  
2017-07-20 15:57:50 SELECT SQL : SELECT * FROM balances WHERE  branchId = '6' AND accountId = '21' AND date = '2017-07-20'  
2017-07-20 15:57:50 UPDATE SQL : UPDATE balances SET closingBalance = '627698.05028101' WHERE  branchId = '6' AND accountId = '21' AND date = '2017-07-20' 
2017-07-20 15:57:50 Balance Update Status 2:1
 2017-07-20 15:57:50 Balance Update Params :
Branch Id : 6
Account ID : 22
Amount : 0
2017-07-20 15:57:50 SELECT SQL : SELECT * FROM balances WHERE  branchId = '6' AND accountId = '22'  
2017-07-20 15:57:50 Balance Update Params :
Branch Id : 6
Account ID : 23
Amount : 0
2017-07-20 15:57:50 SELECT SQL : SELECT * FROM balances WHERE  branchId = '6' AND accountId = '23'  
2017-07-20 15:57:50 SELECT SQL : SELECT * FROM balances WHERE  branchId = '6' AND accountId = '23' AND date = '2017-07-20'  
2017-07-20 15:57:50 UPDATE SQL : UPDATE balances SET closingBalance = '-113664482' WHERE  branchId = '6' AND accountId = '23' AND date = '2017-07-20' 
2017-07-20 15:57:50 Balance Update Status 2:1
 2017-07-20 15:57:50 Balance Update Params :
Branch Id : 6
Account ID : 24
Amount : 0
2017-07-20 15:57:50 SELECT SQL : SELECT * FROM balances WHERE  branchId = '6' AND accountId = '24'  
2017-07-20 15:57:50 Balance Update Params :
Branch Id : 11
Account ID : 27
Amount : 0
2017-07-20 15:57:50 SELECT SQL : SELECT * FROM balances WHERE  branchId = '11' AND accountId = '27'  
2017-07-20 15:57:50 SELECT SQL : SELECT * FROM balances WHERE  branchId = '11' AND accountId = '27' AND date = '2017-07-20'  
2017-07-20 15:57:50 UPDATE SQL : UPDATE balances SET closingBalance = '-3725432.8225704' WHERE  branchId = '11' AND accountId = '27' AND date = '2017-07-20' 
2017-07-20 15:57:50 Balance Update Status 2:1
 2017-07-20 15:57:50 Balance Update Params :
Branch Id : 11
Account ID : 28
Amount : 0
2017-07-20 15:57:50 SELECT SQL : SELECT * FROM balances WHERE  branchId = '11' AND accountId = '28'  
2017-07-20 15:57:50 Balance Update Params :
Branch Id : 12
Account ID : 33
Amount : 0
2017-07-20 15:57:50 SELECT SQL : SELECT * FROM balances WHERE  branchId = '12' AND accountId = '33'  
2017-07-20 15:57:50 SELECT SQL : SELECT * FROM balances WHERE  branchId = '12' AND accountId = '33' AND date = '2017-07-20'  
2017-07-20 15:57:50 UPDATE SQL : UPDATE balances SET closingBalance = '1079' WHERE  branchId = '12' AND accountId = '33' AND date = '2017-07-20' 
2017-07-20 15:57:50 Balance Update Status 2:1
 2017-07-20 15:57:50 Balance Update Params :
Branch Id : 12
Account ID : 36
Amount : 0
2017-07-20 15:57:50 SELECT SQL : SELECT * FROM balances WHERE  branchId = '12' AND accountId = '36'  
2017-07-20 15:57:50 SELECT SQL : SELECT * FROM balances WHERE  branchId = '12' AND accountId = '36' AND date = '2017-07-20'  
2017-07-20 15:57:50 UPDATE SQL : UPDATE balances SET closingBalance = '3867148' WHERE  branchId = '12' AND accountId = '36' AND date = '2017-07-20' 
2017-07-20 15:57:50 Balance Update Status 2:1
 2017-07-20 15:57:50 Balance Update Params :
Branch Id : 7
Account ID : 37
Amount : 0
2017-07-20 15:57:50 SELECT SQL : SELECT * FROM balances WHERE  branchId = '7' AND accountId = '37'  
2017-07-20 15:57:50 SELECT SQL : SELECT * FROM balances WHERE  branchId = '7' AND accountId = '37' AND date = '2017-07-20'  
2017-07-20 15:57:50 UPDATE SQL : UPDATE balances SET closingBalance = '47450' WHERE  branchId = '7' AND accountId = '37' AND date = '2017-07-20' 
2017-07-20 15:57:50 Balance Update Status 2:1
 2017-07-20 15:57:50 Balance Update Params :
Branch Id : 13
Account ID : 38
Amount : 0
2017-07-20 15:57:50 SELECT SQL : SELECT * FROM balances WHERE  branchId = '13' AND accountId = '38'  
2017-07-20 15:57:50 SELECT SQL : SELECT * FROM balances WHERE  branchId = '13' AND accountId = '38' AND date = '2017-07-20'  
2017-07-20 15:57:50 UPDATE SQL : UPDATE balances SET closingBalance = '2700' WHERE  branchId = '13' AND accountId = '38' AND date = '2017-07-20' 
2017-07-20 15:57:50 Balance Update Status 2:1
 2017-07-20 15:57:50 Balance Update Params :
Branch Id : 13
Account ID : 39
Amount : 0
2017-07-20 15:57:50 SELECT SQL : SELECT * FROM balances WHERE  branchId = '13' AND accountId = '39'  
2017-07-20 15:57:50 SELECT SQL : SELECT * FROM currencies WHERE  active = '1'  
2017-07-20 15:57:50 SELECT SQL : SELECT * FROM accounts WHERE  active = '1' AND type_id = '4'  
2017-07-20 15:57:50 SELECT SQL : SELECT * FROM account_types WHERE  active = '1'  
2017-07-20 15:57:50 SELECT SQL : SELECT * FROM user_types WHERE  active = '1'  
2017-07-20 15:57:50 Response : {"data":{"branches":[{"id":"5","name":"KINSHASHA","countryId":"4","location":"Patrice Avenue","supervisorId":"3","createdBy":"4","ts":"2017-06-30 00:06:55","active":"1"},{"id":"6","name":"OASIS MALL","countryId":"1","location":"Yusufu Lule Rd","supervisorId":"3","createdBy":"2","ts":"2017-06-30 00:12:08","active":"1"},{"id":"7","name":"GOMA","countryId":"4","location":"Goma","supervisorId":"3","createdBy":"1","ts":"2017-07-05 00:00:00","active":"1"},{"id":"9","name":"MOMBASA","countryId":"2","location":"Mombasa","supervisorId":"3","createdBy":"1","ts":"2017-07-05 00:00:00","active":"1"},{"id":"10","name":"DUBAI","countryId":"6","location":"Dubai","supervisorId":"3","createdBy":"1","ts":"2017-07-05 00:00:00","active":"1"},{"id":"11","name":"CHINA","countryId":"5","location":"China","supervisorId":"3","createdBy":"3","ts":"2017-07-05 13:23:17","active":"1"},{"id":"12","name":"NAIROBI","countryId":"2","location":"Nairobi","supervisorId":"3","createdBy":"3","ts":"2017-07-06 14:12:35","active":"1"},{"id":"13","name":"KAMPALA ROAD","countryId":"1","location":"kampala road","supervisorId":"3","createdBy":"3","ts":"2017-07-06 14:12:35","active":"1"}],"countries":[{"id":"1","name":"UGANDA","createdBy":"1","ts":"2017-06-25 23:13:31","active":"1"},{"id":"2","name":"KENYA","createdBy":"1","ts":"2017-06-26 09:02:45","active":"1"},{"id":"3","name":"TZ","createdBy":"1","ts":"2017-06-28 11:11:53","active":"1"},{"id":"4","name":"CONGO","createdBy":"1","ts":"2017-06-28 11:26:11","active":"1"},{"id":"5","name":"CHINA","createdBy":"1","ts":"2017-06-28 11:30:01","active":"1"},{"id":"6","name":"UAE","createdBy":"1","ts":"2017-07-05 00:00:00","active":"1"}],"ids":[[{"id":"1","name":"Passport","createdBy":"1","ts":"2017-06-28 14:00:01","active":"1"},{"id":"2","name":"National ID","createdBy":"1","ts":"2017-06-28 14:00:01","active":"1"},{"id":"3","name":"STUDENTS ID","createdBy":"1","ts":"2017-06-28 16:21:46","active":"1"}]],"users":[{"id":"1","firstName":"You","surname":"Jinshu","email":"hudsonbogere@swipeit.co.ug","phone":"256783131266","userName":"you","branchId":"0","userTypeId":"1","password":"$2y$10$pPGbhJ1RXx\/ug.ED3LnsQuKHJTqwYsa\/iF0OqGOgsjflkHKIDTLVq","sessionId":"KSTms8GEe36Gy41kXds63LMk2kJjROlO","ipAddress":"41.210.145.81","createdBy":null,"ts":"2017-06-23 15:08:12","active":"1"},{"id":"2","firstName":"Nansubuga","surname":"Dorothy","email":"henry@gmail.com","phone":"256752284441","userName":"dorah","branchId":"12","userTypeId":"3","password":"$2y$10$F9t92sYKf2rDJ.JzCmrrT.Jt1Ix37Fuo.uZKpXPn69dgDUTZ8xLXi","sessionId":"oik13CaSXcwTbJwBGeLD1ONyWWQ2nV2n","ipAddress":"147.75.210.248","createdBy":"1","ts":"2017-06-26 19:11:07","active":"1"},{"id":"3","firstName":"Lydia","surname":"Amoi","email":"islam@gmail.com","phone":"256777608310","userName":"lydia","branchId":"6","userTypeId":"2","password":"$2y$10$m72Zz8Z.h4\/Zp6TFDhmbXeQ79kZ7JJ2U0yLUanc0dDVxbc.5UPkRG","sessionId":"N35PCsvWubMMcNjtv44zaguTt6Y6OeJh","ipAddress":"41.75.175.106","createdBy":"1","ts":"2017-06-26 19:41:01","active":"1"},{"id":"4","firstName":"Nabukera","surname":"Maria","email":"banerd@tfb.com","phone":"256774457813","userName":"maria","branchId":"5","userTypeId":"3","password":"$2y$10$wTpUE\/WJFMfQaBglrQocTO9ndV6dbxL2vzFDEJZ1hpVVp4binpXGO","sessionId":"rlwjPHNyG6kNuWcT7RLiz3gIRGkmcp0H","ipAddress":"41.243.11.143","createdBy":"1","ts":"2017-06-26 23:04:07","active":"1"},{"id":"5","firstName":"Henry","surname":"Bbosa","email":null,"phone":null,"userName":"henry","branchId":"11","userTypeId":"3","password":"$2y$10$m72Zz8Z.h4\/Zp6TFDhmbXeQ79kZ7JJ2U0yLUanc0dDVxbc.5UPkRG","sessionId":"","ipAddress":"197.157.0.46","createdBy":"1","ts":"2017-07-05 00:00:00","active":"1"},{"id":"6","firstName":"Edwin","surname":"Kakeeto","email":"edwin@edwin.com","phone":"0777777557","userName":"edwin","branchId":"7","userTypeId":"3","password":"$2y$10$m72Zz8Z.h4\/Zp6TFDhmbXeQ79kZ7JJ2U0yLUanc0dDVxbc.5UPkRG","sessionId":"","ipAddress":"160.242.142.203","createdBy":"3","ts":"2017-07-10 07:37:50","active":"1"},{"id":"7","firstName":"Trish","surname":"Baby","email":"patricia@gmail.com","phone":"0777777557","userName":"trish","branchId":"13","userTypeId":"3","password":"$2y$10$m72Zz8Z.h4\/Zp6TFDhmbXeQ79kZ7JJ2U0yLUanc0dDVxbc.5UPkRG","sessionId":"","ipAddress":"160.242.141.153","createdBy":null,"ts":null,"active":"1"},{"id":"8","firstName":"cedric","surname":"cedric","email":"cedric@gmail.com","phone":"+256754813912","userName":"cedric","branchId":"7","userTypeId":"3","password":"$2y$10$m72Zz8Z.h4\/Zp6TFDhmbXeQ79kZ7JJ2U0yLUanc0dDVxbc.5UPkRG","sessionId":"","ipAddress":"160.242.141.153","createdBy":null,"ts":null,"active":"1"}],"accounts":[{"id":"16","name":"KINSHASHA-USD Account","branchId":"5","currency_id":"2"},{"id":"20","name":"OASIS MALL-RMB Account","branchId":"6","currency_id":"1"},{"id":"21","name":"OASIS MALL-USD Account","branchId":"6","currency_id":"2"},{"id":"22","name":"OASIS MALL-DIRHAM Account","branchId":"6","currency_id":"3"},{"id":"23","name":"OASIS MALL-UGX Account","branchId":"6","currency_id":"4"},{"id":"24","name":"OASIS MALL-KSH Account","branchId":"6","currency_id":"5"},{"id":"27","name":"CHINA-RMB Account","branchId":"11","currency_id":"1"},{"id":"28","name":"CHINA-USD Account","branchId":"11","currency_id":"2"},{"id":"33","name":"NAIROBI-USD Account","branchId":"12","currency_id":"2"},{"id":"36","name":"NAIROBI-KSH Account","branchId":"12","currency_id":"5"},{"id":"37","name":"GOMA-USD ACCOUNT","branchId":"7","currency_id":"2"},{"id":"38","name":"KAMPALA ROAD -USD ACCOUNT","branchId":"13","currency_id":"2"},{"id":"39","name":"KAMPALA ROAD- UGX ACCOUNT ","branchId":"13","currency_id":"4"}],"currencies":[{"id":"1","name":"RMB","symbol":"\u00c2\u00a5","createdBy":"1","ts":"2017-06-27 22:45:12","active":"1"},{"id":"2","name":"USD","symbol":"$","createdBy":"1","ts":"2017-06-27 22:45:12","active":"1"},{"id":"3","name":"DIRHAM","symbol":"","createdBy":"1","ts":"2017-06-28 11:40:09","active":"1"},{"id":"4","name":"UGX","symbol":"\/=","createdBy":"1","ts":"2017-06-28 11:46:50","active":"1"},{"id":"5","name":"KSH","symbol":"","createdBy":"1","ts":"2017-06-28 11:46:50","active":"1"}],"superaccount":[{"id":"1","name":"RMB Account","branchId":"0","type_id":"4","currency_id":"1","balance":"0","createdBy":"1","active":"1","ts":"2017-06-27 22:45:12"}],"accountTypes":[{"id":"1","type":"Transfer","description":"","createdBy":"1","ts":"2017-06-28 14:31:12","active":"1"},{"id":"2","type":"Suspense","description":"","createdBy":"1","ts":"2017-06-28 14:31:12","active":"1"},{"id":"4","type":"Super","description":"","createdBy":"1","ts":"2017-06-28 14:31:12","active":"1"}],"userTypes":[{"id":"1","name":"E-Value Admin","level":"1","ts":"2017-06-27 22:45:12","active":"1"},{"id":"2","name":"Super User","level":"2","ts":"2017-06-27 22:45:12","active":"1"},{"id":"3","name":"Agent","level":"3","ts":"2017-06-27 22:45:12","active":"1"},{"id":"4","name":"System Admin","level":"4","ts":"2017-06-27 22:45:12","active":"1"}]},"success":1}
2017-07-20 15:58:10 ---- New Request ----
2017-07-20 15:58:10 Controller : Exchange
2017-07-20 15:58:10 Method : createexchangeAction
2017-07-20 15:58:10 Controller File : controllers/Exchange.class.php, Exists
2017-07-20 15:58:10 Class constructed
2017-07-20 15:58:10 Class constructed
2017-07-20 15:58:10 Exchange Params:
FromCurrency : 2
ToCurrency : 4
AmountBe4 : 200
Amount After : 720000
Exhange Rate : 3600
UserID : 3
Session ID : N35PCsvWubMMcNjtv44zaguTt6Y6OeJh
2017-07-20 15:58:10 SELECT SQL : SELECT * FROM users WHERE  id = '3'  
2017-07-20 15:58:10 INSERT SQL : INSERT INTO currency_exhange  (ts,fromCurrencyId,toCurrencyId,AmountBeforeXchange,amountAfterXchange,exhangeRate,userId)  VALUES(NOW(),'2','4','200','720000','3600','3')
2017-07-20 15:58:10 Response : {"success":0,"errormsg":"Sorry your transaction failed. Reason: System unavailable. Contact admin"}
