2017-07-18 23:12:45 ---- New Request ----
2017-07-18 23:12:45 Controller : Transfers
2017-07-18 23:12:45 Method : createtransferAction
2017-07-18 23:12:45 Controller File : controllers/Transfers.class.php, Exists
2017-07-18 23:12:45 Class constructed
2017-07-18 23:12:45 Class constructed
2017-07-18 23:12:45 Transfer Creation Params ;Amount :150000\currencyid : 1
Country : 0
Charge : 0.015
sfname : 
ssurname : Zhong Zhu
Account Number : 6216602000000595767
semail : 
sphone : 0243817111799
sidtype : 0
sid : 0
rfname : Cong Xin
rsurname : Wang
remail : 
rphone : 
Receiver Branch : 0
passcode : ******
password : ******
userid : 4
sessionid : Me1NY8UqRVXhFxi6FIgwmSbOn2XbhsqW
Exchange Rate : 6.74
AmountAfterXchange : 1011000
Charge Currency : 22017-07-18 23:12:45 SELECT SQL : SELECT * FROM settings WHERE  name = 'SuspenseAccount'  
2017-07-18 23:12:46 SELECT SQL : SELECT * FROM settings WHERE  name = 'ToChinaAccount'  
2017-07-18 23:12:46 SELECT SQL : SELECT * FROM users WHERE  id = '4'  
2017-07-18 23:12:46 INSERT SQL : INSERT INTO transfers  (ts,userIdSource,amount,currency,destinationCountryId,toBranch,senderFname,senderSurname,senderEmail,senderPhone,senderIdType,senderId,receiverFname,receiverSurname,receiverEmail,receiverPhone,charge,receiverAccountNumber,fromBranch,passcode,status,sourceIpAddress)  VALUES(NOW(),'4','150000','1','0','0','','Zhong Zhu','','0243817111799','0','0','Cong Xin','Wang','','','0.015','6216602000000595767','5','$2y$10$DKS0Zseknc3McXDRWtLoZeTq8Bfj.ZaKpvl5pF.p3VOmwcTcU/JpO','Pending','197.157.211.82')
2017-07-18 23:12:46 SELECT SQL : SELECT id,transferRef FROM transfers WHERE  id = '17'  
2017-07-18 23:12:46 INSERT SQL : INSERT INTO audit_trails  (ts,userId,tableName,recordId,field,oldValue,newValue)  VALUES(NOW(),'4','transfers','17','transferRef','','00500417')
2017-07-18 23:12:46 audit_trails Insert ID : 123
2017-07-18 23:12:46 UPDATE SQL : UPDATE transfers SET transferRef = '00500417' WHERE  id = '17' 
2017-07-18 23:12:46 SELECT SQL : SELECT id FROM accounts WHERE  branchId = '5' AND currency_id = '2'  
2017-07-18 23:12:46 INSERT SQL : INSERT INTO account_transfers  (ts,amountAfterXchange,amountB4Xchange,currencyB4Xchange,currencyAfterXchange,exchangeRate,charge,chargeCurrency,type,amount,fromId,toId,transferRef,userId)  VALUES(NOW(),'1011000','150000','2','1','6.74','0.015','2','transfer','150000','26','16','00500417','4')
2017-07-18 23:12:46 Balance Update Params :
Branch Id : 5
Account ID : 16
Amount : 150000
2017-07-18 23:12:46 SELECT SQL : SELECT * FROM balances WHERE  branchId = '5' AND accountId = '16'  
2017-07-18 23:12:46 SELECT SQL : SELECT * FROM balances WHERE  branchId = '5' AND accountId = '16' AND date = '2017-07-18'  
2017-07-18 23:12:46 UPDATE SQL : UPDATE balances SET closingBalance = '421126' WHERE  branchId = '5' AND accountId = '16' AND date = '2017-07-18' 
2017-07-18 23:12:46 Balance Update Status 2:1
 2017-07-18 23:12:46 Balance Update Params :
Branch Id : 0
Account ID : 26
Amount : -150000
2017-07-18 23:12:46 SELECT SQL : SELECT * FROM balances WHERE  branchId = '0' AND accountId = '26'  
2017-07-18 23:12:46 SELECT SQL : SELECT * FROM balances WHERE  branchId = '0' AND accountId = '26' AND date = '2017-07-18'  
2017-07-18 23:12:46 UPDATE SQL : UPDATE balances SET closingBalance = '-150000' WHERE  branchId = '0' AND accountId = '26' AND date = '2017-07-18' 
2017-07-18 23:12:46 Balance Update Status 2:1
 2017-07-18 23:12:46 SELECT SQL : SELECT * FROM transfers WHERE  fromBranch = '5'  OR toBranch = '5'  OR destinationCountryId = '0'  
2017-07-18 23:12:46 Response : {"success":1,"data":"00500417"}
2017-07-18 23:14:40 ---- New Request ----
2017-07-18 23:14:40 Controller : Transfers
2017-07-18 23:14:40 Method : getallaccountbalancesAction
2017-07-18 23:14:40 Controller File : controllers/Transfers.class.php, Exists
2017-07-18 23:14:40 Class constructed
2017-07-18 23:14:40 Class constructed
2017-07-18 23:14:40 UserID : 4
SessionId : Me1NY8UqRVXhFxi6FIgwmSbOn2XbhsqW
Branch ID : 5
2017-07-18 23:14:40 SELECT SQL : SELECT sessionId FROM users WHERE  id = '4'  
2017-07-18 23:14:40 SELECT SQL : SELECT name,id FROM accounts WHERE  active = '1' AND branchId = '5'  
2017-07-18 23:14:40 SELECT SQL : SELECT name FROM branches WHERE  id = '5'  
2017-07-18 23:14:40 Response : {"success":1,"data":[{"name":"KINSHASHA-USD Account","id":"16","balance":421126}],"branchName":"KINSHASHA"}
2017-07-18 23:15:28 ---- New Request ----
2017-07-18 23:15:28 Controller : Reports
2017-07-18 23:15:28 Method : gettransferlogsAction
2017-07-18 23:15:28 Controller File : controllers/Reports.class.php, Exists
2017-07-18 23:15:28 Class constructed
2017-07-18 23:15:28 Class constructed
2017-07-18 23:15:28 UserID : 4
SessionId : Me1NY8UqRVXhFxi6FIgwmSbOn2XbhsqW
Branch ID : 5
Date : 
Account ID : 
2017-07-18 23:15:28 SELECT SQL : SELECT sessionId,branchId,userTypeId FROM users WHERE  id = '4'  
2017-07-18 23:15:28 SELECT SQL : SELECT id,fromBranch,toBranch,amount,currency,charge,transferRef,userIdSource,userIdDestination,ts,withdrawTs,status,senderFname,senderSurname,senderPhone,senderEmail,receiverFname,receiverSurname,receiverPhone,receiverAccountNumber,destinationCountryId FROM transfers WHERE  fromBranch = '5'  OR toBranch = '5'  ORDER BY ts DESC LIMIT 20
2017-07-18 23:15:28 SELECT SQL : SELECT name FROM branches WHERE  id = '5'  
2017-07-18 23:15:28 SELECT SQL : SELECT name FROM branches WHERE  id = '0'  
2017-07-18 23:15:28 SELECT SQL : SELECT name FROM currencies WHERE  id = '1'  
2017-07-18 23:15:28 SELECT SQL : SELECT userName FROM users WHERE  id = '4'  
2017-07-18 23:15:28 SELECT SQL : SELECT userName FROM users WHERE  id = ''  
2017-07-18 23:15:28 SELECT SQL : SELECT name FROM countries WHERE  id = '0'  
2017-07-18 23:15:28 SELECT SQL : SELECT name FROM branches WHERE  id = '5'  
2017-07-18 23:15:28 SELECT SQL : SELECT name FROM branches WHERE  id = '6'  
2017-07-18 23:15:28 SELECT SQL : SELECT name FROM currencies WHERE  id = '1'  
2017-07-18 23:15:28 SELECT SQL : SELECT userName FROM users WHERE  id = '4'  
2017-07-18 23:15:28 SELECT SQL : SELECT userName FROM users WHERE  id = '3'  
2017-07-18 23:15:28 SELECT SQL : SELECT name FROM countries WHERE  id = '5'  
2017-07-18 23:15:28 SELECT SQL : SELECT name FROM branches WHERE  id = '5'  
2017-07-18 23:15:28 Response : {"success":1,"branchName":"KINSHASHA","data":[{"id":"17","fromBranch":"5","toBranch":"0","amount":"150000","currency":"RMB","charge":"0.015","transferRef":"00500417","userIdSource":"4","userIdDestination":null,"ts":"2017-07-18 20:12:46","withdrawTs":null,"status":"Pending","senderFname":"","senderSurname":"Zhong Zhu","senderPhone":"0243817111799","senderEmail":"","receiverFname":"Cong Xin","receiverSurname":"Wang","receiverPhone":"","receiverAccountNumber":"6216602000000595767","destinationCountryId":"0","fromBranchName":"KINSHASHA","toBranchName":null,"agentSource":"maria","agentDestination":null,"destinationCountry":null},{"id":"2","fromBranch":"5","toBranch":"6","amount":"8000","currency":"RMB","charge":"0.015","transferRef":"0050542","userIdSource":"4","userIdDestination":"3","ts":"2017-07-18 10:54:08","withdrawTs":"2017-07-18 14:07:54","status":"Success","senderFname":"","senderSurname":"Xiao Kai Ping","senderPhone":"090458006","senderEmail":"","receiverFname":"Xiao Yan","receiverSurname":"Hu","receiverPhone":"","receiverAccountNumber":"6217863100006345068","destinationCountryId":"5","fromBranchName":"KINSHASHA","toBranchName":"OASIS MALL","agentSource":"maria","agentDestination":"lydia","destinationCountry":null}]}
