2017-08-17 15:44:00 ---- New Request ----
2017-08-17 15:44:00 Controller : Users
2017-08-17 15:44:00 Method : logoutAction
2017-08-17 15:44:00 Controller File : controllers/Users.class.php, Exists
2017-08-17 15:44:00 Class constructed
2017-08-17 15:44:00 Logout Params ;Session ID :j3Y7d8HyaaG3FBQmGSl0oDfGrBhKk6B4\User ID : 3
2017-08-17 15:44:00 UPDATE SQL : UPDATE users SET sessionId = '',ipAddress = '::1' WHERE  id = '3' 
2017-08-17 15:44:00 Response : {"success":1}
2017-08-17 15:44:13 ---- New Request ----
2017-08-17 15:44:13 Controller : Users
2017-08-17 15:44:13 Method : loginAction
2017-08-17 15:44:13 Controller File : controllers/Users.class.php, Exists
2017-08-17 15:44:13 Class constructed
2017-08-17 15:44:13 Login Params ;Username :maria
Password : ******
2017-08-17 15:44:13 SELECT SQL : SELECT id,firstName,surname,userName,userTypeId,sessionId,password,active,branchId FROM users WHERE  userName = 'maria'  
2017-08-17 15:44:14 SELECT SQL : SELECT name FROM branches WHERE  id = '5'  
2017-08-17 15:44:14 UPDATE SQL : UPDATE users SET sessionId = 'B3u5fVS38x86vwIH66wTvi6RN4LdBd2V',ipAddress = '::1' WHERE  id = '4' 
2017-08-17 15:44:14 Response : {"success":1,"data":{"id":"4","firstName":"Nabukera","surname":"Maria","userName":"maria","userTypeId":"5","sessionId":"B3u5fVS38x86vwIH66wTvi6RN4LdBd2V","branchId":"5","branchName":"KINSHASHA"}}
2017-08-17 15:44:15 ---- New Request ----
2017-08-17 15:44:15 Controller : Users
2017-08-17 15:44:15 Method : formsdetailsAction
2017-08-17 15:44:15 Controller File : controllers/Users.class.php, Exists
2017-08-17 15:44:15 Class constructed
2017-08-17 15:44:15 Details Params :
SessionID :B3u5fVS38x86vwIH66wTvi6RN4LdBd2V
User ID : 4
2017-08-17 15:44:15 SELECT SQL : SELECT * FROM branches WHERE  active = '1'  
2017-08-17 15:44:15 SELECT SQL : SELECT * FROM countries WHERE  active = '1'  
2017-08-17 15:44:15 SELECT SQL : SELECT * FROM identification WHERE  active = '1'  
2017-08-17 15:44:15 SELECT SQL : SELECT * FROM users WHERE  active = '1'  
2017-08-17 15:44:15 SELECT SQL : SELECT id,name,branchId,currency_id FROM accounts WHERE  active = '1' AND type_id = '1'  
2017-08-17 15:44:15 Balance Update Params :
Branch Id : 5
Account ID : 16
Amount : 0
2017-08-17 15:44:15 SELECT SQL : SELECT * FROM balances WHERE  branchId = '5' AND accountId = '16'  
2017-08-17 15:44:15 SELECT SQL : SELECT * FROM balances WHERE  branchId = '5' AND accountId = '16' AND date = '2017-08-17'  
2017-08-17 15:44:15 The final amount: 0
 2017-08-17 15:44:15 UPDATE SQL : UPDATE balances SET closingBalance = '144746669' WHERE  branchId = '5' AND accountId = '16' AND date = '2017-08-17' 
2017-08-17 15:44:15 Balance Update Status 2:1
 2017-08-17 15:44:15 Balance Update Params :
Branch Id : 6
Account ID : 20
Amount : 0
2017-08-17 15:44:15 SELECT SQL : SELECT * FROM balances WHERE  branchId = '6' AND accountId = '20'  
2017-08-17 15:44:15 SELECT SQL : SELECT * FROM balances WHERE  branchId = '6' AND accountId = '20' AND date = '2017-08-17'  
2017-08-17 15:44:15 The final amount: 0
 2017-08-17 15:44:15 UPDATE SQL : UPDATE balances SET closingBalance = '3260000' WHERE  branchId = '6' AND accountId = '20' AND date = '2017-08-17' 
2017-08-17 15:44:15 Balance Update Status 2:1
 2017-08-17 15:44:15 Balance Update Params :
Branch Id : 6
Account ID : 21
Amount : 0
2017-08-17 15:44:15 SELECT SQL : SELECT * FROM balances WHERE  branchId = '6' AND accountId = '21'  
2017-08-17 15:44:15 SELECT SQL : SELECT * FROM balances WHERE  branchId = '6' AND accountId = '21' AND date = '2017-08-17'  
2017-08-17 15:44:15 The final amount: 0
 2017-08-17 15:44:15 UPDATE SQL : UPDATE balances SET closingBalance = '-3204507' WHERE  branchId = '6' AND accountId = '21' AND date = '2017-08-17' 
2017-08-17 15:44:15 Balance Update Status 2:1
 2017-08-17 15:44:15 Balance Update Params :
Branch Id : 6
Account ID : 22
Amount : 0
2017-08-17 15:44:15 SELECT SQL : SELECT * FROM balances WHERE  branchId = '6' AND accountId = '22'  
2017-08-17 15:44:15 SELECT SQL : SELECT * FROM balances WHERE  branchId = '6' AND accountId = '22' AND date = '2017-08-17'  
2017-08-17 15:44:15 The final amount: 0
 2017-08-17 15:44:15 UPDATE SQL : UPDATE balances SET closingBalance = '-3000' WHERE  branchId = '6' AND accountId = '22' AND date = '2017-08-17' 
2017-08-17 15:44:15 Balance Update Status 2:1
 2017-08-17 15:44:15 Balance Update Params :
Branch Id : 6
Account ID : 23
Amount : 0
2017-08-17 15:44:15 SELECT SQL : SELECT * FROM balances WHERE  branchId = '6' AND accountId = '23'  
2017-08-17 15:44:15 SELECT SQL : SELECT * FROM balances WHERE  branchId = '6' AND accountId = '23' AND date = '2017-08-17'  
2017-08-17 15:44:15 The final amount: 0
 2017-08-17 15:44:15 UPDATE SQL : UPDATE balances SET closingBalance = '16602917955' WHERE  branchId = '6' AND accountId = '23' AND date = '2017-08-17' 
2017-08-17 15:44:15 Balance Update Status 2:1
 2017-08-17 15:44:15 Balance Update Params :
Branch Id : 6
Account ID : 24
Amount : 0
2017-08-17 15:44:15 SELECT SQL : SELECT * FROM balances WHERE  branchId = '6' AND accountId = '24'  
2017-08-17 15:44:15 SELECT SQL : SELECT * FROM balances WHERE  branchId = '6' AND accountId = '24' AND date = '2017-08-17'  
2017-08-17 15:44:15 The final amount: 0
 2017-08-17 15:44:15 UPDATE SQL : UPDATE balances SET closingBalance = '1847000' WHERE  branchId = '6' AND accountId = '24' AND date = '2017-08-17' 
2017-08-17 15:44:16 Balance Update Status 2:1
 2017-08-17 15:44:16 Balance Update Params :
Branch Id : 11
Account ID : 27
Amount : 0
2017-08-17 15:44:16 SELECT SQL : SELECT * FROM balances WHERE  branchId = '11' AND accountId = '27'  
2017-08-17 15:44:16 Balance Update Params :
Branch Id : 11
Account ID : 28
Amount : 0
2017-08-17 15:44:16 SELECT SQL : SELECT * FROM balances WHERE  branchId = '11' AND accountId = '28'  
2017-08-17 15:44:16 Balance Update Params :
Branch Id : 12
Account ID : 33
Amount : 0
2017-08-17 15:44:16 SELECT SQL : SELECT * FROM balances WHERE  branchId = '12' AND accountId = '33'  
2017-08-17 15:44:16 SELECT SQL : SELECT * FROM balances WHERE  branchId = '12' AND accountId = '33' AND date = '2017-08-17'  
2017-08-17 15:44:16 The final amount: 0
 2017-08-17 15:44:16 UPDATE SQL : UPDATE balances SET closingBalance = '25154' WHERE  branchId = '12' AND accountId = '33' AND date = '2017-08-17' 
2017-08-17 15:44:16 Balance Update Status 2:1
 2017-08-17 15:44:16 Balance Update Params :
Branch Id : 12
Account ID : 36
Amount : 0
2017-08-17 15:44:16 SELECT SQL : SELECT * FROM balances WHERE  branchId = '12' AND accountId = '36'  
2017-08-17 15:44:16 SELECT SQL : SELECT * FROM balances WHERE  branchId = '12' AND accountId = '36' AND date = '2017-08-17'  
2017-08-17 15:44:16 The final amount: 0
 2017-08-17 15:44:16 UPDATE SQL : UPDATE balances SET closingBalance = '7637' WHERE  branchId = '12' AND accountId = '36' AND date = '2017-08-17' 
2017-08-17 15:44:16 Balance Update Status 2:1
 2017-08-17 15:44:16 Balance Update Params :
Branch Id : 7
Account ID : 37
Amount : 0
2017-08-17 15:44:16 SELECT SQL : SELECT * FROM balances WHERE  branchId = '7' AND accountId = '37'  
2017-08-17 15:44:16 SELECT SQL : SELECT * FROM balances WHERE  branchId = '7' AND accountId = '37' AND date = '2017-08-17'  
2017-08-17 15:44:16 The final amount: 0
 2017-08-17 15:44:16 UPDATE SQL : UPDATE balances SET closingBalance = '100158' WHERE  branchId = '7' AND accountId = '37' AND date = '2017-08-17' 
2017-08-17 15:44:16 Balance Update Status 2:1
 2017-08-17 15:44:16 Balance Update Params :
Branch Id : 13
Account ID : 38
Amount : 0
2017-08-17 15:44:16 SELECT SQL : SELECT * FROM balances WHERE  branchId = '13' AND accountId = '38'  
2017-08-17 15:44:16 Balance Update Params :
Branch Id : 13
Account ID : 39
Amount : 0
2017-08-17 15:44:16 SELECT SQL : SELECT * FROM balances WHERE  branchId = '13' AND accountId = '39'  
2017-08-17 15:44:16 SELECT SQL : SELECT * FROM balances WHERE  branchId = '13' AND accountId = '39' AND date = '2017-08-17'  
2017-08-17 15:44:16 The final amount: 0
 2017-08-17 15:44:16 UPDATE SQL : UPDATE balances SET closingBalance = '-6840000011.9444' WHERE  branchId = '13' AND accountId = '39' AND date = '2017-08-17' 
2017-08-17 15:44:16 Balance Update Status 2:1
 2017-08-17 15:44:16 SELECT SQL : SELECT * FROM currencies WHERE  active = '1'  
2017-08-17 15:44:16 SELECT SQL : SELECT * FROM accounts WHERE  active = '1' AND type_id = '4'  
2017-08-17 15:44:16 SELECT SQL : SELECT * FROM account_types WHERE  active = '1'  
2017-08-17 15:44:16 SELECT SQL : SELECT * FROM user_types WHERE  active = '1'  
2017-08-17 15:44:16 Response : {"data":{"branches":[{"id":"5","name":"KINSHASHA","countryId":"4","location":"Patrice Avenue","supervisorId":"3","createdBy":"4","ts":"2017-06-30 00:06:55","active":"1"},{"id":"6","name":"OASIS MALL","countryId":"1","location":"Yusufu Lule Rd","supervisorId":"3","createdBy":"2","ts":"2017-06-30 00:12:08","active":"1"},{"id":"7","name":"GOMA","countryId":"4","location":"Goma","supervisorId":"3","createdBy":"1","ts":"2017-07-05 00:00:00","active":"1"},{"id":"9","name":"MOMBASA","countryId":"2","location":"Mombasa","supervisorId":"3","createdBy":"1","ts":"2017-07-05 00:00:00","active":"1"},{"id":"10","name":"DUBAI","countryId":"6","location":"Dubai","supervisorId":"3","createdBy":"1","ts":"2017-07-05 00:00:00","active":"1"},{"id":"11","name":"CHINA","countryId":"5","location":"China","supervisorId":"3","createdBy":"3","ts":"2017-07-05 13:23:17","active":"1"},{"id":"12","name":"NAIROBI","countryId":"2","location":"Nairobi","supervisorId":"3","createdBy":"3","ts":"2017-07-06 14:12:35","active":"1"},{"id":"13","name":"KAMPALA ROAD","countryId":"1","location":"kampala road","supervisorId":"3","createdBy":"3","ts":"2017-07-06 14:12:35","active":"1"}],"countries":[{"id":"1","name":"UGANDA","createdBy":"1","ts":"2017-06-25 23:13:31","active":"1"},{"id":"2","name":"KENYA","createdBy":"1","ts":"2017-06-26 09:02:45","active":"1"},{"id":"3","name":"TZ","createdBy":"1","ts":"2017-06-28 11:11:53","active":"1"},{"id":"4","name":"CONGO","createdBy":"1","ts":"2017-06-28 11:26:11","active":"1"},{"id":"5","name":"CHINA","createdBy":"1","ts":"2017-06-28 11:30:01","active":"1"},{"id":"6","name":"UAE","createdBy":"1","ts":"2017-07-05 00:00:00","active":"1"}],"ids":[[{"id":"1","name":"Passport","createdBy":"1","ts":"2017-06-28 14:00:01","active":"1"},{"id":"2","name":"National ID","createdBy":"1","ts":"2017-06-28 14:00:01","active":"1"},{"id":"3","name":"STUDENTS ID","createdBy":"1","ts":"2017-06-28 16:21:46","active":"1"}]],"users":[{"id":"1","firstName":"You","surname":"Jinshu","email":"hudsonbogere@swipeit.co.ug","phone":"256783131266","userName":"you","branchId":"0","userTypeId":"1","password":"$2y$10$pPGbhJ1RXx\/ug.ED3LnsQuKHJTqwYsa\/iF0OqGOgsjflkHKIDTLVq","sessionId":"","ipAddress":"::1","createdBy":null,"ts":"2017-06-23 15:08:12","active":"1"},{"id":"2","firstName":"Nansubuga","surname":"Dorothy","email":"henry@gmail.com","phone":"256752284441","userName":"dorah","branchId":"12","userTypeId":"3","password":"$2y$10$F9t92sYKf2rDJ.JzCmrrT.Jt1Ix37Fuo.uZKpXPn69dgDUTZ8xLXi","sessionId":"","ipAddress":"105.231.196.253","createdBy":"1","ts":"2017-06-26 19:11:07","active":"1"},{"id":"3","firstName":"Lydia","surname":"Amoi","email":"islam@gmail.com","phone":"256777608310","userName":"lydia","branchId":"6","userTypeId":"2","password":"$2y$10$m72Zz8Z.h4\/Zp6TFDhmbXeQ79kZ7JJ2U0yLUanc0dDVxbc.5UPkRG","sessionId":"","ipAddress":"::1","createdBy":"1","ts":"2017-06-26 19:41:01","active":"1"},{"id":"4","firstName":"Nabukera","surname":"Maria","email":"banerd@tfb.com","phone":"256774457813","userName":"maria","branchId":"5","userTypeId":"5","password":"$2y$10$wTpUE\/WJFMfQaBglrQocTO9ndV6dbxL2vzFDEJZ1hpVVp4binpXGO","sessionId":"B3u5fVS38x86vwIH66wTvi6RN4LdBd2V","ipAddress":"::1","createdBy":"1","ts":"2017-06-26 23:04:07","active":"1"},{"id":"5","firstName":"Henry","surname":"Bbosa","email":null,"phone":null,"userName":"Henry","branchId":"11","userTypeId":"3","password":"$2y$10$m72Zz8Z.h4\/Zp6TFDhmbXeQ79kZ7JJ2U0yLUanc0dDVxbc.5UPkRG","sessionId":"","ipAddress":"::1","createdBy":"1","ts":"2017-07-05 00:00:00","active":"1"},{"id":"6","firstName":"Edwin","surname":"Kakeeto","email":"edwin@edwin.com","phone":"0777777557","userName":"edwin","branchId":"7","userTypeId":"3","password":"$2y$10$wTpUE\/WJFMfQaBglrQocTO9ndV6dbxL2vzFDEJZ1hpVVp4binpXGO","sessionId":"KRX8Yh2iqId0EWTdOh43HSfBIE4fr5lp","ipAddress":"41.243.17.77","createdBy":"3","ts":"2017-07-10 07:37:50","active":"1"},{"id":"7","firstName":"Trish","surname":"Baby","email":"patricia@gmail.com","phone":"0777777557","userName":"trish","branchId":"13","userTypeId":"3","password":"$2y$10$m72Zz8Z.h4\/Zp6TFDhmbXeQ79kZ7JJ2U0yLUanc0dDVxbc.5UPkRG","sessionId":"","ipAddress":"::1","createdBy":null,"ts":null,"active":"1"},{"id":"8","firstName":"cedric","surname":"cedric","email":"cedric@gmail.com","phone":"+256754813912","userName":"cedric","branchId":"7","userTypeId":"3","password":"$2y$10$m72Zz8Z.h4\/Zp6TFDhmbXeQ79kZ7JJ2U0yLUanc0dDVxbc.5UPkRG","sessionId":"tjlhVkegBNlQMx8mIYqyQFhY0t61DfLy","ipAddress":"::1","createdBy":null,"ts":null,"active":"1"},{"id":"9","firstName":"Bravia","surname":"Muzira","email":"muzira@gmail.com","phone":"+256771889211","userName":"Braviah","branchId":"6","userTypeId":"3","password":"$2y$10$m72Zz8Z.h4\/Zp6TFDhmbXeQ79kZ7JJ2U0yLUanc0dDVxbc.5UPkRG","sessionId":"CNHdx868gWwwaWl34QWYmNGxDsy1g0Dy","ipAddress":"41.210.154.223","createdBy":null,"ts":null,"active":"1"}],"accounts":[{"id":"16","name":"KINSHASHA-USD Account","branchId":"5","currency_id":"2"},{"id":"20","name":"OASIS MALL-RMB Account","branchId":"6","currency_id":"1"},{"id":"21","name":"OASIS MALL-USD Account","branchId":"6","currency_id":"2"},{"id":"22","name":"OASIS MALL-DIRHAM Account","branchId":"6","currency_id":"3"},{"id":"23","name":"OASIS MALL-UGX Account","branchId":"6","currency_id":"4"},{"id":"24","name":"OASIS MALL-KSH Account","branchId":"6","currency_id":"5"},{"id":"27","name":"CHINA-RMB Account","branchId":"11","currency_id":"1"},{"id":"28","name":"CHINA-USD Account","branchId":"11","currency_id":"2"},{"id":"33","name":"NAIROBI-USD Account","branchId":"12","currency_id":"2"},{"id":"36","name":"NAIROBI-KSH Account","branchId":"12","currency_id":"5"},{"id":"37","name":"GOMA-USD ACCOUNT","branchId":"7","currency_id":"2"},{"id":"38","name":"KAMPALA ROAD -USD ACCOUNT","branchId":"13","currency_id":"2"},{"id":"39","name":"KAMPALA ROAD- UGX ACCOUNT ","branchId":"13","currency_id":"4"}],"currencies":[{"id":"1","name":"RMB","symbol":"\u00a5","createdBy":"1","ts":"2017-06-27 22:45:12","active":"1"},{"id":"2","name":"USD","symbol":"$","createdBy":"1","ts":"2017-06-27 22:45:12","active":"1"},{"id":"3","name":"DIRHAM","symbol":"","createdBy":"1","ts":"2017-06-28 11:40:09","active":"1"},{"id":"4","name":"UGX","symbol":"\/=","createdBy":"1","ts":"2017-06-28 11:46:50","active":"1"},{"id":"5","name":"KSH","symbol":"","createdBy":"1","ts":"2017-06-28 11:46:50","active":"1"}],"superaccount":[{"id":"1","name":"RMB Account","branchId":"0","type_id":"4","currency_id":"1","balance":"0","createdBy":"1","active":"1","ts":"2017-06-27 22:45:12"}],"accountTypes":[{"id":"1","type":"Transfer","description":"","createdBy":"1","ts":"2017-06-28 14:31:12","active":"1"},{"id":"2","type":"Suspense","description":"","createdBy":"1","ts":"2017-06-28 14:31:12","active":"1"},{"id":"4","type":"Super","description":"","createdBy":"1","ts":"2017-06-28 14:31:12","active":"1"}],"userTypes":[{"id":"1","name":"E-Value Admin","level":"1","ts":"2017-06-27 22:45:12","active":"1"},{"id":"2","name":"Super User","level":"2","ts":"2017-06-27 22:45:12","active":"1"},{"id":"3","name":"Agent","level":"3","ts":"2017-06-27 22:45:12","active":"1"},{"id":"4","name":"System Admin","level":"4","ts":"2017-06-27 22:45:12","active":"1"},{"id":"5","name":"superAgent","level":"3","ts":"2017-06-27 22:45:12","active":"1"}]},"success":1}
2017-08-17 15:44:22 ---- New Request ----
2017-08-17 15:44:22 Controller : Reports
2017-08-17 15:44:22 Method : getreportdataAction
2017-08-17 15:44:22 Controller File : controllers/Reports.class.php, Exists
2017-08-17 15:44:22 Class constructed
2017-08-17 15:44:22 Class constructed
2017-08-17 15:44:22 kyakabi2017-08-17 15:44:22 kyakabi12017-08-17 15:44:22 kyakabi22017-08-17 15:44:22 kyakabi32017-08-17 15:44:22 UserID : 4
SessionId : B3u5fVS38x86vwIH66wTvi6RN4LdBd2V
Branch ID : 5
2017-08-17 15:44:22 SELECT SQL : SELECT * FROM branches WHERE  id = '5'  
2017-08-17 15:44:22 SELECT SQL : SELECT * FROM branch_transaction WHERE  branch_id = '5' AND date = '2017-08-17'  
2017-08-17 15:44:22 SELECT SQL : SELECT * FROM accounts WHERE  branchId = '5'  
2017-08-17 15:44:22 SELECT SQL : SELECT * FROM balances WHERE  branchId = '5' AND date = '2017-08-17'  
2017-08-17 15:44:22 Response : {"success":1,"today":"2017-08-17","data":{"branch":{"id":"5","name":"KINSHASHA","countryId":"4","location":"Patrice Avenue","supervisorId":"3","createdBy":"4","ts":"2017-06-30 00:06:55","active":"1"},"transactions_today":[0],"accounts":[{"id":"16","name":"KINSHASHA-USD Account","branchId":"5","type_id":"1","currency_id":"2","balance":"0","createdBy":"4","active":"1","ts":"2017-06-30 00:06:55"}],"balances":[{"id":"122","branchId":"5","accountId":"16","openingBalance":"144746669","closingBalance":"144746669","date":"2017-08-17","ts":"2017-08-17 00:08:00"}]}}
2017-08-17 15:45:47 ---- New Request ----
2017-08-17 15:45:47 Controller : Transfers
2017-08-17 15:45:47 Method : createtransferAction
2017-08-17 15:45:47 Controller File : controllers/Transfers.class.php, Exists
2017-08-17 15:45:47 Class constructed
2017-08-17 15:45:47 Class constructed
2017-08-17 15:45:47 Transfer Creation Params ;Amount :4000\currencyid : 4
Country : 0
Charge : 700
sfname : 
ssurname : you
Account Number : 
semail : 
sphone : 07896898
sidtype : 0
sid : 0
rfname : 
rsurname : henry
remail : 
rphone : 
Receiver Branch : 0
passcode : ******
password : ******
userid : 4
sessionid : B3u5fVS38x86vwIH66wTvi6RN4LdBd2V
Exchange Rate : 3600
AmountAfterXchange : 14400000
Charge Currency : 22017-08-17 15:45:47 SELECT SQL : SELECT * FROM settings WHERE  name = 'SuspenseAccount'  
2017-08-17 15:45:47 SELECT SQL : SELECT * FROM users WHERE  id = '4'  
2017-08-17 15:45:48 INSERT SQL : INSERT INTO transfers  (ts,userIdSource,amount,currency,destinationCountryId,toBranch,senderFname,senderSurname,senderEmail,senderPhone,senderIdType,senderId,receiverFname,receiverSurname,receiverEmail,receiverPhone,amountAfterExchange,from_currency,charge,charge_currency_id,fromBranch,passcode,status,sourceIpAddress)  VALUES('2017-08-17 15:08:45','4','4000','4','0','0','','you','','07896898','0','0','','henry','','','14400000','2','700','2','5','$2y$10$g6/M4vp.6JSJF/SQMiVbFeoVE1qWkn5Wc0hqbvkZ2LIZ/F/39rMSW','Pending','::1')
2017-08-17 15:45:48 SELECT SQL : SELECT id,transferRef FROM transfers WHERE  id = '27'  
2017-08-17 15:45:48 INSERT SQL : INSERT INTO audit_trails  (ts,userId,tableName,recordId,field,oldValue,newValue)  VALUES('2017-08-17 15:08:45','4','transfers','27','transferRef','','00500427')
2017-08-17 15:45:48 audit_trails Insert ID : 47
2017-08-17 15:45:48 UPDATE SQL : UPDATE transfers SET transferRef = '00500427' WHERE  id = '27' 
2017-08-17 15:45:48 SELECT SQL : SELECT id FROM accounts WHERE  branchId = '5' AND currency_id = '2'  
2017-08-17 15:45:48 INSERT SQL : INSERT INTO account_transfers  (ts,amountAfterXchange,amountB4Xchange,currencyB4Xchange,currencyAfterXchange,exchangeRate,charge,chargeCurrency,type,amount,fromId,toId,transferRef,userId)  VALUES('2017-08-17 15:08:45','14400000','4000','2','4','3600','700','2','transfer','4000','25','16','00500427','4')
2017-08-17 15:45:49 INSERT SQL : INSERT INTO branch_transaction  (ts,transaction_type_id,branch_id,amount,from_currency_id,to_currency_id,charge,charge_currency_id,sender_name,receiver_name,date)  VALUES('2017-08-17 15:08:45','1','5','4000','2','4','700','2','you','henry','2017-08-17')
2017-08-17 15:45:49 Balance Update Params :
Branch Id : 5
Account ID : 16
Amount : 4000
2017-08-17 15:45:49 SELECT SQL : SELECT * FROM balances WHERE  branchId = '5' AND accountId = '16'  
2017-08-17 15:45:49 SELECT SQL : SELECT * FROM balances WHERE  branchId = '5' AND accountId = '16' AND date = '2017-08-17'  
2017-08-17 15:45:49 The final amount: 4000
 2017-08-17 15:45:49 UPDATE SQL : UPDATE balances SET closingBalance = '144750669' WHERE  branchId = '5' AND accountId = '16' AND date = '2017-08-17' 
2017-08-17 15:45:49 Balance Update Status 2:1
 2017-08-17 15:45:49 Balance Update Params :
Branch Id : 0
Account ID : 25
Amount : -4000
2017-08-17 15:45:49 SELECT SQL : SELECT * FROM balances WHERE  branchId = '0' AND accountId = '25'  
2017-08-17 15:45:49 SELECT SQL : SELECT * FROM balances WHERE  branchId = '0' AND accountId = '25' AND date = '2017-08-17'  
2017-08-17 15:45:49 The final amount: -4000
 2017-08-17 15:45:49 UPDATE SQL : UPDATE balances SET closingBalance = '-16492076893' WHERE  branchId = '0' AND accountId = '25' AND date = '2017-08-17' 
2017-08-17 15:45:49 Balance Update Status 2:1
 2017-08-17 15:45:49 SELECT SQL : SELECT id FROM accounts WHERE  branchId = '5' AND currency_id = '2'  
2017-08-17 15:45:49 Balance Update Params :
Branch Id : 5
Account ID : 16
Amount : 700
2017-08-17 15:45:49 SELECT SQL : SELECT * FROM balances WHERE  branchId = '5' AND accountId = '16'  
2017-08-17 15:45:49 SELECT SQL : SELECT * FROM balances WHERE  branchId = '5' AND accountId = '16' AND date = '2017-08-17'  
2017-08-17 15:45:49 The final amount: 700
 2017-08-17 15:45:49 UPDATE SQL : UPDATE balances SET closingBalance = '144751369' WHERE  branchId = '5' AND accountId = '16' AND date = '2017-08-17' 
2017-08-17 15:45:49 Balance Update Status 2:1
 2017-08-17 15:45:49 INSERT SQL : INSERT INTO account_transfers  (ts,type,amount,charge,fromId,toId,transferRef,userId,amountAfterXchange,amountB4Xchange)  VALUES('2017-08-17 15:08:45','transfer','700','0','25','16','0','4','700','700')
2017-08-17 15:45:49 SELECT SQL : SELECT * FROM transfers WHERE  fromBranch = '5'  OR toBranch = '5'  OR destinationCountryId = '0'  
2017-08-17 15:45:49 Response : {"success":1,"data":"00500427"}
2017-08-17 15:46:10 ---- New Request ----
2017-08-17 15:46:10 Controller : Reports
2017-08-17 15:46:10 Method : getreportdataAction
2017-08-17 15:46:10 Controller File : controllers/Reports.class.php, Exists
2017-08-17 15:46:10 Class constructed
2017-08-17 15:46:10 Class constructed
2017-08-17 15:46:10 kyakabi2017-08-17 15:46:10 kyakabi12017-08-17 15:46:10 kyakabi22017-08-17 15:46:10 kyakabi32017-08-17 15:46:10 UserID : 4
SessionId : B3u5fVS38x86vwIH66wTvi6RN4LdBd2V
Branch ID : 5
2017-08-17 15:46:10 SELECT SQL : SELECT * FROM branches WHERE  id = '5'  
2017-08-17 15:46:10 SELECT SQL : SELECT * FROM branch_transaction WHERE  branch_id = '5' AND date = '2017-08-17'  
2017-08-17 15:46:10 SELECT SQL : SELECT * FROM accounts WHERE  branchId = '5'  
2017-08-17 15:46:10 SELECT SQL : SELECT * FROM balances WHERE  branchId = '5' AND date = '2017-08-17'  
2017-08-17 15:46:10 Response : {"success":1,"today":"2017-08-17","data":{"branch":{"id":"5","name":"KINSHASHA","countryId":"4","location":"Patrice Avenue","supervisorId":"3","createdBy":"4","ts":"2017-06-30 00:06:55","active":"1"},"transactions_today":[{"id":"6","branch_id":"5","to_branch_id":"0","user_id":"0","transaction_type_id":"1","amount":"4000","exchange_rate":"0","from_currency_id":"2","to_currency_id":"4","currency_id":"0","sender_name":"you","receiver_name":"henry","date":"2017-08-17","ts":"2017-08-17 15:08:45","status":"","account_number":"","account_id":"0","amount_from_rate":"","from_account_id":"0","to_account_id":"0","charge":"700","charge_currency_id":"2","details":""}],"accounts":[{"id":"16","name":"KINSHASHA-USD Account","branchId":"5","type_id":"1","currency_id":"2","balance":"0","createdBy":"4","active":"1","ts":"2017-06-30 00:06:55"}],"balances":[{"id":"122","branchId":"5","accountId":"16","openingBalance":"144746669","closingBalance":"144751369","date":"2017-08-17","ts":"2017-08-17 00:08:00"}]}}
