2017-07-13 15:42:47 ---- New Request ----
2017-07-13 15:42:47 Controller : Users
2017-07-13 15:42:47 Method : loginAction
2017-07-13 15:42:47 Controller File : controllers/Users.class.php, Exists
2017-07-13 15:42:47 Class constructed
2017-07-13 15:42:47 Login Params ;Username :lydia
Password : ******
2017-07-13 15:42:47 SELECT SQL : SELECT id,firstName,surname,userName,userTypeId,sessionId,password,active,branchId FROM users WHERE  userName = 'lydia'  
2017-07-13 15:42:47 SELECT SQL : SELECT name FROM branches WHERE  id = '6'  
2017-07-13 15:42:47 UPDATE SQL : UPDATE users SET sessionId = '14sIdhN5JRHuebI6lfNWXU2Ks37fg2Il',ipAddress = '160.242.146.119' WHERE  id = '3' 
2017-07-13 15:42:47 Response : {"success":1,"data":{"id":"3","firstName":"Lydia","surname":"Amoi","userName":"lydia","userTypeId":"2","sessionId":"14sIdhN5JRHuebI6lfNWXU2Ks37fg2Il","branchId":"6","branchName":"OASIS MALL"}}
2017-07-13 15:52:19 ---- New Request ----
2017-07-13 15:52:19 Controller : Users
2017-07-13 15:52:19 Method : loginAction
2017-07-13 15:52:19 Controller File : controllers/Users.class.php, Exists
2017-07-13 15:52:19 Class constructed
2017-07-13 15:52:19 Login Params ;Username :lydia
Password : ******
2017-07-13 15:52:19 SELECT SQL : SELECT id,firstName,surname,userName,userTypeId,sessionId,password,active,branchId FROM users WHERE  userName = 'lydia'  
2017-07-13 15:52:19 Response : {"success":0,"errormsg":"Login Failed. Wrong Password."}
2017-07-13 15:52:28 ---- New Request ----
2017-07-13 15:52:28 Controller : Users
2017-07-13 15:52:28 Method : loginAction
2017-07-13 15:52:28 Controller File : controllers/Users.class.php, Exists
2017-07-13 15:52:28 Class constructed
2017-07-13 15:52:28 Login Params ;Username :lydia
Password : ******
2017-07-13 15:52:28 SELECT SQL : SELECT id,firstName,surname,userName,userTypeId,sessionId,password,active,branchId FROM users WHERE  userName = 'lydia'  
2017-07-13 15:52:28 SELECT SQL : SELECT name FROM branches WHERE  id = '6'  
2017-07-13 15:52:28 UPDATE SQL : UPDATE users SET sessionId = '7tL41cT0FPHRWIVH3koV4BVNTY0B4amc',ipAddress = '160.242.146.119' WHERE  id = '3' 
2017-07-13 15:52:28 Response : {"success":1,"data":{"id":"3","firstName":"Lydia","surname":"Amoi","userName":"lydia","userTypeId":"2","sessionId":"7tL41cT0FPHRWIVH3koV4BVNTY0B4amc","branchId":"6","branchName":"OASIS MALL"}}
2017-07-13 15:55:35 ---- New Request ----
2017-07-13 15:55:35 Controller : Users
2017-07-13 15:55:35 Method : formsdetailsAction
2017-07-13 15:55:35 Controller File : controllers/Users.class.php, Exists
2017-07-13 15:55:35 Class constructed
2017-07-13 15:55:35 Details Params :
SessionID :7tL41cT0FPHRWIVH3koV4BVNTY0B4amc
User ID : 3
2017-07-13 15:55:35 SELECT SQL : SELECT * FROM branches WHERE  active = '1'  
2017-07-13 15:55:35 SELECT SQL : SELECT * FROM countries WHERE  active = '1'  
2017-07-13 15:55:35 SELECT SQL : SELECT * FROM identification WHERE  active = '1'  
2017-07-13 15:55:35 SELECT SQL : SELECT * FROM users WHERE  active = '1'  
2017-07-13 15:55:35 SELECT SQL : SELECT id,name,branchId,currency_id FROM accounts WHERE  active = '1' AND type_id = '1'  
2017-07-13 15:55:35 Balance Update Params :
Branch Id : 5
Account ID : 16
Amount : 0
2017-07-13 15:55:35 SELECT SQL : SELECT * FROM balances WHERE  branchId = '5' AND accountId = '16'  
2017-07-13 15:55:35 SELECT SQL : SELECT * FROM balances WHERE  branchId = '5' AND accountId = '16' AND date = '2017-07-13'  
2017-07-13 15:55:35 UPDATE SQL : UPDATE balances SET closingBalance = '431989' WHERE  branchId = '5' AND accountId = '16' AND date = '2017-07-13' 
2017-07-13 15:55:35 Balance Update Status 2:1
 2017-07-13 15:55:35 Balance Update Params :
Branch Id : 6
Account ID : 20
Amount : 0
2017-07-13 15:55:35 SELECT SQL : SELECT * FROM balances WHERE  branchId = '6' AND accountId = '20'  
2017-07-13 15:55:35 Balance Update Params :
Branch Id : 6
Account ID : 21
Amount : 0
2017-07-13 15:55:35 SELECT SQL : SELECT * FROM balances WHERE  branchId = '6' AND accountId = '21'  
2017-07-13 15:55:35 SELECT SQL : SELECT * FROM balances WHERE  branchId = '6' AND accountId = '21' AND date = '2017-07-13'  
2017-07-13 15:55:35 UPDATE SQL : UPDATE balances SET closingBalance = '205010' WHERE  branchId = '6' AND accountId = '21' AND date = '2017-07-13' 
2017-07-13 15:55:35 Balance Update Status 2:1
 2017-07-13 15:55:35 Balance Update Params :
Branch Id : 6
Account ID : 22
Amount : 0
2017-07-13 15:55:35 SELECT SQL : SELECT * FROM balances WHERE  branchId = '6' AND accountId = '22'  
2017-07-13 15:55:35 Balance Update Params :
Branch Id : 6
Account ID : 23
Amount : 0
2017-07-13 15:55:35 SELECT SQL : SELECT * FROM balances WHERE  branchId = '6' AND accountId = '23'  
2017-07-13 15:55:35 SELECT SQL : SELECT * FROM balances WHERE  branchId = '6' AND accountId = '23' AND date = '2017-07-13'  
2017-07-13 15:55:35 UPDATE SQL : UPDATE balances SET closingBalance = '111321519' WHERE  branchId = '6' AND accountId = '23' AND date = '2017-07-13' 
2017-07-13 15:55:35 Balance Update Status 2:1
 2017-07-13 15:55:35 Balance Update Params :
Branch Id : 6
Account ID : 24
Amount : 0
2017-07-13 15:55:35 SELECT SQL : SELECT * FROM balances WHERE  branchId = '6' AND accountId = '24'  
2017-07-13 15:55:35 Balance Update Params :
Branch Id : 11
Account ID : 27
Amount : 0
2017-07-13 15:55:35 SELECT SQL : SELECT * FROM balances WHERE  branchId = '11' AND accountId = '27'  
2017-07-13 15:55:35 SELECT SQL : SELECT * FROM balances WHERE  branchId = '11' AND accountId = '27' AND date = '2017-07-13'  
2017-07-13 15:55:35 UPDATE SQL : UPDATE balances SET closingBalance = '-1072373.0692236' WHERE  branchId = '11' AND accountId = '27' AND date = '2017-07-13' 
2017-07-13 15:55:35 Balance Update Status 2:1
 2017-07-13 15:55:35 Balance Update Params :
Branch Id : 11
Account ID : 28
Amount : 0
2017-07-13 15:55:35 SELECT SQL : SELECT * FROM balances WHERE  branchId = '11' AND accountId = '28'  
2017-07-13 15:55:35 Balance Update Params :
Branch Id : 12
Account ID : 33
Amount : 0
2017-07-13 15:55:35 SELECT SQL : SELECT * FROM balances WHERE  branchId = '12' AND accountId = '33'  
2017-07-13 15:55:35 SELECT SQL : SELECT * FROM balances WHERE  branchId = '12' AND accountId = '33' AND date = '2017-07-13'  
2017-07-13 15:55:35 UPDATE SQL : UPDATE balances SET closingBalance = '-42901' WHERE  branchId = '12' AND accountId = '33' AND date = '2017-07-13' 
2017-07-13 15:55:35 Balance Update Status 2:1
 2017-07-13 15:55:35 Balance Update Params :
Branch Id : 12
Account ID : 36
Amount : 0
2017-07-13 15:55:35 SELECT SQL : SELECT * FROM balances WHERE  branchId = '12' AND accountId = '36'  
2017-07-13 15:55:35 SELECT SQL : SELECT * FROM balances WHERE  branchId = '12' AND accountId = '36' AND date = '2017-07-13'  
2017-07-13 15:55:35 UPDATE SQL : UPDATE balances SET closingBalance = '4816527' WHERE  branchId = '12' AND accountId = '36' AND date = '2017-07-13' 
2017-07-13 15:55:35 Balance Update Status 2:1
 2017-07-13 15:55:35 Balance Update Params :
Branch Id : 7
Account ID : 37
Amount : 0
2017-07-13 15:55:35 SELECT SQL : SELECT * FROM balances WHERE  branchId = '7' AND accountId = '37'  
2017-07-13 15:55:35 SELECT SQL : SELECT * FROM balances WHERE  branchId = '7' AND accountId = '37' AND date = '2017-07-13'  
2017-07-13 15:55:35 UPDATE SQL : UPDATE balances SET closingBalance = '98595' WHERE  branchId = '7' AND accountId = '37' AND date = '2017-07-13' 
2017-07-13 15:55:35 Balance Update Status 2:1
 2017-07-13 15:55:35 SELECT SQL : SELECT * FROM currencies WHERE  active = '1'  
2017-07-13 15:55:35 SELECT SQL : SELECT * FROM accounts WHERE  active = '1' AND type_id = '4'  
2017-07-13 15:55:35 SELECT SQL : SELECT * FROM account_types WHERE  active = '1'  
2017-07-13 15:55:35 SELECT SQL : SELECT * FROM user_types WHERE  active = '1'  
2017-07-13 15:55:35 Response : {"data":{"branches":[{"id":"5","name":"KINSHASHA","countryId":"4","location":"Patrice Avenue","supervisorId":"3","createdBy":"4","ts":"2017-06-30 00:06:55","active":"1"},{"id":"6","name":"OASIS MALL","countryId":"1","location":"Yusufu Lule Rd","supervisorId":"3","createdBy":"2","ts":"2017-06-30 00:12:08","active":"1"},{"id":"7","name":"GOMA","countryId":"4","location":"Goma","supervisorId":"3","createdBy":"1","ts":"2017-07-05 00:00:00","active":"1"},{"id":"9","name":"MOMBASA","countryId":"2","location":"Mombasa","supervisorId":"3","createdBy":"1","ts":"2017-07-05 00:00:00","active":"1"},{"id":"10","name":"DUBAI","countryId":"6","location":"Dubai","supervisorId":"3","createdBy":"1","ts":"2017-07-05 00:00:00","active":"1"},{"id":"11","name":"CHINA","countryId":"5","location":"China","supervisorId":"3","createdBy":"3","ts":"2017-07-05 13:23:17","active":"1"},{"id":"12","name":"NAIROBI","countryId":"2","location":"Nairobi","supervisorId":"3","createdBy":"3","ts":"2017-07-06 14:12:35","active":"1"}],"countries":[{"id":"1","name":"UGANDA","createdBy":"1","ts":"2017-06-25 23:13:31","active":"1"},{"id":"2","name":"KENYA","createdBy":"1","ts":"2017-06-26 09:02:45","active":"1"},{"id":"3","name":"TZ","createdBy":"1","ts":"2017-06-28 11:11:53","active":"1"},{"id":"4","name":"CONGO","createdBy":"1","ts":"2017-06-28 11:26:11","active":"1"},{"id":"5","name":"CHINA","createdBy":"1","ts":"2017-06-28 11:30:01","active":"1"},{"id":"6","name":"UAE","createdBy":"1","ts":"2017-07-05 00:00:00","active":"1"}],"ids":[[{"id":"1","name":"Passport","createdBy":"1","ts":"2017-06-28 14:00:01","active":"1"},{"id":"2","name":"National ID","createdBy":"1","ts":"2017-06-28 14:00:01","active":"1"},{"id":"3","name":"STUDENTS ID","createdBy":"1","ts":"2017-06-28 16:21:46","active":"1"}]],"users":[{"id":"1","firstName":"You","surname":"Jinshu","email":"hudsonbogere@swipeit.co.ug","phone":"256783131266","userName":"you","branchId":"0","userTypeId":"1","password":"$2y$10$pPGbhJ1RXx\/ug.ED3LnsQuKHJTqwYsa\/iF0OqGOgsjflkHKIDTLVq","sessionId":"","ipAddress":"197.239.37.240","createdBy":null,"ts":"2017-06-23 15:08:12","active":"1"},{"id":"2","firstName":"Nansubuga","surname":"Dorothy","email":"henry@gmail.com","phone":"256752284441","userName":"dorah","branchId":"12","userTypeId":"3","password":"$2y$10$m72Zz8Z.h4\/Zp6TFDhmbXeQ79kZ7JJ2U0yLUanc0dDVxbc.5UPkRG","sessionId":"ZzqoqXLvIHiLfWPvR5n0iYqfI0l3SyXi","ipAddress":"197.157.0.30","createdBy":"1","ts":"2017-06-26 19:11:07","active":"1"},{"id":"3","firstName":"Lydia","surname":"Amoi","email":"islam@gmail.com","phone":"256777608310","userName":"lydia","branchId":"6","userTypeId":"2","password":"$2y$10$m72Zz8Z.h4\/Zp6TFDhmbXeQ79kZ7JJ2U0yLUanc0dDVxbc.5UPkRG","sessionId":"7tL41cT0FPHRWIVH3koV4BVNTY0B4amc","ipAddress":"160.242.146.119","createdBy":"1","ts":"2017-06-26 19:41:01","active":"1"},{"id":"4","firstName":"Nabukera","surname":"Maria","email":"banerd@tfb.com","phone":"256774457813","userName":"maria","branchId":"5","userTypeId":"3","password":"$2y$10$wTpUE\/WJFMfQaBglrQocTO9ndV6dbxL2vzFDEJZ1hpVVp4binpXGO","sessionId":"0SP0feECFf00VEzHjCyiYQ6U1soq4VKd","ipAddress":"197.157.0.30","createdBy":"1","ts":"2017-06-26 23:04:07","active":"1"},{"id":"5","firstName":"Henry","surname":"Bbosa","email":null,"phone":null,"userName":"henry","branchId":"11","userTypeId":"3","password":"$2y$10$m72Zz8Z.h4\/Zp6TFDhmbXeQ79kZ7JJ2U0yLUanc0dDVxbc.5UPkRG","sessionId":"B7Jvxy4i7CF1ccrrfFPeNdDXCEWHWJYa","ipAddress":"197.157.0.30","createdBy":"1","ts":"2017-07-05 00:00:00","active":"1"},{"id":"6","firstName":"Edwin","surname":"Kakeeto","email":"edwin@edwin.com","phone":"0777777557","userName":"edwin","branchId":"7","userTypeId":"3","password":"$2y$10$m72Zz8Z.h4\/Zp6TFDhmbXeQ79kZ7JJ2U0yLUanc0dDVxbc.5UPkRG","sessionId":"YrWMOJ1kjG2mfBc1WxRmk51J4Agr24N4","ipAddress":"197.157.0.30","createdBy":"3","ts":"2017-07-10 07:37:50","active":"1"}],"accounts":[{"id":"16","name":"KINSHASHA-USD Account","branchId":"5","currency_id":"2"},{"id":"20","name":"OASIS MALL-RMB Account","branchId":"6","currency_id":"1"},{"id":"21","name":"OASIS MALL-USD Account","branchId":"6","currency_id":"2"},{"id":"22","name":"OASIS MALL-DIRHAM Account","branchId":"6","currency_id":"3"},{"id":"23","name":"OASIS MALL-UGX Account","branchId":"6","currency_id":"4"},{"id":"24","name":"OASIS MALL-KSH Account","branchId":"6","currency_id":"5"},{"id":"27","name":"CHINA-RMB Account","branchId":"11","currency_id":"1"},{"id":"28","name":"CHINA-USD Account","branchId":"11","currency_id":"2"},{"id":"33","name":"NAIROBI-USD Account","branchId":"12","currency_id":"2"},{"id":"36","name":"NAIROBI-KSH Account","branchId":"12","currency_id":"5"},{"id":"37","name":"GOMA-USD ACCOUNT","branchId":"7","currency_id":"2"}],"currencies":[{"id":"1","name":"RMB","symbol":"\u00c2\u00a5","createdBy":"1","ts":"2017-06-27 22:45:12","active":"1"},{"id":"2","name":"USD","symbol":"$","createdBy":"1","ts":"2017-06-27 22:45:12","active":"1"},{"id":"3","name":"DIRHAM","symbol":"","createdBy":"1","ts":"2017-06-28 11:40:09","active":"1"},{"id":"4","name":"UGX","symbol":"\/=","createdBy":"1","ts":"2017-06-28 11:46:50","active":"1"},{"id":"5","name":"KSH","symbol":"","createdBy":"1","ts":"2017-06-28 11:46:50","active":"1"}],"superaccount":[{"id":"1","name":"RMB Account","branchId":"0","type_id":"4","currency_id":"1","balance":"0","createdBy":"1","active":"1","ts":"2017-06-27 22:45:12"}],"accountTypes":[{"id":"1","type":"Transfer","description":"","createdBy":"1","ts":"2017-06-28 14:31:12","active":"1"},{"id":"2","type":"Suspense","description":"","createdBy":"1","ts":"2017-06-28 14:31:12","active":"1"},{"id":"4","type":"Super","description":"","createdBy":"1","ts":"2017-06-28 14:31:12","active":"1"}],"userTypes":[{"id":"1","name":"E-Value Admin","level":"1","ts":"2017-06-27 22:45:12","active":"1"},{"id":"2","name":"Super User","level":"2","ts":"2017-06-27 22:45:12","active":"1"},{"id":"3","name":"Agent","level":"3","ts":"2017-06-27 22:45:12","active":"1"},{"id":"4","name":"System Admin","level":"4","ts":"2017-06-27 22:45:12","active":"1"}]},"success":1}
2017-07-13 15:56:42 ---- New Request ----
2017-07-13 15:56:42 Controller : Users
2017-07-13 15:56:42 Method : formsdetailsAction
2017-07-13 15:56:42 Controller File : controllers/Users.class.php, Exists
2017-07-13 15:56:42 Class constructed
2017-07-13 15:56:42 Details Params :
SessionID :7tL41cT0FPHRWIVH3koV4BVNTY0B4amc
User ID : 3
2017-07-13 15:56:42 SELECT SQL : SELECT * FROM branches WHERE  active = '1'  
2017-07-13 15:56:42 SELECT SQL : SELECT * FROM countries WHERE  active = '1'  
2017-07-13 15:56:42 SELECT SQL : SELECT * FROM identification WHERE  active = '1'  
2017-07-13 15:56:42 SELECT SQL : SELECT * FROM users WHERE  active = '1'  
2017-07-13 15:56:42 SELECT SQL : SELECT id,name,branchId,currency_id FROM accounts WHERE  active = '1' AND type_id = '1'  
2017-07-13 15:56:42 Balance Update Params :
Branch Id : 5
Account ID : 16
Amount : 0
2017-07-13 15:56:42 SELECT SQL : SELECT * FROM balances WHERE  branchId = '5' AND accountId = '16'  
2017-07-13 15:56:42 SELECT SQL : SELECT * FROM balances WHERE  branchId = '5' AND accountId = '16' AND date = '2017-07-13'  
2017-07-13 15:56:42 UPDATE SQL : UPDATE balances SET closingBalance = '431989' WHERE  branchId = '5' AND accountId = '16' AND date = '2017-07-13' 
2017-07-13 15:56:42 Balance Update Status 2:1
 2017-07-13 15:56:42 Balance Update Params :
Branch Id : 6
Account ID : 20
Amount : 0
2017-07-13 15:56:42 SELECT SQL : SELECT * FROM balances WHERE  branchId = '6' AND accountId = '20'  
2017-07-13 15:56:42 Balance Update Params :
Branch Id : 6
Account ID : 21
Amount : 0
2017-07-13 15:56:42 SELECT SQL : SELECT * FROM balances WHERE  branchId = '6' AND accountId = '21'  
2017-07-13 15:56:42 SELECT SQL : SELECT * FROM balances WHERE  branchId = '6' AND accountId = '21' AND date = '2017-07-13'  
2017-07-13 15:56:42 UPDATE SQL : UPDATE balances SET closingBalance = '205010' WHERE  branchId = '6' AND accountId = '21' AND date = '2017-07-13' 
2017-07-13 15:56:42 Balance Update Status 2:1
 2017-07-13 15:56:42 Balance Update Params :
Branch Id : 6
Account ID : 22
Amount : 0
2017-07-13 15:56:42 SELECT SQL : SELECT * FROM balances WHERE  branchId = '6' AND accountId = '22'  
2017-07-13 15:56:42 Balance Update Params :
Branch Id : 6
Account ID : 23
Amount : 0
2017-07-13 15:56:42 SELECT SQL : SELECT * FROM balances WHERE  branchId = '6' AND accountId = '23'  
2017-07-13 15:56:42 SELECT SQL : SELECT * FROM balances WHERE  branchId = '6' AND accountId = '23' AND date = '2017-07-13'  
2017-07-13 15:56:42 UPDATE SQL : UPDATE balances SET closingBalance = '111321519' WHERE  branchId = '6' AND accountId = '23' AND date = '2017-07-13' 
2017-07-13 15:56:42 Balance Update Status 2:1
 2017-07-13 15:56:42 Balance Update Params :
Branch Id : 6
Account ID : 24
Amount : 0
2017-07-13 15:56:42 SELECT SQL : SELECT * FROM balances WHERE  branchId = '6' AND accountId = '24'  
2017-07-13 15:56:42 Balance Update Params :
Branch Id : 11
Account ID : 27
Amount : 0
2017-07-13 15:56:42 SELECT SQL : SELECT * FROM balances WHERE  branchId = '11' AND accountId = '27'  
2017-07-13 15:56:42 SELECT SQL : SELECT * FROM balances WHERE  branchId = '11' AND accountId = '27' AND date = '2017-07-13'  
2017-07-13 15:56:42 UPDATE SQL : UPDATE balances SET closingBalance = '-1072373.0692236' WHERE  branchId = '11' AND accountId = '27' AND date = '2017-07-13' 
2017-07-13 15:56:42 Balance Update Status 2:1
 2017-07-13 15:56:42 Balance Update Params :
Branch Id : 11
Account ID : 28
Amount : 0
2017-07-13 15:56:42 SELECT SQL : SELECT * FROM balances WHERE  branchId = '11' AND accountId = '28'  
2017-07-13 15:56:42 Balance Update Params :
Branch Id : 12
Account ID : 33
Amount : 0
2017-07-13 15:56:42 SELECT SQL : SELECT * FROM balances WHERE  branchId = '12' AND accountId = '33'  
2017-07-13 15:56:42 SELECT SQL : SELECT * FROM balances WHERE  branchId = '12' AND accountId = '33' AND date = '2017-07-13'  
2017-07-13 15:56:42 UPDATE SQL : UPDATE balances SET closingBalance = '-42901' WHERE  branchId = '12' AND accountId = '33' AND date = '2017-07-13' 
2017-07-13 15:56:42 Balance Update Status 2:1
 2017-07-13 15:56:42 Balance Update Params :
Branch Id : 12
Account ID : 36
Amount : 0
2017-07-13 15:56:42 SELECT SQL : SELECT * FROM balances WHERE  branchId = '12' AND accountId = '36'  
2017-07-13 15:56:42 SELECT SQL : SELECT * FROM balances WHERE  branchId = '12' AND accountId = '36' AND date = '2017-07-13'  
2017-07-13 15:56:42 UPDATE SQL : UPDATE balances SET closingBalance = '4816527' WHERE  branchId = '12' AND accountId = '36' AND date = '2017-07-13' 
2017-07-13 15:56:42 Balance Update Status 2:1
 2017-07-13 15:56:42 Balance Update Params :
Branch Id : 7
Account ID : 37
Amount : 0
2017-07-13 15:56:42 SELECT SQL : SELECT * FROM balances WHERE  branchId = '7' AND accountId = '37'  
2017-07-13 15:56:42 SELECT SQL : SELECT * FROM balances WHERE  branchId = '7' AND accountId = '37' AND date = '2017-07-13'  
2017-07-13 15:56:42 UPDATE SQL : UPDATE balances SET closingBalance = '98595' WHERE  branchId = '7' AND accountId = '37' AND date = '2017-07-13' 
2017-07-13 15:56:42 Balance Update Status 2:1
 2017-07-13 15:56:42 SELECT SQL : SELECT * FROM currencies WHERE  active = '1'  
2017-07-13 15:56:42 SELECT SQL : SELECT * FROM accounts WHERE  active = '1' AND type_id = '4'  
2017-07-13 15:56:42 SELECT SQL : SELECT * FROM account_types WHERE  active = '1'  
2017-07-13 15:56:42 SELECT SQL : SELECT * FROM user_types WHERE  active = '1'  
2017-07-13 15:56:42 Response : {"data":{"branches":[{"id":"5","name":"KINSHASHA","countryId":"4","location":"Patrice Avenue","supervisorId":"3","createdBy":"4","ts":"2017-06-30 00:06:55","active":"1"},{"id":"6","name":"OASIS MALL","countryId":"1","location":"Yusufu Lule Rd","supervisorId":"3","createdBy":"2","ts":"2017-06-30 00:12:08","active":"1"},{"id":"7","name":"GOMA","countryId":"4","location":"Goma","supervisorId":"3","createdBy":"1","ts":"2017-07-05 00:00:00","active":"1"},{"id":"9","name":"MOMBASA","countryId":"2","location":"Mombasa","supervisorId":"3","createdBy":"1","ts":"2017-07-05 00:00:00","active":"1"},{"id":"10","name":"DUBAI","countryId":"6","location":"Dubai","supervisorId":"3","createdBy":"1","ts":"2017-07-05 00:00:00","active":"1"},{"id":"11","name":"CHINA","countryId":"5","location":"China","supervisorId":"3","createdBy":"3","ts":"2017-07-05 13:23:17","active":"1"},{"id":"12","name":"NAIROBI","countryId":"2","location":"Nairobi","supervisorId":"3","createdBy":"3","ts":"2017-07-06 14:12:35","active":"1"}],"countries":[{"id":"1","name":"UGANDA","createdBy":"1","ts":"2017-06-25 23:13:31","active":"1"},{"id":"2","name":"KENYA","createdBy":"1","ts":"2017-06-26 09:02:45","active":"1"},{"id":"3","name":"TZ","createdBy":"1","ts":"2017-06-28 11:11:53","active":"1"},{"id":"4","name":"CONGO","createdBy":"1","ts":"2017-06-28 11:26:11","active":"1"},{"id":"5","name":"CHINA","createdBy":"1","ts":"2017-06-28 11:30:01","active":"1"},{"id":"6","name":"UAE","createdBy":"1","ts":"2017-07-05 00:00:00","active":"1"}],"ids":[[{"id":"1","name":"Passport","createdBy":"1","ts":"2017-06-28 14:00:01","active":"1"},{"id":"2","name":"National ID","createdBy":"1","ts":"2017-06-28 14:00:01","active":"1"},{"id":"3","name":"STUDENTS ID","createdBy":"1","ts":"2017-06-28 16:21:46","active":"1"}]],"users":[{"id":"1","firstName":"You","surname":"Jinshu","email":"hudsonbogere@swipeit.co.ug","phone":"256783131266","userName":"you","branchId":"0","userTypeId":"1","password":"$2y$10$pPGbhJ1RXx\/ug.ED3LnsQuKHJTqwYsa\/iF0OqGOgsjflkHKIDTLVq","sessionId":"","ipAddress":"197.239.37.240","createdBy":null,"ts":"2017-06-23 15:08:12","active":"1"},{"id":"2","firstName":"Nansubuga","surname":"Dorothy","email":"henry@gmail.com","phone":"256752284441","userName":"dorah","branchId":"12","userTypeId":"3","password":"$2y$10$m72Zz8Z.h4\/Zp6TFDhmbXeQ79kZ7JJ2U0yLUanc0dDVxbc.5UPkRG","sessionId":"ZzqoqXLvIHiLfWPvR5n0iYqfI0l3SyXi","ipAddress":"197.157.0.30","createdBy":"1","ts":"2017-06-26 19:11:07","active":"1"},{"id":"3","firstName":"Lydia","surname":"Amoi","email":"islam@gmail.com","phone":"256777608310","userName":"lydia","branchId":"6","userTypeId":"2","password":"$2y$10$m72Zz8Z.h4\/Zp6TFDhmbXeQ79kZ7JJ2U0yLUanc0dDVxbc.5UPkRG","sessionId":"7tL41cT0FPHRWIVH3koV4BVNTY0B4amc","ipAddress":"160.242.146.119","createdBy":"1","ts":"2017-06-26 19:41:01","active":"1"},{"id":"4","firstName":"Nabukera","surname":"Maria","email":"banerd@tfb.com","phone":"256774457813","userName":"maria","branchId":"5","userTypeId":"3","password":"$2y$10$wTpUE\/WJFMfQaBglrQocTO9ndV6dbxL2vzFDEJZ1hpVVp4binpXGO","sessionId":"0SP0feECFf00VEzHjCyiYQ6U1soq4VKd","ipAddress":"197.157.0.30","createdBy":"1","ts":"2017-06-26 23:04:07","active":"1"},{"id":"5","firstName":"Henry","surname":"Bbosa","email":null,"phone":null,"userName":"henry","branchId":"11","userTypeId":"3","password":"$2y$10$m72Zz8Z.h4\/Zp6TFDhmbXeQ79kZ7JJ2U0yLUanc0dDVxbc.5UPkRG","sessionId":"B7Jvxy4i7CF1ccrrfFPeNdDXCEWHWJYa","ipAddress":"197.157.0.30","createdBy":"1","ts":"2017-07-05 00:00:00","active":"1"},{"id":"6","firstName":"Edwin","surname":"Kakeeto","email":"edwin@edwin.com","phone":"0777777557","userName":"edwin","branchId":"7","userTypeId":"3","password":"$2y$10$m72Zz8Z.h4\/Zp6TFDhmbXeQ79kZ7JJ2U0yLUanc0dDVxbc.5UPkRG","sessionId":"YrWMOJ1kjG2mfBc1WxRmk51J4Agr24N4","ipAddress":"197.157.0.30","createdBy":"3","ts":"2017-07-10 07:37:50","active":"1"}],"accounts":[{"id":"16","name":"KINSHASHA-USD Account","branchId":"5","currency_id":"2"},{"id":"20","name":"OASIS MALL-RMB Account","branchId":"6","currency_id":"1"},{"id":"21","name":"OASIS MALL-USD Account","branchId":"6","currency_id":"2"},{"id":"22","name":"OASIS MALL-DIRHAM Account","branchId":"6","currency_id":"3"},{"id":"23","name":"OASIS MALL-UGX Account","branchId":"6","currency_id":"4"},{"id":"24","name":"OASIS MALL-KSH Account","branchId":"6","currency_id":"5"},{"id":"27","name":"CHINA-RMB Account","branchId":"11","currency_id":"1"},{"id":"28","name":"CHINA-USD Account","branchId":"11","currency_id":"2"},{"id":"33","name":"NAIROBI-USD Account","branchId":"12","currency_id":"2"},{"id":"36","name":"NAIROBI-KSH Account","branchId":"12","currency_id":"5"},{"id":"37","name":"GOMA-USD ACCOUNT","branchId":"7","currency_id":"2"}],"currencies":[{"id":"1","name":"RMB","symbol":"\u00c2\u00a5","createdBy":"1","ts":"2017-06-27 22:45:12","active":"1"},{"id":"2","name":"USD","symbol":"$","createdBy":"1","ts":"2017-06-27 22:45:12","active":"1"},{"id":"3","name":"DIRHAM","symbol":"","createdBy":"1","ts":"2017-06-28 11:40:09","active":"1"},{"id":"4","name":"UGX","symbol":"\/=","createdBy":"1","ts":"2017-06-28 11:46:50","active":"1"},{"id":"5","name":"KSH","symbol":"","createdBy":"1","ts":"2017-06-28 11:46:50","active":"1"}],"superaccount":[{"id":"1","name":"RMB Account","branchId":"0","type_id":"4","currency_id":"1","balance":"0","createdBy":"1","active":"1","ts":"2017-06-27 22:45:12"}],"accountTypes":[{"id":"1","type":"Transfer","description":"","createdBy":"1","ts":"2017-06-28 14:31:12","active":"1"},{"id":"2","type":"Suspense","description":"","createdBy":"1","ts":"2017-06-28 14:31:12","active":"1"},{"id":"4","type":"Super","description":"","createdBy":"1","ts":"2017-06-28 14:31:12","active":"1"}],"userTypes":[{"id":"1","name":"E-Value Admin","level":"1","ts":"2017-06-27 22:45:12","active":"1"},{"id":"2","name":"Super User","level":"2","ts":"2017-06-27 22:45:12","active":"1"},{"id":"3","name":"Agent","level":"3","ts":"2017-06-27 22:45:12","active":"1"},{"id":"4","name":"System Admin","level":"4","ts":"2017-06-27 22:45:12","active":"1"}]},"success":1}
2017-07-13 15:56:48 ---- New Request ----
2017-07-13 15:56:48 Controller : Users
2017-07-13 15:56:48 Method : formsdetailsAction
2017-07-13 15:56:48 Controller File : controllers/Users.class.php, Exists
2017-07-13 15:56:48 Class constructed
2017-07-13 15:56:48 Details Params :
SessionID :7tL41cT0FPHRWIVH3koV4BVNTY0B4amc
User ID : 3
2017-07-13 15:56:48 SELECT SQL : SELECT * FROM branches WHERE  active = '1'  
2017-07-13 15:56:48 SELECT SQL : SELECT * FROM countries WHERE  active = '1'  
2017-07-13 15:56:48 SELECT SQL : SELECT * FROM identification WHERE  active = '1'  
2017-07-13 15:56:48 SELECT SQL : SELECT * FROM users WHERE  active = '1'  
2017-07-13 15:56:48 SELECT SQL : SELECT id,name,branchId,currency_id FROM accounts WHERE  active = '1' AND type_id = '1'  
2017-07-13 15:56:48 Balance Update Params :
Branch Id : 5
Account ID : 16
Amount : 0
2017-07-13 15:56:48 SELECT SQL : SELECT * FROM balances WHERE  branchId = '5' AND accountId = '16'  
2017-07-13 15:56:48 SELECT SQL : SELECT * FROM balances WHERE  branchId = '5' AND accountId = '16' AND date = '2017-07-13'  
2017-07-13 15:56:48 UPDATE SQL : UPDATE balances SET closingBalance = '431989' WHERE  branchId = '5' AND accountId = '16' AND date = '2017-07-13' 
2017-07-13 15:56:48 Balance Update Status 2:1
 2017-07-13 15:56:48 Balance Update Params :
Branch Id : 6
Account ID : 20
Amount : 0
2017-07-13 15:56:48 SELECT SQL : SELECT * FROM balances WHERE  branchId = '6' AND accountId = '20'  
2017-07-13 15:56:48 Balance Update Params :
Branch Id : 6
Account ID : 21
Amount : 0
2017-07-13 15:56:48 SELECT SQL : SELECT * FROM balances WHERE  branchId = '6' AND accountId = '21'  
2017-07-13 15:56:48 SELECT SQL : SELECT * FROM balances WHERE  branchId = '6' AND accountId = '21' AND date = '2017-07-13'  
2017-07-13 15:56:48 UPDATE SQL : UPDATE balances SET closingBalance = '205010' WHERE  branchId = '6' AND accountId = '21' AND date = '2017-07-13' 
2017-07-13 15:56:48 Balance Update Status 2:1
 2017-07-13 15:56:48 Balance Update Params :
Branch Id : 6
Account ID : 22
Amount : 0
2017-07-13 15:56:48 SELECT SQL : SELECT * FROM balances WHERE  branchId = '6' AND accountId = '22'  
2017-07-13 15:56:48 Balance Update Params :
Branch Id : 6
Account ID : 23
Amount : 0
2017-07-13 15:56:48 SELECT SQL : SELECT * FROM balances WHERE  branchId = '6' AND accountId = '23'  
2017-07-13 15:56:48 SELECT SQL : SELECT * FROM balances WHERE  branchId = '6' AND accountId = '23' AND date = '2017-07-13'  
2017-07-13 15:56:48 UPDATE SQL : UPDATE balances SET closingBalance = '111321519' WHERE  branchId = '6' AND accountId = '23' AND date = '2017-07-13' 
2017-07-13 15:56:48 Balance Update Status 2:1
 2017-07-13 15:56:48 Balance Update Params :
Branch Id : 6
Account ID : 24
Amount : 0
2017-07-13 15:56:48 SELECT SQL : SELECT * FROM balances WHERE  branchId = '6' AND accountId = '24'  
2017-07-13 15:56:48 Balance Update Params :
Branch Id : 11
Account ID : 27
Amount : 0
2017-07-13 15:56:48 SELECT SQL : SELECT * FROM balances WHERE  branchId = '11' AND accountId = '27'  
2017-07-13 15:56:48 SELECT SQL : SELECT * FROM balances WHERE  branchId = '11' AND accountId = '27' AND date = '2017-07-13'  
2017-07-13 15:56:48 UPDATE SQL : UPDATE balances SET closingBalance = '-1072373.0692236' WHERE  branchId = '11' AND accountId = '27' AND date = '2017-07-13' 
2017-07-13 15:56:48 Balance Update Status 2:1
 2017-07-13 15:56:48 Balance Update Params :
Branch Id : 11
Account ID : 28
Amount : 0
2017-07-13 15:56:48 SELECT SQL : SELECT * FROM balances WHERE  branchId = '11' AND accountId = '28'  
2017-07-13 15:56:48 Balance Update Params :
Branch Id : 12
Account ID : 33
Amount : 0
2017-07-13 15:56:48 SELECT SQL : SELECT * FROM balances WHERE  branchId = '12' AND accountId = '33'  
2017-07-13 15:56:48 SELECT SQL : SELECT * FROM balances WHERE  branchId = '12' AND accountId = '33' AND date = '2017-07-13'  
2017-07-13 15:56:48 UPDATE SQL : UPDATE balances SET closingBalance = '-42901' WHERE  branchId = '12' AND accountId = '33' AND date = '2017-07-13' 
2017-07-13 15:56:48 Balance Update Status 2:1
 2017-07-13 15:56:48 Balance Update Params :
Branch Id : 12
Account ID : 36
Amount : 0
2017-07-13 15:56:48 SELECT SQL : SELECT * FROM balances WHERE  branchId = '12' AND accountId = '36'  
2017-07-13 15:56:48 SELECT SQL : SELECT * FROM balances WHERE  branchId = '12' AND accountId = '36' AND date = '2017-07-13'  
2017-07-13 15:56:48 UPDATE SQL : UPDATE balances SET closingBalance = '4816527' WHERE  branchId = '12' AND accountId = '36' AND date = '2017-07-13' 
2017-07-13 15:56:48 Balance Update Status 2:1
 2017-07-13 15:56:48 Balance Update Params :
Branch Id : 7
Account ID : 37
Amount : 0
2017-07-13 15:56:48 SELECT SQL : SELECT * FROM balances WHERE  branchId = '7' AND accountId = '37'  
2017-07-13 15:56:48 SELECT SQL : SELECT * FROM balances WHERE  branchId = '7' AND accountId = '37' AND date = '2017-07-13'  
2017-07-13 15:56:48 UPDATE SQL : UPDATE balances SET closingBalance = '98595' WHERE  branchId = '7' AND accountId = '37' AND date = '2017-07-13' 
2017-07-13 15:56:48 Balance Update Status 2:1
 2017-07-13 15:56:48 SELECT SQL : SELECT * FROM currencies WHERE  active = '1'  
2017-07-13 15:56:48 SELECT SQL : SELECT * FROM accounts WHERE  active = '1' AND type_id = '4'  
2017-07-13 15:56:48 SELECT SQL : SELECT * FROM account_types WHERE  active = '1'  
2017-07-13 15:56:48 SELECT SQL : SELECT * FROM user_types WHERE  active = '1'  
2017-07-13 15:56:48 Response : {"data":{"branches":[{"id":"5","name":"KINSHASHA","countryId":"4","location":"Patrice Avenue","supervisorId":"3","createdBy":"4","ts":"2017-06-30 00:06:55","active":"1"},{"id":"6","name":"OASIS MALL","countryId":"1","location":"Yusufu Lule Rd","supervisorId":"3","createdBy":"2","ts":"2017-06-30 00:12:08","active":"1"},{"id":"7","name":"GOMA","countryId":"4","location":"Goma","supervisorId":"3","createdBy":"1","ts":"2017-07-05 00:00:00","active":"1"},{"id":"9","name":"MOMBASA","countryId":"2","location":"Mombasa","supervisorId":"3","createdBy":"1","ts":"2017-07-05 00:00:00","active":"1"},{"id":"10","name":"DUBAI","countryId":"6","location":"Dubai","supervisorId":"3","createdBy":"1","ts":"2017-07-05 00:00:00","active":"1"},{"id":"11","name":"CHINA","countryId":"5","location":"China","supervisorId":"3","createdBy":"3","ts":"2017-07-05 13:23:17","active":"1"},{"id":"12","name":"NAIROBI","countryId":"2","location":"Nairobi","supervisorId":"3","createdBy":"3","ts":"2017-07-06 14:12:35","active":"1"}],"countries":[{"id":"1","name":"UGANDA","createdBy":"1","ts":"2017-06-25 23:13:31","active":"1"},{"id":"2","name":"KENYA","createdBy":"1","ts":"2017-06-26 09:02:45","active":"1"},{"id":"3","name":"TZ","createdBy":"1","ts":"2017-06-28 11:11:53","active":"1"},{"id":"4","name":"CONGO","createdBy":"1","ts":"2017-06-28 11:26:11","active":"1"},{"id":"5","name":"CHINA","createdBy":"1","ts":"2017-06-28 11:30:01","active":"1"},{"id":"6","name":"UAE","createdBy":"1","ts":"2017-07-05 00:00:00","active":"1"}],"ids":[[{"id":"1","name":"Passport","createdBy":"1","ts":"2017-06-28 14:00:01","active":"1"},{"id":"2","name":"National ID","createdBy":"1","ts":"2017-06-28 14:00:01","active":"1"},{"id":"3","name":"STUDENTS ID","createdBy":"1","ts":"2017-06-28 16:21:46","active":"1"}]],"users":[{"id":"1","firstName":"You","surname":"Jinshu","email":"hudsonbogere@swipeit.co.ug","phone":"256783131266","userName":"you","branchId":"0","userTypeId":"1","password":"$2y$10$pPGbhJ1RXx\/ug.ED3LnsQuKHJTqwYsa\/iF0OqGOgsjflkHKIDTLVq","sessionId":"","ipAddress":"197.239.37.240","createdBy":null,"ts":"2017-06-23 15:08:12","active":"1"},{"id":"2","firstName":"Nansubuga","surname":"Dorothy","email":"henry@gmail.com","phone":"256752284441","userName":"dorah","branchId":"12","userTypeId":"3","password":"$2y$10$m72Zz8Z.h4\/Zp6TFDhmbXeQ79kZ7JJ2U0yLUanc0dDVxbc.5UPkRG","sessionId":"ZzqoqXLvIHiLfWPvR5n0iYqfI0l3SyXi","ipAddress":"197.157.0.30","createdBy":"1","ts":"2017-06-26 19:11:07","active":"1"},{"id":"3","firstName":"Lydia","surname":"Amoi","email":"islam@gmail.com","phone":"256777608310","userName":"lydia","branchId":"6","userTypeId":"2","password":"$2y$10$m72Zz8Z.h4\/Zp6TFDhmbXeQ79kZ7JJ2U0yLUanc0dDVxbc.5UPkRG","sessionId":"7tL41cT0FPHRWIVH3koV4BVNTY0B4amc","ipAddress":"160.242.146.119","createdBy":"1","ts":"2017-06-26 19:41:01","active":"1"},{"id":"4","firstName":"Nabukera","surname":"Maria","email":"banerd@tfb.com","phone":"256774457813","userName":"maria","branchId":"5","userTypeId":"3","password":"$2y$10$wTpUE\/WJFMfQaBglrQocTO9ndV6dbxL2vzFDEJZ1hpVVp4binpXGO","sessionId":"0SP0feECFf00VEzHjCyiYQ6U1soq4VKd","ipAddress":"197.157.0.30","createdBy":"1","ts":"2017-06-26 23:04:07","active":"1"},{"id":"5","firstName":"Henry","surname":"Bbosa","email":null,"phone":null,"userName":"henry","branchId":"11","userTypeId":"3","password":"$2y$10$m72Zz8Z.h4\/Zp6TFDhmbXeQ79kZ7JJ2U0yLUanc0dDVxbc.5UPkRG","sessionId":"B7Jvxy4i7CF1ccrrfFPeNdDXCEWHWJYa","ipAddress":"197.157.0.30","createdBy":"1","ts":"2017-07-05 00:00:00","active":"1"},{"id":"6","firstName":"Edwin","surname":"Kakeeto","email":"edwin@edwin.com","phone":"0777777557","userName":"edwin","branchId":"7","userTypeId":"3","password":"$2y$10$m72Zz8Z.h4\/Zp6TFDhmbXeQ79kZ7JJ2U0yLUanc0dDVxbc.5UPkRG","sessionId":"YrWMOJ1kjG2mfBc1WxRmk51J4Agr24N4","ipAddress":"197.157.0.30","createdBy":"3","ts":"2017-07-10 07:37:50","active":"1"}],"accounts":[{"id":"16","name":"KINSHASHA-USD Account","branchId":"5","currency_id":"2"},{"id":"20","name":"OASIS MALL-RMB Account","branchId":"6","currency_id":"1"},{"id":"21","name":"OASIS MALL-USD Account","branchId":"6","currency_id":"2"},{"id":"22","name":"OASIS MALL-DIRHAM Account","branchId":"6","currency_id":"3"},{"id":"23","name":"OASIS MALL-UGX Account","branchId":"6","currency_id":"4"},{"id":"24","name":"OASIS MALL-KSH Account","branchId":"6","currency_id":"5"},{"id":"27","name":"CHINA-RMB Account","branchId":"11","currency_id":"1"},{"id":"28","name":"CHINA-USD Account","branchId":"11","currency_id":"2"},{"id":"33","name":"NAIROBI-USD Account","branchId":"12","currency_id":"2"},{"id":"36","name":"NAIROBI-KSH Account","branchId":"12","currency_id":"5"},{"id":"37","name":"GOMA-USD ACCOUNT","branchId":"7","currency_id":"2"}],"currencies":[{"id":"1","name":"RMB","symbol":"\u00c2\u00a5","createdBy":"1","ts":"2017-06-27 22:45:12","active":"1"},{"id":"2","name":"USD","symbol":"$","createdBy":"1","ts":"2017-06-27 22:45:12","active":"1"},{"id":"3","name":"DIRHAM","symbol":"","createdBy":"1","ts":"2017-06-28 11:40:09","active":"1"},{"id":"4","name":"UGX","symbol":"\/=","createdBy":"1","ts":"2017-06-28 11:46:50","active":"1"},{"id":"5","name":"KSH","symbol":"","createdBy":"1","ts":"2017-06-28 11:46:50","active":"1"}],"superaccount":[{"id":"1","name":"RMB Account","branchId":"0","type_id":"4","currency_id":"1","balance":"0","createdBy":"1","active":"1","ts":"2017-06-27 22:45:12"}],"accountTypes":[{"id":"1","type":"Transfer","description":"","createdBy":"1","ts":"2017-06-28 14:31:12","active":"1"},{"id":"2","type":"Suspense","description":"","createdBy":"1","ts":"2017-06-28 14:31:12","active":"1"},{"id":"4","type":"Super","description":"","createdBy":"1","ts":"2017-06-28 14:31:12","active":"1"}],"userTypes":[{"id":"1","name":"E-Value Admin","level":"1","ts":"2017-06-27 22:45:12","active":"1"},{"id":"2","name":"Super User","level":"2","ts":"2017-06-27 22:45:12","active":"1"},{"id":"3","name":"Agent","level":"3","ts":"2017-06-27 22:45:12","active":"1"},{"id":"4","name":"System Admin","level":"4","ts":"2017-06-27 22:45:12","active":"1"}]},"success":1}
2017-07-13 15:56:52 ---- New Request ----
2017-07-13 15:56:52 Controller : Users
2017-07-13 15:56:52 Method : formsdetailsAction
2017-07-13 15:56:52 Controller File : controllers/Users.class.php, Exists
2017-07-13 15:56:52 Class constructed
2017-07-13 15:56:52 Details Params :
SessionID :7tL41cT0FPHRWIVH3koV4BVNTY0B4amc
User ID : 3
2017-07-13 15:56:52 SELECT SQL : SELECT * FROM branches WHERE  active = '1'  
2017-07-13 15:56:52 SELECT SQL : SELECT * FROM countries WHERE  active = '1'  
2017-07-13 15:56:52 SELECT SQL : SELECT * FROM identification WHERE  active = '1'  
2017-07-13 15:56:52 SELECT SQL : SELECT * FROM users WHERE  active = '1'  
2017-07-13 15:56:52 SELECT SQL : SELECT id,name,branchId,currency_id FROM accounts WHERE  active = '1' AND type_id = '1'  
2017-07-13 15:56:52 Balance Update Params :
Branch Id : 5
Account ID : 16
Amount : 0
2017-07-13 15:56:52 SELECT SQL : SELECT * FROM balances WHERE  branchId = '5' AND accountId = '16'  
2017-07-13 15:56:52 SELECT SQL : SELECT * FROM balances WHERE  branchId = '5' AND accountId = '16' AND date = '2017-07-13'  
2017-07-13 15:56:52 UPDATE SQL : UPDATE balances SET closingBalance = '431989' WHERE  branchId = '5' AND accountId = '16' AND date = '2017-07-13' 
2017-07-13 15:56:52 Balance Update Status 2:1
 2017-07-13 15:56:52 Balance Update Params :
Branch Id : 6
Account ID : 20
Amount : 0
2017-07-13 15:56:52 SELECT SQL : SELECT * FROM balances WHERE  branchId = '6' AND accountId = '20'  
2017-07-13 15:56:52 Balance Update Params :
Branch Id : 6
Account ID : 21
Amount : 0
2017-07-13 15:56:52 SELECT SQL : SELECT * FROM balances WHERE  branchId = '6' AND accountId = '21'  
2017-07-13 15:56:52 SELECT SQL : SELECT * FROM balances WHERE  branchId = '6' AND accountId = '21' AND date = '2017-07-13'  
2017-07-13 15:56:52 UPDATE SQL : UPDATE balances SET closingBalance = '205010' WHERE  branchId = '6' AND accountId = '21' AND date = '2017-07-13' 
2017-07-13 15:56:52 Balance Update Status 2:1
 2017-07-13 15:56:52 Balance Update Params :
Branch Id : 6
Account ID : 22
Amount : 0
2017-07-13 15:56:52 SELECT SQL : SELECT * FROM balances WHERE  branchId = '6' AND accountId = '22'  
2017-07-13 15:56:52 Balance Update Params :
Branch Id : 6
Account ID : 23
Amount : 0
2017-07-13 15:56:52 SELECT SQL : SELECT * FROM balances WHERE  branchId = '6' AND accountId = '23'  
2017-07-13 15:56:52 SELECT SQL : SELECT * FROM balances WHERE  branchId = '6' AND accountId = '23' AND date = '2017-07-13'  
2017-07-13 15:56:52 UPDATE SQL : UPDATE balances SET closingBalance = '111321519' WHERE  branchId = '6' AND accountId = '23' AND date = '2017-07-13' 
2017-07-13 15:56:52 Balance Update Status 2:1
 2017-07-13 15:56:52 Balance Update Params :
Branch Id : 6
Account ID : 24
Amount : 0
2017-07-13 15:56:52 SELECT SQL : SELECT * FROM balances WHERE  branchId = '6' AND accountId = '24'  
2017-07-13 15:56:52 Balance Update Params :
Branch Id : 11
Account ID : 27
Amount : 0
2017-07-13 15:56:52 SELECT SQL : SELECT * FROM balances WHERE  branchId = '11' AND accountId = '27'  
2017-07-13 15:56:52 SELECT SQL : SELECT * FROM balances WHERE  branchId = '11' AND accountId = '27' AND date = '2017-07-13'  
2017-07-13 15:56:52 UPDATE SQL : UPDATE balances SET closingBalance = '-1072373.0692236' WHERE  branchId = '11' AND accountId = '27' AND date = '2017-07-13' 
2017-07-13 15:56:52 Balance Update Status 2:1
 2017-07-13 15:56:52 Balance Update Params :
Branch Id : 11
Account ID : 28
Amount : 0
2017-07-13 15:56:52 SELECT SQL : SELECT * FROM balances WHERE  branchId = '11' AND accountId = '28'  
2017-07-13 15:56:52 Balance Update Params :
Branch Id : 12
Account ID : 33
Amount : 0
2017-07-13 15:56:52 SELECT SQL : SELECT * FROM balances WHERE  branchId = '12' AND accountId = '33'  
2017-07-13 15:56:52 SELECT SQL : SELECT * FROM balances WHERE  branchId = '12' AND accountId = '33' AND date = '2017-07-13'  
2017-07-13 15:56:52 UPDATE SQL : UPDATE balances SET closingBalance = '-42901' WHERE  branchId = '12' AND accountId = '33' AND date = '2017-07-13' 
2017-07-13 15:56:52 Balance Update Status 2:1
 2017-07-13 15:56:52 Balance Update Params :
Branch Id : 12
Account ID : 36
Amount : 0
2017-07-13 15:56:52 SELECT SQL : SELECT * FROM balances WHERE  branchId = '12' AND accountId = '36'  
2017-07-13 15:56:52 SELECT SQL : SELECT * FROM balances WHERE  branchId = '12' AND accountId = '36' AND date = '2017-07-13'  
2017-07-13 15:56:52 UPDATE SQL : UPDATE balances SET closingBalance = '4816527' WHERE  branchId = '12' AND accountId = '36' AND date = '2017-07-13' 
2017-07-13 15:56:52 Balance Update Status 2:1
 2017-07-13 15:56:52 Balance Update Params :
Branch Id : 7
Account ID : 37
Amount : 0
2017-07-13 15:56:52 SELECT SQL : SELECT * FROM balances WHERE  branchId = '7' AND accountId = '37'  
2017-07-13 15:56:52 SELECT SQL : SELECT * FROM balances WHERE  branchId = '7' AND accountId = '37' AND date = '2017-07-13'  
2017-07-13 15:56:52 UPDATE SQL : UPDATE balances SET closingBalance = '98595' WHERE  branchId = '7' AND accountId = '37' AND date = '2017-07-13' 
2017-07-13 15:56:52 Balance Update Status 2:1
 2017-07-13 15:56:52 SELECT SQL : SELECT * FROM currencies WHERE  active = '1'  
2017-07-13 15:56:52 SELECT SQL : SELECT * FROM accounts WHERE  active = '1' AND type_id = '4'  
2017-07-13 15:56:52 SELECT SQL : SELECT * FROM account_types WHERE  active = '1'  
2017-07-13 15:56:52 SELECT SQL : SELECT * FROM user_types WHERE  active = '1'  
2017-07-13 15:56:52 Response : {"data":{"branches":[{"id":"5","name":"KINSHASHA","countryId":"4","location":"Patrice Avenue","supervisorId":"3","createdBy":"4","ts":"2017-06-30 00:06:55","active":"1"},{"id":"6","name":"OASIS MALL","countryId":"1","location":"Yusufu Lule Rd","supervisorId":"3","createdBy":"2","ts":"2017-06-30 00:12:08","active":"1"},{"id":"7","name":"GOMA","countryId":"4","location":"Goma","supervisorId":"3","createdBy":"1","ts":"2017-07-05 00:00:00","active":"1"},{"id":"9","name":"MOMBASA","countryId":"2","location":"Mombasa","supervisorId":"3","createdBy":"1","ts":"2017-07-05 00:00:00","active":"1"},{"id":"10","name":"DUBAI","countryId":"6","location":"Dubai","supervisorId":"3","createdBy":"1","ts":"2017-07-05 00:00:00","active":"1"},{"id":"11","name":"CHINA","countryId":"5","location":"China","supervisorId":"3","createdBy":"3","ts":"2017-07-05 13:23:17","active":"1"},{"id":"12","name":"NAIROBI","countryId":"2","location":"Nairobi","supervisorId":"3","createdBy":"3","ts":"2017-07-06 14:12:35","active":"1"}],"countries":[{"id":"1","name":"UGANDA","createdBy":"1","ts":"2017-06-25 23:13:31","active":"1"},{"id":"2","name":"KENYA","createdBy":"1","ts":"2017-06-26 09:02:45","active":"1"},{"id":"3","name":"TZ","createdBy":"1","ts":"2017-06-28 11:11:53","active":"1"},{"id":"4","name":"CONGO","createdBy":"1","ts":"2017-06-28 11:26:11","active":"1"},{"id":"5","name":"CHINA","createdBy":"1","ts":"2017-06-28 11:30:01","active":"1"},{"id":"6","name":"UAE","createdBy":"1","ts":"2017-07-05 00:00:00","active":"1"}],"ids":[[{"id":"1","name":"Passport","createdBy":"1","ts":"2017-06-28 14:00:01","active":"1"},{"id":"2","name":"National ID","createdBy":"1","ts":"2017-06-28 14:00:01","active":"1"},{"id":"3","name":"STUDENTS ID","createdBy":"1","ts":"2017-06-28 16:21:46","active":"1"}]],"users":[{"id":"1","firstName":"You","surname":"Jinshu","email":"hudsonbogere@swipeit.co.ug","phone":"256783131266","userName":"you","branchId":"0","userTypeId":"1","password":"$2y$10$pPGbhJ1RXx\/ug.ED3LnsQuKHJTqwYsa\/iF0OqGOgsjflkHKIDTLVq","sessionId":"","ipAddress":"197.239.37.240","createdBy":null,"ts":"2017-06-23 15:08:12","active":"1"},{"id":"2","firstName":"Nansubuga","surname":"Dorothy","email":"henry@gmail.com","phone":"256752284441","userName":"dorah","branchId":"12","userTypeId":"3","password":"$2y$10$m72Zz8Z.h4\/Zp6TFDhmbXeQ79kZ7JJ2U0yLUanc0dDVxbc.5UPkRG","sessionId":"ZzqoqXLvIHiLfWPvR5n0iYqfI0l3SyXi","ipAddress":"197.157.0.30","createdBy":"1","ts":"2017-06-26 19:11:07","active":"1"},{"id":"3","firstName":"Lydia","surname":"Amoi","email":"islam@gmail.com","phone":"256777608310","userName":"lydia","branchId":"6","userTypeId":"2","password":"$2y$10$m72Zz8Z.h4\/Zp6TFDhmbXeQ79kZ7JJ2U0yLUanc0dDVxbc.5UPkRG","sessionId":"7tL41cT0FPHRWIVH3koV4BVNTY0B4amc","ipAddress":"160.242.146.119","createdBy":"1","ts":"2017-06-26 19:41:01","active":"1"},{"id":"4","firstName":"Nabukera","surname":"Maria","email":"banerd@tfb.com","phone":"256774457813","userName":"maria","branchId":"5","userTypeId":"3","password":"$2y$10$wTpUE\/WJFMfQaBglrQocTO9ndV6dbxL2vzFDEJZ1hpVVp4binpXGO","sessionId":"0SP0feECFf00VEzHjCyiYQ6U1soq4VKd","ipAddress":"197.157.0.30","createdBy":"1","ts":"2017-06-26 23:04:07","active":"1"},{"id":"5","firstName":"Henry","surname":"Bbosa","email":null,"phone":null,"userName":"henry","branchId":"11","userTypeId":"3","password":"$2y$10$m72Zz8Z.h4\/Zp6TFDhmbXeQ79kZ7JJ2U0yLUanc0dDVxbc.5UPkRG","sessionId":"B7Jvxy4i7CF1ccrrfFPeNdDXCEWHWJYa","ipAddress":"197.157.0.30","createdBy":"1","ts":"2017-07-05 00:00:00","active":"1"},{"id":"6","firstName":"Edwin","surname":"Kakeeto","email":"edwin@edwin.com","phone":"0777777557","userName":"edwin","branchId":"7","userTypeId":"3","password":"$2y$10$m72Zz8Z.h4\/Zp6TFDhmbXeQ79kZ7JJ2U0yLUanc0dDVxbc.5UPkRG","sessionId":"YrWMOJ1kjG2mfBc1WxRmk51J4Agr24N4","ipAddress":"197.157.0.30","createdBy":"3","ts":"2017-07-10 07:37:50","active":"1"}],"accounts":[{"id":"16","name":"KINSHASHA-USD Account","branchId":"5","currency_id":"2"},{"id":"20","name":"OASIS MALL-RMB Account","branchId":"6","currency_id":"1"},{"id":"21","name":"OASIS MALL-USD Account","branchId":"6","currency_id":"2"},{"id":"22","name":"OASIS MALL-DIRHAM Account","branchId":"6","currency_id":"3"},{"id":"23","name":"OASIS MALL-UGX Account","branchId":"6","currency_id":"4"},{"id":"24","name":"OASIS MALL-KSH Account","branchId":"6","currency_id":"5"},{"id":"27","name":"CHINA-RMB Account","branchId":"11","currency_id":"1"},{"id":"28","name":"CHINA-USD Account","branchId":"11","currency_id":"2"},{"id":"33","name":"NAIROBI-USD Account","branchId":"12","currency_id":"2"},{"id":"36","name":"NAIROBI-KSH Account","branchId":"12","currency_id":"5"},{"id":"37","name":"GOMA-USD ACCOUNT","branchId":"7","currency_id":"2"}],"currencies":[{"id":"1","name":"RMB","symbol":"\u00c2\u00a5","createdBy":"1","ts":"2017-06-27 22:45:12","active":"1"},{"id":"2","name":"USD","symbol":"$","createdBy":"1","ts":"2017-06-27 22:45:12","active":"1"},{"id":"3","name":"DIRHAM","symbol":"","createdBy":"1","ts":"2017-06-28 11:40:09","active":"1"},{"id":"4","name":"UGX","symbol":"\/=","createdBy":"1","ts":"2017-06-28 11:46:50","active":"1"},{"id":"5","name":"KSH","symbol":"","createdBy":"1","ts":"2017-06-28 11:46:50","active":"1"}],"superaccount":[{"id":"1","name":"RMB Account","branchId":"0","type_id":"4","currency_id":"1","balance":"0","createdBy":"1","active":"1","ts":"2017-06-27 22:45:12"}],"accountTypes":[{"id":"1","type":"Transfer","description":"","createdBy":"1","ts":"2017-06-28 14:31:12","active":"1"},{"id":"2","type":"Suspense","description":"","createdBy":"1","ts":"2017-06-28 14:31:12","active":"1"},{"id":"4","type":"Super","description":"","createdBy":"1","ts":"2017-06-28 14:31:12","active":"1"}],"userTypes":[{"id":"1","name":"E-Value Admin","level":"1","ts":"2017-06-27 22:45:12","active":"1"},{"id":"2","name":"Super User","level":"2","ts":"2017-06-27 22:45:12","active":"1"},{"id":"3","name":"Agent","level":"3","ts":"2017-06-27 22:45:12","active":"1"},{"id":"4","name":"System Admin","level":"4","ts":"2017-06-27 22:45:12","active":"1"}]},"success":1}
2017-07-13 15:56:56 ---- New Request ----
2017-07-13 15:56:56 Controller : Transfers
2017-07-13 15:56:56 Method : getallaccountbalancesAction
2017-07-13 15:56:56 Controller File : controllers/Transfers.class.php, Exists
2017-07-13 15:56:56 Class constructed
2017-07-13 15:56:56 Class constructed
2017-07-13 15:56:56 UserID : 3
SessionId : 7tL41cT0FPHRWIVH3koV4BVNTY0B4amc
Branch ID : 5
2017-07-13 15:56:56 SELECT SQL : SELECT sessionId FROM users WHERE  id = '3'  
2017-07-13 15:56:56 SELECT SQL : SELECT name,id FROM accounts WHERE  active = '1' AND branchId = '5'  
2017-07-13 15:56:56 SELECT SQL : SELECT name FROM branches WHERE  id = '5'  
2017-07-13 15:56:56 Response : {"success":1,"data":[{"name":"KINSHASHA-USD Account","id":"16","balance":431989}],"branchName":"KINSHASHA"}
2017-07-13 15:57:43 ---- New Request ----
2017-07-13 15:57:43 Controller : Users
2017-07-13 15:57:43 Method : loginAction
2017-07-13 15:57:43 Controller File : controllers/Users.class.php, Exists
2017-07-13 15:57:43 Class constructed
2017-07-13 15:57:43 Login Params ;Username :lydia
Password : ******
2017-07-13 15:57:43 SELECT SQL : SELECT id,firstName,surname,userName,userTypeId,sessionId,password,active,branchId FROM users WHERE  userName = 'lydia'  
2017-07-13 15:57:43 SELECT SQL : SELECT name FROM branches WHERE  id = '6'  
2017-07-13 15:57:43 UPDATE SQL : UPDATE users SET sessionId = 'pO46htctIaqFAknadsT6YHGoORE45Hsa',ipAddress = '160.242.146.119' WHERE  id = '3' 
2017-07-13 15:57:43 Response : {"success":1,"data":{"id":"3","firstName":"Lydia","surname":"Amoi","userName":"lydia","userTypeId":"2","sessionId":"pO46htctIaqFAknadsT6YHGoORE45Hsa","branchId":"6","branchName":"OASIS MALL"}}
2017-07-13 15:57:45 ---- New Request ----
2017-07-13 15:57:45 Controller : Users
2017-07-13 15:57:45 Method : formsdetailsAction
2017-07-13 15:57:45 Controller File : controllers/Users.class.php, Exists
2017-07-13 15:57:45 Class constructed
2017-07-13 15:57:45 Details Params :
SessionID :pO46htctIaqFAknadsT6YHGoORE45Hsa
User ID : 3
2017-07-13 15:57:45 SELECT SQL : SELECT * FROM branches WHERE  active = '1'  
2017-07-13 15:57:46 SELECT SQL : SELECT * FROM countries WHERE  active = '1'  
2017-07-13 15:57:46 SELECT SQL : SELECT * FROM identification WHERE  active = '1'  
2017-07-13 15:57:46 SELECT SQL : SELECT * FROM users WHERE  active = '1'  
2017-07-13 15:57:46 SELECT SQL : SELECT id,name,branchId,currency_id FROM accounts WHERE  active = '1' AND type_id = '1'  
2017-07-13 15:57:46 Balance Update Params :
Branch Id : 5
Account ID : 16
Amount : 0
2017-07-13 15:57:46 SELECT SQL : SELECT * FROM balances WHERE  branchId = '5' AND accountId = '16'  
2017-07-13 15:57:46 SELECT SQL : SELECT * FROM balances WHERE  branchId = '5' AND accountId = '16' AND date = '2017-07-13'  
2017-07-13 15:57:46 UPDATE SQL : UPDATE balances SET closingBalance = '431989' WHERE  branchId = '5' AND accountId = '16' AND date = '2017-07-13' 
2017-07-13 15:57:46 Balance Update Status 2:1
 2017-07-13 15:57:46 Balance Update Params :
Branch Id : 6
Account ID : 20
Amount : 0
2017-07-13 15:57:46 SELECT SQL : SELECT * FROM balances WHERE  branchId = '6' AND accountId = '20'  
2017-07-13 15:57:46 Balance Update Params :
Branch Id : 6
Account ID : 21
Amount : 0
2017-07-13 15:57:46 SELECT SQL : SELECT * FROM balances WHERE  branchId = '6' AND accountId = '21'  
2017-07-13 15:57:46 SELECT SQL : SELECT * FROM balances WHERE  branchId = '6' AND accountId = '21' AND date = '2017-07-13'  
2017-07-13 15:57:46 UPDATE SQL : UPDATE balances SET closingBalance = '205010' WHERE  branchId = '6' AND accountId = '21' AND date = '2017-07-13' 
2017-07-13 15:57:46 Balance Update Status 2:1
 2017-07-13 15:57:46 Balance Update Params :
Branch Id : 6
Account ID : 22
Amount : 0
2017-07-13 15:57:46 SELECT SQL : SELECT * FROM balances WHERE  branchId = '6' AND accountId = '22'  
2017-07-13 15:57:46 Balance Update Params :
Branch Id : 6
Account ID : 23
Amount : 0
2017-07-13 15:57:46 SELECT SQL : SELECT * FROM balances WHERE  branchId = '6' AND accountId = '23'  
2017-07-13 15:57:46 SELECT SQL : SELECT * FROM balances WHERE  branchId = '6' AND accountId = '23' AND date = '2017-07-13'  
2017-07-13 15:57:46 UPDATE SQL : UPDATE balances SET closingBalance = '111321519' WHERE  branchId = '6' AND accountId = '23' AND date = '2017-07-13' 
2017-07-13 15:57:46 Balance Update Status 2:1
 2017-07-13 15:57:46 Balance Update Params :
Branch Id : 6
Account ID : 24
Amount : 0
2017-07-13 15:57:46 SELECT SQL : SELECT * FROM balances WHERE  branchId = '6' AND accountId = '24'  
2017-07-13 15:57:46 Balance Update Params :
Branch Id : 11
Account ID : 27
Amount : 0
2017-07-13 15:57:46 SELECT SQL : SELECT * FROM balances WHERE  branchId = '11' AND accountId = '27'  
2017-07-13 15:57:46 SELECT SQL : SELECT * FROM balances WHERE  branchId = '11' AND accountId = '27' AND date = '2017-07-13'  
2017-07-13 15:57:46 UPDATE SQL : UPDATE balances SET closingBalance = '-1072373.0692236' WHERE  branchId = '11' AND accountId = '27' AND date = '2017-07-13' 
2017-07-13 15:57:46 Balance Update Status 2:1
 2017-07-13 15:57:46 Balance Update Params :
Branch Id : 11
Account ID : 28
Amount : 0
2017-07-13 15:57:46 SELECT SQL : SELECT * FROM balances WHERE  branchId = '11' AND accountId = '28'  
2017-07-13 15:57:46 Balance Update Params :
Branch Id : 12
Account ID : 33
Amount : 0
2017-07-13 15:57:46 SELECT SQL : SELECT * FROM balances WHERE  branchId = '12' AND accountId = '33'  
2017-07-13 15:57:46 SELECT SQL : SELECT * FROM balances WHERE  branchId = '12' AND accountId = '33' AND date = '2017-07-13'  
2017-07-13 15:57:46 UPDATE SQL : UPDATE balances SET closingBalance = '-42901' WHERE  branchId = '12' AND accountId = '33' AND date = '2017-07-13' 
2017-07-13 15:57:46 Balance Update Status 2:1
 2017-07-13 15:57:46 Balance Update Params :
Branch Id : 12
Account ID : 36
Amount : 0
2017-07-13 15:57:46 SELECT SQL : SELECT * FROM balances WHERE  branchId = '12' AND accountId = '36'  
2017-07-13 15:57:46 SELECT SQL : SELECT * FROM balances WHERE  branchId = '12' AND accountId = '36' AND date = '2017-07-13'  
2017-07-13 15:57:46 UPDATE SQL : UPDATE balances SET closingBalance = '4816527' WHERE  branchId = '12' AND accountId = '36' AND date = '2017-07-13' 
2017-07-13 15:57:46 Balance Update Status 2:1
 2017-07-13 15:57:46 Balance Update Params :
Branch Id : 7
Account ID : 37
Amount : 0
2017-07-13 15:57:46 SELECT SQL : SELECT * FROM balances WHERE  branchId = '7' AND accountId = '37'  
2017-07-13 15:57:46 SELECT SQL : SELECT * FROM balances WHERE  branchId = '7' AND accountId = '37' AND date = '2017-07-13'  
2017-07-13 15:57:46 UPDATE SQL : UPDATE balances SET closingBalance = '98595' WHERE  branchId = '7' AND accountId = '37' AND date = '2017-07-13' 
2017-07-13 15:57:46 Balance Update Status 2:1
 2017-07-13 15:57:46 SELECT SQL : SELECT * FROM currencies WHERE  active = '1'  
2017-07-13 15:57:46 SELECT SQL : SELECT * FROM accounts WHERE  active = '1' AND type_id = '4'  
2017-07-13 15:57:46 SELECT SQL : SELECT * FROM account_types WHERE  active = '1'  
2017-07-13 15:57:46 SELECT SQL : SELECT * FROM user_types WHERE  active = '1'  
2017-07-13 15:57:46 Response : {"data":{"branches":[{"id":"5","name":"KINSHASHA","countryId":"4","location":"Patrice Avenue","supervisorId":"3","createdBy":"4","ts":"2017-06-30 00:06:55","active":"1"},{"id":"6","name":"OASIS MALL","countryId":"1","location":"Yusufu Lule Rd","supervisorId":"3","createdBy":"2","ts":"2017-06-30 00:12:08","active":"1"},{"id":"7","name":"GOMA","countryId":"4","location":"Goma","supervisorId":"3","createdBy":"1","ts":"2017-07-05 00:00:00","active":"1"},{"id":"9","name":"MOMBASA","countryId":"2","location":"Mombasa","supervisorId":"3","createdBy":"1","ts":"2017-07-05 00:00:00","active":"1"},{"id":"10","name":"DUBAI","countryId":"6","location":"Dubai","supervisorId":"3","createdBy":"1","ts":"2017-07-05 00:00:00","active":"1"},{"id":"11","name":"CHINA","countryId":"5","location":"China","supervisorId":"3","createdBy":"3","ts":"2017-07-05 13:23:17","active":"1"},{"id":"12","name":"NAIROBI","countryId":"2","location":"Nairobi","supervisorId":"3","createdBy":"3","ts":"2017-07-06 14:12:35","active":"1"}],"countries":[{"id":"1","name":"UGANDA","createdBy":"1","ts":"2017-06-25 23:13:31","active":"1"},{"id":"2","name":"KENYA","createdBy":"1","ts":"2017-06-26 09:02:45","active":"1"},{"id":"3","name":"TZ","createdBy":"1","ts":"2017-06-28 11:11:53","active":"1"},{"id":"4","name":"CONGO","createdBy":"1","ts":"2017-06-28 11:26:11","active":"1"},{"id":"5","name":"CHINA","createdBy":"1","ts":"2017-06-28 11:30:01","active":"1"},{"id":"6","name":"UAE","createdBy":"1","ts":"2017-07-05 00:00:00","active":"1"}],"ids":[[{"id":"1","name":"Passport","createdBy":"1","ts":"2017-06-28 14:00:01","active":"1"},{"id":"2","name":"National ID","createdBy":"1","ts":"2017-06-28 14:00:01","active":"1"},{"id":"3","name":"STUDENTS ID","createdBy":"1","ts":"2017-06-28 16:21:46","active":"1"}]],"users":[{"id":"1","firstName":"You","surname":"Jinshu","email":"hudsonbogere@swipeit.co.ug","phone":"256783131266","userName":"you","branchId":"0","userTypeId":"1","password":"$2y$10$pPGbhJ1RXx\/ug.ED3LnsQuKHJTqwYsa\/iF0OqGOgsjflkHKIDTLVq","sessionId":"","ipAddress":"197.239.37.240","createdBy":null,"ts":"2017-06-23 15:08:12","active":"1"},{"id":"2","firstName":"Nansubuga","surname":"Dorothy","email":"henry@gmail.com","phone":"256752284441","userName":"dorah","branchId":"12","userTypeId":"3","password":"$2y$10$m72Zz8Z.h4\/Zp6TFDhmbXeQ79kZ7JJ2U0yLUanc0dDVxbc.5UPkRG","sessionId":"ZzqoqXLvIHiLfWPvR5n0iYqfI0l3SyXi","ipAddress":"197.157.0.30","createdBy":"1","ts":"2017-06-26 19:11:07","active":"1"},{"id":"3","firstName":"Lydia","surname":"Amoi","email":"islam@gmail.com","phone":"256777608310","userName":"lydia","branchId":"6","userTypeId":"2","password":"$2y$10$m72Zz8Z.h4\/Zp6TFDhmbXeQ79kZ7JJ2U0yLUanc0dDVxbc.5UPkRG","sessionId":"pO46htctIaqFAknadsT6YHGoORE45Hsa","ipAddress":"160.242.146.119","createdBy":"1","ts":"2017-06-26 19:41:01","active":"1"},{"id":"4","firstName":"Nabukera","surname":"Maria","email":"banerd@tfb.com","phone":"256774457813","userName":"maria","branchId":"5","userTypeId":"3","password":"$2y$10$wTpUE\/WJFMfQaBglrQocTO9ndV6dbxL2vzFDEJZ1hpVVp4binpXGO","sessionId":"0SP0feECFf00VEzHjCyiYQ6U1soq4VKd","ipAddress":"197.157.0.30","createdBy":"1","ts":"2017-06-26 23:04:07","active":"1"},{"id":"5","firstName":"Henry","surname":"Bbosa","email":null,"phone":null,"userName":"henry","branchId":"11","userTypeId":"3","password":"$2y$10$m72Zz8Z.h4\/Zp6TFDhmbXeQ79kZ7JJ2U0yLUanc0dDVxbc.5UPkRG","sessionId":"B7Jvxy4i7CF1ccrrfFPeNdDXCEWHWJYa","ipAddress":"197.157.0.30","createdBy":"1","ts":"2017-07-05 00:00:00","active":"1"},{"id":"6","firstName":"Edwin","surname":"Kakeeto","email":"edwin@edwin.com","phone":"0777777557","userName":"edwin","branchId":"7","userTypeId":"3","password":"$2y$10$m72Zz8Z.h4\/Zp6TFDhmbXeQ79kZ7JJ2U0yLUanc0dDVxbc.5UPkRG","sessionId":"YrWMOJ1kjG2mfBc1WxRmk51J4Agr24N4","ipAddress":"197.157.0.30","createdBy":"3","ts":"2017-07-10 07:37:50","active":"1"}],"accounts":[{"id":"16","name":"KINSHASHA-USD Account","branchId":"5","currency_id":"2"},{"id":"20","name":"OASIS MALL-RMB Account","branchId":"6","currency_id":"1"},{"id":"21","name":"OASIS MALL-USD Account","branchId":"6","currency_id":"2"},{"id":"22","name":"OASIS MALL-DIRHAM Account","branchId":"6","currency_id":"3"},{"id":"23","name":"OASIS MALL-UGX Account","branchId":"6","currency_id":"4"},{"id":"24","name":"OASIS MALL-KSH Account","branchId":"6","currency_id":"5"},{"id":"27","name":"CHINA-RMB Account","branchId":"11","currency_id":"1"},{"id":"28","name":"CHINA-USD Account","branchId":"11","currency_id":"2"},{"id":"33","name":"NAIROBI-USD Account","branchId":"12","currency_id":"2"},{"id":"36","name":"NAIROBI-KSH Account","branchId":"12","currency_id":"5"},{"id":"37","name":"GOMA-USD ACCOUNT","branchId":"7","currency_id":"2"}],"currencies":[{"id":"1","name":"RMB","symbol":"\u00c2\u00a5","createdBy":"1","ts":"2017-06-27 22:45:12","active":"1"},{"id":"2","name":"USD","symbol":"$","createdBy":"1","ts":"2017-06-27 22:45:12","active":"1"},{"id":"3","name":"DIRHAM","symbol":"","createdBy":"1","ts":"2017-06-28 11:40:09","active":"1"},{"id":"4","name":"UGX","symbol":"\/=","createdBy":"1","ts":"2017-06-28 11:46:50","active":"1"},{"id":"5","name":"KSH","symbol":"","createdBy":"1","ts":"2017-06-28 11:46:50","active":"1"}],"superaccount":[{"id":"1","name":"RMB Account","branchId":"0","type_id":"4","currency_id":"1","balance":"0","createdBy":"1","active":"1","ts":"2017-06-27 22:45:12"}],"accountTypes":[{"id":"1","type":"Transfer","description":"","createdBy":"1","ts":"2017-06-28 14:31:12","active":"1"},{"id":"2","type":"Suspense","description":"","createdBy":"1","ts":"2017-06-28 14:31:12","active":"1"},{"id":"4","type":"Super","description":"","createdBy":"1","ts":"2017-06-28 14:31:12","active":"1"}],"userTypes":[{"id":"1","name":"E-Value Admin","level":"1","ts":"2017-06-27 22:45:12","active":"1"},{"id":"2","name":"Super User","level":"2","ts":"2017-06-27 22:45:12","active":"1"},{"id":"3","name":"Agent","level":"3","ts":"2017-06-27 22:45:12","active":"1"},{"id":"4","name":"System Admin","level":"4","ts":"2017-06-27 22:45:12","active":"1"}]},"success":1}
2017-07-13 15:58:05 ---- New Request ----
2017-07-13 15:58:05 Controller : Users
2017-07-13 15:58:05 Method : formsdetailsAction
2017-07-13 15:58:05 Controller File : controllers/Users.class.php, Exists
2017-07-13 15:58:05 Class constructed
2017-07-13 15:58:05 Details Params :
SessionID :pO46htctIaqFAknadsT6YHGoORE45Hsa
User ID : 3
2017-07-13 15:58:05 SELECT SQL : SELECT * FROM branches WHERE  active = '1'  
2017-07-13 15:58:05 SELECT SQL : SELECT * FROM countries WHERE  active = '1'  
2017-07-13 15:58:05 SELECT SQL : SELECT * FROM identification WHERE  active = '1'  
2017-07-13 15:58:05 SELECT SQL : SELECT * FROM users WHERE  active = '1'  
2017-07-13 15:58:05 SELECT SQL : SELECT id,name,branchId,currency_id FROM accounts WHERE  active = '1' AND type_id = '1'  
2017-07-13 15:58:05 Balance Update Params :
Branch Id : 5
Account ID : 16
Amount : 0
2017-07-13 15:58:05 SELECT SQL : SELECT * FROM balances WHERE  branchId = '5' AND accountId = '16'  
2017-07-13 15:58:05 SELECT SQL : SELECT * FROM balances WHERE  branchId = '5' AND accountId = '16' AND date = '2017-07-13'  
2017-07-13 15:58:05 UPDATE SQL : UPDATE balances SET closingBalance = '431989' WHERE  branchId = '5' AND accountId = '16' AND date = '2017-07-13' 
2017-07-13 15:58:05 Balance Update Status 2:1
 2017-07-13 15:58:05 Balance Update Params :
Branch Id : 6
Account ID : 20
Amount : 0
2017-07-13 15:58:05 SELECT SQL : SELECT * FROM balances WHERE  branchId = '6' AND accountId = '20'  
2017-07-13 15:58:05 Balance Update Params :
Branch Id : 6
Account ID : 21
Amount : 0
2017-07-13 15:58:05 SELECT SQL : SELECT * FROM balances WHERE  branchId = '6' AND accountId = '21'  
2017-07-13 15:58:05 SELECT SQL : SELECT * FROM balances WHERE  branchId = '6' AND accountId = '21' AND date = '2017-07-13'  
2017-07-13 15:58:05 UPDATE SQL : UPDATE balances SET closingBalance = '205010' WHERE  branchId = '6' AND accountId = '21' AND date = '2017-07-13' 
2017-07-13 15:58:05 Balance Update Status 2:1
 2017-07-13 15:58:05 Balance Update Params :
Branch Id : 6
Account ID : 22
Amount : 0
2017-07-13 15:58:05 SELECT SQL : SELECT * FROM balances WHERE  branchId = '6' AND accountId = '22'  
2017-07-13 15:58:05 Balance Update Params :
Branch Id : 6
Account ID : 23
Amount : 0
2017-07-13 15:58:05 SELECT SQL : SELECT * FROM balances WHERE  branchId = '6' AND accountId = '23'  
2017-07-13 15:58:05 SELECT SQL : SELECT * FROM balances WHERE  branchId = '6' AND accountId = '23' AND date = '2017-07-13'  
2017-07-13 15:58:05 UPDATE SQL : UPDATE balances SET closingBalance = '111321519' WHERE  branchId = '6' AND accountId = '23' AND date = '2017-07-13' 
2017-07-13 15:58:05 Balance Update Status 2:1
 2017-07-13 15:58:05 Balance Update Params :
Branch Id : 6
Account ID : 24
Amount : 0
2017-07-13 15:58:05 SELECT SQL : SELECT * FROM balances WHERE  branchId = '6' AND accountId = '24'  
2017-07-13 15:58:05 Balance Update Params :
Branch Id : 11
Account ID : 27
Amount : 0
2017-07-13 15:58:05 SELECT SQL : SELECT * FROM balances WHERE  branchId = '11' AND accountId = '27'  
2017-07-13 15:58:05 SELECT SQL : SELECT * FROM balances WHERE  branchId = '11' AND accountId = '27' AND date = '2017-07-13'  
2017-07-13 15:58:05 UPDATE SQL : UPDATE balances SET closingBalance = '-1072373.0692236' WHERE  branchId = '11' AND accountId = '27' AND date = '2017-07-13' 
2017-07-13 15:58:05 Balance Update Status 2:1
 2017-07-13 15:58:05 Balance Update Params :
Branch Id : 11
Account ID : 28
Amount : 0
2017-07-13 15:58:05 SELECT SQL : SELECT * FROM balances WHERE  branchId = '11' AND accountId = '28'  
2017-07-13 15:58:05 Balance Update Params :
Branch Id : 12
Account ID : 33
Amount : 0
2017-07-13 15:58:05 SELECT SQL : SELECT * FROM balances WHERE  branchId = '12' AND accountId = '33'  
2017-07-13 15:58:05 SELECT SQL : SELECT * FROM balances WHERE  branchId = '12' AND accountId = '33' AND date = '2017-07-13'  
2017-07-13 15:58:05 UPDATE SQL : UPDATE balances SET closingBalance = '-42901' WHERE  branchId = '12' AND accountId = '33' AND date = '2017-07-13' 
2017-07-13 15:58:05 Balance Update Status 2:1
 2017-07-13 15:58:05 Balance Update Params :
Branch Id : 12
Account ID : 36
Amount : 0
2017-07-13 15:58:05 SELECT SQL : SELECT * FROM balances WHERE  branchId = '12' AND accountId = '36'  
2017-07-13 15:58:05 SELECT SQL : SELECT * FROM balances WHERE  branchId = '12' AND accountId = '36' AND date = '2017-07-13'  
2017-07-13 15:58:05 UPDATE SQL : UPDATE balances SET closingBalance = '4816527' WHERE  branchId = '12' AND accountId = '36' AND date = '2017-07-13' 
2017-07-13 15:58:05 Balance Update Status 2:1
 2017-07-13 15:58:05 Balance Update Params :
Branch Id : 7
Account ID : 37
Amount : 0
2017-07-13 15:58:05 SELECT SQL : SELECT * FROM balances WHERE  branchId = '7' AND accountId = '37'  
2017-07-13 15:58:05 SELECT SQL : SELECT * FROM balances WHERE  branchId = '7' AND accountId = '37' AND date = '2017-07-13'  
2017-07-13 15:58:05 UPDATE SQL : UPDATE balances SET closingBalance = '98595' WHERE  branchId = '7' AND accountId = '37' AND date = '2017-07-13' 
2017-07-13 15:58:05 Balance Update Status 2:1
 2017-07-13 15:58:05 SELECT SQL : SELECT * FROM currencies WHERE  active = '1'  
2017-07-13 15:58:05 SELECT SQL : SELECT * FROM accounts WHERE  active = '1' AND type_id = '4'  
2017-07-13 15:58:05 SELECT SQL : SELECT * FROM account_types WHERE  active = '1'  
2017-07-13 15:58:05 SELECT SQL : SELECT * FROM user_types WHERE  active = '1'  
2017-07-13 15:58:05 Response : {"data":{"branches":[{"id":"5","name":"KINSHASHA","countryId":"4","location":"Patrice Avenue","supervisorId":"3","createdBy":"4","ts":"2017-06-30 00:06:55","active":"1"},{"id":"6","name":"OASIS MALL","countryId":"1","location":"Yusufu Lule Rd","supervisorId":"3","createdBy":"2","ts":"2017-06-30 00:12:08","active":"1"},{"id":"7","name":"GOMA","countryId":"4","location":"Goma","supervisorId":"3","createdBy":"1","ts":"2017-07-05 00:00:00","active":"1"},{"id":"9","name":"MOMBASA","countryId":"2","location":"Mombasa","supervisorId":"3","createdBy":"1","ts":"2017-07-05 00:00:00","active":"1"},{"id":"10","name":"DUBAI","countryId":"6","location":"Dubai","supervisorId":"3","createdBy":"1","ts":"2017-07-05 00:00:00","active":"1"},{"id":"11","name":"CHINA","countryId":"5","location":"China","supervisorId":"3","createdBy":"3","ts":"2017-07-05 13:23:17","active":"1"},{"id":"12","name":"NAIROBI","countryId":"2","location":"Nairobi","supervisorId":"3","createdBy":"3","ts":"2017-07-06 14:12:35","active":"1"}],"countries":[{"id":"1","name":"UGANDA","createdBy":"1","ts":"2017-06-25 23:13:31","active":"1"},{"id":"2","name":"KENYA","createdBy":"1","ts":"2017-06-26 09:02:45","active":"1"},{"id":"3","name":"TZ","createdBy":"1","ts":"2017-06-28 11:11:53","active":"1"},{"id":"4","name":"CONGO","createdBy":"1","ts":"2017-06-28 11:26:11","active":"1"},{"id":"5","name":"CHINA","createdBy":"1","ts":"2017-06-28 11:30:01","active":"1"},{"id":"6","name":"UAE","createdBy":"1","ts":"2017-07-05 00:00:00","active":"1"}],"ids":[[{"id":"1","name":"Passport","createdBy":"1","ts":"2017-06-28 14:00:01","active":"1"},{"id":"2","name":"National ID","createdBy":"1","ts":"2017-06-28 14:00:01","active":"1"},{"id":"3","name":"STUDENTS ID","createdBy":"1","ts":"2017-06-28 16:21:46","active":"1"}]],"users":[{"id":"1","firstName":"You","surname":"Jinshu","email":"hudsonbogere@swipeit.co.ug","phone":"256783131266","userName":"you","branchId":"0","userTypeId":"1","password":"$2y$10$pPGbhJ1RXx\/ug.ED3LnsQuKHJTqwYsa\/iF0OqGOgsjflkHKIDTLVq","sessionId":"","ipAddress":"197.239.37.240","createdBy":null,"ts":"2017-06-23 15:08:12","active":"1"},{"id":"2","firstName":"Nansubuga","surname":"Dorothy","email":"henry@gmail.com","phone":"256752284441","userName":"dorah","branchId":"12","userTypeId":"3","password":"$2y$10$m72Zz8Z.h4\/Zp6TFDhmbXeQ79kZ7JJ2U0yLUanc0dDVxbc.5UPkRG","sessionId":"ZzqoqXLvIHiLfWPvR5n0iYqfI0l3SyXi","ipAddress":"197.157.0.30","createdBy":"1","ts":"2017-06-26 19:11:07","active":"1"},{"id":"3","firstName":"Lydia","surname":"Amoi","email":"islam@gmail.com","phone":"256777608310","userName":"lydia","branchId":"6","userTypeId":"2","password":"$2y$10$m72Zz8Z.h4\/Zp6TFDhmbXeQ79kZ7JJ2U0yLUanc0dDVxbc.5UPkRG","sessionId":"pO46htctIaqFAknadsT6YHGoORE45Hsa","ipAddress":"160.242.146.119","createdBy":"1","ts":"2017-06-26 19:41:01","active":"1"},{"id":"4","firstName":"Nabukera","surname":"Maria","email":"banerd@tfb.com","phone":"256774457813","userName":"maria","branchId":"5","userTypeId":"3","password":"$2y$10$wTpUE\/WJFMfQaBglrQocTO9ndV6dbxL2vzFDEJZ1hpVVp4binpXGO","sessionId":"0SP0feECFf00VEzHjCyiYQ6U1soq4VKd","ipAddress":"197.157.0.30","createdBy":"1","ts":"2017-06-26 23:04:07","active":"1"},{"id":"5","firstName":"Henry","surname":"Bbosa","email":null,"phone":null,"userName":"henry","branchId":"11","userTypeId":"3","password":"$2y$10$m72Zz8Z.h4\/Zp6TFDhmbXeQ79kZ7JJ2U0yLUanc0dDVxbc.5UPkRG","sessionId":"B7Jvxy4i7CF1ccrrfFPeNdDXCEWHWJYa","ipAddress":"197.157.0.30","createdBy":"1","ts":"2017-07-05 00:00:00","active":"1"},{"id":"6","firstName":"Edwin","surname":"Kakeeto","email":"edwin@edwin.com","phone":"0777777557","userName":"edwin","branchId":"7","userTypeId":"3","password":"$2y$10$m72Zz8Z.h4\/Zp6TFDhmbXeQ79kZ7JJ2U0yLUanc0dDVxbc.5UPkRG","sessionId":"YrWMOJ1kjG2mfBc1WxRmk51J4Agr24N4","ipAddress":"197.157.0.30","createdBy":"3","ts":"2017-07-10 07:37:50","active":"1"}],"accounts":[{"id":"16","name":"KINSHASHA-USD Account","branchId":"5","currency_id":"2"},{"id":"20","name":"OASIS MALL-RMB Account","branchId":"6","currency_id":"1"},{"id":"21","name":"OASIS MALL-USD Account","branchId":"6","currency_id":"2"},{"id":"22","name":"OASIS MALL-DIRHAM Account","branchId":"6","currency_id":"3"},{"id":"23","name":"OASIS MALL-UGX Account","branchId":"6","currency_id":"4"},{"id":"24","name":"OASIS MALL-KSH Account","branchId":"6","currency_id":"5"},{"id":"27","name":"CHINA-RMB Account","branchId":"11","currency_id":"1"},{"id":"28","name":"CHINA-USD Account","branchId":"11","currency_id":"2"},{"id":"33","name":"NAIROBI-USD Account","branchId":"12","currency_id":"2"},{"id":"36","name":"NAIROBI-KSH Account","branchId":"12","currency_id":"5"},{"id":"37","name":"GOMA-USD ACCOUNT","branchId":"7","currency_id":"2"}],"currencies":[{"id":"1","name":"RMB","symbol":"\u00c2\u00a5","createdBy":"1","ts":"2017-06-27 22:45:12","active":"1"},{"id":"2","name":"USD","symbol":"$","createdBy":"1","ts":"2017-06-27 22:45:12","active":"1"},{"id":"3","name":"DIRHAM","symbol":"","createdBy":"1","ts":"2017-06-28 11:40:09","active":"1"},{"id":"4","name":"UGX","symbol":"\/=","createdBy":"1","ts":"2017-06-28 11:46:50","active":"1"},{"id":"5","name":"KSH","symbol":"","createdBy":"1","ts":"2017-06-28 11:46:50","active":"1"}],"superaccount":[{"id":"1","name":"RMB Account","branchId":"0","type_id":"4","currency_id":"1","balance":"0","createdBy":"1","active":"1","ts":"2017-06-27 22:45:12"}],"accountTypes":[{"id":"1","type":"Transfer","description":"","createdBy":"1","ts":"2017-06-28 14:31:12","active":"1"},{"id":"2","type":"Suspense","description":"","createdBy":"1","ts":"2017-06-28 14:31:12","active":"1"},{"id":"4","type":"Super","description":"","createdBy":"1","ts":"2017-06-28 14:31:12","active":"1"}],"userTypes":[{"id":"1","name":"E-Value Admin","level":"1","ts":"2017-06-27 22:45:12","active":"1"},{"id":"2","name":"Super User","level":"2","ts":"2017-06-27 22:45:12","active":"1"},{"id":"3","name":"Agent","level":"3","ts":"2017-06-27 22:45:12","active":"1"},{"id":"4","name":"System Admin","level":"4","ts":"2017-06-27 22:45:12","active":"1"}]},"success":1}
2017-07-13 15:58:17 ---- New Request ----
2017-07-13 15:58:17 Controller : Transfers
2017-07-13 15:58:17 Method : getbalancesAction
2017-07-13 15:58:17 Controller File : controllers/Transfers.class.php, Exists
2017-07-13 15:58:17 Class constructed
2017-07-13 15:58:17 Class constructed
2017-07-13 15:58:17 UserID : 3
SessionId : pO46htctIaqFAknadsT6YHGoORE45Hsa
Branch ID : 5
Date : 
2017-07-13 15:58:17 SELECT SQL : SELECT sessionId,branchId,userTypeId FROM users WHERE  id = '3'  
2017-07-13 15:58:17 SELECT SQL : SELECT closingBalance,openingBalance,accountId,branchId,date FROM balances WHERE  date = '2017-07-13' AND branchId = '5'  
2017-07-13 15:58:17 SELECT SQL : SELECT name FROM accounts WHERE  id = '16'  
2017-07-13 15:58:17 SELECT SQL : SELECT name FROM branches WHERE  id = '5'  
2017-07-13 15:58:17 Response : {"success":1,"data":[{"closingBalance":"431989","openingBalance":"339508","accountId":"16","branchId":"5","date":"2017-07-13","accountName":"KINSHASHA-USD Account","branchName":"KINSHASHA"}]}
2017-07-13 15:58:21 ---- New Request ----
2017-07-13 15:58:21 Controller : Reports
2017-07-13 15:58:21 Method : gettransferlogsAction
2017-07-13 15:58:21 Controller file doesn't Exist
2017-07-13 15:58:25 ---- New Request ----
2017-07-13 15:58:25 Controller : Reports
2017-07-13 15:58:25 Method : gettransferlogsAction
2017-07-13 15:58:25 Controller file doesn't Exist
2017-07-13 15:58:36 ---- New Request ----
2017-07-13 15:58:36 Controller : Transfers
2017-07-13 15:58:36 Method : getallaccountbalancesAction
2017-07-13 15:58:36 Controller File : controllers/Transfers.class.php, Exists
2017-07-13 15:58:36 Class constructed
2017-07-13 15:58:36 Class constructed
2017-07-13 15:58:36 UserID : 3
SessionId : pO46htctIaqFAknadsT6YHGoORE45Hsa
Branch ID : 5
2017-07-13 15:58:36 SELECT SQL : SELECT sessionId FROM users WHERE  id = '3'  
2017-07-13 15:58:36 SELECT SQL : SELECT name,id FROM accounts WHERE  active = '1' AND branchId = '5'  
2017-07-13 15:58:36 SELECT SQL : SELECT name FROM branches WHERE  id = '5'  
2017-07-13 15:58:36 Response : {"success":1,"data":[{"name":"KINSHASHA-USD Account","id":"16","balance":431989}],"branchName":"KINSHASHA"}
2017-07-13 15:58:40 ---- New Request ----
2017-07-13 15:58:40 Controller : Transfers
2017-07-13 15:58:40 Method : getallaccountbalancesAction
2017-07-13 15:58:40 Controller File : controllers/Transfers.class.php, Exists
2017-07-13 15:58:40 Class constructed
2017-07-13 15:58:40 Class constructed
2017-07-13 15:58:40 UserID : 3
SessionId : pO46htctIaqFAknadsT6YHGoORE45Hsa
Branch ID : 6
2017-07-13 15:58:40 SELECT SQL : SELECT sessionId FROM users WHERE  id = '3'  
2017-07-13 15:58:40 SELECT SQL : SELECT name,id FROM accounts WHERE  active = '1' AND branchId = '6'  
2017-07-13 15:58:40 SELECT SQL : SELECT name FROM branches WHERE  id = '6'  
2017-07-13 15:58:40 Response : {"success":1,"data":[{"name":"OASIS MALL-RMB Account","id":"20","balance":0},{"name":"OASIS MALL-USD Account","id":"21","balance":205010},{"name":"OASIS MALL-DIRHAM Account","id":"22","balance":0},{"name":"OASIS MALL-UGX Account","id":"23","balance":111321519},{"name":"OASIS MALL-KSH Account","id":"24","balance":0}],"branchName":"OASIS MALL"}
2017-07-13 15:58:50 ---- New Request ----
2017-07-13 15:58:50 Controller : Transfers
2017-07-13 15:58:50 Method : getbalancesAction
2017-07-13 15:58:50 Controller File : controllers/Transfers.class.php, Exists
2017-07-13 15:58:50 Class constructed
2017-07-13 15:58:50 Class constructed
2017-07-13 15:58:50 UserID : 3
SessionId : pO46htctIaqFAknadsT6YHGoORE45Hsa
Branch ID : 6
Date : 
2017-07-13 15:58:50 SELECT SQL : SELECT sessionId,branchId,userTypeId FROM users WHERE  id = '3'  
2017-07-13 15:58:50 SELECT SQL : SELECT closingBalance,openingBalance,accountId,branchId,date FROM balances WHERE  date = '2017-07-13' AND branchId = '6'  
2017-07-13 15:58:50 SELECT SQL : SELECT name FROM accounts WHERE  id = '21'  
2017-07-13 15:58:50 SELECT SQL : SELECT name FROM branches WHERE  id = '6'  
2017-07-13 15:58:50 SELECT SQL : SELECT name FROM accounts WHERE  id = '23'  
2017-07-13 15:58:50 SELECT SQL : SELECT name FROM branches WHERE  id = '6'  
2017-07-13 15:58:50 Response : {"success":1,"data":[{"closingBalance":"205010","openingBalance":"162880","accountId":"21","branchId":"6","date":"2017-07-13","accountName":"OASIS MALL-USD Account","branchName":"OASIS MALL"},{"closingBalance":"111321519","openingBalance":"111321519","accountId":"23","branchId":"6","date":"2017-07-13","accountName":"OASIS MALL-UGX Account","branchName":"OASIS MALL"}]}
