2017-07-14 10:23:27 ---- New Request ----
2017-07-14 10:23:27 Controller : Users
2017-07-14 10:23:27 Method : loginAction
2017-07-14 10:23:27 Controller File : controllers/Users.class.php, Exists
2017-07-14 10:23:27 Class constructed
2017-07-14 10:23:27 Login Params ;Username :you
Password : ******
2017-07-14 10:23:27 SELECT SQL : SELECT id,firstName,surname,userName,userTypeId,sessionId,password,active,branchId FROM users WHERE  userName = 'you'  
2017-07-14 10:23:27 Response : {"success":0,"errormsg":"Login Failed. Wrong Password."}
2017-07-14 10:23:47 ---- New Request ----
2017-07-14 10:23:47 Controller : Users
2017-07-14 10:23:47 Method : loginAction
2017-07-14 10:23:47 Controller File : controllers/Users.class.php, Exists
2017-07-14 10:23:47 Class constructed
2017-07-14 10:23:47 Login Params ;Username :you
Password : ******
2017-07-14 10:23:47 SELECT SQL : SELECT id,firstName,surname,userName,userTypeId,sessionId,password,active,branchId FROM users WHERE  userName = 'you'  
2017-07-14 10:23:47 SELECT SQL : SELECT name FROM branches WHERE  id = '0'  
2017-07-14 10:23:47 UPDATE SQL : UPDATE users SET sessionId = '4WZtYBCxWkPJYTzrNpTPlFQjLQ0datQn',ipAddress = '160.242.142.203' WHERE  id = '1' 
2017-07-14 10:23:47 Response : {"success":1,"data":{"id":"1","firstName":"You","surname":"Jinshu","userName":"you","userTypeId":"1","sessionId":"4WZtYBCxWkPJYTzrNpTPlFQjLQ0datQn","branchId":"0","branchName":null}}
2017-07-14 10:23:49 ---- New Request ----
2017-07-14 10:23:49 Controller : Users
2017-07-14 10:23:49 Method : formsdetailsAction
2017-07-14 10:23:49 Controller File : controllers/Users.class.php, Exists
2017-07-14 10:23:49 Class constructed
2017-07-14 10:23:49 Details Params :
SessionID :4WZtYBCxWkPJYTzrNpTPlFQjLQ0datQn
User ID : 1
2017-07-14 10:23:49 SELECT SQL : SELECT * FROM branches WHERE  active = '1'  
2017-07-14 10:23:49 SELECT SQL : SELECT * FROM countries WHERE  active = '1'  
2017-07-14 10:23:49 SELECT SQL : SELECT * FROM identification WHERE  active = '1'  
2017-07-14 10:23:49 SELECT SQL : SELECT * FROM users WHERE  active = '1'  
2017-07-14 10:23:49 SELECT SQL : SELECT id,name,branchId,currency_id FROM accounts WHERE  active = '1' AND type_id = '1'  
2017-07-14 10:23:49 Balance Update Params :
Branch Id : 5
Account ID : 16
Amount : 0
2017-07-14 10:23:49 SELECT SQL : SELECT * FROM balances WHERE  branchId = '5' AND accountId = '16'  
2017-07-14 10:23:49 SELECT SQL : SELECT * FROM balances WHERE  branchId = '5' AND accountId = '16' AND date = '2017-07-14'  
2017-07-14 10:23:49 SELECT SQL : SELECT closingBalance FROM balances WHERE  branchId = '5' AND accountId = '16' AND date = '2017-07-13'  
2017-07-14 10:23:49 INSERT SQL : INSERT INTO balances  (ts,branchId,accountId,openingBalance,closingBalance,date)  VALUES(NOW(),'5','16','431989','431989','2017-07-14')
2017-07-14 10:23:49 Balance Create Insert ID Today 2:17
 2017-07-14 10:23:49 Balance Update Params :
Branch Id : 6
Account ID : 20
Amount : 0
2017-07-14 10:23:49 SELECT SQL : SELECT * FROM balances WHERE  branchId = '6' AND accountId = '20'  
2017-07-14 10:23:49 Balance Update Params :
Branch Id : 6
Account ID : 21
Amount : 0
2017-07-14 10:23:49 SELECT SQL : SELECT * FROM balances WHERE  branchId = '6' AND accountId = '21'  
2017-07-14 10:23:49 SELECT SQL : SELECT * FROM balances WHERE  branchId = '6' AND accountId = '21' AND date = '2017-07-14'  
2017-07-14 10:23:49 SELECT SQL : SELECT closingBalance FROM balances WHERE  branchId = '6' AND accountId = '21' AND date = '2017-07-13'  
2017-07-14 10:23:49 INSERT SQL : INSERT INTO balances  (ts,branchId,accountId,openingBalance,closingBalance,date)  VALUES(NOW(),'6','21','205010','205010','2017-07-14')
2017-07-14 10:23:49 Balance Create Insert ID Today 2:18
 2017-07-14 10:23:49 Balance Update Params :
Branch Id : 6
Account ID : 22
Amount : 0
2017-07-14 10:23:49 SELECT SQL : SELECT * FROM balances WHERE  branchId = '6' AND accountId = '22'  
2017-07-14 10:23:49 Balance Update Params :
Branch Id : 6
Account ID : 23
Amount : 0
2017-07-14 10:23:49 SELECT SQL : SELECT * FROM balances WHERE  branchId = '6' AND accountId = '23'  
2017-07-14 10:23:49 SELECT SQL : SELECT * FROM balances WHERE  branchId = '6' AND accountId = '23' AND date = '2017-07-14'  
2017-07-14 10:23:49 SELECT SQL : SELECT closingBalance FROM balances WHERE  branchId = '6' AND accountId = '23' AND date = '2017-07-13'  
2017-07-14 10:23:49 INSERT SQL : INSERT INTO balances  (ts,branchId,accountId,openingBalance,closingBalance,date)  VALUES(NOW(),'6','23','111321519','111321519','2017-07-14')
2017-07-14 10:23:49 Balance Create Insert ID Today 2:19
 2017-07-14 10:23:49 Balance Update Params :
Branch Id : 6
Account ID : 24
Amount : 0
2017-07-14 10:23:49 SELECT SQL : SELECT * FROM balances WHERE  branchId = '6' AND accountId = '24'  
2017-07-14 10:23:49 Balance Update Params :
Branch Id : 11
Account ID : 27
Amount : 0
2017-07-14 10:23:49 SELECT SQL : SELECT * FROM balances WHERE  branchId = '11' AND accountId = '27'  
2017-07-14 10:23:49 SELECT SQL : SELECT * FROM balances WHERE  branchId = '11' AND accountId = '27' AND date = '2017-07-14'  
2017-07-14 10:23:49 SELECT SQL : SELECT closingBalance FROM balances WHERE  branchId = '11' AND accountId = '27' AND date = '2017-07-13'  
2017-07-14 10:23:49 INSERT SQL : INSERT INTO balances  (ts,branchId,accountId,openingBalance,closingBalance,date)  VALUES(NOW(),'11','27','-1072373.0692236','-1072373.0692236','2017-07-14')
2017-07-14 10:23:49 Balance Create Insert ID Today 2:20
 2017-07-14 10:23:49 Balance Update Params :
Branch Id : 11
Account ID : 28
Amount : 0
2017-07-14 10:23:49 SELECT SQL : SELECT * FROM balances WHERE  branchId = '11' AND accountId = '28'  
2017-07-14 10:23:49 Balance Update Params :
Branch Id : 12
Account ID : 33
Amount : 0
2017-07-14 10:23:49 SELECT SQL : SELECT * FROM balances WHERE  branchId = '12' AND accountId = '33'  
2017-07-14 10:23:49 SELECT SQL : SELECT * FROM balances WHERE  branchId = '12' AND accountId = '33' AND date = '2017-07-14'  
2017-07-14 10:23:49 SELECT SQL : SELECT closingBalance FROM balances WHERE  branchId = '12' AND accountId = '33' AND date = '2017-07-13'  
2017-07-14 10:23:49 INSERT SQL : INSERT INTO balances  (ts,branchId,accountId,openingBalance,closingBalance,date)  VALUES(NOW(),'12','33','-42901','-42901','2017-07-14')
2017-07-14 10:23:49 Balance Create Insert ID Today 2:21
 2017-07-14 10:23:49 Balance Update Params :
Branch Id : 12
Account ID : 36
Amount : 0
2017-07-14 10:23:49 SELECT SQL : SELECT * FROM balances WHERE  branchId = '12' AND accountId = '36'  
2017-07-14 10:23:49 SELECT SQL : SELECT * FROM balances WHERE  branchId = '12' AND accountId = '36' AND date = '2017-07-14'  
2017-07-14 10:23:49 SELECT SQL : SELECT closingBalance FROM balances WHERE  branchId = '12' AND accountId = '36' AND date = '2017-07-13'  
2017-07-14 10:23:49 INSERT SQL : INSERT INTO balances  (ts,branchId,accountId,openingBalance,closingBalance,date)  VALUES(NOW(),'12','36','4816527','4816527','2017-07-14')
2017-07-14 10:23:49 Balance Create Insert ID Today 2:22
 2017-07-14 10:23:49 Balance Update Params :
Branch Id : 7
Account ID : 37
Amount : 0
2017-07-14 10:23:49 SELECT SQL : SELECT * FROM balances WHERE  branchId = '7' AND accountId = '37'  
2017-07-14 10:23:49 SELECT SQL : SELECT * FROM balances WHERE  branchId = '7' AND accountId = '37' AND date = '2017-07-14'  
2017-07-14 10:23:49 SELECT SQL : SELECT closingBalance FROM balances WHERE  branchId = '7' AND accountId = '37' AND date = '2017-07-13'  
2017-07-14 10:23:49 INSERT SQL : INSERT INTO balances  (ts,branchId,accountId,openingBalance,closingBalance,date)  VALUES(NOW(),'7','37','98595','98595','2017-07-14')
2017-07-14 10:23:49 Balance Create Insert ID Today 2:23
 2017-07-14 10:23:49 SELECT SQL : SELECT * FROM currencies WHERE  active = '1'  
2017-07-14 10:23:49 SELECT SQL : SELECT * FROM accounts WHERE  active = '1' AND type_id = '4'  
2017-07-14 10:23:49 SELECT SQL : SELECT * FROM account_types WHERE  active = '1'  
2017-07-14 10:23:49 SELECT SQL : SELECT * FROM user_types WHERE  active = '1'  
2017-07-14 10:23:50 Response : {"data":{"branches":[{"id":"5","name":"KINSHASHA","countryId":"4","location":"Patrice Avenue","supervisorId":"3","createdBy":"4","ts":"2017-06-30 00:06:55","active":"1"},{"id":"6","name":"OASIS MALL","countryId":"1","location":"Yusufu Lule Rd","supervisorId":"3","createdBy":"2","ts":"2017-06-30 00:12:08","active":"1"},{"id":"7","name":"GOMA","countryId":"4","location":"Goma","supervisorId":"3","createdBy":"1","ts":"2017-07-05 00:00:00","active":"1"},{"id":"9","name":"MOMBASA","countryId":"2","location":"Mombasa","supervisorId":"3","createdBy":"1","ts":"2017-07-05 00:00:00","active":"1"},{"id":"10","name":"DUBAI","countryId":"6","location":"Dubai","supervisorId":"3","createdBy":"1","ts":"2017-07-05 00:00:00","active":"1"},{"id":"11","name":"CHINA","countryId":"5","location":"China","supervisorId":"3","createdBy":"3","ts":"2017-07-05 13:23:17","active":"1"},{"id":"12","name":"NAIROBI","countryId":"2","location":"Nairobi","supervisorId":"3","createdBy":"3","ts":"2017-07-06 14:12:35","active":"1"}],"countries":[{"id":"1","name":"UGANDA","createdBy":"1","ts":"2017-06-25 23:13:31","active":"1"},{"id":"2","name":"KENYA","createdBy":"1","ts":"2017-06-26 09:02:45","active":"1"},{"id":"3","name":"TZ","createdBy":"1","ts":"2017-06-28 11:11:53","active":"1"},{"id":"4","name":"CONGO","createdBy":"1","ts":"2017-06-28 11:26:11","active":"1"},{"id":"5","name":"CHINA","createdBy":"1","ts":"2017-06-28 11:30:01","active":"1"},{"id":"6","name":"UAE","createdBy":"1","ts":"2017-07-05 00:00:00","active":"1"}],"ids":[[{"id":"1","name":"Passport","createdBy":"1","ts":"2017-06-28 14:00:01","active":"1"},{"id":"2","name":"National ID","createdBy":"1","ts":"2017-06-28 14:00:01","active":"1"},{"id":"3","name":"STUDENTS ID","createdBy":"1","ts":"2017-06-28 16:21:46","active":"1"}]],"users":[{"id":"1","firstName":"You","surname":"Jinshu","email":"hudsonbogere@swipeit.co.ug","phone":"256783131266","userName":"you","branchId":"0","userTypeId":"1","password":"$2y$10$pPGbhJ1RXx\/ug.ED3LnsQuKHJTqwYsa\/iF0OqGOgsjflkHKIDTLVq","sessionId":"4WZtYBCxWkPJYTzrNpTPlFQjLQ0datQn","ipAddress":"160.242.142.203","createdBy":null,"ts":"2017-06-23 15:08:12","active":"1"},{"id":"2","firstName":"Nansubuga","surname":"Dorothy","email":"henry@gmail.com","phone":"256752284441","userName":"dorah","branchId":"12","userTypeId":"3","password":"$2y$10$m72Zz8Z.h4\/Zp6TFDhmbXeQ79kZ7JJ2U0yLUanc0dDVxbc.5UPkRG","sessionId":"ZzqoqXLvIHiLfWPvR5n0iYqfI0l3SyXi","ipAddress":"197.157.0.30","createdBy":"1","ts":"2017-06-26 19:11:07","active":"1"},{"id":"3","firstName":"Lydia","surname":"Amoi","email":"islam@gmail.com","phone":"256777608310","userName":"lydia","branchId":"6","userTypeId":"2","password":"$2y$10$m72Zz8Z.h4\/Zp6TFDhmbXeQ79kZ7JJ2U0yLUanc0dDVxbc.5UPkRG","sessionId":"emQHzzDpRHpWPQAG6dgoSTxxOVXqWjN7","ipAddress":"160.242.146.119","createdBy":"1","ts":"2017-06-26 19:41:01","active":"1"},{"id":"4","firstName":"Nabukera","surname":"Maria","email":"banerd@tfb.com","phone":"256774457813","userName":"maria","branchId":"5","userTypeId":"3","password":"$2y$10$wTpUE\/WJFMfQaBglrQocTO9ndV6dbxL2vzFDEJZ1hpVVp4binpXGO","sessionId":"0SP0feECFf00VEzHjCyiYQ6U1soq4VKd","ipAddress":"197.157.0.30","createdBy":"1","ts":"2017-06-26 23:04:07","active":"1"},{"id":"5","firstName":"Henry","surname":"Bbosa","email":null,"phone":null,"userName":"henry","branchId":"11","userTypeId":"3","password":"$2y$10$m72Zz8Z.h4\/Zp6TFDhmbXeQ79kZ7JJ2U0yLUanc0dDVxbc.5UPkRG","sessionId":"B7Jvxy4i7CF1ccrrfFPeNdDXCEWHWJYa","ipAddress":"197.157.0.30","createdBy":"1","ts":"2017-07-05 00:00:00","active":"1"},{"id":"6","firstName":"Edwin","surname":"Kakeeto","email":"edwin@edwin.com","phone":"0777777557","userName":"edwin","branchId":"7","userTypeId":"3","password":"$2y$10$m72Zz8Z.h4\/Zp6TFDhmbXeQ79kZ7JJ2U0yLUanc0dDVxbc.5UPkRG","sessionId":"YrWMOJ1kjG2mfBc1WxRmk51J4Agr24N4","ipAddress":"197.157.0.30","createdBy":"3","ts":"2017-07-10 07:37:50","active":"1"}],"accounts":[{"id":"16","name":"KINSHASHA-USD Account","branchId":"5","currency_id":"2"},{"id":"20","name":"OASIS MALL-RMB Account","branchId":"6","currency_id":"1"},{"id":"21","name":"OASIS MALL-USD Account","branchId":"6","currency_id":"2"},{"id":"22","name":"OASIS MALL-DIRHAM Account","branchId":"6","currency_id":"3"},{"id":"23","name":"OASIS MALL-UGX Account","branchId":"6","currency_id":"4"},{"id":"24","name":"OASIS MALL-KSH Account","branchId":"6","currency_id":"5"},{"id":"27","name":"CHINA-RMB Account","branchId":"11","currency_id":"1"},{"id":"28","name":"CHINA-USD Account","branchId":"11","currency_id":"2"},{"id":"33","name":"NAIROBI-USD Account","branchId":"12","currency_id":"2"},{"id":"36","name":"NAIROBI-KSH Account","branchId":"12","currency_id":"5"},{"id":"37","name":"GOMA-USD ACCOUNT","branchId":"7","currency_id":"2"}],"currencies":[{"id":"1","name":"RMB","symbol":"\u00c2\u00a5","createdBy":"1","ts":"2017-06-27 22:45:12","active":"1"},{"id":"2","name":"USD","symbol":"$","createdBy":"1","ts":"2017-06-27 22:45:12","active":"1"},{"id":"3","name":"DIRHAM","symbol":"","createdBy":"1","ts":"2017-06-28 11:40:09","active":"1"},{"id":"4","name":"UGX","symbol":"\/=","createdBy":"1","ts":"2017-06-28 11:46:50","active":"1"},{"id":"5","name":"KSH","symbol":"","createdBy":"1","ts":"2017-06-28 11:46:50","active":"1"}],"superaccount":[{"id":"1","name":"RMB Account","branchId":"0","type_id":"4","currency_id":"1","balance":"0","createdBy":"1","active":"1","ts":"2017-06-27 22:45:12"}],"accountTypes":[{"id":"1","type":"Transfer","description":"","createdBy":"1","ts":"2017-06-28 14:31:12","active":"1"},{"id":"2","type":"Suspense","description":"","createdBy":"1","ts":"2017-06-28 14:31:12","active":"1"},{"id":"4","type":"Super","description":"","createdBy":"1","ts":"2017-06-28 14:31:12","active":"1"}],"userTypes":[{"id":"1","name":"E-Value Admin","level":"1","ts":"2017-06-27 22:45:12","active":"1"},{"id":"2","name":"Super User","level":"2","ts":"2017-06-27 22:45:12","active":"1"},{"id":"3","name":"Agent","level":"3","ts":"2017-06-27 22:45:12","active":"1"},{"id":"4","name":"System Admin","level":"4","ts":"2017-06-27 22:45:12","active":"1"}]},"success":1}
2017-07-14 10:24:37 ---- New Request ----
2017-07-14 10:24:37 Controller : Users
2017-07-14 10:24:37 Method : formsdetailsAction
2017-07-14 10:24:37 Controller File : controllers/Users.class.php, Exists
2017-07-14 10:24:37 Class constructed
2017-07-14 10:24:37 Details Params :
SessionID :4WZtYBCxWkPJYTzrNpTPlFQjLQ0datQn
User ID : 1
2017-07-14 10:24:37 SELECT SQL : SELECT * FROM branches WHERE  active = '1'  
2017-07-14 10:24:37 SELECT SQL : SELECT * FROM countries WHERE  active = '1'  
2017-07-14 10:24:37 SELECT SQL : SELECT * FROM identification WHERE  active = '1'  
2017-07-14 10:24:37 SELECT SQL : SELECT * FROM users WHERE  active = '1'  
2017-07-14 10:24:37 SELECT SQL : SELECT id,name,branchId,currency_id FROM accounts WHERE  active = '1' AND type_id = '1'  
2017-07-14 10:24:37 Balance Update Params :
Branch Id : 5
Account ID : 16
Amount : 0
2017-07-14 10:24:37 SELECT SQL : SELECT * FROM balances WHERE  branchId = '5' AND accountId = '16'  
2017-07-14 10:24:37 SELECT SQL : SELECT * FROM balances WHERE  branchId = '5' AND accountId = '16' AND date = '2017-07-14'  
2017-07-14 10:24:37 UPDATE SQL : UPDATE balances SET closingBalance = '431989' WHERE  branchId = '5' AND accountId = '16' AND date = '2017-07-14' 
2017-07-14 10:24:37 Balance Update Status 2:1
 2017-07-14 10:24:37 Balance Update Params :
Branch Id : 6
Account ID : 20
Amount : 0
2017-07-14 10:24:37 SELECT SQL : SELECT * FROM balances WHERE  branchId = '6' AND accountId = '20'  
2017-07-14 10:24:37 Balance Update Params :
Branch Id : 6
Account ID : 21
Amount : 0
2017-07-14 10:24:37 SELECT SQL : SELECT * FROM balances WHERE  branchId = '6' AND accountId = '21'  
2017-07-14 10:24:37 SELECT SQL : SELECT * FROM balances WHERE  branchId = '6' AND accountId = '21' AND date = '2017-07-14'  
2017-07-14 10:24:37 UPDATE SQL : UPDATE balances SET closingBalance = '205010' WHERE  branchId = '6' AND accountId = '21' AND date = '2017-07-14' 
2017-07-14 10:24:37 Balance Update Status 2:1
 2017-07-14 10:24:37 Balance Update Params :
Branch Id : 6
Account ID : 22
Amount : 0
2017-07-14 10:24:37 SELECT SQL : SELECT * FROM balances WHERE  branchId = '6' AND accountId = '22'  
2017-07-14 10:24:37 Balance Update Params :
Branch Id : 6
Account ID : 23
Amount : 0
2017-07-14 10:24:37 SELECT SQL : SELECT * FROM balances WHERE  branchId = '6' AND accountId = '23'  
2017-07-14 10:24:37 SELECT SQL : SELECT * FROM balances WHERE  branchId = '6' AND accountId = '23' AND date = '2017-07-14'  
2017-07-14 10:24:37 UPDATE SQL : UPDATE balances SET closingBalance = '111321519' WHERE  branchId = '6' AND accountId = '23' AND date = '2017-07-14' 
2017-07-14 10:24:37 Balance Update Status 2:1
 2017-07-14 10:24:37 Balance Update Params :
Branch Id : 6
Account ID : 24
Amount : 0
2017-07-14 10:24:37 SELECT SQL : SELECT * FROM balances WHERE  branchId = '6' AND accountId = '24'  
2017-07-14 10:24:37 Balance Update Params :
Branch Id : 11
Account ID : 27
Amount : 0
2017-07-14 10:24:37 SELECT SQL : SELECT * FROM balances WHERE  branchId = '11' AND accountId = '27'  
2017-07-14 10:24:37 SELECT SQL : SELECT * FROM balances WHERE  branchId = '11' AND accountId = '27' AND date = '2017-07-14'  
2017-07-14 10:24:37 UPDATE SQL : UPDATE balances SET closingBalance = '-1072373.0692236' WHERE  branchId = '11' AND accountId = '27' AND date = '2017-07-14' 
2017-07-14 10:24:37 Balance Update Status 2:1
 2017-07-14 10:24:37 Balance Update Params :
Branch Id : 11
Account ID : 28
Amount : 0
2017-07-14 10:24:37 SELECT SQL : SELECT * FROM balances WHERE  branchId = '11' AND accountId = '28'  
2017-07-14 10:24:37 Balance Update Params :
Branch Id : 12
Account ID : 33
Amount : 0
2017-07-14 10:24:37 SELECT SQL : SELECT * FROM balances WHERE  branchId = '12' AND accountId = '33'  
2017-07-14 10:24:37 SELECT SQL : SELECT * FROM balances WHERE  branchId = '12' AND accountId = '33' AND date = '2017-07-14'  
2017-07-14 10:24:37 UPDATE SQL : UPDATE balances SET closingBalance = '-42901' WHERE  branchId = '12' AND accountId = '33' AND date = '2017-07-14' 
2017-07-14 10:24:37 Balance Update Status 2:1
 2017-07-14 10:24:37 Balance Update Params :
Branch Id : 12
Account ID : 36
Amount : 0
2017-07-14 10:24:37 SELECT SQL : SELECT * FROM balances WHERE  branchId = '12' AND accountId = '36'  
2017-07-14 10:24:37 SELECT SQL : SELECT * FROM balances WHERE  branchId = '12' AND accountId = '36' AND date = '2017-07-14'  
2017-07-14 10:24:37 UPDATE SQL : UPDATE balances SET closingBalance = '4816527' WHERE  branchId = '12' AND accountId = '36' AND date = '2017-07-14' 
2017-07-14 10:24:37 Balance Update Status 2:1
 2017-07-14 10:24:37 Balance Update Params :
Branch Id : 7
Account ID : 37
Amount : 0
2017-07-14 10:24:37 SELECT SQL : SELECT * FROM balances WHERE  branchId = '7' AND accountId = '37'  
2017-07-14 10:24:37 SELECT SQL : SELECT * FROM balances WHERE  branchId = '7' AND accountId = '37' AND date = '2017-07-14'  
2017-07-14 10:24:37 UPDATE SQL : UPDATE balances SET closingBalance = '98595' WHERE  branchId = '7' AND accountId = '37' AND date = '2017-07-14' 
2017-07-14 10:24:37 Balance Update Status 2:1
 2017-07-14 10:24:37 SELECT SQL : SELECT * FROM currencies WHERE  active = '1'  
2017-07-14 10:24:37 SELECT SQL : SELECT * FROM accounts WHERE  active = '1' AND type_id = '4'  
2017-07-14 10:24:37 SELECT SQL : SELECT * FROM account_types WHERE  active = '1'  
2017-07-14 10:24:37 SELECT SQL : SELECT * FROM user_types WHERE  active = '1'  
2017-07-14 10:24:37 Response : {"data":{"branches":[{"id":"5","name":"KINSHASHA","countryId":"4","location":"Patrice Avenue","supervisorId":"3","createdBy":"4","ts":"2017-06-30 00:06:55","active":"1"},{"id":"6","name":"OASIS MALL","countryId":"1","location":"Yusufu Lule Rd","supervisorId":"3","createdBy":"2","ts":"2017-06-30 00:12:08","active":"1"},{"id":"7","name":"GOMA","countryId":"4","location":"Goma","supervisorId":"3","createdBy":"1","ts":"2017-07-05 00:00:00","active":"1"},{"id":"9","name":"MOMBASA","countryId":"2","location":"Mombasa","supervisorId":"3","createdBy":"1","ts":"2017-07-05 00:00:00","active":"1"},{"id":"10","name":"DUBAI","countryId":"6","location":"Dubai","supervisorId":"3","createdBy":"1","ts":"2017-07-05 00:00:00","active":"1"},{"id":"11","name":"CHINA","countryId":"5","location":"China","supervisorId":"3","createdBy":"3","ts":"2017-07-05 13:23:17","active":"1"},{"id":"12","name":"NAIROBI","countryId":"2","location":"Nairobi","supervisorId":"3","createdBy":"3","ts":"2017-07-06 14:12:35","active":"1"}],"countries":[{"id":"1","name":"UGANDA","createdBy":"1","ts":"2017-06-25 23:13:31","active":"1"},{"id":"2","name":"KENYA","createdBy":"1","ts":"2017-06-26 09:02:45","active":"1"},{"id":"3","name":"TZ","createdBy":"1","ts":"2017-06-28 11:11:53","active":"1"},{"id":"4","name":"CONGO","createdBy":"1","ts":"2017-06-28 11:26:11","active":"1"},{"id":"5","name":"CHINA","createdBy":"1","ts":"2017-06-28 11:30:01","active":"1"},{"id":"6","name":"UAE","createdBy":"1","ts":"2017-07-05 00:00:00","active":"1"}],"ids":[[{"id":"1","name":"Passport","createdBy":"1","ts":"2017-06-28 14:00:01","active":"1"},{"id":"2","name":"National ID","createdBy":"1","ts":"2017-06-28 14:00:01","active":"1"},{"id":"3","name":"STUDENTS ID","createdBy":"1","ts":"2017-06-28 16:21:46","active":"1"}]],"users":[{"id":"1","firstName":"You","surname":"Jinshu","email":"hudsonbogere@swipeit.co.ug","phone":"256783131266","userName":"you","branchId":"0","userTypeId":"1","password":"$2y$10$pPGbhJ1RXx\/ug.ED3LnsQuKHJTqwYsa\/iF0OqGOgsjflkHKIDTLVq","sessionId":"4WZtYBCxWkPJYTzrNpTPlFQjLQ0datQn","ipAddress":"160.242.142.203","createdBy":null,"ts":"2017-06-23 15:08:12","active":"1"},{"id":"2","firstName":"Nansubuga","surname":"Dorothy","email":"henry@gmail.com","phone":"256752284441","userName":"dorah","branchId":"12","userTypeId":"3","password":"$2y$10$m72Zz8Z.h4\/Zp6TFDhmbXeQ79kZ7JJ2U0yLUanc0dDVxbc.5UPkRG","sessionId":"ZzqoqXLvIHiLfWPvR5n0iYqfI0l3SyXi","ipAddress":"197.157.0.30","createdBy":"1","ts":"2017-06-26 19:11:07","active":"1"},{"id":"3","firstName":"Lydia","surname":"Amoi","email":"islam@gmail.com","phone":"256777608310","userName":"lydia","branchId":"6","userTypeId":"2","password":"$2y$10$m72Zz8Z.h4\/Zp6TFDhmbXeQ79kZ7JJ2U0yLUanc0dDVxbc.5UPkRG","sessionId":"emQHzzDpRHpWPQAG6dgoSTxxOVXqWjN7","ipAddress":"160.242.146.119","createdBy":"1","ts":"2017-06-26 19:41:01","active":"1"},{"id":"4","firstName":"Nabukera","surname":"Maria","email":"banerd@tfb.com","phone":"256774457813","userName":"maria","branchId":"5","userTypeId":"3","password":"$2y$10$wTpUE\/WJFMfQaBglrQocTO9ndV6dbxL2vzFDEJZ1hpVVp4binpXGO","sessionId":"0SP0feECFf00VEzHjCyiYQ6U1soq4VKd","ipAddress":"197.157.0.30","createdBy":"1","ts":"2017-06-26 23:04:07","active":"1"},{"id":"5","firstName":"Henry","surname":"Bbosa","email":null,"phone":null,"userName":"henry","branchId":"11","userTypeId":"3","password":"$2y$10$m72Zz8Z.h4\/Zp6TFDhmbXeQ79kZ7JJ2U0yLUanc0dDVxbc.5UPkRG","sessionId":"B7Jvxy4i7CF1ccrrfFPeNdDXCEWHWJYa","ipAddress":"197.157.0.30","createdBy":"1","ts":"2017-07-05 00:00:00","active":"1"},{"id":"6","firstName":"Edwin","surname":"Kakeeto","email":"edwin@edwin.com","phone":"0777777557","userName":"edwin","branchId":"7","userTypeId":"3","password":"$2y$10$m72Zz8Z.h4\/Zp6TFDhmbXeQ79kZ7JJ2U0yLUanc0dDVxbc.5UPkRG","sessionId":"YrWMOJ1kjG2mfBc1WxRmk51J4Agr24N4","ipAddress":"197.157.0.30","createdBy":"3","ts":"2017-07-10 07:37:50","active":"1"}],"accounts":[{"id":"16","name":"KINSHASHA-USD Account","branchId":"5","currency_id":"2"},{"id":"20","name":"OASIS MALL-RMB Account","branchId":"6","currency_id":"1"},{"id":"21","name":"OASIS MALL-USD Account","branchId":"6","currency_id":"2"},{"id":"22","name":"OASIS MALL-DIRHAM Account","branchId":"6","currency_id":"3"},{"id":"23","name":"OASIS MALL-UGX Account","branchId":"6","currency_id":"4"},{"id":"24","name":"OASIS MALL-KSH Account","branchId":"6","currency_id":"5"},{"id":"27","name":"CHINA-RMB Account","branchId":"11","currency_id":"1"},{"id":"28","name":"CHINA-USD Account","branchId":"11","currency_id":"2"},{"id":"33","name":"NAIROBI-USD Account","branchId":"12","currency_id":"2"},{"id":"36","name":"NAIROBI-KSH Account","branchId":"12","currency_id":"5"},{"id":"37","name":"GOMA-USD ACCOUNT","branchId":"7","currency_id":"2"}],"currencies":[{"id":"1","name":"RMB","symbol":"\u00c2\u00a5","createdBy":"1","ts":"2017-06-27 22:45:12","active":"1"},{"id":"2","name":"USD","symbol":"$","createdBy":"1","ts":"2017-06-27 22:45:12","active":"1"},{"id":"3","name":"DIRHAM","symbol":"","createdBy":"1","ts":"2017-06-28 11:40:09","active":"1"},{"id":"4","name":"UGX","symbol":"\/=","createdBy":"1","ts":"2017-06-28 11:46:50","active":"1"},{"id":"5","name":"KSH","symbol":"","createdBy":"1","ts":"2017-06-28 11:46:50","active":"1"}],"superaccount":[{"id":"1","name":"RMB Account","branchId":"0","type_id":"4","currency_id":"1","balance":"0","createdBy":"1","active":"1","ts":"2017-06-27 22:45:12"}],"accountTypes":[{"id":"1","type":"Transfer","description":"","createdBy":"1","ts":"2017-06-28 14:31:12","active":"1"},{"id":"2","type":"Suspense","description":"","createdBy":"1","ts":"2017-06-28 14:31:12","active":"1"},{"id":"4","type":"Super","description":"","createdBy":"1","ts":"2017-06-28 14:31:12","active":"1"}],"userTypes":[{"id":"1","name":"E-Value Admin","level":"1","ts":"2017-06-27 22:45:12","active":"1"},{"id":"2","name":"Super User","level":"2","ts":"2017-06-27 22:45:12","active":"1"},{"id":"3","name":"Agent","level":"3","ts":"2017-06-27 22:45:12","active":"1"},{"id":"4","name":"System Admin","level":"4","ts":"2017-06-27 22:45:12","active":"1"}]},"success":1}
2017-07-14 10:24:46 ---- New Request ----
2017-07-14 10:24:46 Controller : Transfers
2017-07-14 10:24:46 Method : getallaccountbalancesAction
2017-07-14 10:24:46 Controller File : controllers/Transfers.class.php, Exists
2017-07-14 10:24:46 Class constructed
2017-07-14 10:24:46 Class constructed
2017-07-14 10:24:46 UserID : 1
SessionId : 4WZtYBCxWkPJYTzrNpTPlFQjLQ0datQn
Branch ID : 12
2017-07-14 10:24:46 SELECT SQL : SELECT sessionId FROM users WHERE  id = '1'  
2017-07-14 10:24:46 SELECT SQL : SELECT name,id FROM accounts WHERE  active = '1' AND branchId = '12'  
2017-07-14 10:24:46 SELECT SQL : SELECT name FROM branches WHERE  id = '12'  
2017-07-14 10:24:47 Response : {"success":1,"data":[{"name":"NAIROBI-USD Account","id":"33","balance":-42901},{"name":"NAIROBI-KSH Account","id":"36","balance":4935187}],"branchName":"NAIROBI"}
2017-07-14 10:25:20 ---- New Request ----
2017-07-14 10:25:20 Controller : Transfers
2017-07-14 10:25:20 Method : getbalancesAction
2017-07-14 10:25:20 Controller File : controllers/Transfers.class.php, Exists
2017-07-14 10:25:20 Class constructed
2017-07-14 10:25:20 Class constructed
2017-07-14 10:25:20 UserID : 1
SessionId : 4WZtYBCxWkPJYTzrNpTPlFQjLQ0datQn
Branch ID : 12
Date : 
2017-07-14 10:25:20 SELECT SQL : SELECT sessionId,branchId,userTypeId FROM users WHERE  id = '1'  
2017-07-14 10:25:20 SELECT SQL : SELECT closingBalance,openingBalance,accountId,branchId,date FROM balances WHERE  date = '2017-07-14' AND branchId = '0'  
2017-07-14 10:25:20 Response : {"success":1,"data":[]}
2017-07-14 10:25:24 ---- New Request ----
2017-07-14 10:25:24 Controller : Transfers
2017-07-14 10:25:24 Method : getbalancesAction
2017-07-14 10:25:24 Controller File : controllers/Transfers.class.php, Exists
2017-07-14 10:25:24 Class constructed
2017-07-14 10:25:24 Class constructed
2017-07-14 10:25:24 UserID : 1
SessionId : 4WZtYBCxWkPJYTzrNpTPlFQjLQ0datQn
Branch ID : 11
Date : 
2017-07-14 10:25:24 SELECT SQL : SELECT sessionId,branchId,userTypeId FROM users WHERE  id = '1'  
2017-07-14 10:25:24 SELECT SQL : SELECT closingBalance,openingBalance,accountId,branchId,date FROM balances WHERE  date = '2017-07-14' AND branchId = '0'  
2017-07-14 10:25:24 Response : {"success":1,"data":[]}
2017-07-14 10:25:27 ---- New Request ----
2017-07-14 10:25:27 Controller : Transfers
2017-07-14 10:25:27 Method : getbalancesAction
2017-07-14 10:25:27 Controller File : controllers/Transfers.class.php, Exists
2017-07-14 10:25:27 Class constructed
2017-07-14 10:25:27 Class constructed
2017-07-14 10:25:27 UserID : 1
SessionId : 4WZtYBCxWkPJYTzrNpTPlFQjLQ0datQn
Branch ID : 12
Date : 
2017-07-14 10:25:27 SELECT SQL : SELECT sessionId,branchId,userTypeId FROM users WHERE  id = '1'  
2017-07-14 10:25:27 SELECT SQL : SELECT closingBalance,openingBalance,accountId,branchId,date FROM balances WHERE  date = '2017-07-14' AND branchId = '0'  
2017-07-14 10:25:27 Response : {"success":1,"data":[]}
2017-07-14 10:25:32 ---- New Request ----
2017-07-14 10:25:32 Controller : Reports
2017-07-14 10:25:32 Method : gettransferlogsAction
2017-07-14 10:25:32 Controller File : controllers/Reports.class.php, Exists
2017-07-14 10:25:32 Class constructed
2017-07-14 10:25:32 Class constructed
2017-07-14 10:25:32 UserID : 1
SessionId : 4WZtYBCxWkPJYTzrNpTPlFQjLQ0datQn
Branch ID : 12
Date : 
Account ID : 
2017-07-14 10:25:32 SELECT SQL : SELECT sessionId,branchId,userTypeId FROM users WHERE  id = '1'  
2017-07-14 10:25:32 SELECT SQL : SELECT id,fromBranch,toBranch,amount,currency,charge,transferRef,userIdSource,userIdDestination,ts,withdrawTs,status,senderFname,senderSurname,senderPhone,senderEmail,receiverFname,receiverSurname,receiverPhone,receiverAccountNumber,destinationCountryId FROM transfers WHERE  fromBranch = '0'  OR toBranch = '0'  ORDER BY ts DESC LIMIT 20
2017-07-14 10:25:32 SELECT SQL : SELECT name FROM branches WHERE  id = '7'  
2017-07-14 10:25:32 SELECT SQL : SELECT name FROM branches WHERE  id = '0'  
2017-07-14 10:25:32 SELECT SQL : SELECT name FROM currencies WHERE  id = '0'  
2017-07-14 10:25:32 SELECT SQL : SELECT userName FROM users WHERE  id = '6'  
2017-07-14 10:25:32 SELECT SQL : SELECT userName FROM users WHERE  id = ''  
2017-07-14 10:25:32 SELECT SQL : SELECT name FROM countries WHERE  id = '1'  
2017-07-14 10:25:32 SELECT SQL : SELECT name FROM branches WHERE  id = '7'  
2017-07-14 10:25:32 SELECT SQL : SELECT name FROM branches WHERE  id = '0'  
2017-07-14 10:25:32 SELECT SQL : SELECT name FROM currencies WHERE  id = '0'  
2017-07-14 10:25:32 SELECT SQL : SELECT userName FROM users WHERE  id = '6'  
2017-07-14 10:25:32 SELECT SQL : SELECT userName FROM users WHERE  id = ''  
2017-07-14 10:25:32 SELECT SQL : SELECT name FROM countries WHERE  id = '4'  
2017-07-14 10:25:32 SELECT SQL : SELECT name FROM branches WHERE  id = '7'  
2017-07-14 10:25:32 SELECT SQL : SELECT name FROM branches WHERE  id = '0'  
2017-07-14 10:25:32 SELECT SQL : SELECT name FROM currencies WHERE  id = '0'  
2017-07-14 10:25:32 SELECT SQL : SELECT userName FROM users WHERE  id = '6'  
2017-07-14 10:25:32 SELECT SQL : SELECT userName FROM users WHERE  id = ''  
2017-07-14 10:25:32 SELECT SQL : SELECT name FROM countries WHERE  id = '4'  
2017-07-14 10:25:32 SELECT SQL : SELECT name FROM branches WHERE  id = '7'  
2017-07-14 10:25:32 SELECT SQL : SELECT name FROM branches WHERE  id = '0'  
2017-07-14 10:25:32 SELECT SQL : SELECT name FROM currencies WHERE  id = '0'  
2017-07-14 10:25:32 SELECT SQL : SELECT userName FROM users WHERE  id = '6'  
2017-07-14 10:25:32 SELECT SQL : SELECT userName FROM users WHERE  id = ''  
2017-07-14 10:25:32 SELECT SQL : SELECT name FROM countries WHERE  id = '4'  
2017-07-14 10:25:32 Response : {"success":1,"data":[{"id":"20","fromBranch":"7","toBranch":"0","amount":"1000","currency":null,"charge":"20","transferRef":"00701620","userIdSource":"6","userIdDestination":null,"ts":"2017-07-13 08:32:44","withdrawTs":null,"status":"Pending","senderFname":"","senderSurname":"LUC NDYANABO","senderPhone":"000243993851800","senderEmail":"","receiverFname":"ABDUL","receiverSurname":"KARIM","receiverPhone":"0700404307","receiverAccountNumber":null,"destinationCountryId":"1","fromBranchName":"GOMA","toBranchName":null,"agentSource":"edwin","agentDestination":null,"destinationCountry":null},{"id":"15","fromBranch":"7","toBranch":"0","amount":"30000","currency":null,"charge":null,"transferRef":"00704615","userIdSource":"6","userIdDestination":null,"ts":"2017-07-13 07:48:35","withdrawTs":null,"status":"Pending","senderFname":"","senderSurname":"edwin","senderPhone":"0776000064","senderEmail":"","receiverFname":"maria","receiverSurname":"maria","receiverPhone":"0776000064","receiverAccountNumber":null,"destinationCountryId":"4","fromBranchName":"GOMA","toBranchName":null,"agentSource":"edwin","agentDestination":null,"destinationCountry":null},{"id":"14","fromBranch":"7","toBranch":"0","amount":"30000","currency":null,"charge":null,"transferRef":"00704614","userIdSource":"6","userIdDestination":null,"ts":"2017-07-13 07:44:29","withdrawTs":null,"status":"Pending","senderFname":"","senderSurname":"edwin","senderPhone":"0776000064","senderEmail":"","receiverFname":"maria","receiverSurname":"maria","receiverPhone":"0776000064","receiverAccountNumber":null,"destinationCountryId":"4","fromBranchName":"GOMA","toBranchName":null,"agentSource":"edwin","agentDestination":null,"destinationCountry":null},{"id":"13","fromBranch":"7","toBranch":"0","amount":"30000","currency":null,"charge":null,"transferRef":"00704613","userIdSource":"6","userIdDestination":null,"ts":"2017-07-13 07:44:17","withdrawTs":null,"status":"Pending","senderFname":"","senderSurname":"edwin","senderPhone":"0776000064","senderEmail":"","receiverFname":"maria","receiverSurname":"maria","receiverPhone":"0776000064","receiverAccountNumber":null,"destinationCountryId":"4","fromBranchName":"GOMA","toBranchName":null,"agentSource":"edwin","agentDestination":null,"destinationCountry":null}]}
