2017-07-06 10:45:56 ---- New Request ----
2017-07-06 10:45:56 Controller : Users
2017-07-06 10:45:56 Method : loginAction
2017-07-06 10:45:56 Controller File : controllers/Users.class.php, Exists
2017-07-06 10:45:56 Class constructed
2017-07-06 10:45:56 Login Params ;Username :maria
Password : ******
2017-07-06 10:45:56 SELECT SQL : SELECT id,firstName,surname,userName,userTypeId,sessionId,password,active FROM users WHERE  userName = 'maria'  
2017-07-06 10:45:56 UPDATE SQL : UPDATE users SET sessionId = '750GLFiZXDoNJR8FBVJ3lg8oLwIKbis7',ipAddress = '160.242.143.167' WHERE  id = '4' 
2017-07-06 10:45:56 Response : {"success":1,"data":{"id":"4","firstName":"Nabukera","surname":"Maria","userName":"maria","userTypeId":"3","sessionId":"750GLFiZXDoNJR8FBVJ3lg8oLwIKbis7"}}
2017-07-06 10:45:57 ---- New Request ----
2017-07-06 10:45:57 Controller : Users
2017-07-06 10:45:57 Method : formsdetailsAction
2017-07-06 10:45:57 Controller File : controllers/Users.class.php, Exists
2017-07-06 10:45:57 Class constructed
2017-07-06 10:45:57 Details Params :
SessionID :750GLFiZXDoNJR8FBVJ3lg8oLwIKbis7
User ID : 4
2017-07-06 10:45:57 SELECT SQL : SELECT * FROM branches WHERE  active = '1'  
2017-07-06 10:45:57 SELECT SQL : SELECT * FROM countries WHERE  active = '1'  
2017-07-06 10:45:57 SELECT SQL : SELECT * FROM identification WHERE  active = '1'  
2017-07-06 10:45:57 SELECT SQL : SELECT * FROM users WHERE  active = '1'  
2017-07-06 10:45:57 SELECT SQL : SELECT id,name,branchId,currency_id FROM accounts WHERE  active = '1' AND type_id = '1'  
2017-07-06 10:45:57 Balance Update Params :
Branch Id : 5
Account ID : 15
Amount : 0
2017-07-06 10:45:57 SELECT SQL : SELECT * FROM balances WHERE  branchId = '5' AND accountId = '15'  
2017-07-06 10:45:57 Balance Update Params :
Branch Id : 5
Account ID : 16
Amount : 0
2017-07-06 10:45:57 SELECT SQL : SELECT * FROM balances WHERE  branchId = '5' AND accountId = '16'  
2017-07-06 10:45:57 SELECT SQL : SELECT * FROM balances WHERE  branchId = '5' AND accountId = '16' AND date = '2017-07-06'  
2017-07-06 10:45:57 UPDATE SQL : UPDATE balances SET closingBalance = '20' WHERE  branchId = '5' AND accountId = '16' AND date = '2017-07-06' 
2017-07-06 10:45:57 Balance Update Status 2:1
 2017-07-06 10:45:57 Balance Update Params :
Branch Id : 5
Account ID : 17
Amount : 0
2017-07-06 10:45:57 SELECT SQL : SELECT * FROM balances WHERE  branchId = '5' AND accountId = '17'  
2017-07-06 10:45:57 Balance Update Params :
Branch Id : 5
Account ID : 18
Amount : 0
2017-07-06 10:45:57 SELECT SQL : SELECT * FROM balances WHERE  branchId = '5' AND accountId = '18'  
2017-07-06 10:45:57 Balance Update Params :
Branch Id : 5
Account ID : 19
Amount : 0
2017-07-06 10:45:57 SELECT SQL : SELECT * FROM balances WHERE  branchId = '5' AND accountId = '19'  
2017-07-06 10:45:57 Balance Update Params :
Branch Id : 6
Account ID : 20
Amount : 0
2017-07-06 10:45:57 SELECT SQL : SELECT * FROM balances WHERE  branchId = '6' AND accountId = '20'  
2017-07-06 10:45:57 Balance Update Params :
Branch Id : 6
Account ID : 21
Amount : 0
2017-07-06 10:45:57 SELECT SQL : SELECT * FROM balances WHERE  branchId = '6' AND accountId = '21'  
2017-07-06 10:45:57 SELECT SQL : SELECT * FROM balances WHERE  branchId = '6' AND accountId = '21' AND date = '2017-07-06'  
2017-07-06 10:45:57 UPDATE SQL : UPDATE balances SET closingBalance = '-20' WHERE  branchId = '6' AND accountId = '21' AND date = '2017-07-06' 
2017-07-06 10:45:57 Balance Update Status 2:1
 2017-07-06 10:45:57 Balance Update Params :
Branch Id : 6
Account ID : 22
Amount : 0
2017-07-06 10:45:57 SELECT SQL : SELECT * FROM balances WHERE  branchId = '6' AND accountId = '22'  
2017-07-06 10:45:57 Balance Update Params :
Branch Id : 6
Account ID : 23
Amount : 0
2017-07-06 10:45:57 SELECT SQL : SELECT * FROM balances WHERE  branchId = '6' AND accountId = '23'  
2017-07-06 10:45:57 Balance Update Params :
Branch Id : 6
Account ID : 24
Amount : 0
2017-07-06 10:45:57 SELECT SQL : SELECT * FROM balances WHERE  branchId = '6' AND accountId = '24'  
2017-07-06 10:45:57 Balance Update Params :
Branch Id : 11
Account ID : 27
Amount : 0
2017-07-06 10:45:57 SELECT SQL : SELECT * FROM balances WHERE  branchId = '11' AND accountId = '27'  
2017-07-06 10:45:57 Balance Update Params :
Branch Id : 11
Account ID : 28
Amount : 0
2017-07-06 10:45:57 SELECT SQL : SELECT * FROM balances WHERE  branchId = '11' AND accountId = '28'  
2017-07-06 10:45:57 Balance Update Params :
Branch Id : 11
Account ID : 29
Amount : 0
2017-07-06 10:45:57 SELECT SQL : SELECT * FROM balances WHERE  branchId = '11' AND accountId = '29'  
2017-07-06 10:45:57 Balance Update Params :
Branch Id : 11
Account ID : 30
Amount : 0
2017-07-06 10:45:57 SELECT SQL : SELECT * FROM balances WHERE  branchId = '11' AND accountId = '30'  
2017-07-06 10:45:57 Balance Update Params :
Branch Id : 11
Account ID : 31
Amount : 0
2017-07-06 10:45:57 SELECT SQL : SELECT * FROM balances WHERE  branchId = '11' AND accountId = '31'  
2017-07-06 10:45:57 SELECT SQL : SELECT * FROM currencies WHERE  active = '1'  
2017-07-06 10:45:57 SELECT SQL : SELECT * FROM accounts WHERE  active = '1' AND type_id = '4'  
2017-07-06 10:45:57 SELECT SQL : SELECT * FROM account_types WHERE  active = '1'  
2017-07-06 10:45:57 SELECT SQL : SELECT * FROM user_types WHERE  active = '1'  
2017-07-06 10:45:57 Response : {"data":{"branches":[{"id":"5","name":"KINSHASHA","countryId":"4","location":"Patrice Avenue","supervisorId":"3","createdBy":"4","ts":"2017-06-30 00:06:55","active":"1"},{"id":"6","name":"OASIS MALL","countryId":"1","location":"Yusufu Lule Rd","supervisorId":"3","createdBy":"2","ts":"2017-06-30 00:12:08","active":"1"},{"id":"7","name":"GOMA","countryId":"4","location":"Goma","supervisorId":"3","createdBy":"1","ts":"2017-07-05 00:00:00","active":"1"},{"id":"8","name":"NAIROBI","countryId":"2","location":"Nairobi","supervisorId":"3","createdBy":"1","ts":"2017-07-05 00:00:00","active":"1"},{"id":"9","name":"MOMBASA","countryId":"2","location":"Mombasa","supervisorId":"3","createdBy":"1","ts":"2017-07-05 00:00:00","active":"1"},{"id":"10","name":"DUBAI","countryId":"6","location":"Dubai","supervisorId":"3","createdBy":"1","ts":"2017-07-05 00:00:00","active":"1"},{"id":"11","name":"CHINA","countryId":"5","location":"China","supervisorId":"3","createdBy":"3","ts":"2017-07-05 13:23:17","active":"1"}],"countries":[{"id":"1","name":"UGANDA","createdBy":"1","ts":"2017-06-25 23:13:31","active":"1"},{"id":"2","name":"KENYA","createdBy":"1","ts":"2017-06-26 09:02:45","active":"1"},{"id":"3","name":"TZ","createdBy":"1","ts":"2017-06-28 11:11:53","active":"1"},{"id":"4","name":"CONGO","createdBy":"1","ts":"2017-06-28 11:26:11","active":"1"},{"id":"5","name":"CHINA","createdBy":"1","ts":"2017-06-28 11:30:01","active":"1"},{"id":"6","name":"UAE","createdBy":"1","ts":"2017-07-05 00:00:00","active":"1"}],"ids":[[{"id":"1","name":"Passport","createdBy":"1","ts":"2017-06-28 14:00:01","active":"1"},{"id":"2","name":"National ID","createdBy":"1","ts":"2017-06-28 14:00:01","active":"1"},{"id":"3","name":"STUDENTS ID","createdBy":"1","ts":"2017-06-28 16:21:46","active":"1"}]],"users":[{"id":"1","firstName":"You","surname":"Jinshu","email":"hudsonbogere@swipeit.co.ug","phone":"256783131266","userName":"you","branchId":"0","userTypeId":"1","password":"$2y$10$pPGbhJ1RXx\/ug.ED3LnsQuKHJTqwYsa\/iF0OqGOgsjflkHKIDTLVq","sessionId":"","ipAddress":"197.239.37.240","createdBy":null,"ts":"2017-06-23 15:08:12","active":"1"},{"id":"2","firstName":"Nansubuga","surname":"Dorothy","email":"henry@gmail.com","phone":"256752284441","userName":"dorah","branchId":"8","userTypeId":"3","password":"$2y$10$m72Zz8Z.h4\/Zp6TFDhmbXeQ79kZ7JJ2U0yLUanc0dDVxbc.5UPkRG","sessionId":null,"ipAddress":null,"createdBy":"1","ts":"2017-06-26 19:11:07","active":"1"},{"id":"3","firstName":"Lydia","surname":"Amoi","email":"islam@gmail.com","phone":"256777608310","userName":"lydia","branchId":"6","userTypeId":"2","password":"$2y$10$m72Zz8Z.h4\/Zp6TFDhmbXeQ79kZ7JJ2U0yLUanc0dDVxbc.5UPkRG","sessionId":"","ipAddress":"197.239.37.240","createdBy":"1","ts":"2017-06-26 19:41:01","active":"1"},{"id":"4","firstName":"Nabukera","surname":"Maria","email":"banerd@tfb.com","phone":"256774457813","userName":"maria","branchId":"5","userTypeId":"3","password":"$2y$10$wTpUE\/WJFMfQaBglrQocTO9ndV6dbxL2vzFDEJZ1hpVVp4binpXGO","sessionId":"750GLFiZXDoNJR8FBVJ3lg8oLwIKbis7","ipAddress":"160.242.143.167","createdBy":"1","ts":"2017-06-26 23:04:07","active":"1"},{"id":"5","firstName":"Henry","surname":"Bbosa","email":null,"phone":null,"userName":"henry","branchId":"11","userTypeId":"3","password":"$2y$10$m72Zz8Z.h4\/Zp6TFDhmbXeQ79kZ7JJ2U0yLUanc0dDVxbc.5UPkRG","sessionId":null,"ipAddress":null,"createdBy":"1","ts":"2017-07-05 00:00:00","active":"1"}],"accounts":[{"id":"15","name":"KINSHASHA-RMB Account","branchId":"5","currency_id":"1"},{"id":"16","name":"KINSHASHA-USD Account","branchId":"5","currency_id":"2"},{"id":"17","name":"KINSHASHA-DIRHAM Account","branchId":"5","currency_id":"3"},{"id":"18","name":"KINSHASHA-UGX Account","branchId":"5","currency_id":"4"},{"id":"19","name":"KINSHASHA-KSH Account","branchId":"5","currency_id":"5"},{"id":"20","name":"OASIS MALL-RMB Account","branchId":"6","currency_id":"1"},{"id":"21","name":"OASIS MALL-USD Account","branchId":"6","currency_id":"2"},{"id":"22","name":"OASIS MALL-DIRHAM Account","branchId":"6","currency_id":"3"},{"id":"23","name":"OASIS MALL-UGX Account","branchId":"6","currency_id":"4"},{"id":"24","name":"OASIS MALL-KSH Account","branchId":"6","currency_id":"5"},{"id":"27","name":"CHINA-RMB Account","branchId":"11","currency_id":"1"},{"id":"28","name":"CHINA-USD Account","branchId":"11","currency_id":"2"},{"id":"29","name":"CHINA-DIRHAM Account","branchId":"11","currency_id":"3"},{"id":"30","name":"CHINA-UGX Account","branchId":"11","currency_id":"4"},{"id":"31","name":"CHINA-KSH Account","branchId":"11","currency_id":"5"}],"currencies":[{"id":"1","name":"RMB","symbol":"\u00c2\u00a5","createdBy":"1","ts":"2017-06-27 22:45:12","active":"1"},{"id":"2","name":"USD","symbol":"$","createdBy":"1","ts":"2017-06-27 22:45:12","active":"1"},{"id":"3","name":"DIRHAM","symbol":"","createdBy":"1","ts":"2017-06-28 11:40:09","active":"1"},{"id":"4","name":"UGX","symbol":"\/=","createdBy":"1","ts":"2017-06-28 11:46:50","active":"1"},{"id":"5","name":"KSH","symbol":"","createdBy":"1","ts":"2017-06-28 11:46:50","active":"1"}],"superaccount":[{"id":"1","name":"RMB Account","branchId":"0","type_id":"4","currency_id":"1","balance":"0","createdBy":"1","active":"1","ts":"2017-06-27 22:45:12"}],"accountTypes":[{"id":"1","type":"Transfer","description":"","createdBy":"1","ts":"2017-06-28 14:31:12","active":"1"},{"id":"2","type":"Suspense","description":"","createdBy":"1","ts":"2017-06-28 14:31:12","active":"1"},{"id":"4","type":"Super","description":"","createdBy":"1","ts":"2017-06-28 14:31:12","active":"1"}],"userTypes":[{"id":"1","name":"E-Value Admin","level":"1","ts":"2017-06-27 22:45:12","active":"1"},{"id":"2","name":"Super User","level":"2","ts":"2017-06-27 22:45:12","active":"1"},{"id":"3","name":"Agent","level":"3","ts":"2017-06-27 22:45:12","active":"1"},{"id":"4","name":"System Admin","level":"4","ts":"2017-06-27 22:45:12","active":"1"}]},"success":1}
