2017-07-12 19:40:05 ---- New Request ----
2017-07-12 19:40:05 Controller : Users
2017-07-12 19:40:05 Method : loginAction
2017-07-12 19:40:05 Controller File : controllers/Users.class.php, Exists
2017-07-12 19:40:05 Class constructed
2017-07-12 19:40:05 Login Params ;Username :
Password : 
2017-07-12 19:40:05 SELECT SQL : SELECT id,firstName,surname,userName,userTypeId,sessionId,password,active,branchId FROM users WHERE  userName = ''  
2017-07-12 19:40:05 Response : {"success":0,"errormsg":"Login Failed. Wrong Username."}
2017-07-12 19:40:15 ---- New Request ----
2017-07-12 19:40:15 Controller : Users
2017-07-12 19:40:15 Method : loginAction
2017-07-12 19:40:15 Controller File : controllers/Users.class.php, Exists
2017-07-12 19:40:15 Class constructed
2017-07-12 19:40:15 Login Params ;Username :
Password : 
2017-07-12 19:40:15 SELECT SQL : SELECT id,firstName,surname,userName,userTypeId,sessionId,password,active,branchId FROM users WHERE  userName = ''  
2017-07-12 19:40:15 Response : {"success":0,"errormsg":"Login Failed. Wrong Username."}
2017-07-12 19:40:19 ---- New Request ----
2017-07-12 19:40:19 Controller : Users
2017-07-12 19:40:19 Method : loginAction
2017-07-12 19:40:19 Controller File : controllers/Users.class.php, Exists
2017-07-12 19:40:19 Class constructed
2017-07-12 19:40:19 Login Params ;Username :
Password : 
2017-07-12 19:40:19 SELECT SQL : SELECT id,firstName,surname,userName,userTypeId,sessionId,password,active,branchId FROM users WHERE  userName = ''  
2017-07-12 19:40:19 Response : {"success":0,"errormsg":"Login Failed. Wrong Username."}
2017-07-12 19:40:21 ---- New Request ----
2017-07-12 19:40:21 Controller : Users
2017-07-12 19:40:21 Method : loginAction
2017-07-12 19:40:21 Controller File : controllers/Users.class.php, Exists
2017-07-12 19:40:21 Class constructed
2017-07-12 19:40:21 Login Params ;Username :
Password : 
2017-07-12 19:40:21 SELECT SQL : SELECT id,firstName,surname,userName,userTypeId,sessionId,password,active,branchId FROM users WHERE  userName = ''  
2017-07-12 19:40:21 Response : {"success":0,"errormsg":"Login Failed. Wrong Username."}
2017-07-12 19:40:23 ---- New Request ----
2017-07-12 19:40:23 Controller : Users
2017-07-12 19:40:23 Method : loginAction
2017-07-12 19:40:23 Controller File : controllers/Users.class.php, Exists
2017-07-12 19:40:23 Class constructed
2017-07-12 19:40:23 Login Params ;Username :
Password : 
2017-07-12 19:40:23 SELECT SQL : SELECT id,firstName,surname,userName,userTypeId,sessionId,password,active,branchId FROM users WHERE  userName = ''  
2017-07-12 19:40:23 Response : {"success":0,"errormsg":"Login Failed. Wrong Username."}
2017-07-12 19:40:24 ---- New Request ----
2017-07-12 19:40:24 Controller : Users
2017-07-12 19:40:24 Method : loginAction
2017-07-12 19:40:24 Controller File : controllers/Users.class.php, Exists
2017-07-12 19:40:24 Class constructed
2017-07-12 19:40:24 Login Params ;Username :
Password : 
2017-07-12 19:40:24 SELECT SQL : SELECT id,firstName,surname,userName,userTypeId,sessionId,password,active,branchId FROM users WHERE  userName = ''  
2017-07-12 19:40:24 Response : {"success":0,"errormsg":"Login Failed. Wrong Username."}
2017-07-12 19:40:24 ---- New Request ----
2017-07-12 19:40:24 Controller : Users
2017-07-12 19:40:24 Method : loginAction
2017-07-12 19:40:24 Controller File : controllers/Users.class.php, Exists
2017-07-12 19:40:24 Class constructed
2017-07-12 19:40:24 Login Params ;Username :
Password : 
2017-07-12 19:40:24 SELECT SQL : SELECT id,firstName,surname,userName,userTypeId,sessionId,password,active,branchId FROM users WHERE  userName = ''  
2017-07-12 19:40:24 Response : {"success":0,"errormsg":"Login Failed. Wrong Username."}
2017-07-12 19:40:24 ---- New Request ----
2017-07-12 19:40:24 Controller : Users
2017-07-12 19:40:24 Method : loginAction
2017-07-12 19:40:24 Controller File : controllers/Users.class.php, Exists
2017-07-12 19:40:24 Class constructed
2017-07-12 19:40:24 Login Params ;Username :
Password : 
2017-07-12 19:40:24 SELECT SQL : SELECT id,firstName,surname,userName,userTypeId,sessionId,password,active,branchId FROM users WHERE  userName = ''  
2017-07-12 19:40:24 Response : {"success":0,"errormsg":"Login Failed. Wrong Username."}
2017-07-12 19:40:24 ---- New Request ----
2017-07-12 19:40:24 Controller : Users
2017-07-12 19:40:24 Method : loginAction
2017-07-12 19:40:24 Controller File : controllers/Users.class.php, Exists
2017-07-12 19:40:24 Class constructed
2017-07-12 19:40:24 Login Params ;Username :
Password : 
2017-07-12 19:40:24 SELECT SQL : SELECT id,firstName,surname,userName,userTypeId,sessionId,password,active,branchId FROM users WHERE  userName = ''  
2017-07-12 19:40:24 Response : {"success":0,"errormsg":"Login Failed. Wrong Username."}
2017-07-12 19:40:25 ---- New Request ----
2017-07-12 19:40:25 Controller : Users
2017-07-12 19:40:25 Method : loginAction
2017-07-12 19:40:25 Controller File : controllers/Users.class.php, Exists
2017-07-12 19:40:25 Class constructed
2017-07-12 19:40:25 Login Params ;Username :
Password : 
2017-07-12 19:40:25 SELECT SQL : SELECT id,firstName,surname,userName,userTypeId,sessionId,password,active,branchId FROM users WHERE  userName = ''  
2017-07-12 19:40:25 Response : {"success":0,"errormsg":"Login Failed. Wrong Username."}
2017-07-12 19:40:25 ---- New Request ----
2017-07-12 19:40:25 Controller : Users
2017-07-12 19:40:25 Method : loginAction
2017-07-12 19:40:25 Controller File : controllers/Users.class.php, Exists
2017-07-12 19:40:25 Class constructed
2017-07-12 19:40:25 Login Params ;Username :
Password : 
2017-07-12 19:40:25 SELECT SQL : SELECT id,firstName,surname,userName,userTypeId,sessionId,password,active,branchId FROM users WHERE  userName = ''  
2017-07-12 19:40:25 Response : {"success":0,"errormsg":"Login Failed. Wrong Username."}
2017-07-12 19:40:25 ---- New Request ----
2017-07-12 19:40:25 Controller : Users
2017-07-12 19:40:25 Method : loginAction
2017-07-12 19:40:25 Controller File : controllers/Users.class.php, Exists
2017-07-12 19:40:25 Class constructed
2017-07-12 19:40:25 Login Params ;Username :
Password : 
2017-07-12 19:40:25 SELECT SQL : SELECT id,firstName,surname,userName,userTypeId,sessionId,password,active,branchId FROM users WHERE  userName = ''  
2017-07-12 19:40:25 Response : {"success":0,"errormsg":"Login Failed. Wrong Username."}
2017-07-12 19:40:26 ---- New Request ----
2017-07-12 19:40:26 Controller : Users
2017-07-12 19:40:26 Method : loginAction
2017-07-12 19:40:26 Controller File : controllers/Users.class.php, Exists
2017-07-12 19:40:26 Class constructed
2017-07-12 19:40:26 Login Params ;Username :
Password : 
2017-07-12 19:40:26 SELECT SQL : SELECT id,firstName,surname,userName,userTypeId,sessionId,password,active,branchId FROM users WHERE  userName = ''  
2017-07-12 19:40:26 Response : {"success":0,"errormsg":"Login Failed. Wrong Username."}
2017-07-12 19:40:26 ---- New Request ----
2017-07-12 19:40:26 Controller : Users
2017-07-12 19:40:26 Method : loginAction
2017-07-12 19:40:26 Controller File : controllers/Users.class.php, Exists
2017-07-12 19:40:26 Class constructed
2017-07-12 19:40:26 Login Params ;Username :
Password : 
2017-07-12 19:40:26 SELECT SQL : SELECT id,firstName,surname,userName,userTypeId,sessionId,password,active,branchId FROM users WHERE  userName = ''  
2017-07-12 19:40:26 Response : {"success":0,"errormsg":"Login Failed. Wrong Username."}
2017-07-12 19:40:27 ---- New Request ----
2017-07-12 19:40:27 Controller : Users
2017-07-12 19:40:27 Method : loginAction
2017-07-12 19:40:27 Controller File : controllers/Users.class.php, Exists
2017-07-12 19:40:27 Class constructed
2017-07-12 19:40:27 Login Params ;Username :
Password : 
2017-07-12 19:40:27 SELECT SQL : SELECT id,firstName,surname,userName,userTypeId,sessionId,password,active,branchId FROM users WHERE  userName = ''  
2017-07-12 19:40:27 Response : {"success":0,"errormsg":"Login Failed. Wrong Username."}
2017-07-12 19:40:27 ---- New Request ----
2017-07-12 19:40:27 Controller : Users
2017-07-12 19:40:27 Method : loginAction
2017-07-12 19:40:27 Controller File : controllers/Users.class.php, Exists
2017-07-12 19:40:27 Class constructed
2017-07-12 19:40:27 Login Params ;Username :
Password : 
2017-07-12 19:40:27 SELECT SQL : SELECT id,firstName,surname,userName,userTypeId,sessionId,password,active,branchId FROM users WHERE  userName = ''  
2017-07-12 19:40:27 Response : {"success":0,"errormsg":"Login Failed. Wrong Username."}
2017-07-12 19:40:27 ---- New Request ----
2017-07-12 19:40:27 Controller : Users
2017-07-12 19:40:27 Method : loginAction
2017-07-12 19:40:27 Controller File : controllers/Users.class.php, Exists
2017-07-12 19:40:27 Class constructed
2017-07-12 19:40:27 Login Params ;Username :
Password : 
2017-07-12 19:40:27 SELECT SQL : SELECT id,firstName,surname,userName,userTypeId,sessionId,password,active,branchId FROM users WHERE  userName = ''  
2017-07-12 19:40:27 Response : {"success":0,"errormsg":"Login Failed. Wrong Username."}
2017-07-12 19:40:27 ---- New Request ----
2017-07-12 19:40:27 Controller : Users
2017-07-12 19:40:27 Method : loginAction
2017-07-12 19:40:27 Controller File : controllers/Users.class.php, Exists
2017-07-12 19:40:27 Class constructed
2017-07-12 19:40:27 Login Params ;Username :
Password : 
2017-07-12 19:40:27 SELECT SQL : SELECT id,firstName,surname,userName,userTypeId,sessionId,password,active,branchId FROM users WHERE  userName = ''  
2017-07-12 19:40:27 Response : {"success":0,"errormsg":"Login Failed. Wrong Username."}
2017-07-12 19:50:04 ---- New Request ----
2017-07-12 19:50:04 Controller : Users
2017-07-12 19:50:04 Method : loginAction
2017-07-12 19:50:04 Controller File : controllers/Users.class.php, Exists
2017-07-12 19:50:04 Class constructed
2017-07-12 19:50:04 Login Params ;Username :
Password : 
2017-07-12 19:50:04 SELECT SQL : SELECT id,firstName,surname,userName,userTypeId,sessionId,password,active,branchId FROM users WHERE  userName = ''  
2017-07-12 19:50:04 Response : {"success":0,"errormsg":"Login Failed. Wrong Username."}
2017-07-12 19:50:08 ---- New Request ----
2017-07-12 19:50:08 Controller : Users
2017-07-12 19:50:08 Method : loginAction
2017-07-12 19:50:08 Controller File : controllers/Users.class.php, Exists
2017-07-12 19:50:08 Class constructed
2017-07-12 19:50:08 Login Params ;Username :gdfgdfhef
Password : ******
2017-07-12 19:50:08 SELECT SQL : SELECT id,firstName,surname,userName,userTypeId,sessionId,password,active,branchId FROM users WHERE  userName = 'gdfgdfhef'  
2017-07-12 19:50:08 Response : {"success":0,"errormsg":"Login Failed. Wrong Username."}
2017-07-12 19:52:23 ---- New Request ----
2017-07-12 19:52:23 Controller : Users
2017-07-12 19:52:23 Method : loginAction
2017-07-12 19:52:23 Controller File : controllers/Users.class.php, Exists
2017-07-12 19:52:23 Class constructed
2017-07-12 19:52:23 Login Params ;Username :
Password : 
2017-07-12 19:52:23 SELECT SQL : SELECT id,firstName,surname,userName,userTypeId,sessionId,password,active,branchId FROM users WHERE  userName = ''  
2017-07-12 19:52:23 Response : {"success":0,"errormsg":"Login Failed. Wrong Username."}
2017-07-12 19:52:27 ---- New Request ----
2017-07-12 19:52:27 Controller : Users
2017-07-12 19:52:27 Method : loginAction
2017-07-12 19:52:27 Controller File : controllers/Users.class.php, Exists
2017-07-12 19:52:27 Class constructed
2017-07-12 19:52:27 Login Params ;Username :
Password : 
2017-07-12 19:52:27 SELECT SQL : SELECT id,firstName,surname,userName,userTypeId,sessionId,password,active,branchId FROM users WHERE  userName = ''  
2017-07-12 19:52:27 Response : {"success":0,"errormsg":"Login Failed. Wrong Username."}
2017-07-12 19:52:28 ---- New Request ----
2017-07-12 19:52:28 Controller : Users
2017-07-12 19:52:28 Method : loginAction
2017-07-12 19:52:28 Controller File : controllers/Users.class.php, Exists
2017-07-12 19:52:28 Class constructed
2017-07-12 19:52:28 Login Params ;Username :
Password : 
2017-07-12 19:52:28 SELECT SQL : SELECT id,firstName,surname,userName,userTypeId,sessionId,password,active,branchId FROM users WHERE  userName = ''  
2017-07-12 19:52:28 Response : {"success":0,"errormsg":"Login Failed. Wrong Username."}
2017-07-12 19:53:03 ---- New Request ----
2017-07-12 19:53:03 Controller : Users
2017-07-12 19:53:03 Method : loginAction
2017-07-12 19:53:03 Controller File : controllers/Users.class.php, Exists
2017-07-12 19:53:03 Class constructed
2017-07-12 19:53:03 Login Params ;Username :lydia
Password : ******
2017-07-12 19:53:03 SELECT SQL : SELECT id,firstName,surname,userName,userTypeId,sessionId,password,active,branchId FROM users WHERE  userName = 'lydia'  
2017-07-12 19:53:03 SELECT SQL : SELECT name FROM branches WHERE  id = '6'  
2017-07-12 19:53:03 UPDATE SQL : UPDATE users SET sessionId = 'jpacmu5zgGIfeNUEsoryslI2MktcEmGs',ipAddress = '165.90.8.201' WHERE  id = '3' 
2017-07-12 19:53:03 Response : {"success":1,"data":{"id":"3","firstName":"Lydia","surname":"Amoi","userName":"lydia","userTypeId":"2","sessionId":"jpacmu5zgGIfeNUEsoryslI2MktcEmGs","branchId":"6","branchName":"OASIS MALL"}}
2017-07-12 19:53:06 ---- New Request ----
2017-07-12 19:53:06 Controller : Users
2017-07-12 19:53:06 Method : formsdetailsAction
2017-07-12 19:53:06 Controller File : controllers/Users.class.php, Exists
2017-07-12 19:53:06 Class constructed
2017-07-12 19:53:06 Details Params :
SessionID :jpacmu5zgGIfeNUEsoryslI2MktcEmGs
User ID : 3
2017-07-12 19:53:06 SELECT SQL : SELECT * FROM branches WHERE  active = '1'  
2017-07-12 19:53:06 SELECT SQL : SELECT * FROM countries WHERE  active = '1'  
2017-07-12 19:53:06 SELECT SQL : SELECT * FROM identification WHERE  active = '1'  
2017-07-12 19:53:06 SELECT SQL : SELECT * FROM users WHERE  active = '1'  
2017-07-12 19:53:06 SELECT SQL : SELECT id,name,branchId,currency_id FROM accounts WHERE  active = '1' AND type_id = '1'  
2017-07-12 19:53:06 Balance Update Params :
Branch Id : 5
Account ID : 16
Amount : 0
2017-07-12 19:53:06 SELECT SQL : SELECT * FROM balances WHERE  branchId = '5' AND accountId = '16'  
2017-07-12 19:53:06 SELECT SQL : SELECT * FROM balances WHERE  branchId = '5' AND accountId = '16' AND date = '2017-07-12'  
2017-07-12 19:53:06 UPDATE SQL : UPDATE balances SET closingBalance = '339508' WHERE  branchId = '5' AND accountId = '16' AND date = '2017-07-12' 
2017-07-12 19:53:06 Balance Update Status 2:1
 2017-07-12 19:53:06 Balance Update Params :
Branch Id : 6
Account ID : 20
Amount : 0
2017-07-12 19:53:06 SELECT SQL : SELECT * FROM balances WHERE  branchId = '6' AND accountId = '20'  
2017-07-12 19:53:06 Balance Update Params :
Branch Id : 6
Account ID : 21
Amount : 0
2017-07-12 19:53:06 SELECT SQL : SELECT * FROM balances WHERE  branchId = '6' AND accountId = '21'  
2017-07-12 19:53:06 SELECT SQL : SELECT * FROM balances WHERE  branchId = '6' AND accountId = '21' AND date = '2017-07-12'  
2017-07-12 19:53:06 UPDATE SQL : UPDATE balances SET closingBalance = '162880' WHERE  branchId = '6' AND accountId = '21' AND date = '2017-07-12' 
2017-07-12 19:53:06 Balance Update Status 2:1
 2017-07-12 19:53:06 Balance Update Params :
Branch Id : 6
Account ID : 22
Amount : 0
2017-07-12 19:53:06 SELECT SQL : SELECT * FROM balances WHERE  branchId = '6' AND accountId = '22'  
2017-07-12 19:53:06 Balance Update Params :
Branch Id : 6
Account ID : 23
Amount : 0
2017-07-12 19:53:06 SELECT SQL : SELECT * FROM balances WHERE  branchId = '6' AND accountId = '23'  
2017-07-12 19:53:06 SELECT SQL : SELECT * FROM balances WHERE  branchId = '6' AND accountId = '23' AND date = '2017-07-12'  
2017-07-12 19:53:06 UPDATE SQL : UPDATE balances SET closingBalance = '111321519' WHERE  branchId = '6' AND accountId = '23' AND date = '2017-07-12' 
2017-07-12 19:53:06 Balance Update Status 2:1
 2017-07-12 19:53:06 Balance Update Params :
Branch Id : 6
Account ID : 24
Amount : 0
2017-07-12 19:53:06 SELECT SQL : SELECT * FROM balances WHERE  branchId = '6' AND accountId = '24'  
2017-07-12 19:53:06 Balance Update Params :
Branch Id : 11
Account ID : 27
Amount : 0
2017-07-12 19:53:06 SELECT SQL : SELECT * FROM balances WHERE  branchId = '11' AND accountId = '27'  
2017-07-12 19:53:06 Balance Update Params :
Branch Id : 11
Account ID : 28
Amount : 0
2017-07-12 19:53:06 SELECT SQL : SELECT * FROM balances WHERE  branchId = '11' AND accountId = '28'  
2017-07-12 19:53:06 Balance Update Params :
Branch Id : 12
Account ID : 33
Amount : 0
2017-07-12 19:53:06 SELECT SQL : SELECT * FROM balances WHERE  branchId = '12' AND accountId = '33'  
2017-07-12 19:53:06 SELECT SQL : SELECT * FROM balances WHERE  branchId = '12' AND accountId = '33' AND date = '2017-07-12'  
2017-07-12 19:53:06 UPDATE SQL : UPDATE balances SET closingBalance = '99' WHERE  branchId = '12' AND accountId = '33' AND date = '2017-07-12' 
2017-07-12 19:53:06 Balance Update Status 2:1
 2017-07-12 19:53:06 Balance Update Params :
Branch Id : 12
Account ID : 36
Amount : 0
2017-07-12 19:53:06 SELECT SQL : SELECT * FROM balances WHERE  branchId = '12' AND accountId = '36'  
2017-07-12 19:53:06 SELECT SQL : SELECT * FROM balances WHERE  branchId = '12' AND accountId = '36' AND date = '2017-07-12'  
2017-07-12 19:53:06 UPDATE SQL : UPDATE balances SET closingBalance = '53587' WHERE  branchId = '12' AND accountId = '36' AND date = '2017-07-12' 
2017-07-12 19:53:06 Balance Update Status 2:1
 2017-07-12 19:53:06 Balance Update Params :
Branch Id : 7
Account ID : 37
Amount : 0
2017-07-12 19:53:06 SELECT SQL : SELECT * FROM balances WHERE  branchId = '7' AND accountId = '37'  
2017-07-12 19:53:06 SELECT SQL : SELECT * FROM balances WHERE  branchId = '7' AND accountId = '37' AND date = '2017-07-12'  
2017-07-12 19:53:06 UPDATE SQL : UPDATE balances SET closingBalance = '76125' WHERE  branchId = '7' AND accountId = '37' AND date = '2017-07-12' 
2017-07-12 19:53:06 Balance Update Status 2:1
 2017-07-12 19:53:06 SELECT SQL : SELECT * FROM currencies WHERE  active = '1'  
2017-07-12 19:53:06 SELECT SQL : SELECT * FROM accounts WHERE  active = '1' AND type_id = '4'  
2017-07-12 19:53:06 SELECT SQL : SELECT * FROM account_types WHERE  active = '1'  
2017-07-12 19:53:06 SELECT SQL : SELECT * FROM user_types WHERE  active = '1'  
2017-07-12 19:53:06 Response : {"data":{"branches":[{"id":"5","name":"KINSHASHA","countryId":"4","location":"Patrice Avenue","supervisorId":"3","createdBy":"4","ts":"2017-06-30 00:06:55","active":"1"},{"id":"6","name":"OASIS MALL","countryId":"1","location":"Yusufu Lule Rd","supervisorId":"3","createdBy":"2","ts":"2017-06-30 00:12:08","active":"1"},{"id":"7","name":"GOMA","countryId":"4","location":"Goma","supervisorId":"3","createdBy":"1","ts":"2017-07-05 00:00:00","active":"1"},{"id":"9","name":"MOMBASA","countryId":"2","location":"Mombasa","supervisorId":"3","createdBy":"1","ts":"2017-07-05 00:00:00","active":"1"},{"id":"10","name":"DUBAI","countryId":"6","location":"Dubai","supervisorId":"3","createdBy":"1","ts":"2017-07-05 00:00:00","active":"1"},{"id":"11","name":"CHINA","countryId":"5","location":"China","supervisorId":"3","createdBy":"3","ts":"2017-07-05 13:23:17","active":"1"},{"id":"12","name":"NAIROBI","countryId":"2","location":"Nairobi","supervisorId":"3","createdBy":"3","ts":"2017-07-06 14:12:35","active":"1"}],"countries":[{"id":"1","name":"UGANDA","createdBy":"1","ts":"2017-06-25 23:13:31","active":"1"},{"id":"2","name":"KENYA","createdBy":"1","ts":"2017-06-26 09:02:45","active":"1"},{"id":"3","name":"TZ","createdBy":"1","ts":"2017-06-28 11:11:53","active":"1"},{"id":"4","name":"CONGO","createdBy":"1","ts":"2017-06-28 11:26:11","active":"1"},{"id":"5","name":"CHINA","createdBy":"1","ts":"2017-06-28 11:30:01","active":"1"},{"id":"6","name":"UAE","createdBy":"1","ts":"2017-07-05 00:00:00","active":"1"}],"ids":[[{"id":"1","name":"Passport","createdBy":"1","ts":"2017-06-28 14:00:01","active":"1"},{"id":"2","name":"National ID","createdBy":"1","ts":"2017-06-28 14:00:01","active":"1"},{"id":"3","name":"STUDENTS ID","createdBy":"1","ts":"2017-06-28 16:21:46","active":"1"}]],"users":[{"id":"1","firstName":"You","surname":"Jinshu","email":"hudsonbogere@swipeit.co.ug","phone":"256783131266","userName":"you","branchId":"0","userTypeId":"1","password":"$2y$10$pPGbhJ1RXx\/ug.ED3LnsQuKHJTqwYsa\/iF0OqGOgsjflkHKIDTLVq","sessionId":"","ipAddress":"197.239.37.240","createdBy":null,"ts":"2017-06-23 15:08:12","active":"1"},{"id":"2","firstName":"Nansubuga","surname":"Dorothy","email":"henry@gmail.com","phone":"256752284441","userName":"dorah","branchId":"12","userTypeId":"3","password":"$2y$10$m72Zz8Z.h4\/Zp6TFDhmbXeQ79kZ7JJ2U0yLUanc0dDVxbc.5UPkRG","sessionId":"BOaL3Ql6zeSyyGOsThCo5f2AAVmMGkbk","ipAddress":"197.157.34.187","createdBy":"1","ts":"2017-06-26 19:11:07","active":"1"},{"id":"3","firstName":"Lydia","surname":"Amoi","email":"islam@gmail.com","phone":"256777608310","userName":"lydia","branchId":"6","userTypeId":"2","password":"$2y$10$m72Zz8Z.h4\/Zp6TFDhmbXeQ79kZ7JJ2U0yLUanc0dDVxbc.5UPkRG","sessionId":"jpacmu5zgGIfeNUEsoryslI2MktcEmGs","ipAddress":"165.90.8.201","createdBy":"1","ts":"2017-06-26 19:41:01","active":"1"},{"id":"4","firstName":"Nabukera","surname":"Maria","email":"banerd@tfb.com","phone":"256774457813","userName":"maria","branchId":"5","userTypeId":"3","password":"$2y$10$wTpUE\/WJFMfQaBglrQocTO9ndV6dbxL2vzFDEJZ1hpVVp4binpXGO","sessionId":"","ipAddress":"197.157.34.185","createdBy":"1","ts":"2017-06-26 23:04:07","active":"1"},{"id":"5","firstName":"Henry","surname":"Bbosa","email":null,"phone":null,"userName":"henry","branchId":"11","userTypeId":"3","password":"$2y$10$m72Zz8Z.h4\/Zp6TFDhmbXeQ79kZ7JJ2U0yLUanc0dDVxbc.5UPkRG","sessionId":"","ipAddress":"197.157.34.185","createdBy":"1","ts":"2017-07-05 00:00:00","active":"1"},{"id":"6","firstName":"Edwin","surname":"Kakeeto","email":"edwin@edwin.com","phone":"0777777557","userName":"edwin","branchId":"7","userTypeId":"3","password":"$2y$10$m72Zz8Z.h4\/Zp6TFDhmbXeQ79kZ7JJ2U0yLUanc0dDVxbc.5UPkRG","sessionId":"oDOIbW6b3vb1sfh2mtt8INXZphjbzwZC","ipAddress":"160.242.144.94","createdBy":"3","ts":"2017-07-10 07:37:50","active":"1"}],"accounts":[{"id":"16","name":"KINSHASHA-USD Account","branchId":"5","currency_id":"2"},{"id":"20","name":"OASIS MALL-RMB Account","branchId":"6","currency_id":"1"},{"id":"21","name":"OASIS MALL-USD Account","branchId":"6","currency_id":"2"},{"id":"22","name":"OASIS MALL-DIRHAM Account","branchId":"6","currency_id":"3"},{"id":"23","name":"OASIS MALL-UGX Account","branchId":"6","currency_id":"4"},{"id":"24","name":"OASIS MALL-KSH Account","branchId":"6","currency_id":"5"},{"id":"27","name":"CHINA-RMB Account","branchId":"11","currency_id":"1"},{"id":"28","name":"CHINA-USD Account","branchId":"11","currency_id":"2"},{"id":"33","name":"NAIROBI-USD Account","branchId":"12","currency_id":"2"},{"id":"36","name":"NAIROBI-KSH Account","branchId":"12","currency_id":"5"},{"id":"37","name":"GOMA-USD ACCOUNT","branchId":"7","currency_id":"2"}],"currencies":[{"id":"1","name":"RMB","symbol":"\u00c2\u00a5","createdBy":"1","ts":"2017-06-27 22:45:12","active":"1"},{"id":"2","name":"USD","symbol":"$","createdBy":"1","ts":"2017-06-27 22:45:12","active":"1"},{"id":"3","name":"DIRHAM","symbol":"","createdBy":"1","ts":"2017-06-28 11:40:09","active":"1"},{"id":"4","name":"UGX","symbol":"\/=","createdBy":"1","ts":"2017-06-28 11:46:50","active":"1"},{"id":"5","name":"KSH","symbol":"","createdBy":"1","ts":"2017-06-28 11:46:50","active":"1"}],"superaccount":[{"id":"1","name":"RMB Account","branchId":"0","type_id":"4","currency_id":"1","balance":"0","createdBy":"1","active":"1","ts":"2017-06-27 22:45:12"}],"accountTypes":[{"id":"1","type":"Transfer","description":"","createdBy":"1","ts":"2017-06-28 14:31:12","active":"1"},{"id":"2","type":"Suspense","description":"","createdBy":"1","ts":"2017-06-28 14:31:12","active":"1"},{"id":"4","type":"Super","description":"","createdBy":"1","ts":"2017-06-28 14:31:12","active":"1"}],"userTypes":[{"id":"1","name":"E-Value Admin","level":"1","ts":"2017-06-27 22:45:12","active":"1"},{"id":"2","name":"Super User","level":"2","ts":"2017-06-27 22:45:12","active":"1"},{"id":"3","name":"Agent","level":"3","ts":"2017-06-27 22:45:12","active":"1"},{"id":"4","name":"System Admin","level":"4","ts":"2017-06-27 22:45:12","active":"1"}]},"success":1}
2017-07-12 19:54:45 ---- New Request ----
2017-07-12 19:54:45 Controller : Transfers
2017-07-12 19:54:45 Method : transfercashoutAction
2017-07-12 19:54:45 Controller File : controllers/Transfers.class.php, Exists
2017-07-12 19:54:45 Class constructed
2017-07-12 19:54:45 Class constructed
2017-07-12 19:54:45 Passcode : 
Transaction Ref : 
UserID : 3
Session ID : jpacmu5zgGIfeNUEsoryslI2MktcEmGs
2017-07-12 19:54:45 SELECT SQL : SELECT sessionId FROM users WHERE  id = '3'  
2017-07-12 19:54:45 SELECT SQL : SELECT * FROM transfers WHERE  transferRef = ''  
2017-07-12 19:54:45 Response : {"success":0,"errormsg":"Sorry your request failed. Reason : Transaction with reference does not exist"}
2017-07-12 19:54:47 ---- New Request ----
2017-07-12 19:54:47 Controller : Transfers
2017-07-12 19:54:47 Method : transfercashoutAction
2017-07-12 19:54:47 Controller File : controllers/Transfers.class.php, Exists
2017-07-12 19:54:47 Class constructed
2017-07-12 19:54:47 Class constructed
2017-07-12 19:54:47 Passcode : 
Transaction Ref : 
UserID : 3
Session ID : jpacmu5zgGIfeNUEsoryslI2MktcEmGs
2017-07-12 19:54:47 SELECT SQL : SELECT sessionId FROM users WHERE  id = '3'  
2017-07-12 19:54:47 SELECT SQL : SELECT * FROM transfers WHERE  transferRef = ''  
2017-07-12 19:54:47 Response : {"success":0,"errormsg":"Sorry your request failed. Reason : Transaction with reference does not exist"}
2017-07-12 19:54:48 ---- New Request ----
2017-07-12 19:54:48 Controller : Transfers
2017-07-12 19:54:48 Method : transfercashoutAction
2017-07-12 19:54:48 Controller File : controllers/Transfers.class.php, Exists
2017-07-12 19:54:48 Class constructed
2017-07-12 19:54:48 Class constructed
2017-07-12 19:54:48 Passcode : 
Transaction Ref : 
UserID : 3
Session ID : jpacmu5zgGIfeNUEsoryslI2MktcEmGs
2017-07-12 19:54:48 SELECT SQL : SELECT sessionId FROM users WHERE  id = '3'  
2017-07-12 19:54:48 SELECT SQL : SELECT * FROM transfers WHERE  transferRef = ''  
2017-07-12 19:54:48 Response : {"success":0,"errormsg":"Sorry your request failed. Reason : Transaction with reference does not exist"}
2017-07-12 19:54:56 ---- New Request ----
2017-07-12 19:54:56 Controller : Transfers
2017-07-12 19:54:56 Method : getbalancesAction
2017-07-12 19:54:56 Controller File : controllers/Transfers.class.php, Exists
2017-07-12 19:54:56 Class constructed
2017-07-12 19:54:56 Class constructed
2017-07-12 19:54:56 UserID : 3
SessionId : jpacmu5zgGIfeNUEsoryslI2MktcEmGs
Branch ID : 9
Date : 
2017-07-12 19:54:56 SELECT SQL : SELECT sessionId,branchId,userTypeId FROM users WHERE  id = '3'  
2017-07-12 19:54:56 SELECT SQL : SELECT closingBalance,openingBalance,accountId,branchId,date FROM balances WHERE  date = '2017-07-12' AND branchId = '9'  
2017-07-12 19:54:56 Response : {"success":1,"data":[]}
2017-07-12 19:55:01 ---- New Request ----
2017-07-12 19:55:01 Controller : Transfers
2017-07-12 19:55:01 Method : getbalancesAction
2017-07-12 19:55:01 Controller File : controllers/Transfers.class.php, Exists
2017-07-12 19:55:01 Class constructed
2017-07-12 19:55:01 Class constructed
2017-07-12 19:55:01 UserID : 3
SessionId : jpacmu5zgGIfeNUEsoryslI2MktcEmGs
Branch ID : 6
Date : 
2017-07-12 19:55:01 SELECT SQL : SELECT sessionId,branchId,userTypeId FROM users WHERE  id = '3'  
2017-07-12 19:55:01 SELECT SQL : SELECT closingBalance,openingBalance,accountId,branchId,date FROM balances WHERE  date = '2017-07-12' AND branchId = '6'  
2017-07-12 19:55:01 SELECT SQL : SELECT name FROM accounts WHERE  id = '21'  
2017-07-12 19:55:01 SELECT SQL : SELECT name FROM branches WHERE  id = '6'  
2017-07-12 19:55:01 SELECT SQL : SELECT name FROM accounts WHERE  id = '23'  
2017-07-12 19:55:01 SELECT SQL : SELECT name FROM branches WHERE  id = '6'  
2017-07-12 19:55:01 Response : {"success":1,"data":[{"closingBalance":"162880","openingBalance":"162880","accountId":"21","branchId":"6","date":"2017-07-12","accountName":"OASIS MALL-USD Account","branchName":"OASIS MALL"},{"closingBalance":"111321519","openingBalance":"111321519","accountId":"23","branchId":"6","date":"2017-07-12","accountName":"OASIS MALL-UGX Account","branchName":"OASIS MALL"}]}
2017-07-12 19:57:35 ---- New Request ----
2017-07-12 19:57:35 Controller : Transfers
2017-07-12 19:57:35 Method : credittransferaccountAction
2017-07-12 19:57:35 Controller File : controllers/Transfers.class.php, Exists
2017-07-12 19:57:35 Class constructed
2017-07-12 19:57:35 Class constructed
2017-07-12 19:57:35 Credit Transfer Account Params:
Amount : 55
Exchange Rate : 3
AccountId : 28
Amount After Xchange : 165
Password : 
Userid : 3
SessionID : jpacmu5zgGIfeNUEsoryslI2MktcEmGs
2017-07-12 19:57:35 SELECT SQL : SELECT * FROM users WHERE  id = '3'  
2017-07-12 19:57:35 SELECT SQL : SELECT * FROM settings WHERE  name = 'RNBAccount'  
2017-07-12 19:57:35 INSERT SQL : INSERT INTO account_transfers  (ts,type,amount,createdBy,toId,fromId,userId,exchangeRate,amountAfterXchange)  VALUES(NOW(),'transfer','55','3','28','1','3','3','165')
2017-07-12 19:57:35 SELECT SQL : SELECT * FROM accounts WHERE  id = '28'  
2017-07-12 19:57:35 Balance Update Params :
Branch Id : 11
Account ID : 28
Amount : 165
2017-07-12 19:57:35 SELECT SQL : SELECT * FROM balances WHERE  branchId = '11' AND accountId = '28'  
2017-07-12 19:57:35 INSERT SQL : INSERT INTO balances  (ts,branchId,accountId,openingBalance,closingBalance,date)  VALUES(NOW(),'11','28','165','165','2017-07-12')
2017-07-12 19:57:35 Balance Create Insert ID :7
 2017-07-12 19:57:35 Response : {"success":1,"data":"Your request was processed successfully"}
