2017-07-06 16:44:02 ---- New Request ----
2017-07-06 16:44:02 Controller : Users
2017-07-06 16:44:02 Method : loginAction
2017-07-06 16:44:02 Controller File : controllers/Users.class.php, Exists
2017-07-06 16:44:02 Class constructed
2017-07-06 16:44:02 Login Params ;Username :lydia
Password : ******
2017-07-06 16:44:02 SELECT SQL : SELECT id,firstName,surname,userName,userTypeId,sessionId,password,active,branchId FROM users WHERE  userName = 'lydia'  
2017-07-06 16:44:03 SELECT SQL : SELECT name FROM branches WHERE  id = '6'  
2017-07-06 16:44:03 UPDATE SQL : UPDATE users SET sessionId = 'bVbu6CU0YTg3oH4bVOJIItELLmUVZVlW',ipAddress = '197.157.34.185' WHERE  id = '3' 
2017-07-06 16:44:03 Response : {"success":1,"data":{"id":"3","firstName":"Lydia","surname":"Amoi","userName":"lydia","userTypeId":"2","sessionId":"bVbu6CU0YTg3oH4bVOJIItELLmUVZVlW","branchId":"6","branchName":"OASIS MALL"}}
2017-07-06 16:44:03 ---- New Request ----
2017-07-06 16:44:03 Controller : Users
2017-07-06 16:44:03 Method : loginAction
2017-07-06 16:44:03 Controller File : controllers/Users.class.php, Exists
2017-07-06 16:44:03 Class constructed
2017-07-06 16:44:03 Login Params ;Username :lydia
Password : ******
2017-07-06 16:44:03 SELECT SQL : SELECT id,firstName,surname,userName,userTypeId,sessionId,password,active,branchId FROM users WHERE  userName = 'lydia'  
2017-07-06 16:44:03 SELECT SQL : SELECT name FROM branches WHERE  id = '6'  
2017-07-06 16:44:03 UPDATE SQL : UPDATE users SET sessionId = 'mF6VNulYKJWhUj86PjUybIG1Kkvvljf6',ipAddress = '197.157.34.185' WHERE  id = '3' 
2017-07-06 16:44:03 Response : {"success":1,"data":{"id":"3","firstName":"Lydia","surname":"Amoi","userName":"lydia","userTypeId":"2","sessionId":"mF6VNulYKJWhUj86PjUybIG1Kkvvljf6","branchId":"6","branchName":"OASIS MALL"}}
2017-07-06 16:44:05 ---- New Request ----
2017-07-06 16:44:05 Controller : Users
2017-07-06 16:44:05 Method : loginAction
2017-07-06 16:44:05 Controller File : controllers/Users.class.php, Exists
2017-07-06 16:44:05 Class constructed
2017-07-06 16:44:05 Login Params ;Username :lydia
Password : ******
2017-07-06 16:44:05 SELECT SQL : SELECT id,firstName,surname,userName,userTypeId,sessionId,password,active,branchId FROM users WHERE  userName = 'lydia'  
2017-07-06 16:44:05 SELECT SQL : SELECT name FROM branches WHERE  id = '6'  
2017-07-06 16:44:05 UPDATE SQL : UPDATE users SET sessionId = 'bgiYFGXTuDX5HSXcK6GAQ6tLvgEcOyvD',ipAddress = '197.157.34.185' WHERE  id = '3' 
2017-07-06 16:44:05 Response : {"success":1,"data":{"id":"3","firstName":"Lydia","surname":"Amoi","userName":"lydia","userTypeId":"2","sessionId":"bgiYFGXTuDX5HSXcK6GAQ6tLvgEcOyvD","branchId":"6","branchName":"OASIS MALL"}}
2017-07-06 16:44:12 ---- New Request ----
2017-07-06 16:44:12 Controller : Users
2017-07-06 16:44:12 Method : loginAction
2017-07-06 16:44:12 Controller File : controllers/Users.class.php, Exists
2017-07-06 16:44:12 Class constructed
2017-07-06 16:44:12 Login Params ;Username :lydia
Password : ******
2017-07-06 16:44:12 SELECT SQL : SELECT id,firstName,surname,userName,userTypeId,sessionId,password,active,branchId FROM users WHERE  userName = 'lydia'  
2017-07-06 16:44:12 SELECT SQL : SELECT name FROM branches WHERE  id = '6'  
2017-07-06 16:44:12 UPDATE SQL : UPDATE users SET sessionId = 'KdECuVkST04JB35awt6bsKe16yk54lVC',ipAddress = '197.157.34.185' WHERE  id = '3' 
2017-07-06 16:44:12 Response : {"success":1,"data":{"id":"3","firstName":"Lydia","surname":"Amoi","userName":"lydia","userTypeId":"2","sessionId":"KdECuVkST04JB35awt6bsKe16yk54lVC","branchId":"6","branchName":"OASIS MALL"}}
2017-07-06 16:44:15 ---- New Request ----
2017-07-06 16:44:15 Controller : Users
2017-07-06 16:44:15 Method : loginAction
2017-07-06 16:44:15 Controller File : controllers/Users.class.php, Exists
2017-07-06 16:44:15 Class constructed
2017-07-06 16:44:15 Login Params ;Username :maria
Password : ******
2017-07-06 16:44:15 SELECT SQL : SELECT id,firstName,surname,userName,userTypeId,sessionId,password,active,branchId FROM users WHERE  userName = 'maria'  
2017-07-06 16:44:15 SELECT SQL : SELECT name FROM branches WHERE  id = '5'  
2017-07-06 16:44:15 UPDATE SQL : UPDATE users SET sessionId = 'oQgIBnb3cWES8goQoDFD1xM5rBCjUksW',ipAddress = '197.157.34.185' WHERE  id = '4' 
2017-07-06 16:44:15 Response : {"success":1,"data":{"id":"4","firstName":"Nabukera","surname":"Maria","userName":"maria","userTypeId":"3","sessionId":"oQgIBnb3cWES8goQoDFD1xM5rBCjUksW","branchId":"5","branchName":"KINSHASHA"}}
2017-07-06 16:44:16 ---- New Request ----
2017-07-06 16:44:16 Controller : Users
2017-07-06 16:44:16 Method : loginAction
2017-07-06 16:44:16 Controller File : controllers/Users.class.php, Exists
2017-07-06 16:44:16 Class constructed
2017-07-06 16:44:16 Login Params ;Username :maria
Password : ******
2017-07-06 16:44:16 SELECT SQL : SELECT id,firstName,surname,userName,userTypeId,sessionId,password,active,branchId FROM users WHERE  userName = 'maria'  
2017-07-06 16:44:16 SELECT SQL : SELECT name FROM branches WHERE  id = '5'  
2017-07-06 16:44:16 UPDATE SQL : UPDATE users SET sessionId = 'VfehxApuRFCR6vC7GE0gPGAqTFJbZ27k',ipAddress = '197.157.34.185' WHERE  id = '4' 
2017-07-06 16:44:16 Response : {"success":1,"data":{"id":"4","firstName":"Nabukera","surname":"Maria","userName":"maria","userTypeId":"3","sessionId":"VfehxApuRFCR6vC7GE0gPGAqTFJbZ27k","branchId":"5","branchName":"KINSHASHA"}}
2017-07-06 16:44:18 ---- New Request ----
2017-07-06 16:44:18 Controller : Users
2017-07-06 16:44:18 Method : formsdetailsAction
2017-07-06 16:44:18 Controller File : controllers/Users.class.php, Exists
2017-07-06 16:44:18 Class constructed
2017-07-06 16:44:18 Details Params :
SessionID :VfehxApuRFCR6vC7GE0gPGAqTFJbZ27k
User ID : 4
2017-07-06 16:44:18 SELECT SQL : SELECT * FROM branches WHERE  active = '1'  
2017-07-06 16:44:18 SELECT SQL : SELECT * FROM countries WHERE  active = '1'  
2017-07-06 16:44:18 SELECT SQL : SELECT * FROM identification WHERE  active = '1'  
2017-07-06 16:44:18 SELECT SQL : SELECT * FROM users WHERE  active = '1'  
2017-07-06 16:44:18 SELECT SQL : SELECT id,name,branchId,currency_id FROM accounts WHERE  active = '1' AND type_id = '1'  
2017-07-06 16:44:18 Balance Update Params :
Branch Id : 5
Account ID : 15
Amount : 0
2017-07-06 16:44:18 SELECT SQL : SELECT * FROM balances WHERE  branchId = '5' AND accountId = '15'  
2017-07-06 16:44:18 Balance Update Params :
Branch Id : 5
Account ID : 16
Amount : 0
2017-07-06 16:44:18 SELECT SQL : SELECT * FROM balances WHERE  branchId = '5' AND accountId = '16'  
2017-07-06 16:44:18 SELECT SQL : SELECT * FROM balances WHERE  branchId = '5' AND accountId = '16' AND date = '2017-07-06'  
2017-07-06 16:44:18 UPDATE SQL : UPDATE balances SET closingBalance = '20' WHERE  branchId = '5' AND accountId = '16' AND date = '2017-07-06' 
2017-07-06 16:44:18 Balance Update Status 2:1
 2017-07-06 16:44:18 Balance Update Params :
Branch Id : 5
Account ID : 17
Amount : 0
2017-07-06 16:44:18 SELECT SQL : SELECT * FROM balances WHERE  branchId = '5' AND accountId = '17'  
2017-07-06 16:44:18 Balance Update Params :
Branch Id : 5
Account ID : 18
Amount : 0
2017-07-06 16:44:18 SELECT SQL : SELECT * FROM balances WHERE  branchId = '5' AND accountId = '18'  
2017-07-06 16:44:18 Balance Update Params :
Branch Id : 5
Account ID : 19
Amount : 0
2017-07-06 16:44:18 SELECT SQL : SELECT * FROM balances WHERE  branchId = '5' AND accountId = '19'  
2017-07-06 16:44:18 Balance Update Params :
Branch Id : 6
Account ID : 20
Amount : 0
2017-07-06 16:44:18 SELECT SQL : SELECT * FROM balances WHERE  branchId = '6' AND accountId = '20'  
2017-07-06 16:44:18 Balance Update Params :
Branch Id : 6
Account ID : 21
Amount : 0
2017-07-06 16:44:18 SELECT SQL : SELECT * FROM balances WHERE  branchId = '6' AND accountId = '21'  
2017-07-06 16:44:18 SELECT SQL : SELECT * FROM balances WHERE  branchId = '6' AND accountId = '21' AND date = '2017-07-06'  
2017-07-06 16:44:18 UPDATE SQL : UPDATE balances SET closingBalance = '-20' WHERE  branchId = '6' AND accountId = '21' AND date = '2017-07-06' 
2017-07-06 16:44:18 Balance Update Status 2:1
 2017-07-06 16:44:18 Balance Update Params :
Branch Id : 6
Account ID : 22
Amount : 0
2017-07-06 16:44:18 SELECT SQL : SELECT * FROM balances WHERE  branchId = '6' AND accountId = '22'  
2017-07-06 16:44:18 Balance Update Params :
Branch Id : 6
Account ID : 23
Amount : 0
2017-07-06 16:44:18 SELECT SQL : SELECT * FROM balances WHERE  branchId = '6' AND accountId = '23'  
2017-07-06 16:44:18 Balance Update Params :
Branch Id : 6
Account ID : 24
Amount : 0
2017-07-06 16:44:18 SELECT SQL : SELECT * FROM balances WHERE  branchId = '6' AND accountId = '24'  
2017-07-06 16:44:18 Balance Update Params :
Branch Id : 11
Account ID : 27
Amount : 0
2017-07-06 16:44:18 SELECT SQL : SELECT * FROM balances WHERE  branchId = '11' AND accountId = '27'  
2017-07-06 16:44:18 Balance Update Params :
Branch Id : 11
Account ID : 28
Amount : 0
2017-07-06 16:44:18 SELECT SQL : SELECT * FROM balances WHERE  branchId = '11' AND accountId = '28'  
2017-07-06 16:44:18 Balance Update Params :
Branch Id : 11
Account ID : 29
Amount : 0
2017-07-06 16:44:18 SELECT SQL : SELECT * FROM balances WHERE  branchId = '11' AND accountId = '29'  
2017-07-06 16:44:18 Balance Update Params :
Branch Id : 11
Account ID : 30
Amount : 0
2017-07-06 16:44:18 SELECT SQL : SELECT * FROM balances WHERE  branchId = '11' AND accountId = '30'  
2017-07-06 16:44:18 Balance Update Params :
Branch Id : 11
Account ID : 31
Amount : 0
2017-07-06 16:44:18 SELECT SQL : SELECT * FROM balances WHERE  branchId = '11' AND accountId = '31'  
2017-07-06 16:44:18 SELECT SQL : SELECT * FROM currencies WHERE  active = '1'  
2017-07-06 16:44:18 SELECT SQL : SELECT * FROM accounts WHERE  active = '1' AND type_id = '4'  
2017-07-06 16:44:18 SELECT SQL : SELECT * FROM account_types WHERE  active = '1'  
2017-07-06 16:44:18 SELECT SQL : SELECT * FROM user_types WHERE  active = '1'  
2017-07-06 16:44:18 Response : {"data":{"branches":[{"id":"5","name":"KINSHASHA","countryId":"4","location":"Patrice Avenue","supervisorId":"3","createdBy":"4","ts":"2017-06-30 00:06:55","active":"1"},{"id":"6","name":"OASIS MALL","countryId":"1","location":"Yusufu Lule Rd","supervisorId":"3","createdBy":"2","ts":"2017-06-30 00:12:08","active":"1"},{"id":"7","name":"GOMA","countryId":"4","location":"Goma","supervisorId":"3","createdBy":"1","ts":"2017-07-05 00:00:00","active":"1"},{"id":"8","name":"NAIROBI","countryId":"2","location":"Nairobi","supervisorId":"3","createdBy":"1","ts":"2017-07-05 00:00:00","active":"1"},{"id":"9","name":"MOMBASA","countryId":"2","location":"Mombasa","supervisorId":"3","createdBy":"1","ts":"2017-07-05 00:00:00","active":"1"},{"id":"10","name":"DUBAI","countryId":"6","location":"Dubai","supervisorId":"3","createdBy":"1","ts":"2017-07-05 00:00:00","active":"1"},{"id":"11","name":"CHINA","countryId":"5","location":"China","supervisorId":"3","createdBy":"3","ts":"2017-07-05 13:23:17","active":"1"}],"countries":[{"id":"1","name":"UGANDA","createdBy":"1","ts":"2017-06-25 23:13:31","active":"1"},{"id":"2","name":"KENYA","createdBy":"1","ts":"2017-06-26 09:02:45","active":"1"},{"id":"3","name":"TZ","createdBy":"1","ts":"2017-06-28 11:11:53","active":"1"},{"id":"4","name":"CONGO","createdBy":"1","ts":"2017-06-28 11:26:11","active":"1"},{"id":"5","name":"CHINA","createdBy":"1","ts":"2017-06-28 11:30:01","active":"1"},{"id":"6","name":"UAE","createdBy":"1","ts":"2017-07-05 00:00:00","active":"1"}],"ids":[[{"id":"1","name":"Passport","createdBy":"1","ts":"2017-06-28 14:00:01","active":"1"},{"id":"2","name":"National ID","createdBy":"1","ts":"2017-06-28 14:00:01","active":"1"},{"id":"3","name":"STUDENTS ID","createdBy":"1","ts":"2017-06-28 16:21:46","active":"1"}]],"users":[{"id":"1","firstName":"You","surname":"Jinshu","email":"hudsonbogere@swipeit.co.ug","phone":"256783131266","userName":"you","branchId":"0","userTypeId":"1","password":"$2y$10$pPGbhJ1RXx\/ug.ED3LnsQuKHJTqwYsa\/iF0OqGOgsjflkHKIDTLVq","sessionId":"","ipAddress":"197.239.37.240","createdBy":null,"ts":"2017-06-23 15:08:12","active":"1"},{"id":"2","firstName":"Nansubuga","surname":"Dorothy","email":"henry@gmail.com","phone":"256752284441","userName":"dorah","branchId":"8","userTypeId":"3","password":"$2y$10$m72Zz8Z.h4\/Zp6TFDhmbXeQ79kZ7JJ2U0yLUanc0dDVxbc.5UPkRG","sessionId":null,"ipAddress":null,"createdBy":"1","ts":"2017-06-26 19:11:07","active":"1"},{"id":"3","firstName":"Lydia","surname":"Amoi","email":"islam@gmail.com","phone":"256777608310","userName":"lydia","branchId":"6","userTypeId":"2","password":"$2y$10$m72Zz8Z.h4\/Zp6TFDhmbXeQ79kZ7JJ2U0yLUanc0dDVxbc.5UPkRG","sessionId":"KdECuVkST04JB35awt6bsKe16yk54lVC","ipAddress":"197.157.34.185","createdBy":"1","ts":"2017-06-26 19:41:01","active":"1"},{"id":"4","firstName":"Nabukera","surname":"Maria","email":"banerd@tfb.com","phone":"256774457813","userName":"maria","branchId":"5","userTypeId":"3","password":"$2y$10$wTpUE\/WJFMfQaBglrQocTO9ndV6dbxL2vzFDEJZ1hpVVp4binpXGO","sessionId":"VfehxApuRFCR6vC7GE0gPGAqTFJbZ27k","ipAddress":"197.157.34.185","createdBy":"1","ts":"2017-06-26 23:04:07","active":"1"},{"id":"5","firstName":"Henry","surname":"Bbosa","email":null,"phone":null,"userName":"henry","branchId":"11","userTypeId":"3","password":"$2y$10$m72Zz8Z.h4\/Zp6TFDhmbXeQ79kZ7JJ2U0yLUanc0dDVxbc.5UPkRG","sessionId":null,"ipAddress":null,"createdBy":"1","ts":"2017-07-05 00:00:00","active":"1"}],"accounts":[{"id":"15","name":"KINSHASHA-RMB Account","branchId":"5","currency_id":"1"},{"id":"16","name":"KINSHASHA-USD Account","branchId":"5","currency_id":"2"},{"id":"17","name":"KINSHASHA-DIRHAM Account","branchId":"5","currency_id":"3"},{"id":"18","name":"KINSHASHA-UGX Account","branchId":"5","currency_id":"4"},{"id":"19","name":"KINSHASHA-KSH Account","branchId":"5","currency_id":"5"},{"id":"20","name":"OASIS MALL-RMB Account","branchId":"6","currency_id":"1"},{"id":"21","name":"OASIS MALL-USD Account","branchId":"6","currency_id":"2"},{"id":"22","name":"OASIS MALL-DIRHAM Account","branchId":"6","currency_id":"3"},{"id":"23","name":"OASIS MALL-UGX Account","branchId":"6","currency_id":"4"},{"id":"24","name":"OASIS MALL-KSH Account","branchId":"6","currency_id":"5"},{"id":"27","name":"CHINA-RMB Account","branchId":"11","currency_id":"1"},{"id":"28","name":"CHINA-USD Account","branchId":"11","currency_id":"2"},{"id":"29","name":"CHINA-DIRHAM Account","branchId":"11","currency_id":"3"},{"id":"30","name":"CHINA-UGX Account","branchId":"11","currency_id":"4"},{"id":"31","name":"CHINA-KSH Account","branchId":"11","currency_id":"5"}],"currencies":[{"id":"1","name":"RMB","symbol":"\u00c2\u00a5","createdBy":"1","ts":"2017-06-27 22:45:12","active":"1"},{"id":"2","name":"USD","symbol":"$","createdBy":"1","ts":"2017-06-27 22:45:12","active":"1"},{"id":"3","name":"DIRHAM","symbol":"","createdBy":"1","ts":"2017-06-28 11:40:09","active":"1"},{"id":"4","name":"UGX","symbol":"\/=","createdBy":"1","ts":"2017-06-28 11:46:50","active":"1"},{"id":"5","name":"KSH","symbol":"","createdBy":"1","ts":"2017-06-28 11:46:50","active":"1"}],"superaccount":[{"id":"1","name":"RMB Account","branchId":"0","type_id":"4","currency_id":"1","balance":"0","createdBy":"1","active":"1","ts":"2017-06-27 22:45:12"}],"accountTypes":[{"id":"1","type":"Transfer","description":"","createdBy":"1","ts":"2017-06-28 14:31:12","active":"1"},{"id":"2","type":"Suspense","description":"","createdBy":"1","ts":"2017-06-28 14:31:12","active":"1"},{"id":"4","type":"Super","description":"","createdBy":"1","ts":"2017-06-28 14:31:12","active":"1"}],"userTypes":[{"id":"1","name":"E-Value Admin","level":"1","ts":"2017-06-27 22:45:12","active":"1"},{"id":"2","name":"Super User","level":"2","ts":"2017-06-27 22:45:12","active":"1"},{"id":"3","name":"Agent","level":"3","ts":"2017-06-27 22:45:12","active":"1"},{"id":"4","name":"System Admin","level":"4","ts":"2017-06-27 22:45:12","active":"1"}]},"success":1}
2017-07-06 16:44:19 ---- New Request ----
2017-07-06 16:44:19 Controller : Users
2017-07-06 16:44:19 Method : loginAction
2017-07-06 16:44:19 Controller File : controllers/Users.class.php, Exists
2017-07-06 16:44:19 Class constructed
2017-07-06 16:44:19 Login Params ;Username :lydia
Password : ******
2017-07-06 16:44:19 SELECT SQL : SELECT id,firstName,surname,userName,userTypeId,sessionId,password,active,branchId FROM users WHERE  userName = 'lydia'  
2017-07-06 16:44:19 SELECT SQL : SELECT name FROM branches WHERE  id = '6'  
2017-07-06 16:44:19 UPDATE SQL : UPDATE users SET sessionId = 'LAuGrd7DyjwolfNM1R0WUQ1ivUTsyYZz',ipAddress = '197.157.34.185' WHERE  id = '3' 
2017-07-06 16:44:19 Response : {"success":1,"data":{"id":"3","firstName":"Lydia","surname":"Amoi","userName":"lydia","userTypeId":"2","sessionId":"LAuGrd7DyjwolfNM1R0WUQ1ivUTsyYZz","branchId":"6","branchName":"OASIS MALL"}}
2017-07-06 16:44:23 ---- New Request ----
2017-07-06 16:44:23 Controller : Users
2017-07-06 16:44:23 Method : loginAction
2017-07-06 16:44:23 Controller File : controllers/Users.class.php, Exists
2017-07-06 16:44:23 Class constructed
2017-07-06 16:44:23 Login Params ;Username :lydia
Password : ******
2017-07-06 16:44:23 SELECT SQL : SELECT id,firstName,surname,userName,userTypeId,sessionId,password,active,branchId FROM users WHERE  userName = 'lydia'  
2017-07-06 16:44:23 SELECT SQL : SELECT name FROM branches WHERE  id = '6'  
2017-07-06 16:44:23 UPDATE SQL : UPDATE users SET sessionId = 'pJWvjsofgPpFjCunl6dNIIt8qsGMoJEq',ipAddress = '197.157.34.185' WHERE  id = '3' 
2017-07-06 16:44:23 Response : {"success":1,"data":{"id":"3","firstName":"Lydia","surname":"Amoi","userName":"lydia","userTypeId":"2","sessionId":"pJWvjsofgPpFjCunl6dNIIt8qsGMoJEq","branchId":"6","branchName":"OASIS MALL"}}
2017-07-06 16:44:32 ---- New Request ----
2017-07-06 16:44:32 Controller : Users
2017-07-06 16:44:32 Method : loginAction
2017-07-06 16:44:32 Controller File : controllers/Users.class.php, Exists
2017-07-06 16:44:32 Class constructed
2017-07-06 16:44:32 Login Params ;Username :lydia
Password : ******
2017-07-06 16:44:32 SELECT SQL : SELECT id,firstName,surname,userName,userTypeId,sessionId,password,active,branchId FROM users WHERE  userName = 'lydia'  
2017-07-06 16:44:32 SELECT SQL : SELECT name FROM branches WHERE  id = '6'  
2017-07-06 16:44:32 UPDATE SQL : UPDATE users SET sessionId = '8HQ0ujYl8MxPSAosMmXqTjbvRPBl2OHA',ipAddress = '197.157.34.185' WHERE  id = '3' 
2017-07-06 16:44:32 Response : {"success":1,"data":{"id":"3","firstName":"Lydia","surname":"Amoi","userName":"lydia","userTypeId":"2","sessionId":"8HQ0ujYl8MxPSAosMmXqTjbvRPBl2OHA","branchId":"6","branchName":"OASIS MALL"}}
2017-07-06 16:44:38 ---- New Request ----
2017-07-06 16:44:38 Controller : Users
2017-07-06 16:44:38 Method : loginAction
2017-07-06 16:44:38 Controller File : controllers/Users.class.php, Exists
2017-07-06 16:44:38 Class constructed
2017-07-06 16:44:38 Login Params ;Username :lydia
Password : ******
2017-07-06 16:44:38 SELECT SQL : SELECT id,firstName,surname,userName,userTypeId,sessionId,password,active,branchId FROM users WHERE  userName = 'lydia'  
2017-07-06 16:44:38 SELECT SQL : SELECT name FROM branches WHERE  id = '6'  
2017-07-06 16:44:38 UPDATE SQL : UPDATE users SET sessionId = 'q5fKVwLnu8Ju6ACxI63MOGDB18aus5pr',ipAddress = '197.157.34.185' WHERE  id = '3' 
2017-07-06 16:44:38 Response : {"success":1,"data":{"id":"3","firstName":"Lydia","surname":"Amoi","userName":"lydia","userTypeId":"2","sessionId":"q5fKVwLnu8Ju6ACxI63MOGDB18aus5pr","branchId":"6","branchName":"OASIS MALL"}}
2017-07-06 16:44:39 ---- New Request ----
2017-07-06 16:44:39 Controller : Users
2017-07-06 16:44:39 Method : loginAction
2017-07-06 16:44:39 Controller File : controllers/Users.class.php, Exists
2017-07-06 16:44:39 Class constructed
2017-07-06 16:44:39 Login Params ;Username :lydia
Password : ******
2017-07-06 16:44:39 SELECT SQL : SELECT id,firstName,surname,userName,userTypeId,sessionId,password,active,branchId FROM users WHERE  userName = 'lydia'  
2017-07-06 16:44:40 SELECT SQL : SELECT name FROM branches WHERE  id = '6'  
2017-07-06 16:44:40 UPDATE SQL : UPDATE users SET sessionId = 'n8AFYmeCtVOc2OuLRp1JEUmBSZaIGgmX',ipAddress = '197.157.34.185' WHERE  id = '3' 
2017-07-06 16:44:40 Response : {"success":1,"data":{"id":"3","firstName":"Lydia","surname":"Amoi","userName":"lydia","userTypeId":"2","sessionId":"n8AFYmeCtVOc2OuLRp1JEUmBSZaIGgmX","branchId":"6","branchName":"OASIS MALL"}}
2017-07-06 16:44:41 ---- New Request ----
2017-07-06 16:44:41 Controller : Users
2017-07-06 16:44:41 Method : loginAction
2017-07-06 16:44:41 Controller File : controllers/Users.class.php, Exists
2017-07-06 16:44:41 Class constructed
2017-07-06 16:44:41 Login Params ;Username :lydia
Password : ******
2017-07-06 16:44:41 SELECT SQL : SELECT id,firstName,surname,userName,userTypeId,sessionId,password,active,branchId FROM users WHERE  userName = 'lydia'  
2017-07-06 16:44:41 SELECT SQL : SELECT name FROM branches WHERE  id = '6'  
2017-07-06 16:44:41 UPDATE SQL : UPDATE users SET sessionId = 'HDYiFlVzR7XPQSqbIgDMcZZW8BUgyXRZ',ipAddress = '197.157.34.185' WHERE  id = '3' 
2017-07-06 16:44:41 Response : {"success":1,"data":{"id":"3","firstName":"Lydia","surname":"Amoi","userName":"lydia","userTypeId":"2","sessionId":"HDYiFlVzR7XPQSqbIgDMcZZW8BUgyXRZ","branchId":"6","branchName":"OASIS MALL"}}
2017-07-06 16:44:46 ---- New Request ----
2017-07-06 16:44:46 Controller : Users
2017-07-06 16:44:46 Method : logoutAction
2017-07-06 16:44:46 Controller File : controllers/Users.class.php, Exists
2017-07-06 16:44:46 Class constructed
2017-07-06 16:44:46 Logout Params ;Session ID :VfehxApuRFCR6vC7GE0gPGAqTFJbZ27k\User ID : 4
2017-07-06 16:44:46 UPDATE SQL : UPDATE users SET sessionId = '',ipAddress = '197.157.34.185' WHERE  id = '4' 
2017-07-06 16:44:46 Response : {"success":1}
2017-07-06 16:45:00 ---- New Request ----
2017-07-06 16:45:00 Controller : Users
2017-07-06 16:45:00 Method : loginAction
2017-07-06 16:45:00 Controller File : controllers/Users.class.php, Exists
2017-07-06 16:45:00 Class constructed
2017-07-06 16:45:00 Login Params ;Username :lydia
Password : ******
2017-07-06 16:45:00 SELECT SQL : SELECT id,firstName,surname,userName,userTypeId,sessionId,password,active,branchId FROM users WHERE  userName = 'lydia'  
2017-07-06 16:45:00 SELECT SQL : SELECT name FROM branches WHERE  id = '6'  
2017-07-06 16:45:00 UPDATE SQL : UPDATE users SET sessionId = 'NVW4ZbHJ6eaLKFm6T2y3djtuEPvsySJC',ipAddress = '197.157.34.185' WHERE  id = '3' 
2017-07-06 16:45:00 Response : {"success":1,"data":{"id":"3","firstName":"Lydia","surname":"Amoi","userName":"lydia","userTypeId":"2","sessionId":"NVW4ZbHJ6eaLKFm6T2y3djtuEPvsySJC","branchId":"6","branchName":"OASIS MALL"}}
2017-07-06 16:45:00 ---- New Request ----
2017-07-06 16:45:00 Controller : Users
2017-07-06 16:45:00 Method : formsdetailsAction
2017-07-06 16:45:00 Controller File : controllers/Users.class.php, Exists
2017-07-06 16:45:00 Class constructed
2017-07-06 16:45:00 Details Params :
SessionID :NVW4ZbHJ6eaLKFm6T2y3djtuEPvsySJC
User ID : 3
2017-07-06 16:45:00 SELECT SQL : SELECT * FROM branches WHERE  active = '1'  
2017-07-06 16:45:00 SELECT SQL : SELECT * FROM countries WHERE  active = '1'  
2017-07-06 16:45:00 SELECT SQL : SELECT * FROM identification WHERE  active = '1'  
2017-07-06 16:45:00 SELECT SQL : SELECT * FROM users WHERE  active = '1'  
2017-07-06 16:45:00 SELECT SQL : SELECT id,name,branchId,currency_id FROM accounts WHERE  active = '1' AND type_id = '1'  
2017-07-06 16:45:00 Balance Update Params :
Branch Id : 5
Account ID : 15
Amount : 0
2017-07-06 16:45:00 SELECT SQL : SELECT * FROM balances WHERE  branchId = '5' AND accountId = '15'  
2017-07-06 16:45:00 Balance Update Params :
Branch Id : 5
Account ID : 16
Amount : 0
2017-07-06 16:45:00 SELECT SQL : SELECT * FROM balances WHERE  branchId = '5' AND accountId = '16'  
2017-07-06 16:45:00 SELECT SQL : SELECT * FROM balances WHERE  branchId = '5' AND accountId = '16' AND date = '2017-07-06'  
2017-07-06 16:45:00 UPDATE SQL : UPDATE balances SET closingBalance = '20' WHERE  branchId = '5' AND accountId = '16' AND date = '2017-07-06' 
2017-07-06 16:45:00 Balance Update Status 2:1
 2017-07-06 16:45:00 Balance Update Params :
Branch Id : 5
Account ID : 17
Amount : 0
2017-07-06 16:45:00 SELECT SQL : SELECT * FROM balances WHERE  branchId = '5' AND accountId = '17'  
2017-07-06 16:45:00 Balance Update Params :
Branch Id : 5
Account ID : 18
Amount : 0
2017-07-06 16:45:00 SELECT SQL : SELECT * FROM balances WHERE  branchId = '5' AND accountId = '18'  
2017-07-06 16:45:00 Balance Update Params :
Branch Id : 5
Account ID : 19
Amount : 0
2017-07-06 16:45:00 SELECT SQL : SELECT * FROM balances WHERE  branchId = '5' AND accountId = '19'  
2017-07-06 16:45:00 Balance Update Params :
Branch Id : 6
Account ID : 20
Amount : 0
2017-07-06 16:45:00 SELECT SQL : SELECT * FROM balances WHERE  branchId = '6' AND accountId = '20'  
2017-07-06 16:45:00 Balance Update Params :
Branch Id : 6
Account ID : 21
Amount : 0
2017-07-06 16:45:00 SELECT SQL : SELECT * FROM balances WHERE  branchId = '6' AND accountId = '21'  
2017-07-06 16:45:00 SELECT SQL : SELECT * FROM balances WHERE  branchId = '6' AND accountId = '21' AND date = '2017-07-06'  
2017-07-06 16:45:00 UPDATE SQL : UPDATE balances SET closingBalance = '-20' WHERE  branchId = '6' AND accountId = '21' AND date = '2017-07-06' 
2017-07-06 16:45:00 Balance Update Status 2:1
 2017-07-06 16:45:00 Balance Update Params :
Branch Id : 6
Account ID : 22
Amount : 0
2017-07-06 16:45:00 SELECT SQL : SELECT * FROM balances WHERE  branchId = '6' AND accountId = '22'  
2017-07-06 16:45:00 Balance Update Params :
Branch Id : 6
Account ID : 23
Amount : 0
2017-07-06 16:45:00 SELECT SQL : SELECT * FROM balances WHERE  branchId = '6' AND accountId = '23'  
2017-07-06 16:45:00 Balance Update Params :
Branch Id : 6
Account ID : 24
Amount : 0
2017-07-06 16:45:00 SELECT SQL : SELECT * FROM balances WHERE  branchId = '6' AND accountId = '24'  
2017-07-06 16:45:00 Balance Update Params :
Branch Id : 11
Account ID : 27
Amount : 0
2017-07-06 16:45:00 SELECT SQL : SELECT * FROM balances WHERE  branchId = '11' AND accountId = '27'  
2017-07-06 16:45:00 Balance Update Params :
Branch Id : 11
Account ID : 28
Amount : 0
2017-07-06 16:45:00 SELECT SQL : SELECT * FROM balances WHERE  branchId = '11' AND accountId = '28'  
2017-07-06 16:45:00 Balance Update Params :
Branch Id : 11
Account ID : 29
Amount : 0
2017-07-06 16:45:00 SELECT SQL : SELECT * FROM balances WHERE  branchId = '11' AND accountId = '29'  
2017-07-06 16:45:00 Balance Update Params :
Branch Id : 11
Account ID : 30
Amount : 0
2017-07-06 16:45:00 SELECT SQL : SELECT * FROM balances WHERE  branchId = '11' AND accountId = '30'  
2017-07-06 16:45:00 Balance Update Params :
Branch Id : 11
Account ID : 31
Amount : 0
2017-07-06 16:45:00 SELECT SQL : SELECT * FROM balances WHERE  branchId = '11' AND accountId = '31'  
2017-07-06 16:45:00 SELECT SQL : SELECT * FROM currencies WHERE  active = '1'  
2017-07-06 16:45:00 SELECT SQL : SELECT * FROM accounts WHERE  active = '1' AND type_id = '4'  
2017-07-06 16:45:00 SELECT SQL : SELECT * FROM account_types WHERE  active = '1'  
2017-07-06 16:45:00 SELECT SQL : SELECT * FROM user_types WHERE  active = '1'  
2017-07-06 16:45:00 Response : {"data":{"branches":[{"id":"5","name":"KINSHASHA","countryId":"4","location":"Patrice Avenue","supervisorId":"3","createdBy":"4","ts":"2017-06-30 00:06:55","active":"1"},{"id":"6","name":"OASIS MALL","countryId":"1","location":"Yusufu Lule Rd","supervisorId":"3","createdBy":"2","ts":"2017-06-30 00:12:08","active":"1"},{"id":"7","name":"GOMA","countryId":"4","location":"Goma","supervisorId":"3","createdBy":"1","ts":"2017-07-05 00:00:00","active":"1"},{"id":"8","name":"NAIROBI","countryId":"2","location":"Nairobi","supervisorId":"3","createdBy":"1","ts":"2017-07-05 00:00:00","active":"1"},{"id":"9","name":"MOMBASA","countryId":"2","location":"Mombasa","supervisorId":"3","createdBy":"1","ts":"2017-07-05 00:00:00","active":"1"},{"id":"10","name":"DUBAI","countryId":"6","location":"Dubai","supervisorId":"3","createdBy":"1","ts":"2017-07-05 00:00:00","active":"1"},{"id":"11","name":"CHINA","countryId":"5","location":"China","supervisorId":"3","createdBy":"3","ts":"2017-07-05 13:23:17","active":"1"}],"countries":[{"id":"1","name":"UGANDA","createdBy":"1","ts":"2017-06-25 23:13:31","active":"1"},{"id":"2","name":"KENYA","createdBy":"1","ts":"2017-06-26 09:02:45","active":"1"},{"id":"3","name":"TZ","createdBy":"1","ts":"2017-06-28 11:11:53","active":"1"},{"id":"4","name":"CONGO","createdBy":"1","ts":"2017-06-28 11:26:11","active":"1"},{"id":"5","name":"CHINA","createdBy":"1","ts":"2017-06-28 11:30:01","active":"1"},{"id":"6","name":"UAE","createdBy":"1","ts":"2017-07-05 00:00:00","active":"1"}],"ids":[[{"id":"1","name":"Passport","createdBy":"1","ts":"2017-06-28 14:00:01","active":"1"},{"id":"2","name":"National ID","createdBy":"1","ts":"2017-06-28 14:00:01","active":"1"},{"id":"3","name":"STUDENTS ID","createdBy":"1","ts":"2017-06-28 16:21:46","active":"1"}]],"users":[{"id":"1","firstName":"You","surname":"Jinshu","email":"hudsonbogere@swipeit.co.ug","phone":"256783131266","userName":"you","branchId":"0","userTypeId":"1","password":"$2y$10$pPGbhJ1RXx\/ug.ED3LnsQuKHJTqwYsa\/iF0OqGOgsjflkHKIDTLVq","sessionId":"","ipAddress":"197.239.37.240","createdBy":null,"ts":"2017-06-23 15:08:12","active":"1"},{"id":"2","firstName":"Nansubuga","surname":"Dorothy","email":"henry@gmail.com","phone":"256752284441","userName":"dorah","branchId":"8","userTypeId":"3","password":"$2y$10$m72Zz8Z.h4\/Zp6TFDhmbXeQ79kZ7JJ2U0yLUanc0dDVxbc.5UPkRG","sessionId":null,"ipAddress":null,"createdBy":"1","ts":"2017-06-26 19:11:07","active":"1"},{"id":"3","firstName":"Lydia","surname":"Amoi","email":"islam@gmail.com","phone":"256777608310","userName":"lydia","branchId":"6","userTypeId":"2","password":"$2y$10$m72Zz8Z.h4\/Zp6TFDhmbXeQ79kZ7JJ2U0yLUanc0dDVxbc.5UPkRG","sessionId":"NVW4ZbHJ6eaLKFm6T2y3djtuEPvsySJC","ipAddress":"197.157.34.185","createdBy":"1","ts":"2017-06-26 19:41:01","active":"1"},{"id":"4","firstName":"Nabukera","surname":"Maria","email":"banerd@tfb.com","phone":"256774457813","userName":"maria","branchId":"5","userTypeId":"3","password":"$2y$10$wTpUE\/WJFMfQaBglrQocTO9ndV6dbxL2vzFDEJZ1hpVVp4binpXGO","sessionId":"","ipAddress":"197.157.34.185","createdBy":"1","ts":"2017-06-26 23:04:07","active":"1"},{"id":"5","firstName":"Henry","surname":"Bbosa","email":null,"phone":null,"userName":"henry","branchId":"11","userTypeId":"3","password":"$2y$10$m72Zz8Z.h4\/Zp6TFDhmbXeQ79kZ7JJ2U0yLUanc0dDVxbc.5UPkRG","sessionId":null,"ipAddress":null,"createdBy":"1","ts":"2017-07-05 00:00:00","active":"1"}],"accounts":[{"id":"15","name":"KINSHASHA-RMB Account","branchId":"5","currency_id":"1"},{"id":"16","name":"KINSHASHA-USD Account","branchId":"5","currency_id":"2"},{"id":"17","name":"KINSHASHA-DIRHAM Account","branchId":"5","currency_id":"3"},{"id":"18","name":"KINSHASHA-UGX Account","branchId":"5","currency_id":"4"},{"id":"19","name":"KINSHASHA-KSH Account","branchId":"5","currency_id":"5"},{"id":"20","name":"OASIS MALL-RMB Account","branchId":"6","currency_id":"1"},{"id":"21","name":"OASIS MALL-USD Account","branchId":"6","currency_id":"2"},{"id":"22","name":"OASIS MALL-DIRHAM Account","branchId":"6","currency_id":"3"},{"id":"23","name":"OASIS MALL-UGX Account","branchId":"6","currency_id":"4"},{"id":"24","name":"OASIS MALL-KSH Account","branchId":"6","currency_id":"5"},{"id":"27","name":"CHINA-RMB Account","branchId":"11","currency_id":"1"},{"id":"28","name":"CHINA-USD Account","branchId":"11","currency_id":"2"},{"id":"29","name":"CHINA-DIRHAM Account","branchId":"11","currency_id":"3"},{"id":"30","name":"CHINA-UGX Account","branchId":"11","currency_id":"4"},{"id":"31","name":"CHINA-KSH Account","branchId":"11","currency_id":"5"}],"currencies":[{"id":"1","name":"RMB","symbol":"\u00c2\u00a5","createdBy":"1","ts":"2017-06-27 22:45:12","active":"1"},{"id":"2","name":"USD","symbol":"$","createdBy":"1","ts":"2017-06-27 22:45:12","active":"1"},{"id":"3","name":"DIRHAM","symbol":"","createdBy":"1","ts":"2017-06-28 11:40:09","active":"1"},{"id":"4","name":"UGX","symbol":"\/=","createdBy":"1","ts":"2017-06-28 11:46:50","active":"1"},{"id":"5","name":"KSH","symbol":"","createdBy":"1","ts":"2017-06-28 11:46:50","active":"1"}],"superaccount":[{"id":"1","name":"RMB Account","branchId":"0","type_id":"4","currency_id":"1","balance":"0","createdBy":"1","active":"1","ts":"2017-06-27 22:45:12"}],"accountTypes":[{"id":"1","type":"Transfer","description":"","createdBy":"1","ts":"2017-06-28 14:31:12","active":"1"},{"id":"2","type":"Suspense","description":"","createdBy":"1","ts":"2017-06-28 14:31:12","active":"1"},{"id":"4","type":"Super","description":"","createdBy":"1","ts":"2017-06-28 14:31:12","active":"1"}],"userTypes":[{"id":"1","name":"E-Value Admin","level":"1","ts":"2017-06-27 22:45:12","active":"1"},{"id":"2","name":"Super User","level":"2","ts":"2017-06-27 22:45:12","active":"1"},{"id":"3","name":"Agent","level":"3","ts":"2017-06-27 22:45:12","active":"1"},{"id":"4","name":"System Admin","level":"4","ts":"2017-06-27 22:45:12","active":"1"}]},"success":1}
2017-07-06 16:46:42 ---- New Request ----
2017-07-06 16:46:42 Controller : Exchange
2017-07-06 16:46:42 Method : createexchangeAction
2017-07-06 16:46:42 Controller File : controllers/Exchange.class.php, Exists
2017-07-06 16:46:42 Class constructed
2017-07-06 16:46:42 Class constructed
2017-07-06 16:46:42 Exchange Params:
FromCurrency : 4
ToCurrency : 2
AmountBe4 : 36000000
Amount After : 10000
Exhange Rate : 3600
UserID : 3
Session ID : NVW4ZbHJ6eaLKFm6T2y3djtuEPvsySJC
2017-07-06 16:46:42 SELECT SQL : SELECT * FROM users WHERE  id = '3'  
2017-07-06 16:46:42 INSERT SQL : INSERT INTO currency_exhane  (ts,fromCurrencyId,toCurrencyId,AmountBeforeXchange,amountAfterXchange,exhangeRate,userId)  VALUES(NOW(),'4','2','36000000','10000','3600','3')
2017-07-06 16:46:42 Response : {"success":0,"errormsg":"Sorry your transaction failed. Reason: System unavailable. Contact admin"}
2017-07-06 16:59:37 ---- New Request ----
2017-07-06 16:59:37 Controller : Exchange
2017-07-06 16:59:37 Method : createexchangeAction
2017-07-06 16:59:37 Controller File : controllers/Exchange.class.php, Exists
2017-07-06 16:59:37 Class constructed
2017-07-06 16:59:37 Class constructed
2017-07-06 16:59:37 Exchange Params:
FromCurrency : 4
ToCurrency : 2
AmountBe4 : 36000000
Amount After : 10000
Exhange Rate : 3600
UserID : 3
Session ID : NVW4ZbHJ6eaLKFm6T2y3djtuEPvsySJC
2017-07-06 16:59:37 SELECT SQL : SELECT * FROM users WHERE  id = '3'  
2017-07-06 16:59:37 INSERT SQL : INSERT INTO currency_exhane  (ts,fromCurrencyId,toCurrencyId,AmountBeforeXchange,amountAfterXchange,exhangeRate,userId)  VALUES(NOW(),'4','2','36000000','10000','3600','3')
2017-07-06 16:59:37 Response : {"success":0,"errormsg":"Sorry your transaction failed. Reason: System unavailable. Contact admin"}
