2017-07-07 17:41:45 ---- New Request ----
2017-07-07 17:41:45 Controller : Users
2017-07-07 17:41:45 Method : loginAction
2017-07-07 17:41:45 Controller File : controllers/Users.class.php, Exists
2017-07-07 17:41:45 Class constructed
2017-07-07 17:41:45 Login Params ;Username :lydia
Password : ******
2017-07-07 17:41:45 SELECT SQL : SELECT id,firstName,surname,userName,userTypeId,sessionId,password,active,branchId FROM users WHERE  userName = 'lydia'  
2017-07-07 17:41:45 SELECT SQL : SELECT name FROM branches WHERE  id = '6'  
2017-07-07 17:41:45 UPDATE SQL : UPDATE users SET sessionId = 'ouEp7oZ7Rxt7UB3c7PiBfcs528aaKsoy',ipAddress = '197.157.0.57' WHERE  id = '3' 
2017-07-07 17:41:45 Response : {"success":1,"data":{"id":"3","firstName":"Lydia","surname":"Amoi","userName":"lydia","userTypeId":"2","sessionId":"ouEp7oZ7Rxt7UB3c7PiBfcs528aaKsoy","branchId":"6","branchName":"OASIS MALL"}}
2017-07-07 17:42:04 ---- New Request ----
2017-07-07 17:42:04 Controller : Users
2017-07-07 17:42:04 Method : formsdetailsAction
2017-07-07 17:42:04 Controller File : controllers/Users.class.php, Exists
2017-07-07 17:42:04 Class constructed
2017-07-07 17:42:04 Details Params :
SessionID :
User ID : 
2017-07-07 17:42:04 SELECT SQL : SELECT * FROM branches WHERE  active = '1'  
2017-07-07 17:42:04 SELECT SQL : SELECT * FROM countries WHERE  active = '1'  
2017-07-07 17:42:04 SELECT SQL : SELECT * FROM identification WHERE  active = '1'  
2017-07-07 17:42:04 SELECT SQL : SELECT * FROM users WHERE  active = '1'  
2017-07-07 17:42:04 SELECT SQL : SELECT id,name,branchId,currency_id FROM accounts WHERE  active = '1' AND type_id = '1'  
2017-07-07 17:42:04 Balance Update Params :
Branch Id : 5
Account ID : 15
Amount : 0
2017-07-07 17:42:04 SELECT SQL : SELECT * FROM balances WHERE  branchId = '5' AND accountId = '15'  
2017-07-07 17:42:04 Balance Update Params :
Branch Id : 5
Account ID : 16
Amount : 0
2017-07-07 17:42:04 SELECT SQL : SELECT * FROM balances WHERE  branchId = '5' AND accountId = '16'  
2017-07-07 17:42:04 Balance Update Params :
Branch Id : 5
Account ID : 17
Amount : 0
2017-07-07 17:42:04 SELECT SQL : SELECT * FROM balances WHERE  branchId = '5' AND accountId = '17'  
2017-07-07 17:42:04 Balance Update Params :
Branch Id : 5
Account ID : 18
Amount : 0
2017-07-07 17:42:04 SELECT SQL : SELECT * FROM balances WHERE  branchId = '5' AND accountId = '18'  
2017-07-07 17:42:04 Balance Update Params :
Branch Id : 5
Account ID : 19
Amount : 0
2017-07-07 17:42:04 SELECT SQL : SELECT * FROM balances WHERE  branchId = '5' AND accountId = '19'  
2017-07-07 17:42:04 Balance Update Params :
Branch Id : 6
Account ID : 20
Amount : 0
2017-07-07 17:42:04 SELECT SQL : SELECT * FROM balances WHERE  branchId = '6' AND accountId = '20'  
2017-07-07 17:42:04 Balance Update Params :
Branch Id : 6
Account ID : 21
Amount : 0
2017-07-07 17:42:04 SELECT SQL : SELECT * FROM balances WHERE  branchId = '6' AND accountId = '21'  
2017-07-07 17:42:04 SELECT SQL : SELECT * FROM balances WHERE  branchId = '6' AND accountId = '21' AND date = '2017-07-07'  
2017-07-07 17:42:04 UPDATE SQL : UPDATE balances SET closingBalance = '-25000' WHERE  branchId = '6' AND accountId = '21' AND date = '2017-07-07' 
2017-07-07 17:42:04 Balance Update Status 2:1
 2017-07-07 17:42:04 Balance Update Params :
Branch Id : 6
Account ID : 22
Amount : 0
2017-07-07 17:42:04 SELECT SQL : SELECT * FROM balances WHERE  branchId = '6' AND accountId = '22'  
2017-07-07 17:42:04 Balance Update Params :
Branch Id : 6
Account ID : 23
Amount : 0
2017-07-07 17:42:04 SELECT SQL : SELECT * FROM balances WHERE  branchId = '6' AND accountId = '23'  
2017-07-07 17:42:04 Balance Update Params :
Branch Id : 6
Account ID : 24
Amount : 0
2017-07-07 17:42:04 SELECT SQL : SELECT * FROM balances WHERE  branchId = '6' AND accountId = '24'  
2017-07-07 17:42:04 Balance Update Params :
Branch Id : 11
Account ID : 27
Amount : 0
2017-07-07 17:42:04 SELECT SQL : SELECT * FROM balances WHERE  branchId = '11' AND accountId = '27'  
2017-07-07 17:42:04 SELECT SQL : SELECT * FROM balances WHERE  branchId = '11' AND accountId = '27' AND date = '2017-07-07'  
2017-07-07 17:42:04 UPDATE SQL : UPDATE balances SET closingBalance = '435000' WHERE  branchId = '11' AND accountId = '27' AND date = '2017-07-07' 
2017-07-07 17:42:04 Balance Update Status 2:1
 2017-07-07 17:42:04 Balance Update Params :
Branch Id : 11
Account ID : 28
Amount : 0
2017-07-07 17:42:04 SELECT SQL : SELECT * FROM balances WHERE  branchId = '11' AND accountId = '28'  
2017-07-07 17:42:04 Balance Update Params :
Branch Id : 11
Account ID : 29
Amount : 0
2017-07-07 17:42:04 SELECT SQL : SELECT * FROM balances WHERE  branchId = '11' AND accountId = '29'  
2017-07-07 17:42:04 Balance Update Params :
Branch Id : 11
Account ID : 30
Amount : 0
2017-07-07 17:42:04 SELECT SQL : SELECT * FROM balances WHERE  branchId = '11' AND accountId = '30'  
2017-07-07 17:42:04 Balance Update Params :
Branch Id : 11
Account ID : 31
Amount : 0
2017-07-07 17:42:04 SELECT SQL : SELECT * FROM balances WHERE  branchId = '11' AND accountId = '31'  
2017-07-07 17:42:04 Balance Update Params :
Branch Id : 12
Account ID : 32
Amount : 0
2017-07-07 17:42:04 SELECT SQL : SELECT * FROM balances WHERE  branchId = '12' AND accountId = '32'  
2017-07-07 17:42:04 SELECT SQL : SELECT * FROM balances WHERE  branchId = '12' AND accountId = '32' AND date = '2017-07-07'  
2017-07-07 17:42:04 UPDATE SQL : UPDATE balances SET closingBalance = '-295820' WHERE  branchId = '12' AND accountId = '32' AND date = '2017-07-07' 
2017-07-07 17:42:04 Balance Update Status 2:1
 2017-07-07 17:42:04 Balance Update Params :
Branch Id : 12
Account ID : 33
Amount : 0
2017-07-07 17:42:04 SELECT SQL : SELECT * FROM balances WHERE  branchId = '12' AND accountId = '33'  
2017-07-07 17:42:04 SELECT SQL : SELECT * FROM balances WHERE  branchId = '12' AND accountId = '33' AND date = '2017-07-07'  
2017-07-07 17:42:04 UPDATE SQL : UPDATE balances SET closingBalance = '44305' WHERE  branchId = '12' AND accountId = '33' AND date = '2017-07-07' 
2017-07-07 17:42:04 Balance Update Status 2:1
 2017-07-07 17:42:04 Balance Update Params :
Branch Id : 12
Account ID : 34
Amount : 0
2017-07-07 17:42:04 SELECT SQL : SELECT * FROM balances WHERE  branchId = '12' AND accountId = '34'  
2017-07-07 17:42:04 Balance Update Params :
Branch Id : 12
Account ID : 35
Amount : 0
2017-07-07 17:42:04 SELECT SQL : SELECT * FROM balances WHERE  branchId = '12' AND accountId = '35'  
2017-07-07 17:42:04 Balance Update Params :
Branch Id : 12
Account ID : 36
Amount : 0
2017-07-07 17:42:04 SELECT SQL : SELECT * FROM balances WHERE  branchId = '12' AND accountId = '36'  
2017-07-07 17:42:04 SELECT SQL : SELECT * FROM balances WHERE  branchId = '12' AND accountId = '36' AND date = '2017-07-07'  
2017-07-07 17:42:04 UPDATE SQL : UPDATE balances SET closingBalance = '600671' WHERE  branchId = '12' AND accountId = '36' AND date = '2017-07-07' 
2017-07-07 17:42:04 Balance Update Status 2:1
 2017-07-07 17:42:04 SELECT SQL : SELECT * FROM currencies WHERE  active = '1'  
2017-07-07 17:42:04 SELECT SQL : SELECT * FROM accounts WHERE  active = '1' AND type_id = '4'  
2017-07-07 17:42:04 SELECT SQL : SELECT * FROM account_types WHERE  active = '1'  
2017-07-07 17:42:04 SELECT SQL : SELECT * FROM user_types WHERE  active = '1'  
2017-07-07 17:42:04 Response : {"data":{"branches":[{"id":"5","name":"KINSHASHA","countryId":"4","location":"Patrice Avenue","supervisorId":"3","createdBy":"4","ts":"2017-06-30 00:06:55","active":"1"},{"id":"6","name":"OASIS MALL","countryId":"1","location":"Yusufu Lule Rd","supervisorId":"3","createdBy":"2","ts":"2017-06-30 00:12:08","active":"1"},{"id":"7","name":"GOMA","countryId":"4","location":"Goma","supervisorId":"3","createdBy":"1","ts":"2017-07-05 00:00:00","active":"1"},{"id":"9","name":"MOMBASA","countryId":"2","location":"Mombasa","supervisorId":"3","createdBy":"1","ts":"2017-07-05 00:00:00","active":"1"},{"id":"10","name":"DUBAI","countryId":"6","location":"Dubai","supervisorId":"3","createdBy":"1","ts":"2017-07-05 00:00:00","active":"1"},{"id":"11","name":"CHINA","countryId":"5","location":"China","supervisorId":"3","createdBy":"3","ts":"2017-07-05 13:23:17","active":"1"},{"id":"12","name":"NAIROBI","countryId":"2","location":"Nairobi","supervisorId":"3","createdBy":"3","ts":"2017-07-06 14:12:35","active":"1"}],"countries":[{"id":"1","name":"UGANDA","createdBy":"1","ts":"2017-06-25 23:13:31","active":"1"},{"id":"2","name":"KENYA","createdBy":"1","ts":"2017-06-26 09:02:45","active":"1"},{"id":"3","name":"TZ","createdBy":"1","ts":"2017-06-28 11:11:53","active":"1"},{"id":"4","name":"CONGO","createdBy":"1","ts":"2017-06-28 11:26:11","active":"1"},{"id":"5","name":"CHINA","createdBy":"1","ts":"2017-06-28 11:30:01","active":"1"},{"id":"6","name":"UAE","createdBy":"1","ts":"2017-07-05 00:00:00","active":"1"}],"ids":[[{"id":"1","name":"Passport","createdBy":"1","ts":"2017-06-28 14:00:01","active":"1"},{"id":"2","name":"National ID","createdBy":"1","ts":"2017-06-28 14:00:01","active":"1"},{"id":"3","name":"STUDENTS ID","createdBy":"1","ts":"2017-06-28 16:21:46","active":"1"}]],"users":[{"id":"1","firstName":"You","surname":"Jinshu","email":"hudsonbogere@swipeit.co.ug","phone":"256783131266","userName":"you","branchId":"0","userTypeId":"1","password":"$2y$10$pPGbhJ1RXx\/ug.ED3LnsQuKHJTqwYsa\/iF0OqGOgsjflkHKIDTLVq","sessionId":"","ipAddress":"197.239.37.240","createdBy":null,"ts":"2017-06-23 15:08:12","active":"1"},{"id":"2","firstName":"Nansubuga","surname":"Dorothy","email":"henry@gmail.com","phone":"256752284441","userName":"dorah","branchId":"12","userTypeId":"3","password":"$2y$10$m72Zz8Z.h4\/Zp6TFDhmbXeQ79kZ7JJ2U0yLUanc0dDVxbc.5UPkRG","sessionId":"","ipAddress":"197.157.34.185","createdBy":"1","ts":"2017-06-26 19:11:07","active":"1"},{"id":"3","firstName":"Lydia","surname":"Amoi","email":"islam@gmail.com","phone":"256777608310","userName":"lydia","branchId":"6","userTypeId":"2","password":"$2y$10$m72Zz8Z.h4\/Zp6TFDhmbXeQ79kZ7JJ2U0yLUanc0dDVxbc.5UPkRG","sessionId":"ouEp7oZ7Rxt7UB3c7PiBfcs528aaKsoy","ipAddress":"197.157.0.57","createdBy":"1","ts":"2017-06-26 19:41:01","active":"1"},{"id":"4","firstName":"Nabukera","surname":"Maria","email":"banerd@tfb.com","phone":"256774457813","userName":"maria","branchId":"5","userTypeId":"3","password":"$2y$10$wTpUE\/WJFMfQaBglrQocTO9ndV6dbxL2vzFDEJZ1hpVVp4binpXGO","sessionId":"","ipAddress":"197.157.34.185","createdBy":"1","ts":"2017-06-26 23:04:07","active":"1"},{"id":"5","firstName":"Henry","surname":"Bbosa","email":null,"phone":null,"userName":"henry","branchId":"11","userTypeId":"3","password":"$2y$10$m72Zz8Z.h4\/Zp6TFDhmbXeQ79kZ7JJ2U0yLUanc0dDVxbc.5UPkRG","sessionId":"","ipAddress":"197.157.34.185","createdBy":"1","ts":"2017-07-05 00:00:00","active":"1"}],"accounts":[{"id":"15","name":"KINSHASHA-RMB Account","branchId":"5","currency_id":"1"},{"id":"16","name":"KINSHASHA-USD Account","branchId":"5","currency_id":"2"},{"id":"17","name":"KINSHASHA-DIRHAM Account","branchId":"5","currency_id":"3"},{"id":"18","name":"KINSHASHA-UGX Account","branchId":"5","currency_id":"4"},{"id":"19","name":"KINSHASHA-KSH Account","branchId":"5","currency_id":"5"},{"id":"20","name":"OASIS MALL-RMB Account","branchId":"6","currency_id":"1"},{"id":"21","name":"OASIS MALL-USD Account","branchId":"6","currency_id":"2"},{"id":"22","name":"OASIS MALL-DIRHAM Account","branchId":"6","currency_id":"3"},{"id":"23","name":"OASIS MALL-UGX Account","branchId":"6","currency_id":"4"},{"id":"24","name":"OASIS MALL-KSH Account","branchId":"6","currency_id":"5"},{"id":"27","name":"CHINA-RMB Account","branchId":"11","currency_id":"1"},{"id":"28","name":"CHINA-USD Account","branchId":"11","currency_id":"2"},{"id":"29","name":"CHINA-DIRHAM Account","branchId":"11","currency_id":"3"},{"id":"30","name":"CHINA-UGX Account","branchId":"11","currency_id":"4"},{"id":"31","name":"CHINA-KSH Account","branchId":"11","currency_id":"5"},{"id":"32","name":"NAIROBI-RMB Account","branchId":"12","currency_id":"1"},{"id":"33","name":"NAIROBI-USD Account","branchId":"12","currency_id":"2"},{"id":"34","name":"NAIROBI-DIRHAM Account","branchId":"12","currency_id":"3"},{"id":"35","name":"NAIROBI-UGX Account","branchId":"12","currency_id":"4"},{"id":"36","name":"NAIROBI-KSH Account","branchId":"12","currency_id":"5"}],"currencies":[{"id":"1","name":"RMB","symbol":"\u00c2\u00a5","createdBy":"1","ts":"2017-06-27 22:45:12","active":"1"},{"id":"2","name":"USD","symbol":"$","createdBy":"1","ts":"2017-06-27 22:45:12","active":"1"},{"id":"3","name":"DIRHAM","symbol":"","createdBy":"1","ts":"2017-06-28 11:40:09","active":"1"},{"id":"4","name":"UGX","symbol":"\/=","createdBy":"1","ts":"2017-06-28 11:46:50","active":"1"},{"id":"5","name":"KSH","symbol":"","createdBy":"1","ts":"2017-06-28 11:46:50","active":"1"}],"superaccount":[{"id":"1","name":"RMB Account","branchId":"0","type_id":"4","currency_id":"1","balance":"0","createdBy":"1","active":"1","ts":"2017-06-27 22:45:12"}],"accountTypes":[{"id":"1","type":"Transfer","description":"","createdBy":"1","ts":"2017-06-28 14:31:12","active":"1"},{"id":"2","type":"Suspense","description":"","createdBy":"1","ts":"2017-06-28 14:31:12","active":"1"},{"id":"4","type":"Super","description":"","createdBy":"1","ts":"2017-06-28 14:31:12","active":"1"}],"userTypes":[{"id":"1","name":"E-Value Admin","level":"1","ts":"2017-06-27 22:45:12","active":"1"},{"id":"2","name":"Super User","level":"2","ts":"2017-06-27 22:45:12","active":"1"},{"id":"3","name":"Agent","level":"3","ts":"2017-06-27 22:45:12","active":"1"},{"id":"4","name":"System Admin","level":"4","ts":"2017-06-27 22:45:12","active":"1"}]},"success":1}
2017-07-07 17:42:17 ---- New Request ----
2017-07-07 17:42:17 Controller : Users
2017-07-07 17:42:17 Method : loginAction
2017-07-07 17:42:17 Controller File : controllers/Users.class.php, Exists
2017-07-07 17:42:17 Class constructed
2017-07-07 17:42:17 Login Params ;Username :lydia
Password : ******
2017-07-07 17:42:17 SELECT SQL : SELECT id,firstName,surname,userName,userTypeId,sessionId,password,active,branchId FROM users WHERE  userName = 'lydia'  
2017-07-07 17:42:17 SELECT SQL : SELECT name FROM branches WHERE  id = '6'  
2017-07-07 17:42:17 UPDATE SQL : UPDATE users SET sessionId = 'IPn7RPlCnInFPu2BLphL5rrLJhRHVXzv',ipAddress = '197.157.0.57' WHERE  id = '3' 
2017-07-07 17:42:17 Response : {"success":1,"data":{"id":"3","firstName":"Lydia","surname":"Amoi","userName":"lydia","userTypeId":"2","sessionId":"IPn7RPlCnInFPu2BLphL5rrLJhRHVXzv","branchId":"6","branchName":"OASIS MALL"}}
2017-07-07 17:42:19 ---- New Request ----
2017-07-07 17:42:19 Controller : Users
2017-07-07 17:42:19 Method : formsdetailsAction
2017-07-07 17:42:19 Controller File : controllers/Users.class.php, Exists
2017-07-07 17:42:19 Class constructed
2017-07-07 17:42:19 Details Params :
SessionID :IPn7RPlCnInFPu2BLphL5rrLJhRHVXzv
User ID : 3
2017-07-07 17:42:19 SELECT SQL : SELECT * FROM branches WHERE  active = '1'  
2017-07-07 17:42:19 SELECT SQL : SELECT * FROM countries WHERE  active = '1'  
2017-07-07 17:42:19 SELECT SQL : SELECT * FROM identification WHERE  active = '1'  
2017-07-07 17:42:19 SELECT SQL : SELECT * FROM users WHERE  active = '1'  
2017-07-07 17:42:19 SELECT SQL : SELECT id,name,branchId,currency_id FROM accounts WHERE  active = '1' AND type_id = '1'  
2017-07-07 17:42:19 Balance Update Params :
Branch Id : 5
Account ID : 15
Amount : 0
2017-07-07 17:42:19 SELECT SQL : SELECT * FROM balances WHERE  branchId = '5' AND accountId = '15'  
2017-07-07 17:42:19 Balance Update Params :
Branch Id : 5
Account ID : 16
Amount : 0
2017-07-07 17:42:19 SELECT SQL : SELECT * FROM balances WHERE  branchId = '5' AND accountId = '16'  
2017-07-07 17:42:19 Balance Update Params :
Branch Id : 5
Account ID : 17
Amount : 0
2017-07-07 17:42:19 SELECT SQL : SELECT * FROM balances WHERE  branchId = '5' AND accountId = '17'  
2017-07-07 17:42:19 Balance Update Params :
Branch Id : 5
Account ID : 18
Amount : 0
2017-07-07 17:42:19 SELECT SQL : SELECT * FROM balances WHERE  branchId = '5' AND accountId = '18'  
2017-07-07 17:42:19 Balance Update Params :
Branch Id : 5
Account ID : 19
Amount : 0
2017-07-07 17:42:19 SELECT SQL : SELECT * FROM balances WHERE  branchId = '5' AND accountId = '19'  
2017-07-07 17:42:19 Balance Update Params :
Branch Id : 6
Account ID : 20
Amount : 0
2017-07-07 17:42:19 SELECT SQL : SELECT * FROM balances WHERE  branchId = '6' AND accountId = '20'  
2017-07-07 17:42:19 Balance Update Params :
Branch Id : 6
Account ID : 21
Amount : 0
2017-07-07 17:42:19 SELECT SQL : SELECT * FROM balances WHERE  branchId = '6' AND accountId = '21'  
2017-07-07 17:42:19 SELECT SQL : SELECT * FROM balances WHERE  branchId = '6' AND accountId = '21' AND date = '2017-07-07'  
2017-07-07 17:42:19 UPDATE SQL : UPDATE balances SET closingBalance = '-25000' WHERE  branchId = '6' AND accountId = '21' AND date = '2017-07-07' 
2017-07-07 17:42:19 Balance Update Status 2:1
 2017-07-07 17:42:19 Balance Update Params :
Branch Id : 6
Account ID : 22
Amount : 0
2017-07-07 17:42:19 SELECT SQL : SELECT * FROM balances WHERE  branchId = '6' AND accountId = '22'  
2017-07-07 17:42:19 Balance Update Params :
Branch Id : 6
Account ID : 23
Amount : 0
2017-07-07 17:42:19 SELECT SQL : SELECT * FROM balances WHERE  branchId = '6' AND accountId = '23'  
2017-07-07 17:42:19 Balance Update Params :
Branch Id : 6
Account ID : 24
Amount : 0
2017-07-07 17:42:19 SELECT SQL : SELECT * FROM balances WHERE  branchId = '6' AND accountId = '24'  
2017-07-07 17:42:19 Balance Update Params :
Branch Id : 11
Account ID : 27
Amount : 0
2017-07-07 17:42:19 SELECT SQL : SELECT * FROM balances WHERE  branchId = '11' AND accountId = '27'  
2017-07-07 17:42:19 SELECT SQL : SELECT * FROM balances WHERE  branchId = '11' AND accountId = '27' AND date = '2017-07-07'  
2017-07-07 17:42:19 UPDATE SQL : UPDATE balances SET closingBalance = '435000' WHERE  branchId = '11' AND accountId = '27' AND date = '2017-07-07' 
2017-07-07 17:42:19 Balance Update Status 2:1
 2017-07-07 17:42:19 Balance Update Params :
Branch Id : 11
Account ID : 28
Amount : 0
2017-07-07 17:42:19 SELECT SQL : SELECT * FROM balances WHERE  branchId = '11' AND accountId = '28'  
2017-07-07 17:42:19 Balance Update Params :
Branch Id : 11
Account ID : 29
Amount : 0
2017-07-07 17:42:19 SELECT SQL : SELECT * FROM balances WHERE  branchId = '11' AND accountId = '29'  
2017-07-07 17:42:19 Balance Update Params :
Branch Id : 11
Account ID : 30
Amount : 0
2017-07-07 17:42:19 SELECT SQL : SELECT * FROM balances WHERE  branchId = '11' AND accountId = '30'  
2017-07-07 17:42:19 Balance Update Params :
Branch Id : 11
Account ID : 31
Amount : 0
2017-07-07 17:42:19 SELECT SQL : SELECT * FROM balances WHERE  branchId = '11' AND accountId = '31'  
2017-07-07 17:42:19 Balance Update Params :
Branch Id : 12
Account ID : 32
Amount : 0
2017-07-07 17:42:19 SELECT SQL : SELECT * FROM balances WHERE  branchId = '12' AND accountId = '32'  
2017-07-07 17:42:19 SELECT SQL : SELECT * FROM balances WHERE  branchId = '12' AND accountId = '32' AND date = '2017-07-07'  
2017-07-07 17:42:19 UPDATE SQL : UPDATE balances SET closingBalance = '-295820' WHERE  branchId = '12' AND accountId = '32' AND date = '2017-07-07' 
2017-07-07 17:42:19 Balance Update Status 2:1
 2017-07-07 17:42:19 Balance Update Params :
Branch Id : 12
Account ID : 33
Amount : 0
2017-07-07 17:42:19 SELECT SQL : SELECT * FROM balances WHERE  branchId = '12' AND accountId = '33'  
2017-07-07 17:42:19 SELECT SQL : SELECT * FROM balances WHERE  branchId = '12' AND accountId = '33' AND date = '2017-07-07'  
2017-07-07 17:42:19 UPDATE SQL : UPDATE balances SET closingBalance = '44305' WHERE  branchId = '12' AND accountId = '33' AND date = '2017-07-07' 
2017-07-07 17:42:19 Balance Update Status 2:1
 2017-07-07 17:42:19 Balance Update Params :
Branch Id : 12
Account ID : 34
Amount : 0
2017-07-07 17:42:19 SELECT SQL : SELECT * FROM balances WHERE  branchId = '12' AND accountId = '34'  
2017-07-07 17:42:19 Balance Update Params :
Branch Id : 12
Account ID : 35
Amount : 0
2017-07-07 17:42:19 SELECT SQL : SELECT * FROM balances WHERE  branchId = '12' AND accountId = '35'  
2017-07-07 17:42:19 Balance Update Params :
Branch Id : 12
Account ID : 36
Amount : 0
2017-07-07 17:42:19 SELECT SQL : SELECT * FROM balances WHERE  branchId = '12' AND accountId = '36'  
2017-07-07 17:42:19 SELECT SQL : SELECT * FROM balances WHERE  branchId = '12' AND accountId = '36' AND date = '2017-07-07'  
2017-07-07 17:42:19 UPDATE SQL : UPDATE balances SET closingBalance = '600671' WHERE  branchId = '12' AND accountId = '36' AND date = '2017-07-07' 
2017-07-07 17:42:19 Balance Update Status 2:1
 2017-07-07 17:42:19 SELECT SQL : SELECT * FROM currencies WHERE  active = '1'  
2017-07-07 17:42:19 SELECT SQL : SELECT * FROM accounts WHERE  active = '1' AND type_id = '4'  
2017-07-07 17:42:19 SELECT SQL : SELECT * FROM account_types WHERE  active = '1'  
2017-07-07 17:42:19 SELECT SQL : SELECT * FROM user_types WHERE  active = '1'  
2017-07-07 17:42:19 Response : {"data":{"branches":[{"id":"5","name":"KINSHASHA","countryId":"4","location":"Patrice Avenue","supervisorId":"3","createdBy":"4","ts":"2017-06-30 00:06:55","active":"1"},{"id":"6","name":"OASIS MALL","countryId":"1","location":"Yusufu Lule Rd","supervisorId":"3","createdBy":"2","ts":"2017-06-30 00:12:08","active":"1"},{"id":"7","name":"GOMA","countryId":"4","location":"Goma","supervisorId":"3","createdBy":"1","ts":"2017-07-05 00:00:00","active":"1"},{"id":"9","name":"MOMBASA","countryId":"2","location":"Mombasa","supervisorId":"3","createdBy":"1","ts":"2017-07-05 00:00:00","active":"1"},{"id":"10","name":"DUBAI","countryId":"6","location":"Dubai","supervisorId":"3","createdBy":"1","ts":"2017-07-05 00:00:00","active":"1"},{"id":"11","name":"CHINA","countryId":"5","location":"China","supervisorId":"3","createdBy":"3","ts":"2017-07-05 13:23:17","active":"1"},{"id":"12","name":"NAIROBI","countryId":"2","location":"Nairobi","supervisorId":"3","createdBy":"3","ts":"2017-07-06 14:12:35","active":"1"}],"countries":[{"id":"1","name":"UGANDA","createdBy":"1","ts":"2017-06-25 23:13:31","active":"1"},{"id":"2","name":"KENYA","createdBy":"1","ts":"2017-06-26 09:02:45","active":"1"},{"id":"3","name":"TZ","createdBy":"1","ts":"2017-06-28 11:11:53","active":"1"},{"id":"4","name":"CONGO","createdBy":"1","ts":"2017-06-28 11:26:11","active":"1"},{"id":"5","name":"CHINA","createdBy":"1","ts":"2017-06-28 11:30:01","active":"1"},{"id":"6","name":"UAE","createdBy":"1","ts":"2017-07-05 00:00:00","active":"1"}],"ids":[[{"id":"1","name":"Passport","createdBy":"1","ts":"2017-06-28 14:00:01","active":"1"},{"id":"2","name":"National ID","createdBy":"1","ts":"2017-06-28 14:00:01","active":"1"},{"id":"3","name":"STUDENTS ID","createdBy":"1","ts":"2017-06-28 16:21:46","active":"1"}]],"users":[{"id":"1","firstName":"You","surname":"Jinshu","email":"hudsonbogere@swipeit.co.ug","phone":"256783131266","userName":"you","branchId":"0","userTypeId":"1","password":"$2y$10$pPGbhJ1RXx\/ug.ED3LnsQuKHJTqwYsa\/iF0OqGOgsjflkHKIDTLVq","sessionId":"","ipAddress":"197.239.37.240","createdBy":null,"ts":"2017-06-23 15:08:12","active":"1"},{"id":"2","firstName":"Nansubuga","surname":"Dorothy","email":"henry@gmail.com","phone":"256752284441","userName":"dorah","branchId":"12","userTypeId":"3","password":"$2y$10$m72Zz8Z.h4\/Zp6TFDhmbXeQ79kZ7JJ2U0yLUanc0dDVxbc.5UPkRG","sessionId":"","ipAddress":"197.157.34.185","createdBy":"1","ts":"2017-06-26 19:11:07","active":"1"},{"id":"3","firstName":"Lydia","surname":"Amoi","email":"islam@gmail.com","phone":"256777608310","userName":"lydia","branchId":"6","userTypeId":"2","password":"$2y$10$m72Zz8Z.h4\/Zp6TFDhmbXeQ79kZ7JJ2U0yLUanc0dDVxbc.5UPkRG","sessionId":"IPn7RPlCnInFPu2BLphL5rrLJhRHVXzv","ipAddress":"197.157.0.57","createdBy":"1","ts":"2017-06-26 19:41:01","active":"1"},{"id":"4","firstName":"Nabukera","surname":"Maria","email":"banerd@tfb.com","phone":"256774457813","userName":"maria","branchId":"5","userTypeId":"3","password":"$2y$10$wTpUE\/WJFMfQaBglrQocTO9ndV6dbxL2vzFDEJZ1hpVVp4binpXGO","sessionId":"","ipAddress":"197.157.34.185","createdBy":"1","ts":"2017-06-26 23:04:07","active":"1"},{"id":"5","firstName":"Henry","surname":"Bbosa","email":null,"phone":null,"userName":"henry","branchId":"11","userTypeId":"3","password":"$2y$10$m72Zz8Z.h4\/Zp6TFDhmbXeQ79kZ7JJ2U0yLUanc0dDVxbc.5UPkRG","sessionId":"","ipAddress":"197.157.34.185","createdBy":"1","ts":"2017-07-05 00:00:00","active":"1"}],"accounts":[{"id":"15","name":"KINSHASHA-RMB Account","branchId":"5","currency_id":"1"},{"id":"16","name":"KINSHASHA-USD Account","branchId":"5","currency_id":"2"},{"id":"17","name":"KINSHASHA-DIRHAM Account","branchId":"5","currency_id":"3"},{"id":"18","name":"KINSHASHA-UGX Account","branchId":"5","currency_id":"4"},{"id":"19","name":"KINSHASHA-KSH Account","branchId":"5","currency_id":"5"},{"id":"20","name":"OASIS MALL-RMB Account","branchId":"6","currency_id":"1"},{"id":"21","name":"OASIS MALL-USD Account","branchId":"6","currency_id":"2"},{"id":"22","name":"OASIS MALL-DIRHAM Account","branchId":"6","currency_id":"3"},{"id":"23","name":"OASIS MALL-UGX Account","branchId":"6","currency_id":"4"},{"id":"24","name":"OASIS MALL-KSH Account","branchId":"6","currency_id":"5"},{"id":"27","name":"CHINA-RMB Account","branchId":"11","currency_id":"1"},{"id":"28","name":"CHINA-USD Account","branchId":"11","currency_id":"2"},{"id":"29","name":"CHINA-DIRHAM Account","branchId":"11","currency_id":"3"},{"id":"30","name":"CHINA-UGX Account","branchId":"11","currency_id":"4"},{"id":"31","name":"CHINA-KSH Account","branchId":"11","currency_id":"5"},{"id":"32","name":"NAIROBI-RMB Account","branchId":"12","currency_id":"1"},{"id":"33","name":"NAIROBI-USD Account","branchId":"12","currency_id":"2"},{"id":"34","name":"NAIROBI-DIRHAM Account","branchId":"12","currency_id":"3"},{"id":"35","name":"NAIROBI-UGX Account","branchId":"12","currency_id":"4"},{"id":"36","name":"NAIROBI-KSH Account","branchId":"12","currency_id":"5"}],"currencies":[{"id":"1","name":"RMB","symbol":"\u00c2\u00a5","createdBy":"1","ts":"2017-06-27 22:45:12","active":"1"},{"id":"2","name":"USD","symbol":"$","createdBy":"1","ts":"2017-06-27 22:45:12","active":"1"},{"id":"3","name":"DIRHAM","symbol":"","createdBy":"1","ts":"2017-06-28 11:40:09","active":"1"},{"id":"4","name":"UGX","symbol":"\/=","createdBy":"1","ts":"2017-06-28 11:46:50","active":"1"},{"id":"5","name":"KSH","symbol":"","createdBy":"1","ts":"2017-06-28 11:46:50","active":"1"}],"superaccount":[{"id":"1","name":"RMB Account","branchId":"0","type_id":"4","currency_id":"1","balance":"0","createdBy":"1","active":"1","ts":"2017-06-27 22:45:12"}],"accountTypes":[{"id":"1","type":"Transfer","description":"","createdBy":"1","ts":"2017-06-28 14:31:12","active":"1"},{"id":"2","type":"Suspense","description":"","createdBy":"1","ts":"2017-06-28 14:31:12","active":"1"},{"id":"4","type":"Super","description":"","createdBy":"1","ts":"2017-06-28 14:31:12","active":"1"}],"userTypes":[{"id":"1","name":"E-Value Admin","level":"1","ts":"2017-06-27 22:45:12","active":"1"},{"id":"2","name":"Super User","level":"2","ts":"2017-06-27 22:45:12","active":"1"},{"id":"3","name":"Agent","level":"3","ts":"2017-06-27 22:45:12","active":"1"},{"id":"4","name":"System Admin","level":"4","ts":"2017-06-27 22:45:12","active":"1"}]},"success":1}
2017-07-07 17:44:42 ---- New Request ----
2017-07-07 17:44:42 Controller : Transfers
2017-07-07 17:44:42 Method : createtransferAction
2017-07-07 17:44:42 Controller File : controllers/Transfers.class.php, Exists
2017-07-07 17:44:42 Class constructed
2017-07-07 17:44:42 Class constructed
2017-07-07 17:44:42 Transfer Creation Params ;Amount :49850\currencyid : 1
Country : 5
Charge : 0
sfname : 
ssurname : SARAH
Account Number : 
semail : 
sphone : 0776000064
sidtype : 0
sid : 0
rfname : QINCHANG
rsurname : ZHANG
remail : 
rphone : 0776000064
Receiver Branch : 0
passcode : ******
password : ******
userid : 3
sessionid : IPn7RPlCnInFPu2BLphL5rrLJhRHVXzv
Exchange Rate : 6.81
AmountAfterXchange : 339478.5
Charge Currency : 2017-07-07 17:44:42 SELECT SQL : SELECT * FROM settings WHERE  name = 'SuspenseAccount'  
2017-07-07 17:44:42 SELECT SQL : SELECT * FROM settings WHERE  name = 'ToChinaAccount'  
2017-07-07 17:44:42 SELECT SQL : SELECT * FROM users WHERE  id = '3'  
2017-07-07 17:44:42 INSERT SQL : INSERT INTO transfers  (ts,userIdSource,amount,currency,destinationCountryId,toBranch,senderFname,senderSurname,senderEmail,senderPhone,senderIdType,senderId,receiverFname,receiverSurname,receiverEmail,receiverPhone,receiverAccountNumber,fromBranch,passcode,status,sourceIpAddress)  VALUES(NOW(),'3','49850','1','5','0','','SARAH','','0776000064','0','0','QINCHANG','ZHANG','','0776000064','','6','$2y$10$l5W1q/GeEqUAK./ReKSmUuhyl12M4ifJ6hsohc/JBRpY/PDWDq2La','Pending','197.157.0.57')
2017-07-07 17:44:42 SELECT SQL : SELECT id,transferRef FROM transfers WHERE  id = '5'  
2017-07-07 17:44:42 INSERT SQL : INSERT INTO audit_trails  (ts,userId,tableName,recordId,field,oldValue,newValue)  VALUES(NOW(),'3','transfers','5','transferRef','','0060535')
2017-07-07 17:44:42 audit_trails Insert ID : 273
2017-07-07 17:44:42 UPDATE SQL : UPDATE transfers SET transferRef = '0060535' WHERE  id = '5' 
2017-07-07 17:44:42 SELECT SQL : SELECT id FROM accounts WHERE  branchId = '6' AND currency_id = '2'  
2017-07-07 17:44:42 INSERT SQL : INSERT INTO account_transfers  (ts,amountAfterXchange,amountB4Xchange,currencyB4Xchange,currencyAfterXchange,exchangeRate,type,amount,charge,fromId,toId,transferRef,userId)  VALUES(NOW(),'339478.5','49850','2','1','6.81','transfer','49850','0','26','21','0060535','3')
2017-07-07 17:44:42 Balance Update Params :
Branch Id : 6
Account ID : 21
Amount : 49850
2017-07-07 17:44:42 SELECT SQL : SELECT * FROM balances WHERE  branchId = '6' AND accountId = '21'  
2017-07-07 17:44:42 SELECT SQL : SELECT * FROM balances WHERE  branchId = '6' AND accountId = '21' AND date = '2017-07-07'  
2017-07-07 17:44:42 UPDATE SQL : UPDATE balances SET closingBalance = '24850' WHERE  branchId = '6' AND accountId = '21' AND date = '2017-07-07' 
2017-07-07 17:44:42 Balance Update Status 2:1
 2017-07-07 17:44:42 Balance Update Params :
Branch Id : 0
Account ID : 26
Amount : -49850
2017-07-07 17:44:42 SELECT SQL : SELECT * FROM balances WHERE  branchId = '0' AND accountId = '26'  
2017-07-07 17:44:42 SELECT SQL : SELECT * FROM balances WHERE  branchId = '0' AND accountId = '26' AND date = '2017-07-07'  
2017-07-07 17:44:42 SELECT SQL : SELECT closingBalance FROM balances WHERE  branchId = '0' AND accountId = '26' AND date = '2017-07-06'  
2017-07-07 17:44:42 INSERT SQL : INSERT INTO balances  (ts,branchId,accountId,openingBalance,closingBalance,date)  VALUES(NOW(),'0','26','270970','270970','2017-07-07')
2017-07-07 17:44:42 Balance Create Insert ID Today 2:13
 2017-07-07 17:44:42 SELECT SQL : SELECT * FROM transfers WHERE  fromBranch = '6'  OR toBranch = '6'  OR destinationCountryId = '5'  
2017-07-07 17:44:42 Response : {"success":1,"data":"0060535"}
2017-07-07 17:45:11 ---- New Request ----
2017-07-07 17:45:11 Controller : Transfers
2017-07-07 17:45:11 Method : getbalancesAction
2017-07-07 17:45:11 Controller File : controllers/Transfers.class.php, Exists
2017-07-07 17:45:11 Class constructed
2017-07-07 17:45:11 Class constructed
2017-07-07 17:45:11 UserID : 3
SessionId : IPn7RPlCnInFPu2BLphL5rrLJhRHVXzv
Branch ID : 6
Date : 
2017-07-07 17:45:11 SELECT SQL : SELECT sessionId,branchId,userTypeId FROM users WHERE  id = '3'  
2017-07-07 17:45:11 SELECT SQL : SELECT closingBalance,openingBalance,accountId,branchId,date FROM balances WHERE  date = '2017-07-07' AND branchId = '6'  
2017-07-07 17:45:11 SELECT SQL : SELECT name FROM accounts WHERE  id = '21'  
2017-07-07 17:45:11 SELECT SQL : SELECT name FROM branches WHERE  id = '6'  
2017-07-07 17:45:11 Response : {"success":1,"data":[{"closingBalance":"24850","openingBalance":"-25000","accountId":"21","branchId":"6","date":"2017-07-07","accountName":"OASIS MALL-USD Account","branchName":"OASIS MALL"}]}
2017-07-07 17:46:34 ---- New Request ----
2017-07-07 17:46:34 Controller : Exchange
2017-07-07 17:46:34 Method : createexchangeAction
2017-07-07 17:46:34 Controller File : controllers/Exchange.class.php, Exists
2017-07-07 17:46:35 Class constructed
2017-07-07 17:46:35 Class constructed
2017-07-07 17:46:35 Exchange Params:
FromCurrency : 2
ToCurrency : 4
AmountBe4 : 10000
Amount After : 36000000
Exhange Rate : 3600
UserID : 3
Session ID : IPn7RPlCnInFPu2BLphL5rrLJhRHVXzv
2017-07-07 17:46:35 SELECT SQL : SELECT * FROM users WHERE  id = '3'  
2017-07-07 17:46:35 INSERT SQL : INSERT INTO currency_exchange  (ts,fromCurrencyId,toCurrencyId,AmountBeforeXchange,amountAfterXchange,exhangeRate,userId)  VALUES(NOW(),'2','4','10000','36000000','3600','3')
2017-07-07 17:46:35 Response : {"success":1,"data":"Your request was successfully processed."}
2017-07-07 17:47:30 ---- New Request ----
2017-07-07 17:47:30 Controller : Users
2017-07-07 17:47:30 Method : logoutAction
2017-07-07 17:47:30 Controller File : controllers/Users.class.php, Exists
2017-07-07 17:47:30 Class constructed
2017-07-07 17:47:30 Logout Params ;Session ID :IPn7RPlCnInFPu2BLphL5rrLJhRHVXzv\User ID : 3
2017-07-07 17:47:30 UPDATE SQL : UPDATE users SET sessionId = '',ipAddress = '197.157.0.57' WHERE  id = '3' 
2017-07-07 17:47:30 Response : {"success":1}
2017-07-07 17:48:21 ---- New Request ----
2017-07-07 17:48:21 Controller : Users
2017-07-07 17:48:21 Method : loginAction
2017-07-07 17:48:21 Controller File : controllers/Users.class.php, Exists
2017-07-07 17:48:21 Class constructed
2017-07-07 17:48:21 Login Params ;Username :lydia
Password : ******
2017-07-07 17:48:21 SELECT SQL : SELECT id,firstName,surname,userName,userTypeId,sessionId,password,active,branchId FROM users WHERE  userName = 'lydia'  
2017-07-07 17:48:22 SELECT SQL : SELECT name FROM branches WHERE  id = '6'  
2017-07-07 17:48:22 UPDATE SQL : UPDATE users SET sessionId = '7eMbm83d51EmJ022RAuisgXmhs5kMolM',ipAddress = '197.157.0.57' WHERE  id = '3' 
2017-07-07 17:48:22 Response : {"success":1,"data":{"id":"3","firstName":"Lydia","surname":"Amoi","userName":"lydia","userTypeId":"2","sessionId":"7eMbm83d51EmJ022RAuisgXmhs5kMolM","branchId":"6","branchName":"OASIS MALL"}}
2017-07-07 17:49:47 ---- New Request ----
2017-07-07 17:49:47 Controller : Users
2017-07-07 17:49:47 Method : loginAction
2017-07-07 17:49:47 Controller File : controllers/Users.class.php, Exists
2017-07-07 17:49:47 Class constructed
2017-07-07 17:49:47 Login Params ;Username :lydia
Password : ******
2017-07-07 17:49:47 SELECT SQL : SELECT id,firstName,surname,userName,userTypeId,sessionId,password,active,branchId FROM users WHERE  userName = 'lydia'  
2017-07-07 17:49:47 SELECT SQL : SELECT name FROM branches WHERE  id = '6'  
2017-07-07 17:49:47 UPDATE SQL : UPDATE users SET sessionId = 'aGXJrgy10BiQIctNLSFZwra0pfmaPBfz',ipAddress = '197.157.0.57' WHERE  id = '3' 
2017-07-07 17:49:47 Response : {"success":1,"data":{"id":"3","firstName":"Lydia","surname":"Amoi","userName":"lydia","userTypeId":"2","sessionId":"aGXJrgy10BiQIctNLSFZwra0pfmaPBfz","branchId":"6","branchName":"OASIS MALL"}}
2017-07-07 17:49:51 ---- New Request ----
2017-07-07 17:49:51 Controller : Users
2017-07-07 17:49:51 Method : formsdetailsAction
2017-07-07 17:49:51 Controller File : controllers/Users.class.php, Exists
2017-07-07 17:49:51 Class constructed
2017-07-07 17:49:51 Details Params :
SessionID :aGXJrgy10BiQIctNLSFZwra0pfmaPBfz
User ID : 3
2017-07-07 17:49:51 SELECT SQL : SELECT * FROM branches WHERE  active = '1'  
2017-07-07 17:49:51 SELECT SQL : SELECT * FROM countries WHERE  active = '1'  
2017-07-07 17:49:51 SELECT SQL : SELECT * FROM identification WHERE  active = '1'  
2017-07-07 17:49:51 SELECT SQL : SELECT * FROM users WHERE  active = '1'  
2017-07-07 17:49:51 SELECT SQL : SELECT id,name,branchId,currency_id FROM accounts WHERE  active = '1' AND type_id = '1'  
2017-07-07 17:49:51 Balance Update Params :
Branch Id : 5
Account ID : 15
Amount : 0
2017-07-07 17:49:51 SELECT SQL : SELECT * FROM balances WHERE  branchId = '5' AND accountId = '15'  
2017-07-07 17:49:51 Balance Update Params :
Branch Id : 5
Account ID : 16
Amount : 0
2017-07-07 17:49:51 SELECT SQL : SELECT * FROM balances WHERE  branchId = '5' AND accountId = '16'  
2017-07-07 17:49:51 Balance Update Params :
Branch Id : 5
Account ID : 17
Amount : 0
2017-07-07 17:49:51 SELECT SQL : SELECT * FROM balances WHERE  branchId = '5' AND accountId = '17'  
2017-07-07 17:49:51 Balance Update Params :
Branch Id : 5
Account ID : 18
Amount : 0
2017-07-07 17:49:51 SELECT SQL : SELECT * FROM balances WHERE  branchId = '5' AND accountId = '18'  
2017-07-07 17:49:51 Balance Update Params :
Branch Id : 5
Account ID : 19
Amount : 0
2017-07-07 17:49:51 SELECT SQL : SELECT * FROM balances WHERE  branchId = '5' AND accountId = '19'  
2017-07-07 17:49:51 Balance Update Params :
Branch Id : 6
Account ID : 20
Amount : 0
2017-07-07 17:49:51 SELECT SQL : SELECT * FROM balances WHERE  branchId = '6' AND accountId = '20'  
2017-07-07 17:49:51 Balance Update Params :
Branch Id : 6
Account ID : 21
Amount : 0
2017-07-07 17:49:51 SELECT SQL : SELECT * FROM balances WHERE  branchId = '6' AND accountId = '21'  
2017-07-07 17:49:51 SELECT SQL : SELECT * FROM balances WHERE  branchId = '6' AND accountId = '21' AND date = '2017-07-07'  
2017-07-07 17:49:51 UPDATE SQL : UPDATE balances SET closingBalance = '24850' WHERE  branchId = '6' AND accountId = '21' AND date = '2017-07-07' 
2017-07-07 17:49:51 Balance Update Status 2:1
 2017-07-07 17:49:51 Balance Update Params :
Branch Id : 6
Account ID : 22
Amount : 0
2017-07-07 17:49:51 SELECT SQL : SELECT * FROM balances WHERE  branchId = '6' AND accountId = '22'  
2017-07-07 17:49:51 Balance Update Params :
Branch Id : 6
Account ID : 23
Amount : 0
2017-07-07 17:49:51 SELECT SQL : SELECT * FROM balances WHERE  branchId = '6' AND accountId = '23'  
2017-07-07 17:49:51 Balance Update Params :
Branch Id : 6
Account ID : 24
Amount : 0
2017-07-07 17:49:51 SELECT SQL : SELECT * FROM balances WHERE  branchId = '6' AND accountId = '24'  
2017-07-07 17:49:51 Balance Update Params :
Branch Id : 11
Account ID : 27
Amount : 0
2017-07-07 17:49:51 SELECT SQL : SELECT * FROM balances WHERE  branchId = '11' AND accountId = '27'  
2017-07-07 17:49:51 SELECT SQL : SELECT * FROM balances WHERE  branchId = '11' AND accountId = '27' AND date = '2017-07-07'  
2017-07-07 17:49:51 UPDATE SQL : UPDATE balances SET closingBalance = '435000' WHERE  branchId = '11' AND accountId = '27' AND date = '2017-07-07' 
2017-07-07 17:49:51 Balance Update Status 2:1
 2017-07-07 17:49:51 Balance Update Params :
Branch Id : 11
Account ID : 28
Amount : 0
2017-07-07 17:49:51 SELECT SQL : SELECT * FROM balances WHERE  branchId = '11' AND accountId = '28'  
2017-07-07 17:49:51 Balance Update Params :
Branch Id : 11
Account ID : 29
Amount : 0
2017-07-07 17:49:51 SELECT SQL : SELECT * FROM balances WHERE  branchId = '11' AND accountId = '29'  
2017-07-07 17:49:51 Balance Update Params :
Branch Id : 11
Account ID : 30
Amount : 0
2017-07-07 17:49:51 SELECT SQL : SELECT * FROM balances WHERE  branchId = '11' AND accountId = '30'  
2017-07-07 17:49:51 Balance Update Params :
Branch Id : 11
Account ID : 31
Amount : 0
2017-07-07 17:49:51 SELECT SQL : SELECT * FROM balances WHERE  branchId = '11' AND accountId = '31'  
2017-07-07 17:49:51 Balance Update Params :
Branch Id : 12
Account ID : 32
Amount : 0
2017-07-07 17:49:51 SELECT SQL : SELECT * FROM balances WHERE  branchId = '12' AND accountId = '32'  
2017-07-07 17:49:51 SELECT SQL : SELECT * FROM balances WHERE  branchId = '12' AND accountId = '32' AND date = '2017-07-07'  
2017-07-07 17:49:51 UPDATE SQL : UPDATE balances SET closingBalance = '-295820' WHERE  branchId = '12' AND accountId = '32' AND date = '2017-07-07' 
2017-07-07 17:49:51 Balance Update Status 2:1
 2017-07-07 17:49:51 Balance Update Params :
Branch Id : 12
Account ID : 33
Amount : 0
2017-07-07 17:49:51 SELECT SQL : SELECT * FROM balances WHERE  branchId = '12' AND accountId = '33'  
2017-07-07 17:49:51 SELECT SQL : SELECT * FROM balances WHERE  branchId = '12' AND accountId = '33' AND date = '2017-07-07'  
2017-07-07 17:49:51 UPDATE SQL : UPDATE balances SET closingBalance = '44305' WHERE  branchId = '12' AND accountId = '33' AND date = '2017-07-07' 
2017-07-07 17:49:51 Balance Update Status 2:1
 2017-07-07 17:49:51 Balance Update Params :
Branch Id : 12
Account ID : 34
Amount : 0
2017-07-07 17:49:51 SELECT SQL : SELECT * FROM balances WHERE  branchId = '12' AND accountId = '34'  
2017-07-07 17:49:51 Balance Update Params :
Branch Id : 12
Account ID : 35
Amount : 0
2017-07-07 17:49:51 SELECT SQL : SELECT * FROM balances WHERE  branchId = '12' AND accountId = '35'  
2017-07-07 17:49:51 Balance Update Params :
Branch Id : 12
Account ID : 36
Amount : 0
2017-07-07 17:49:51 SELECT SQL : SELECT * FROM balances WHERE  branchId = '12' AND accountId = '36'  
2017-07-07 17:49:51 SELECT SQL : SELECT * FROM balances WHERE  branchId = '12' AND accountId = '36' AND date = '2017-07-07'  
2017-07-07 17:49:51 UPDATE SQL : UPDATE balances SET closingBalance = '600671' WHERE  branchId = '12' AND accountId = '36' AND date = '2017-07-07' 
2017-07-07 17:49:51 Balance Update Status 2:1
 2017-07-07 17:49:51 SELECT SQL : SELECT * FROM currencies WHERE  active = '1'  
2017-07-07 17:49:51 SELECT SQL : SELECT * FROM accounts WHERE  active = '1' AND type_id = '4'  
2017-07-07 17:49:51 SELECT SQL : SELECT * FROM account_types WHERE  active = '1'  
2017-07-07 17:49:51 SELECT SQL : SELECT * FROM user_types WHERE  active = '1'  
2017-07-07 17:49:51 Response : {"data":{"branches":[{"id":"5","name":"KINSHASHA","countryId":"4","location":"Patrice Avenue","supervisorId":"3","createdBy":"4","ts":"2017-06-30 00:06:55","active":"1"},{"id":"6","name":"OASIS MALL","countryId":"1","location":"Yusufu Lule Rd","supervisorId":"3","createdBy":"2","ts":"2017-06-30 00:12:08","active":"1"},{"id":"7","name":"GOMA","countryId":"4","location":"Goma","supervisorId":"3","createdBy":"1","ts":"2017-07-05 00:00:00","active":"1"},{"id":"9","name":"MOMBASA","countryId":"2","location":"Mombasa","supervisorId":"3","createdBy":"1","ts":"2017-07-05 00:00:00","active":"1"},{"id":"10","name":"DUBAI","countryId":"6","location":"Dubai","supervisorId":"3","createdBy":"1","ts":"2017-07-05 00:00:00","active":"1"},{"id":"11","name":"CHINA","countryId":"5","location":"China","supervisorId":"3","createdBy":"3","ts":"2017-07-05 13:23:17","active":"1"},{"id":"12","name":"NAIROBI","countryId":"2","location":"Nairobi","supervisorId":"3","createdBy":"3","ts":"2017-07-06 14:12:35","active":"1"}],"countries":[{"id":"1","name":"UGANDA","createdBy":"1","ts":"2017-06-25 23:13:31","active":"1"},{"id":"2","name":"KENYA","createdBy":"1","ts":"2017-06-26 09:02:45","active":"1"},{"id":"3","name":"TZ","createdBy":"1","ts":"2017-06-28 11:11:53","active":"1"},{"id":"4","name":"CONGO","createdBy":"1","ts":"2017-06-28 11:26:11","active":"1"},{"id":"5","name":"CHINA","createdBy":"1","ts":"2017-06-28 11:30:01","active":"1"},{"id":"6","name":"UAE","createdBy":"1","ts":"2017-07-05 00:00:00","active":"1"}],"ids":[[{"id":"1","name":"Passport","createdBy":"1","ts":"2017-06-28 14:00:01","active":"1"},{"id":"2","name":"National ID","createdBy":"1","ts":"2017-06-28 14:00:01","active":"1"},{"id":"3","name":"STUDENTS ID","createdBy":"1","ts":"2017-06-28 16:21:46","active":"1"}]],"users":[{"id":"1","firstName":"You","surname":"Jinshu","email":"hudsonbogere@swipeit.co.ug","phone":"256783131266","userName":"you","branchId":"0","userTypeId":"1","password":"$2y$10$pPGbhJ1RXx\/ug.ED3LnsQuKHJTqwYsa\/iF0OqGOgsjflkHKIDTLVq","sessionId":"","ipAddress":"197.239.37.240","createdBy":null,"ts":"2017-06-23 15:08:12","active":"1"},{"id":"2","firstName":"Nansubuga","surname":"Dorothy","email":"henry@gmail.com","phone":"256752284441","userName":"dorah","branchId":"12","userTypeId":"3","password":"$2y$10$m72Zz8Z.h4\/Zp6TFDhmbXeQ79kZ7JJ2U0yLUanc0dDVxbc.5UPkRG","sessionId":"","ipAddress":"197.157.34.185","createdBy":"1","ts":"2017-06-26 19:11:07","active":"1"},{"id":"3","firstName":"Lydia","surname":"Amoi","email":"islam@gmail.com","phone":"256777608310","userName":"lydia","branchId":"6","userTypeId":"2","password":"$2y$10$m72Zz8Z.h4\/Zp6TFDhmbXeQ79kZ7JJ2U0yLUanc0dDVxbc.5UPkRG","sessionId":"aGXJrgy10BiQIctNLSFZwra0pfmaPBfz","ipAddress":"197.157.0.57","createdBy":"1","ts":"2017-06-26 19:41:01","active":"1"},{"id":"4","firstName":"Nabukera","surname":"Maria","email":"banerd@tfb.com","phone":"256774457813","userName":"maria","branchId":"5","userTypeId":"3","password":"$2y$10$wTpUE\/WJFMfQaBglrQocTO9ndV6dbxL2vzFDEJZ1hpVVp4binpXGO","sessionId":"","ipAddress":"197.157.34.185","createdBy":"1","ts":"2017-06-26 23:04:07","active":"1"},{"id":"5","firstName":"Henry","surname":"Bbosa","email":null,"phone":null,"userName":"henry","branchId":"11","userTypeId":"3","password":"$2y$10$m72Zz8Z.h4\/Zp6TFDhmbXeQ79kZ7JJ2U0yLUanc0dDVxbc.5UPkRG","sessionId":"","ipAddress":"197.157.34.185","createdBy":"1","ts":"2017-07-05 00:00:00","active":"1"}],"accounts":[{"id":"15","name":"KINSHASHA-RMB Account","branchId":"5","currency_id":"1"},{"id":"16","name":"KINSHASHA-USD Account","branchId":"5","currency_id":"2"},{"id":"17","name":"KINSHASHA-DIRHAM Account","branchId":"5","currency_id":"3"},{"id":"18","name":"KINSHASHA-UGX Account","branchId":"5","currency_id":"4"},{"id":"19","name":"KINSHASHA-KSH Account","branchId":"5","currency_id":"5"},{"id":"20","name":"OASIS MALL-RMB Account","branchId":"6","currency_id":"1"},{"id":"21","name":"OASIS MALL-USD Account","branchId":"6","currency_id":"2"},{"id":"22","name":"OASIS MALL-DIRHAM Account","branchId":"6","currency_id":"3"},{"id":"23","name":"OASIS MALL-UGX Account","branchId":"6","currency_id":"4"},{"id":"24","name":"OASIS MALL-KSH Account","branchId":"6","currency_id":"5"},{"id":"27","name":"CHINA-RMB Account","branchId":"11","currency_id":"1"},{"id":"28","name":"CHINA-USD Account","branchId":"11","currency_id":"2"},{"id":"29","name":"CHINA-DIRHAM Account","branchId":"11","currency_id":"3"},{"id":"30","name":"CHINA-UGX Account","branchId":"11","currency_id":"4"},{"id":"31","name":"CHINA-KSH Account","branchId":"11","currency_id":"5"},{"id":"32","name":"NAIROBI-RMB Account","branchId":"12","currency_id":"1"},{"id":"33","name":"NAIROBI-USD Account","branchId":"12","currency_id":"2"},{"id":"34","name":"NAIROBI-DIRHAM Account","branchId":"12","currency_id":"3"},{"id":"35","name":"NAIROBI-UGX Account","branchId":"12","currency_id":"4"},{"id":"36","name":"NAIROBI-KSH Account","branchId":"12","currency_id":"5"}],"currencies":[{"id":"1","name":"RMB","symbol":"\u00c2\u00a5","createdBy":"1","ts":"2017-06-27 22:45:12","active":"1"},{"id":"2","name":"USD","symbol":"$","createdBy":"1","ts":"2017-06-27 22:45:12","active":"1"},{"id":"3","name":"DIRHAM","symbol":"","createdBy":"1","ts":"2017-06-28 11:40:09","active":"1"},{"id":"4","name":"UGX","symbol":"\/=","createdBy":"1","ts":"2017-06-28 11:46:50","active":"1"},{"id":"5","name":"KSH","symbol":"","createdBy":"1","ts":"2017-06-28 11:46:50","active":"1"}],"superaccount":[{"id":"1","name":"RMB Account","branchId":"0","type_id":"4","currency_id":"1","balance":"0","createdBy":"1","active":"1","ts":"2017-06-27 22:45:12"}],"accountTypes":[{"id":"1","type":"Transfer","description":"","createdBy":"1","ts":"2017-06-28 14:31:12","active":"1"},{"id":"2","type":"Suspense","description":"","createdBy":"1","ts":"2017-06-28 14:31:12","active":"1"},{"id":"4","type":"Super","description":"","createdBy":"1","ts":"2017-06-28 14:31:12","active":"1"}],"userTypes":[{"id":"1","name":"E-Value Admin","level":"1","ts":"2017-06-27 22:45:12","active":"1"},{"id":"2","name":"Super User","level":"2","ts":"2017-06-27 22:45:12","active":"1"},{"id":"3","name":"Agent","level":"3","ts":"2017-06-27 22:45:12","active":"1"},{"id":"4","name":"System Admin","level":"4","ts":"2017-06-27 22:45:12","active":"1"}]},"success":1}
2017-07-07 17:50:36 ---- New Request ----
2017-07-07 17:50:36 Controller : Transfers
2017-07-07 17:50:36 Method : getbalancesAction
2017-07-07 17:50:36 Controller File : controllers/Transfers.class.php, Exists
2017-07-07 17:50:36 Class constructed
2017-07-07 17:50:36 Class constructed
2017-07-07 17:50:36 UserID : 3
SessionId : aGXJrgy10BiQIctNLSFZwra0pfmaPBfz
Branch ID : 6
Date : 
2017-07-07 17:50:36 SELECT SQL : SELECT sessionId,branchId,userTypeId FROM users WHERE  id = '3'  
2017-07-07 17:50:36 SELECT SQL : SELECT closingBalance,openingBalance,accountId,branchId,date FROM balances WHERE  date = '2017-07-07' AND branchId = '6'  
2017-07-07 17:50:36 SELECT SQL : SELECT name FROM accounts WHERE  id = '21'  
2017-07-07 17:50:36 SELECT SQL : SELECT name FROM branches WHERE  id = '6'  
2017-07-07 17:50:36 Response : {"success":1,"data":[{"closingBalance":"24850","openingBalance":"-25000","accountId":"21","branchId":"6","date":"2017-07-07","accountName":"OASIS MALL-USD Account","branchName":"OASIS MALL"}]}
2017-07-07 17:50:46 ---- New Request ----
2017-07-07 17:50:46 Controller : Users
2017-07-07 17:50:46 Method : formsdetailsAction
2017-07-07 17:50:46 Controller File : controllers/Users.class.php, Exists
2017-07-07 17:50:46 Class constructed
2017-07-07 17:50:46 Details Params :
SessionID :aGXJrgy10BiQIctNLSFZwra0pfmaPBfz
User ID : 3
2017-07-07 17:50:46 SELECT SQL : SELECT * FROM branches WHERE  active = '1'  
2017-07-07 17:50:46 SELECT SQL : SELECT * FROM countries WHERE  active = '1'  
2017-07-07 17:50:46 SELECT SQL : SELECT * FROM identification WHERE  active = '1'  
2017-07-07 17:50:46 SELECT SQL : SELECT * FROM users WHERE  active = '1'  
2017-07-07 17:50:46 SELECT SQL : SELECT id,name,branchId,currency_id FROM accounts WHERE  active = '1' AND type_id = '1'  
2017-07-07 17:50:46 Balance Update Params :
Branch Id : 5
Account ID : 15
Amount : 0
2017-07-07 17:50:46 SELECT SQL : SELECT * FROM balances WHERE  branchId = '5' AND accountId = '15'  
2017-07-07 17:50:46 Balance Update Params :
Branch Id : 5
Account ID : 16
Amount : 0
2017-07-07 17:50:46 SELECT SQL : SELECT * FROM balances WHERE  branchId = '5' AND accountId = '16'  
2017-07-07 17:50:46 Balance Update Params :
Branch Id : 5
Account ID : 17
Amount : 0
2017-07-07 17:50:46 SELECT SQL : SELECT * FROM balances WHERE  branchId = '5' AND accountId = '17'  
2017-07-07 17:50:46 Balance Update Params :
Branch Id : 5
Account ID : 18
Amount : 0
2017-07-07 17:50:46 SELECT SQL : SELECT * FROM balances WHERE  branchId = '5' AND accountId = '18'  
2017-07-07 17:50:46 Balance Update Params :
Branch Id : 5
Account ID : 19
Amount : 0
2017-07-07 17:50:46 SELECT SQL : SELECT * FROM balances WHERE  branchId = '5' AND accountId = '19'  
2017-07-07 17:50:46 Balance Update Params :
Branch Id : 6
Account ID : 20
Amount : 0
2017-07-07 17:50:46 SELECT SQL : SELECT * FROM balances WHERE  branchId = '6' AND accountId = '20'  
2017-07-07 17:50:46 Balance Update Params :
Branch Id : 6
Account ID : 21
Amount : 0
2017-07-07 17:50:46 SELECT SQL : SELECT * FROM balances WHERE  branchId = '6' AND accountId = '21'  
2017-07-07 17:50:46 SELECT SQL : SELECT * FROM balances WHERE  branchId = '6' AND accountId = '21' AND date = '2017-07-07'  
2017-07-07 17:50:46 UPDATE SQL : UPDATE balances SET closingBalance = '24850' WHERE  branchId = '6' AND accountId = '21' AND date = '2017-07-07' 
2017-07-07 17:50:46 Balance Update Status 2:1
 2017-07-07 17:50:46 Balance Update Params :
Branch Id : 6
Account ID : 22
Amount : 0
2017-07-07 17:50:46 SELECT SQL : SELECT * FROM balances WHERE  branchId = '6' AND accountId = '22'  
2017-07-07 17:50:46 Balance Update Params :
Branch Id : 6
Account ID : 23
Amount : 0
2017-07-07 17:50:46 SELECT SQL : SELECT * FROM balances WHERE  branchId = '6' AND accountId = '23'  
2017-07-07 17:50:46 Balance Update Params :
Branch Id : 6
Account ID : 24
Amount : 0
2017-07-07 17:50:46 SELECT SQL : SELECT * FROM balances WHERE  branchId = '6' AND accountId = '24'  
2017-07-07 17:50:46 Balance Update Params :
Branch Id : 11
Account ID : 27
Amount : 0
2017-07-07 17:50:46 SELECT SQL : SELECT * FROM balances WHERE  branchId = '11' AND accountId = '27'  
2017-07-07 17:50:46 SELECT SQL : SELECT * FROM balances WHERE  branchId = '11' AND accountId = '27' AND date = '2017-07-07'  
2017-07-07 17:50:46 UPDATE SQL : UPDATE balances SET closingBalance = '435000' WHERE  branchId = '11' AND accountId = '27' AND date = '2017-07-07' 
2017-07-07 17:50:46 Balance Update Status 2:1
 2017-07-07 17:50:46 Balance Update Params :
Branch Id : 11
Account ID : 28
Amount : 0
2017-07-07 17:50:46 SELECT SQL : SELECT * FROM balances WHERE  branchId = '11' AND accountId = '28'  
2017-07-07 17:50:46 Balance Update Params :
Branch Id : 11
Account ID : 29
Amount : 0
2017-07-07 17:50:46 SELECT SQL : SELECT * FROM balances WHERE  branchId = '11' AND accountId = '29'  
2017-07-07 17:50:46 Balance Update Params :
Branch Id : 11
Account ID : 30
Amount : 0
2017-07-07 17:50:46 SELECT SQL : SELECT * FROM balances WHERE  branchId = '11' AND accountId = '30'  
2017-07-07 17:50:46 Balance Update Params :
Branch Id : 11
Account ID : 31
Amount : 0
2017-07-07 17:50:46 SELECT SQL : SELECT * FROM balances WHERE  branchId = '11' AND accountId = '31'  
2017-07-07 17:50:46 Balance Update Params :
Branch Id : 12
Account ID : 32
Amount : 0
2017-07-07 17:50:46 SELECT SQL : SELECT * FROM balances WHERE  branchId = '12' AND accountId = '32'  
2017-07-07 17:50:46 SELECT SQL : SELECT * FROM balances WHERE  branchId = '12' AND accountId = '32' AND date = '2017-07-07'  
2017-07-07 17:50:46 UPDATE SQL : UPDATE balances SET closingBalance = '-295820' WHERE  branchId = '12' AND accountId = '32' AND date = '2017-07-07' 
2017-07-07 17:50:46 Balance Update Status 2:1
 2017-07-07 17:50:46 Balance Update Params :
Branch Id : 12
Account ID : 33
Amount : 0
2017-07-07 17:50:46 SELECT SQL : SELECT * FROM balances WHERE  branchId = '12' AND accountId = '33'  
2017-07-07 17:50:46 SELECT SQL : SELECT * FROM balances WHERE  branchId = '12' AND accountId = '33' AND date = '2017-07-07'  
2017-07-07 17:50:46 UPDATE SQL : UPDATE balances SET closingBalance = '44305' WHERE  branchId = '12' AND accountId = '33' AND date = '2017-07-07' 
2017-07-07 17:50:46 Balance Update Status 2:1
 2017-07-07 17:50:46 Balance Update Params :
Branch Id : 12
Account ID : 34
Amount : 0
2017-07-07 17:50:46 SELECT SQL : SELECT * FROM balances WHERE  branchId = '12' AND accountId = '34'  
2017-07-07 17:50:46 Balance Update Params :
Branch Id : 12
Account ID : 35
Amount : 0
2017-07-07 17:50:46 SELECT SQL : SELECT * FROM balances WHERE  branchId = '12' AND accountId = '35'  
2017-07-07 17:50:46 Balance Update Params :
Branch Id : 12
Account ID : 36
Amount : 0
2017-07-07 17:50:46 SELECT SQL : SELECT * FROM balances WHERE  branchId = '12' AND accountId = '36'  
2017-07-07 17:50:46 SELECT SQL : SELECT * FROM balances WHERE  branchId = '12' AND accountId = '36' AND date = '2017-07-07'  
2017-07-07 17:50:46 UPDATE SQL : UPDATE balances SET closingBalance = '600671' WHERE  branchId = '12' AND accountId = '36' AND date = '2017-07-07' 
2017-07-07 17:50:46 Balance Update Status 2:1
 2017-07-07 17:50:46 SELECT SQL : SELECT * FROM currencies WHERE  active = '1'  
2017-07-07 17:50:46 SELECT SQL : SELECT * FROM accounts WHERE  active = '1' AND type_id = '4'  
2017-07-07 17:50:46 SELECT SQL : SELECT * FROM account_types WHERE  active = '1'  
2017-07-07 17:50:46 SELECT SQL : SELECT * FROM user_types WHERE  active = '1'  
2017-07-07 17:50:46 Response : {"data":{"branches":[{"id":"5","name":"KINSHASHA","countryId":"4","location":"Patrice Avenue","supervisorId":"3","createdBy":"4","ts":"2017-06-30 00:06:55","active":"1"},{"id":"6","name":"OASIS MALL","countryId":"1","location":"Yusufu Lule Rd","supervisorId":"3","createdBy":"2","ts":"2017-06-30 00:12:08","active":"1"},{"id":"7","name":"GOMA","countryId":"4","location":"Goma","supervisorId":"3","createdBy":"1","ts":"2017-07-05 00:00:00","active":"1"},{"id":"9","name":"MOMBASA","countryId":"2","location":"Mombasa","supervisorId":"3","createdBy":"1","ts":"2017-07-05 00:00:00","active":"1"},{"id":"10","name":"DUBAI","countryId":"6","location":"Dubai","supervisorId":"3","createdBy":"1","ts":"2017-07-05 00:00:00","active":"1"},{"id":"11","name":"CHINA","countryId":"5","location":"China","supervisorId":"3","createdBy":"3","ts":"2017-07-05 13:23:17","active":"1"},{"id":"12","name":"NAIROBI","countryId":"2","location":"Nairobi","supervisorId":"3","createdBy":"3","ts":"2017-07-06 14:12:35","active":"1"}],"countries":[{"id":"1","name":"UGANDA","createdBy":"1","ts":"2017-06-25 23:13:31","active":"1"},{"id":"2","name":"KENYA","createdBy":"1","ts":"2017-06-26 09:02:45","active":"1"},{"id":"3","name":"TZ","createdBy":"1","ts":"2017-06-28 11:11:53","active":"1"},{"id":"4","name":"CONGO","createdBy":"1","ts":"2017-06-28 11:26:11","active":"1"},{"id":"5","name":"CHINA","createdBy":"1","ts":"2017-06-28 11:30:01","active":"1"},{"id":"6","name":"UAE","createdBy":"1","ts":"2017-07-05 00:00:00","active":"1"}],"ids":[[{"id":"1","name":"Passport","createdBy":"1","ts":"2017-06-28 14:00:01","active":"1"},{"id":"2","name":"National ID","createdBy":"1","ts":"2017-06-28 14:00:01","active":"1"},{"id":"3","name":"STUDENTS ID","createdBy":"1","ts":"2017-06-28 16:21:46","active":"1"}]],"users":[{"id":"1","firstName":"You","surname":"Jinshu","email":"hudsonbogere@swipeit.co.ug","phone":"256783131266","userName":"you","branchId":"0","userTypeId":"1","password":"$2y$10$pPGbhJ1RXx\/ug.ED3LnsQuKHJTqwYsa\/iF0OqGOgsjflkHKIDTLVq","sessionId":"","ipAddress":"197.239.37.240","createdBy":null,"ts":"2017-06-23 15:08:12","active":"1"},{"id":"2","firstName":"Nansubuga","surname":"Dorothy","email":"henry@gmail.com","phone":"256752284441","userName":"dorah","branchId":"12","userTypeId":"3","password":"$2y$10$m72Zz8Z.h4\/Zp6TFDhmbXeQ79kZ7JJ2U0yLUanc0dDVxbc.5UPkRG","sessionId":"","ipAddress":"197.157.34.185","createdBy":"1","ts":"2017-06-26 19:11:07","active":"1"},{"id":"3","firstName":"Lydia","surname":"Amoi","email":"islam@gmail.com","phone":"256777608310","userName":"lydia","branchId":"6","userTypeId":"2","password":"$2y$10$m72Zz8Z.h4\/Zp6TFDhmbXeQ79kZ7JJ2U0yLUanc0dDVxbc.5UPkRG","sessionId":"aGXJrgy10BiQIctNLSFZwra0pfmaPBfz","ipAddress":"197.157.0.57","createdBy":"1","ts":"2017-06-26 19:41:01","active":"1"},{"id":"4","firstName":"Nabukera","surname":"Maria","email":"banerd@tfb.com","phone":"256774457813","userName":"maria","branchId":"5","userTypeId":"3","password":"$2y$10$wTpUE\/WJFMfQaBglrQocTO9ndV6dbxL2vzFDEJZ1hpVVp4binpXGO","sessionId":"","ipAddress":"197.157.34.185","createdBy":"1","ts":"2017-06-26 23:04:07","active":"1"},{"id":"5","firstName":"Henry","surname":"Bbosa","email":null,"phone":null,"userName":"henry","branchId":"11","userTypeId":"3","password":"$2y$10$m72Zz8Z.h4\/Zp6TFDhmbXeQ79kZ7JJ2U0yLUanc0dDVxbc.5UPkRG","sessionId":"","ipAddress":"197.157.34.185","createdBy":"1","ts":"2017-07-05 00:00:00","active":"1"}],"accounts":[{"id":"15","name":"KINSHASHA-RMB Account","branchId":"5","currency_id":"1"},{"id":"16","name":"KINSHASHA-USD Account","branchId":"5","currency_id":"2"},{"id":"17","name":"KINSHASHA-DIRHAM Account","branchId":"5","currency_id":"3"},{"id":"18","name":"KINSHASHA-UGX Account","branchId":"5","currency_id":"4"},{"id":"19","name":"KINSHASHA-KSH Account","branchId":"5","currency_id":"5"},{"id":"20","name":"OASIS MALL-RMB Account","branchId":"6","currency_id":"1"},{"id":"21","name":"OASIS MALL-USD Account","branchId":"6","currency_id":"2"},{"id":"22","name":"OASIS MALL-DIRHAM Account","branchId":"6","currency_id":"3"},{"id":"23","name":"OASIS MALL-UGX Account","branchId":"6","currency_id":"4"},{"id":"24","name":"OASIS MALL-KSH Account","branchId":"6","currency_id":"5"},{"id":"27","name":"CHINA-RMB Account","branchId":"11","currency_id":"1"},{"id":"28","name":"CHINA-USD Account","branchId":"11","currency_id":"2"},{"id":"29","name":"CHINA-DIRHAM Account","branchId":"11","currency_id":"3"},{"id":"30","name":"CHINA-UGX Account","branchId":"11","currency_id":"4"},{"id":"31","name":"CHINA-KSH Account","branchId":"11","currency_id":"5"},{"id":"32","name":"NAIROBI-RMB Account","branchId":"12","currency_id":"1"},{"id":"33","name":"NAIROBI-USD Account","branchId":"12","currency_id":"2"},{"id":"34","name":"NAIROBI-DIRHAM Account","branchId":"12","currency_id":"3"},{"id":"35","name":"NAIROBI-UGX Account","branchId":"12","currency_id":"4"},{"id":"36","name":"NAIROBI-KSH Account","branchId":"12","currency_id":"5"}],"currencies":[{"id":"1","name":"RMB","symbol":"\u00c2\u00a5","createdBy":"1","ts":"2017-06-27 22:45:12","active":"1"},{"id":"2","name":"USD","symbol":"$","createdBy":"1","ts":"2017-06-27 22:45:12","active":"1"},{"id":"3","name":"DIRHAM","symbol":"","createdBy":"1","ts":"2017-06-28 11:40:09","active":"1"},{"id":"4","name":"UGX","symbol":"\/=","createdBy":"1","ts":"2017-06-28 11:46:50","active":"1"},{"id":"5","name":"KSH","symbol":"","createdBy":"1","ts":"2017-06-28 11:46:50","active":"1"}],"superaccount":[{"id":"1","name":"RMB Account","branchId":"0","type_id":"4","currency_id":"1","balance":"0","createdBy":"1","active":"1","ts":"2017-06-27 22:45:12"}],"accountTypes":[{"id":"1","type":"Transfer","description":"","createdBy":"1","ts":"2017-06-28 14:31:12","active":"1"},{"id":"2","type":"Suspense","description":"","createdBy":"1","ts":"2017-06-28 14:31:12","active":"1"},{"id":"4","type":"Super","description":"","createdBy":"1","ts":"2017-06-28 14:31:12","active":"1"}],"userTypes":[{"id":"1","name":"E-Value Admin","level":"1","ts":"2017-06-27 22:45:12","active":"1"},{"id":"2","name":"Super User","level":"2","ts":"2017-06-27 22:45:12","active":"1"},{"id":"3","name":"Agent","level":"3","ts":"2017-06-27 22:45:12","active":"1"},{"id":"4","name":"System Admin","level":"4","ts":"2017-06-27 22:45:12","active":"1"}]},"success":1}
2017-07-07 17:52:05 ---- New Request ----
2017-07-07 17:52:05 Controller : Transfers
2017-07-07 17:52:05 Method : getbalancesAction
2017-07-07 17:52:05 Controller File : controllers/Transfers.class.php, Exists
2017-07-07 17:52:05 Class constructed
2017-07-07 17:52:05 Class constructed
2017-07-07 17:52:05 UserID : 3
SessionId : aGXJrgy10BiQIctNLSFZwra0pfmaPBfz
Branch ID : 5
Date : 
2017-07-07 17:52:05 SELECT SQL : SELECT sessionId,branchId,userTypeId FROM users WHERE  id = '3'  
2017-07-07 17:52:05 SELECT SQL : SELECT closingBalance,openingBalance,accountId,branchId,date FROM balances WHERE  date = '2017-07-07' AND branchId = '5'  
2017-07-07 17:52:05 Response : {"success":1,"data":[]}
2017-07-07 17:52:11 ---- New Request ----
2017-07-07 17:52:11 Controller : Transfers
2017-07-07 17:52:11 Method : getbalancesAction
2017-07-07 17:52:11 Controller File : controllers/Transfers.class.php, Exists
2017-07-07 17:52:11 Class constructed
2017-07-07 17:52:11 Class constructed
2017-07-07 17:52:11 UserID : 3
SessionId : aGXJrgy10BiQIctNLSFZwra0pfmaPBfz
Branch ID : 6
Date : 
2017-07-07 17:52:11 SELECT SQL : SELECT sessionId,branchId,userTypeId FROM users WHERE  id = '3'  
2017-07-07 17:52:11 SELECT SQL : SELECT closingBalance,openingBalance,accountId,branchId,date FROM balances WHERE  date = '2017-07-07' AND branchId = '6'  
2017-07-07 17:52:11 SELECT SQL : SELECT name FROM accounts WHERE  id = '21'  
2017-07-07 17:52:11 SELECT SQL : SELECT name FROM branches WHERE  id = '6'  
2017-07-07 17:52:11 Response : {"success":1,"data":[{"closingBalance":"24850","openingBalance":"-25000","accountId":"21","branchId":"6","date":"2017-07-07","accountName":"OASIS MALL-USD Account","branchName":"OASIS MALL"}]}
