2017-07-13 09:00:54 ---- New Request ----
2017-07-13 09:00:54 Controller : Users
2017-07-13 09:00:54 Method : loginAction
2017-07-13 09:00:54 Controller File : controllers/Users.class.php, Exists
2017-07-13 09:00:54 Class constructed
2017-07-13 09:00:54 Login Params ;Username :dorah
Password : ******
2017-07-13 09:00:54 SELECT SQL : SELECT id,firstName,surname,userName,userTypeId,sessionId,password,active,branchId FROM users WHERE  userName = 'dorah'  
2017-07-13 09:00:54 SELECT SQL : SELECT name FROM branches WHERE  id = '12'  
2017-07-13 09:00:54 UPDATE SQL : UPDATE users SET sessionId = 'ZzqoqXLvIHiLfWPvR5n0iYqfI0l3SyXi',ipAddress = '197.157.0.30' WHERE  id = '2' 
2017-07-13 09:00:54 Response : {"success":1,"data":{"id":"2","firstName":"Nansubuga","surname":"Dorothy","userName":"dorah","userTypeId":"3","sessionId":"ZzqoqXLvIHiLfWPvR5n0iYqfI0l3SyXi","branchId":"12","branchName":"NAIROBI"}}
2017-07-13 09:00:56 ---- New Request ----
2017-07-13 09:00:56 Controller : Users
2017-07-13 09:00:56 Method : formsdetailsAction
2017-07-13 09:00:56 Controller File : controllers/Users.class.php, Exists
2017-07-13 09:00:56 Class constructed
2017-07-13 09:00:56 Details Params :
SessionID :ZzqoqXLvIHiLfWPvR5n0iYqfI0l3SyXi
User ID : 2
2017-07-13 09:00:56 SELECT SQL : SELECT * FROM branches WHERE  active = '1'  
2017-07-13 09:00:56 SELECT SQL : SELECT * FROM countries WHERE  active = '1'  
2017-07-13 09:00:56 SELECT SQL : SELECT * FROM identification WHERE  active = '1'  
2017-07-13 09:00:56 SELECT SQL : SELECT * FROM users WHERE  active = '1'  
2017-07-13 09:00:56 SELECT SQL : SELECT id,name,branchId,currency_id FROM accounts WHERE  active = '1' AND type_id = '1'  
2017-07-13 09:00:56 Balance Update Params :
Branch Id : 5
Account ID : 16
Amount : 0
2017-07-13 09:00:56 SELECT SQL : SELECT * FROM balances WHERE  branchId = '5' AND accountId = '16'  
2017-07-13 09:00:56 SELECT SQL : SELECT * FROM balances WHERE  branchId = '5' AND accountId = '16' AND date = '2017-07-13'  
2017-07-13 09:00:56 SELECT SQL : SELECT closingBalance FROM balances WHERE  branchId = '5' AND accountId = '16' AND date = '2017-07-12'  
2017-07-13 09:00:56 INSERT SQL : INSERT INTO balances  (ts,branchId,accountId,openingBalance,closingBalance,date)  VALUES(NOW(),'5','16','339508','339508','2017-07-13')
2017-07-13 09:00:56 Balance Create Insert ID Today 2:8
 2017-07-13 09:00:56 Balance Update Params :
Branch Id : 6
Account ID : 20
Amount : 0
2017-07-13 09:00:56 SELECT SQL : SELECT * FROM balances WHERE  branchId = '6' AND accountId = '20'  
2017-07-13 09:00:56 Balance Update Params :
Branch Id : 6
Account ID : 21
Amount : 0
2017-07-13 09:00:56 SELECT SQL : SELECT * FROM balances WHERE  branchId = '6' AND accountId = '21'  
2017-07-13 09:00:56 SELECT SQL : SELECT * FROM balances WHERE  branchId = '6' AND accountId = '21' AND date = '2017-07-13'  
2017-07-13 09:00:56 SELECT SQL : SELECT closingBalance FROM balances WHERE  branchId = '6' AND accountId = '21' AND date = '2017-07-12'  
2017-07-13 09:00:56 INSERT SQL : INSERT INTO balances  (ts,branchId,accountId,openingBalance,closingBalance,date)  VALUES(NOW(),'6','21','162880','162880','2017-07-13')
2017-07-13 09:00:56 Balance Create Insert ID Today 2:9
 2017-07-13 09:00:56 Balance Update Params :
Branch Id : 6
Account ID : 22
Amount : 0
2017-07-13 09:00:56 SELECT SQL : SELECT * FROM balances WHERE  branchId = '6' AND accountId = '22'  
2017-07-13 09:00:56 Balance Update Params :
Branch Id : 6
Account ID : 23
Amount : 0
2017-07-13 09:00:56 SELECT SQL : SELECT * FROM balances WHERE  branchId = '6' AND accountId = '23'  
2017-07-13 09:00:56 SELECT SQL : SELECT * FROM balances WHERE  branchId = '6' AND accountId = '23' AND date = '2017-07-13'  
2017-07-13 09:00:56 SELECT SQL : SELECT closingBalance FROM balances WHERE  branchId = '6' AND accountId = '23' AND date = '2017-07-12'  
2017-07-13 09:00:56 INSERT SQL : INSERT INTO balances  (ts,branchId,accountId,openingBalance,closingBalance,date)  VALUES(NOW(),'6','23','111321519','111321519','2017-07-13')
2017-07-13 09:00:56 Balance Create Insert ID Today 2:10
 2017-07-13 09:00:56 Balance Update Params :
Branch Id : 6
Account ID : 24
Amount : 0
2017-07-13 09:00:56 SELECT SQL : SELECT * FROM balances WHERE  branchId = '6' AND accountId = '24'  
2017-07-13 09:00:56 Balance Update Params :
Branch Id : 11
Account ID : 27
Amount : 0
2017-07-13 09:00:56 SELECT SQL : SELECT * FROM balances WHERE  branchId = '11' AND accountId = '27'  
2017-07-13 09:00:56 Balance Update Params :
Branch Id : 11
Account ID : 28
Amount : 0
2017-07-13 09:00:56 SELECT SQL : SELECT * FROM balances WHERE  branchId = '11' AND accountId = '28'  
2017-07-13 09:00:56 Balance Update Params :
Branch Id : 12
Account ID : 33
Amount : 0
2017-07-13 09:00:56 SELECT SQL : SELECT * FROM balances WHERE  branchId = '12' AND accountId = '33'  
2017-07-13 09:00:56 SELECT SQL : SELECT * FROM balances WHERE  branchId = '12' AND accountId = '33' AND date = '2017-07-13'  
2017-07-13 09:00:56 SELECT SQL : SELECT closingBalance FROM balances WHERE  branchId = '12' AND accountId = '33' AND date = '2017-07-12'  
2017-07-13 09:00:56 INSERT SQL : INSERT INTO balances  (ts,branchId,accountId,openingBalance,closingBalance,date)  VALUES(NOW(),'12','33','99','99','2017-07-13')
2017-07-13 09:00:56 Balance Create Insert ID Today 2:11
 2017-07-13 09:00:56 Balance Update Params :
Branch Id : 12
Account ID : 36
Amount : 0
2017-07-13 09:00:56 SELECT SQL : SELECT * FROM balances WHERE  branchId = '12' AND accountId = '36'  
2017-07-13 09:00:56 SELECT SQL : SELECT * FROM balances WHERE  branchId = '12' AND accountId = '36' AND date = '2017-07-13'  
2017-07-13 09:00:56 SELECT SQL : SELECT closingBalance FROM balances WHERE  branchId = '12' AND accountId = '36' AND date = '2017-07-12'  
2017-07-13 09:00:56 INSERT SQL : INSERT INTO balances  (ts,branchId,accountId,openingBalance,closingBalance,date)  VALUES(NOW(),'12','36','53587','53587','2017-07-13')
2017-07-13 09:00:56 Balance Create Insert ID Today 2:12
 2017-07-13 09:00:56 Balance Update Params :
Branch Id : 7
Account ID : 37
Amount : 0
2017-07-13 09:00:56 SELECT SQL : SELECT * FROM balances WHERE  branchId = '7' AND accountId = '37'  
2017-07-13 09:00:56 SELECT SQL : SELECT * FROM balances WHERE  branchId = '7' AND accountId = '37' AND date = '2017-07-13'  
2017-07-13 09:00:56 SELECT SQL : SELECT closingBalance FROM balances WHERE  branchId = '7' AND accountId = '37' AND date = '2017-07-12'  
2017-07-13 09:00:56 INSERT SQL : INSERT INTO balances  (ts,branchId,accountId,openingBalance,closingBalance,date)  VALUES(NOW(),'7','37','76125','76125','2017-07-13')
2017-07-13 09:00:56 Balance Create Insert ID Today 2:13
 2017-07-13 09:00:56 SELECT SQL : SELECT * FROM currencies WHERE  active = '1'  
2017-07-13 09:00:56 SELECT SQL : SELECT * FROM accounts WHERE  active = '1' AND type_id = '4'  
2017-07-13 09:00:56 SELECT SQL : SELECT * FROM account_types WHERE  active = '1'  
2017-07-13 09:00:56 SELECT SQL : SELECT * FROM user_types WHERE  active = '1'  
2017-07-13 09:00:56 Response : {"data":{"branches":[{"id":"5","name":"KINSHASHA","countryId":"4","location":"Patrice Avenue","supervisorId":"3","createdBy":"4","ts":"2017-06-30 00:06:55","active":"1"},{"id":"6","name":"OASIS MALL","countryId":"1","location":"Yusufu Lule Rd","supervisorId":"3","createdBy":"2","ts":"2017-06-30 00:12:08","active":"1"},{"id":"7","name":"GOMA","countryId":"4","location":"Goma","supervisorId":"3","createdBy":"1","ts":"2017-07-05 00:00:00","active":"1"},{"id":"9","name":"MOMBASA","countryId":"2","location":"Mombasa","supervisorId":"3","createdBy":"1","ts":"2017-07-05 00:00:00","active":"1"},{"id":"10","name":"DUBAI","countryId":"6","location":"Dubai","supervisorId":"3","createdBy":"1","ts":"2017-07-05 00:00:00","active":"1"},{"id":"11","name":"CHINA","countryId":"5","location":"China","supervisorId":"3","createdBy":"3","ts":"2017-07-05 13:23:17","active":"1"},{"id":"12","name":"NAIROBI","countryId":"2","location":"Nairobi","supervisorId":"3","createdBy":"3","ts":"2017-07-06 14:12:35","active":"1"}],"countries":[{"id":"1","name":"UGANDA","createdBy":"1","ts":"2017-06-25 23:13:31","active":"1"},{"id":"2","name":"KENYA","createdBy":"1","ts":"2017-06-26 09:02:45","active":"1"},{"id":"3","name":"TZ","createdBy":"1","ts":"2017-06-28 11:11:53","active":"1"},{"id":"4","name":"CONGO","createdBy":"1","ts":"2017-06-28 11:26:11","active":"1"},{"id":"5","name":"CHINA","createdBy":"1","ts":"2017-06-28 11:30:01","active":"1"},{"id":"6","name":"UAE","createdBy":"1","ts":"2017-07-05 00:00:00","active":"1"}],"ids":[[{"id":"1","name":"Passport","createdBy":"1","ts":"2017-06-28 14:00:01","active":"1"},{"id":"2","name":"National ID","createdBy":"1","ts":"2017-06-28 14:00:01","active":"1"},{"id":"3","name":"STUDENTS ID","createdBy":"1","ts":"2017-06-28 16:21:46","active":"1"}]],"users":[{"id":"1","firstName":"You","surname":"Jinshu","email":"hudsonbogere@swipeit.co.ug","phone":"256783131266","userName":"you","branchId":"0","userTypeId":"1","password":"$2y$10$pPGbhJ1RXx\/ug.ED3LnsQuKHJTqwYsa\/iF0OqGOgsjflkHKIDTLVq","sessionId":"","ipAddress":"197.239.37.240","createdBy":null,"ts":"2017-06-23 15:08:12","active":"1"},{"id":"2","firstName":"Nansubuga","surname":"Dorothy","email":"henry@gmail.com","phone":"256752284441","userName":"dorah","branchId":"12","userTypeId":"3","password":"$2y$10$m72Zz8Z.h4\/Zp6TFDhmbXeQ79kZ7JJ2U0yLUanc0dDVxbc.5UPkRG","sessionId":"ZzqoqXLvIHiLfWPvR5n0iYqfI0l3SyXi","ipAddress":"197.157.0.30","createdBy":"1","ts":"2017-06-26 19:11:07","active":"1"},{"id":"3","firstName":"Lydia","surname":"Amoi","email":"islam@gmail.com","phone":"256777608310","userName":"lydia","branchId":"6","userTypeId":"2","password":"$2y$10$m72Zz8Z.h4\/Zp6TFDhmbXeQ79kZ7JJ2U0yLUanc0dDVxbc.5UPkRG","sessionId":"jpacmu5zgGIfeNUEsoryslI2MktcEmGs","ipAddress":"165.90.8.201","createdBy":"1","ts":"2017-06-26 19:41:01","active":"1"},{"id":"4","firstName":"Nabukera","surname":"Maria","email":"banerd@tfb.com","phone":"256774457813","userName":"maria","branchId":"5","userTypeId":"3","password":"$2y$10$wTpUE\/WJFMfQaBglrQocTO9ndV6dbxL2vzFDEJZ1hpVVp4binpXGO","sessionId":"","ipAddress":"197.157.34.185","createdBy":"1","ts":"2017-06-26 23:04:07","active":"1"},{"id":"5","firstName":"Henry","surname":"Bbosa","email":null,"phone":null,"userName":"henry","branchId":"11","userTypeId":"3","password":"$2y$10$m72Zz8Z.h4\/Zp6TFDhmbXeQ79kZ7JJ2U0yLUanc0dDVxbc.5UPkRG","sessionId":"","ipAddress":"197.157.34.185","createdBy":"1","ts":"2017-07-05 00:00:00","active":"1"},{"id":"6","firstName":"Edwin","surname":"Kakeeto","email":"edwin@edwin.com","phone":"0777777557","userName":"edwin","branchId":"7","userTypeId":"3","password":"$2y$10$m72Zz8Z.h4\/Zp6TFDhmbXeQ79kZ7JJ2U0yLUanc0dDVxbc.5UPkRG","sessionId":"oDOIbW6b3vb1sfh2mtt8INXZphjbzwZC","ipAddress":"160.242.144.94","createdBy":"3","ts":"2017-07-10 07:37:50","active":"1"}],"accounts":[{"id":"16","name":"KINSHASHA-USD Account","branchId":"5","currency_id":"2"},{"id":"20","name":"OASIS MALL-RMB Account","branchId":"6","currency_id":"1"},{"id":"21","name":"OASIS MALL-USD Account","branchId":"6","currency_id":"2"},{"id":"22","name":"OASIS MALL-DIRHAM Account","branchId":"6","currency_id":"3"},{"id":"23","name":"OASIS MALL-UGX Account","branchId":"6","currency_id":"4"},{"id":"24","name":"OASIS MALL-KSH Account","branchId":"6","currency_id":"5"},{"id":"27","name":"CHINA-RMB Account","branchId":"11","currency_id":"1"},{"id":"28","name":"CHINA-USD Account","branchId":"11","currency_id":"2"},{"id":"33","name":"NAIROBI-USD Account","branchId":"12","currency_id":"2"},{"id":"36","name":"NAIROBI-KSH Account","branchId":"12","currency_id":"5"},{"id":"37","name":"GOMA-USD ACCOUNT","branchId":"7","currency_id":"2"}],"currencies":[{"id":"1","name":"RMB","symbol":"\u00c2\u00a5","createdBy":"1","ts":"2017-06-27 22:45:12","active":"1"},{"id":"2","name":"USD","symbol":"$","createdBy":"1","ts":"2017-06-27 22:45:12","active":"1"},{"id":"3","name":"DIRHAM","symbol":"","createdBy":"1","ts":"2017-06-28 11:40:09","active":"1"},{"id":"4","name":"UGX","symbol":"\/=","createdBy":"1","ts":"2017-06-28 11:46:50","active":"1"},{"id":"5","name":"KSH","symbol":"","createdBy":"1","ts":"2017-06-28 11:46:50","active":"1"}],"superaccount":[{"id":"1","name":"RMB Account","branchId":"0","type_id":"4","currency_id":"1","balance":"0","createdBy":"1","active":"1","ts":"2017-06-27 22:45:12"}],"accountTypes":[{"id":"1","type":"Transfer","description":"","createdBy":"1","ts":"2017-06-28 14:31:12","active":"1"},{"id":"2","type":"Suspense","description":"","createdBy":"1","ts":"2017-06-28 14:31:12","active":"1"},{"id":"4","type":"Super","description":"","createdBy":"1","ts":"2017-06-28 14:31:12","active":"1"}],"userTypes":[{"id":"1","name":"E-Value Admin","level":"1","ts":"2017-06-27 22:45:12","active":"1"},{"id":"2","name":"Super User","level":"2","ts":"2017-06-27 22:45:12","active":"1"},{"id":"3","name":"Agent","level":"3","ts":"2017-06-27 22:45:12","active":"1"},{"id":"4","name":"System Admin","level":"4","ts":"2017-06-27 22:45:12","active":"1"}]},"success":1}
2017-07-13 09:36:46 ---- New Request ----
2017-07-13 09:36:46 Controller : Transfers
2017-07-13 09:36:46 Method : createtransferAction
2017-07-13 09:36:46 Controller File : controllers/Transfers.class.php, Exists
2017-07-13 09:36:46 Class constructed
2017-07-13 09:36:46 Class constructed
2017-07-13 09:36:46 Transfer Creation Params ;Amount :2998300\currencyid : 1
Country : 5
Charge : 1700
sfname : 
ssurname : DORAH
Account Number : 6228490058001234877
semail : 
sphone : 0776000064
sidtype : 0
sid : 0
rfname : LU
rsurname : LILI
remail : 
rphone : 0776000064
Receiver Branch : 0
passcode : ******
password : ******
userid : 2
sessionid : ZzqoqXLvIHiLfWPvR5n0iYqfI0l3SyXi
Exchange Rate : 15.54
AmountAfterXchange : 192940.79794079796
Charge Currency : 52017-07-13 09:36:46 SELECT SQL : SELECT * FROM settings WHERE  name = 'SuspenseAccount'  
2017-07-13 09:36:46 SELECT SQL : SELECT * FROM settings WHERE  name = 'ToChinaAccount'  
2017-07-13 09:36:46 SELECT SQL : SELECT * FROM users WHERE  id = '2'  
2017-07-13 09:36:47 INSERT SQL : INSERT INTO transfers  (ts,userIdSource,amount,currency,destinationCountryId,toBranch,senderFname,senderSurname,senderEmail,senderPhone,senderIdType,senderId,receiverFname,receiverSurname,receiverEmail,receiverPhone,charge,receiverAccountNumber,fromBranch,passcode,status,sourceIpAddress)  VALUES(NOW(),'2','2998300','1','5','0','','DORAH','','0776000064','0','0','LU','LILI','','0776000064','1700','6228490058001234877','12','$2y$10$qryzo6VT6EoXrW5wJoKlE.YKzc.Dkp3GY8w/qerB1sgKtPSYlzCQ2','Pending','197.157.0.30')
2017-07-13 09:36:47 SELECT SQL : SELECT id,transferRef FROM transfers WHERE  id = '1'  
2017-07-13 09:36:47 INSERT SQL : INSERT INTO audit_trails  (ts,userId,tableName,recordId,field,oldValue,newValue)  VALUES(NOW(),'2','transfers','1','transferRef','','0120521')
2017-07-13 09:36:47 audit_trails Insert ID : 1
2017-07-13 09:36:47 UPDATE SQL : UPDATE transfers SET transferRef = '0120521' WHERE  id = '1' 
2017-07-13 09:36:47 SELECT SQL : SELECT id FROM accounts WHERE  branchId = '12' AND currency_id = '5'  
2017-07-13 09:36:47 INSERT SQL : INSERT INTO account_transfers  (ts,amountAfterXchange,amountB4Xchange,currencyB4Xchange,currencyAfterXchange,exchangeRate,charge,chargeCurrency,type,amount,fromId,toId,transferRef,userId)  VALUES(NOW(),'192940.79794079796','2998300','5','1','15.54','1700','5','transfer','2998300','26','36','0120521','2')
2017-07-13 09:36:47 Balance Update Params :
Branch Id : 12
Account ID : 36
Amount : 2998300
2017-07-13 09:36:47 SELECT SQL : SELECT * FROM balances WHERE  branchId = '12' AND accountId = '36'  
2017-07-13 09:36:47 SELECT SQL : SELECT * FROM balances WHERE  branchId = '12' AND accountId = '36' AND date = '2017-07-13'  
2017-07-13 09:36:47 UPDATE SQL : UPDATE balances SET closingBalance = '3051887' WHERE  branchId = '12' AND accountId = '36' AND date = '2017-07-13' 
2017-07-13 09:36:47 Balance Update Status 2:1
 2017-07-13 09:36:47 Balance Update Params :
Branch Id : 0
Account ID : 26
Amount : -2998300
2017-07-13 09:36:47 SELECT SQL : SELECT * FROM balances WHERE  branchId = '0' AND accountId = '26'  
2017-07-13 09:36:47 INSERT SQL : INSERT INTO balances  (ts,branchId,accountId,openingBalance,closingBalance,date)  VALUES(NOW(),'0','26','-2998300','-2998300','2017-07-13')
2017-07-13 09:36:47 Balance Create Insert ID :14
 2017-07-13 09:36:47 SELECT SQL : SELECT * FROM transfers WHERE  fromBranch = '12'  OR toBranch = '12'  OR destinationCountryId = '5'  
2017-07-13 09:36:47 Response : {"success":1,"data":"0120521"}
2017-07-13 09:38:06 ---- New Request ----
2017-07-13 09:38:06 Controller : Transfers
2017-07-13 09:38:06 Method : createtransferAction
2017-07-13 09:38:06 Controller File : controllers/Transfers.class.php, Exists
2017-07-13 09:38:06 Class constructed
2017-07-13 09:38:06 Class constructed
2017-07-13 09:38:06 Transfer Creation Params ;Amount :1554000\currencyid : 1
Country : 5
Charge : 1700
sfname : 
ssurname : DORAH
Account Number : 6013820500995515933
semail : 
sphone : 0776000064
sidtype : 0
sid : 0
rfname : LIN
rsurname : CHUNXIANG
remail : 
rphone : 0776000064
Receiver Branch : 0
passcode : ******
password : ******
userid : 2
sessionid : ZzqoqXLvIHiLfWPvR5n0iYqfI0l3SyXi
Exchange Rate : 15.54
AmountAfterXchange : 100000
Charge Currency : 52017-07-13 09:38:06 SELECT SQL : SELECT * FROM settings WHERE  name = 'SuspenseAccount'  
2017-07-13 09:38:06 SELECT SQL : SELECT * FROM settings WHERE  name = 'ToChinaAccount'  
2017-07-13 09:38:06 SELECT SQL : SELECT * FROM users WHERE  id = '2'  
2017-07-13 09:38:06 INSERT SQL : INSERT INTO transfers  (ts,userIdSource,amount,currency,destinationCountryId,toBranch,senderFname,senderSurname,senderEmail,senderPhone,senderIdType,senderId,receiverFname,receiverSurname,receiverEmail,receiverPhone,charge,receiverAccountNumber,fromBranch,passcode,status,sourceIpAddress)  VALUES(NOW(),'2','1554000','1','5','0','','DORAH','','0776000064','0','0','LIN','CHUNXIANG','','0776000064','1700','6013820500995515933','12','$2y$10$ZhbKmlSd7JEKH3IjtUnm2OtvHdNflk5XRuL4KARwsvLXuthb2dNEi','Pending','197.157.0.30')
2017-07-13 09:38:06 SELECT SQL : SELECT id,transferRef FROM transfers WHERE  id = '2'  
2017-07-13 09:38:06 INSERT SQL : INSERT INTO audit_trails  (ts,userId,tableName,recordId,field,oldValue,newValue)  VALUES(NOW(),'2','transfers','2','transferRef','','0120522')
2017-07-13 09:38:06 audit_trails Insert ID : 2
2017-07-13 09:38:06 UPDATE SQL : UPDATE transfers SET transferRef = '0120522' WHERE  id = '2' 
2017-07-13 09:38:06 SELECT SQL : SELECT id FROM accounts WHERE  branchId = '12' AND currency_id = '5'  
2017-07-13 09:38:06 INSERT SQL : INSERT INTO account_transfers  (ts,amountAfterXchange,amountB4Xchange,currencyB4Xchange,currencyAfterXchange,exchangeRate,charge,chargeCurrency,type,amount,fromId,toId,transferRef,userId)  VALUES(NOW(),'100000','1554000','5','1','15.54','1700','5','transfer','1554000','26','36','0120522','2')
2017-07-13 09:38:06 Balance Update Params :
Branch Id : 12
Account ID : 36
Amount : 1554000
2017-07-13 09:38:06 SELECT SQL : SELECT * FROM balances WHERE  branchId = '12' AND accountId = '36'  
2017-07-13 09:38:06 SELECT SQL : SELECT * FROM balances WHERE  branchId = '12' AND accountId = '36' AND date = '2017-07-13'  
2017-07-13 09:38:06 UPDATE SQL : UPDATE balances SET closingBalance = '4605887' WHERE  branchId = '12' AND accountId = '36' AND date = '2017-07-13' 
2017-07-13 09:38:06 Balance Update Status 2:1
 2017-07-13 09:38:06 Balance Update Params :
Branch Id : 0
Account ID : 26
Amount : -1554000
2017-07-13 09:38:06 SELECT SQL : SELECT * FROM balances WHERE  branchId = '0' AND accountId = '26'  
2017-07-13 09:38:06 SELECT SQL : SELECT * FROM balances WHERE  branchId = '0' AND accountId = '26' AND date = '2017-07-13'  
2017-07-13 09:38:06 UPDATE SQL : UPDATE balances SET closingBalance = '-4552300' WHERE  branchId = '0' AND accountId = '26' AND date = '2017-07-13' 
2017-07-13 09:38:06 Balance Update Status 2:1
 2017-07-13 09:38:06 SELECT SQL : SELECT * FROM transfers WHERE  fromBranch = '12'  OR toBranch = '12'  OR destinationCountryId = '5'  
2017-07-13 09:38:06 Response : {"success":1,"data":"0120522"}
2017-07-13 09:38:25 ---- New Request ----
2017-07-13 09:38:25 Controller : Transfers
2017-07-13 09:38:25 Method : getbalancesAction
2017-07-13 09:38:25 Controller File : controllers/Transfers.class.php, Exists
2017-07-13 09:38:25 Class constructed
2017-07-13 09:38:25 Class constructed
2017-07-13 09:38:25 UserID : 2
SessionId : ZzqoqXLvIHiLfWPvR5n0iYqfI0l3SyXi
Branch ID : 
Date : 
2017-07-13 09:38:25 SELECT SQL : SELECT sessionId,branchId,userTypeId FROM users WHERE  id = '2'  
2017-07-13 09:38:25 SELECT SQL : SELECT closingBalance,openingBalance,accountId,branchId,date FROM balances WHERE  date = '2017-07-13' AND branchId = '12'  
2017-07-13 09:38:25 SELECT SQL : SELECT name FROM accounts WHERE  id = '33'  
2017-07-13 09:38:25 SELECT SQL : SELECT name FROM branches WHERE  id = '12'  
2017-07-13 09:38:26 SELECT SQL : SELECT name FROM accounts WHERE  id = '36'  
2017-07-13 09:38:26 SELECT SQL : SELECT name FROM branches WHERE  id = '12'  
2017-07-13 09:38:26 Response : {"success":1,"data":[{"closingBalance":"99","openingBalance":"99","accountId":"33","branchId":"12","date":"2017-07-13","accountName":"NAIROBI-USD Account","branchName":"NAIROBI"},{"closingBalance":"4605887","openingBalance":"53587","accountId":"36","branchId":"12","date":"2017-07-13","accountName":"NAIROBI-KSH Account","branchName":"NAIROBI"}]}
2017-07-13 09:39:32 ---- New Request ----
2017-07-13 09:39:32 Controller : Users
2017-07-13 09:39:32 Method : loginAction
2017-07-13 09:39:32 Controller File : controllers/Users.class.php, Exists
2017-07-13 09:39:32 Class constructed
2017-07-13 09:39:32 Login Params ;Username :henry
Password : ******
2017-07-13 09:39:32 SELECT SQL : SELECT id,firstName,surname,userName,userTypeId,sessionId,password,active,branchId FROM users WHERE  userName = 'henry'  
2017-07-13 09:39:32 SELECT SQL : SELECT name FROM branches WHERE  id = '11'  
2017-07-13 09:39:32 UPDATE SQL : UPDATE users SET sessionId = 'MUdKqMmHbECZQNrVN6r8BcV7KHWMmifa',ipAddress = '197.157.0.30' WHERE  id = '5' 
2017-07-13 09:39:32 Response : {"success":1,"data":{"id":"5","firstName":"Henry","surname":"Bbosa","userName":"henry","userTypeId":"3","sessionId":"MUdKqMmHbECZQNrVN6r8BcV7KHWMmifa","branchId":"11","branchName":"CHINA"}}
2017-07-13 09:39:33 ---- New Request ----
2017-07-13 09:39:33 Controller : Users
2017-07-13 09:39:33 Method : formsdetailsAction
2017-07-13 09:39:33 Controller File : controllers/Users.class.php, Exists
2017-07-13 09:39:33 Class constructed
2017-07-13 09:39:33 Details Params :
SessionID :MUdKqMmHbECZQNrVN6r8BcV7KHWMmifa
User ID : 5
2017-07-13 09:39:33 SELECT SQL : SELECT * FROM branches WHERE  active = '1'  
2017-07-13 09:39:33 SELECT SQL : SELECT * FROM countries WHERE  active = '1'  
2017-07-13 09:39:33 SELECT SQL : SELECT * FROM identification WHERE  active = '1'  
2017-07-13 09:39:33 SELECT SQL : SELECT * FROM users WHERE  active = '1'  
2017-07-13 09:39:33 SELECT SQL : SELECT id,name,branchId,currency_id FROM accounts WHERE  active = '1' AND type_id = '1'  
2017-07-13 09:39:33 Balance Update Params :
Branch Id : 5
Account ID : 16
Amount : 0
2017-07-13 09:39:33 SELECT SQL : SELECT * FROM balances WHERE  branchId = '5' AND accountId = '16'  
2017-07-13 09:39:33 SELECT SQL : SELECT * FROM balances WHERE  branchId = '5' AND accountId = '16' AND date = '2017-07-13'  
2017-07-13 09:39:33 UPDATE SQL : UPDATE balances SET closingBalance = '339508' WHERE  branchId = '5' AND accountId = '16' AND date = '2017-07-13' 
2017-07-13 09:39:33 Balance Update Status 2:1
 2017-07-13 09:39:33 Balance Update Params :
Branch Id : 6
Account ID : 20
Amount : 0
2017-07-13 09:39:33 SELECT SQL : SELECT * FROM balances WHERE  branchId = '6' AND accountId = '20'  
2017-07-13 09:39:33 Balance Update Params :
Branch Id : 6
Account ID : 21
Amount : 0
2017-07-13 09:39:33 SELECT SQL : SELECT * FROM balances WHERE  branchId = '6' AND accountId = '21'  
2017-07-13 09:39:33 SELECT SQL : SELECT * FROM balances WHERE  branchId = '6' AND accountId = '21' AND date = '2017-07-13'  
2017-07-13 09:39:33 UPDATE SQL : UPDATE balances SET closingBalance = '162880' WHERE  branchId = '6' AND accountId = '21' AND date = '2017-07-13' 
2017-07-13 09:39:33 Balance Update Status 2:1
 2017-07-13 09:39:33 Balance Update Params :
Branch Id : 6
Account ID : 22
Amount : 0
2017-07-13 09:39:33 SELECT SQL : SELECT * FROM balances WHERE  branchId = '6' AND accountId = '22'  
2017-07-13 09:39:33 Balance Update Params :
Branch Id : 6
Account ID : 23
Amount : 0
2017-07-13 09:39:33 SELECT SQL : SELECT * FROM balances WHERE  branchId = '6' AND accountId = '23'  
2017-07-13 09:39:33 SELECT SQL : SELECT * FROM balances WHERE  branchId = '6' AND accountId = '23' AND date = '2017-07-13'  
2017-07-13 09:39:33 UPDATE SQL : UPDATE balances SET closingBalance = '111321519' WHERE  branchId = '6' AND accountId = '23' AND date = '2017-07-13' 
2017-07-13 09:39:33 Balance Update Status 2:1
 2017-07-13 09:39:33 Balance Update Params :
Branch Id : 6
Account ID : 24
Amount : 0
2017-07-13 09:39:33 SELECT SQL : SELECT * FROM balances WHERE  branchId = '6' AND accountId = '24'  
2017-07-13 09:39:33 Balance Update Params :
Branch Id : 11
Account ID : 27
Amount : 0
2017-07-13 09:39:33 SELECT SQL : SELECT * FROM balances WHERE  branchId = '11' AND accountId = '27'  
2017-07-13 09:39:33 Balance Update Params :
Branch Id : 11
Account ID : 28
Amount : 0
2017-07-13 09:39:33 SELECT SQL : SELECT * FROM balances WHERE  branchId = '11' AND accountId = '28'  
2017-07-13 09:39:33 Balance Update Params :
Branch Id : 12
Account ID : 33
Amount : 0
2017-07-13 09:39:33 SELECT SQL : SELECT * FROM balances WHERE  branchId = '12' AND accountId = '33'  
2017-07-13 09:39:33 SELECT SQL : SELECT * FROM balances WHERE  branchId = '12' AND accountId = '33' AND date = '2017-07-13'  
2017-07-13 09:39:33 UPDATE SQL : UPDATE balances SET closingBalance = '99' WHERE  branchId = '12' AND accountId = '33' AND date = '2017-07-13' 
2017-07-13 09:39:33 Balance Update Status 2:1
 2017-07-13 09:39:33 Balance Update Params :
Branch Id : 12
Account ID : 36
Amount : 0
2017-07-13 09:39:33 SELECT SQL : SELECT * FROM balances WHERE  branchId = '12' AND accountId = '36'  
2017-07-13 09:39:33 SELECT SQL : SELECT * FROM balances WHERE  branchId = '12' AND accountId = '36' AND date = '2017-07-13'  
2017-07-13 09:39:33 UPDATE SQL : UPDATE balances SET closingBalance = '4605887' WHERE  branchId = '12' AND accountId = '36' AND date = '2017-07-13' 
2017-07-13 09:39:33 Balance Update Status 2:1
 2017-07-13 09:39:33 Balance Update Params :
Branch Id : 7
Account ID : 37
Amount : 0
2017-07-13 09:39:33 SELECT SQL : SELECT * FROM balances WHERE  branchId = '7' AND accountId = '37'  
2017-07-13 09:39:33 SELECT SQL : SELECT * FROM balances WHERE  branchId = '7' AND accountId = '37' AND date = '2017-07-13'  
2017-07-13 09:39:33 UPDATE SQL : UPDATE balances SET closingBalance = '76125' WHERE  branchId = '7' AND accountId = '37' AND date = '2017-07-13' 
2017-07-13 09:39:33 Balance Update Status 2:1
 2017-07-13 09:39:33 SELECT SQL : SELECT * FROM currencies WHERE  active = '1'  
2017-07-13 09:39:33 SELECT SQL : SELECT * FROM accounts WHERE  active = '1' AND type_id = '4'  
2017-07-13 09:39:33 SELECT SQL : SELECT * FROM account_types WHERE  active = '1'  
2017-07-13 09:39:33 SELECT SQL : SELECT * FROM user_types WHERE  active = '1'  
2017-07-13 09:39:33 Response : {"data":{"branches":[{"id":"5","name":"KINSHASHA","countryId":"4","location":"Patrice Avenue","supervisorId":"3","createdBy":"4","ts":"2017-06-30 00:06:55","active":"1"},{"id":"6","name":"OASIS MALL","countryId":"1","location":"Yusufu Lule Rd","supervisorId":"3","createdBy":"2","ts":"2017-06-30 00:12:08","active":"1"},{"id":"7","name":"GOMA","countryId":"4","location":"Goma","supervisorId":"3","createdBy":"1","ts":"2017-07-05 00:00:00","active":"1"},{"id":"9","name":"MOMBASA","countryId":"2","location":"Mombasa","supervisorId":"3","createdBy":"1","ts":"2017-07-05 00:00:00","active":"1"},{"id":"10","name":"DUBAI","countryId":"6","location":"Dubai","supervisorId":"3","createdBy":"1","ts":"2017-07-05 00:00:00","active":"1"},{"id":"11","name":"CHINA","countryId":"5","location":"China","supervisorId":"3","createdBy":"3","ts":"2017-07-05 13:23:17","active":"1"},{"id":"12","name":"NAIROBI","countryId":"2","location":"Nairobi","supervisorId":"3","createdBy":"3","ts":"2017-07-06 14:12:35","active":"1"}],"countries":[{"id":"1","name":"UGANDA","createdBy":"1","ts":"2017-06-25 23:13:31","active":"1"},{"id":"2","name":"KENYA","createdBy":"1","ts":"2017-06-26 09:02:45","active":"1"},{"id":"3","name":"TZ","createdBy":"1","ts":"2017-06-28 11:11:53","active":"1"},{"id":"4","name":"CONGO","createdBy":"1","ts":"2017-06-28 11:26:11","active":"1"},{"id":"5","name":"CHINA","createdBy":"1","ts":"2017-06-28 11:30:01","active":"1"},{"id":"6","name":"UAE","createdBy":"1","ts":"2017-07-05 00:00:00","active":"1"}],"ids":[[{"id":"1","name":"Passport","createdBy":"1","ts":"2017-06-28 14:00:01","active":"1"},{"id":"2","name":"National ID","createdBy":"1","ts":"2017-06-28 14:00:01","active":"1"},{"id":"3","name":"STUDENTS ID","createdBy":"1","ts":"2017-06-28 16:21:46","active":"1"}]],"users":[{"id":"1","firstName":"You","surname":"Jinshu","email":"hudsonbogere@swipeit.co.ug","phone":"256783131266","userName":"you","branchId":"0","userTypeId":"1","password":"$2y$10$pPGbhJ1RXx\/ug.ED3LnsQuKHJTqwYsa\/iF0OqGOgsjflkHKIDTLVq","sessionId":"","ipAddress":"197.239.37.240","createdBy":null,"ts":"2017-06-23 15:08:12","active":"1"},{"id":"2","firstName":"Nansubuga","surname":"Dorothy","email":"henry@gmail.com","phone":"256752284441","userName":"dorah","branchId":"12","userTypeId":"3","password":"$2y$10$m72Zz8Z.h4\/Zp6TFDhmbXeQ79kZ7JJ2U0yLUanc0dDVxbc.5UPkRG","sessionId":"ZzqoqXLvIHiLfWPvR5n0iYqfI0l3SyXi","ipAddress":"197.157.0.30","createdBy":"1","ts":"2017-06-26 19:11:07","active":"1"},{"id":"3","firstName":"Lydia","surname":"Amoi","email":"islam@gmail.com","phone":"256777608310","userName":"lydia","branchId":"6","userTypeId":"2","password":"$2y$10$m72Zz8Z.h4\/Zp6TFDhmbXeQ79kZ7JJ2U0yLUanc0dDVxbc.5UPkRG","sessionId":"jpacmu5zgGIfeNUEsoryslI2MktcEmGs","ipAddress":"165.90.8.201","createdBy":"1","ts":"2017-06-26 19:41:01","active":"1"},{"id":"4","firstName":"Nabukera","surname":"Maria","email":"banerd@tfb.com","phone":"256774457813","userName":"maria","branchId":"5","userTypeId":"3","password":"$2y$10$wTpUE\/WJFMfQaBglrQocTO9ndV6dbxL2vzFDEJZ1hpVVp4binpXGO","sessionId":"","ipAddress":"197.157.34.185","createdBy":"1","ts":"2017-06-26 23:04:07","active":"1"},{"id":"5","firstName":"Henry","surname":"Bbosa","email":null,"phone":null,"userName":"henry","branchId":"11","userTypeId":"3","password":"$2y$10$m72Zz8Z.h4\/Zp6TFDhmbXeQ79kZ7JJ2U0yLUanc0dDVxbc.5UPkRG","sessionId":"MUdKqMmHbECZQNrVN6r8BcV7KHWMmifa","ipAddress":"197.157.0.30","createdBy":"1","ts":"2017-07-05 00:00:00","active":"1"},{"id":"6","firstName":"Edwin","surname":"Kakeeto","email":"edwin@edwin.com","phone":"0777777557","userName":"edwin","branchId":"7","userTypeId":"3","password":"$2y$10$m72Zz8Z.h4\/Zp6TFDhmbXeQ79kZ7JJ2U0yLUanc0dDVxbc.5UPkRG","sessionId":"oDOIbW6b3vb1sfh2mtt8INXZphjbzwZC","ipAddress":"160.242.144.94","createdBy":"3","ts":"2017-07-10 07:37:50","active":"1"}],"accounts":[{"id":"16","name":"KINSHASHA-USD Account","branchId":"5","currency_id":"2"},{"id":"20","name":"OASIS MALL-RMB Account","branchId":"6","currency_id":"1"},{"id":"21","name":"OASIS MALL-USD Account","branchId":"6","currency_id":"2"},{"id":"22","name":"OASIS MALL-DIRHAM Account","branchId":"6","currency_id":"3"},{"id":"23","name":"OASIS MALL-UGX Account","branchId":"6","currency_id":"4"},{"id":"24","name":"OASIS MALL-KSH Account","branchId":"6","currency_id":"5"},{"id":"27","name":"CHINA-RMB Account","branchId":"11","currency_id":"1"},{"id":"28","name":"CHINA-USD Account","branchId":"11","currency_id":"2"},{"id":"33","name":"NAIROBI-USD Account","branchId":"12","currency_id":"2"},{"id":"36","name":"NAIROBI-KSH Account","branchId":"12","currency_id":"5"},{"id":"37","name":"GOMA-USD ACCOUNT","branchId":"7","currency_id":"2"}],"currencies":[{"id":"1","name":"RMB","symbol":"\u00c2\u00a5","createdBy":"1","ts":"2017-06-27 22:45:12","active":"1"},{"id":"2","name":"USD","symbol":"$","createdBy":"1","ts":"2017-06-27 22:45:12","active":"1"},{"id":"3","name":"DIRHAM","symbol":"","createdBy":"1","ts":"2017-06-28 11:40:09","active":"1"},{"id":"4","name":"UGX","symbol":"\/=","createdBy":"1","ts":"2017-06-28 11:46:50","active":"1"},{"id":"5","name":"KSH","symbol":"","createdBy":"1","ts":"2017-06-28 11:46:50","active":"1"}],"superaccount":[{"id":"1","name":"RMB Account","branchId":"0","type_id":"4","currency_id":"1","balance":"0","createdBy":"1","active":"1","ts":"2017-06-27 22:45:12"}],"accountTypes":[{"id":"1","type":"Transfer","description":"","createdBy":"1","ts":"2017-06-28 14:31:12","active":"1"},{"id":"2","type":"Suspense","description":"","createdBy":"1","ts":"2017-06-28 14:31:12","active":"1"},{"id":"4","type":"Super","description":"","createdBy":"1","ts":"2017-06-28 14:31:12","active":"1"}],"userTypes":[{"id":"1","name":"E-Value Admin","level":"1","ts":"2017-06-27 22:45:12","active":"1"},{"id":"2","name":"Super User","level":"2","ts":"2017-06-27 22:45:12","active":"1"},{"id":"3","name":"Agent","level":"3","ts":"2017-06-27 22:45:12","active":"1"},{"id":"4","name":"System Admin","level":"4","ts":"2017-06-27 22:45:12","active":"1"}]},"success":1}
2017-07-13 09:40:09 ---- New Request ----
2017-07-13 09:40:09 Controller : Transfers
2017-07-13 09:40:09 Method : transfercashoutAction
2017-07-13 09:40:09 Controller File : controllers/Transfers.class.php, Exists
2017-07-13 09:40:09 Class constructed
2017-07-13 09:40:09 Class constructed
2017-07-13 09:40:09 Passcode : ******
Transaction Ref : 123456
UserID : 5
Session ID : MUdKqMmHbECZQNrVN6r8BcV7KHWMmifa
2017-07-13 09:40:09 SELECT SQL : SELECT sessionId FROM users WHERE  id = '5'  
2017-07-13 09:40:09 SELECT SQL : SELECT * FROM transfers WHERE  transferRef = '123456'  
2017-07-13 09:40:09 Response : {"success":0,"errormsg":"Sorry your request failed. Reason : Transaction with reference does not exist"}
2017-07-13 09:40:09 ---- New Request ----
2017-07-13 09:40:09 Controller : Transfers
2017-07-13 09:40:09 Method : transfercashoutAction
2017-07-13 09:40:09 Controller File : controllers/Transfers.class.php, Exists
2017-07-13 09:40:09 Class constructed
2017-07-13 09:40:09 Class constructed
2017-07-13 09:40:09 Passcode : ******
Transaction Ref : 123456
UserID : 5
Session ID : MUdKqMmHbECZQNrVN6r8BcV7KHWMmifa
2017-07-13 09:40:09 SELECT SQL : SELECT sessionId FROM users WHERE  id = '5'  
2017-07-13 09:40:09 SELECT SQL : SELECT * FROM transfers WHERE  transferRef = '123456'  
2017-07-13 09:40:09 Response : {"success":0,"errormsg":"Sorry your request failed. Reason : Transaction with reference does not exist"}
2017-07-13 09:40:43 ---- New Request ----
2017-07-13 09:40:43 Controller : Transfers
2017-07-13 09:40:43 Method : transfercashoutAction
2017-07-13 09:40:43 Controller File : controllers/Transfers.class.php, Exists
2017-07-13 09:40:43 Class constructed
2017-07-13 09:40:43 Class constructed
2017-07-13 09:40:43 Passcode : ******
Transaction Ref : 123456
UserID : 5
Session ID : MUdKqMmHbECZQNrVN6r8BcV7KHWMmifa
2017-07-13 09:40:43 SELECT SQL : SELECT sessionId FROM users WHERE  id = '5'  
2017-07-13 09:40:43 SELECT SQL : SELECT * FROM transfers WHERE  transferRef = '123456'  
2017-07-13 09:40:43 Response : {"success":0,"errormsg":"Sorry your request failed. Reason : Transaction with reference does not exist"}
2017-07-13 09:40:45 ---- New Request ----
2017-07-13 09:40:45 Controller : Transfers
2017-07-13 09:40:45 Method : transfercashoutAction
2017-07-13 09:40:45 Controller File : controllers/Transfers.class.php, Exists
2017-07-13 09:40:45 Class constructed
2017-07-13 09:40:45 Class constructed
2017-07-13 09:40:45 Passcode : ******
Transaction Ref : 123456
UserID : 5
Session ID : MUdKqMmHbECZQNrVN6r8BcV7KHWMmifa
2017-07-13 09:40:45 SELECT SQL : SELECT sessionId FROM users WHERE  id = '5'  
2017-07-13 09:40:45 SELECT SQL : SELECT * FROM transfers WHERE  transferRef = '123456'  
2017-07-13 09:40:45 Response : {"success":0,"errormsg":"Sorry your request failed. Reason : Transaction with reference does not exist"}
2017-07-13 09:41:14 ---- New Request ----
2017-07-13 09:41:14 Controller : Users
2017-07-13 09:41:14 Method : loginAction
2017-07-13 09:41:14 Controller File : controllers/Users.class.php, Exists
2017-07-13 09:41:14 Class constructed
2017-07-13 09:41:14 Login Params ;Username :henry
Password : ******
2017-07-13 09:41:14 SELECT SQL : SELECT id,firstName,surname,userName,userTypeId,sessionId,password,active,branchId FROM users WHERE  userName = 'henry'  
2017-07-13 09:41:14 SELECT SQL : SELECT name FROM branches WHERE  id = '11'  
2017-07-13 09:41:14 UPDATE SQL : UPDATE users SET sessionId = '4rTMHTN37KrNw1OrhgWWfChUqcuvyL2F',ipAddress = '197.157.0.30' WHERE  id = '5' 
2017-07-13 09:41:14 Response : {"success":1,"data":{"id":"5","firstName":"Henry","surname":"Bbosa","userName":"henry","userTypeId":"3","sessionId":"4rTMHTN37KrNw1OrhgWWfChUqcuvyL2F","branchId":"11","branchName":"CHINA"}}
2017-07-13 09:41:15 ---- New Request ----
2017-07-13 09:41:15 Controller : Users
2017-07-13 09:41:15 Method : formsdetailsAction
2017-07-13 09:41:15 Controller File : controllers/Users.class.php, Exists
2017-07-13 09:41:15 Class constructed
2017-07-13 09:41:15 Details Params :
SessionID :4rTMHTN37KrNw1OrhgWWfChUqcuvyL2F
User ID : 5
2017-07-13 09:41:15 SELECT SQL : SELECT * FROM branches WHERE  active = '1'  
2017-07-13 09:41:15 SELECT SQL : SELECT * FROM countries WHERE  active = '1'  
2017-07-13 09:41:15 SELECT SQL : SELECT * FROM identification WHERE  active = '1'  
2017-07-13 09:41:15 SELECT SQL : SELECT * FROM users WHERE  active = '1'  
2017-07-13 09:41:15 SELECT SQL : SELECT id,name,branchId,currency_id FROM accounts WHERE  active = '1' AND type_id = '1'  
2017-07-13 09:41:15 Balance Update Params :
Branch Id : 5
Account ID : 16
Amount : 0
2017-07-13 09:41:15 SELECT SQL : SELECT * FROM balances WHERE  branchId = '5' AND accountId = '16'  
2017-07-13 09:41:15 SELECT SQL : SELECT * FROM balances WHERE  branchId = '5' AND accountId = '16' AND date = '2017-07-13'  
2017-07-13 09:41:15 UPDATE SQL : UPDATE balances SET closingBalance = '339508' WHERE  branchId = '5' AND accountId = '16' AND date = '2017-07-13' 
2017-07-13 09:41:15 Balance Update Status 2:1
 2017-07-13 09:41:15 Balance Update Params :
Branch Id : 6
Account ID : 20
Amount : 0
2017-07-13 09:41:15 SELECT SQL : SELECT * FROM balances WHERE  branchId = '6' AND accountId = '20'  
2017-07-13 09:41:15 Balance Update Params :
Branch Id : 6
Account ID : 21
Amount : 0
2017-07-13 09:41:15 SELECT SQL : SELECT * FROM balances WHERE  branchId = '6' AND accountId = '21'  
2017-07-13 09:41:15 SELECT SQL : SELECT * FROM balances WHERE  branchId = '6' AND accountId = '21' AND date = '2017-07-13'  
2017-07-13 09:41:15 UPDATE SQL : UPDATE balances SET closingBalance = '162880' WHERE  branchId = '6' AND accountId = '21' AND date = '2017-07-13' 
2017-07-13 09:41:15 Balance Update Status 2:1
 2017-07-13 09:41:15 Balance Update Params :
Branch Id : 6
Account ID : 22
Amount : 0
2017-07-13 09:41:15 SELECT SQL : SELECT * FROM balances WHERE  branchId = '6' AND accountId = '22'  
2017-07-13 09:41:15 Balance Update Params :
Branch Id : 6
Account ID : 23
Amount : 0
2017-07-13 09:41:15 SELECT SQL : SELECT * FROM balances WHERE  branchId = '6' AND accountId = '23'  
2017-07-13 09:41:15 SELECT SQL : SELECT * FROM balances WHERE  branchId = '6' AND accountId = '23' AND date = '2017-07-13'  
2017-07-13 09:41:15 UPDATE SQL : UPDATE balances SET closingBalance = '111321519' WHERE  branchId = '6' AND accountId = '23' AND date = '2017-07-13' 
2017-07-13 09:41:15 Balance Update Status 2:1
 2017-07-13 09:41:15 Balance Update Params :
Branch Id : 6
Account ID : 24
Amount : 0
2017-07-13 09:41:15 SELECT SQL : SELECT * FROM balances WHERE  branchId = '6' AND accountId = '24'  
2017-07-13 09:41:15 Balance Update Params :
Branch Id : 11
Account ID : 27
Amount : 0
2017-07-13 09:41:15 SELECT SQL : SELECT * FROM balances WHERE  branchId = '11' AND accountId = '27'  
2017-07-13 09:41:15 Balance Update Params :
Branch Id : 11
Account ID : 28
Amount : 0
2017-07-13 09:41:15 SELECT SQL : SELECT * FROM balances WHERE  branchId = '11' AND accountId = '28'  
2017-07-13 09:41:15 Balance Update Params :
Branch Id : 12
Account ID : 33
Amount : 0
2017-07-13 09:41:15 SELECT SQL : SELECT * FROM balances WHERE  branchId = '12' AND accountId = '33'  
2017-07-13 09:41:15 SELECT SQL : SELECT * FROM balances WHERE  branchId = '12' AND accountId = '33' AND date = '2017-07-13'  
2017-07-13 09:41:15 UPDATE SQL : UPDATE balances SET closingBalance = '99' WHERE  branchId = '12' AND accountId = '33' AND date = '2017-07-13' 
2017-07-13 09:41:15 Balance Update Status 2:1
 2017-07-13 09:41:15 Balance Update Params :
Branch Id : 12
Account ID : 36
Amount : 0
2017-07-13 09:41:15 SELECT SQL : SELECT * FROM balances WHERE  branchId = '12' AND accountId = '36'  
2017-07-13 09:41:15 SELECT SQL : SELECT * FROM balances WHERE  branchId = '12' AND accountId = '36' AND date = '2017-07-13'  
2017-07-13 09:41:15 UPDATE SQL : UPDATE balances SET closingBalance = '4605887' WHERE  branchId = '12' AND accountId = '36' AND date = '2017-07-13' 
2017-07-13 09:41:15 Balance Update Status 2:1
 2017-07-13 09:41:15 Balance Update Params :
Branch Id : 7
Account ID : 37
Amount : 0
2017-07-13 09:41:15 SELECT SQL : SELECT * FROM balances WHERE  branchId = '7' AND accountId = '37'  
2017-07-13 09:41:15 SELECT SQL : SELECT * FROM balances WHERE  branchId = '7' AND accountId = '37' AND date = '2017-07-13'  
2017-07-13 09:41:15 UPDATE SQL : UPDATE balances SET closingBalance = '76125' WHERE  branchId = '7' AND accountId = '37' AND date = '2017-07-13' 
2017-07-13 09:41:15 Balance Update Status 2:1
 2017-07-13 09:41:15 SELECT SQL : SELECT * FROM currencies WHERE  active = '1'  
2017-07-13 09:41:15 SELECT SQL : SELECT * FROM accounts WHERE  active = '1' AND type_id = '4'  
2017-07-13 09:41:15 SELECT SQL : SELECT * FROM account_types WHERE  active = '1'  
2017-07-13 09:41:15 SELECT SQL : SELECT * FROM user_types WHERE  active = '1'  
2017-07-13 09:41:15 Response : {"data":{"branches":[{"id":"5","name":"KINSHASHA","countryId":"4","location":"Patrice Avenue","supervisorId":"3","createdBy":"4","ts":"2017-06-30 00:06:55","active":"1"},{"id":"6","name":"OASIS MALL","countryId":"1","location":"Yusufu Lule Rd","supervisorId":"3","createdBy":"2","ts":"2017-06-30 00:12:08","active":"1"},{"id":"7","name":"GOMA","countryId":"4","location":"Goma","supervisorId":"3","createdBy":"1","ts":"2017-07-05 00:00:00","active":"1"},{"id":"9","name":"MOMBASA","countryId":"2","location":"Mombasa","supervisorId":"3","createdBy":"1","ts":"2017-07-05 00:00:00","active":"1"},{"id":"10","name":"DUBAI","countryId":"6","location":"Dubai","supervisorId":"3","createdBy":"1","ts":"2017-07-05 00:00:00","active":"1"},{"id":"11","name":"CHINA","countryId":"5","location":"China","supervisorId":"3","createdBy":"3","ts":"2017-07-05 13:23:17","active":"1"},{"id":"12","name":"NAIROBI","countryId":"2","location":"Nairobi","supervisorId":"3","createdBy":"3","ts":"2017-07-06 14:12:35","active":"1"}],"countries":[{"id":"1","name":"UGANDA","createdBy":"1","ts":"2017-06-25 23:13:31","active":"1"},{"id":"2","name":"KENYA","createdBy":"1","ts":"2017-06-26 09:02:45","active":"1"},{"id":"3","name":"TZ","createdBy":"1","ts":"2017-06-28 11:11:53","active":"1"},{"id":"4","name":"CONGO","createdBy":"1","ts":"2017-06-28 11:26:11","active":"1"},{"id":"5","name":"CHINA","createdBy":"1","ts":"2017-06-28 11:30:01","active":"1"},{"id":"6","name":"UAE","createdBy":"1","ts":"2017-07-05 00:00:00","active":"1"}],"ids":[[{"id":"1","name":"Passport","createdBy":"1","ts":"2017-06-28 14:00:01","active":"1"},{"id":"2","name":"National ID","createdBy":"1","ts":"2017-06-28 14:00:01","active":"1"},{"id":"3","name":"STUDENTS ID","createdBy":"1","ts":"2017-06-28 16:21:46","active":"1"}]],"users":[{"id":"1","firstName":"You","surname":"Jinshu","email":"hudsonbogere@swipeit.co.ug","phone":"256783131266","userName":"you","branchId":"0","userTypeId":"1","password":"$2y$10$pPGbhJ1RXx\/ug.ED3LnsQuKHJTqwYsa\/iF0OqGOgsjflkHKIDTLVq","sessionId":"","ipAddress":"197.239.37.240","createdBy":null,"ts":"2017-06-23 15:08:12","active":"1"},{"id":"2","firstName":"Nansubuga","surname":"Dorothy","email":"henry@gmail.com","phone":"256752284441","userName":"dorah","branchId":"12","userTypeId":"3","password":"$2y$10$m72Zz8Z.h4\/Zp6TFDhmbXeQ79kZ7JJ2U0yLUanc0dDVxbc.5UPkRG","sessionId":"ZzqoqXLvIHiLfWPvR5n0iYqfI0l3SyXi","ipAddress":"197.157.0.30","createdBy":"1","ts":"2017-06-26 19:11:07","active":"1"},{"id":"3","firstName":"Lydia","surname":"Amoi","email":"islam@gmail.com","phone":"256777608310","userName":"lydia","branchId":"6","userTypeId":"2","password":"$2y$10$m72Zz8Z.h4\/Zp6TFDhmbXeQ79kZ7JJ2U0yLUanc0dDVxbc.5UPkRG","sessionId":"jpacmu5zgGIfeNUEsoryslI2MktcEmGs","ipAddress":"165.90.8.201","createdBy":"1","ts":"2017-06-26 19:41:01","active":"1"},{"id":"4","firstName":"Nabukera","surname":"Maria","email":"banerd@tfb.com","phone":"256774457813","userName":"maria","branchId":"5","userTypeId":"3","password":"$2y$10$wTpUE\/WJFMfQaBglrQocTO9ndV6dbxL2vzFDEJZ1hpVVp4binpXGO","sessionId":"","ipAddress":"197.157.34.185","createdBy":"1","ts":"2017-06-26 23:04:07","active":"1"},{"id":"5","firstName":"Henry","surname":"Bbosa","email":null,"phone":null,"userName":"henry","branchId":"11","userTypeId":"3","password":"$2y$10$m72Zz8Z.h4\/Zp6TFDhmbXeQ79kZ7JJ2U0yLUanc0dDVxbc.5UPkRG","sessionId":"4rTMHTN37KrNw1OrhgWWfChUqcuvyL2F","ipAddress":"197.157.0.30","createdBy":"1","ts":"2017-07-05 00:00:00","active":"1"},{"id":"6","firstName":"Edwin","surname":"Kakeeto","email":"edwin@edwin.com","phone":"0777777557","userName":"edwin","branchId":"7","userTypeId":"3","password":"$2y$10$m72Zz8Z.h4\/Zp6TFDhmbXeQ79kZ7JJ2U0yLUanc0dDVxbc.5UPkRG","sessionId":"oDOIbW6b3vb1sfh2mtt8INXZphjbzwZC","ipAddress":"160.242.144.94","createdBy":"3","ts":"2017-07-10 07:37:50","active":"1"}],"accounts":[{"id":"16","name":"KINSHASHA-USD Account","branchId":"5","currency_id":"2"},{"id":"20","name":"OASIS MALL-RMB Account","branchId":"6","currency_id":"1"},{"id":"21","name":"OASIS MALL-USD Account","branchId":"6","currency_id":"2"},{"id":"22","name":"OASIS MALL-DIRHAM Account","branchId":"6","currency_id":"3"},{"id":"23","name":"OASIS MALL-UGX Account","branchId":"6","currency_id":"4"},{"id":"24","name":"OASIS MALL-KSH Account","branchId":"6","currency_id":"5"},{"id":"27","name":"CHINA-RMB Account","branchId":"11","currency_id":"1"},{"id":"28","name":"CHINA-USD Account","branchId":"11","currency_id":"2"},{"id":"33","name":"NAIROBI-USD Account","branchId":"12","currency_id":"2"},{"id":"36","name":"NAIROBI-KSH Account","branchId":"12","currency_id":"5"},{"id":"37","name":"GOMA-USD ACCOUNT","branchId":"7","currency_id":"2"}],"currencies":[{"id":"1","name":"RMB","symbol":"\u00c2\u00a5","createdBy":"1","ts":"2017-06-27 22:45:12","active":"1"},{"id":"2","name":"USD","symbol":"$","createdBy":"1","ts":"2017-06-27 22:45:12","active":"1"},{"id":"3","name":"DIRHAM","symbol":"","createdBy":"1","ts":"2017-06-28 11:40:09","active":"1"},{"id":"4","name":"UGX","symbol":"\/=","createdBy":"1","ts":"2017-06-28 11:46:50","active":"1"},{"id":"5","name":"KSH","symbol":"","createdBy":"1","ts":"2017-06-28 11:46:50","active":"1"}],"superaccount":[{"id":"1","name":"RMB Account","branchId":"0","type_id":"4","currency_id":"1","balance":"0","createdBy":"1","active":"1","ts":"2017-06-27 22:45:12"}],"accountTypes":[{"id":"1","type":"Transfer","description":"","createdBy":"1","ts":"2017-06-28 14:31:12","active":"1"},{"id":"2","type":"Suspense","description":"","createdBy":"1","ts":"2017-06-28 14:31:12","active":"1"},{"id":"4","type":"Super","description":"","createdBy":"1","ts":"2017-06-28 14:31:12","active":"1"}],"userTypes":[{"id":"1","name":"E-Value Admin","level":"1","ts":"2017-06-27 22:45:12","active":"1"},{"id":"2","name":"Super User","level":"2","ts":"2017-06-27 22:45:12","active":"1"},{"id":"3","name":"Agent","level":"3","ts":"2017-06-27 22:45:12","active":"1"},{"id":"4","name":"System Admin","level":"4","ts":"2017-06-27 22:45:12","active":"1"}]},"success":1}
2017-07-13 09:41:34 ---- New Request ----
2017-07-13 09:41:34 Controller : Transfers
2017-07-13 09:41:34 Method : transfercashoutAction
2017-07-13 09:41:34 Controller File : controllers/Transfers.class.php, Exists
2017-07-13 09:41:34 Class constructed
2017-07-13 09:41:34 Class constructed
2017-07-13 09:41:34 Passcode : ******
Transaction Ref : 123456
UserID : 5
Session ID : 4rTMHTN37KrNw1OrhgWWfChUqcuvyL2F
2017-07-13 09:41:34 SELECT SQL : SELECT sessionId FROM users WHERE  id = '5'  
2017-07-13 09:41:34 SELECT SQL : SELECT * FROM transfers WHERE  transferRef = '123456'  
2017-07-13 09:41:34 Response : {"success":0,"errormsg":"Sorry your request failed. Reason : Transaction with reference does not exist"}
2017-07-13 09:41:53 ---- New Request ----
2017-07-13 09:41:53 Controller : Transfers
2017-07-13 09:41:53 Method : transfercashoutAction
2017-07-13 09:41:53 Controller File : controllers/Transfers.class.php, Exists
2017-07-13 09:41:53 Class constructed
2017-07-13 09:41:53 Class constructed
2017-07-13 09:41:53 Passcode : ******
Transaction Ref : 123456
UserID : 5
Session ID : 4rTMHTN37KrNw1OrhgWWfChUqcuvyL2F
2017-07-13 09:41:53 SELECT SQL : SELECT sessionId FROM users WHERE  id = '5'  
2017-07-13 09:41:53 SELECT SQL : SELECT * FROM transfers WHERE  transferRef = '123456'  
2017-07-13 09:41:53 Response : {"success":0,"errormsg":"Sorry your request failed. Reason : Transaction with reference does not exist"}
2017-07-13 09:42:30 ---- New Request ----
2017-07-13 09:42:30 Controller : Users
2017-07-13 09:42:30 Method : loginAction
2017-07-13 09:42:30 Controller File : controllers/Users.class.php, Exists
2017-07-13 09:42:30 Class constructed
2017-07-13 09:42:30 Login Params ;Username :henry
Password : ******
2017-07-13 09:42:30 SELECT SQL : SELECT id,firstName,surname,userName,userTypeId,sessionId,password,active,branchId FROM users WHERE  userName = 'henry'  
2017-07-13 09:42:30 SELECT SQL : SELECT name FROM branches WHERE  id = '11'  
2017-07-13 09:42:30 UPDATE SQL : UPDATE users SET sessionId = 'B7Jvxy4i7CF1ccrrfFPeNdDXCEWHWJYa',ipAddress = '197.157.0.30' WHERE  id = '5' 
2017-07-13 09:42:30 Response : {"success":1,"data":{"id":"5","firstName":"Henry","surname":"Bbosa","userName":"henry","userTypeId":"3","sessionId":"B7Jvxy4i7CF1ccrrfFPeNdDXCEWHWJYa","branchId":"11","branchName":"CHINA"}}
2017-07-13 09:42:31 ---- New Request ----
2017-07-13 09:42:31 Controller : Users
2017-07-13 09:42:31 Method : formsdetailsAction
2017-07-13 09:42:31 Controller File : controllers/Users.class.php, Exists
2017-07-13 09:42:31 Class constructed
2017-07-13 09:42:31 Details Params :
SessionID :B7Jvxy4i7CF1ccrrfFPeNdDXCEWHWJYa
User ID : 5
2017-07-13 09:42:31 SELECT SQL : SELECT * FROM branches WHERE  active = '1'  
2017-07-13 09:42:31 SELECT SQL : SELECT * FROM countries WHERE  active = '1'  
2017-07-13 09:42:31 SELECT SQL : SELECT * FROM identification WHERE  active = '1'  
2017-07-13 09:42:31 SELECT SQL : SELECT * FROM users WHERE  active = '1'  
2017-07-13 09:42:31 SELECT SQL : SELECT id,name,branchId,currency_id FROM accounts WHERE  active = '1' AND type_id = '1'  
2017-07-13 09:42:31 Balance Update Params :
Branch Id : 5
Account ID : 16
Amount : 0
2017-07-13 09:42:31 SELECT SQL : SELECT * FROM balances WHERE  branchId = '5' AND accountId = '16'  
2017-07-13 09:42:31 SELECT SQL : SELECT * FROM balances WHERE  branchId = '5' AND accountId = '16' AND date = '2017-07-13'  
2017-07-13 09:42:31 UPDATE SQL : UPDATE balances SET closingBalance = '339508' WHERE  branchId = '5' AND accountId = '16' AND date = '2017-07-13' 
2017-07-13 09:42:31 Balance Update Status 2:1
 2017-07-13 09:42:31 Balance Update Params :
Branch Id : 6
Account ID : 20
Amount : 0
2017-07-13 09:42:31 SELECT SQL : SELECT * FROM balances WHERE  branchId = '6' AND accountId = '20'  
2017-07-13 09:42:31 Balance Update Params :
Branch Id : 6
Account ID : 21
Amount : 0
2017-07-13 09:42:31 SELECT SQL : SELECT * FROM balances WHERE  branchId = '6' AND accountId = '21'  
2017-07-13 09:42:31 SELECT SQL : SELECT * FROM balances WHERE  branchId = '6' AND accountId = '21' AND date = '2017-07-13'  
2017-07-13 09:42:31 UPDATE SQL : UPDATE balances SET closingBalance = '162880' WHERE  branchId = '6' AND accountId = '21' AND date = '2017-07-13' 
2017-07-13 09:42:31 Balance Update Status 2:1
 2017-07-13 09:42:31 Balance Update Params :
Branch Id : 6
Account ID : 22
Amount : 0
2017-07-13 09:42:31 SELECT SQL : SELECT * FROM balances WHERE  branchId = '6' AND accountId = '22'  
2017-07-13 09:42:31 Balance Update Params :
Branch Id : 6
Account ID : 23
Amount : 0
2017-07-13 09:42:31 SELECT SQL : SELECT * FROM balances WHERE  branchId = '6' AND accountId = '23'  
2017-07-13 09:42:31 SELECT SQL : SELECT * FROM balances WHERE  branchId = '6' AND accountId = '23' AND date = '2017-07-13'  
2017-07-13 09:42:31 UPDATE SQL : UPDATE balances SET closingBalance = '111321519' WHERE  branchId = '6' AND accountId = '23' AND date = '2017-07-13' 
2017-07-13 09:42:31 Balance Update Status 2:1
 2017-07-13 09:42:31 Balance Update Params :
Branch Id : 6
Account ID : 24
Amount : 0
2017-07-13 09:42:31 SELECT SQL : SELECT * FROM balances WHERE  branchId = '6' AND accountId = '24'  
2017-07-13 09:42:31 Balance Update Params :
Branch Id : 11
Account ID : 27
Amount : 0
2017-07-13 09:42:31 SELECT SQL : SELECT * FROM balances WHERE  branchId = '11' AND accountId = '27'  
2017-07-13 09:42:31 Balance Update Params :
Branch Id : 11
Account ID : 28
Amount : 0
2017-07-13 09:42:31 SELECT SQL : SELECT * FROM balances WHERE  branchId = '11' AND accountId = '28'  
2017-07-13 09:42:31 Balance Update Params :
Branch Id : 12
Account ID : 33
Amount : 0
2017-07-13 09:42:31 SELECT SQL : SELECT * FROM balances WHERE  branchId = '12' AND accountId = '33'  
2017-07-13 09:42:31 SELECT SQL : SELECT * FROM balances WHERE  branchId = '12' AND accountId = '33' AND date = '2017-07-13'  
2017-07-13 09:42:31 UPDATE SQL : UPDATE balances SET closingBalance = '99' WHERE  branchId = '12' AND accountId = '33' AND date = '2017-07-13' 
2017-07-13 09:42:31 Balance Update Status 2:1
 2017-07-13 09:42:31 Balance Update Params :
Branch Id : 12
Account ID : 36
Amount : 0
2017-07-13 09:42:31 SELECT SQL : SELECT * FROM balances WHERE  branchId = '12' AND accountId = '36'  
2017-07-13 09:42:31 SELECT SQL : SELECT * FROM balances WHERE  branchId = '12' AND accountId = '36' AND date = '2017-07-13'  
2017-07-13 09:42:31 UPDATE SQL : UPDATE balances SET closingBalance = '4605887' WHERE  branchId = '12' AND accountId = '36' AND date = '2017-07-13' 
2017-07-13 09:42:31 Balance Update Status 2:1
 2017-07-13 09:42:31 Balance Update Params :
Branch Id : 7
Account ID : 37
Amount : 0
2017-07-13 09:42:31 SELECT SQL : SELECT * FROM balances WHERE  branchId = '7' AND accountId = '37'  
2017-07-13 09:42:31 SELECT SQL : SELECT * FROM balances WHERE  branchId = '7' AND accountId = '37' AND date = '2017-07-13'  
2017-07-13 09:42:31 UPDATE SQL : UPDATE balances SET closingBalance = '76125' WHERE  branchId = '7' AND accountId = '37' AND date = '2017-07-13' 
2017-07-13 09:42:31 Balance Update Status 2:1
 2017-07-13 09:42:31 SELECT SQL : SELECT * FROM currencies WHERE  active = '1'  
2017-07-13 09:42:31 SELECT SQL : SELECT * FROM accounts WHERE  active = '1' AND type_id = '4'  
2017-07-13 09:42:31 SELECT SQL : SELECT * FROM account_types WHERE  active = '1'  
2017-07-13 09:42:31 SELECT SQL : SELECT * FROM user_types WHERE  active = '1'  
2017-07-13 09:42:31 Response : {"data":{"branches":[{"id":"5","name":"KINSHASHA","countryId":"4","location":"Patrice Avenue","supervisorId":"3","createdBy":"4","ts":"2017-06-30 00:06:55","active":"1"},{"id":"6","name":"OASIS MALL","countryId":"1","location":"Yusufu Lule Rd","supervisorId":"3","createdBy":"2","ts":"2017-06-30 00:12:08","active":"1"},{"id":"7","name":"GOMA","countryId":"4","location":"Goma","supervisorId":"3","createdBy":"1","ts":"2017-07-05 00:00:00","active":"1"},{"id":"9","name":"MOMBASA","countryId":"2","location":"Mombasa","supervisorId":"3","createdBy":"1","ts":"2017-07-05 00:00:00","active":"1"},{"id":"10","name":"DUBAI","countryId":"6","location":"Dubai","supervisorId":"3","createdBy":"1","ts":"2017-07-05 00:00:00","active":"1"},{"id":"11","name":"CHINA","countryId":"5","location":"China","supervisorId":"3","createdBy":"3","ts":"2017-07-05 13:23:17","active":"1"},{"id":"12","name":"NAIROBI","countryId":"2","location":"Nairobi","supervisorId":"3","createdBy":"3","ts":"2017-07-06 14:12:35","active":"1"}],"countries":[{"id":"1","name":"UGANDA","createdBy":"1","ts":"2017-06-25 23:13:31","active":"1"},{"id":"2","name":"KENYA","createdBy":"1","ts":"2017-06-26 09:02:45","active":"1"},{"id":"3","name":"TZ","createdBy":"1","ts":"2017-06-28 11:11:53","active":"1"},{"id":"4","name":"CONGO","createdBy":"1","ts":"2017-06-28 11:26:11","active":"1"},{"id":"5","name":"CHINA","createdBy":"1","ts":"2017-06-28 11:30:01","active":"1"},{"id":"6","name":"UAE","createdBy":"1","ts":"2017-07-05 00:00:00","active":"1"}],"ids":[[{"id":"1","name":"Passport","createdBy":"1","ts":"2017-06-28 14:00:01","active":"1"},{"id":"2","name":"National ID","createdBy":"1","ts":"2017-06-28 14:00:01","active":"1"},{"id":"3","name":"STUDENTS ID","createdBy":"1","ts":"2017-06-28 16:21:46","active":"1"}]],"users":[{"id":"1","firstName":"You","surname":"Jinshu","email":"hudsonbogere@swipeit.co.ug","phone":"256783131266","userName":"you","branchId":"0","userTypeId":"1","password":"$2y$10$pPGbhJ1RXx\/ug.ED3LnsQuKHJTqwYsa\/iF0OqGOgsjflkHKIDTLVq","sessionId":"","ipAddress":"197.239.37.240","createdBy":null,"ts":"2017-06-23 15:08:12","active":"1"},{"id":"2","firstName":"Nansubuga","surname":"Dorothy","email":"henry@gmail.com","phone":"256752284441","userName":"dorah","branchId":"12","userTypeId":"3","password":"$2y$10$m72Zz8Z.h4\/Zp6TFDhmbXeQ79kZ7JJ2U0yLUanc0dDVxbc.5UPkRG","sessionId":"ZzqoqXLvIHiLfWPvR5n0iYqfI0l3SyXi","ipAddress":"197.157.0.30","createdBy":"1","ts":"2017-06-26 19:11:07","active":"1"},{"id":"3","firstName":"Lydia","surname":"Amoi","email":"islam@gmail.com","phone":"256777608310","userName":"lydia","branchId":"6","userTypeId":"2","password":"$2y$10$m72Zz8Z.h4\/Zp6TFDhmbXeQ79kZ7JJ2U0yLUanc0dDVxbc.5UPkRG","sessionId":"jpacmu5zgGIfeNUEsoryslI2MktcEmGs","ipAddress":"165.90.8.201","createdBy":"1","ts":"2017-06-26 19:41:01","active":"1"},{"id":"4","firstName":"Nabukera","surname":"Maria","email":"banerd@tfb.com","phone":"256774457813","userName":"maria","branchId":"5","userTypeId":"3","password":"$2y$10$wTpUE\/WJFMfQaBglrQocTO9ndV6dbxL2vzFDEJZ1hpVVp4binpXGO","sessionId":"","ipAddress":"197.157.34.185","createdBy":"1","ts":"2017-06-26 23:04:07","active":"1"},{"id":"5","firstName":"Henry","surname":"Bbosa","email":null,"phone":null,"userName":"henry","branchId":"11","userTypeId":"3","password":"$2y$10$m72Zz8Z.h4\/Zp6TFDhmbXeQ79kZ7JJ2U0yLUanc0dDVxbc.5UPkRG","sessionId":"B7Jvxy4i7CF1ccrrfFPeNdDXCEWHWJYa","ipAddress":"197.157.0.30","createdBy":"1","ts":"2017-07-05 00:00:00","active":"1"},{"id":"6","firstName":"Edwin","surname":"Kakeeto","email":"edwin@edwin.com","phone":"0777777557","userName":"edwin","branchId":"7","userTypeId":"3","password":"$2y$10$m72Zz8Z.h4\/Zp6TFDhmbXeQ79kZ7JJ2U0yLUanc0dDVxbc.5UPkRG","sessionId":"oDOIbW6b3vb1sfh2mtt8INXZphjbzwZC","ipAddress":"160.242.144.94","createdBy":"3","ts":"2017-07-10 07:37:50","active":"1"}],"accounts":[{"id":"16","name":"KINSHASHA-USD Account","branchId":"5","currency_id":"2"},{"id":"20","name":"OASIS MALL-RMB Account","branchId":"6","currency_id":"1"},{"id":"21","name":"OASIS MALL-USD Account","branchId":"6","currency_id":"2"},{"id":"22","name":"OASIS MALL-DIRHAM Account","branchId":"6","currency_id":"3"},{"id":"23","name":"OASIS MALL-UGX Account","branchId":"6","currency_id":"4"},{"id":"24","name":"OASIS MALL-KSH Account","branchId":"6","currency_id":"5"},{"id":"27","name":"CHINA-RMB Account","branchId":"11","currency_id":"1"},{"id":"28","name":"CHINA-USD Account","branchId":"11","currency_id":"2"},{"id":"33","name":"NAIROBI-USD Account","branchId":"12","currency_id":"2"},{"id":"36","name":"NAIROBI-KSH Account","branchId":"12","currency_id":"5"},{"id":"37","name":"GOMA-USD ACCOUNT","branchId":"7","currency_id":"2"}],"currencies":[{"id":"1","name":"RMB","symbol":"\u00c2\u00a5","createdBy":"1","ts":"2017-06-27 22:45:12","active":"1"},{"id":"2","name":"USD","symbol":"$","createdBy":"1","ts":"2017-06-27 22:45:12","active":"1"},{"id":"3","name":"DIRHAM","symbol":"","createdBy":"1","ts":"2017-06-28 11:40:09","active":"1"},{"id":"4","name":"UGX","symbol":"\/=","createdBy":"1","ts":"2017-06-28 11:46:50","active":"1"},{"id":"5","name":"KSH","symbol":"","createdBy":"1","ts":"2017-06-28 11:46:50","active":"1"}],"superaccount":[{"id":"1","name":"RMB Account","branchId":"0","type_id":"4","currency_id":"1","balance":"0","createdBy":"1","active":"1","ts":"2017-06-27 22:45:12"}],"accountTypes":[{"id":"1","type":"Transfer","description":"","createdBy":"1","ts":"2017-06-28 14:31:12","active":"1"},{"id":"2","type":"Suspense","description":"","createdBy":"1","ts":"2017-06-28 14:31:12","active":"1"},{"id":"4","type":"Super","description":"","createdBy":"1","ts":"2017-06-28 14:31:12","active":"1"}],"userTypes":[{"id":"1","name":"E-Value Admin","level":"1","ts":"2017-06-27 22:45:12","active":"1"},{"id":"2","name":"Super User","level":"2","ts":"2017-06-27 22:45:12","active":"1"},{"id":"3","name":"Agent","level":"3","ts":"2017-06-27 22:45:12","active":"1"},{"id":"4","name":"System Admin","level":"4","ts":"2017-06-27 22:45:12","active":"1"}]},"success":1}
2017-07-13 09:42:52 ---- New Request ----
2017-07-13 09:42:52 Controller : Transfers
2017-07-13 09:42:52 Method : transfercashoutAction
2017-07-13 09:42:52 Controller File : controllers/Transfers.class.php, Exists
2017-07-13 09:42:52 Class constructed
2017-07-13 09:42:52 Class constructed
2017-07-13 09:42:52 Passcode : ******
Transaction Ref : 0120521
UserID : 5
Session ID : B7Jvxy4i7CF1ccrrfFPeNdDXCEWHWJYa
2017-07-13 09:42:52 SELECT SQL : SELECT sessionId FROM users WHERE  id = '5'  
2017-07-13 09:42:52 SELECT SQL : SELECT * FROM transfers WHERE  transferRef = '0120521'  
2017-07-13 09:42:52 SELECT SQL : SELECT name FROM countries WHERE  id = '5'  
2017-07-13 09:42:52 SELECT SQL : SELECT name FROM branches WHERE  id = '12'  
2017-07-13 09:42:52 SELECT SQL : SELECT name FROM currencies WHERE  id = '1'  
2017-07-13 09:42:52 Response : {"success":1,"data":{"id":"1","fromBranch":"12","toBranch":"0","amount":"2998300","currency":"1","charge":"1700","transferRef":"0120521","passcode":"$2y$10$qryzo6VT6EoXrW5wJoKlE.YKzc.Dkp3GY8w\/qerB1sgKtPSYlzCQ2","userIdSource":"2","userIdDestination":null,"ts":"2017-07-13 06:36:47","withdrawTs":null,"status":"Pending","senderFname":"","senderSurname":"DORAH","senderPhone":"0776000064","senderIdType":"0","senderId":"0","senderEmail":"","receiverFname":"LU","receiverSurname":"LILI","receiverPhone":"0776000064","receiverIdType":null,"receiverId":null,"receiverEmail":"","receiverAccountNumber":"6228490058001234877","destinationCountryId":"5","sourceIpAddress":"197.157.0.30","destinationIpAddress":null,"fromBranchName":"NAIROBI","fromCountry":"CHINA","currencyName":"RMB"}}
2017-07-13 09:43:42 ---- New Request ----
2017-07-13 09:43:42 Controller : Transfers
2017-07-13 09:43:42 Method : completetransfercashoutAction
2017-07-13 09:43:42 Controller File : controllers/Transfers.class.php, Exists
2017-07-13 09:43:42 Class constructed
2017-07-13 09:43:42 Class constructed
2017-07-13 09:43:42 Password : ******
Transaction Ref : 0120521
UserID : 5
Session ID : B7Jvxy4i7CF1ccrrfFPeNdDXCEWHWJYa
ID Number : 
ID Type : 
Charge : 
Charge Currency : 
2017-07-13 09:43:42 SELECT SQL : SELECT * FROM users WHERE  id = '5'  
2017-07-13 09:43:42 SELECT SQL : SELECT * FROM transfers WHERE  transferRef = '0120521' AND status = 'Pending'  
2017-07-13 09:43:42 SELECT SQL : SELECT id,destinationIpAddress FROM transfers WHERE  transferRef = '0120521'  
2017-07-13 09:43:42 INSERT SQL : INSERT INTO audit_trails  (ts,userId,tableName,recordId,field,oldValue,newValue)  VALUES(NOW(),'5','transfers','1','destinationIpAddress','','197.157.0.30')
2017-07-13 09:43:42 audit_trails Insert ID : 3
2017-07-13 09:43:42 SELECT SQL : SELECT id,receiverIdType FROM transfers WHERE  transferRef = '0120521'  
2017-07-13 09:43:42 INSERT SQL : INSERT INTO audit_trails  (ts,userId,tableName,recordId,field,oldValue,newValue)  VALUES(NOW(),'5','transfers','1','receiverIdType','','0')
2017-07-13 09:43:42 audit_trails Insert ID : 4
2017-07-13 09:43:42 SELECT SQL : SELECT id,receiverId FROM transfers WHERE  transferRef = '0120521'  
2017-07-13 09:43:42 INSERT SQL : INSERT INTO audit_trails  (ts,userId,tableName,recordId,field,oldValue,newValue)  VALUES(NOW(),'5','transfers','1','receiverId','','')
2017-07-13 09:43:42 audit_trails Insert ID : 5
2017-07-13 09:43:42 SELECT SQL : SELECT id,toBranch FROM transfers WHERE  transferRef = '0120521'  
2017-07-13 09:43:42 INSERT SQL : INSERT INTO audit_trails  (ts,userId,tableName,recordId,field,oldValue,newValue)  VALUES(NOW(),'5','transfers','1','toBranch','0','11')
2017-07-13 09:43:42 audit_trails Insert ID : 6
2017-07-13 09:43:42 SELECT SQL : SELECT id,Status FROM transfers WHERE  transferRef = '0120521'  
2017-07-13 09:43:42 INSERT SQL : INSERT INTO audit_trails  (ts,userId,tableName,recordId,field,oldValue,newValue)  VALUES(NOW(),'5','transfers','1','Status','Pending','Success')
2017-07-13 09:43:42 audit_trails Insert ID : 7
2017-07-13 09:43:42 SELECT SQL : SELECT id,userIdDestination FROM transfers WHERE  transferRef = '0120521'  
2017-07-13 09:43:42 INSERT SQL : INSERT INTO audit_trails  (ts,userId,tableName,recordId,field,oldValue,newValue)  VALUES(NOW(),'5','transfers','1','userIdDestination','','5')
2017-07-13 09:43:42 audit_trails Insert ID : 8
2017-07-13 09:43:42 SELECT SQL : SELECT id,withdrawTs FROM transfers WHERE  transferRef = '0120521'  
2017-07-13 09:43:42 INSERT SQL : INSERT INTO audit_trails  (ts,userId,tableName,recordId,field,oldValue,newValue)  VALUES(NOW(),'5','transfers','1','withdrawTs','','2017-07-13 09:07:42')
2017-07-13 09:43:42 audit_trails Insert ID : 9
2017-07-13 09:43:42 UPDATE SQL : UPDATE transfers SET destinationIpAddress = '197.157.0.30',receiverIdType = '0',receiverId = '',toBranch = '11',Status = 'Success',userIdDestination = '5',withdrawTs = '2017-07-13 09:07:42' WHERE  transferRef = '0120521' 
2017-07-13 09:43:42 SELECT SQL : SELECT * FROM settings WHERE  name = 'SuspenseAccount'  
2017-07-13 09:43:42 SELECT SQL : SELECT * FROM settings WHERE  name = 'ToChinaAccount'  
2017-07-13 09:43:42 SELECT SQL : SELECT * FROM account_transfers WHERE  transferRef = '0120521'  
2017-07-13 09:43:42 SELECT SQL : SELECT id FROM accounts WHERE  branchId = '11' AND currency_id = '1'  
2017-07-13 09:43:42 Transfer Amount : 192940.79794079796
2017-07-13 09:43:42 INSERT SQL : INSERT INTO account_transfers  (ts,type,amount,amountB4Xchange,amountAfterXchange,exchangeRate,charge,chargeCurrency,fromId,toId,userId,createdBy,transferRef)  VALUES(NOW(),'transfer','2998300','2998300','192940.79794079796','15.54','1700','0','27','26','5','5','0120521')
2017-07-13 09:43:42 Balance Update Params :
Branch Id : 0
Account ID : 26
Amount : 2998300
2017-07-13 09:43:42 SELECT SQL : SELECT * FROM balances WHERE  branchId = '0' AND accountId = '26'  
2017-07-13 09:43:42 SELECT SQL : SELECT * FROM balances WHERE  branchId = '0' AND accountId = '26' AND date = '2017-07-13'  
2017-07-13 09:43:42 UPDATE SQL : UPDATE balances SET closingBalance = '-1554000' WHERE  branchId = '0' AND accountId = '26' AND date = '2017-07-13' 
2017-07-13 09:43:42 Balance Update Status 2:1
 2017-07-13 09:43:42 Balance Update Params :
Branch Id : 11
Account ID : 27
Amount : -192940.7979408
2017-07-13 09:43:42 SELECT SQL : SELECT * FROM balances WHERE  branchId = '11' AND accountId = '27'  
2017-07-13 09:43:42 INSERT SQL : INSERT INTO balances  (ts,branchId,accountId,openingBalance,closingBalance,date)  VALUES(NOW(),'11','27','-192940.7979408','-192940.7979408','2017-07-13')
2017-07-13 09:43:42 Balance Create Insert ID :15
 2017-07-13 09:43:42 Response : {"success":1,"data":"Transfer cashed out successfully"}
2017-07-13 09:44:08 ---- New Request ----
2017-07-13 09:44:08 Controller : Transfers
2017-07-13 09:44:08 Method : transfercashoutAction
2017-07-13 09:44:08 Controller File : controllers/Transfers.class.php, Exists
2017-07-13 09:44:08 Class constructed
2017-07-13 09:44:08 Class constructed
2017-07-13 09:44:08 Passcode : ******
Transaction Ref : 0120522
UserID : 5
Session ID : B7Jvxy4i7CF1ccrrfFPeNdDXCEWHWJYa
2017-07-13 09:44:08 SELECT SQL : SELECT sessionId FROM users WHERE  id = '5'  
2017-07-13 09:44:08 SELECT SQL : SELECT * FROM transfers WHERE  transferRef = '0120522'  
2017-07-13 09:44:08 SELECT SQL : SELECT name FROM countries WHERE  id = '5'  
2017-07-13 09:44:08 SELECT SQL : SELECT name FROM branches WHERE  id = '12'  
2017-07-13 09:44:08 SELECT SQL : SELECT name FROM currencies WHERE  id = '1'  
2017-07-13 09:44:08 Response : {"success":1,"data":{"id":"2","fromBranch":"12","toBranch":"0","amount":"1554000","currency":"1","charge":"1700","transferRef":"0120522","passcode":"$2y$10$ZhbKmlSd7JEKH3IjtUnm2OtvHdNflk5XRuL4KARwsvLXuthb2dNEi","userIdSource":"2","userIdDestination":null,"ts":"2017-07-13 06:38:06","withdrawTs":null,"status":"Pending","senderFname":"","senderSurname":"DORAH","senderPhone":"0776000064","senderIdType":"0","senderId":"0","senderEmail":"","receiverFname":"LIN","receiverSurname":"CHUNXIANG","receiverPhone":"0776000064","receiverIdType":null,"receiverId":null,"receiverEmail":"","receiverAccountNumber":"6013820500995515933","destinationCountryId":"5","sourceIpAddress":"197.157.0.30","destinationIpAddress":null,"fromBranchName":"NAIROBI","fromCountry":"CHINA","currencyName":"RMB"}}
2017-07-13 09:44:39 ---- New Request ----
2017-07-13 09:44:39 Controller : Transfers
2017-07-13 09:44:39 Method : completetransfercashoutAction
2017-07-13 09:44:39 Controller File : controllers/Transfers.class.php, Exists
2017-07-13 09:44:39 Class constructed
2017-07-13 09:44:39 Class constructed
2017-07-13 09:44:39 Password : ******
Transaction Ref : 0120522
UserID : 5
Session ID : B7Jvxy4i7CF1ccrrfFPeNdDXCEWHWJYa
ID Number : 
ID Type : 
Charge : 
Charge Currency : 
2017-07-13 09:44:39 SELECT SQL : SELECT * FROM users WHERE  id = '5'  
2017-07-13 09:44:39 SELECT SQL : SELECT * FROM transfers WHERE  transferRef = '0120522' AND status = 'Pending'  
2017-07-13 09:44:39 SELECT SQL : SELECT id,destinationIpAddress FROM transfers WHERE  transferRef = '0120522'  
2017-07-13 09:44:39 INSERT SQL : INSERT INTO audit_trails  (ts,userId,tableName,recordId,field,oldValue,newValue)  VALUES(NOW(),'5','transfers','2','destinationIpAddress','','197.157.0.30')
2017-07-13 09:44:39 audit_trails Insert ID : 10
2017-07-13 09:44:39 SELECT SQL : SELECT id,receiverIdType FROM transfers WHERE  transferRef = '0120522'  
2017-07-13 09:44:39 INSERT SQL : INSERT INTO audit_trails  (ts,userId,tableName,recordId,field,oldValue,newValue)  VALUES(NOW(),'5','transfers','2','receiverIdType','','0')
2017-07-13 09:44:39 audit_trails Insert ID : 11
2017-07-13 09:44:39 SELECT SQL : SELECT id,receiverId FROM transfers WHERE  transferRef = '0120522'  
2017-07-13 09:44:39 INSERT SQL : INSERT INTO audit_trails  (ts,userId,tableName,recordId,field,oldValue,newValue)  VALUES(NOW(),'5','transfers','2','receiverId','','')
2017-07-13 09:44:39 audit_trails Insert ID : 12
2017-07-13 09:44:39 SELECT SQL : SELECT id,toBranch FROM transfers WHERE  transferRef = '0120522'  
2017-07-13 09:44:39 INSERT SQL : INSERT INTO audit_trails  (ts,userId,tableName,recordId,field,oldValue,newValue)  VALUES(NOW(),'5','transfers','2','toBranch','0','11')
2017-07-13 09:44:39 audit_trails Insert ID : 13
2017-07-13 09:44:39 SELECT SQL : SELECT id,Status FROM transfers WHERE  transferRef = '0120522'  
2017-07-13 09:44:39 INSERT SQL : INSERT INTO audit_trails  (ts,userId,tableName,recordId,field,oldValue,newValue)  VALUES(NOW(),'5','transfers','2','Status','Pending','Success')
2017-07-13 09:44:39 audit_trails Insert ID : 14
2017-07-13 09:44:39 SELECT SQL : SELECT id,userIdDestination FROM transfers WHERE  transferRef = '0120522'  
2017-07-13 09:44:39 INSERT SQL : INSERT INTO audit_trails  (ts,userId,tableName,recordId,field,oldValue,newValue)  VALUES(NOW(),'5','transfers','2','userIdDestination','','5')
2017-07-13 09:44:39 audit_trails Insert ID : 15
2017-07-13 09:44:39 SELECT SQL : SELECT id,withdrawTs FROM transfers WHERE  transferRef = '0120522'  
2017-07-13 09:44:39 INSERT SQL : INSERT INTO audit_trails  (ts,userId,tableName,recordId,field,oldValue,newValue)  VALUES(NOW(),'5','transfers','2','withdrawTs','','2017-07-13 09:07:39')
2017-07-13 09:44:39 audit_trails Insert ID : 16
2017-07-13 09:44:39 UPDATE SQL : UPDATE transfers SET destinationIpAddress = '197.157.0.30',receiverIdType = '0',receiverId = '',toBranch = '11',Status = 'Success',userIdDestination = '5',withdrawTs = '2017-07-13 09:07:39' WHERE  transferRef = '0120522' 
2017-07-13 09:44:39 SELECT SQL : SELECT * FROM settings WHERE  name = 'SuspenseAccount'  
2017-07-13 09:44:39 SELECT SQL : SELECT * FROM settings WHERE  name = 'ToChinaAccount'  
2017-07-13 09:44:39 SELECT SQL : SELECT * FROM account_transfers WHERE  transferRef = '0120522'  
2017-07-13 09:44:39 SELECT SQL : SELECT id FROM accounts WHERE  branchId = '11' AND currency_id = '1'  
2017-07-13 09:44:39 Transfer Amount : 100000
2017-07-13 09:44:39 INSERT SQL : INSERT INTO account_transfers  (ts,type,amount,amountB4Xchange,amountAfterXchange,exchangeRate,charge,chargeCurrency,fromId,toId,userId,createdBy,transferRef)  VALUES(NOW(),'transfer','1554000','1554000','100000','15.54','1700','0','27','26','5','5','0120522')
2017-07-13 09:44:39 Balance Update Params :
Branch Id : 0
Account ID : 26
Amount : 1554000
2017-07-13 09:44:39 SELECT SQL : SELECT * FROM balances WHERE  branchId = '0' AND accountId = '26'  
2017-07-13 09:44:39 SELECT SQL : SELECT * FROM balances WHERE  branchId = '0' AND accountId = '26' AND date = '2017-07-13'  
2017-07-13 09:44:39 UPDATE SQL : UPDATE balances SET closingBalance = '0' WHERE  branchId = '0' AND accountId = '26' AND date = '2017-07-13' 
2017-07-13 09:44:39 Balance Update Status 2:1
 2017-07-13 09:44:39 Balance Update Params :
Branch Id : 11
Account ID : 27
Amount : -100000
2017-07-13 09:44:39 SELECT SQL : SELECT * FROM balances WHERE  branchId = '11' AND accountId = '27'  
2017-07-13 09:44:39 SELECT SQL : SELECT * FROM balances WHERE  branchId = '11' AND accountId = '27' AND date = '2017-07-13'  
2017-07-13 09:44:39 UPDATE SQL : UPDATE balances SET closingBalance = '-292940.7979408' WHERE  branchId = '11' AND accountId = '27' AND date = '2017-07-13' 
2017-07-13 09:44:39 Balance Update Status 2:1
 2017-07-13 09:44:39 Response : {"success":1,"data":"Transfer cashed out successfully"}
2017-07-13 09:44:42 ---- New Request ----
2017-07-13 09:44:42 Controller : Transfers
2017-07-13 09:44:42 Method : getbalancesAction
2017-07-13 09:44:42 Controller File : controllers/Transfers.class.php, Exists
2017-07-13 09:44:42 Class constructed
2017-07-13 09:44:42 Class constructed
2017-07-13 09:44:42 UserID : 5
SessionId : B7Jvxy4i7CF1ccrrfFPeNdDXCEWHWJYa
Branch ID : 
Date : 
2017-07-13 09:44:42 SELECT SQL : SELECT sessionId,branchId,userTypeId FROM users WHERE  id = '5'  
2017-07-13 09:44:42 SELECT SQL : SELECT closingBalance,openingBalance,accountId,branchId,date FROM balances WHERE  date = '2017-07-13' AND branchId = '11'  
2017-07-13 09:44:42 SELECT SQL : SELECT name FROM accounts WHERE  id = '27'  
2017-07-13 09:44:42 SELECT SQL : SELECT name FROM branches WHERE  id = '11'  
2017-07-13 09:44:42 Response : {"success":1,"data":[{"closingBalance":"-292940.7979408","openingBalance":"-192940.7979408","accountId":"27","branchId":"11","date":"2017-07-13","accountName":"CHINA-RMB Account","branchName":"CHINA"}]}
2017-07-13 09:45:57 ---- New Request ----
2017-07-13 09:45:57 Controller : Transfers
2017-07-13 09:45:57 Method : createtransferAction
2017-07-13 09:45:57 Controller File : controllers/Transfers.class.php, Exists
2017-07-13 09:45:57 Class constructed
2017-07-13 09:45:57 Class constructed
2017-07-13 09:45:57 Transfer Creation Params ;Amount :8500\currencyid : 5
Country : 2
Charge : 0
sfname : 
ssurname : LIN
Account Number : 
semail : 
sphone : 0776000064
sidtype : 0
sid : 0
rfname : LIN
rsurname : HUIFENG
remail : 
rphone : 0776000064
Receiver Branch : 0
passcode : ******
password : ******
userid : 5
sessionid : B7Jvxy4i7CF1ccrrfFPeNdDXCEWHWJYa
Exchange Rate : 14.96
AmountAfterXchange : 127160
Charge Currency : 2017-07-13 09:45:57 SELECT SQL : SELECT * FROM settings WHERE  name = 'SuspenseAccount'  
2017-07-13 09:45:57 SELECT SQL : SELECT * FROM users WHERE  id = '5'  
2017-07-13 09:45:58 INSERT SQL : INSERT INTO transfers  (ts,userIdSource,amount,currency,destinationCountryId,toBranch,senderFname,senderSurname,senderEmail,senderPhone,senderIdType,senderId,receiverFname,receiverSurname,receiverEmail,receiverPhone,fromBranch,passcode,status,sourceIpAddress)  VALUES(NOW(),'5','8500','5','2','0','','LIN','','0776000064','0','0','LIN','HUIFENG','','0776000064','11','$2y$10$a2dIwHsrJuuTFTBgokhSveoH.J0AzASiTngliaUz561c2WTQyGHLa','Pending','197.157.0.30')
2017-07-13 09:45:58 SELECT SQL : SELECT id,transferRef FROM transfers WHERE  id = '3'  
2017-07-13 09:45:58 INSERT SQL : INSERT INTO audit_trails  (ts,userId,tableName,recordId,field,oldValue,newValue)  VALUES(NOW(),'5','transfers','3','transferRef','','0110253')
2017-07-13 09:45:58 audit_trails Insert ID : 17
2017-07-13 09:45:58 UPDATE SQL : UPDATE transfers SET transferRef = '0110253' WHERE  id = '3' 
2017-07-13 09:45:58 SELECT SQL : SELECT id FROM accounts WHERE  branchId = '11' AND currency_id = '1'  
2017-07-13 09:45:58 INSERT SQL : INSERT INTO account_transfers  (ts,amountAfterXchange,amountB4Xchange,currencyB4Xchange,currencyAfterXchange,exchangeRate,type,amount,charge,fromId,toId,transferRef,userId)  VALUES(NOW(),'127160','8500','1','5','14.96','transfer','8500','0','25','27','0110253','5')
2017-07-13 09:45:58 Balance Update Params :
Branch Id : 11
Account ID : 27
Amount : 8500
2017-07-13 09:45:58 SELECT SQL : SELECT * FROM balances WHERE  branchId = '11' AND accountId = '27'  
2017-07-13 09:45:58 SELECT SQL : SELECT * FROM balances WHERE  branchId = '11' AND accountId = '27' AND date = '2017-07-13'  
2017-07-13 09:45:58 UPDATE SQL : UPDATE balances SET closingBalance = '-284440.7979408' WHERE  branchId = '11' AND accountId = '27' AND date = '2017-07-13' 
2017-07-13 09:45:58 Balance Update Status 2:1
 2017-07-13 09:45:58 Balance Update Params :
Branch Id : 0
Account ID : 25
Amount : -8500
2017-07-13 09:45:58 SELECT SQL : SELECT * FROM balances WHERE  branchId = '0' AND accountId = '25'  
2017-07-13 09:45:58 INSERT SQL : INSERT INTO balances  (ts,branchId,accountId,openingBalance,closingBalance,date)  VALUES(NOW(),'0','25','-8500','-8500','2017-07-13')
2017-07-13 09:45:58 Balance Create Insert ID :16
 2017-07-13 09:45:58 SELECT SQL : SELECT * FROM transfers WHERE  fromBranch = '11'  OR toBranch = '11'  OR destinationCountryId = '2'  
2017-07-13 09:45:58 Response : {"success":1,"data":"0110253"}
2017-07-13 09:46:09 ---- New Request ----
2017-07-13 09:46:09 Controller : Transfers
2017-07-13 09:46:09 Method : transfercashoutAction
2017-07-13 09:46:09 Controller File : controllers/Transfers.class.php, Exists
2017-07-13 09:46:09 Class constructed
2017-07-13 09:46:09 Class constructed
2017-07-13 09:46:09 Passcode : ******
Transaction Ref : 0110253
UserID : 2
Session ID : ZzqoqXLvIHiLfWPvR5n0iYqfI0l3SyXi
2017-07-13 09:46:09 SELECT SQL : SELECT sessionId FROM users WHERE  id = '2'  
2017-07-13 09:46:09 SELECT SQL : SELECT * FROM transfers WHERE  transferRef = '0110253'  
2017-07-13 09:46:09 SELECT SQL : SELECT name FROM countries WHERE  id = '2'  
2017-07-13 09:46:09 SELECT SQL : SELECT name FROM branches WHERE  id = '11'  
2017-07-13 09:46:09 SELECT SQL : SELECT name FROM currencies WHERE  id = '5'  
2017-07-13 09:46:09 Response : {"success":1,"data":{"id":"3","fromBranch":"11","toBranch":"0","amount":"8500","currency":"5","charge":null,"transferRef":"0110253","passcode":"$2y$10$a2dIwHsrJuuTFTBgokhSveoH.J0AzASiTngliaUz561c2WTQyGHLa","userIdSource":"5","userIdDestination":null,"ts":"2017-07-13 06:45:58","withdrawTs":null,"status":"Pending","senderFname":"","senderSurname":"LIN","senderPhone":"0776000064","senderIdType":"0","senderId":"0","senderEmail":"","receiverFname":"LIN","receiverSurname":"HUIFENG","receiverPhone":"0776000064","receiverIdType":null,"receiverId":null,"receiverEmail":"","receiverAccountNumber":null,"destinationCountryId":"2","sourceIpAddress":"197.157.0.30","destinationIpAddress":null,"fromBranchName":"CHINA","fromCountry":"KENYA","currencyName":"KSH"}}
2017-07-13 09:46:16 ---- New Request ----
2017-07-13 09:46:16 Controller : Transfers
2017-07-13 09:46:16 Method : completetransfercashoutAction
2017-07-13 09:46:16 Controller File : controllers/Transfers.class.php, Exists
2017-07-13 09:46:16 Class constructed
2017-07-13 09:46:16 Class constructed
2017-07-13 09:46:16 Password : ******
Transaction Ref : 0110253
UserID : 2
Session ID : ZzqoqXLvIHiLfWPvR5n0iYqfI0l3SyXi
ID Number : 
ID Type : 
Charge : 
Charge Currency : 
2017-07-13 09:46:16 SELECT SQL : SELECT * FROM users WHERE  id = '2'  
2017-07-13 09:46:16 SELECT SQL : SELECT * FROM transfers WHERE  transferRef = '0110253' AND status = 'Pending'  
2017-07-13 09:46:16 SELECT SQL : SELECT id,destinationIpAddress FROM transfers WHERE  transferRef = '0110253'  
2017-07-13 09:46:16 INSERT SQL : INSERT INTO audit_trails  (ts,userId,tableName,recordId,field,oldValue,newValue)  VALUES(NOW(),'2','transfers','3','destinationIpAddress','','197.157.0.30')
2017-07-13 09:46:16 audit_trails Insert ID : 18
2017-07-13 09:46:16 SELECT SQL : SELECT id,receiverIdType FROM transfers WHERE  transferRef = '0110253'  
2017-07-13 09:46:16 INSERT SQL : INSERT INTO audit_trails  (ts,userId,tableName,recordId,field,oldValue,newValue)  VALUES(NOW(),'2','transfers','3','receiverIdType','','0')
2017-07-13 09:46:16 audit_trails Insert ID : 19
2017-07-13 09:46:16 SELECT SQL : SELECT id,receiverId FROM transfers WHERE  transferRef = '0110253'  
2017-07-13 09:46:16 INSERT SQL : INSERT INTO audit_trails  (ts,userId,tableName,recordId,field,oldValue,newValue)  VALUES(NOW(),'2','transfers','3','receiverId','','')
2017-07-13 09:46:16 audit_trails Insert ID : 20
2017-07-13 09:46:16 SELECT SQL : SELECT id,toBranch FROM transfers WHERE  transferRef = '0110253'  
2017-07-13 09:46:16 INSERT SQL : INSERT INTO audit_trails  (ts,userId,tableName,recordId,field,oldValue,newValue)  VALUES(NOW(),'2','transfers','3','toBranch','0','12')
2017-07-13 09:46:16 audit_trails Insert ID : 21
2017-07-13 09:46:16 SELECT SQL : SELECT id,Status FROM transfers WHERE  transferRef = '0110253'  
2017-07-13 09:46:16 INSERT SQL : INSERT INTO audit_trails  (ts,userId,tableName,recordId,field,oldValue,newValue)  VALUES(NOW(),'2','transfers','3','Status','Pending','Success')
2017-07-13 09:46:16 audit_trails Insert ID : 22
2017-07-13 09:46:16 SELECT SQL : SELECT id,userIdDestination FROM transfers WHERE  transferRef = '0110253'  
2017-07-13 09:46:16 INSERT SQL : INSERT INTO audit_trails  (ts,userId,tableName,recordId,field,oldValue,newValue)  VALUES(NOW(),'2','transfers','3','userIdDestination','','2')
2017-07-13 09:46:16 audit_trails Insert ID : 23
2017-07-13 09:46:16 SELECT SQL : SELECT id,withdrawTs FROM transfers WHERE  transferRef = '0110253'  
2017-07-13 09:46:16 INSERT SQL : INSERT INTO audit_trails  (ts,userId,tableName,recordId,field,oldValue,newValue)  VALUES(NOW(),'2','transfers','3','withdrawTs','','2017-07-13 09:07:16')
2017-07-13 09:46:16 audit_trails Insert ID : 24
2017-07-13 09:46:16 UPDATE SQL : UPDATE transfers SET destinationIpAddress = '197.157.0.30',receiverIdType = '0',receiverId = '',toBranch = '12',Status = 'Success',userIdDestination = '2',withdrawTs = '2017-07-13 09:07:16' WHERE  transferRef = '0110253' 
2017-07-13 09:46:16 SELECT SQL : SELECT * FROM settings WHERE  name = 'SuspenseAccount'  
2017-07-13 09:46:16 SELECT SQL : SELECT * FROM account_transfers WHERE  transferRef = '0110253'  
2017-07-13 09:46:16 SELECT SQL : SELECT id FROM accounts WHERE  branchId = '12' AND currency_id = '5'  
2017-07-13 09:46:16 Transfer Amount : 127160
2017-07-13 09:46:16 INSERT SQL : INSERT INTO account_transfers  (ts,type,amount,amountB4Xchange,amountAfterXchange,exchangeRate,charge,chargeCurrency,fromId,toId,userId,createdBy,transferRef)  VALUES(NOW(),'transfer','8500','8500','127160','14.96','0','0','36','25','2','2','0110253')
2017-07-13 09:46:16 Balance Update Params :
Branch Id : 0
Account ID : 25
Amount : 8500
2017-07-13 09:46:16 SELECT SQL : SELECT * FROM balances WHERE  branchId = '0' AND accountId = '25'  
2017-07-13 09:46:16 SELECT SQL : SELECT * FROM balances WHERE  branchId = '0' AND accountId = '25' AND date = '2017-07-13'  
2017-07-13 09:46:16 UPDATE SQL : UPDATE balances SET closingBalance = '0' WHERE  branchId = '0' AND accountId = '25' AND date = '2017-07-13' 
2017-07-13 09:46:16 Balance Update Status 2:1
 2017-07-13 09:46:16 Balance Update Params :
Branch Id : 12
Account ID : 36
Amount : -127160
2017-07-13 09:46:16 SELECT SQL : SELECT * FROM balances WHERE  branchId = '12' AND accountId = '36'  
2017-07-13 09:46:16 SELECT SQL : SELECT * FROM balances WHERE  branchId = '12' AND accountId = '36' AND date = '2017-07-13'  
2017-07-13 09:46:16 UPDATE SQL : UPDATE balances SET closingBalance = '4478727' WHERE  branchId = '12' AND accountId = '36' AND date = '2017-07-13' 
2017-07-13 09:46:16 Balance Update Status 2:1
 2017-07-13 09:46:16 Response : {"success":1,"data":"Transfer cashed out successfully"}
2017-07-13 09:47:06 ---- New Request ----
2017-07-13 09:47:06 Controller : Exchange
2017-07-13 09:47:06 Method : createexchangeAction
2017-07-13 09:47:06 Controller File : controllers/Exchange.class.php, Exists
2017-07-13 09:47:06 Class constructed
2017-07-13 09:47:06 Class constructed
2017-07-13 09:47:06 Exchange Params:
FromCurrency : 5
ToCurrency : 2
AmountBe4 : 4477537
Amount After : 42949.99520383693
Exhange Rate : 104.25
UserID : 2
Session ID : ZzqoqXLvIHiLfWPvR5n0iYqfI0l3SyXi
2017-07-13 09:47:06 SELECT SQL : SELECT * FROM users WHERE  id = '2'  
2017-07-13 09:47:06 INSERT SQL : INSERT INTO currency_exchange  (ts,fromCurrencyId,toCurrencyId,AmountBeforeXchange,amountAfterXchange,exhangeRate,userId)  VALUES(NOW(),'5','2','4477537','42949.99520383693','104.25','2')
2017-07-13 09:47:06 Response : {"success":1,"data":"Your request was successfully processed."}
2017-07-13 09:54:47 ---- New Request ----
2017-07-13 09:54:47 Controller : Transfers
2017-07-13 09:54:47 Method : createtransferAction
2017-07-13 09:54:47 Controller File : controllers/Transfers.class.php, Exists
2017-07-13 09:54:47 Class constructed
2017-07-13 09:54:47 Class constructed
2017-07-13 09:54:47 Transfer Creation Params ;Amount :27800\currencyid : 1
Country : 5
Charge : 1700
sfname : 
ssurname : LIN
Account Number : 6217900100010491556
semail : 
sphone : 0776000064
sidtype : 0
sid : 0
rfname : FENG
rsurname : YANQING
remail : 
rphone : 0776000064
Receiver Branch : 0
passcode : ******
password : ******
userid : 2
sessionid : ZzqoqXLvIHiLfWPvR5n0iYqfI0l3SyXi
Exchange Rate : 15.54
AmountAfterXchange : 1788.931788931789
Charge Currency : 52017-07-13 09:54:47 SELECT SQL : SELECT * FROM settings WHERE  name = 'SuspenseAccount'  
2017-07-13 09:54:47 SELECT SQL : SELECT * FROM settings WHERE  name = 'ToChinaAccount'  
2017-07-13 09:54:47 SELECT SQL : SELECT * FROM users WHERE  id = '2'  
2017-07-13 09:54:47 INSERT SQL : INSERT INTO transfers  (ts,userIdSource,amount,currency,destinationCountryId,toBranch,senderFname,senderSurname,senderEmail,senderPhone,senderIdType,senderId,receiverFname,receiverSurname,receiverEmail,receiverPhone,charge,receiverAccountNumber,fromBranch,passcode,status,sourceIpAddress)  VALUES(NOW(),'2','27800','1','5','0','','LIN','','0776000064','0','0','FENG','YANQING','','0776000064','1700','6217900100010491556','12','$2y$10$TkTkI8GBPMR2z7gR2ScQdOzDoB2UvBFvDbSuN8GO9hGkdPHSsG5..','Pending','197.157.0.30')
2017-07-13 09:54:47 SELECT SQL : SELECT id,transferRef FROM transfers WHERE  id = '4'  
2017-07-13 09:54:47 INSERT SQL : INSERT INTO audit_trails  (ts,userId,tableName,recordId,field,oldValue,newValue)  VALUES(NOW(),'2','transfers','4','transferRef','','0120524')
2017-07-13 09:54:47 audit_trails Insert ID : 25
2017-07-13 09:54:47 UPDATE SQL : UPDATE transfers SET transferRef = '0120524' WHERE  id = '4' 
2017-07-13 09:54:47 SELECT SQL : SELECT id FROM accounts WHERE  branchId = '12' AND currency_id = '5'  
2017-07-13 09:54:47 INSERT SQL : INSERT INTO account_transfers  (ts,amountAfterXchange,amountB4Xchange,currencyB4Xchange,currencyAfterXchange,exchangeRate,charge,chargeCurrency,type,amount,fromId,toId,transferRef,userId)  VALUES(NOW(),'1788.931788931789','27800','5','1','15.54','1700','5','transfer','27800','26','36','0120524','2')
2017-07-13 09:54:47 Balance Update Params :
Branch Id : 12
Account ID : 36
Amount : 27800
2017-07-13 09:54:47 SELECT SQL : SELECT * FROM balances WHERE  branchId = '12' AND accountId = '36'  
2017-07-13 09:54:47 SELECT SQL : SELECT * FROM balances WHERE  branchId = '12' AND accountId = '36' AND date = '2017-07-13'  
2017-07-13 09:54:47 UPDATE SQL : UPDATE balances SET closingBalance = '4506527' WHERE  branchId = '12' AND accountId = '36' AND date = '2017-07-13' 
2017-07-13 09:54:47 Balance Update Status 2:1
 2017-07-13 09:54:47 Balance Update Params :
Branch Id : 0
Account ID : 26
Amount : -27800
2017-07-13 09:54:47 SELECT SQL : SELECT * FROM balances WHERE  branchId = '0' AND accountId = '26'  
2017-07-13 09:54:47 SELECT SQL : SELECT * FROM balances WHERE  branchId = '0' AND accountId = '26' AND date = '2017-07-13'  
2017-07-13 09:54:47 UPDATE SQL : UPDATE balances SET closingBalance = '-27800' WHERE  branchId = '0' AND accountId = '26' AND date = '2017-07-13' 
2017-07-13 09:54:47 Balance Update Status 2:1
 2017-07-13 09:54:47 SELECT SQL : SELECT * FROM transfers WHERE  fromBranch = '12'  OR toBranch = '12'  OR destinationCountryId = '5'  
2017-07-13 09:54:47 Response : {"success":1,"data":"0120524"}
2017-07-13 09:54:57 ---- New Request ----
2017-07-13 09:54:57 Controller : Transfers
2017-07-13 09:54:57 Method : transfercashoutAction
2017-07-13 09:54:57 Controller File : controllers/Transfers.class.php, Exists
2017-07-13 09:54:57 Class constructed
2017-07-13 09:54:57 Class constructed
2017-07-13 09:54:57 Passcode : ******
Transaction Ref : 0120524
UserID : 5
Session ID : B7Jvxy4i7CF1ccrrfFPeNdDXCEWHWJYa
2017-07-13 09:54:57 SELECT SQL : SELECT sessionId FROM users WHERE  id = '5'  
2017-07-13 09:54:57 SELECT SQL : SELECT * FROM transfers WHERE  transferRef = '0120524'  
2017-07-13 09:54:58 SELECT SQL : SELECT name FROM countries WHERE  id = '5'  
2017-07-13 09:54:58 SELECT SQL : SELECT name FROM branches WHERE  id = '12'  
2017-07-13 09:54:58 SELECT SQL : SELECT name FROM currencies WHERE  id = '1'  
2017-07-13 09:54:58 Response : {"success":1,"data":{"id":"4","fromBranch":"12","toBranch":"0","amount":"27800","currency":"1","charge":"1700","transferRef":"0120524","passcode":"$2y$10$TkTkI8GBPMR2z7gR2ScQdOzDoB2UvBFvDbSuN8GO9hGkdPHSsG5..","userIdSource":"2","userIdDestination":null,"ts":"2017-07-13 06:54:47","withdrawTs":null,"status":"Pending","senderFname":"","senderSurname":"LIN","senderPhone":"0776000064","senderIdType":"0","senderId":"0","senderEmail":"","receiverFname":"FENG","receiverSurname":"YANQING","receiverPhone":"0776000064","receiverIdType":null,"receiverId":null,"receiverEmail":"","receiverAccountNumber":"6217900100010491556","destinationCountryId":"5","sourceIpAddress":"197.157.0.30","destinationIpAddress":null,"fromBranchName":"NAIROBI","fromCountry":"CHINA","currencyName":"RMB"}}
2017-07-13 09:55:20 ---- New Request ----
2017-07-13 09:55:20 Controller : Transfers
2017-07-13 09:55:20 Method : completetransfercashoutAction
2017-07-13 09:55:20 Controller File : controllers/Transfers.class.php, Exists
2017-07-13 09:55:20 Class constructed
2017-07-13 09:55:20 Class constructed
2017-07-13 09:55:20 Password : ******
Transaction Ref : 0120524
UserID : 5
Session ID : B7Jvxy4i7CF1ccrrfFPeNdDXCEWHWJYa
ID Number : 
ID Type : 
Charge : 
Charge Currency : 
2017-07-13 09:55:20 SELECT SQL : SELECT * FROM users WHERE  id = '5'  
2017-07-13 09:55:20 SELECT SQL : SELECT * FROM transfers WHERE  transferRef = '0120524' AND status = 'Pending'  
2017-07-13 09:55:20 SELECT SQL : SELECT id,destinationIpAddress FROM transfers WHERE  transferRef = '0120524'  
2017-07-13 09:55:20 INSERT SQL : INSERT INTO audit_trails  (ts,userId,tableName,recordId,field,oldValue,newValue)  VALUES(NOW(),'5','transfers','4','destinationIpAddress','','197.157.0.30')
2017-07-13 09:55:20 audit_trails Insert ID : 26
2017-07-13 09:55:20 SELECT SQL : SELECT id,receiverIdType FROM transfers WHERE  transferRef = '0120524'  
2017-07-13 09:55:20 INSERT SQL : INSERT INTO audit_trails  (ts,userId,tableName,recordId,field,oldValue,newValue)  VALUES(NOW(),'5','transfers','4','receiverIdType','','0')
2017-07-13 09:55:20 audit_trails Insert ID : 27
2017-07-13 09:55:20 SELECT SQL : SELECT id,receiverId FROM transfers WHERE  transferRef = '0120524'  
2017-07-13 09:55:20 INSERT SQL : INSERT INTO audit_trails  (ts,userId,tableName,recordId,field,oldValue,newValue)  VALUES(NOW(),'5','transfers','4','receiverId','','')
2017-07-13 09:55:20 audit_trails Insert ID : 28
2017-07-13 09:55:20 SELECT SQL : SELECT id,toBranch FROM transfers WHERE  transferRef = '0120524'  
2017-07-13 09:55:20 INSERT SQL : INSERT INTO audit_trails  (ts,userId,tableName,recordId,field,oldValue,newValue)  VALUES(NOW(),'5','transfers','4','toBranch','0','11')
2017-07-13 09:55:20 audit_trails Insert ID : 29
2017-07-13 09:55:20 SELECT SQL : SELECT id,Status FROM transfers WHERE  transferRef = '0120524'  
2017-07-13 09:55:20 INSERT SQL : INSERT INTO audit_trails  (ts,userId,tableName,recordId,field,oldValue,newValue)  VALUES(NOW(),'5','transfers','4','Status','Pending','Success')
2017-07-13 09:55:20 audit_trails Insert ID : 30
2017-07-13 09:55:20 SELECT SQL : SELECT id,userIdDestination FROM transfers WHERE  transferRef = '0120524'  
2017-07-13 09:55:20 INSERT SQL : INSERT INTO audit_trails  (ts,userId,tableName,recordId,field,oldValue,newValue)  VALUES(NOW(),'5','transfers','4','userIdDestination','','5')
2017-07-13 09:55:20 audit_trails Insert ID : 31
2017-07-13 09:55:20 SELECT SQL : SELECT id,withdrawTs FROM transfers WHERE  transferRef = '0120524'  
2017-07-13 09:55:20 INSERT SQL : INSERT INTO audit_trails  (ts,userId,tableName,recordId,field,oldValue,newValue)  VALUES(NOW(),'5','transfers','4','withdrawTs','','2017-07-13 09:07:20')
2017-07-13 09:55:20 audit_trails Insert ID : 32
2017-07-13 09:55:20 UPDATE SQL : UPDATE transfers SET destinationIpAddress = '197.157.0.30',receiverIdType = '0',receiverId = '',toBranch = '11',Status = 'Success',userIdDestination = '5',withdrawTs = '2017-07-13 09:07:20' WHERE  transferRef = '0120524' 
2017-07-13 09:55:20 SELECT SQL : SELECT * FROM settings WHERE  name = 'SuspenseAccount'  
2017-07-13 09:55:20 SELECT SQL : SELECT * FROM settings WHERE  name = 'ToChinaAccount'  
2017-07-13 09:55:20 SELECT SQL : SELECT * FROM account_transfers WHERE  transferRef = '0120524'  
2017-07-13 09:55:20 SELECT SQL : SELECT id FROM accounts WHERE  branchId = '11' AND currency_id = '1'  
2017-07-13 09:55:20 Transfer Amount : 1788.931788931789
2017-07-13 09:55:20 INSERT SQL : INSERT INTO account_transfers  (ts,type,amount,amountB4Xchange,amountAfterXchange,exchangeRate,charge,chargeCurrency,fromId,toId,userId,createdBy,transferRef)  VALUES(NOW(),'transfer','27800','27800','1788.931788931789','15.54','1700','0','27','26','5','5','0120524')
2017-07-13 09:55:20 Balance Update Params :
Branch Id : 0
Account ID : 26
Amount : 27800
2017-07-13 09:55:20 SELECT SQL : SELECT * FROM balances WHERE  branchId = '0' AND accountId = '26'  
2017-07-13 09:55:20 SELECT SQL : SELECT * FROM balances WHERE  branchId = '0' AND accountId = '26' AND date = '2017-07-13'  
2017-07-13 09:55:20 UPDATE SQL : UPDATE balances SET closingBalance = '0' WHERE  branchId = '0' AND accountId = '26' AND date = '2017-07-13' 
2017-07-13 09:55:20 Balance Update Status 2:1
 2017-07-13 09:55:20 Balance Update Params :
Branch Id : 11
Account ID : 27
Amount : -1788.9317889318
2017-07-13 09:55:20 SELECT SQL : SELECT * FROM balances WHERE  branchId = '11' AND accountId = '27'  
2017-07-13 09:55:20 SELECT SQL : SELECT * FROM balances WHERE  branchId = '11' AND accountId = '27' AND date = '2017-07-13'  
2017-07-13 09:55:20 UPDATE SQL : UPDATE balances SET closingBalance = '-286229.72972973' WHERE  branchId = '11' AND accountId = '27' AND date = '2017-07-13' 
2017-07-13 09:55:20 Balance Update Status 2:1
 2017-07-13 09:55:20 Response : {"success":1,"data":"Transfer cashed out successfully"}
2017-07-13 09:55:41 ---- New Request ----
2017-07-13 09:55:41 Controller : Transfers
2017-07-13 09:55:41 Method : getbalancesAction
2017-07-13 09:55:41 Controller File : controllers/Transfers.class.php, Exists
2017-07-13 09:55:41 Class constructed
2017-07-13 09:55:41 Class constructed
2017-07-13 09:55:41 UserID : 2
SessionId : ZzqoqXLvIHiLfWPvR5n0iYqfI0l3SyXi
Branch ID : 
Date : 
2017-07-13 09:55:41 SELECT SQL : SELECT sessionId,branchId,userTypeId FROM users WHERE  id = '2'  
2017-07-13 09:55:41 SELECT SQL : SELECT closingBalance,openingBalance,accountId,branchId,date FROM balances WHERE  date = '2017-07-13' AND branchId = '12'  
2017-07-13 09:55:41 SELECT SQL : SELECT name FROM accounts WHERE  id = '33'  
2017-07-13 09:55:41 SELECT SQL : SELECT name FROM branches WHERE  id = '12'  
2017-07-13 09:55:41 SELECT SQL : SELECT name FROM accounts WHERE  id = '36'  
2017-07-13 09:55:41 SELECT SQL : SELECT name FROM branches WHERE  id = '12'  
2017-07-13 09:55:41 Response : {"success":1,"data":[{"closingBalance":"99","openingBalance":"99","accountId":"33","branchId":"12","date":"2017-07-13","accountName":"NAIROBI-USD Account","branchName":"NAIROBI"},{"closingBalance":"4506527","openingBalance":"53587","accountId":"36","branchId":"12","date":"2017-07-13","accountName":"NAIROBI-KSH Account","branchName":"NAIROBI"}]}
