2017-07-21 10:38:43 ---- New Request ----
2017-07-21 10:38:43 Controller : Users
2017-07-21 10:38:43 Method : formsdetailsAction
2017-07-21 10:38:43 Controller File : controllers/Users.class.php, Exists
2017-07-21 10:38:43 Class constructed
2017-07-21 10:38:43 Details Params :
SessionID :Njvk1zrnMUFgGmQGSv3g3Kft7biIN1Kh
User ID : 2
2017-07-21 10:38:43 SELECT SQL : SELECT * FROM branches WHERE  active = '1'  
2017-07-21 10:38:44 SELECT SQL : SELECT * FROM countries WHERE  active = '1'  
2017-07-21 10:38:44 SELECT SQL : SELECT * FROM identification WHERE  active = '1'  
2017-07-21 10:38:44 SELECT SQL : SELECT * FROM users WHERE  active = '1'  
2017-07-21 10:38:44 SELECT SQL : SELECT id,name,branchId,currency_id FROM accounts WHERE  active = '1' AND type_id = '1'  
2017-07-21 10:38:44 Balance Update Params :
Branch Id : 5
Account ID : 16
Amount : 0
2017-07-21 10:38:44 SELECT SQL : SELECT * FROM balances WHERE  branchId = '5' AND accountId = '16'  
2017-07-21 10:38:44 SELECT SQL : SELECT * FROM balances WHERE  branchId = '5' AND accountId = '16' AND date = '2017-07-21'  
2017-07-21 10:38:44 SELECT SQL : SELECT closingBalance FROM balances WHERE  branchId = '5' AND accountId = '16'  ORDER BY date DESC LIMIT 1
2017-07-21 10:38:44 INSERT SQL : INSERT INTO balances  (ts,branchId,accountId,openingBalance,closingBalance,date)  VALUES(NOW(),'5','16','293496','293496','2017-07-21')
2017-07-21 10:38:44 Balance Create Insert ID Today 2:21
 2017-07-21 10:38:44 Balance Update Params :
Branch Id : 6
Account ID : 20
Amount : 0
2017-07-21 10:38:44 SELECT SQL : SELECT * FROM balances WHERE  branchId = '6' AND accountId = '20'  
2017-07-21 10:38:44 Balance Update Params :
Branch Id : 6
Account ID : 21
Amount : 0
2017-07-21 10:38:44 SELECT SQL : SELECT * FROM balances WHERE  branchId = '6' AND accountId = '21'  
2017-07-21 10:38:44 SELECT SQL : SELECT * FROM balances WHERE  branchId = '6' AND accountId = '21' AND date = '2017-07-21'  
2017-07-21 10:38:44 SELECT SQL : SELECT closingBalance FROM balances WHERE  branchId = '6' AND accountId = '21'  ORDER BY date DESC LIMIT 1
2017-07-21 10:38:44 INSERT SQL : INSERT INTO balances  (ts,branchId,accountId,openingBalance,closingBalance,date)  VALUES(NOW(),'6','21','627698.05028101','627698.05028101','2017-07-21')
2017-07-21 10:38:44 Balance Create Insert ID Today 2:22
 2017-07-21 10:38:44 Balance Update Params :
Branch Id : 6
Account ID : 22
Amount : 0
2017-07-21 10:38:44 SELECT SQL : SELECT * FROM balances WHERE  branchId = '6' AND accountId = '22'  
2017-07-21 10:38:44 Balance Update Params :
Branch Id : 6
Account ID : 23
Amount : 0
2017-07-21 10:38:44 SELECT SQL : SELECT * FROM balances WHERE  branchId = '6' AND accountId = '23'  
2017-07-21 10:38:44 SELECT SQL : SELECT * FROM balances WHERE  branchId = '6' AND accountId = '23' AND date = '2017-07-21'  
2017-07-21 10:38:44 SELECT SQL : SELECT closingBalance FROM balances WHERE  branchId = '6' AND accountId = '23'  ORDER BY date DESC LIMIT 1
2017-07-21 10:38:44 INSERT SQL : INSERT INTO balances  (ts,branchId,accountId,openingBalance,closingBalance,date)  VALUES(NOW(),'6','23','-113664482','-113664482','2017-07-21')
2017-07-21 10:38:44 Balance Create Insert ID Today 2:23
 2017-07-21 10:38:44 Balance Update Params :
Branch Id : 6
Account ID : 24
Amount : 0
2017-07-21 10:38:44 SELECT SQL : SELECT * FROM balances WHERE  branchId = '6' AND accountId = '24'  
2017-07-21 10:38:44 Balance Update Params :
Branch Id : 11
Account ID : 27
Amount : 0
2017-07-21 10:38:44 SELECT SQL : SELECT * FROM balances WHERE  branchId = '11' AND accountId = '27'  
2017-07-21 10:38:44 SELECT SQL : SELECT * FROM balances WHERE  branchId = '11' AND accountId = '27' AND date = '2017-07-21'  
2017-07-21 10:38:44 SELECT SQL : SELECT closingBalance FROM balances WHERE  branchId = '11' AND accountId = '27'  ORDER BY date DESC LIMIT 1
2017-07-21 10:38:44 INSERT SQL : INSERT INTO balances  (ts,branchId,accountId,openingBalance,closingBalance,date)  VALUES(NOW(),'11','27','-3725432.8225704','-3725432.8225704','2017-07-21')
2017-07-21 10:38:44 Balance Create Insert ID Today 2:24
 2017-07-21 10:38:44 Balance Update Params :
Branch Id : 11
Account ID : 28
Amount : 0
2017-07-21 10:38:44 SELECT SQL : SELECT * FROM balances WHERE  branchId = '11' AND accountId = '28'  
2017-07-21 10:38:44 Balance Update Params :
Branch Id : 12
Account ID : 33
Amount : 0
2017-07-21 10:38:44 SELECT SQL : SELECT * FROM balances WHERE  branchId = '12' AND accountId = '33'  
2017-07-21 10:38:44 SELECT SQL : SELECT * FROM balances WHERE  branchId = '12' AND accountId = '33' AND date = '2017-07-21'  
2017-07-21 10:38:44 SELECT SQL : SELECT closingBalance FROM balances WHERE  branchId = '12' AND accountId = '33'  ORDER BY date DESC LIMIT 1
2017-07-21 10:38:44 INSERT SQL : INSERT INTO balances  (ts,branchId,accountId,openingBalance,closingBalance,date)  VALUES(NOW(),'12','33','589','589','2017-07-21')
2017-07-21 10:38:44 Balance Create Insert ID Today 2:25
 2017-07-21 10:38:44 Balance Update Params :
Branch Id : 12
Account ID : 36
Amount : 0
2017-07-21 10:38:44 SELECT SQL : SELECT * FROM balances WHERE  branchId = '12' AND accountId = '36'  
2017-07-21 10:38:44 SELECT SQL : SELECT * FROM balances WHERE  branchId = '12' AND accountId = '36' AND date = '2017-07-21'  
2017-07-21 10:38:44 SELECT SQL : SELECT closingBalance FROM balances WHERE  branchId = '12' AND accountId = '36'  ORDER BY date DESC LIMIT 1
2017-07-21 10:38:44 INSERT SQL : INSERT INTO balances  (ts,branchId,accountId,openingBalance,closingBalance,date)  VALUES(NOW(),'12','36','339848','339848','2017-07-21')
2017-07-21 10:38:44 Balance Create Insert ID Today 2:26
 2017-07-21 10:38:44 Balance Update Params :
Branch Id : 7
Account ID : 37
Amount : 0
2017-07-21 10:38:44 SELECT SQL : SELECT * FROM balances WHERE  branchId = '7' AND accountId = '37'  
2017-07-21 10:38:44 SELECT SQL : SELECT * FROM balances WHERE  branchId = '7' AND accountId = '37' AND date = '2017-07-21'  
2017-07-21 10:38:44 SELECT SQL : SELECT closingBalance FROM balances WHERE  branchId = '7' AND accountId = '37'  ORDER BY date DESC LIMIT 1
2017-07-21 10:38:44 INSERT SQL : INSERT INTO balances  (ts,branchId,accountId,openingBalance,closingBalance,date)  VALUES(NOW(),'7','37','47450','47450','2017-07-21')
2017-07-21 10:38:44 Balance Create Insert ID Today 2:27
 2017-07-21 10:38:44 Balance Update Params :
Branch Id : 13
Account ID : 38
Amount : 0
2017-07-21 10:38:44 SELECT SQL : SELECT * FROM balances WHERE  branchId = '13' AND accountId = '38'  
2017-07-21 10:38:44 SELECT SQL : SELECT * FROM balances WHERE  branchId = '13' AND accountId = '38' AND date = '2017-07-21'  
2017-07-21 10:38:44 SELECT SQL : SELECT closingBalance FROM balances WHERE  branchId = '13' AND accountId = '38'  ORDER BY date DESC LIMIT 1
2017-07-21 10:38:44 INSERT SQL : INSERT INTO balances  (ts,branchId,accountId,openingBalance,closingBalance,date)  VALUES(NOW(),'13','38','2700','2700','2017-07-21')
2017-07-21 10:38:44 Balance Create Insert ID Today 2:28
 2017-07-21 10:38:44 Balance Update Params :
Branch Id : 13
Account ID : 39
Amount : 0
2017-07-21 10:38:44 SELECT SQL : SELECT * FROM balances WHERE  branchId = '13' AND accountId = '39'  
2017-07-21 10:38:44 SELECT SQL : SELECT * FROM currencies WHERE  active = '1'  
2017-07-21 10:38:44 SELECT SQL : SELECT * FROM accounts WHERE  active = '1' AND type_id = '4'  
2017-07-21 10:38:44 SELECT SQL : SELECT * FROM account_types WHERE  active = '1'  
2017-07-21 10:38:44 SELECT SQL : SELECT * FROM user_types WHERE  active = '1'  
2017-07-21 10:38:44 Response : {"data":{"branches":[{"id":"5","name":"KINSHASHA","countryId":"4","location":"Patrice Avenue","supervisorId":"3","createdBy":"4","ts":"2017-06-30 00:06:55","active":"1"},{"id":"6","name":"OASIS MALL","countryId":"1","location":"Yusufu Lule Rd","supervisorId":"3","createdBy":"2","ts":"2017-06-30 00:12:08","active":"1"},{"id":"7","name":"GOMA","countryId":"4","location":"Goma","supervisorId":"3","createdBy":"1","ts":"2017-07-05 00:00:00","active":"1"},{"id":"9","name":"MOMBASA","countryId":"2","location":"Mombasa","supervisorId":"3","createdBy":"1","ts":"2017-07-05 00:00:00","active":"1"},{"id":"10","name":"DUBAI","countryId":"6","location":"Dubai","supervisorId":"3","createdBy":"1","ts":"2017-07-05 00:00:00","active":"1"},{"id":"11","name":"CHINA","countryId":"5","location":"China","supervisorId":"3","createdBy":"3","ts":"2017-07-05 13:23:17","active":"1"},{"id":"12","name":"NAIROBI","countryId":"2","location":"Nairobi","supervisorId":"3","createdBy":"3","ts":"2017-07-06 14:12:35","active":"1"},{"id":"13","name":"KAMPALA ROAD","countryId":"1","location":"kampala road","supervisorId":"3","createdBy":"3","ts":"2017-07-06 14:12:35","active":"1"}],"countries":[{"id":"1","name":"UGANDA","createdBy":"1","ts":"2017-06-25 23:13:31","active":"1"},{"id":"2","name":"KENYA","createdBy":"1","ts":"2017-06-26 09:02:45","active":"1"},{"id":"3","name":"TZ","createdBy":"1","ts":"2017-06-28 11:11:53","active":"1"},{"id":"4","name":"CONGO","createdBy":"1","ts":"2017-06-28 11:26:11","active":"1"},{"id":"5","name":"CHINA","createdBy":"1","ts":"2017-06-28 11:30:01","active":"1"},{"id":"6","name":"UAE","createdBy":"1","ts":"2017-07-05 00:00:00","active":"1"}],"ids":[[{"id":"1","name":"Passport","createdBy":"1","ts":"2017-06-28 14:00:01","active":"1"},{"id":"2","name":"National ID","createdBy":"1","ts":"2017-06-28 14:00:01","active":"1"},{"id":"3","name":"STUDENTS ID","createdBy":"1","ts":"2017-06-28 16:21:46","active":"1"}]],"users":[{"id":"1","firstName":"You","surname":"Jinshu","email":"hudsonbogere@swipeit.co.ug","phone":"256783131266","userName":"you","branchId":"0","userTypeId":"1","password":"$2y$10$pPGbhJ1RXx\/ug.ED3LnsQuKHJTqwYsa\/iF0OqGOgsjflkHKIDTLVq","sessionId":"KSTms8GEe36Gy41kXds63LMk2kJjROlO","ipAddress":"41.210.145.81","createdBy":null,"ts":"2017-06-23 15:08:12","active":"1"},{"id":"2","firstName":"Nansubuga","surname":"Dorothy","email":"henry@gmail.com","phone":"256752284441","userName":"dorah","branchId":"12","userTypeId":"3","password":"$2y$10$F9t92sYKf2rDJ.JzCmrrT.Jt1Ix37Fuo.uZKpXPn69dgDUTZ8xLXi","sessionId":"Njvk1zrnMUFgGmQGSv3g3Kft7biIN1Kh","ipAddress":"154.76.201.140","createdBy":"1","ts":"2017-06-26 19:11:07","active":"1"},{"id":"3","firstName":"Lydia","surname":"Amoi","email":"islam@gmail.com","phone":"256777608310","userName":"lydia","branchId":"6","userTypeId":"2","password":"$2y$10$m72Zz8Z.h4\/Zp6TFDhmbXeQ79kZ7JJ2U0yLUanc0dDVxbc.5UPkRG","sessionId":"N35PCsvWubMMcNjtv44zaguTt6Y6OeJh","ipAddress":"41.75.175.106","createdBy":"1","ts":"2017-06-26 19:41:01","active":"1"},{"id":"4","firstName":"Nabukera","surname":"Maria","email":"banerd@tfb.com","phone":"256774457813","userName":"maria","branchId":"5","userTypeId":"3","password":"$2y$10$wTpUE\/WJFMfQaBglrQocTO9ndV6dbxL2vzFDEJZ1hpVVp4binpXGO","sessionId":"rlwjPHNyG6kNuWcT7RLiz3gIRGkmcp0H","ipAddress":"41.243.11.143","createdBy":"1","ts":"2017-06-26 23:04:07","active":"1"},{"id":"5","firstName":"Henry","surname":"Bbosa","email":null,"phone":null,"userName":"henry","branchId":"11","userTypeId":"3","password":"$2y$10$m72Zz8Z.h4\/Zp6TFDhmbXeQ79kZ7JJ2U0yLUanc0dDVxbc.5UPkRG","sessionId":"","ipAddress":"197.157.0.46","createdBy":"1","ts":"2017-07-05 00:00:00","active":"1"},{"id":"6","firstName":"Edwin","surname":"Kakeeto","email":"edwin@edwin.com","phone":"0777777557","userName":"edwin","branchId":"7","userTypeId":"3","password":"$2y$10$m72Zz8Z.h4\/Zp6TFDhmbXeQ79kZ7JJ2U0yLUanc0dDVxbc.5UPkRG","sessionId":"","ipAddress":"160.242.142.203","createdBy":"3","ts":"2017-07-10 07:37:50","active":"1"},{"id":"7","firstName":"Trish","surname":"Baby","email":"patricia@gmail.com","phone":"0777777557","userName":"trish","branchId":"13","userTypeId":"3","password":"$2y$10$m72Zz8Z.h4\/Zp6TFDhmbXeQ79kZ7JJ2U0yLUanc0dDVxbc.5UPkRG","sessionId":"","ipAddress":"160.242.141.153","createdBy":null,"ts":null,"active":"1"},{"id":"8","firstName":"cedric","surname":"cedric","email":"cedric@gmail.com","phone":"+256754813912","userName":"cedric","branchId":"7","userTypeId":"3","password":"$2y$10$m72Zz8Z.h4\/Zp6TFDhmbXeQ79kZ7JJ2U0yLUanc0dDVxbc.5UPkRG","sessionId":"","ipAddress":"160.242.141.153","createdBy":null,"ts":null,"active":"1"}],"accounts":[{"id":"16","name":"KINSHASHA-USD Account","branchId":"5","currency_id":"2"},{"id":"20","name":"OASIS MALL-RMB Account","branchId":"6","currency_id":"1"},{"id":"21","name":"OASIS MALL-USD Account","branchId":"6","currency_id":"2"},{"id":"22","name":"OASIS MALL-DIRHAM Account","branchId":"6","currency_id":"3"},{"id":"23","name":"OASIS MALL-UGX Account","branchId":"6","currency_id":"4"},{"id":"24","name":"OASIS MALL-KSH Account","branchId":"6","currency_id":"5"},{"id":"27","name":"CHINA-RMB Account","branchId":"11","currency_id":"1"},{"id":"28","name":"CHINA-USD Account","branchId":"11","currency_id":"2"},{"id":"33","name":"NAIROBI-USD Account","branchId":"12","currency_id":"2"},{"id":"36","name":"NAIROBI-KSH Account","branchId":"12","currency_id":"5"},{"id":"37","name":"GOMA-USD ACCOUNT","branchId":"7","currency_id":"2"},{"id":"38","name":"KAMPALA ROAD -USD ACCOUNT","branchId":"13","currency_id":"2"},{"id":"39","name":"KAMPALA ROAD- UGX ACCOUNT ","branchId":"13","currency_id":"4"}],"currencies":[{"id":"1","name":"RMB","symbol":"\u00c2\u00a5","createdBy":"1","ts":"2017-06-27 22:45:12","active":"1"},{"id":"2","name":"USD","symbol":"$","createdBy":"1","ts":"2017-06-27 22:45:12","active":"1"},{"id":"3","name":"DIRHAM","symbol":"","createdBy":"1","ts":"2017-06-28 11:40:09","active":"1"},{"id":"4","name":"UGX","symbol":"\/=","createdBy":"1","ts":"2017-06-28 11:46:50","active":"1"},{"id":"5","name":"KSH","symbol":"","createdBy":"1","ts":"2017-06-28 11:46:50","active":"1"}],"superaccount":[{"id":"1","name":"RMB Account","branchId":"0","type_id":"4","currency_id":"1","balance":"0","createdBy":"1","active":"1","ts":"2017-06-27 22:45:12"}],"accountTypes":[{"id":"1","type":"Transfer","description":"","createdBy":"1","ts":"2017-06-28 14:31:12","active":"1"},{"id":"2","type":"Suspense","description":"","createdBy":"1","ts":"2017-06-28 14:31:12","active":"1"},{"id":"4","type":"Super","description":"","createdBy":"1","ts":"2017-06-28 14:31:12","active":"1"}],"userTypes":[{"id":"1","name":"E-Value Admin","level":"1","ts":"2017-06-27 22:45:12","active":"1"},{"id":"2","name":"Super User","level":"2","ts":"2017-06-27 22:45:12","active":"1"},{"id":"3","name":"Agent","level":"3","ts":"2017-06-27 22:45:12","active":"1"},{"id":"4","name":"System Admin","level":"4","ts":"2017-06-27 22:45:12","active":"1"}]},"success":1}
2017-07-21 10:38:53 ---- New Request ----
2017-07-21 10:38:53 Controller : Users
2017-07-21 10:38:53 Method : logoutAction
2017-07-21 10:38:53 Controller File : controllers/Users.class.php, Exists
2017-07-21 10:38:53 Class constructed
2017-07-21 10:38:53 Logout Params ;Session ID :Njvk1zrnMUFgGmQGSv3g3Kft7biIN1Kh\User ID : 2
2017-07-21 10:38:53 UPDATE SQL : UPDATE users SET sessionId = '',ipAddress = '105.231.254.109' WHERE  id = '2' 
2017-07-21 10:38:53 Response : {"success":1}
2017-07-21 10:39:08 ---- New Request ----
2017-07-21 10:39:08 Controller : Users
2017-07-21 10:39:08 Method : loginAction
2017-07-21 10:39:08 Controller File : controllers/Users.class.php, Exists
2017-07-21 10:39:08 Class constructed
2017-07-21 10:39:08 Login Params ;Username :dorah
Password : ******
2017-07-21 10:39:08 SELECT SQL : SELECT id,firstName,surname,userName,userTypeId,sessionId,password,active,branchId FROM users WHERE  userName = 'dorah'  
2017-07-21 10:39:08 SELECT SQL : SELECT name FROM branches WHERE  id = '12'  
2017-07-21 10:39:08 UPDATE SQL : UPDATE users SET sessionId = 'ZegrblW8dUpwgbXbgXt2NfxZS5lSbMup',ipAddress = '105.231.254.109' WHERE  id = '2' 
2017-07-21 10:39:08 Response : {"success":1,"data":{"id":"2","firstName":"Nansubuga","surname":"Dorothy","userName":"dorah","userTypeId":"3","sessionId":"ZegrblW8dUpwgbXbgXt2NfxZS5lSbMup","branchId":"12","branchName":"NAIROBI"}}
2017-07-21 10:39:11 ---- New Request ----
2017-07-21 10:39:11 Controller : Users
2017-07-21 10:39:11 Method : formsdetailsAction
2017-07-21 10:39:11 Controller File : controllers/Users.class.php, Exists
2017-07-21 10:39:11 Class constructed
2017-07-21 10:39:11 Details Params :
SessionID :ZegrblW8dUpwgbXbgXt2NfxZS5lSbMup
User ID : 2
2017-07-21 10:39:11 SELECT SQL : SELECT * FROM branches WHERE  active = '1'  
2017-07-21 10:39:11 SELECT SQL : SELECT * FROM countries WHERE  active = '1'  
2017-07-21 10:39:11 SELECT SQL : SELECT * FROM identification WHERE  active = '1'  
2017-07-21 10:39:11 SELECT SQL : SELECT * FROM users WHERE  active = '1'  
2017-07-21 10:39:11 SELECT SQL : SELECT id,name,branchId,currency_id FROM accounts WHERE  active = '1' AND type_id = '1'  
2017-07-21 10:39:11 Balance Update Params :
Branch Id : 5
Account ID : 16
Amount : 0
2017-07-21 10:39:11 SELECT SQL : SELECT * FROM balances WHERE  branchId = '5' AND accountId = '16'  
2017-07-21 10:39:11 SELECT SQL : SELECT * FROM balances WHERE  branchId = '5' AND accountId = '16' AND date = '2017-07-21'  
2017-07-21 10:39:11 UPDATE SQL : UPDATE balances SET closingBalance = '293496' WHERE  branchId = '5' AND accountId = '16' AND date = '2017-07-21' 
2017-07-21 10:39:11 Balance Update Status 2:1
 2017-07-21 10:39:11 Balance Update Params :
Branch Id : 6
Account ID : 20
Amount : 0
2017-07-21 10:39:11 SELECT SQL : SELECT * FROM balances WHERE  branchId = '6' AND accountId = '20'  
2017-07-21 10:39:11 Balance Update Params :
Branch Id : 6
Account ID : 21
Amount : 0
2017-07-21 10:39:11 SELECT SQL : SELECT * FROM balances WHERE  branchId = '6' AND accountId = '21'  
2017-07-21 10:39:11 SELECT SQL : SELECT * FROM balances WHERE  branchId = '6' AND accountId = '21' AND date = '2017-07-21'  
2017-07-21 10:39:11 UPDATE SQL : UPDATE balances SET closingBalance = '627698.05028101' WHERE  branchId = '6' AND accountId = '21' AND date = '2017-07-21' 
2017-07-21 10:39:11 Balance Update Status 2:1
 2017-07-21 10:39:11 Balance Update Params :
Branch Id : 6
Account ID : 22
Amount : 0
2017-07-21 10:39:11 SELECT SQL : SELECT * FROM balances WHERE  branchId = '6' AND accountId = '22'  
2017-07-21 10:39:11 Balance Update Params :
Branch Id : 6
Account ID : 23
Amount : 0
2017-07-21 10:39:11 SELECT SQL : SELECT * FROM balances WHERE  branchId = '6' AND accountId = '23'  
2017-07-21 10:39:11 SELECT SQL : SELECT * FROM balances WHERE  branchId = '6' AND accountId = '23' AND date = '2017-07-21'  
2017-07-21 10:39:11 UPDATE SQL : UPDATE balances SET closingBalance = '-113664482' WHERE  branchId = '6' AND accountId = '23' AND date = '2017-07-21' 
2017-07-21 10:39:11 Balance Update Status 2:1
 2017-07-21 10:39:11 Balance Update Params :
Branch Id : 6
Account ID : 24
Amount : 0
2017-07-21 10:39:11 SELECT SQL : SELECT * FROM balances WHERE  branchId = '6' AND accountId = '24'  
2017-07-21 10:39:11 Balance Update Params :
Branch Id : 11
Account ID : 27
Amount : 0
2017-07-21 10:39:11 SELECT SQL : SELECT * FROM balances WHERE  branchId = '11' AND accountId = '27'  
2017-07-21 10:39:11 SELECT SQL : SELECT * FROM balances WHERE  branchId = '11' AND accountId = '27' AND date = '2017-07-21'  
2017-07-21 10:39:11 UPDATE SQL : UPDATE balances SET closingBalance = '-3725432.8225704' WHERE  branchId = '11' AND accountId = '27' AND date = '2017-07-21' 
2017-07-21 10:39:11 Balance Update Status 2:1
 2017-07-21 10:39:11 Balance Update Params :
Branch Id : 11
Account ID : 28
Amount : 0
2017-07-21 10:39:11 SELECT SQL : SELECT * FROM balances WHERE  branchId = '11' AND accountId = '28'  
2017-07-21 10:39:11 Balance Update Params :
Branch Id : 12
Account ID : 33
Amount : 0
2017-07-21 10:39:11 SELECT SQL : SELECT * FROM balances WHERE  branchId = '12' AND accountId = '33'  
2017-07-21 10:39:11 SELECT SQL : SELECT * FROM balances WHERE  branchId = '12' AND accountId = '33' AND date = '2017-07-21'  
2017-07-21 10:39:11 UPDATE SQL : UPDATE balances SET closingBalance = '589' WHERE  branchId = '12' AND accountId = '33' AND date = '2017-07-21' 
2017-07-21 10:39:11 Balance Update Status 2:1
 2017-07-21 10:39:11 Balance Update Params :
Branch Id : 12
Account ID : 36
Amount : 0
2017-07-21 10:39:11 SELECT SQL : SELECT * FROM balances WHERE  branchId = '12' AND accountId = '36'  
2017-07-21 10:39:11 SELECT SQL : SELECT * FROM balances WHERE  branchId = '12' AND accountId = '36' AND date = '2017-07-21'  
2017-07-21 10:39:11 UPDATE SQL : UPDATE balances SET closingBalance = '339848' WHERE  branchId = '12' AND accountId = '36' AND date = '2017-07-21' 
2017-07-21 10:39:11 Balance Update Status 2:1
 2017-07-21 10:39:11 Balance Update Params :
Branch Id : 7
Account ID : 37
Amount : 0
2017-07-21 10:39:11 SELECT SQL : SELECT * FROM balances WHERE  branchId = '7' AND accountId = '37'  
2017-07-21 10:39:11 SELECT SQL : SELECT * FROM balances WHERE  branchId = '7' AND accountId = '37' AND date = '2017-07-21'  
2017-07-21 10:39:11 UPDATE SQL : UPDATE balances SET closingBalance = '47450' WHERE  branchId = '7' AND accountId = '37' AND date = '2017-07-21' 
2017-07-21 10:39:11 Balance Update Status 2:1
 2017-07-21 10:39:11 Balance Update Params :
Branch Id : 13
Account ID : 38
Amount : 0
2017-07-21 10:39:11 SELECT SQL : SELECT * FROM balances WHERE  branchId = '13' AND accountId = '38'  
2017-07-21 10:39:11 SELECT SQL : SELECT * FROM balances WHERE  branchId = '13' AND accountId = '38' AND date = '2017-07-21'  
2017-07-21 10:39:11 UPDATE SQL : UPDATE balances SET closingBalance = '2700' WHERE  branchId = '13' AND accountId = '38' AND date = '2017-07-21' 
2017-07-21 10:39:11 Balance Update Status 2:1
 2017-07-21 10:39:11 Balance Update Params :
Branch Id : 13
Account ID : 39
Amount : 0
2017-07-21 10:39:11 SELECT SQL : SELECT * FROM balances WHERE  branchId = '13' AND accountId = '39'  
2017-07-21 10:39:11 SELECT SQL : SELECT * FROM currencies WHERE  active = '1'  
2017-07-21 10:39:11 SELECT SQL : SELECT * FROM accounts WHERE  active = '1' AND type_id = '4'  
2017-07-21 10:39:11 SELECT SQL : SELECT * FROM account_types WHERE  active = '1'  
2017-07-21 10:39:11 SELECT SQL : SELECT * FROM user_types WHERE  active = '1'  
2017-07-21 10:39:11 Response : {"data":{"branches":[{"id":"5","name":"KINSHASHA","countryId":"4","location":"Patrice Avenue","supervisorId":"3","createdBy":"4","ts":"2017-06-30 00:06:55","active":"1"},{"id":"6","name":"OASIS MALL","countryId":"1","location":"Yusufu Lule Rd","supervisorId":"3","createdBy":"2","ts":"2017-06-30 00:12:08","active":"1"},{"id":"7","name":"GOMA","countryId":"4","location":"Goma","supervisorId":"3","createdBy":"1","ts":"2017-07-05 00:00:00","active":"1"},{"id":"9","name":"MOMBASA","countryId":"2","location":"Mombasa","supervisorId":"3","createdBy":"1","ts":"2017-07-05 00:00:00","active":"1"},{"id":"10","name":"DUBAI","countryId":"6","location":"Dubai","supervisorId":"3","createdBy":"1","ts":"2017-07-05 00:00:00","active":"1"},{"id":"11","name":"CHINA","countryId":"5","location":"China","supervisorId":"3","createdBy":"3","ts":"2017-07-05 13:23:17","active":"1"},{"id":"12","name":"NAIROBI","countryId":"2","location":"Nairobi","supervisorId":"3","createdBy":"3","ts":"2017-07-06 14:12:35","active":"1"},{"id":"13","name":"KAMPALA ROAD","countryId":"1","location":"kampala road","supervisorId":"3","createdBy":"3","ts":"2017-07-06 14:12:35","active":"1"}],"countries":[{"id":"1","name":"UGANDA","createdBy":"1","ts":"2017-06-25 23:13:31","active":"1"},{"id":"2","name":"KENYA","createdBy":"1","ts":"2017-06-26 09:02:45","active":"1"},{"id":"3","name":"TZ","createdBy":"1","ts":"2017-06-28 11:11:53","active":"1"},{"id":"4","name":"CONGO","createdBy":"1","ts":"2017-06-28 11:26:11","active":"1"},{"id":"5","name":"CHINA","createdBy":"1","ts":"2017-06-28 11:30:01","active":"1"},{"id":"6","name":"UAE","createdBy":"1","ts":"2017-07-05 00:00:00","active":"1"}],"ids":[[{"id":"1","name":"Passport","createdBy":"1","ts":"2017-06-28 14:00:01","active":"1"},{"id":"2","name":"National ID","createdBy":"1","ts":"2017-06-28 14:00:01","active":"1"},{"id":"3","name":"STUDENTS ID","createdBy":"1","ts":"2017-06-28 16:21:46","active":"1"}]],"users":[{"id":"1","firstName":"You","surname":"Jinshu","email":"hudsonbogere@swipeit.co.ug","phone":"256783131266","userName":"you","branchId":"0","userTypeId":"1","password":"$2y$10$pPGbhJ1RXx\/ug.ED3LnsQuKHJTqwYsa\/iF0OqGOgsjflkHKIDTLVq","sessionId":"KSTms8GEe36Gy41kXds63LMk2kJjROlO","ipAddress":"41.210.145.81","createdBy":null,"ts":"2017-06-23 15:08:12","active":"1"},{"id":"2","firstName":"Nansubuga","surname":"Dorothy","email":"henry@gmail.com","phone":"256752284441","userName":"dorah","branchId":"12","userTypeId":"3","password":"$2y$10$F9t92sYKf2rDJ.JzCmrrT.Jt1Ix37Fuo.uZKpXPn69dgDUTZ8xLXi","sessionId":"ZegrblW8dUpwgbXbgXt2NfxZS5lSbMup","ipAddress":"105.231.254.109","createdBy":"1","ts":"2017-06-26 19:11:07","active":"1"},{"id":"3","firstName":"Lydia","surname":"Amoi","email":"islam@gmail.com","phone":"256777608310","userName":"lydia","branchId":"6","userTypeId":"2","password":"$2y$10$m72Zz8Z.h4\/Zp6TFDhmbXeQ79kZ7JJ2U0yLUanc0dDVxbc.5UPkRG","sessionId":"N35PCsvWubMMcNjtv44zaguTt6Y6OeJh","ipAddress":"41.75.175.106","createdBy":"1","ts":"2017-06-26 19:41:01","active":"1"},{"id":"4","firstName":"Nabukera","surname":"Maria","email":"banerd@tfb.com","phone":"256774457813","userName":"maria","branchId":"5","userTypeId":"3","password":"$2y$10$wTpUE\/WJFMfQaBglrQocTO9ndV6dbxL2vzFDEJZ1hpVVp4binpXGO","sessionId":"rlwjPHNyG6kNuWcT7RLiz3gIRGkmcp0H","ipAddress":"41.243.11.143","createdBy":"1","ts":"2017-06-26 23:04:07","active":"1"},{"id":"5","firstName":"Henry","surname":"Bbosa","email":null,"phone":null,"userName":"henry","branchId":"11","userTypeId":"3","password":"$2y$10$m72Zz8Z.h4\/Zp6TFDhmbXeQ79kZ7JJ2U0yLUanc0dDVxbc.5UPkRG","sessionId":"","ipAddress":"197.157.0.46","createdBy":"1","ts":"2017-07-05 00:00:00","active":"1"},{"id":"6","firstName":"Edwin","surname":"Kakeeto","email":"edwin@edwin.com","phone":"0777777557","userName":"edwin","branchId":"7","userTypeId":"3","password":"$2y$10$m72Zz8Z.h4\/Zp6TFDhmbXeQ79kZ7JJ2U0yLUanc0dDVxbc.5UPkRG","sessionId":"","ipAddress":"160.242.142.203","createdBy":"3","ts":"2017-07-10 07:37:50","active":"1"},{"id":"7","firstName":"Trish","surname":"Baby","email":"patricia@gmail.com","phone":"0777777557","userName":"trish","branchId":"13","userTypeId":"3","password":"$2y$10$m72Zz8Z.h4\/Zp6TFDhmbXeQ79kZ7JJ2U0yLUanc0dDVxbc.5UPkRG","sessionId":"","ipAddress":"160.242.141.153","createdBy":null,"ts":null,"active":"1"},{"id":"8","firstName":"cedric","surname":"cedric","email":"cedric@gmail.com","phone":"+256754813912","userName":"cedric","branchId":"7","userTypeId":"3","password":"$2y$10$m72Zz8Z.h4\/Zp6TFDhmbXeQ79kZ7JJ2U0yLUanc0dDVxbc.5UPkRG","sessionId":"","ipAddress":"160.242.141.153","createdBy":null,"ts":null,"active":"1"}],"accounts":[{"id":"16","name":"KINSHASHA-USD Account","branchId":"5","currency_id":"2"},{"id":"20","name":"OASIS MALL-RMB Account","branchId":"6","currency_id":"1"},{"id":"21","name":"OASIS MALL-USD Account","branchId":"6","currency_id":"2"},{"id":"22","name":"OASIS MALL-DIRHAM Account","branchId":"6","currency_id":"3"},{"id":"23","name":"OASIS MALL-UGX Account","branchId":"6","currency_id":"4"},{"id":"24","name":"OASIS MALL-KSH Account","branchId":"6","currency_id":"5"},{"id":"27","name":"CHINA-RMB Account","branchId":"11","currency_id":"1"},{"id":"28","name":"CHINA-USD Account","branchId":"11","currency_id":"2"},{"id":"33","name":"NAIROBI-USD Account","branchId":"12","currency_id":"2"},{"id":"36","name":"NAIROBI-KSH Account","branchId":"12","currency_id":"5"},{"id":"37","name":"GOMA-USD ACCOUNT","branchId":"7","currency_id":"2"},{"id":"38","name":"KAMPALA ROAD -USD ACCOUNT","branchId":"13","currency_id":"2"},{"id":"39","name":"KAMPALA ROAD- UGX ACCOUNT ","branchId":"13","currency_id":"4"}],"currencies":[{"id":"1","name":"RMB","symbol":"\u00c2\u00a5","createdBy":"1","ts":"2017-06-27 22:45:12","active":"1"},{"id":"2","name":"USD","symbol":"$","createdBy":"1","ts":"2017-06-27 22:45:12","active":"1"},{"id":"3","name":"DIRHAM","symbol":"","createdBy":"1","ts":"2017-06-28 11:40:09","active":"1"},{"id":"4","name":"UGX","symbol":"\/=","createdBy":"1","ts":"2017-06-28 11:46:50","active":"1"},{"id":"5","name":"KSH","symbol":"","createdBy":"1","ts":"2017-06-28 11:46:50","active":"1"}],"superaccount":[{"id":"1","name":"RMB Account","branchId":"0","type_id":"4","currency_id":"1","balance":"0","createdBy":"1","active":"1","ts":"2017-06-27 22:45:12"}],"accountTypes":[{"id":"1","type":"Transfer","description":"","createdBy":"1","ts":"2017-06-28 14:31:12","active":"1"},{"id":"2","type":"Suspense","description":"","createdBy":"1","ts":"2017-06-28 14:31:12","active":"1"},{"id":"4","type":"Super","description":"","createdBy":"1","ts":"2017-06-28 14:31:12","active":"1"}],"userTypes":[{"id":"1","name":"E-Value Admin","level":"1","ts":"2017-06-27 22:45:12","active":"1"},{"id":"2","name":"Super User","level":"2","ts":"2017-06-27 22:45:12","active":"1"},{"id":"3","name":"Agent","level":"3","ts":"2017-06-27 22:45:12","active":"1"},{"id":"4","name":"System Admin","level":"4","ts":"2017-06-27 22:45:12","active":"1"}]},"success":1}
2017-07-21 10:39:22 ---- New Request ----
2017-07-21 10:39:22 Controller : Transfers
2017-07-21 10:39:22 Method : getallaccountbalancesAction
2017-07-21 10:39:22 Controller File : controllers/Transfers.class.php, Exists
2017-07-21 10:39:22 Class constructed
2017-07-21 10:39:22 Class constructed
2017-07-21 10:39:22 UserID : 2
SessionId : ZegrblW8dUpwgbXbgXt2NfxZS5lSbMup
Branch ID : 12
2017-07-21 10:39:22 SELECT SQL : SELECT sessionId FROM users WHERE  id = '2'  
2017-07-21 10:39:22 SELECT SQL : SELECT name,id FROM accounts WHERE  active = '1' AND branchId = '12'  
2017-07-21 10:39:22 SELECT SQL : SELECT name FROM branches WHERE  id = '12'  
2017-07-21 10:39:22 Response : {"success":1,"data":[{"name":"NAIROBI-USD Account","id":"33","balance":589},{"name":"NAIROBI-KSH Account","id":"36","balance":339848}],"branchName":"NAIROBI"}
2017-07-21 10:44:22 ---- New Request ----
2017-07-21 10:44:22 Controller : Transfers
2017-07-21 10:44:22 Method : createtransferAction
2017-07-21 10:44:22 Controller File : controllers/Transfers.class.php, Exists
2017-07-21 10:44:22 Class constructed
2017-07-21 10:44:22 Class constructed
2017-07-21 10:44:22 Transfer Creation Params ;Amount :4000\currencyid : 1
Country : 5
Charge : 0
sfname : 
ssurname : Yu Qiang
Account Number : 6013826403007052991
semail : 
sphone : +254711650303
sidtype : 0
sid : 0
rfname : Shang Jing
rsurname : Wu
remail : 
rphone : +254711650303
Receiver Branch : 0
passcode : ******
password : ******
userid : 2
sessionid : ZegrblW8dUpwgbXbgXt2NfxZS5lSbMup
Exchange Rate : 6.73
AmountAfterXchange : 26920
Charge Currency : 2017-07-21 10:44:22 SELECT SQL : SELECT * FROM settings WHERE  name = 'SuspenseAccount'  
2017-07-21 10:44:22 SELECT SQL : SELECT * FROM settings WHERE  name = 'ToChinaAccount'  
2017-07-21 10:44:22 SELECT SQL : SELECT * FROM users WHERE  id = '2'  
2017-07-21 10:44:22 INSERT SQL : INSERT INTO transfers  (ts,userIdSource,amount,currency,destinationCountryId,toBranch,senderFname,senderSurname,senderEmail,senderPhone,senderIdType,senderId,receiverFname,receiverSurname,receiverEmail,receiverPhone,receiverAccountNumber,fromBranch,passcode,status,sourceIpAddress)  VALUES(NOW(),'2','4000','1','5','0','','Yu Qiang','','+254711650303','0','0','Shang Jing','Wu','','+254711650303','6013826403007052991','12','$2y$10$Pf7L.8LNDGBHwSXTpf9NmeHMi3rySKEM4bnZXbTXrrXF1TF4Y4HEe','Pending','105.231.254.109')
2017-07-21 10:44:22 SELECT SQL : SELECT id,transferRef FROM transfers WHERE  id = '39'  
2017-07-21 10:44:22 INSERT SQL : INSERT INTO audit_trails  (ts,userId,tableName,recordId,field,oldValue,newValue)  VALUES(NOW(),'2','transfers','39','transferRef','','01205239')
2017-07-21 10:44:22 audit_trails Insert ID : 414
2017-07-21 10:44:22 UPDATE SQL : UPDATE transfers SET transferRef = '01205239' WHERE  id = '39' 
2017-07-21 10:44:22 SELECT SQL : SELECT id FROM accounts WHERE  branchId = '12' AND currency_id = '2'  
2017-07-21 10:44:22 INSERT SQL : INSERT INTO account_transfers  (ts,amountAfterXchange,amountB4Xchange,currencyB4Xchange,currencyAfterXchange,exchangeRate,type,amount,charge,fromId,toId,transferRef,userId)  VALUES(NOW(),'26920','4000','2','1','6.73','transfer','4000','0','26','33','01205239','2')
2017-07-21 10:44:22 Balance Update Params :
Branch Id : 12
Account ID : 33
Amount : 4000
2017-07-21 10:44:22 SELECT SQL : SELECT * FROM balances WHERE  branchId = '12' AND accountId = '33'  
2017-07-21 10:44:22 SELECT SQL : SELECT * FROM balances WHERE  branchId = '12' AND accountId = '33' AND date = '2017-07-21'  
2017-07-21 10:44:22 UPDATE SQL : UPDATE balances SET closingBalance = '4589' WHERE  branchId = '12' AND accountId = '33' AND date = '2017-07-21' 
2017-07-21 10:44:22 Balance Update Status 2:1
 2017-07-21 10:44:22 Balance Update Params :
Branch Id : 0
Account ID : 26
Amount : -4000
2017-07-21 10:44:22 SELECT SQL : SELECT * FROM balances WHERE  branchId = '0' AND accountId = '26'  
2017-07-21 10:44:22 SELECT SQL : SELECT * FROM balances WHERE  branchId = '0' AND accountId = '26' AND date = '2017-07-21'  
2017-07-21 10:44:22 SELECT SQL : SELECT closingBalance FROM balances WHERE  branchId = '0' AND accountId = '26'  ORDER BY date DESC LIMIT 1
2017-07-21 10:44:22 INSERT SQL : INSERT INTO balances  (ts,branchId,accountId,openingBalance,closingBalance,date)  VALUES(NOW(),'0','26','-26810','-26810','2017-07-21')
2017-07-21 10:44:22 Balance Create Insert ID Today 2:29
 2017-07-21 10:44:22 SELECT SQL : SELECT id FROM accounts WHERE  branchId = '12' AND currency_id = ''  
2017-07-21 10:44:22 Balance Update Params :
Branch Id : 12
Account ID : 0
Amount : 0
2017-07-21 10:44:22 SELECT SQL : SELECT * FROM balances WHERE  branchId = '12' AND accountId = '0'  
2017-07-21 10:44:22 SELECT SQL : SELECT * FROM balances WHERE  branchId = '12' AND accountId = '0' AND date = '2017-07-21'  
2017-07-21 10:44:22 SELECT SQL : SELECT closingBalance FROM balances WHERE  branchId = '12' AND accountId = '0'  ORDER BY date DESC LIMIT 1
2017-07-21 10:44:22 INSERT SQL : INSERT INTO balances  (ts,branchId,accountId,openingBalance,closingBalance,date)  VALUES(NOW(),'12','0','1700','1700','2017-07-21')
2017-07-21 10:44:22 Balance Create Insert ID Today 2:30
 2017-07-21 10:44:22 SELECT SQL : SELECT * FROM transfers WHERE  fromBranch = '12'  OR toBranch = '12'  OR destinationCountryId = '5'  
2017-07-21 10:44:22 Response : {"success":1,"data":"01205239"}
2017-07-21 10:44:40 ---- New Request ----
2017-07-21 10:44:40 Controller : Transfers
2017-07-21 10:44:40 Method : getallaccountbalancesAction
2017-07-21 10:44:40 Controller File : controllers/Transfers.class.php, Exists
2017-07-21 10:44:40 Class constructed
2017-07-21 10:44:40 Class constructed
2017-07-21 10:44:40 UserID : 2
SessionId : ZegrblW8dUpwgbXbgXt2NfxZS5lSbMup
Branch ID : 12
2017-07-21 10:44:40 SELECT SQL : SELECT sessionId FROM users WHERE  id = '2'  
2017-07-21 10:44:40 SELECT SQL : SELECT name,id FROM accounts WHERE  active = '1' AND branchId = '12'  
2017-07-21 10:44:40 SELECT SQL : SELECT name FROM branches WHERE  id = '12'  
2017-07-21 10:44:40 Response : {"success":1,"data":[{"name":"NAIROBI-USD Account","id":"33","balance":4589},{"name":"NAIROBI-KSH Account","id":"36","balance":339848}],"branchName":"NAIROBI"}
2017-07-21 10:44:56 ---- New Request ----
2017-07-21 10:44:56 Controller : Reports
2017-07-21 10:44:56 Method : gettransferlogsAction
2017-07-21 10:44:56 Controller File : controllers/Reports.class.php, Exists
2017-07-21 10:44:56 Class constructed
2017-07-21 10:44:56 Class constructed
2017-07-21 10:44:56 UserID : 2
SessionId : ZegrblW8dUpwgbXbgXt2NfxZS5lSbMup
Branch ID : 12
Date : 
Account ID : 
2017-07-21 10:44:56 SELECT SQL : SELECT sessionId,branchId,userTypeId FROM users WHERE  id = '2'  
2017-07-21 10:44:56 SELECT SQL : SELECT id,fromBranch,toBranch,amount,currency,charge,transferRef,userIdSource,userIdDestination,ts,withdrawTs,status,senderFname,senderSurname,senderPhone,senderEmail,receiverFname,receiverSurname,receiverPhone,receiverAccountNumber,destinationCountryId FROM transfers WHERE  fromBranch = '12'  OR toBranch = '12'  ORDER BY ts DESC LIMIT 20
2017-07-21 10:44:56 SELECT SQL : SELECT name FROM branches WHERE  id = '12'  
2017-07-21 10:44:56 SELECT SQL : SELECT name FROM branches WHERE  id = '0'  
2017-07-21 10:44:56 SELECT SQL : SELECT name FROM currencies WHERE  id = '1'  
2017-07-21 10:44:56 SELECT SQL : SELECT userName FROM users WHERE  id = '2'  
2017-07-21 10:44:56 SELECT SQL : SELECT userName FROM users WHERE  id = ''  
2017-07-21 10:44:56 SELECT SQL : SELECT name FROM countries WHERE  id = '5'  
2017-07-21 10:44:56 SELECT SQL : SELECT name FROM branches WHERE  id = '12'  
2017-07-21 10:44:56 SELECT SQL : SELECT name FROM branches WHERE  id = '0'  
2017-07-21 10:44:56 SELECT SQL : SELECT name FROM currencies WHERE  id = '1'  
2017-07-21 10:44:56 SELECT SQL : SELECT userName FROM users WHERE  id = '2'  
2017-07-21 10:44:56 SELECT SQL : SELECT userName FROM users WHERE  id = ''  
2017-07-21 10:44:56 SELECT SQL : SELECT name FROM countries WHERE  id = '5'  
2017-07-21 10:44:56 SELECT SQL : SELECT name FROM branches WHERE  id = '12'  
2017-07-21 10:44:56 SELECT SQL : SELECT name FROM branches WHERE  id = '0'  
2017-07-21 10:44:56 SELECT SQL : SELECT name FROM currencies WHERE  id = '1'  
2017-07-21 10:44:56 SELECT SQL : SELECT userName FROM users WHERE  id = '2'  
2017-07-21 10:44:56 SELECT SQL : SELECT userName FROM users WHERE  id = ''  
2017-07-21 10:44:56 SELECT SQL : SELECT name FROM countries WHERE  id = '5'  
2017-07-21 10:44:56 SELECT SQL : SELECT name FROM branches WHERE  id = '12'  
2017-07-21 10:44:56 SELECT SQL : SELECT name FROM branches WHERE  id = '11'  
2017-07-21 10:44:56 SELECT SQL : SELECT name FROM currencies WHERE  id = '1'  
2017-07-21 10:44:56 SELECT SQL : SELECT userName FROM users WHERE  id = '2'  
2017-07-21 10:44:56 SELECT SQL : SELECT userName FROM users WHERE  id = '5'  
2017-07-21 10:44:56 SELECT SQL : SELECT name FROM countries WHERE  id = '5'  
2017-07-21 10:44:56 SELECT SQL : SELECT name FROM branches WHERE  id = '12'  
2017-07-21 10:44:56 SELECT SQL : SELECT name FROM branches WHERE  id = '11'  
2017-07-21 10:44:56 SELECT SQL : SELECT name FROM currencies WHERE  id = '1'  
2017-07-21 10:44:56 SELECT SQL : SELECT userName FROM users WHERE  id = '2'  
2017-07-21 10:44:56 SELECT SQL : SELECT userName FROM users WHERE  id = '5'  
2017-07-21 10:44:56 SELECT SQL : SELECT name FROM countries WHERE  id = '5'  
2017-07-21 10:44:56 SELECT SQL : SELECT name FROM branches WHERE  id = '12'  
2017-07-21 10:44:56 SELECT SQL : SELECT name FROM branches WHERE  id = '11'  
2017-07-21 10:44:56 SELECT SQL : SELECT name FROM currencies WHERE  id = '1'  
2017-07-21 10:44:56 SELECT SQL : SELECT userName FROM users WHERE  id = '2'  
2017-07-21 10:44:56 SELECT SQL : SELECT userName FROM users WHERE  id = '5'  
2017-07-21 10:44:56 SELECT SQL : SELECT name FROM countries WHERE  id = '5'  
2017-07-21 10:44:56 SELECT SQL : SELECT name FROM branches WHERE  id = '12'  
2017-07-21 10:44:56 SELECT SQL : SELECT name FROM branches WHERE  id = '11'  
2017-07-21 10:44:56 SELECT SQL : SELECT name FROM currencies WHERE  id = '1'  
2017-07-21 10:44:56 SELECT SQL : SELECT userName FROM users WHERE  id = '2'  
2017-07-21 10:44:56 SELECT SQL : SELECT userName FROM users WHERE  id = '5'  
2017-07-21 10:44:56 SELECT SQL : SELECT name FROM countries WHERE  id = '5'  
2017-07-21 10:44:56 SELECT SQL : SELECT name FROM branches WHERE  id = '12'  
2017-07-21 10:44:56 SELECT SQL : SELECT name FROM branches WHERE  id = '11'  
2017-07-21 10:44:56 SELECT SQL : SELECT name FROM currencies WHERE  id = '1'  
2017-07-21 10:44:56 SELECT SQL : SELECT userName FROM users WHERE  id = '2'  
2017-07-21 10:44:56 SELECT SQL : SELECT userName FROM users WHERE  id = '5'  
2017-07-21 10:44:56 SELECT SQL : SELECT name FROM countries WHERE  id = '5'  
2017-07-21 10:44:56 SELECT SQL : SELECT name FROM branches WHERE  id = '12'  
2017-07-21 10:44:56 SELECT SQL : SELECT name FROM branches WHERE  id = '11'  
2017-07-21 10:44:56 SELECT SQL : SELECT name FROM currencies WHERE  id = '1'  
2017-07-21 10:44:56 SELECT SQL : SELECT userName FROM users WHERE  id = '2'  
2017-07-21 10:44:56 SELECT SQL : SELECT userName FROM users WHERE  id = '5'  
2017-07-21 10:44:56 SELECT SQL : SELECT name FROM countries WHERE  id = '5'  
2017-07-21 10:44:56 SELECT SQL : SELECT name FROM branches WHERE  id = '12'  
2017-07-21 10:44:56 Response : {"success":1,"branchName":"NAIROBI","data":[{"id":"39","fromBranch":"12","toBranch":"0","amount":"4000","currency":"RMB","charge":null,"transferRef":"01205239","userIdSource":"2","userIdDestination":null,"ts":"2017-07-21 07:44:22","withdrawTs":null,"status":"Pending","senderFname":"","senderSurname":"Yu Qiang","senderPhone":"+254711650303","senderEmail":"","receiverFname":"Shang Jing","receiverSurname":"Wu","receiverPhone":"+254711650303","receiverAccountNumber":"6013826403007052991","destinationCountryId":"5","fromBranchName":"NAIROBI","toBranchName":null,"agentSource":"dorah","agentDestination":null,"destinationCountry":null},{"id":"38","fromBranch":"12","toBranch":"0","amount":"22300","currency":"RMB","charge":"1700","transferRef":"01205238","userIdSource":"2","userIdDestination":null,"ts":"2017-07-20 13:52:03","withdrawTs":null,"status":"Pending","senderFname":"","senderSurname":"Kimani","senderPhone":"+254712817203","senderEmail":"","receiverFname":"Joseph","receiverSurname":"Kimani","receiverPhone":"+254712817203","receiverAccountNumber":"6217857000001342201","destinationCountryId":"5","fromBranchName":"NAIROBI","toBranchName":null,"agentSource":"dorah","agentDestination":null,"destinationCountry":null},{"id":"37","fromBranch":"12","toBranch":"0","amount":"510","currency":"RMB","charge":null,"transferRef":"01205237","userIdSource":"2","userIdDestination":null,"ts":"2017-07-20 13:45:29","withdrawTs":null,"status":"Pending","senderFname":"","senderSurname":"Joseph","senderPhone":"+254712817203","senderEmail":"","receiverFname":"Joseph","receiverSurname":"Kimani","receiverPhone":"+254712817203","receiverAccountNumber":"6217857000001342201","destinationCountryId":"5","fromBranchName":"NAIROBI","toBranchName":null,"agentSource":"dorah","agentDestination":null,"destinationCountry":null},{"id":"11","fromBranch":"12","toBranch":"11","amount":"312600","currency":"RMB","charge":"1700","transferRef":"01205211","userIdSource":"2","userIdDestination":"5","ts":"2017-07-19 13:31:06","withdrawTs":"2017-07-19 17:07:15","status":"Success","senderFname":"","senderSurname":"Poker","senderPhone":"+254727428993","senderEmail":"","receiverFname":"Dan","receiverSurname":"Li","receiverPhone":"+254727428993","receiverAccountNumber":"6222083400007292010","destinationCountryId":"5","fromBranchName":"NAIROBI","toBranchName":"CHINA","agentSource":"dorah","agentDestination":"henry","destinationCountry":null},{"id":"5","fromBranch":"12","toBranch":"11","amount":"1000","currency":"RMB","charge":null,"transferRef":"0120525","userIdSource":"2","userIdDestination":"5","ts":"2017-07-19 09:52:58","withdrawTs":"2017-07-19 17:07:51","status":"Success","senderFname":"","senderSurname":"Lu","senderPhone":"+254721472501","senderEmail":"","receiverFname":"Hong","receiverSurname":"Xian","receiverPhone":"+254721472501","receiverAccountNumber":"6226901405767348","destinationCountryId":"5","fromBranchName":"NAIROBI","toBranchName":"CHINA","agentSource":"dorah","agentDestination":"henry","destinationCountry":null},{"id":"4","fromBranch":"12","toBranch":"11","amount":"208660","currency":"RMB","charge":null,"transferRef":"0120524","userIdSource":"2","userIdDestination":"5","ts":"2017-07-19 09:45:18","withdrawTs":"2017-07-19 17:07:41","status":"Success","senderFname":"","senderSurname":"Lu","senderPhone":"+254721472501","senderEmail":"","receiverFname":"Xian","receiverSurname":"Hong","receiverPhone":"+254721472501","receiverAccountNumber":"6226901405767348","destinationCountryId":"5","fromBranchName":"NAIROBI","toBranchName":"CHINA","agentSource":"dorah","agentDestination":"henry","destinationCountry":null},{"id":"3","fromBranch":"12","toBranch":"11","amount":"281340","currency":"RMB","charge":"1700","transferRef":"0120523","userIdSource":"2","userIdDestination":"5","ts":"2017-07-19 09:24:19","withdrawTs":"2017-07-19 17:07:18","status":"Success","senderFname":"","senderSurname":"Lu","senderPhone":"+254721472501","senderEmail":"","receiverFname":"Hong","receiverSurname":"Xian","receiverPhone":"+254721472501","receiverAccountNumber":"6217004229998141175","destinationCountryId":"5","fromBranchName":"NAIROBI","toBranchName":"CHINA","agentSource":"dorah","agentDestination":"henry","destinationCountry":null},{"id":"2","fromBranch":"12","toBranch":"11","amount":"398300","currency":"RMB","charge":"1700","transferRef":"0120522","userIdSource":"2","userIdDestination":"5","ts":"2017-07-19 07:59:23","withdrawTs":"2017-07-19 17:07:40","status":"Success","senderFname":"","senderSurname":"Wu","senderPhone":"+254713072228","senderEmail":"","receiverFname":"Shuai","receiverSurname":"Shao","receiverPhone":"+254713072228","receiverAccountNumber":"6217850100001899163","destinationCountryId":"5","fromBranchName":"NAIROBI","toBranchName":"CHINA","agentSource":"dorah","agentDestination":"henry","destinationCountry":null},{"id":"1","fromBranch":"12","toBranch":"11","amount":"2657100","currency":"RMB","charge":"1700","transferRef":"0120521","userIdSource":"2","userIdDestination":"5","ts":"2017-07-19 07:33:59","withdrawTs":"2017-07-19 17:07:04","status":"Success","senderFname":"","senderSurname":"Vincent","senderPhone":"+254731325666","senderEmail":"","receiverFname":"Xiong","receiverSurname":"Tao","receiverPhone":"+254731325666","receiverAccountNumber":"6222022319000895880","destinationCountryId":"5","fromBranchName":"NAIROBI","toBranchName":"CHINA","agentSource":"dorah","agentDestination":"henry","destinationCountry":null}]}
2017-07-21 10:45:08 ---- New Request ----
2017-07-21 10:45:08 Controller : Transfers
2017-07-21 10:45:08 Method : getallaccountbalancesAction
2017-07-21 10:45:08 Controller File : controllers/Transfers.class.php, Exists
2017-07-21 10:45:08 Class constructed
2017-07-21 10:45:08 Class constructed
2017-07-21 10:45:08 UserID : 2
SessionId : ZegrblW8dUpwgbXbgXt2NfxZS5lSbMup
Branch ID : 12
2017-07-21 10:45:08 SELECT SQL : SELECT sessionId FROM users WHERE  id = '2'  
2017-07-21 10:45:08 SELECT SQL : SELECT name,id FROM accounts WHERE  active = '1' AND branchId = '12'  
2017-07-21 10:45:08 SELECT SQL : SELECT name FROM branches WHERE  id = '12'  
2017-07-21 10:45:08 Response : {"success":1,"data":[{"name":"NAIROBI-USD Account","id":"33","balance":4589},{"name":"NAIROBI-KSH Account","id":"36","balance":339848}],"branchName":"NAIROBI"}
2017-07-21 10:49:21 ---- New Request ----
2017-07-21 10:49:21 Controller : Transfers
2017-07-21 10:49:21 Method : getallaccountbalancesAction
2017-07-21 10:49:21 Controller File : controllers/Transfers.class.php, Exists
2017-07-21 10:49:21 Class constructed
2017-07-21 10:49:21 Class constructed
2017-07-21 10:49:21 UserID : 2
SessionId : ZegrblW8dUpwgbXbgXt2NfxZS5lSbMup
Branch ID : 12
2017-07-21 10:49:21 SELECT SQL : SELECT sessionId FROM users WHERE  id = '2'  
2017-07-21 10:49:21 SELECT SQL : SELECT name,id FROM accounts WHERE  active = '1' AND branchId = '12'  
2017-07-21 10:49:21 SELECT SQL : SELECT name FROM branches WHERE  id = '12'  
2017-07-21 10:49:21 Response : {"success":1,"data":[{"name":"NAIROBI-USD Account","id":"33","balance":4589},{"name":"NAIROBI-KSH Account","id":"36","balance":339848}],"branchName":"NAIROBI"}
2017-07-21 10:50:08 ---- New Request ----
2017-07-21 10:50:08 Controller : Users
2017-07-21 10:50:08 Method : logoutAction
2017-07-21 10:50:08 Controller File : controllers/Users.class.php, Exists
2017-07-21 10:50:08 Class constructed
2017-07-21 10:50:08 Logout Params ;Session ID :ZegrblW8dUpwgbXbgXt2NfxZS5lSbMup\User ID : 2
2017-07-21 10:50:08 UPDATE SQL : UPDATE users SET sessionId = '',ipAddress = '105.231.254.109' WHERE  id = '2' 
2017-07-21 10:50:08 Response : {"success":1}
2017-07-21 10:50:21 ---- New Request ----
2017-07-21 10:50:21 Controller : Users
2017-07-21 10:50:21 Method : loginAction
2017-07-21 10:50:21 Controller File : controllers/Users.class.php, Exists
2017-07-21 10:50:21 Class constructed
2017-07-21 10:50:21 Login Params ;Username :dorah
Password : ******
2017-07-21 10:50:21 SELECT SQL : SELECT id,firstName,surname,userName,userTypeId,sessionId,password,active,branchId FROM users WHERE  userName = 'dorah'  
2017-07-21 10:50:21 SELECT SQL : SELECT name FROM branches WHERE  id = '12'  
2017-07-21 10:50:21 UPDATE SQL : UPDATE users SET sessionId = 'a1RkjrTk2sD6jerqlO4caDlUNoFTBdHy',ipAddress = '105.231.254.109' WHERE  id = '2' 
2017-07-21 10:50:21 Response : {"success":1,"data":{"id":"2","firstName":"Nansubuga","surname":"Dorothy","userName":"dorah","userTypeId":"3","sessionId":"a1RkjrTk2sD6jerqlO4caDlUNoFTBdHy","branchId":"12","branchName":"NAIROBI"}}
2017-07-21 10:50:23 ---- New Request ----
2017-07-21 10:50:23 Controller : Users
2017-07-21 10:50:23 Method : formsdetailsAction
2017-07-21 10:50:23 Controller File : controllers/Users.class.php, Exists
2017-07-21 10:50:23 Class constructed
2017-07-21 10:50:23 Details Params :
SessionID :a1RkjrTk2sD6jerqlO4caDlUNoFTBdHy
User ID : 2
2017-07-21 10:50:23 SELECT SQL : SELECT * FROM branches WHERE  active = '1'  
2017-07-21 10:50:23 SELECT SQL : SELECT * FROM countries WHERE  active = '1'  
2017-07-21 10:50:23 SELECT SQL : SELECT * FROM identification WHERE  active = '1'  
2017-07-21 10:50:23 SELECT SQL : SELECT * FROM users WHERE  active = '1'  
2017-07-21 10:50:23 SELECT SQL : SELECT id,name,branchId,currency_id FROM accounts WHERE  active = '1' AND type_id = '1'  
2017-07-21 10:50:23 Balance Update Params :
Branch Id : 5
Account ID : 16
Amount : 0
2017-07-21 10:50:23 SELECT SQL : SELECT * FROM balances WHERE  branchId = '5' AND accountId = '16'  
2017-07-21 10:50:23 SELECT SQL : SELECT * FROM balances WHERE  branchId = '5' AND accountId = '16' AND date = '2017-07-21'  
2017-07-21 10:50:23 UPDATE SQL : UPDATE balances SET closingBalance = '293496' WHERE  branchId = '5' AND accountId = '16' AND date = '2017-07-21' 
2017-07-21 10:50:23 Balance Update Status 2:1
 2017-07-21 10:50:23 Balance Update Params :
Branch Id : 6
Account ID : 20
Amount : 0
2017-07-21 10:50:23 SELECT SQL : SELECT * FROM balances WHERE  branchId = '6' AND accountId = '20'  
2017-07-21 10:50:23 Balance Update Params :
Branch Id : 6
Account ID : 21
Amount : 0
2017-07-21 10:50:23 SELECT SQL : SELECT * FROM balances WHERE  branchId = '6' AND accountId = '21'  
2017-07-21 10:50:23 SELECT SQL : SELECT * FROM balances WHERE  branchId = '6' AND accountId = '21' AND date = '2017-07-21'  
2017-07-21 10:50:23 UPDATE SQL : UPDATE balances SET closingBalance = '627698.05028101' WHERE  branchId = '6' AND accountId = '21' AND date = '2017-07-21' 
2017-07-21 10:50:23 Balance Update Status 2:1
 2017-07-21 10:50:23 Balance Update Params :
Branch Id : 6
Account ID : 22
Amount : 0
2017-07-21 10:50:23 SELECT SQL : SELECT * FROM balances WHERE  branchId = '6' AND accountId = '22'  
2017-07-21 10:50:23 Balance Update Params :
Branch Id : 6
Account ID : 23
Amount : 0
2017-07-21 10:50:23 SELECT SQL : SELECT * FROM balances WHERE  branchId = '6' AND accountId = '23'  
2017-07-21 10:50:23 SELECT SQL : SELECT * FROM balances WHERE  branchId = '6' AND accountId = '23' AND date = '2017-07-21'  
2017-07-21 10:50:23 UPDATE SQL : UPDATE balances SET closingBalance = '-113664482' WHERE  branchId = '6' AND accountId = '23' AND date = '2017-07-21' 
2017-07-21 10:50:23 Balance Update Status 2:1
 2017-07-21 10:50:23 Balance Update Params :
Branch Id : 6
Account ID : 24
Amount : 0
2017-07-21 10:50:23 SELECT SQL : SELECT * FROM balances WHERE  branchId = '6' AND accountId = '24'  
2017-07-21 10:50:23 Balance Update Params :
Branch Id : 11
Account ID : 27
Amount : 0
2017-07-21 10:50:23 SELECT SQL : SELECT * FROM balances WHERE  branchId = '11' AND accountId = '27'  
2017-07-21 10:50:23 SELECT SQL : SELECT * FROM balances WHERE  branchId = '11' AND accountId = '27' AND date = '2017-07-21'  
2017-07-21 10:50:23 UPDATE SQL : UPDATE balances SET closingBalance = '-3725432.8225704' WHERE  branchId = '11' AND accountId = '27' AND date = '2017-07-21' 
2017-07-21 10:50:23 Balance Update Status 2:1
 2017-07-21 10:50:23 Balance Update Params :
Branch Id : 11
Account ID : 28
Amount : 0
2017-07-21 10:50:23 SELECT SQL : SELECT * FROM balances WHERE  branchId = '11' AND accountId = '28'  
2017-07-21 10:50:23 Balance Update Params :
Branch Id : 12
Account ID : 33
Amount : 0
2017-07-21 10:50:23 SELECT SQL : SELECT * FROM balances WHERE  branchId = '12' AND accountId = '33'  
2017-07-21 10:50:23 SELECT SQL : SELECT * FROM balances WHERE  branchId = '12' AND accountId = '33' AND date = '2017-07-21'  
2017-07-21 10:50:23 UPDATE SQL : UPDATE balances SET closingBalance = '4589' WHERE  branchId = '12' AND accountId = '33' AND date = '2017-07-21' 
2017-07-21 10:50:23 Balance Update Status 2:1
 2017-07-21 10:50:23 Balance Update Params :
Branch Id : 12
Account ID : 36
Amount : 0
2017-07-21 10:50:23 SELECT SQL : SELECT * FROM balances WHERE  branchId = '12' AND accountId = '36'  
2017-07-21 10:50:23 SELECT SQL : SELECT * FROM balances WHERE  branchId = '12' AND accountId = '36' AND date = '2017-07-21'  
2017-07-21 10:50:23 UPDATE SQL : UPDATE balances SET closingBalance = '339848' WHERE  branchId = '12' AND accountId = '36' AND date = '2017-07-21' 
2017-07-21 10:50:23 Balance Update Status 2:1
 2017-07-21 10:50:23 Balance Update Params :
Branch Id : 7
Account ID : 37
Amount : 0
2017-07-21 10:50:23 SELECT SQL : SELECT * FROM balances WHERE  branchId = '7' AND accountId = '37'  
2017-07-21 10:50:23 SELECT SQL : SELECT * FROM balances WHERE  branchId = '7' AND accountId = '37' AND date = '2017-07-21'  
2017-07-21 10:50:23 UPDATE SQL : UPDATE balances SET closingBalance = '47450' WHERE  branchId = '7' AND accountId = '37' AND date = '2017-07-21' 
2017-07-21 10:50:23 Balance Update Status 2:1
 2017-07-21 10:50:23 Balance Update Params :
Branch Id : 13
Account ID : 38
Amount : 0
2017-07-21 10:50:23 SELECT SQL : SELECT * FROM balances WHERE  branchId = '13' AND accountId = '38'  
2017-07-21 10:50:23 SELECT SQL : SELECT * FROM balances WHERE  branchId = '13' AND accountId = '38' AND date = '2017-07-21'  
2017-07-21 10:50:23 UPDATE SQL : UPDATE balances SET closingBalance = '2700' WHERE  branchId = '13' AND accountId = '38' AND date = '2017-07-21' 
2017-07-21 10:50:23 Balance Update Status 2:1
 2017-07-21 10:50:23 Balance Update Params :
Branch Id : 13
Account ID : 39
Amount : 0
2017-07-21 10:50:23 SELECT SQL : SELECT * FROM balances WHERE  branchId = '13' AND accountId = '39'  
2017-07-21 10:50:23 SELECT SQL : SELECT * FROM currencies WHERE  active = '1'  
2017-07-21 10:50:23 SELECT SQL : SELECT * FROM accounts WHERE  active = '1' AND type_id = '4'  
2017-07-21 10:50:23 SELECT SQL : SELECT * FROM account_types WHERE  active = '1'  
2017-07-21 10:50:23 SELECT SQL : SELECT * FROM user_types WHERE  active = '1'  
2017-07-21 10:50:23 Response : {"data":{"branches":[{"id":"5","name":"KINSHASHA","countryId":"4","location":"Patrice Avenue","supervisorId":"3","createdBy":"4","ts":"2017-06-30 00:06:55","active":"1"},{"id":"6","name":"OASIS MALL","countryId":"1","location":"Yusufu Lule Rd","supervisorId":"3","createdBy":"2","ts":"2017-06-30 00:12:08","active":"1"},{"id":"7","name":"GOMA","countryId":"4","location":"Goma","supervisorId":"3","createdBy":"1","ts":"2017-07-05 00:00:00","active":"1"},{"id":"9","name":"MOMBASA","countryId":"2","location":"Mombasa","supervisorId":"3","createdBy":"1","ts":"2017-07-05 00:00:00","active":"1"},{"id":"10","name":"DUBAI","countryId":"6","location":"Dubai","supervisorId":"3","createdBy":"1","ts":"2017-07-05 00:00:00","active":"1"},{"id":"11","name":"CHINA","countryId":"5","location":"China","supervisorId":"3","createdBy":"3","ts":"2017-07-05 13:23:17","active":"1"},{"id":"12","name":"NAIROBI","countryId":"2","location":"Nairobi","supervisorId":"3","createdBy":"3","ts":"2017-07-06 14:12:35","active":"1"},{"id":"13","name":"KAMPALA ROAD","countryId":"1","location":"kampala road","supervisorId":"3","createdBy":"3","ts":"2017-07-06 14:12:35","active":"1"}],"countries":[{"id":"1","name":"UGANDA","createdBy":"1","ts":"2017-06-25 23:13:31","active":"1"},{"id":"2","name":"KENYA","createdBy":"1","ts":"2017-06-26 09:02:45","active":"1"},{"id":"3","name":"TZ","createdBy":"1","ts":"2017-06-28 11:11:53","active":"1"},{"id":"4","name":"CONGO","createdBy":"1","ts":"2017-06-28 11:26:11","active":"1"},{"id":"5","name":"CHINA","createdBy":"1","ts":"2017-06-28 11:30:01","active":"1"},{"id":"6","name":"UAE","createdBy":"1","ts":"2017-07-05 00:00:00","active":"1"}],"ids":[[{"id":"1","name":"Passport","createdBy":"1","ts":"2017-06-28 14:00:01","active":"1"},{"id":"2","name":"National ID","createdBy":"1","ts":"2017-06-28 14:00:01","active":"1"},{"id":"3","name":"STUDENTS ID","createdBy":"1","ts":"2017-06-28 16:21:46","active":"1"}]],"users":[{"id":"1","firstName":"You","surname":"Jinshu","email":"hudsonbogere@swipeit.co.ug","phone":"256783131266","userName":"you","branchId":"0","userTypeId":"1","password":"$2y$10$pPGbhJ1RXx\/ug.ED3LnsQuKHJTqwYsa\/iF0OqGOgsjflkHKIDTLVq","sessionId":"KSTms8GEe36Gy41kXds63LMk2kJjROlO","ipAddress":"41.210.145.81","createdBy":null,"ts":"2017-06-23 15:08:12","active":"1"},{"id":"2","firstName":"Nansubuga","surname":"Dorothy","email":"henry@gmail.com","phone":"256752284441","userName":"dorah","branchId":"12","userTypeId":"3","password":"$2y$10$F9t92sYKf2rDJ.JzCmrrT.Jt1Ix37Fuo.uZKpXPn69dgDUTZ8xLXi","sessionId":"a1RkjrTk2sD6jerqlO4caDlUNoFTBdHy","ipAddress":"105.231.254.109","createdBy":"1","ts":"2017-06-26 19:11:07","active":"1"},{"id":"3","firstName":"Lydia","surname":"Amoi","email":"islam@gmail.com","phone":"256777608310","userName":"lydia","branchId":"6","userTypeId":"2","password":"$2y$10$m72Zz8Z.h4\/Zp6TFDhmbXeQ79kZ7JJ2U0yLUanc0dDVxbc.5UPkRG","sessionId":"N35PCsvWubMMcNjtv44zaguTt6Y6OeJh","ipAddress":"41.75.175.106","createdBy":"1","ts":"2017-06-26 19:41:01","active":"1"},{"id":"4","firstName":"Nabukera","surname":"Maria","email":"banerd@tfb.com","phone":"256774457813","userName":"maria","branchId":"5","userTypeId":"3","password":"$2y$10$wTpUE\/WJFMfQaBglrQocTO9ndV6dbxL2vzFDEJZ1hpVVp4binpXGO","sessionId":"rlwjPHNyG6kNuWcT7RLiz3gIRGkmcp0H","ipAddress":"41.243.11.143","createdBy":"1","ts":"2017-06-26 23:04:07","active":"1"},{"id":"5","firstName":"Henry","surname":"Bbosa","email":null,"phone":null,"userName":"henry","branchId":"11","userTypeId":"3","password":"$2y$10$m72Zz8Z.h4\/Zp6TFDhmbXeQ79kZ7JJ2U0yLUanc0dDVxbc.5UPkRG","sessionId":"","ipAddress":"197.157.0.46","createdBy":"1","ts":"2017-07-05 00:00:00","active":"1"},{"id":"6","firstName":"Edwin","surname":"Kakeeto","email":"edwin@edwin.com","phone":"0777777557","userName":"edwin","branchId":"7","userTypeId":"3","password":"$2y$10$m72Zz8Z.h4\/Zp6TFDhmbXeQ79kZ7JJ2U0yLUanc0dDVxbc.5UPkRG","sessionId":"","ipAddress":"160.242.142.203","createdBy":"3","ts":"2017-07-10 07:37:50","active":"1"},{"id":"7","firstName":"Trish","surname":"Baby","email":"patricia@gmail.com","phone":"0777777557","userName":"trish","branchId":"13","userTypeId":"3","password":"$2y$10$m72Zz8Z.h4\/Zp6TFDhmbXeQ79kZ7JJ2U0yLUanc0dDVxbc.5UPkRG","sessionId":"","ipAddress":"160.242.141.153","createdBy":null,"ts":null,"active":"1"},{"id":"8","firstName":"cedric","surname":"cedric","email":"cedric@gmail.com","phone":"+256754813912","userName":"cedric","branchId":"7","userTypeId":"3","password":"$2y$10$m72Zz8Z.h4\/Zp6TFDhmbXeQ79kZ7JJ2U0yLUanc0dDVxbc.5UPkRG","sessionId":"","ipAddress":"160.242.141.153","createdBy":null,"ts":null,"active":"1"}],"accounts":[{"id":"16","name":"KINSHASHA-USD Account","branchId":"5","currency_id":"2"},{"id":"20","name":"OASIS MALL-RMB Account","branchId":"6","currency_id":"1"},{"id":"21","name":"OASIS MALL-USD Account","branchId":"6","currency_id":"2"},{"id":"22","name":"OASIS MALL-DIRHAM Account","branchId":"6","currency_id":"3"},{"id":"23","name":"OASIS MALL-UGX Account","branchId":"6","currency_id":"4"},{"id":"24","name":"OASIS MALL-KSH Account","branchId":"6","currency_id":"5"},{"id":"27","name":"CHINA-RMB Account","branchId":"11","currency_id":"1"},{"id":"28","name":"CHINA-USD Account","branchId":"11","currency_id":"2"},{"id":"33","name":"NAIROBI-USD Account","branchId":"12","currency_id":"2"},{"id":"36","name":"NAIROBI-KSH Account","branchId":"12","currency_id":"5"},{"id":"37","name":"GOMA-USD ACCOUNT","branchId":"7","currency_id":"2"},{"id":"38","name":"KAMPALA ROAD -USD ACCOUNT","branchId":"13","currency_id":"2"},{"id":"39","name":"KAMPALA ROAD- UGX ACCOUNT ","branchId":"13","currency_id":"4"}],"currencies":[{"id":"1","name":"RMB","symbol":"\u00c2\u00a5","createdBy":"1","ts":"2017-06-27 22:45:12","active":"1"},{"id":"2","name":"USD","symbol":"$","createdBy":"1","ts":"2017-06-27 22:45:12","active":"1"},{"id":"3","name":"DIRHAM","symbol":"","createdBy":"1","ts":"2017-06-28 11:40:09","active":"1"},{"id":"4","name":"UGX","symbol":"\/=","createdBy":"1","ts":"2017-06-28 11:46:50","active":"1"},{"id":"5","name":"KSH","symbol":"","createdBy":"1","ts":"2017-06-28 11:46:50","active":"1"}],"superaccount":[{"id":"1","name":"RMB Account","branchId":"0","type_id":"4","currency_id":"1","balance":"0","createdBy":"1","active":"1","ts":"2017-06-27 22:45:12"}],"accountTypes":[{"id":"1","type":"Transfer","description":"","createdBy":"1","ts":"2017-06-28 14:31:12","active":"1"},{"id":"2","type":"Suspense","description":"","createdBy":"1","ts":"2017-06-28 14:31:12","active":"1"},{"id":"4","type":"Super","description":"","createdBy":"1","ts":"2017-06-28 14:31:12","active":"1"}],"userTypes":[{"id":"1","name":"E-Value Admin","level":"1","ts":"2017-06-27 22:45:12","active":"1"},{"id":"2","name":"Super User","level":"2","ts":"2017-06-27 22:45:12","active":"1"},{"id":"3","name":"Agent","level":"3","ts":"2017-06-27 22:45:12","active":"1"},{"id":"4","name":"System Admin","level":"4","ts":"2017-06-27 22:45:12","active":"1"}]},"success":1}
2017-07-21 10:55:23 ---- New Request ----
2017-07-21 10:55:23 Controller : Transfers
2017-07-21 10:55:23 Method : createtransferAction
2017-07-21 10:55:23 Controller File : controllers/Transfers.class.php, Exists
2017-07-21 10:55:23 Class constructed
2017-07-21 10:55:23 Class constructed
2017-07-21 10:55:23 Transfer Creation Params ;Amount :300000\currencyid : 1
Country : 5
Charge : 1700
sfname : 
ssurname : Yu Qiang
Account Number : 6013826403007052991
semail : 
sphone : +254711750303
sidtype : 0
sid : 0
rfname : Shang Jing
rsurname : Wu
remail : 
rphone : +254711650303
Receiver Branch : 0
passcode : ******
password : ******
userid : 2
sessionid : a1RkjrTk2sD6jerqlO4caDlUNoFTBdHy
Exchange Rate : 15.58
AmountAfterXchange : 19255.45571245186
Charge Currency : 52017-07-21 10:55:23 SELECT SQL : SELECT * FROM settings WHERE  name = 'SuspenseAccount'  
2017-07-21 10:55:23 SELECT SQL : SELECT * FROM settings WHERE  name = 'ToChinaAccount'  
2017-07-21 10:55:23 SELECT SQL : SELECT * FROM users WHERE  id = '2'  
2017-07-21 10:55:23 INSERT SQL : INSERT INTO transfers  (ts,userIdSource,amount,currency,destinationCountryId,toBranch,senderFname,senderSurname,senderEmail,senderPhone,senderIdType,senderId,receiverFname,receiverSurname,receiverEmail,receiverPhone,charge,receiverAccountNumber,fromBranch,passcode,status,sourceIpAddress)  VALUES(NOW(),'2','300000','1','5','0','','Yu Qiang','','+254711750303','0','0','Shang Jing','Wu','','+254711650303','1700','6013826403007052991','12','$2y$10$SqZmt7spgnBYVngTr9kPheA/Er/j8weXXBj..0kbHhkWKdz0PgDaO','Pending','105.231.254.109')
2017-07-21 10:55:23 SELECT SQL : SELECT id,transferRef FROM transfers WHERE  id = '40'  
2017-07-21 10:55:23 INSERT SQL : INSERT INTO audit_trails  (ts,userId,tableName,recordId,field,oldValue,newValue)  VALUES(NOW(),'2','transfers','40','transferRef','','01205240')
2017-07-21 10:55:23 audit_trails Insert ID : 415
2017-07-21 10:55:23 UPDATE SQL : UPDATE transfers SET transferRef = '01205240' WHERE  id = '40' 
2017-07-21 10:55:23 SELECT SQL : SELECT id FROM accounts WHERE  branchId = '12' AND currency_id = '5'  
2017-07-21 10:55:23 INSERT SQL : INSERT INTO account_transfers  (ts,amountAfterXchange,amountB4Xchange,currencyB4Xchange,currencyAfterXchange,exchangeRate,charge,chargeCurrency,type,amount,fromId,toId,transferRef,userId)  VALUES(NOW(),'19255.45571245186','300000','5','1','15.58','1700','5','transfer','300000','26','36','01205240','2')
2017-07-21 10:55:23 Balance Update Params :
Branch Id : 12
Account ID : 36
Amount : 300000
2017-07-21 10:55:23 SELECT SQL : SELECT * FROM balances WHERE  branchId = '12' AND accountId = '36'  
2017-07-21 10:55:23 SELECT SQL : SELECT * FROM balances WHERE  branchId = '12' AND accountId = '36' AND date = '2017-07-21'  
2017-07-21 10:55:23 UPDATE SQL : UPDATE balances SET closingBalance = '639848' WHERE  branchId = '12' AND accountId = '36' AND date = '2017-07-21' 
2017-07-21 10:55:23 Balance Update Status 2:1
 2017-07-21 10:55:23 Balance Update Params :
Branch Id : 0
Account ID : 26
Amount : -300000
2017-07-21 10:55:23 SELECT SQL : SELECT * FROM balances WHERE  branchId = '0' AND accountId = '26'  
2017-07-21 10:55:23 SELECT SQL : SELECT * FROM balances WHERE  branchId = '0' AND accountId = '26' AND date = '2017-07-21'  
2017-07-21 10:55:23 UPDATE SQL : UPDATE balances SET closingBalance = '-326810' WHERE  branchId = '0' AND accountId = '26' AND date = '2017-07-21' 
2017-07-21 10:55:23 Balance Update Status 2:1
 2017-07-21 10:55:23 SELECT SQL : SELECT id FROM accounts WHERE  branchId = '12' AND currency_id = '5'  
2017-07-21 10:55:23 Balance Update Params :
Branch Id : 12
Account ID : 36
Amount : 1700
2017-07-21 10:55:23 SELECT SQL : SELECT * FROM balances WHERE  branchId = '12' AND accountId = '36'  
2017-07-21 10:55:23 SELECT SQL : SELECT * FROM balances WHERE  branchId = '12' AND accountId = '36' AND date = '2017-07-21'  
2017-07-21 10:55:23 UPDATE SQL : UPDATE balances SET closingBalance = '641548' WHERE  branchId = '12' AND accountId = '36' AND date = '2017-07-21' 
2017-07-21 10:55:23 Balance Update Status 2:1
 2017-07-21 10:55:23 INSERT SQL : INSERT INTO account_transfers  (ts,type,amount,charge,fromId,toId,transferRef,userId,amountAfterXchange,amountB4Xchange)  VALUES(NOW(),'transfer','1700','0','26','36','0','2','1700','1700')
2017-07-21 10:55:23 SELECT SQL : SELECT * FROM transfers WHERE  fromBranch = '12'  OR toBranch = '12'  OR destinationCountryId = '5'  
2017-07-21 10:55:23 Response : {"success":1,"data":"01205240"}
2017-07-21 10:55:50 ---- New Request ----
2017-07-21 10:55:50 Controller : Transfers
2017-07-21 10:55:50 Method : getallaccountbalancesAction
2017-07-21 10:55:50 Controller File : controllers/Transfers.class.php, Exists
2017-07-21 10:55:50 Class constructed
2017-07-21 10:55:50 Class constructed
2017-07-21 10:55:50 UserID : 2
SessionId : a1RkjrTk2sD6jerqlO4caDlUNoFTBdHy
Branch ID : 12
2017-07-21 10:55:50 SELECT SQL : SELECT sessionId FROM users WHERE  id = '2'  
2017-07-21 10:55:50 SELECT SQL : SELECT name,id FROM accounts WHERE  active = '1' AND branchId = '12'  
2017-07-21 10:55:50 SELECT SQL : SELECT name FROM branches WHERE  id = '12'  
2017-07-21 10:55:50 Response : {"success":1,"data":[{"name":"NAIROBI-USD Account","id":"33","balance":4589},{"name":"NAIROBI-KSH Account","id":"36","balance":641548}],"branchName":"NAIROBI"}
2017-07-21 10:56:38 ---- New Request ----
2017-07-21 10:56:38 Controller : Transfers
2017-07-21 10:56:38 Method : getbalancesAction
2017-07-21 10:56:38 Controller File : controllers/Transfers.class.php, Exists
2017-07-21 10:56:38 Class constructed
2017-07-21 10:56:38 Class constructed
2017-07-21 10:56:38 UserID : 2
SessionId : a1RkjrTk2sD6jerqlO4caDlUNoFTBdHy
Branch ID : 
Date : 
2017-07-21 10:56:38 SELECT SQL : SELECT sessionId,branchId,userTypeId FROM users WHERE  id = '2'  
2017-07-21 10:56:38 SELECT SQL : SELECT closingBalance,openingBalance,accountId,branchId,date FROM balances WHERE  date = '2017-07-21' AND branchId = '12'  
2017-07-21 10:56:38 SELECT SQL : SELECT name FROM accounts WHERE  id = '33'  
2017-07-21 10:56:38 SELECT SQL : SELECT name FROM branches WHERE  id = '12'  
2017-07-21 10:56:38 SELECT SQL : SELECT name FROM accounts WHERE  id = '36'  
2017-07-21 10:56:38 SELECT SQL : SELECT name FROM branches WHERE  id = '12'  
2017-07-21 10:56:38 SELECT SQL : SELECT name FROM accounts WHERE  id = '0'  
2017-07-21 10:56:38 SELECT SQL : SELECT name FROM branches WHERE  id = '12'  
2017-07-21 10:56:38 Response : {"success":1,"data":[{"closingBalance":"4589","openingBalance":"589","accountId":"33","branchId":"12","date":"2017-07-21","accountName":"NAIROBI-USD Account","branchName":"NAIROBI"},{"closingBalance":"641548","openingBalance":"339848","accountId":"36","branchId":"12","date":"2017-07-21","accountName":"NAIROBI-KSH Account","branchName":"NAIROBI"},{"closingBalance":"1700","openingBalance":"1700","accountId":"0","branchId":"12","date":"2017-07-21","accountName":null,"branchName":"NAIROBI"}]}
