2017-08-02 10:04:12 ---- New Request ----
2017-08-02 10:04:12 Controller : Users
2017-08-02 10:04:12 Method : formsdetailsAction
2017-08-02 10:04:12 Controller File : controllers/Users.class.php, Exists
2017-08-02 10:04:12 Class constructed
2017-08-02 10:04:12 Details Params :
SessionID :TRYLds7vSBteucLM5ABcqCX8rZHYmIY6
User ID : 9
2017-08-02 10:04:12 SELECT SQL : SELECT * FROM branches WHERE  active = '1'  
2017-08-02 10:04:12 SELECT SQL : SELECT * FROM countries WHERE  active = '1'  
2017-08-02 10:04:12 SELECT SQL : SELECT * FROM identification WHERE  active = '1'  
2017-08-02 10:04:12 SELECT SQL : SELECT * FROM users WHERE  active = '1'  
2017-08-02 10:04:12 SELECT SQL : SELECT id,name,branchId,currency_id FROM accounts WHERE  active = '1' AND type_id = '1'  
2017-08-02 10:04:12 Balance Update Params :
Branch Id : 5
Account ID : 16
Amount : 0
2017-08-02 10:04:12 SELECT SQL : SELECT * FROM balances WHERE  branchId = '5' AND accountId = '16'  
2017-08-02 10:04:12 SELECT SQL : SELECT * FROM balances WHERE  branchId = '5' AND accountId = '16' AND date = '2017-08-02'  
2017-08-02 10:04:12 SELECT SQL : SELECT closingBalance FROM balances WHERE  branchId = '5' AND accountId = '16'  ORDER BY date DESC LIMIT 1
2017-08-02 10:04:12 INSERT SQL : INSERT INTO balances  (ts,branchId,accountId,openingBalance,closingBalance,date)  VALUES(NOW(),'5','16','170739','170739','2017-08-02')
2017-08-02 10:04:12 Balance Create Insert ID Today 2:23
 2017-08-02 10:04:12 Balance Update Params :
Branch Id : 6
Account ID : 20
Amount : 0
2017-08-02 10:04:12 SELECT SQL : SELECT * FROM balances WHERE  branchId = '6' AND accountId = '20'  
2017-08-02 10:04:12 Balance Update Params :
Branch Id : 6
Account ID : 21
Amount : 0
2017-08-02 10:04:12 SELECT SQL : SELECT * FROM balances WHERE  branchId = '6' AND accountId = '21'  
2017-08-02 10:04:12 SELECT SQL : SELECT * FROM balances WHERE  branchId = '6' AND accountId = '21' AND date = '2017-08-02'  
2017-08-02 10:04:12 SELECT SQL : SELECT closingBalance FROM balances WHERE  branchId = '6' AND accountId = '21'  ORDER BY date DESC LIMIT 1
2017-08-02 10:04:12 INSERT SQL : INSERT INTO balances  (ts,branchId,accountId,openingBalance,closingBalance,date)  VALUES(NOW(),'6','21','190247','190247','2017-08-02')
2017-08-02 10:04:12 Balance Create Insert ID Today 2:24
 2017-08-02 10:04:12 Balance Update Params :
Branch Id : 6
Account ID : 22
Amount : 0
2017-08-02 10:04:12 SELECT SQL : SELECT * FROM balances WHERE  branchId = '6' AND accountId = '22'  
2017-08-02 10:04:12 Balance Update Params :
Branch Id : 6
Account ID : 23
Amount : 0
2017-08-02 10:04:12 SELECT SQL : SELECT * FROM balances WHERE  branchId = '6' AND accountId = '23'  
2017-08-02 10:04:12 SELECT SQL : SELECT * FROM balances WHERE  branchId = '6' AND accountId = '23' AND date = '2017-08-02'  
2017-08-02 10:04:12 SELECT SQL : SELECT closingBalance FROM balances WHERE  branchId = '6' AND accountId = '23'  ORDER BY date DESC LIMIT 1
2017-08-02 10:04:12 INSERT SQL : INSERT INTO balances  (ts,branchId,accountId,openingBalance,closingBalance,date)  VALUES(NOW(),'6','23','102274518','102274518','2017-08-02')
2017-08-02 10:04:12 Balance Create Insert ID Today 2:25
 2017-08-02 10:04:12 Balance Update Params :
Branch Id : 6
Account ID : 24
Amount : 0
2017-08-02 10:04:12 SELECT SQL : SELECT * FROM balances WHERE  branchId = '6' AND accountId = '24'  
2017-08-02 10:04:12 Balance Update Params :
Branch Id : 11
Account ID : 27
Amount : 0
2017-08-02 10:04:12 SELECT SQL : SELECT * FROM balances WHERE  branchId = '11' AND accountId = '27'  
2017-08-02 10:04:12 Balance Update Params :
Branch Id : 11
Account ID : 28
Amount : 0
2017-08-02 10:04:12 SELECT SQL : SELECT * FROM balances WHERE  branchId = '11' AND accountId = '28'  
2017-08-02 10:04:12 Balance Update Params :
Branch Id : 12
Account ID : 33
Amount : 0
2017-08-02 10:04:12 SELECT SQL : SELECT * FROM balances WHERE  branchId = '12' AND accountId = '33'  
2017-08-02 10:04:12 SELECT SQL : SELECT * FROM balances WHERE  branchId = '12' AND accountId = '33' AND date = '2017-08-02'  
2017-08-02 10:04:12 SELECT SQL : SELECT closingBalance FROM balances WHERE  branchId = '12' AND accountId = '33'  ORDER BY date DESC LIMIT 1
2017-08-02 10:04:12 INSERT SQL : INSERT INTO balances  (ts,branchId,accountId,openingBalance,closingBalance,date)  VALUES(NOW(),'12','33','25154','25154','2017-08-02')
2017-08-02 10:04:12 Balance Create Insert ID Today 2:26
 2017-08-02 10:04:12 Balance Update Params :
Branch Id : 12
Account ID : 36
Amount : 0
2017-08-02 10:04:12 SELECT SQL : SELECT * FROM balances WHERE  branchId = '12' AND accountId = '36'  
2017-08-02 10:04:12 SELECT SQL : SELECT * FROM balances WHERE  branchId = '12' AND accountId = '36' AND date = '2017-08-02'  
2017-08-02 10:04:12 SELECT SQL : SELECT closingBalance FROM balances WHERE  branchId = '12' AND accountId = '36'  ORDER BY date DESC LIMIT 1
2017-08-02 10:04:12 INSERT SQL : INSERT INTO balances  (ts,branchId,accountId,openingBalance,closingBalance,date)  VALUES(NOW(),'12','36','7637','7637','2017-08-02')
2017-08-02 10:04:12 Balance Create Insert ID Today 2:27
 2017-08-02 10:04:12 Balance Update Params :
Branch Id : 7
Account ID : 37
Amount : 0
2017-08-02 10:04:12 SELECT SQL : SELECT * FROM balances WHERE  branchId = '7' AND accountId = '37'  
2017-08-02 10:04:12 SELECT SQL : SELECT * FROM balances WHERE  branchId = '7' AND accountId = '37' AND date = '2017-08-02'  
2017-08-02 10:04:12 SELECT SQL : SELECT closingBalance FROM balances WHERE  branchId = '7' AND accountId = '37'  ORDER BY date DESC LIMIT 1
2017-08-02 10:04:12 INSERT SQL : INSERT INTO balances  (ts,branchId,accountId,openingBalance,closingBalance,date)  VALUES(NOW(),'7','37','96158','96158','2017-08-02')
2017-08-02 10:04:12 Balance Create Insert ID Today 2:28
 2017-08-02 10:04:12 Balance Update Params :
Branch Id : 13
Account ID : 38
Amount : 0
2017-08-02 10:04:12 SELECT SQL : SELECT * FROM balances WHERE  branchId = '13' AND accountId = '38'  
2017-08-02 10:04:12 Balance Update Params :
Branch Id : 13
Account ID : 39
Amount : 0
2017-08-02 10:04:12 SELECT SQL : SELECT * FROM balances WHERE  branchId = '13' AND accountId = '39'  
2017-08-02 10:04:12 SELECT SQL : SELECT * FROM currencies WHERE  active = '1'  
2017-08-02 10:04:12 SELECT SQL : SELECT * FROM accounts WHERE  active = '1' AND type_id = '4'  
2017-08-02 10:04:12 SELECT SQL : SELECT * FROM account_types WHERE  active = '1'  
2017-08-02 10:04:12 SELECT SQL : SELECT * FROM user_types WHERE  active = '1'  
2017-08-02 10:04:12 Response : {"data":{"branches":[{"id":"5","name":"KINSHASHA","countryId":"4","location":"Patrice Avenue","supervisorId":"3","createdBy":"4","ts":"2017-06-30 00:06:55","active":"1"},{"id":"6","name":"OASIS MALL","countryId":"1","location":"Yusufu Lule Rd","supervisorId":"3","createdBy":"2","ts":"2017-06-30 00:12:08","active":"1"},{"id":"7","name":"GOMA","countryId":"4","location":"Goma","supervisorId":"3","createdBy":"1","ts":"2017-07-05 00:00:00","active":"1"},{"id":"9","name":"MOMBASA","countryId":"2","location":"Mombasa","supervisorId":"3","createdBy":"1","ts":"2017-07-05 00:00:00","active":"1"},{"id":"10","name":"DUBAI","countryId":"6","location":"Dubai","supervisorId":"3","createdBy":"1","ts":"2017-07-05 00:00:00","active":"1"},{"id":"11","name":"CHINA","countryId":"5","location":"China","supervisorId":"3","createdBy":"3","ts":"2017-07-05 13:23:17","active":"1"},{"id":"12","name":"NAIROBI","countryId":"2","location":"Nairobi","supervisorId":"3","createdBy":"3","ts":"2017-07-06 14:12:35","active":"1"},{"id":"13","name":"KAMPALA ROAD","countryId":"1","location":"kampala road","supervisorId":"3","createdBy":"3","ts":"2017-07-06 14:12:35","active":"1"}],"countries":[{"id":"1","name":"UGANDA","createdBy":"1","ts":"2017-06-25 23:13:31","active":"1"},{"id":"2","name":"KENYA","createdBy":"1","ts":"2017-06-26 09:02:45","active":"1"},{"id":"3","name":"TZ","createdBy":"1","ts":"2017-06-28 11:11:53","active":"1"},{"id":"4","name":"CONGO","createdBy":"1","ts":"2017-06-28 11:26:11","active":"1"},{"id":"5","name":"CHINA","createdBy":"1","ts":"2017-06-28 11:30:01","active":"1"},{"id":"6","name":"UAE","createdBy":"1","ts":"2017-07-05 00:00:00","active":"1"}],"ids":[[{"id":"1","name":"Passport","createdBy":"1","ts":"2017-06-28 14:00:01","active":"1"},{"id":"2","name":"National ID","createdBy":"1","ts":"2017-06-28 14:00:01","active":"1"},{"id":"3","name":"STUDENTS ID","createdBy":"1","ts":"2017-06-28 16:21:46","active":"1"}]],"users":[{"id":"1","firstName":"You","surname":"Jinshu","email":"hudsonbogere@swipeit.co.ug","phone":"256783131266","userName":"you","branchId":"0","userTypeId":"1","password":"$2y$10$pPGbhJ1RXx\/ug.ED3LnsQuKHJTqwYsa\/iF0OqGOgsjflkHKIDTLVq","sessionId":"","ipAddress":"41.75.173.102","createdBy":null,"ts":"2017-06-23 15:08:12","active":"1"},{"id":"2","firstName":"Nansubuga","surname":"Dorothy","email":"henry@gmail.com","phone":"256752284441","userName":"dorah","branchId":"12","userTypeId":"3","password":"$2y$10$F9t92sYKf2rDJ.JzCmrrT.Jt1Ix37Fuo.uZKpXPn69dgDUTZ8xLXi","sessionId":"","ipAddress":"105.231.196.253","createdBy":"1","ts":"2017-06-26 19:11:07","active":"1"},{"id":"3","firstName":"Lydia","surname":"Amoi","email":"islam@gmail.com","phone":"256777608310","userName":"lydia","branchId":"6","userTypeId":"2","password":"$2y$10$m72Zz8Z.h4\/Zp6TFDhmbXeQ79kZ7JJ2U0yLUanc0dDVxbc.5UPkRG","sessionId":"IYuFkvTHh5RbN5NYMDtmU0jca6HNa1W5","ipAddress":"41.75.173.62","createdBy":"1","ts":"2017-06-26 19:41:01","active":"1"},{"id":"4","firstName":"Nabukera","surname":"Maria","email":"banerd@tfb.com","phone":"256774457813","userName":"maria","branchId":"5","userTypeId":"5","password":"$2y$10$wTpUE\/WJFMfQaBglrQocTO9ndV6dbxL2vzFDEJZ1hpVVp4binpXGO","sessionId":"7eBNxC3NascFUgqL2sSMQb5k2fWMEXaJ","ipAddress":"197.157.211.83","createdBy":"1","ts":"2017-06-26 23:04:07","active":"1"},{"id":"5","firstName":"Henry","surname":"Bbosa","email":null,"phone":null,"userName":"Henry","branchId":"11","userTypeId":"3","password":"$2y$10$m72Zz8Z.h4\/Zp6TFDhmbXeQ79kZ7JJ2U0yLUanc0dDVxbc.5UPkRG","sessionId":"AkjEl2mQ2ff3mYds70qVEh1wGCOWmrsn","ipAddress":"160.242.137.6","createdBy":"1","ts":"2017-07-05 00:00:00","active":"1"},{"id":"6","firstName":"Edwin","surname":"Kakeeto","email":"edwin@edwin.com","phone":"0777777557","userName":"edwin","branchId":"7","userTypeId":"3","password":"$2y$10$wTpUE\/WJFMfQaBglrQocTO9ndV6dbxL2vzFDEJZ1hpVVp4binpXGO","sessionId":"KRX8Yh2iqId0EWTdOh43HSfBIE4fr5lp","ipAddress":"41.243.17.77","createdBy":"3","ts":"2017-07-10 07:37:50","active":"1"},{"id":"7","firstName":"Trish","surname":"Baby","email":"patricia@gmail.com","phone":"0777777557","userName":"trish","branchId":"13","userTypeId":"3","password":"$2y$10$m72Zz8Z.h4\/Zp6TFDhmbXeQ79kZ7JJ2U0yLUanc0dDVxbc.5UPkRG","sessionId":"k10XSropsYs2ikmovFMksbhRyqwut0dT","ipAddress":"160.242.137.6","createdBy":null,"ts":null,"active":"1"},{"id":"8","firstName":"cedric","surname":"cedric","email":"cedric@gmail.com","phone":"+256754813912","userName":"cedric","branchId":"7","userTypeId":"3","password":"$2y$10$m72Zz8Z.h4\/Zp6TFDhmbXeQ79kZ7JJ2U0yLUanc0dDVxbc.5UPkRG","sessionId":"","ipAddress":"160.242.141.153","createdBy":null,"ts":null,"active":"1"},{"id":"9","firstName":"Bravia","surname":"Muzira","email":"muzira@gmail.com","phone":"+256771889211","userName":"Braviah","branchId":"6","userTypeId":"3","password":"$2y$10$m72Zz8Z.h4\/Zp6TFDhmbXeQ79kZ7JJ2U0yLUanc0dDVxbc.5UPkRG","sessionId":"TRYLds7vSBteucLM5ABcqCX8rZHYmIY6","ipAddress":"41.210.154.98","createdBy":null,"ts":null,"active":"1"}],"accounts":[{"id":"16","name":"KINSHASHA-USD Account","branchId":"5","currency_id":"2"},{"id":"20","name":"OASIS MALL-RMB Account","branchId":"6","currency_id":"1"},{"id":"21","name":"OASIS MALL-USD Account","branchId":"6","currency_id":"2"},{"id":"22","name":"OASIS MALL-DIRHAM Account","branchId":"6","currency_id":"3"},{"id":"23","name":"OASIS MALL-UGX Account","branchId":"6","currency_id":"4"},{"id":"24","name":"OASIS MALL-KSH Account","branchId":"6","currency_id":"5"},{"id":"27","name":"CHINA-RMB Account","branchId":"11","currency_id":"1"},{"id":"28","name":"CHINA-USD Account","branchId":"11","currency_id":"2"},{"id":"33","name":"NAIROBI-USD Account","branchId":"12","currency_id":"2"},{"id":"36","name":"NAIROBI-KSH Account","branchId":"12","currency_id":"5"},{"id":"37","name":"GOMA-USD ACCOUNT","branchId":"7","currency_id":"2"},{"id":"38","name":"KAMPALA ROAD -USD ACCOUNT","branchId":"13","currency_id":"2"},{"id":"39","name":"KAMPALA ROAD- UGX ACCOUNT ","branchId":"13","currency_id":"4"}],"currencies":[{"id":"1","name":"RMB","symbol":"\u00c2\u00a5","createdBy":"1","ts":"2017-06-27 22:45:12","active":"1"},{"id":"2","name":"USD","symbol":"$","createdBy":"1","ts":"2017-06-27 22:45:12","active":"1"},{"id":"3","name":"DIRHAM","symbol":"","createdBy":"1","ts":"2017-06-28 11:40:09","active":"1"},{"id":"4","name":"UGX","symbol":"\/=","createdBy":"1","ts":"2017-06-28 11:46:50","active":"1"},{"id":"5","name":"KSH","symbol":"","createdBy":"1","ts":"2017-06-28 11:46:50","active":"1"}],"superaccount":[{"id":"1","name":"RMB Account","branchId":"0","type_id":"4","currency_id":"1","balance":"0","createdBy":"1","active":"1","ts":"2017-06-27 22:45:12"}],"accountTypes":[{"id":"1","type":"Transfer","description":"","createdBy":"1","ts":"2017-06-28 14:31:12","active":"1"},{"id":"2","type":"Suspense","description":"","createdBy":"1","ts":"2017-06-28 14:31:12","active":"1"},{"id":"4","type":"Super","description":"","createdBy":"1","ts":"2017-06-28 14:31:12","active":"1"}],"userTypes":[{"id":"1","name":"E-Value Admin","level":"1","ts":"2017-06-27 22:45:12","active":"1"},{"id":"2","name":"Super User","level":"2","ts":"2017-06-27 22:45:12","active":"1"},{"id":"3","name":"Agent","level":"3","ts":"2017-06-27 22:45:12","active":"1"},{"id":"4","name":"System Admin","level":"4","ts":"2017-06-27 22:45:12","active":"1"},{"id":"5","name":"superAgent","level":"3","ts":"2017-06-27 22:45:12","active":"1"}]},"success":1}
2017-08-02 10:08:27 ---- New Request ----
2017-08-02 10:08:27 Controller : Transfers
2017-08-02 10:08:27 Method : createtransferAction
2017-08-02 10:08:27 Controller File : controllers/Transfers.class.php, Exists
2017-08-02 10:08:27 Class constructed
2017-08-02 10:08:27 Class constructed
2017-08-02 10:08:27 Transfer Creation Params ;Amount :700000\currencyid : 2
Country : 0
Charge : 50000
sfname : 
ssurname : Jimmy
Account Number : 
semail : 
sphone : 0789898989
sidtype : 0
sid : 0
rfname : 
rsurname : James
remail : 
rphone : 0771889211
Receiver Branch : 0
passcode : 
password : ******
userid : 9
sessionid : TRYLds7vSBteucLM5ABcqCX8rZHYmIY6
Exchange Rate : 3600
AmountAfterXchange : 194.44444444444446
Charge Currency : 42017-08-02 10:08:27 SELECT SQL : SELECT * FROM settings WHERE  name = 'SuspenseAccount'  
2017-08-02 10:08:27 SELECT SQL : SELECT * FROM users WHERE  id = '9'  
2017-08-02 10:08:27 INSERT SQL : INSERT INTO transfers  (ts,userIdSource,amount,currency,destinationCountryId,toBranch,senderFname,senderSurname,senderEmail,senderPhone,senderIdType,senderId,receiverFname,receiverSurname,receiverEmail,receiverPhone,charge,fromBranch,passcode,status,sourceIpAddress)  VALUES(NOW(),'9','700000','2','0','0','','Jimmy','','0789898989','0','0','','James','','0771889211','50000','6','$2y$10$097Mc4I8weGXp.RIQz3ZNebiCq6MSoLjk64hExMyBYg1Y5yThMMoi','Pending','41.210.154.223')
2017-08-02 10:08:27 SELECT SQL : SELECT id,transferRef FROM transfers WHERE  id = '11'  
2017-08-02 10:08:27 INSERT SQL : INSERT INTO audit_trails  (ts,userId,tableName,recordId,field,oldValue,newValue)  VALUES(NOW(),'9','transfers','11','transferRef','','00600911')
2017-08-02 10:08:27 audit_trails Insert ID : 11
2017-08-02 10:08:27 UPDATE SQL : UPDATE transfers SET transferRef = '00600911' WHERE  id = '11' 
2017-08-02 10:08:27 SELECT SQL : SELECT id FROM accounts WHERE  branchId = '6' AND currency_id = '4'  
2017-08-02 10:08:27 INSERT SQL : INSERT INTO account_transfers  (ts,amountAfterXchange,amountB4Xchange,currencyB4Xchange,currencyAfterXchange,exchangeRate,charge,chargeCurrency,type,amount,fromId,toId,transferRef,userId)  VALUES(NOW(),'194.44444444444446','700000','4','2','3600','50000','4','transfer','700000','25','23','00600911','9')
2017-08-02 10:08:27 Balance Update Params :
Branch Id : 6
Account ID : 23
Amount : 700000
2017-08-02 10:08:27 SELECT SQL : SELECT * FROM balances WHERE  branchId = '6' AND accountId = '23'  
2017-08-02 10:08:27 SELECT SQL : SELECT * FROM balances WHERE  branchId = '6' AND accountId = '23' AND date = '2017-08-02'  
2017-08-02 10:08:27 UPDATE SQL : UPDATE balances SET closingBalance = '102974518' WHERE  branchId = '6' AND accountId = '23' AND date = '2017-08-02' 
2017-08-02 10:08:27 Balance Update Status 2:1
 2017-08-02 10:08:27 Balance Update Params :
Branch Id : 0
Account ID : 25
Amount : -700000
2017-08-02 10:08:27 SELECT SQL : SELECT * FROM balances WHERE  branchId = '0' AND accountId = '25'  
2017-08-02 10:08:27 SELECT SQL : SELECT * FROM balances WHERE  branchId = '0' AND accountId = '25' AND date = '2017-08-02'  
2017-08-02 10:08:27 SELECT SQL : SELECT closingBalance FROM balances WHERE  branchId = '0' AND accountId = '25'  ORDER BY date DESC LIMIT 1
2017-08-02 10:08:27 INSERT SQL : INSERT INTO balances  (ts,branchId,accountId,openingBalance,closingBalance,date)  VALUES(NOW(),'0','25','3853380','3853380','2017-08-02')
2017-08-02 10:08:27 Balance Create Insert ID Today 2:29
 2017-08-02 10:08:27 SELECT SQL : SELECT id FROM accounts WHERE  branchId = '6' AND currency_id = '4'  
2017-08-02 10:08:27 Balance Update Params :
Branch Id : 6
Account ID : 23
Amount : 50000
2017-08-02 10:08:27 SELECT SQL : SELECT * FROM balances WHERE  branchId = '6' AND accountId = '23'  
2017-08-02 10:08:27 SELECT SQL : SELECT * FROM balances WHERE  branchId = '6' AND accountId = '23' AND date = '2017-08-02'  
2017-08-02 10:08:27 UPDATE SQL : UPDATE balances SET closingBalance = '103024518' WHERE  branchId = '6' AND accountId = '23' AND date = '2017-08-02' 
2017-08-02 10:08:27 Balance Update Status 2:1
 2017-08-02 10:08:27 INSERT SQL : INSERT INTO account_transfers  (ts,type,amount,charge,fromId,toId,transferRef,userId,amountAfterXchange,amountB4Xchange)  VALUES(NOW(),'transfer','50000','0','25','23','0','9','50000','50000')
2017-08-02 10:08:27 SELECT SQL : SELECT * FROM transfers WHERE  fromBranch = '6'  OR toBranch = '6'  OR destinationCountryId = '0'  
2017-08-02 10:08:27 Response : {"success":1,"data":"00600911"}
2017-08-02 10:09:07 ---- New Request ----
2017-08-02 10:09:07 Controller : Users
2017-08-02 10:09:07 Method : logoutAction
2017-08-02 10:09:07 Controller File : controllers/Users.class.php, Exists
2017-08-02 10:09:07 Class constructed
2017-08-02 10:09:07 Logout Params ;Session ID :TRYLds7vSBteucLM5ABcqCX8rZHYmIY6\User ID : 9
2017-08-02 10:09:07 UPDATE SQL : UPDATE users SET sessionId = '',ipAddress = '41.210.154.223' WHERE  id = '9' 
2017-08-02 10:09:07 Response : {"success":1}
2017-08-02 10:09:27 ---- New Request ----
2017-08-02 10:09:27 Controller : Users
2017-08-02 10:09:27 Method : loginAction
2017-08-02 10:09:27 Controller File : controllers/Users.class.php, Exists
2017-08-02 10:09:27 Class constructed
2017-08-02 10:09:27 Login Params ;Username :Henry
Password : ******
2017-08-02 10:09:27 SELECT SQL : SELECT id,firstName,surname,userName,userTypeId,sessionId,password,active,branchId FROM users WHERE  userName = 'Henry'  
2017-08-02 10:09:27 SELECT SQL : SELECT name FROM branches WHERE  id = '11'  
2017-08-02 10:09:27 UPDATE SQL : UPDATE users SET sessionId = 'Fp4IBiLz8oxijDoEBYpOnCW3K5aqqEhh',ipAddress = '41.210.154.223' WHERE  id = '5' 
2017-08-02 10:09:27 Response : {"success":1,"data":{"id":"5","firstName":"Henry","surname":"Bbosa","userName":"Henry","userTypeId":"3","sessionId":"Fp4IBiLz8oxijDoEBYpOnCW3K5aqqEhh","branchId":"11","branchName":"CHINA"}}
2017-08-02 10:09:28 ---- New Request ----
2017-08-02 10:09:28 Controller : Users
2017-08-02 10:09:28 Method : formsdetailsAction
2017-08-02 10:09:28 Controller File : controllers/Users.class.php, Exists
2017-08-02 10:09:28 Class constructed
2017-08-02 10:09:28 Details Params :
SessionID :Fp4IBiLz8oxijDoEBYpOnCW3K5aqqEhh
User ID : 5
2017-08-02 10:09:28 SELECT SQL : SELECT * FROM branches WHERE  active = '1'  
2017-08-02 10:09:28 SELECT SQL : SELECT * FROM countries WHERE  active = '1'  
2017-08-02 10:09:28 SELECT SQL : SELECT * FROM identification WHERE  active = '1'  
2017-08-02 10:09:28 SELECT SQL : SELECT * FROM users WHERE  active = '1'  
2017-08-02 10:09:28 SELECT SQL : SELECT id,name,branchId,currency_id FROM accounts WHERE  active = '1' AND type_id = '1'  
2017-08-02 10:09:28 Balance Update Params :
Branch Id : 5
Account ID : 16
Amount : 0
2017-08-02 10:09:28 SELECT SQL : SELECT * FROM balances WHERE  branchId = '5' AND accountId = '16'  
2017-08-02 10:09:28 SELECT SQL : SELECT * FROM balances WHERE  branchId = '5' AND accountId = '16' AND date = '2017-08-02'  
2017-08-02 10:09:28 UPDATE SQL : UPDATE balances SET closingBalance = '170739' WHERE  branchId = '5' AND accountId = '16' AND date = '2017-08-02' 
2017-08-02 10:09:28 Balance Update Status 2:1
 2017-08-02 10:09:28 Balance Update Params :
Branch Id : 6
Account ID : 20
Amount : 0
2017-08-02 10:09:28 SELECT SQL : SELECT * FROM balances WHERE  branchId = '6' AND accountId = '20'  
2017-08-02 10:09:28 Balance Update Params :
Branch Id : 6
Account ID : 21
Amount : 0
2017-08-02 10:09:28 SELECT SQL : SELECT * FROM balances WHERE  branchId = '6' AND accountId = '21'  
2017-08-02 10:09:28 SELECT SQL : SELECT * FROM balances WHERE  branchId = '6' AND accountId = '21' AND date = '2017-08-02'  
2017-08-02 10:09:28 UPDATE SQL : UPDATE balances SET closingBalance = '190247' WHERE  branchId = '6' AND accountId = '21' AND date = '2017-08-02' 
2017-08-02 10:09:28 Balance Update Status 2:1
 2017-08-02 10:09:28 Balance Update Params :
Branch Id : 6
Account ID : 22
Amount : 0
2017-08-02 10:09:28 SELECT SQL : SELECT * FROM balances WHERE  branchId = '6' AND accountId = '22'  
2017-08-02 10:09:28 Balance Update Params :
Branch Id : 6
Account ID : 23
Amount : 0
2017-08-02 10:09:28 SELECT SQL : SELECT * FROM balances WHERE  branchId = '6' AND accountId = '23'  
2017-08-02 10:09:28 SELECT SQL : SELECT * FROM balances WHERE  branchId = '6' AND accountId = '23' AND date = '2017-08-02'  
2017-08-02 10:09:28 UPDATE SQL : UPDATE balances SET closingBalance = '103024518' WHERE  branchId = '6' AND accountId = '23' AND date = '2017-08-02' 
2017-08-02 10:09:28 Balance Update Status 2:1
 2017-08-02 10:09:28 Balance Update Params :
Branch Id : 6
Account ID : 24
Amount : 0
2017-08-02 10:09:28 SELECT SQL : SELECT * FROM balances WHERE  branchId = '6' AND accountId = '24'  
2017-08-02 10:09:28 Balance Update Params :
Branch Id : 11
Account ID : 27
Amount : 0
2017-08-02 10:09:28 SELECT SQL : SELECT * FROM balances WHERE  branchId = '11' AND accountId = '27'  
2017-08-02 10:09:28 Balance Update Params :
Branch Id : 11
Account ID : 28
Amount : 0
2017-08-02 10:09:28 SELECT SQL : SELECT * FROM balances WHERE  branchId = '11' AND accountId = '28'  
2017-08-02 10:09:28 Balance Update Params :
Branch Id : 12
Account ID : 33
Amount : 0
2017-08-02 10:09:28 SELECT SQL : SELECT * FROM balances WHERE  branchId = '12' AND accountId = '33'  
2017-08-02 10:09:28 SELECT SQL : SELECT * FROM balances WHERE  branchId = '12' AND accountId = '33' AND date = '2017-08-02'  
2017-08-02 10:09:28 UPDATE SQL : UPDATE balances SET closingBalance = '25154' WHERE  branchId = '12' AND accountId = '33' AND date = '2017-08-02' 
2017-08-02 10:09:28 Balance Update Status 2:1
 2017-08-02 10:09:28 Balance Update Params :
Branch Id : 12
Account ID : 36
Amount : 0
2017-08-02 10:09:28 SELECT SQL : SELECT * FROM balances WHERE  branchId = '12' AND accountId = '36'  
2017-08-02 10:09:28 SELECT SQL : SELECT * FROM balances WHERE  branchId = '12' AND accountId = '36' AND date = '2017-08-02'  
2017-08-02 10:09:28 UPDATE SQL : UPDATE balances SET closingBalance = '7637' WHERE  branchId = '12' AND accountId = '36' AND date = '2017-08-02' 
2017-08-02 10:09:28 Balance Update Status 2:1
 2017-08-02 10:09:28 Balance Update Params :
Branch Id : 7
Account ID : 37
Amount : 0
2017-08-02 10:09:28 SELECT SQL : SELECT * FROM balances WHERE  branchId = '7' AND accountId = '37'  
2017-08-02 10:09:28 SELECT SQL : SELECT * FROM balances WHERE  branchId = '7' AND accountId = '37' AND date = '2017-08-02'  
2017-08-02 10:09:28 UPDATE SQL : UPDATE balances SET closingBalance = '96158' WHERE  branchId = '7' AND accountId = '37' AND date = '2017-08-02' 
2017-08-02 10:09:28 Balance Update Status 2:1
 2017-08-02 10:09:28 Balance Update Params :
Branch Id : 13
Account ID : 38
Amount : 0
2017-08-02 10:09:28 SELECT SQL : SELECT * FROM balances WHERE  branchId = '13' AND accountId = '38'  
2017-08-02 10:09:28 Balance Update Params :
Branch Id : 13
Account ID : 39
Amount : 0
2017-08-02 10:09:28 SELECT SQL : SELECT * FROM balances WHERE  branchId = '13' AND accountId = '39'  
2017-08-02 10:09:28 SELECT SQL : SELECT * FROM currencies WHERE  active = '1'  
2017-08-02 10:09:28 SELECT SQL : SELECT * FROM accounts WHERE  active = '1' AND type_id = '4'  
2017-08-02 10:09:28 SELECT SQL : SELECT * FROM account_types WHERE  active = '1'  
2017-08-02 10:09:28 SELECT SQL : SELECT * FROM user_types WHERE  active = '1'  
2017-08-02 10:09:28 Response : {"data":{"branches":[{"id":"5","name":"KINSHASHA","countryId":"4","location":"Patrice Avenue","supervisorId":"3","createdBy":"4","ts":"2017-06-30 00:06:55","active":"1"},{"id":"6","name":"OASIS MALL","countryId":"1","location":"Yusufu Lule Rd","supervisorId":"3","createdBy":"2","ts":"2017-06-30 00:12:08","active":"1"},{"id":"7","name":"GOMA","countryId":"4","location":"Goma","supervisorId":"3","createdBy":"1","ts":"2017-07-05 00:00:00","active":"1"},{"id":"9","name":"MOMBASA","countryId":"2","location":"Mombasa","supervisorId":"3","createdBy":"1","ts":"2017-07-05 00:00:00","active":"1"},{"id":"10","name":"DUBAI","countryId":"6","location":"Dubai","supervisorId":"3","createdBy":"1","ts":"2017-07-05 00:00:00","active":"1"},{"id":"11","name":"CHINA","countryId":"5","location":"China","supervisorId":"3","createdBy":"3","ts":"2017-07-05 13:23:17","active":"1"},{"id":"12","name":"NAIROBI","countryId":"2","location":"Nairobi","supervisorId":"3","createdBy":"3","ts":"2017-07-06 14:12:35","active":"1"},{"id":"13","name":"KAMPALA ROAD","countryId":"1","location":"kampala road","supervisorId":"3","createdBy":"3","ts":"2017-07-06 14:12:35","active":"1"}],"countries":[{"id":"1","name":"UGANDA","createdBy":"1","ts":"2017-06-25 23:13:31","active":"1"},{"id":"2","name":"KENYA","createdBy":"1","ts":"2017-06-26 09:02:45","active":"1"},{"id":"3","name":"TZ","createdBy":"1","ts":"2017-06-28 11:11:53","active":"1"},{"id":"4","name":"CONGO","createdBy":"1","ts":"2017-06-28 11:26:11","active":"1"},{"id":"5","name":"CHINA","createdBy":"1","ts":"2017-06-28 11:30:01","active":"1"},{"id":"6","name":"UAE","createdBy":"1","ts":"2017-07-05 00:00:00","active":"1"}],"ids":[[{"id":"1","name":"Passport","createdBy":"1","ts":"2017-06-28 14:00:01","active":"1"},{"id":"2","name":"National ID","createdBy":"1","ts":"2017-06-28 14:00:01","active":"1"},{"id":"3","name":"STUDENTS ID","createdBy":"1","ts":"2017-06-28 16:21:46","active":"1"}]],"users":[{"id":"1","firstName":"You","surname":"Jinshu","email":"hudsonbogere@swipeit.co.ug","phone":"256783131266","userName":"you","branchId":"0","userTypeId":"1","password":"$2y$10$pPGbhJ1RXx\/ug.ED3LnsQuKHJTqwYsa\/iF0OqGOgsjflkHKIDTLVq","sessionId":"","ipAddress":"41.75.173.102","createdBy":null,"ts":"2017-06-23 15:08:12","active":"1"},{"id":"2","firstName":"Nansubuga","surname":"Dorothy","email":"henry@gmail.com","phone":"256752284441","userName":"dorah","branchId":"12","userTypeId":"3","password":"$2y$10$F9t92sYKf2rDJ.JzCmrrT.Jt1Ix37Fuo.uZKpXPn69dgDUTZ8xLXi","sessionId":"","ipAddress":"105.231.196.253","createdBy":"1","ts":"2017-06-26 19:11:07","active":"1"},{"id":"3","firstName":"Lydia","surname":"Amoi","email":"islam@gmail.com","phone":"256777608310","userName":"lydia","branchId":"6","userTypeId":"2","password":"$2y$10$m72Zz8Z.h4\/Zp6TFDhmbXeQ79kZ7JJ2U0yLUanc0dDVxbc.5UPkRG","sessionId":"IYuFkvTHh5RbN5NYMDtmU0jca6HNa1W5","ipAddress":"41.75.173.62","createdBy":"1","ts":"2017-06-26 19:41:01","active":"1"},{"id":"4","firstName":"Nabukera","surname":"Maria","email":"banerd@tfb.com","phone":"256774457813","userName":"maria","branchId":"5","userTypeId":"5","password":"$2y$10$wTpUE\/WJFMfQaBglrQocTO9ndV6dbxL2vzFDEJZ1hpVVp4binpXGO","sessionId":"7eBNxC3NascFUgqL2sSMQb5k2fWMEXaJ","ipAddress":"197.157.211.83","createdBy":"1","ts":"2017-06-26 23:04:07","active":"1"},{"id":"5","firstName":"Henry","surname":"Bbosa","email":null,"phone":null,"userName":"Henry","branchId":"11","userTypeId":"3","password":"$2y$10$m72Zz8Z.h4\/Zp6TFDhmbXeQ79kZ7JJ2U0yLUanc0dDVxbc.5UPkRG","sessionId":"Fp4IBiLz8oxijDoEBYpOnCW3K5aqqEhh","ipAddress":"41.210.154.223","createdBy":"1","ts":"2017-07-05 00:00:00","active":"1"},{"id":"6","firstName":"Edwin","surname":"Kakeeto","email":"edwin@edwin.com","phone":"0777777557","userName":"edwin","branchId":"7","userTypeId":"3","password":"$2y$10$wTpUE\/WJFMfQaBglrQocTO9ndV6dbxL2vzFDEJZ1hpVVp4binpXGO","sessionId":"KRX8Yh2iqId0EWTdOh43HSfBIE4fr5lp","ipAddress":"41.243.17.77","createdBy":"3","ts":"2017-07-10 07:37:50","active":"1"},{"id":"7","firstName":"Trish","surname":"Baby","email":"patricia@gmail.com","phone":"0777777557","userName":"trish","branchId":"13","userTypeId":"3","password":"$2y$10$m72Zz8Z.h4\/Zp6TFDhmbXeQ79kZ7JJ2U0yLUanc0dDVxbc.5UPkRG","sessionId":"k10XSropsYs2ikmovFMksbhRyqwut0dT","ipAddress":"160.242.137.6","createdBy":null,"ts":null,"active":"1"},{"id":"8","firstName":"cedric","surname":"cedric","email":"cedric@gmail.com","phone":"+256754813912","userName":"cedric","branchId":"7","userTypeId":"3","password":"$2y$10$m72Zz8Z.h4\/Zp6TFDhmbXeQ79kZ7JJ2U0yLUanc0dDVxbc.5UPkRG","sessionId":"","ipAddress":"160.242.141.153","createdBy":null,"ts":null,"active":"1"},{"id":"9","firstName":"Bravia","surname":"Muzira","email":"muzira@gmail.com","phone":"+256771889211","userName":"Braviah","branchId":"6","userTypeId":"3","password":"$2y$10$m72Zz8Z.h4\/Zp6TFDhmbXeQ79kZ7JJ2U0yLUanc0dDVxbc.5UPkRG","sessionId":"","ipAddress":"41.210.154.223","createdBy":null,"ts":null,"active":"1"}],"accounts":[{"id":"16","name":"KINSHASHA-USD Account","branchId":"5","currency_id":"2"},{"id":"20","name":"OASIS MALL-RMB Account","branchId":"6","currency_id":"1"},{"id":"21","name":"OASIS MALL-USD Account","branchId":"6","currency_id":"2"},{"id":"22","name":"OASIS MALL-DIRHAM Account","branchId":"6","currency_id":"3"},{"id":"23","name":"OASIS MALL-UGX Account","branchId":"6","currency_id":"4"},{"id":"24","name":"OASIS MALL-KSH Account","branchId":"6","currency_id":"5"},{"id":"27","name":"CHINA-RMB Account","branchId":"11","currency_id":"1"},{"id":"28","name":"CHINA-USD Account","branchId":"11","currency_id":"2"},{"id":"33","name":"NAIROBI-USD Account","branchId":"12","currency_id":"2"},{"id":"36","name":"NAIROBI-KSH Account","branchId":"12","currency_id":"5"},{"id":"37","name":"GOMA-USD ACCOUNT","branchId":"7","currency_id":"2"},{"id":"38","name":"KAMPALA ROAD -USD ACCOUNT","branchId":"13","currency_id":"2"},{"id":"39","name":"KAMPALA ROAD- UGX ACCOUNT ","branchId":"13","currency_id":"4"}],"currencies":[{"id":"1","name":"RMB","symbol":"\u00c2\u00a5","createdBy":"1","ts":"2017-06-27 22:45:12","active":"1"},{"id":"2","name":"USD","symbol":"$","createdBy":"1","ts":"2017-06-27 22:45:12","active":"1"},{"id":"3","name":"DIRHAM","symbol":"","createdBy":"1","ts":"2017-06-28 11:40:09","active":"1"},{"id":"4","name":"UGX","symbol":"\/=","createdBy":"1","ts":"2017-06-28 11:46:50","active":"1"},{"id":"5","name":"KSH","symbol":"","createdBy":"1","ts":"2017-06-28 11:46:50","active":"1"}],"superaccount":[{"id":"1","name":"RMB Account","branchId":"0","type_id":"4","currency_id":"1","balance":"0","createdBy":"1","active":"1","ts":"2017-06-27 22:45:12"}],"accountTypes":[{"id":"1","type":"Transfer","description":"","createdBy":"1","ts":"2017-06-28 14:31:12","active":"1"},{"id":"2","type":"Suspense","description":"","createdBy":"1","ts":"2017-06-28 14:31:12","active":"1"},{"id":"4","type":"Super","description":"","createdBy":"1","ts":"2017-06-28 14:31:12","active":"1"}],"userTypes":[{"id":"1","name":"E-Value Admin","level":"1","ts":"2017-06-27 22:45:12","active":"1"},{"id":"2","name":"Super User","level":"2","ts":"2017-06-27 22:45:12","active":"1"},{"id":"3","name":"Agent","level":"3","ts":"2017-06-27 22:45:12","active":"1"},{"id":"4","name":"System Admin","level":"4","ts":"2017-06-27 22:45:12","active":"1"},{"id":"5","name":"superAgent","level":"3","ts":"2017-06-27 22:45:12","active":"1"}]},"success":1}
2017-08-02 10:09:46 ---- New Request ----
2017-08-02 10:09:46 Controller : Transfers
2017-08-02 10:09:46 Method : transfercashoutAction
2017-08-02 10:09:46 Controller File : controllers/Transfers.class.php, Exists
2017-08-02 10:09:46 Class constructed
2017-08-02 10:09:46 Class constructed
2017-08-02 10:09:46 Passcode : ******
Transaction Ref : 00600911
UserID : 5
Session ID : Fp4IBiLz8oxijDoEBYpOnCW3K5aqqEhh
2017-08-02 10:09:46 SELECT SQL : SELECT sessionId FROM users WHERE  id = '5'  
2017-08-02 10:09:46 SELECT SQL : SELECT * FROM transfers WHERE  transferRef = '00600911'  
2017-08-02 10:09:46 Response : {"success":0,"errormsg":"Sorry your request failed. Reason : Invalid Passcode"}
2017-08-02 10:10:02 ---- New Request ----
2017-08-02 10:10:02 Controller : Transfers
2017-08-02 10:10:02 Method : transfercashoutAction
2017-08-02 10:10:02 Controller File : controllers/Transfers.class.php, Exists
2017-08-02 10:10:02 Class constructed
2017-08-02 10:10:02 Class constructed
2017-08-02 10:10:02 Passcode : ******
Transaction Ref : 00600911
UserID : 5
Session ID : Fp4IBiLz8oxijDoEBYpOnCW3K5aqqEhh
2017-08-02 10:10:02 SELECT SQL : SELECT sessionId FROM users WHERE  id = '5'  
2017-08-02 10:10:02 SELECT SQL : SELECT * FROM transfers WHERE  transferRef = '00600911'  
2017-08-02 10:10:02 Response : {"success":0,"errormsg":"Sorry your request failed. Reason : Invalid Passcode"}
2017-08-02 10:10:32 ---- New Request ----
2017-08-02 10:10:32 Controller : Transfers
2017-08-02 10:10:32 Method : transfercashoutAction
2017-08-02 10:10:32 Controller File : controllers/Transfers.class.php, Exists
2017-08-02 10:10:32 Class constructed
2017-08-02 10:10:32 Class constructed
2017-08-02 10:10:32 Passcode : ******
Transaction Ref : 00600911
UserID : 5
Session ID : Fp4IBiLz8oxijDoEBYpOnCW3K5aqqEhh
2017-08-02 10:10:32 SELECT SQL : SELECT sessionId FROM users WHERE  id = '5'  
2017-08-02 10:10:32 SELECT SQL : SELECT * FROM transfers WHERE  transferRef = '00600911'  
2017-08-02 10:10:32 Response : {"success":0,"errormsg":"Sorry your request failed. Reason : Invalid Passcode"}
2017-08-02 10:10:32 ---- New Request ----
2017-08-02 10:10:32 Controller : Transfers
2017-08-02 10:10:32 Method : transfercashoutAction
2017-08-02 10:10:32 Controller File : controllers/Transfers.class.php, Exists
2017-08-02 10:10:32 Class constructed
2017-08-02 10:10:32 Class constructed
2017-08-02 10:10:32 Passcode : ******
Transaction Ref : 00600911
UserID : 5
Session ID : Fp4IBiLz8oxijDoEBYpOnCW3K5aqqEhh
2017-08-02 10:10:32 SELECT SQL : SELECT sessionId FROM users WHERE  id = '5'  
2017-08-02 10:10:32 SELECT SQL : SELECT * FROM transfers WHERE  transferRef = '00600911'  
2017-08-02 10:10:32 Response : {"success":0,"errormsg":"Sorry your request failed. Reason : Invalid Passcode"}
2017-08-02 10:10:36 ---- New Request ----
2017-08-02 10:10:36 Controller : Transfers
2017-08-02 10:10:36 Method : transfercashoutAction
2017-08-02 10:10:36 Controller File : controllers/Transfers.class.php, Exists
2017-08-02 10:10:36 Class constructed
2017-08-02 10:10:36 Class constructed
2017-08-02 10:10:36 Passcode : ******
Transaction Ref : 00600911
UserID : 5
Session ID : Fp4IBiLz8oxijDoEBYpOnCW3K5aqqEhh
2017-08-02 10:10:36 SELECT SQL : SELECT sessionId FROM users WHERE  id = '5'  
2017-08-02 10:10:36 SELECT SQL : SELECT * FROM transfers WHERE  transferRef = '00600911'  
2017-08-02 10:10:36 Response : {"success":0,"errormsg":"Sorry your request failed. Reason : Invalid Passcode"}
2017-08-02 10:10:41 ---- New Request ----
2017-08-02 10:10:41 Controller : Users
2017-08-02 10:10:41 Method : logoutAction
2017-08-02 10:10:41 Controller File : controllers/Users.class.php, Exists
2017-08-02 10:10:41 Class constructed
2017-08-02 10:10:41 Logout Params ;Session ID :Fp4IBiLz8oxijDoEBYpOnCW3K5aqqEhh\User ID : 5
2017-08-02 10:10:41 UPDATE SQL : UPDATE users SET sessionId = '',ipAddress = '41.210.154.223' WHERE  id = '5' 
2017-08-02 10:10:41 Response : {"success":1}
2017-08-02 10:11:13 ---- New Request ----
2017-08-02 10:11:13 Controller : Users
2017-08-02 10:11:13 Method : loginAction
2017-08-02 10:11:13 Controller File : controllers/Users.class.php, Exists
2017-08-02 10:11:13 Class constructed
2017-08-02 10:11:13 Login Params ;Username :Braviah
Password : ******
2017-08-02 10:11:13 SELECT SQL : SELECT id,firstName,surname,userName,userTypeId,sessionId,password,active,branchId FROM users WHERE  userName = 'Braviah'  
2017-08-02 10:11:13 SELECT SQL : SELECT name FROM branches WHERE  id = '6'  
2017-08-02 10:11:13 UPDATE SQL : UPDATE users SET sessionId = 'CNHdx868gWwwaWl34QWYmNGxDsy1g0Dy',ipAddress = '41.210.154.223' WHERE  id = '9' 
2017-08-02 10:11:13 Response : {"success":1,"data":{"id":"9","firstName":"Bravia","surname":"Muzira","userName":"Braviah","userTypeId":"3","sessionId":"CNHdx868gWwwaWl34QWYmNGxDsy1g0Dy","branchId":"6","branchName":"OASIS MALL"}}
2017-08-02 10:11:14 ---- New Request ----
2017-08-02 10:11:14 Controller : Users
2017-08-02 10:11:14 Method : formsdetailsAction
2017-08-02 10:11:14 Controller File : controllers/Users.class.php, Exists
2017-08-02 10:11:14 Class constructed
2017-08-02 10:11:14 Details Params :
SessionID :CNHdx868gWwwaWl34QWYmNGxDsy1g0Dy
User ID : 9
2017-08-02 10:11:14 SELECT SQL : SELECT * FROM branches WHERE  active = '1'  
2017-08-02 10:11:14 SELECT SQL : SELECT * FROM countries WHERE  active = '1'  
2017-08-02 10:11:14 SELECT SQL : SELECT * FROM identification WHERE  active = '1'  
2017-08-02 10:11:14 SELECT SQL : SELECT * FROM users WHERE  active = '1'  
2017-08-02 10:11:14 SELECT SQL : SELECT id,name,branchId,currency_id FROM accounts WHERE  active = '1' AND type_id = '1'  
2017-08-02 10:11:14 Balance Update Params :
Branch Id : 5
Account ID : 16
Amount : 0
2017-08-02 10:11:14 SELECT SQL : SELECT * FROM balances WHERE  branchId = '5' AND accountId = '16'  
2017-08-02 10:11:14 SELECT SQL : SELECT * FROM balances WHERE  branchId = '5' AND accountId = '16' AND date = '2017-08-02'  
2017-08-02 10:11:14 UPDATE SQL : UPDATE balances SET closingBalance = '170739' WHERE  branchId = '5' AND accountId = '16' AND date = '2017-08-02' 
2017-08-02 10:11:14 Balance Update Status 2:1
 2017-08-02 10:11:14 Balance Update Params :
Branch Id : 6
Account ID : 20
Amount : 0
2017-08-02 10:11:14 SELECT SQL : SELECT * FROM balances WHERE  branchId = '6' AND accountId = '20'  
2017-08-02 10:11:14 Balance Update Params :
Branch Id : 6
Account ID : 21
Amount : 0
2017-08-02 10:11:14 SELECT SQL : SELECT * FROM balances WHERE  branchId = '6' AND accountId = '21'  
2017-08-02 10:11:14 SELECT SQL : SELECT * FROM balances WHERE  branchId = '6' AND accountId = '21' AND date = '2017-08-02'  
2017-08-02 10:11:14 UPDATE SQL : UPDATE balances SET closingBalance = '190247' WHERE  branchId = '6' AND accountId = '21' AND date = '2017-08-02' 
2017-08-02 10:11:14 Balance Update Status 2:1
 2017-08-02 10:11:14 Balance Update Params :
Branch Id : 6
Account ID : 22
Amount : 0
2017-08-02 10:11:14 SELECT SQL : SELECT * FROM balances WHERE  branchId = '6' AND accountId = '22'  
2017-08-02 10:11:14 Balance Update Params :
Branch Id : 6
Account ID : 23
Amount : 0
2017-08-02 10:11:14 SELECT SQL : SELECT * FROM balances WHERE  branchId = '6' AND accountId = '23'  
2017-08-02 10:11:14 SELECT SQL : SELECT * FROM balances WHERE  branchId = '6' AND accountId = '23' AND date = '2017-08-02'  
2017-08-02 10:11:14 UPDATE SQL : UPDATE balances SET closingBalance = '103024518' WHERE  branchId = '6' AND accountId = '23' AND date = '2017-08-02' 
2017-08-02 10:11:14 Balance Update Status 2:1
 2017-08-02 10:11:14 Balance Update Params :
Branch Id : 6
Account ID : 24
Amount : 0
2017-08-02 10:11:14 SELECT SQL : SELECT * FROM balances WHERE  branchId = '6' AND accountId = '24'  
2017-08-02 10:11:14 Balance Update Params :
Branch Id : 11
Account ID : 27
Amount : 0
2017-08-02 10:11:14 SELECT SQL : SELECT * FROM balances WHERE  branchId = '11' AND accountId = '27'  
2017-08-02 10:11:14 Balance Update Params :
Branch Id : 11
Account ID : 28
Amount : 0
2017-08-02 10:11:14 SELECT SQL : SELECT * FROM balances WHERE  branchId = '11' AND accountId = '28'  
2017-08-02 10:11:14 Balance Update Params :
Branch Id : 12
Account ID : 33
Amount : 0
2017-08-02 10:11:14 SELECT SQL : SELECT * FROM balances WHERE  branchId = '12' AND accountId = '33'  
2017-08-02 10:11:14 SELECT SQL : SELECT * FROM balances WHERE  branchId = '12' AND accountId = '33' AND date = '2017-08-02'  
2017-08-02 10:11:14 UPDATE SQL : UPDATE balances SET closingBalance = '25154' WHERE  branchId = '12' AND accountId = '33' AND date = '2017-08-02' 
2017-08-02 10:11:14 Balance Update Status 2:1
 2017-08-02 10:11:14 Balance Update Params :
Branch Id : 12
Account ID : 36
Amount : 0
2017-08-02 10:11:14 SELECT SQL : SELECT * FROM balances WHERE  branchId = '12' AND accountId = '36'  
2017-08-02 10:11:14 SELECT SQL : SELECT * FROM balances WHERE  branchId = '12' AND accountId = '36' AND date = '2017-08-02'  
2017-08-02 10:11:14 UPDATE SQL : UPDATE balances SET closingBalance = '7637' WHERE  branchId = '12' AND accountId = '36' AND date = '2017-08-02' 
2017-08-02 10:11:14 Balance Update Status 2:1
 2017-08-02 10:11:14 Balance Update Params :
Branch Id : 7
Account ID : 37
Amount : 0
2017-08-02 10:11:14 SELECT SQL : SELECT * FROM balances WHERE  branchId = '7' AND accountId = '37'  
2017-08-02 10:11:14 SELECT SQL : SELECT * FROM balances WHERE  branchId = '7' AND accountId = '37' AND date = '2017-08-02'  
2017-08-02 10:11:14 UPDATE SQL : UPDATE balances SET closingBalance = '96158' WHERE  branchId = '7' AND accountId = '37' AND date = '2017-08-02' 
2017-08-02 10:11:14 Balance Update Status 2:1
 2017-08-02 10:11:14 Balance Update Params :
Branch Id : 13
Account ID : 38
Amount : 0
2017-08-02 10:11:14 SELECT SQL : SELECT * FROM balances WHERE  branchId = '13' AND accountId = '38'  
2017-08-02 10:11:14 Balance Update Params :
Branch Id : 13
Account ID : 39
Amount : 0
2017-08-02 10:11:14 SELECT SQL : SELECT * FROM balances WHERE  branchId = '13' AND accountId = '39'  
2017-08-02 10:11:14 SELECT SQL : SELECT * FROM currencies WHERE  active = '1'  
2017-08-02 10:11:14 SELECT SQL : SELECT * FROM accounts WHERE  active = '1' AND type_id = '4'  
2017-08-02 10:11:14 SELECT SQL : SELECT * FROM account_types WHERE  active = '1'  
2017-08-02 10:11:14 SELECT SQL : SELECT * FROM user_types WHERE  active = '1'  
2017-08-02 10:11:14 Response : {"data":{"branches":[{"id":"5","name":"KINSHASHA","countryId":"4","location":"Patrice Avenue","supervisorId":"3","createdBy":"4","ts":"2017-06-30 00:06:55","active":"1"},{"id":"6","name":"OASIS MALL","countryId":"1","location":"Yusufu Lule Rd","supervisorId":"3","createdBy":"2","ts":"2017-06-30 00:12:08","active":"1"},{"id":"7","name":"GOMA","countryId":"4","location":"Goma","supervisorId":"3","createdBy":"1","ts":"2017-07-05 00:00:00","active":"1"},{"id":"9","name":"MOMBASA","countryId":"2","location":"Mombasa","supervisorId":"3","createdBy":"1","ts":"2017-07-05 00:00:00","active":"1"},{"id":"10","name":"DUBAI","countryId":"6","location":"Dubai","supervisorId":"3","createdBy":"1","ts":"2017-07-05 00:00:00","active":"1"},{"id":"11","name":"CHINA","countryId":"5","location":"China","supervisorId":"3","createdBy":"3","ts":"2017-07-05 13:23:17","active":"1"},{"id":"12","name":"NAIROBI","countryId":"2","location":"Nairobi","supervisorId":"3","createdBy":"3","ts":"2017-07-06 14:12:35","active":"1"},{"id":"13","name":"KAMPALA ROAD","countryId":"1","location":"kampala road","supervisorId":"3","createdBy":"3","ts":"2017-07-06 14:12:35","active":"1"}],"countries":[{"id":"1","name":"UGANDA","createdBy":"1","ts":"2017-06-25 23:13:31","active":"1"},{"id":"2","name":"KENYA","createdBy":"1","ts":"2017-06-26 09:02:45","active":"1"},{"id":"3","name":"TZ","createdBy":"1","ts":"2017-06-28 11:11:53","active":"1"},{"id":"4","name":"CONGO","createdBy":"1","ts":"2017-06-28 11:26:11","active":"1"},{"id":"5","name":"CHINA","createdBy":"1","ts":"2017-06-28 11:30:01","active":"1"},{"id":"6","name":"UAE","createdBy":"1","ts":"2017-07-05 00:00:00","active":"1"}],"ids":[[{"id":"1","name":"Passport","createdBy":"1","ts":"2017-06-28 14:00:01","active":"1"},{"id":"2","name":"National ID","createdBy":"1","ts":"2017-06-28 14:00:01","active":"1"},{"id":"3","name":"STUDENTS ID","createdBy":"1","ts":"2017-06-28 16:21:46","active":"1"}]],"users":[{"id":"1","firstName":"You","surname":"Jinshu","email":"hudsonbogere@swipeit.co.ug","phone":"256783131266","userName":"you","branchId":"0","userTypeId":"1","password":"$2y$10$pPGbhJ1RXx\/ug.ED3LnsQuKHJTqwYsa\/iF0OqGOgsjflkHKIDTLVq","sessionId":"","ipAddress":"41.75.173.102","createdBy":null,"ts":"2017-06-23 15:08:12","active":"1"},{"id":"2","firstName":"Nansubuga","surname":"Dorothy","email":"henry@gmail.com","phone":"256752284441","userName":"dorah","branchId":"12","userTypeId":"3","password":"$2y$10$F9t92sYKf2rDJ.JzCmrrT.Jt1Ix37Fuo.uZKpXPn69dgDUTZ8xLXi","sessionId":"","ipAddress":"105.231.196.253","createdBy":"1","ts":"2017-06-26 19:11:07","active":"1"},{"id":"3","firstName":"Lydia","surname":"Amoi","email":"islam@gmail.com","phone":"256777608310","userName":"lydia","branchId":"6","userTypeId":"2","password":"$2y$10$m72Zz8Z.h4\/Zp6TFDhmbXeQ79kZ7JJ2U0yLUanc0dDVxbc.5UPkRG","sessionId":"IYuFkvTHh5RbN5NYMDtmU0jca6HNa1W5","ipAddress":"41.75.173.62","createdBy":"1","ts":"2017-06-26 19:41:01","active":"1"},{"id":"4","firstName":"Nabukera","surname":"Maria","email":"banerd@tfb.com","phone":"256774457813","userName":"maria","branchId":"5","userTypeId":"5","password":"$2y$10$wTpUE\/WJFMfQaBglrQocTO9ndV6dbxL2vzFDEJZ1hpVVp4binpXGO","sessionId":"7eBNxC3NascFUgqL2sSMQb5k2fWMEXaJ","ipAddress":"197.157.211.83","createdBy":"1","ts":"2017-06-26 23:04:07","active":"1"},{"id":"5","firstName":"Henry","surname":"Bbosa","email":null,"phone":null,"userName":"Henry","branchId":"11","userTypeId":"3","password":"$2y$10$m72Zz8Z.h4\/Zp6TFDhmbXeQ79kZ7JJ2U0yLUanc0dDVxbc.5UPkRG","sessionId":"","ipAddress":"41.210.154.223","createdBy":"1","ts":"2017-07-05 00:00:00","active":"1"},{"id":"6","firstName":"Edwin","surname":"Kakeeto","email":"edwin@edwin.com","phone":"0777777557","userName":"edwin","branchId":"7","userTypeId":"3","password":"$2y$10$wTpUE\/WJFMfQaBglrQocTO9ndV6dbxL2vzFDEJZ1hpVVp4binpXGO","sessionId":"KRX8Yh2iqId0EWTdOh43HSfBIE4fr5lp","ipAddress":"41.243.17.77","createdBy":"3","ts":"2017-07-10 07:37:50","active":"1"},{"id":"7","firstName":"Trish","surname":"Baby","email":"patricia@gmail.com","phone":"0777777557","userName":"trish","branchId":"13","userTypeId":"3","password":"$2y$10$m72Zz8Z.h4\/Zp6TFDhmbXeQ79kZ7JJ2U0yLUanc0dDVxbc.5UPkRG","sessionId":"k10XSropsYs2ikmovFMksbhRyqwut0dT","ipAddress":"160.242.137.6","createdBy":null,"ts":null,"active":"1"},{"id":"8","firstName":"cedric","surname":"cedric","email":"cedric@gmail.com","phone":"+256754813912","userName":"cedric","branchId":"7","userTypeId":"3","password":"$2y$10$m72Zz8Z.h4\/Zp6TFDhmbXeQ79kZ7JJ2U0yLUanc0dDVxbc.5UPkRG","sessionId":"","ipAddress":"160.242.141.153","createdBy":null,"ts":null,"active":"1"},{"id":"9","firstName":"Bravia","surname":"Muzira","email":"muzira@gmail.com","phone":"+256771889211","userName":"Braviah","branchId":"6","userTypeId":"3","password":"$2y$10$m72Zz8Z.h4\/Zp6TFDhmbXeQ79kZ7JJ2U0yLUanc0dDVxbc.5UPkRG","sessionId":"CNHdx868gWwwaWl34QWYmNGxDsy1g0Dy","ipAddress":"41.210.154.223","createdBy":null,"ts":null,"active":"1"}],"accounts":[{"id":"16","name":"KINSHASHA-USD Account","branchId":"5","currency_id":"2"},{"id":"20","name":"OASIS MALL-RMB Account","branchId":"6","currency_id":"1"},{"id":"21","name":"OASIS MALL-USD Account","branchId":"6","currency_id":"2"},{"id":"22","name":"OASIS MALL-DIRHAM Account","branchId":"6","currency_id":"3"},{"id":"23","name":"OASIS MALL-UGX Account","branchId":"6","currency_id":"4"},{"id":"24","name":"OASIS MALL-KSH Account","branchId":"6","currency_id":"5"},{"id":"27","name":"CHINA-RMB Account","branchId":"11","currency_id":"1"},{"id":"28","name":"CHINA-USD Account","branchId":"11","currency_id":"2"},{"id":"33","name":"NAIROBI-USD Account","branchId":"12","currency_id":"2"},{"id":"36","name":"NAIROBI-KSH Account","branchId":"12","currency_id":"5"},{"id":"37","name":"GOMA-USD ACCOUNT","branchId":"7","currency_id":"2"},{"id":"38","name":"KAMPALA ROAD -USD ACCOUNT","branchId":"13","currency_id":"2"},{"id":"39","name":"KAMPALA ROAD- UGX ACCOUNT ","branchId":"13","currency_id":"4"}],"currencies":[{"id":"1","name":"RMB","symbol":"\u00c2\u00a5","createdBy":"1","ts":"2017-06-27 22:45:12","active":"1"},{"id":"2","name":"USD","symbol":"$","createdBy":"1","ts":"2017-06-27 22:45:12","active":"1"},{"id":"3","name":"DIRHAM","symbol":"","createdBy":"1","ts":"2017-06-28 11:40:09","active":"1"},{"id":"4","name":"UGX","symbol":"\/=","createdBy":"1","ts":"2017-06-28 11:46:50","active":"1"},{"id":"5","name":"KSH","symbol":"","createdBy":"1","ts":"2017-06-28 11:46:50","active":"1"}],"superaccount":[{"id":"1","name":"RMB Account","branchId":"0","type_id":"4","currency_id":"1","balance":"0","createdBy":"1","active":"1","ts":"2017-06-27 22:45:12"}],"accountTypes":[{"id":"1","type":"Transfer","description":"","createdBy":"1","ts":"2017-06-28 14:31:12","active":"1"},{"id":"2","type":"Suspense","description":"","createdBy":"1","ts":"2017-06-28 14:31:12","active":"1"},{"id":"4","type":"Super","description":"","createdBy":"1","ts":"2017-06-28 14:31:12","active":"1"}],"userTypes":[{"id":"1","name":"E-Value Admin","level":"1","ts":"2017-06-27 22:45:12","active":"1"},{"id":"2","name":"Super User","level":"2","ts":"2017-06-27 22:45:12","active":"1"},{"id":"3","name":"Agent","level":"3","ts":"2017-06-27 22:45:12","active":"1"},{"id":"4","name":"System Admin","level":"4","ts":"2017-06-27 22:45:12","active":"1"},{"id":"5","name":"superAgent","level":"3","ts":"2017-06-27 22:45:12","active":"1"}]},"success":1}
2017-08-02 10:12:31 ---- New Request ----
2017-08-02 10:12:31 Controller : Exchange
2017-08-02 10:12:31 Method : createexchangeAction
2017-08-02 10:12:31 Controller File : controllers/Exchange.class.php, Exists
2017-08-02 10:12:31 Class constructed
2017-08-02 10:12:31 Class constructed
2017-08-02 10:12:31 Exchange Params:
FromCurrency : 4
ToCurrency : 2
AmountBe4 : 8000000
Amount After : 2162.162162162162
Exhange Rate : 3700
UserID : 9
Session ID : CNHdx868gWwwaWl34QWYmNGxDsy1g0Dy
2017-08-02 10:12:31 SELECT SQL : SELECT * FROM users WHERE  id = '9'  
2017-08-02 10:12:31 INSERT SQL : INSERT INTO currency_exchange  (ts,fromCurrencyId,toCurrencyId,AmountBeforeXchange,amountAfterXchange,exhangeRate,userId,branchId)  VALUES(NOW(),'4','2','8000000','2162.162162162162','3700','9','6')
2017-08-02 10:12:31 SELECT SQL : SELECT id FROM accounts WHERE  branchId = '6' AND currency_id = '4'  
2017-08-02 10:12:31 SELECT SQL : SELECT * FROM settings WHERE  name = 'SuspenseAccount'  
2017-08-02 10:12:31 INSERT SQL : INSERT INTO account_transfers  (ts,type,amount,amountB4Xchange,amountAfterXchange,fromId,toId,userId,createdBy,transferRef)  VALUES(NOW(),'transfer','8000000','8000000','8000000','23','25','9','9','ex3')
2017-08-02 10:12:31 Balance Update Params :
Branch Id : 6
Account ID : 23
Amount : -8000000
2017-08-02 10:12:31 SELECT SQL : SELECT * FROM balances WHERE  branchId = '6' AND accountId = '23'  
2017-08-02 10:12:31 SELECT SQL : SELECT * FROM balances WHERE  branchId = '6' AND accountId = '23' AND date = '2017-08-02'  
2017-08-02 10:12:31 UPDATE SQL : UPDATE balances SET closingBalance = '95024518' WHERE  branchId = '6' AND accountId = '23' AND date = '2017-08-02' 
2017-08-02 10:12:31 Balance Update Status 2:1
 2017-08-02 10:12:31 Balance Update Params :
Branch Id : 0
Account ID : 25
Amount : 8000000
2017-08-02 10:12:31 SELECT SQL : SELECT * FROM balances WHERE  branchId = '0' AND accountId = '25'  
2017-08-02 10:12:31 SELECT SQL : SELECT * FROM balances WHERE  branchId = '0' AND accountId = '25' AND date = '2017-08-02'  
2017-08-02 10:12:31 UPDATE SQL : UPDATE balances SET closingBalance = '11853380' WHERE  branchId = '0' AND accountId = '25' AND date = '2017-08-02' 
2017-08-02 10:12:31 Balance Update Status 2:1
 2017-08-02 10:12:31 SELECT SQL : SELECT id FROM accounts WHERE  branchId = '6' AND currency_id = '2'  
2017-08-02 10:12:31 INSERT SQL : INSERT INTO account_transfers  (ts,type,amount,amountB4Xchange,amountAfterXchange,fromId,toId,userId,createdBy,transferRef)  VALUES(NOW(),'transfer','2162.162162162162','2162.162162162162','2162.162162162162','25','21','9','9','ex3')
2017-08-02 10:12:31 Balance Update Params :
Branch Id : 6
Account ID : 21
Amount : 2162
2017-08-02 10:12:31 SELECT SQL : SELECT * FROM balances WHERE  branchId = '6' AND accountId = '21'  
2017-08-02 10:12:31 SELECT SQL : SELECT * FROM balances WHERE  branchId = '6' AND accountId = '21' AND date = '2017-08-02'  
2017-08-02 10:12:31 UPDATE SQL : UPDATE balances SET closingBalance = '192409' WHERE  branchId = '6' AND accountId = '21' AND date = '2017-08-02' 
2017-08-02 10:12:31 Balance Update Status 2:1
 2017-08-02 10:12:31 Balance Update Params :
Branch Id : 0
Account ID : 25
Amount : -2162
2017-08-02 10:12:31 SELECT SQL : SELECT * FROM balances WHERE  branchId = '0' AND accountId = '25'  
2017-08-02 10:12:31 SELECT SQL : SELECT * FROM balances WHERE  branchId = '0' AND accountId = '25' AND date = '2017-08-02'  
2017-08-02 10:12:31 UPDATE SQL : UPDATE balances SET closingBalance = '11851218' WHERE  branchId = '0' AND accountId = '25' AND date = '2017-08-02' 
2017-08-02 10:12:31 Balance Update Status 2:1
 2017-08-02 10:12:31 Response : {"success":1,"data":"Your request was successfully processed."}
2017-08-02 10:13:36 ---- New Request ----
2017-08-02 10:13:36 Controller : Transfers
2017-08-02 10:13:36 Method : getallaccountbalancesAction
2017-08-02 10:13:36 Controller File : controllers/Transfers.class.php, Exists
2017-08-02 10:13:36 Class constructed
2017-08-02 10:13:36 Class constructed
2017-08-02 10:13:36 UserID : 9
SessionId : CNHdx868gWwwaWl34QWYmNGxDsy1g0Dy
Branch ID : 6
2017-08-02 10:13:36 SELECT SQL : SELECT sessionId FROM users WHERE  id = '9'  
2017-08-02 10:13:36 SELECT SQL : SELECT name,id FROM accounts WHERE  active = '1' AND branchId = '6'  
2017-08-02 10:13:36 SELECT SQL : SELECT name FROM branches WHERE  id = '6'  
2017-08-02 10:13:36 Response : {"success":1,"data":[{"name":"OASIS MALL-RMB Account","id":"20","balance":0},{"name":"OASIS MALL-USD Account","id":"21","balance":2162.1621621622},{"name":"OASIS MALL-DIRHAM Account","id":"22","balance":0},{"name":"OASIS MALL-UGX Account","id":"23","balance":-7250000},{"name":"OASIS MALL-KSH Account","id":"24","balance":0}],"branchName":"OASIS MALL"}
2017-08-02 10:13:51 ---- New Request ----
2017-08-02 10:13:51 Controller : Transfers
2017-08-02 10:13:51 Method : getbalancesAction
2017-08-02 10:13:51 Controller File : controllers/Transfers.class.php, Exists
2017-08-02 10:13:51 Class constructed
2017-08-02 10:13:51 Class constructed
2017-08-02 10:13:51 UserID : 9
SessionId : CNHdx868gWwwaWl34QWYmNGxDsy1g0Dy
Branch ID : 6
Date : 
2017-08-02 10:13:51 SELECT SQL : SELECT sessionId,branchId,userTypeId FROM users WHERE  id = '9'  
2017-08-02 10:13:51 SELECT SQL : SELECT closingBalance,openingBalance,accountId,branchId,date FROM balances WHERE  date = '2017-08-02' AND branchId = '6'  
2017-08-02 10:13:51 SELECT SQL : SELECT name FROM accounts WHERE  id = '21'  
2017-08-02 10:13:51 SELECT SQL : SELECT name FROM branches WHERE  id = '6'  
2017-08-02 10:13:51 SELECT SQL : SELECT name FROM accounts WHERE  id = '23'  
2017-08-02 10:13:51 SELECT SQL : SELECT name FROM branches WHERE  id = '6'  
2017-08-02 10:13:51 Response : {"success":1,"data":[{"closingBalance":"192409","openingBalance":"190247","accountId":"21","branchId":"6","date":"2017-08-02","accountName":"OASIS MALL-USD Account","branchName":"OASIS MALL"},{"closingBalance":"95024518","openingBalance":"102274518","accountId":"23","branchId":"6","date":"2017-08-02","accountName":"OASIS MALL-UGX Account","branchName":"OASIS MALL"}]}
2017-08-02 10:14:21 ---- New Request ----
2017-08-02 10:14:21 Controller : Transfers
2017-08-02 10:14:21 Method : getbalancesAction
2017-08-02 10:14:21 Controller File : controllers/Transfers.class.php, Exists
2017-08-02 10:14:21 Class constructed
2017-08-02 10:14:21 Class constructed
2017-08-02 10:14:21 UserID : 9
SessionId : CNHdx868gWwwaWl34QWYmNGxDsy1g0Dy
Branch ID : 
Date : 
2017-08-02 10:14:21 SELECT SQL : SELECT sessionId,branchId,userTypeId FROM users WHERE  id = '9'  
2017-08-02 10:14:21 SELECT SQL : SELECT closingBalance,openingBalance,accountId,branchId,date FROM balances WHERE  date = '2017-08-02' AND branchId = '6'  
2017-08-02 10:14:21 SELECT SQL : SELECT name FROM accounts WHERE  id = '21'  
2017-08-02 10:14:21 SELECT SQL : SELECT name FROM branches WHERE  id = '6'  
2017-08-02 10:14:21 SELECT SQL : SELECT name FROM accounts WHERE  id = '23'  
2017-08-02 10:14:21 SELECT SQL : SELECT name FROM branches WHERE  id = '6'  
2017-08-02 10:14:21 Response : {"success":1,"data":[{"closingBalance":"192409","openingBalance":"190247","accountId":"21","branchId":"6","date":"2017-08-02","accountName":"OASIS MALL-USD Account","branchName":"OASIS MALL"},{"closingBalance":"95024518","openingBalance":"102274518","accountId":"23","branchId":"6","date":"2017-08-02","accountName":"OASIS MALL-UGX Account","branchName":"OASIS MALL"}]}
2017-08-02 10:14:21 ---- New Request ----
2017-08-02 10:14:21 Controller : Reports
2017-08-02 10:14:21 Method : gettransferlogsAction
2017-08-02 10:14:21 Controller File : controllers/Reports.class.php, Exists
2017-08-02 10:14:21 Class constructed
2017-08-02 10:14:21 Class constructed
2017-08-02 10:14:21 UserID : 9
SessionId : CNHdx868gWwwaWl34QWYmNGxDsy1g0Dy
Branch ID : 6
Date : 
Account ID : 
2017-08-02 10:14:21 SELECT SQL : SELECT sessionId,branchId,userTypeId FROM users WHERE  id = '9'  
2017-08-02 10:14:21 SELECT SQL : SELECT id,fromBranch,toBranch,amount,currency,charge,transferRef,userIdSource,userIdDestination,ts,withdrawTs,status,senderFname,senderSurname,senderPhone,senderEmail,receiverFname,receiverSurname,receiverPhone,receiverAccountNumber,destinationCountryId FROM transfers WHERE  active = '1'  OR fromBranch = '6'  OR toBranch = '6'  ORDER BY ts DESC LIMIT 20
2017-08-02 10:14:21 SELECT SQL : SELECT name FROM branches WHERE  id = '6'  
2017-08-02 10:14:21 SELECT SQL : SELECT name FROM branches WHERE  id = '0'  
2017-08-02 10:14:21 SELECT SQL : SELECT name FROM currencies WHERE  id = '2'  
2017-08-02 10:14:21 SELECT SQL : SELECT userName FROM users WHERE  id = '9'  
2017-08-02 10:14:21 SELECT SQL : SELECT userName FROM users WHERE  id = ''  
2017-08-02 10:14:21 SELECT SQL : SELECT name FROM countries WHERE  id = '0'  
2017-08-02 10:14:21 SELECT SQL : SELECT name FROM branches WHERE  id = '5'  
2017-08-02 10:14:21 SELECT SQL : SELECT name FROM branches WHERE  id = '0'  
2017-08-02 10:14:21 SELECT SQL : SELECT name FROM currencies WHERE  id = '1'  
2017-08-02 10:14:21 SELECT SQL : SELECT userName FROM users WHERE  id = '4'  
2017-08-02 10:14:21 SELECT SQL : SELECT userName FROM users WHERE  id = ''  
2017-08-02 10:14:21 SELECT SQL : SELECT name FROM countries WHERE  id = '0'  
2017-08-02 10:14:21 SELECT SQL : SELECT name FROM branches WHERE  id = '12'  
2017-08-02 10:14:21 SELECT SQL : SELECT name FROM branches WHERE  id = '0'  
2017-08-02 10:14:21 SELECT SQL : SELECT name FROM currencies WHERE  id = '1'  
2017-08-02 10:14:21 SELECT SQL : SELECT userName FROM users WHERE  id = '2'  
2017-08-02 10:14:21 SELECT SQL : SELECT userName FROM users WHERE  id = ''  
2017-08-02 10:14:21 SELECT SQL : SELECT name FROM countries WHERE  id = '0'  
2017-08-02 10:14:21 SELECT SQL : SELECT name FROM branches WHERE  id = '12'  
2017-08-02 10:14:21 SELECT SQL : SELECT name FROM branches WHERE  id = '0'  
2017-08-02 10:14:21 SELECT SQL : SELECT name FROM currencies WHERE  id = '1'  
2017-08-02 10:14:21 SELECT SQL : SELECT userName FROM users WHERE  id = '2'  
2017-08-02 10:14:21 SELECT SQL : SELECT userName FROM users WHERE  id = ''  
2017-08-02 10:14:21 SELECT SQL : SELECT name FROM countries WHERE  id = '0'  
2017-08-02 10:14:21 SELECT SQL : SELECT name FROM branches WHERE  id = '12'  
2017-08-02 10:14:21 SELECT SQL : SELECT name FROM branches WHERE  id = '0'  
2017-08-02 10:14:21 SELECT SQL : SELECT name FROM currencies WHERE  id = '1'  
2017-08-02 10:14:21 SELECT SQL : SELECT userName FROM users WHERE  id = '2'  
2017-08-02 10:14:21 SELECT SQL : SELECT userName FROM users WHERE  id = ''  
2017-08-02 10:14:21 SELECT SQL : SELECT name FROM countries WHERE  id = '0'  
2017-08-02 10:14:21 SELECT SQL : SELECT name FROM branches WHERE  id = '5'  
2017-08-02 10:14:21 SELECT SQL : SELECT name FROM branches WHERE  id = '0'  
2017-08-02 10:14:21 SELECT SQL : SELECT name FROM currencies WHERE  id = '1'  
2017-08-02 10:14:21 SELECT SQL : SELECT userName FROM users WHERE  id = '4'  
2017-08-02 10:14:21 SELECT SQL : SELECT userName FROM users WHERE  id = ''  
2017-08-02 10:14:21 SELECT SQL : SELECT name FROM countries WHERE  id = '0'  
2017-08-02 10:14:21 SELECT SQL : SELECT name FROM branches WHERE  id = '5'  
2017-08-02 10:14:21 SELECT SQL : SELECT name FROM branches WHERE  id = '0'  
2017-08-02 10:14:21 SELECT SQL : SELECT name FROM currencies WHERE  id = '1'  
2017-08-02 10:14:21 SELECT SQL : SELECT userName FROM users WHERE  id = '4'  
2017-08-02 10:14:21 SELECT SQL : SELECT userName FROM users WHERE  id = ''  
2017-08-02 10:14:21 SELECT SQL : SELECT name FROM countries WHERE  id = '0'  
2017-08-02 10:14:21 SELECT SQL : SELECT name FROM branches WHERE  id = '5'  
2017-08-02 10:14:22 SELECT SQL : SELECT name FROM branches WHERE  id = '0'  
2017-08-02 10:14:22 SELECT SQL : SELECT name FROM currencies WHERE  id = '1'  
2017-08-02 10:14:22 SELECT SQL : SELECT userName FROM users WHERE  id = '4'  
2017-08-02 10:14:22 SELECT SQL : SELECT userName FROM users WHERE  id = ''  
2017-08-02 10:14:22 SELECT SQL : SELECT name FROM countries WHERE  id = '0'  
2017-08-02 10:14:22 SELECT SQL : SELECT name FROM branches WHERE  id = '12'  
2017-08-02 10:14:22 SELECT SQL : SELECT name FROM branches WHERE  id = '0'  
2017-08-02 10:14:22 SELECT SQL : SELECT name FROM currencies WHERE  id = '1'  
2017-08-02 10:14:22 SELECT SQL : SELECT userName FROM users WHERE  id = '2'  
2017-08-02 10:14:22 SELECT SQL : SELECT userName FROM users WHERE  id = ''  
2017-08-02 10:14:22 SELECT SQL : SELECT name FROM countries WHERE  id = '0'  
2017-08-02 10:14:22 SELECT SQL : SELECT name FROM branches WHERE  id = '12'  
2017-08-02 10:14:22 SELECT SQL : SELECT name FROM branches WHERE  id = '0'  
2017-08-02 10:14:22 SELECT SQL : SELECT name FROM currencies WHERE  id = '1'  
2017-08-02 10:14:22 SELECT SQL : SELECT userName FROM users WHERE  id = '2'  
2017-08-02 10:14:22 SELECT SQL : SELECT userName FROM users WHERE  id = ''  
2017-08-02 10:14:22 SELECT SQL : SELECT name FROM countries WHERE  id = '0'  
2017-08-02 10:14:22 SELECT SQL : SELECT name FROM branches WHERE  id = '12'  
2017-08-02 10:14:22 SELECT SQL : SELECT name FROM branches WHERE  id = '0'  
2017-08-02 10:14:22 SELECT SQL : SELECT name FROM currencies WHERE  id = '1'  
2017-08-02 10:14:22 SELECT SQL : SELECT userName FROM users WHERE  id = '2'  
2017-08-02 10:14:22 SELECT SQL : SELECT userName FROM users WHERE  id = ''  
2017-08-02 10:14:22 SELECT SQL : SELECT name FROM countries WHERE  id = '0'  
2017-08-02 10:14:22 SELECT SQL : SELECT name FROM branches WHERE  id = '6'  
2017-08-02 10:14:22 Response : {"success":1,"branchName":"OASIS MALL","data":[{"id":"11","fromBranch":"6","toBranch":"0","amount":"700000","currency":"USD","charge":"50000","transferRef":"00600911","userIdSource":"9","userIdDestination":null,"ts":"2017-08-02 07:08:27","withdrawTs":null,"status":"Pending","senderFname":"","senderSurname":"Jimmy","senderPhone":"0789898989","senderEmail":"","receiverFname":"","receiverSurname":"James","receiverPhone":"0771889211","receiverAccountNumber":null,"destinationCountryId":"0","fromBranchName":"OASIS MALL","toBranchName":null,"agentSource":"Braviah","agentDestination":null,"destinationCountry":null},{"id":"10","fromBranch":"5","toBranch":"0","amount":"50000","currency":"RMB","charge":"0.015","transferRef":"00500410","userIdSource":"4","userIdDestination":null,"ts":"2017-08-01 20:54:35","withdrawTs":null,"status":"Pending","senderFname":"","senderSurname":"Lin Xiao","senderPhone":"0852222222","senderEmail":"","receiverFname":"","receiverSurname":"Lin jing","receiverPhone":"","receiverAccountNumber":"6217 0018 2000 3506","destinationCountryId":"0","fromBranchName":"KINSHASHA","toBranchName":null,"agentSource":"maria","agentDestination":null,"destinationCountry":null},{"id":"9","fromBranch":"12","toBranch":"0","amount":"20734","currency":"RMB","charge":null,"transferRef":"0120029","userIdSource":"2","userIdDestination":null,"ts":"2017-08-01 14:48:20","withdrawTs":null,"status":"Pending","senderFname":"","senderSurname":"Abdul","senderPhone":"0722846889","senderEmail":"","receiverFname":"","receiverSurname":"MohamedMohamed Hassan","receiverPhone":"0722846889","receiverAccountNumber":"6228480086791851875","destinationCountryId":"0","fromBranchName":"NAIROBI","toBranchName":null,"agentSource":"dorah","agentDestination":null,"destinationCountry":null},{"id":"8","fromBranch":"12","toBranch":"0","amount":"157000","currency":"RMB","charge":null,"transferRef":"0120028","userIdSource":"2","userIdDestination":null,"ts":"2017-08-01 14:44:43","withdrawTs":null,"status":"Pending","senderFname":"","senderSurname":"Liping","senderPhone":"0790943036","senderEmail":"","receiverFname":"","receiverSurname":"Jiang Liping","receiverPhone":"0790943036","receiverAccountNumber":"6013820500485835627","destinationCountryId":"0","fromBranchName":"NAIROBI","toBranchName":null,"agentSource":"dorah","agentDestination":null,"destinationCountry":null},{"id":"7","fromBranch":"12","toBranch":"0","amount":"100000","currency":"RMB","charge":null,"transferRef":"0120027","userIdSource":"2","userIdDestination":null,"ts":"2017-08-01 14:41:38","withdrawTs":null,"status":"Pending","senderFname":"","senderSurname":"Xu zhongxing","senderPhone":"0727746669","senderEmail":"","receiverFname":"","receiverSurname":"Geng Guoli","receiverPhone":"0727746669","receiverAccountNumber":"6228433429001769719","destinationCountryId":"0","fromBranchName":"NAIROBI","toBranchName":null,"agentSource":"dorah","agentDestination":null,"destinationCountry":null},{"id":"6","fromBranch":"5","toBranch":"0","amount":"5000","currency":"RMB","charge":"0.015","transferRef":"0050046","userIdSource":"4","userIdDestination":null,"ts":"2017-08-01 11:43:42","withdrawTs":null,"status":"Pending","senderFname":"","senderSurname":"Yu liang","senderPhone":"","senderEmail":"","receiverFname":"","receiverSurname":"Ma Ling","receiverPhone":"","receiverAccountNumber":"6228480084433891714","destinationCountryId":"0","fromBranchName":"KINSHASHA","toBranchName":null,"agentSource":"maria","agentDestination":null,"destinationCountry":null},{"id":"5","fromBranch":"5","toBranch":"0","amount":"5000","currency":"RMB","charge":"0.015","transferRef":"0050045","userIdSource":"4","userIdDestination":null,"ts":"2017-08-01 11:41:31","withdrawTs":null,"status":"Pending","senderFname":"","senderSurname":"Yu liang","senderPhone":"","senderEmail":"","receiverFname":"","receiverSurname":"Wu Ying Lan","receiverPhone":"","receiverAccountNumber":"4563516202017029846","destinationCountryId":"0","fromBranchName":"KINSHASHA","toBranchName":null,"agentSource":"maria","agentDestination":null,"destinationCountry":null},{"id":"4","fromBranch":"5","toBranch":"0","amount":"55555","currency":"RMB","charge":"0.015","transferRef":"0050044","userIdSource":"4","userIdDestination":null,"ts":"2017-08-01 11:38:11","withdrawTs":null,"status":"Pending","senderFname":"","senderSurname":"Yu liang","senderPhone":"","senderEmail":"","receiverFname":"","receiverSurname":"Zhan Guo Ju","receiverPhone":"","receiverAccountNumber":"622908376586044016","destinationCountryId":"0","fromBranchName":"KINSHASHA","toBranchName":null,"agentSource":"maria","agentDestination":null,"destinationCountry":null},{"id":"3","fromBranch":"12","toBranch":"0","amount":"350000","currency":"RMB","charge":"1700","transferRef":"0120023","userIdSource":"2","userIdDestination":null,"ts":"2017-07-31 14:15:29","withdrawTs":null,"status":"Pending","senderFname":"","senderSurname":"Donald Mbeche","senderPhone":"0722301322","senderEmail":"","receiverFname":"","receiverSurname":"Qunce Zhu","receiverPhone":"+8613160809877","receiverAccountNumber":"6217857000001342201","destinationCountryId":"0","fromBranchName":"NAIROBI","toBranchName":null,"agentSource":"dorah","agentDestination":null,"destinationCountry":null},{"id":"2","fromBranch":"12","toBranch":"0","amount":"2583300","currency":"RMB","charge":"1700","transferRef":"0120022","userIdSource":"2","userIdDestination":null,"ts":"2017-07-31 14:10:52","withdrawTs":null,"status":"Pending","senderFname":"","senderSurname":"John Chinese","senderPhone":"0736229235","senderEmail":"","receiverFname":"","receiverSurname":"Xiaodong Jiang","receiverPhone":"0736229235","receiverAccountNumber":"6226682105342133","destinationCountryId":"0","fromBranchName":"NAIROBI","toBranchName":null,"agentSource":"dorah","agentDestination":null,"destinationCountry":null},{"id":"1","fromBranch":"12","toBranch":"0","amount":"1798300","currency":"RMB","charge":"1700","transferRef":"0120021","userIdSource":"2","userIdDestination":null,"ts":"2017-07-31 14:05:57","withdrawTs":null,"status":"Pending","senderFname":"","senderSurname":"John Chinese","senderPhone":"0736229235","senderEmail":"","receiverFname":"","receiverSurname":"Susheng Yan","receiverPhone":"0736229235","receiverAccountNumber":"4367420060740475558","destinationCountryId":"0","fromBranchName":"NAIROBI","toBranchName":null,"agentSource":"dorah","agentDestination":null,"destinationCountry":null}]}
2017-08-02 10:15:30 ---- New Request ----
2017-08-02 10:15:30 Controller : Reports
2017-08-02 10:15:30 Method : gettransferlogsAction
2017-08-02 10:15:30 Controller File : controllers/Reports.class.php, Exists
2017-08-02 10:15:30 Class constructed
2017-08-02 10:15:30 Class constructed
2017-08-02 10:15:30 UserID : 9
SessionId : CNHdx868gWwwaWl34QWYmNGxDsy1g0Dy
Branch ID : 6
Date : 
Account ID : 
2017-08-02 10:15:30 SELECT SQL : SELECT sessionId,branchId,userTypeId FROM users WHERE  id = '9'  
2017-08-02 10:15:30 SELECT SQL : SELECT id,fromBranch,toBranch,amount,currency,charge,transferRef,userIdSource,userIdDestination,ts,withdrawTs,status,senderFname,senderSurname,senderPhone,senderEmail,receiverFname,receiverSurname,receiverPhone,receiverAccountNumber,destinationCountryId FROM transfers WHERE  active = '1'  OR fromBranch = '6'  OR toBranch = '6'  ORDER BY ts DESC LIMIT 20
2017-08-02 10:15:30 SELECT SQL : SELECT name FROM branches WHERE  id = '6'  
2017-08-02 10:15:30 SELECT SQL : SELECT name FROM branches WHERE  id = '0'  
2017-08-02 10:15:30 SELECT SQL : SELECT name FROM currencies WHERE  id = '2'  
2017-08-02 10:15:30 SELECT SQL : SELECT userName FROM users WHERE  id = '9'  
2017-08-02 10:15:30 SELECT SQL : SELECT userName FROM users WHERE  id = ''  
2017-08-02 10:15:30 SELECT SQL : SELECT name FROM countries WHERE  id = '0'  
2017-08-02 10:15:30 SELECT SQL : SELECT name FROM branches WHERE  id = '5'  
2017-08-02 10:15:30 SELECT SQL : SELECT name FROM branches WHERE  id = '0'  
2017-08-02 10:15:30 SELECT SQL : SELECT name FROM currencies WHERE  id = '1'  
2017-08-02 10:15:30 SELECT SQL : SELECT userName FROM users WHERE  id = '4'  
2017-08-02 10:15:30 SELECT SQL : SELECT userName FROM users WHERE  id = ''  
2017-08-02 10:15:30 SELECT SQL : SELECT name FROM countries WHERE  id = '0'  
2017-08-02 10:15:30 SELECT SQL : SELECT name FROM branches WHERE  id = '12'  
2017-08-02 10:15:30 SELECT SQL : SELECT name FROM branches WHERE  id = '0'  
2017-08-02 10:15:30 SELECT SQL : SELECT name FROM currencies WHERE  id = '1'  
2017-08-02 10:15:30 SELECT SQL : SELECT userName FROM users WHERE  id = '2'  
2017-08-02 10:15:30 SELECT SQL : SELECT userName FROM users WHERE  id = ''  
2017-08-02 10:15:30 SELECT SQL : SELECT name FROM countries WHERE  id = '0'  
2017-08-02 10:15:30 SELECT SQL : SELECT name FROM branches WHERE  id = '12'  
2017-08-02 10:15:30 SELECT SQL : SELECT name FROM branches WHERE  id = '0'  
2017-08-02 10:15:30 SELECT SQL : SELECT name FROM currencies WHERE  id = '1'  
2017-08-02 10:15:30 SELECT SQL : SELECT userName FROM users WHERE  id = '2'  
2017-08-02 10:15:30 SELECT SQL : SELECT userName FROM users WHERE  id = ''  
2017-08-02 10:15:30 SELECT SQL : SELECT name FROM countries WHERE  id = '0'  
2017-08-02 10:15:30 SELECT SQL : SELECT name FROM branches WHERE  id = '12'  
2017-08-02 10:15:30 SELECT SQL : SELECT name FROM branches WHERE  id = '0'  
2017-08-02 10:15:30 SELECT SQL : SELECT name FROM currencies WHERE  id = '1'  
2017-08-02 10:15:30 SELECT SQL : SELECT userName FROM users WHERE  id = '2'  
2017-08-02 10:15:30 SELECT SQL : SELECT userName FROM users WHERE  id = ''  
2017-08-02 10:15:30 SELECT SQL : SELECT name FROM countries WHERE  id = '0'  
2017-08-02 10:15:30 SELECT SQL : SELECT name FROM branches WHERE  id = '5'  
2017-08-02 10:15:30 SELECT SQL : SELECT name FROM branches WHERE  id = '0'  
2017-08-02 10:15:30 SELECT SQL : SELECT name FROM currencies WHERE  id = '1'  
2017-08-02 10:15:30 SELECT SQL : SELECT userName FROM users WHERE  id = '4'  
2017-08-02 10:15:30 SELECT SQL : SELECT userName FROM users WHERE  id = ''  
2017-08-02 10:15:30 SELECT SQL : SELECT name FROM countries WHERE  id = '0'  
2017-08-02 10:15:30 SELECT SQL : SELECT name FROM branches WHERE  id = '5'  
2017-08-02 10:15:30 SELECT SQL : SELECT name FROM branches WHERE  id = '0'  
2017-08-02 10:15:30 SELECT SQL : SELECT name FROM currencies WHERE  id = '1'  
2017-08-02 10:15:30 SELECT SQL : SELECT userName FROM users WHERE  id = '4'  
2017-08-02 10:15:30 SELECT SQL : SELECT userName FROM users WHERE  id = ''  
2017-08-02 10:15:30 SELECT SQL : SELECT name FROM countries WHERE  id = '0'  
2017-08-02 10:15:30 SELECT SQL : SELECT name FROM branches WHERE  id = '5'  
2017-08-02 10:15:30 SELECT SQL : SELECT name FROM branches WHERE  id = '0'  
2017-08-02 10:15:30 SELECT SQL : SELECT name FROM currencies WHERE  id = '1'  
2017-08-02 10:15:30 SELECT SQL : SELECT userName FROM users WHERE  id = '4'  
2017-08-02 10:15:30 SELECT SQL : SELECT userName FROM users WHERE  id = ''  
2017-08-02 10:15:30 SELECT SQL : SELECT name FROM countries WHERE  id = '0'  
2017-08-02 10:15:30 SELECT SQL : SELECT name FROM branches WHERE  id = '12'  
2017-08-02 10:15:30 SELECT SQL : SELECT name FROM branches WHERE  id = '0'  
2017-08-02 10:15:30 SELECT SQL : SELECT name FROM currencies WHERE  id = '1'  
2017-08-02 10:15:30 SELECT SQL : SELECT userName FROM users WHERE  id = '2'  
2017-08-02 10:15:30 SELECT SQL : SELECT userName FROM users WHERE  id = ''  
2017-08-02 10:15:30 SELECT SQL : SELECT name FROM countries WHERE  id = '0'  
2017-08-02 10:15:30 SELECT SQL : SELECT name FROM branches WHERE  id = '12'  
2017-08-02 10:15:30 SELECT SQL : SELECT name FROM branches WHERE  id = '0'  
2017-08-02 10:15:30 SELECT SQL : SELECT name FROM currencies WHERE  id = '1'  
2017-08-02 10:15:30 SELECT SQL : SELECT userName FROM users WHERE  id = '2'  
2017-08-02 10:15:30 SELECT SQL : SELECT userName FROM users WHERE  id = ''  
2017-08-02 10:15:30 SELECT SQL : SELECT name FROM countries WHERE  id = '0'  
2017-08-02 10:15:30 SELECT SQL : SELECT name FROM branches WHERE  id = '12'  
2017-08-02 10:15:30 SELECT SQL : SELECT name FROM branches WHERE  id = '0'  
2017-08-02 10:15:30 SELECT SQL : SELECT name FROM currencies WHERE  id = '1'  
2017-08-02 10:15:30 SELECT SQL : SELECT userName FROM users WHERE  id = '2'  
2017-08-02 10:15:30 SELECT SQL : SELECT userName FROM users WHERE  id = ''  
2017-08-02 10:15:30 SELECT SQL : SELECT name FROM countries WHERE  id = '0'  
2017-08-02 10:15:30 SELECT SQL : SELECT name FROM branches WHERE  id = '6'  
2017-08-02 10:15:30 Response : {"success":1,"branchName":"OASIS MALL","data":[{"id":"11","fromBranch":"6","toBranch":"0","amount":"700000","currency":"USD","charge":"50000","transferRef":"00600911","userIdSource":"9","userIdDestination":null,"ts":"2017-08-02 07:08:27","withdrawTs":null,"status":"Pending","senderFname":"","senderSurname":"Jimmy","senderPhone":"0789898989","senderEmail":"","receiverFname":"","receiverSurname":"James","receiverPhone":"0771889211","receiverAccountNumber":null,"destinationCountryId":"0","fromBranchName":"OASIS MALL","toBranchName":null,"agentSource":"Braviah","agentDestination":null,"destinationCountry":null},{"id":"10","fromBranch":"5","toBranch":"0","amount":"50000","currency":"RMB","charge":"0.015","transferRef":"00500410","userIdSource":"4","userIdDestination":null,"ts":"2017-08-01 20:54:35","withdrawTs":null,"status":"Pending","senderFname":"","senderSurname":"Lin Xiao","senderPhone":"0852222222","senderEmail":"","receiverFname":"","receiverSurname":"Lin jing","receiverPhone":"","receiverAccountNumber":"6217 0018 2000 3506","destinationCountryId":"0","fromBranchName":"KINSHASHA","toBranchName":null,"agentSource":"maria","agentDestination":null,"destinationCountry":null},{"id":"9","fromBranch":"12","toBranch":"0","amount":"20734","currency":"RMB","charge":null,"transferRef":"0120029","userIdSource":"2","userIdDestination":null,"ts":"2017-08-01 14:48:20","withdrawTs":null,"status":"Pending","senderFname":"","senderSurname":"Abdul","senderPhone":"0722846889","senderEmail":"","receiverFname":"","receiverSurname":"MohamedMohamed Hassan","receiverPhone":"0722846889","receiverAccountNumber":"6228480086791851875","destinationCountryId":"0","fromBranchName":"NAIROBI","toBranchName":null,"agentSource":"dorah","agentDestination":null,"destinationCountry":null},{"id":"8","fromBranch":"12","toBranch":"0","amount":"157000","currency":"RMB","charge":null,"transferRef":"0120028","userIdSource":"2","userIdDestination":null,"ts":"2017-08-01 14:44:43","withdrawTs":null,"status":"Pending","senderFname":"","senderSurname":"Liping","senderPhone":"0790943036","senderEmail":"","receiverFname":"","receiverSurname":"Jiang Liping","receiverPhone":"0790943036","receiverAccountNumber":"6013820500485835627","destinationCountryId":"0","fromBranchName":"NAIROBI","toBranchName":null,"agentSource":"dorah","agentDestination":null,"destinationCountry":null},{"id":"7","fromBranch":"12","toBranch":"0","amount":"100000","currency":"RMB","charge":null,"transferRef":"0120027","userIdSource":"2","userIdDestination":null,"ts":"2017-08-01 14:41:38","withdrawTs":null,"status":"Pending","senderFname":"","senderSurname":"Xu zhongxing","senderPhone":"0727746669","senderEmail":"","receiverFname":"","receiverSurname":"Geng Guoli","receiverPhone":"0727746669","receiverAccountNumber":"6228433429001769719","destinationCountryId":"0","fromBranchName":"NAIROBI","toBranchName":null,"agentSource":"dorah","agentDestination":null,"destinationCountry":null},{"id":"6","fromBranch":"5","toBranch":"0","amount":"5000","currency":"RMB","charge":"0.015","transferRef":"0050046","userIdSource":"4","userIdDestination":null,"ts":"2017-08-01 11:43:42","withdrawTs":null,"status":"Pending","senderFname":"","senderSurname":"Yu liang","senderPhone":"","senderEmail":"","receiverFname":"","receiverSurname":"Ma Ling","receiverPhone":"","receiverAccountNumber":"6228480084433891714","destinationCountryId":"0","fromBranchName":"KINSHASHA","toBranchName":null,"agentSource":"maria","agentDestination":null,"destinationCountry":null},{"id":"5","fromBranch":"5","toBranch":"0","amount":"5000","currency":"RMB","charge":"0.015","transferRef":"0050045","userIdSource":"4","userIdDestination":null,"ts":"2017-08-01 11:41:31","withdrawTs":null,"status":"Pending","senderFname":"","senderSurname":"Yu liang","senderPhone":"","senderEmail":"","receiverFname":"","receiverSurname":"Wu Ying Lan","receiverPhone":"","receiverAccountNumber":"4563516202017029846","destinationCountryId":"0","fromBranchName":"KINSHASHA","toBranchName":null,"agentSource":"maria","agentDestination":null,"destinationCountry":null},{"id":"4","fromBranch":"5","toBranch":"0","amount":"55555","currency":"RMB","charge":"0.015","transferRef":"0050044","userIdSource":"4","userIdDestination":null,"ts":"2017-08-01 11:38:11","withdrawTs":null,"status":"Pending","senderFname":"","senderSurname":"Yu liang","senderPhone":"","senderEmail":"","receiverFname":"","receiverSurname":"Zhan Guo Ju","receiverPhone":"","receiverAccountNumber":"622908376586044016","destinationCountryId":"0","fromBranchName":"KINSHASHA","toBranchName":null,"agentSource":"maria","agentDestination":null,"destinationCountry":null},{"id":"3","fromBranch":"12","toBranch":"0","amount":"350000","currency":"RMB","charge":"1700","transferRef":"0120023","userIdSource":"2","userIdDestination":null,"ts":"2017-07-31 14:15:29","withdrawTs":null,"status":"Pending","senderFname":"","senderSurname":"Donald Mbeche","senderPhone":"0722301322","senderEmail":"","receiverFname":"","receiverSurname":"Qunce Zhu","receiverPhone":"+8613160809877","receiverAccountNumber":"6217857000001342201","destinationCountryId":"0","fromBranchName":"NAIROBI","toBranchName":null,"agentSource":"dorah","agentDestination":null,"destinationCountry":null},{"id":"2","fromBranch":"12","toBranch":"0","amount":"2583300","currency":"RMB","charge":"1700","transferRef":"0120022","userIdSource":"2","userIdDestination":null,"ts":"2017-07-31 14:10:52","withdrawTs":null,"status":"Pending","senderFname":"","senderSurname":"John Chinese","senderPhone":"0736229235","senderEmail":"","receiverFname":"","receiverSurname":"Xiaodong Jiang","receiverPhone":"0736229235","receiverAccountNumber":"6226682105342133","destinationCountryId":"0","fromBranchName":"NAIROBI","toBranchName":null,"agentSource":"dorah","agentDestination":null,"destinationCountry":null},{"id":"1","fromBranch":"12","toBranch":"0","amount":"1798300","currency":"RMB","charge":"1700","transferRef":"0120021","userIdSource":"2","userIdDestination":null,"ts":"2017-07-31 14:05:57","withdrawTs":null,"status":"Pending","senderFname":"","senderSurname":"John Chinese","senderPhone":"0736229235","senderEmail":"","receiverFname":"","receiverSurname":"Susheng Yan","receiverPhone":"0736229235","receiverAccountNumber":"4367420060740475558","destinationCountryId":"0","fromBranchName":"NAIROBI","toBranchName":null,"agentSource":"dorah","agentDestination":null,"destinationCountry":null}]}
2017-08-02 10:16:27 ---- New Request ----
2017-08-02 10:16:27 Controller : Transfers
2017-08-02 10:16:27 Method : getallaccountbalancesAction
2017-08-02 10:16:27 Controller File : controllers/Transfers.class.php, Exists
2017-08-02 10:16:27 Class constructed
2017-08-02 10:16:27 Class constructed
2017-08-02 10:16:27 UserID : 9
SessionId : CNHdx868gWwwaWl34QWYmNGxDsy1g0Dy
Branch ID : 6
2017-08-02 10:16:27 SELECT SQL : SELECT sessionId FROM users WHERE  id = '9'  
2017-08-02 10:16:27 SELECT SQL : SELECT name,id FROM accounts WHERE  active = '1' AND branchId = '6'  
2017-08-02 10:16:27 SELECT SQL : SELECT name FROM branches WHERE  id = '6'  
2017-08-02 10:16:27 Response : {"success":1,"data":[{"name":"OASIS MALL-RMB Account","id":"20","balance":0},{"name":"OASIS MALL-USD Account","id":"21","balance":2162.1621621622},{"name":"OASIS MALL-DIRHAM Account","id":"22","balance":0},{"name":"OASIS MALL-UGX Account","id":"23","balance":-7250000},{"name":"OASIS MALL-KSH Account","id":"24","balance":0}],"branchName":"OASIS MALL"}
2017-08-02 10:17:49 ---- New Request ----
2017-08-02 10:17:49 Controller : Users
2017-08-02 10:17:49 Method : formsdetailsAction
2017-08-02 10:17:49 Controller File : controllers/Users.class.php, Exists
2017-08-02 10:17:49 Class constructed
2017-08-02 10:17:49 Details Params :
SessionID :
User ID : 
2017-08-02 10:17:49 SELECT SQL : SELECT * FROM branches WHERE  active = '1'  
2017-08-02 10:17:49 SELECT SQL : SELECT * FROM countries WHERE  active = '1'  
2017-08-02 10:17:49 SELECT SQL : SELECT * FROM identification WHERE  active = '1'  
2017-08-02 10:17:49 SELECT SQL : SELECT * FROM users WHERE  active = '1'  
2017-08-02 10:17:49 SELECT SQL : SELECT id,name,branchId,currency_id FROM accounts WHERE  active = '1' AND type_id = '1'  
2017-08-02 10:17:49 Balance Update Params :
Branch Id : 5
Account ID : 16
Amount : 0
2017-08-02 10:17:49 SELECT SQL : SELECT * FROM balances WHERE  branchId = '5' AND accountId = '16'  
2017-08-02 10:17:49 SELECT SQL : SELECT * FROM balances WHERE  branchId = '5' AND accountId = '16' AND date = '2017-08-02'  
2017-08-02 10:17:49 UPDATE SQL : UPDATE balances SET closingBalance = '170739' WHERE  branchId = '5' AND accountId = '16' AND date = '2017-08-02' 
2017-08-02 10:17:49 Balance Update Status 2:1
 2017-08-02 10:17:49 Balance Update Params :
Branch Id : 6
Account ID : 20
Amount : 0
2017-08-02 10:17:49 SELECT SQL : SELECT * FROM balances WHERE  branchId = '6' AND accountId = '20'  
2017-08-02 10:17:49 Balance Update Params :
Branch Id : 6
Account ID : 21
Amount : 0
2017-08-02 10:17:49 SELECT SQL : SELECT * FROM balances WHERE  branchId = '6' AND accountId = '21'  
2017-08-02 10:17:49 SELECT SQL : SELECT * FROM balances WHERE  branchId = '6' AND accountId = '21' AND date = '2017-08-02'  
2017-08-02 10:17:49 UPDATE SQL : UPDATE balances SET closingBalance = '192409' WHERE  branchId = '6' AND accountId = '21' AND date = '2017-08-02' 
2017-08-02 10:17:49 Balance Update Status 2:1
 2017-08-02 10:17:49 Balance Update Params :
Branch Id : 6
Account ID : 22
Amount : 0
2017-08-02 10:17:49 SELECT SQL : SELECT * FROM balances WHERE  branchId = '6' AND accountId = '22'  
2017-08-02 10:17:49 Balance Update Params :
Branch Id : 6
Account ID : 23
Amount : 0
2017-08-02 10:17:49 SELECT SQL : SELECT * FROM balances WHERE  branchId = '6' AND accountId = '23'  
2017-08-02 10:17:49 SELECT SQL : SELECT * FROM balances WHERE  branchId = '6' AND accountId = '23' AND date = '2017-08-02'  
2017-08-02 10:17:49 UPDATE SQL : UPDATE balances SET closingBalance = '95024518' WHERE  branchId = '6' AND accountId = '23' AND date = '2017-08-02' 
2017-08-02 10:17:49 Balance Update Status 2:1
 2017-08-02 10:17:49 Balance Update Params :
Branch Id : 6
Account ID : 24
Amount : 0
2017-08-02 10:17:49 SELECT SQL : SELECT * FROM balances WHERE  branchId = '6' AND accountId = '24'  
2017-08-02 10:17:49 Balance Update Params :
Branch Id : 11
Account ID : 27
Amount : 0
2017-08-02 10:17:49 SELECT SQL : SELECT * FROM balances WHERE  branchId = '11' AND accountId = '27'  
2017-08-02 10:17:49 Balance Update Params :
Branch Id : 11
Account ID : 28
Amount : 0
2017-08-02 10:17:49 SELECT SQL : SELECT * FROM balances WHERE  branchId = '11' AND accountId = '28'  
2017-08-02 10:17:49 Balance Update Params :
Branch Id : 12
Account ID : 33
Amount : 0
2017-08-02 10:17:49 SELECT SQL : SELECT * FROM balances WHERE  branchId = '12' AND accountId = '33'  
2017-08-02 10:17:49 SELECT SQL : SELECT * FROM balances WHERE  branchId = '12' AND accountId = '33' AND date = '2017-08-02'  
2017-08-02 10:17:49 UPDATE SQL : UPDATE balances SET closingBalance = '25154' WHERE  branchId = '12' AND accountId = '33' AND date = '2017-08-02' 
2017-08-02 10:17:49 Balance Update Status 2:1
 2017-08-02 10:17:49 Balance Update Params :
Branch Id : 12
Account ID : 36
Amount : 0
2017-08-02 10:17:49 SELECT SQL : SELECT * FROM balances WHERE  branchId = '12' AND accountId = '36'  
2017-08-02 10:17:49 SELECT SQL : SELECT * FROM balances WHERE  branchId = '12' AND accountId = '36' AND date = '2017-08-02'  
2017-08-02 10:17:49 UPDATE SQL : UPDATE balances SET closingBalance = '7637' WHERE  branchId = '12' AND accountId = '36' AND date = '2017-08-02' 
2017-08-02 10:17:49 Balance Update Status 2:1
 2017-08-02 10:17:49 Balance Update Params :
Branch Id : 7
Account ID : 37
Amount : 0
2017-08-02 10:17:49 SELECT SQL : SELECT * FROM balances WHERE  branchId = '7' AND accountId = '37'  
2017-08-02 10:17:49 SELECT SQL : SELECT * FROM balances WHERE  branchId = '7' AND accountId = '37' AND date = '2017-08-02'  
2017-08-02 10:17:49 UPDATE SQL : UPDATE balances SET closingBalance = '96158' WHERE  branchId = '7' AND accountId = '37' AND date = '2017-08-02' 
2017-08-02 10:17:49 Balance Update Status 2:1
 2017-08-02 10:17:49 Balance Update Params :
Branch Id : 13
Account ID : 38
Amount : 0
2017-08-02 10:17:49 SELECT SQL : SELECT * FROM balances WHERE  branchId = '13' AND accountId = '38'  
2017-08-02 10:17:49 Balance Update Params :
Branch Id : 13
Account ID : 39
Amount : 0
2017-08-02 10:17:49 SELECT SQL : SELECT * FROM balances WHERE  branchId = '13' AND accountId = '39'  
2017-08-02 10:17:49 SELECT SQL : SELECT * FROM currencies WHERE  active = '1'  
2017-08-02 10:17:49 SELECT SQL : SELECT * FROM accounts WHERE  active = '1' AND type_id = '4'  
2017-08-02 10:17:49 SELECT SQL : SELECT * FROM account_types WHERE  active = '1'  
2017-08-02 10:17:49 SELECT SQL : SELECT * FROM user_types WHERE  active = '1'  
2017-08-02 10:17:49 Response : {"data":{"branches":[{"id":"5","name":"KINSHASHA","countryId":"4","location":"Patrice Avenue","supervisorId":"3","createdBy":"4","ts":"2017-06-30 00:06:55","active":"1"},{"id":"6","name":"OASIS MALL","countryId":"1","location":"Yusufu Lule Rd","supervisorId":"3","createdBy":"2","ts":"2017-06-30 00:12:08","active":"1"},{"id":"7","name":"GOMA","countryId":"4","location":"Goma","supervisorId":"3","createdBy":"1","ts":"2017-07-05 00:00:00","active":"1"},{"id":"9","name":"MOMBASA","countryId":"2","location":"Mombasa","supervisorId":"3","createdBy":"1","ts":"2017-07-05 00:00:00","active":"1"},{"id":"10","name":"DUBAI","countryId":"6","location":"Dubai","supervisorId":"3","createdBy":"1","ts":"2017-07-05 00:00:00","active":"1"},{"id":"11","name":"CHINA","countryId":"5","location":"China","supervisorId":"3","createdBy":"3","ts":"2017-07-05 13:23:17","active":"1"},{"id":"12","name":"NAIROBI","countryId":"2","location":"Nairobi","supervisorId":"3","createdBy":"3","ts":"2017-07-06 14:12:35","active":"1"},{"id":"13","name":"KAMPALA ROAD","countryId":"1","location":"kampala road","supervisorId":"3","createdBy":"3","ts":"2017-07-06 14:12:35","active":"1"}],"countries":[{"id":"1","name":"UGANDA","createdBy":"1","ts":"2017-06-25 23:13:31","active":"1"},{"id":"2","name":"KENYA","createdBy":"1","ts":"2017-06-26 09:02:45","active":"1"},{"id":"3","name":"TZ","createdBy":"1","ts":"2017-06-28 11:11:53","active":"1"},{"id":"4","name":"CONGO","createdBy":"1","ts":"2017-06-28 11:26:11","active":"1"},{"id":"5","name":"CHINA","createdBy":"1","ts":"2017-06-28 11:30:01","active":"1"},{"id":"6","name":"UAE","createdBy":"1","ts":"2017-07-05 00:00:00","active":"1"}],"ids":[[{"id":"1","name":"Passport","createdBy":"1","ts":"2017-06-28 14:00:01","active":"1"},{"id":"2","name":"National ID","createdBy":"1","ts":"2017-06-28 14:00:01","active":"1"},{"id":"3","name":"STUDENTS ID","createdBy":"1","ts":"2017-06-28 16:21:46","active":"1"}]],"users":[{"id":"1","firstName":"You","surname":"Jinshu","email":"hudsonbogere@swipeit.co.ug","phone":"256783131266","userName":"you","branchId":"0","userTypeId":"1","password":"$2y$10$pPGbhJ1RXx\/ug.ED3LnsQuKHJTqwYsa\/iF0OqGOgsjflkHKIDTLVq","sessionId":"","ipAddress":"41.75.173.102","createdBy":null,"ts":"2017-06-23 15:08:12","active":"1"},{"id":"2","firstName":"Nansubuga","surname":"Dorothy","email":"henry@gmail.com","phone":"256752284441","userName":"dorah","branchId":"12","userTypeId":"3","password":"$2y$10$F9t92sYKf2rDJ.JzCmrrT.Jt1Ix37Fuo.uZKpXPn69dgDUTZ8xLXi","sessionId":"","ipAddress":"105.231.196.253","createdBy":"1","ts":"2017-06-26 19:11:07","active":"1"},{"id":"3","firstName":"Lydia","surname":"Amoi","email":"islam@gmail.com","phone":"256777608310","userName":"lydia","branchId":"6","userTypeId":"2","password":"$2y$10$m72Zz8Z.h4\/Zp6TFDhmbXeQ79kZ7JJ2U0yLUanc0dDVxbc.5UPkRG","sessionId":"IYuFkvTHh5RbN5NYMDtmU0jca6HNa1W5","ipAddress":"41.75.173.62","createdBy":"1","ts":"2017-06-26 19:41:01","active":"1"},{"id":"4","firstName":"Nabukera","surname":"Maria","email":"banerd@tfb.com","phone":"256774457813","userName":"maria","branchId":"5","userTypeId":"5","password":"$2y$10$wTpUE\/WJFMfQaBglrQocTO9ndV6dbxL2vzFDEJZ1hpVVp4binpXGO","sessionId":"7eBNxC3NascFUgqL2sSMQb5k2fWMEXaJ","ipAddress":"197.157.211.83","createdBy":"1","ts":"2017-06-26 23:04:07","active":"1"},{"id":"5","firstName":"Henry","surname":"Bbosa","email":null,"phone":null,"userName":"Henry","branchId":"11","userTypeId":"3","password":"$2y$10$m72Zz8Z.h4\/Zp6TFDhmbXeQ79kZ7JJ2U0yLUanc0dDVxbc.5UPkRG","sessionId":"","ipAddress":"41.210.154.223","createdBy":"1","ts":"2017-07-05 00:00:00","active":"1"},{"id":"6","firstName":"Edwin","surname":"Kakeeto","email":"edwin@edwin.com","phone":"0777777557","userName":"edwin","branchId":"7","userTypeId":"3","password":"$2y$10$wTpUE\/WJFMfQaBglrQocTO9ndV6dbxL2vzFDEJZ1hpVVp4binpXGO","sessionId":"KRX8Yh2iqId0EWTdOh43HSfBIE4fr5lp","ipAddress":"41.243.17.77","createdBy":"3","ts":"2017-07-10 07:37:50","active":"1"},{"id":"7","firstName":"Trish","surname":"Baby","email":"patricia@gmail.com","phone":"0777777557","userName":"trish","branchId":"13","userTypeId":"3","password":"$2y$10$m72Zz8Z.h4\/Zp6TFDhmbXeQ79kZ7JJ2U0yLUanc0dDVxbc.5UPkRG","sessionId":"k10XSropsYs2ikmovFMksbhRyqwut0dT","ipAddress":"160.242.137.6","createdBy":null,"ts":null,"active":"1"},{"id":"8","firstName":"cedric","surname":"cedric","email":"cedric@gmail.com","phone":"+256754813912","userName":"cedric","branchId":"7","userTypeId":"3","password":"$2y$10$m72Zz8Z.h4\/Zp6TFDhmbXeQ79kZ7JJ2U0yLUanc0dDVxbc.5UPkRG","sessionId":"","ipAddress":"160.242.141.153","createdBy":null,"ts":null,"active":"1"},{"id":"9","firstName":"Bravia","surname":"Muzira","email":"muzira@gmail.com","phone":"+256771889211","userName":"Braviah","branchId":"6","userTypeId":"3","password":"$2y$10$m72Zz8Z.h4\/Zp6TFDhmbXeQ79kZ7JJ2U0yLUanc0dDVxbc.5UPkRG","sessionId":"CNHdx868gWwwaWl34QWYmNGxDsy1g0Dy","ipAddress":"41.210.154.223","createdBy":null,"ts":null,"active":"1"}],"accounts":[{"id":"16","name":"KINSHASHA-USD Account","branchId":"5","currency_id":"2"},{"id":"20","name":"OASIS MALL-RMB Account","branchId":"6","currency_id":"1"},{"id":"21","name":"OASIS MALL-USD Account","branchId":"6","currency_id":"2"},{"id":"22","name":"OASIS MALL-DIRHAM Account","branchId":"6","currency_id":"3"},{"id":"23","name":"OASIS MALL-UGX Account","branchId":"6","currency_id":"4"},{"id":"24","name":"OASIS MALL-KSH Account","branchId":"6","currency_id":"5"},{"id":"27","name":"CHINA-RMB Account","branchId":"11","currency_id":"1"},{"id":"28","name":"CHINA-USD Account","branchId":"11","currency_id":"2"},{"id":"33","name":"NAIROBI-USD Account","branchId":"12","currency_id":"2"},{"id":"36","name":"NAIROBI-KSH Account","branchId":"12","currency_id":"5"},{"id":"37","name":"GOMA-USD ACCOUNT","branchId":"7","currency_id":"2"},{"id":"38","name":"KAMPALA ROAD -USD ACCOUNT","branchId":"13","currency_id":"2"},{"id":"39","name":"KAMPALA ROAD- UGX ACCOUNT ","branchId":"13","currency_id":"4"}],"currencies":[{"id":"1","name":"RMB","symbol":"\u00c2\u00a5","createdBy":"1","ts":"2017-06-27 22:45:12","active":"1"},{"id":"2","name":"USD","symbol":"$","createdBy":"1","ts":"2017-06-27 22:45:12","active":"1"},{"id":"3","name":"DIRHAM","symbol":"","createdBy":"1","ts":"2017-06-28 11:40:09","active":"1"},{"id":"4","name":"UGX","symbol":"\/=","createdBy":"1","ts":"2017-06-28 11:46:50","active":"1"},{"id":"5","name":"KSH","symbol":"","createdBy":"1","ts":"2017-06-28 11:46:50","active":"1"}],"superaccount":[{"id":"1","name":"RMB Account","branchId":"0","type_id":"4","currency_id":"1","balance":"0","createdBy":"1","active":"1","ts":"2017-06-27 22:45:12"}],"accountTypes":[{"id":"1","type":"Transfer","description":"","createdBy":"1","ts":"2017-06-28 14:31:12","active":"1"},{"id":"2","type":"Suspense","description":"","createdBy":"1","ts":"2017-06-28 14:31:12","active":"1"},{"id":"4","type":"Super","description":"","createdBy":"1","ts":"2017-06-28 14:31:12","active":"1"}],"userTypes":[{"id":"1","name":"E-Value Admin","level":"1","ts":"2017-06-27 22:45:12","active":"1"},{"id":"2","name":"Super User","level":"2","ts":"2017-06-27 22:45:12","active":"1"},{"id":"3","name":"Agent","level":"3","ts":"2017-06-27 22:45:12","active":"1"},{"id":"4","name":"System Admin","level":"4","ts":"2017-06-27 22:45:12","active":"1"},{"id":"5","name":"superAgent","level":"3","ts":"2017-06-27 22:45:12","active":"1"}]},"success":1}
