2017-08-08 13:36:50 ---- New Request ----
2017-08-08 13:36:50 Controller : Users
2017-08-08 13:36:50 Method : loginAction
2017-08-08 13:36:50 Controller File : controllers/Users.class.php, Exists
2017-08-08 13:36:50 Class constructed
2017-08-08 13:36:50 Login Params ;Username :lydia
Password : ******
2017-08-08 13:36:50 SELECT SQL : SELECT id,firstName,surname,userName,userTypeId,sessionId,password,active,branchId FROM users WHERE  userName = 'lydia'  
2017-08-08 13:36:50 SELECT SQL : SELECT name FROM branches WHERE  id = '6'  
2017-08-08 13:36:50 UPDATE SQL : UPDATE users SET sessionId = 'ztc3IWoMugwQ6bHS2zBbFfIOkgv375yF',ipAddress = '127.0.0.1' WHERE  id = '3' 
2017-08-08 13:36:50 Response : {"success":1,"data":{"id":"3","firstName":"Lydia","surname":"Amoi","userName":"lydia","userTypeId":"2","sessionId":"ztc3IWoMugwQ6bHS2zBbFfIOkgv375yF","branchId":"6","branchName":"OASIS MALL"}}
2017-08-08 13:36:50 ---- New Request ----
2017-08-08 13:36:50 Controller : Users
2017-08-08 13:36:50 Method : formsdetailsAction
2017-08-08 13:36:50 Controller File : controllers/Users.class.php, Exists
2017-08-08 13:36:50 Class constructed
2017-08-08 13:36:50 Details Params :
SessionID :ztc3IWoMugwQ6bHS2zBbFfIOkgv375yF
User ID : 3
2017-08-08 13:36:50 SELECT SQL : SELECT * FROM branches WHERE  active = '1'  
2017-08-08 13:36:50 SELECT SQL : SELECT * FROM countries WHERE  active = '1'  
2017-08-08 13:36:51 SELECT SQL : SELECT * FROM identification WHERE  active = '1'  
2017-08-08 13:36:51 SELECT SQL : SELECT * FROM users WHERE  active = '1'  
2017-08-08 13:36:51 SELECT SQL : SELECT id,name,branchId,currency_id FROM accounts WHERE  active = '1' AND type_id = '1'  
2017-08-08 13:36:51 Balance Update Params :
Branch Id : 5
Account ID : 16
Amount : 0
2017-08-08 13:36:51 SELECT SQL : SELECT * FROM balances WHERE  branchId = '5' AND accountId = '16'  
2017-08-08 13:36:51 SELECT SQL : SELECT * FROM balances WHERE  branchId = '5' AND accountId = '16' AND date = '2017-08-08'  
2017-08-08 13:36:51 UPDATE SQL : UPDATE balances SET closingBalance = '130739' WHERE  branchId = '5' AND accountId = '16' AND date = '2017-08-08' 
2017-08-08 13:36:51 Balance Update Status 2:1
 2017-08-08 13:36:51 Balance Update Params :
Branch Id : 6
Account ID : 20
Amount : 0
2017-08-08 13:36:51 SELECT SQL : SELECT * FROM balances WHERE  branchId = '6' AND accountId = '20'  
2017-08-08 13:36:51 Balance Update Params :
Branch Id : 6
Account ID : 21
Amount : 0
2017-08-08 13:36:51 SELECT SQL : SELECT * FROM balances WHERE  branchId = '6' AND accountId = '21'  
2017-08-08 13:36:51 SELECT SQL : SELECT * FROM balances WHERE  branchId = '6' AND accountId = '21' AND date = '2017-08-08'  
2017-08-08 13:36:51 UPDATE SQL : UPDATE balances SET closingBalance = '1882409' WHERE  branchId = '6' AND accountId = '21' AND date = '2017-08-08' 
2017-08-08 13:36:51 Balance Update Status 2:1
 2017-08-08 13:36:51 Balance Update Params :
Branch Id : 6
Account ID : 22
Amount : 0
2017-08-08 13:36:51 SELECT SQL : SELECT * FROM balances WHERE  branchId = '6' AND accountId = '22'  
2017-08-08 13:36:51 Balance Update Params :
Branch Id : 6
Account ID : 23
Amount : 0
2017-08-08 13:36:51 SELECT SQL : SELECT * FROM balances WHERE  branchId = '6' AND accountId = '23'  
2017-08-08 13:36:51 SELECT SQL : SELECT * FROM balances WHERE  branchId = '6' AND accountId = '23' AND date = '2017-08-08'  
2017-08-08 13:36:51 UPDATE SQL : UPDATE balances SET closingBalance = '95200018' WHERE  branchId = '6' AND accountId = '23' AND date = '2017-08-08' 
2017-08-08 13:36:51 Balance Update Status 2:1
 2017-08-08 13:36:51 Balance Update Params :
Branch Id : 6
Account ID : 24
Amount : 0
2017-08-08 13:36:51 SELECT SQL : SELECT * FROM balances WHERE  branchId = '6' AND accountId = '24'  
2017-08-08 13:36:51 Balance Update Params :
Branch Id : 11
Account ID : 27
Amount : 0
2017-08-08 13:36:51 SELECT SQL : SELECT * FROM balances WHERE  branchId = '11' AND accountId = '27'  
2017-08-08 13:36:51 Balance Update Params :
Branch Id : 11
Account ID : 28
Amount : 0
2017-08-08 13:36:51 SELECT SQL : SELECT * FROM balances WHERE  branchId = '11' AND accountId = '28'  
2017-08-08 13:36:51 Balance Update Params :
Branch Id : 12
Account ID : 33
Amount : 0
2017-08-08 13:36:51 SELECT SQL : SELECT * FROM balances WHERE  branchId = '12' AND accountId = '33'  
2017-08-08 13:36:51 SELECT SQL : SELECT * FROM balances WHERE  branchId = '12' AND accountId = '33' AND date = '2017-08-08'  
2017-08-08 13:36:51 UPDATE SQL : UPDATE balances SET closingBalance = '25154' WHERE  branchId = '12' AND accountId = '33' AND date = '2017-08-08' 
2017-08-08 13:36:51 Balance Update Status 2:1
 2017-08-08 13:36:51 Balance Update Params :
Branch Id : 12
Account ID : 36
Amount : 0
2017-08-08 13:36:51 SELECT SQL : SELECT * FROM balances WHERE  branchId = '12' AND accountId = '36'  
2017-08-08 13:36:51 SELECT SQL : SELECT * FROM balances WHERE  branchId = '12' AND accountId = '36' AND date = '2017-08-08'  
2017-08-08 13:36:51 UPDATE SQL : UPDATE balances SET closingBalance = '7637' WHERE  branchId = '12' AND accountId = '36' AND date = '2017-08-08' 
2017-08-08 13:36:51 Balance Update Status 2:1
 2017-08-08 13:36:51 Balance Update Params :
Branch Id : 7
Account ID : 37
Amount : 0
2017-08-08 13:36:51 SELECT SQL : SELECT * FROM balances WHERE  branchId = '7' AND accountId = '37'  
2017-08-08 13:36:51 SELECT SQL : SELECT * FROM balances WHERE  branchId = '7' AND accountId = '37' AND date = '2017-08-08'  
2017-08-08 13:36:51 UPDATE SQL : UPDATE balances SET closingBalance = '93158' WHERE  branchId = '7' AND accountId = '37' AND date = '2017-08-08' 
2017-08-08 13:36:52 Balance Update Status 2:1
 2017-08-08 13:36:52 Balance Update Params :
Branch Id : 13
Account ID : 38
Amount : 0
2017-08-08 13:36:52 SELECT SQL : SELECT * FROM balances WHERE  branchId = '13' AND accountId = '38'  
2017-08-08 13:36:52 Balance Update Params :
Branch Id : 13
Account ID : 39
Amount : 0
2017-08-08 13:36:52 SELECT SQL : SELECT * FROM balances WHERE  branchId = '13' AND accountId = '39'  
2017-08-08 13:36:52 SELECT SQL : SELECT * FROM balances WHERE  branchId = '13' AND accountId = '39' AND date = '2017-08-08'  
2017-08-08 13:36:52 UPDATE SQL : UPDATE balances SET closingBalance = '-6840000001.9444' WHERE  branchId = '13' AND accountId = '39' AND date = '2017-08-08' 
2017-08-08 13:36:52 Balance Update Status 2:1
 2017-08-08 13:36:52 SELECT SQL : SELECT * FROM currencies WHERE  active = '1'  
2017-08-08 13:36:52 SELECT SQL : SELECT * FROM accounts WHERE  active = '1' AND type_id = '4'  
2017-08-08 13:36:52 SELECT SQL : SELECT * FROM account_types WHERE  active = '1'  
2017-08-08 13:36:52 SELECT SQL : SELECT * FROM user_types WHERE  active = '1'  
2017-08-08 13:36:52 Response : {"data":{"branches":[{"id":"5","name":"KINSHASHA","countryId":"4","location":"Patrice Avenue","supervisorId":"3","createdBy":"4","ts":"2017-06-30 00:06:55","active":"1"},{"id":"6","name":"OASIS MALL","countryId":"1","location":"Yusufu Lule Rd","supervisorId":"3","createdBy":"2","ts":"2017-06-30 00:12:08","active":"1"},{"id":"7","name":"GOMA","countryId":"4","location":"Goma","supervisorId":"3","createdBy":"1","ts":"2017-07-05 00:00:00","active":"1"},{"id":"9","name":"MOMBASA","countryId":"2","location":"Mombasa","supervisorId":"3","createdBy":"1","ts":"2017-07-05 00:00:00","active":"1"},{"id":"10","name":"DUBAI","countryId":"6","location":"Dubai","supervisorId":"3","createdBy":"1","ts":"2017-07-05 00:00:00","active":"1"},{"id":"11","name":"CHINA","countryId":"5","location":"China","supervisorId":"3","createdBy":"3","ts":"2017-07-05 13:23:17","active":"1"},{"id":"12","name":"NAIROBI","countryId":"2","location":"Nairobi","supervisorId":"3","createdBy":"3","ts":"2017-07-06 14:12:35","active":"1"},{"id":"13","name":"KAMPALA ROAD","countryId":"1","location":"kampala road","supervisorId":"3","createdBy":"3","ts":"2017-07-06 14:12:35","active":"1"}],"countries":[{"id":"1","name":"UGANDA","createdBy":"1","ts":"2017-06-25 23:13:31","active":"1"},{"id":"2","name":"KENYA","createdBy":"1","ts":"2017-06-26 09:02:45","active":"1"},{"id":"3","name":"TZ","createdBy":"1","ts":"2017-06-28 11:11:53","active":"1"},{"id":"4","name":"CONGO","createdBy":"1","ts":"2017-06-28 11:26:11","active":"1"},{"id":"5","name":"CHINA","createdBy":"1","ts":"2017-06-28 11:30:01","active":"1"},{"id":"6","name":"UAE","createdBy":"1","ts":"2017-07-05 00:00:00","active":"1"}],"ids":[[{"id":"1","name":"Passport","createdBy":"1","ts":"2017-06-28 14:00:01","active":"1"},{"id":"2","name":"National ID","createdBy":"1","ts":"2017-06-28 14:00:01","active":"1"},{"id":"3","name":"STUDENTS ID","createdBy":"1","ts":"2017-06-28 16:21:46","active":"1"}]],"users":[{"id":"1","firstName":"You","surname":"Jinshu","email":"hudsonbogere@swipeit.co.ug","phone":"256783131266","userName":"you","branchId":"0","userTypeId":"1","password":"$2y$10$pPGbhJ1RXx\/ug.ED3LnsQuKHJTqwYsa\/iF0OqGOgsjflkHKIDTLVq","sessionId":"","ipAddress":"41.75.173.102","createdBy":null,"ts":"2017-06-23 15:08:12","active":"1"},{"id":"2","firstName":"Nansubuga","surname":"Dorothy","email":"henry@gmail.com","phone":"256752284441","userName":"dorah","branchId":"12","userTypeId":"3","password":"$2y$10$F9t92sYKf2rDJ.JzCmrrT.Jt1Ix37Fuo.uZKpXPn69dgDUTZ8xLXi","sessionId":"","ipAddress":"105.231.196.253","createdBy":"1","ts":"2017-06-26 19:11:07","active":"1"},{"id":"3","firstName":"Lydia","surname":"Amoi","email":"islam@gmail.com","phone":"256777608310","userName":"lydia","branchId":"6","userTypeId":"2","password":"$2y$10$m72Zz8Z.h4\/Zp6TFDhmbXeQ79kZ7JJ2U0yLUanc0dDVxbc.5UPkRG","sessionId":"ztc3IWoMugwQ6bHS2zBbFfIOkgv375yF","ipAddress":"127.0.0.1","createdBy":"1","ts":"2017-06-26 19:41:01","active":"1"},{"id":"4","firstName":"Nabukera","surname":"Maria","email":"banerd@tfb.com","phone":"256774457813","userName":"maria","branchId":"5","userTypeId":"5","password":"$2y$10$wTpUE\/WJFMfQaBglrQocTO9ndV6dbxL2vzFDEJZ1hpVVp4binpXGO","sessionId":"","ipAddress":"::1","createdBy":"1","ts":"2017-06-26 23:04:07","active":"1"},{"id":"5","firstName":"Henry","surname":"Bbosa","email":null,"phone":null,"userName":"Henry","branchId":"11","userTypeId":"3","password":"$2y$10$m72Zz8Z.h4\/Zp6TFDhmbXeQ79kZ7JJ2U0yLUanc0dDVxbc.5UPkRG","sessionId":"","ipAddress":"41.210.154.223","createdBy":"1","ts":"2017-07-05 00:00:00","active":"1"},{"id":"6","firstName":"Edwin","surname":"Kakeeto","email":"edwin@edwin.com","phone":"0777777557","userName":"edwin","branchId":"7","userTypeId":"3","password":"$2y$10$wTpUE\/WJFMfQaBglrQocTO9ndV6dbxL2vzFDEJZ1hpVVp4binpXGO","sessionId":"KRX8Yh2iqId0EWTdOh43HSfBIE4fr5lp","ipAddress":"41.243.17.77","createdBy":"3","ts":"2017-07-10 07:37:50","active":"1"},{"id":"7","firstName":"Trish","surname":"Baby","email":"patricia@gmail.com","phone":"0777777557","userName":"trish","branchId":"13","userTypeId":"3","password":"$2y$10$m72Zz8Z.h4\/Zp6TFDhmbXeQ79kZ7JJ2U0yLUanc0dDVxbc.5UPkRG","sessionId":"hxM1lP1Vd3HEvf3x2QoqRy2njxote3kF","ipAddress":"::1","createdBy":null,"ts":null,"active":"1"},{"id":"8","firstName":"cedric","surname":"cedric","email":"cedric@gmail.com","phone":"+256754813912","userName":"cedric","branchId":"7","userTypeId":"3","password":"$2y$10$m72Zz8Z.h4\/Zp6TFDhmbXeQ79kZ7JJ2U0yLUanc0dDVxbc.5UPkRG","sessionId":"3FRemJkS0c4MdRvK14bqZtR2IZCiupvX","ipAddress":"::1","createdBy":null,"ts":null,"active":"1"},{"id":"9","firstName":"Bravia","surname":"Muzira","email":"muzira@gmail.com","phone":"+256771889211","userName":"Braviah","branchId":"6","userTypeId":"3","password":"$2y$10$m72Zz8Z.h4\/Zp6TFDhmbXeQ79kZ7JJ2U0yLUanc0dDVxbc.5UPkRG","sessionId":"CNHdx868gWwwaWl34QWYmNGxDsy1g0Dy","ipAddress":"41.210.154.223","createdBy":null,"ts":null,"active":"1"}],"accounts":[{"id":"16","name":"KINSHASHA-USD Account","branchId":"5","currency_id":"2"},{"id":"20","name":"OASIS MALL-RMB Account","branchId":"6","currency_id":"1"},{"id":"21","name":"OASIS MALL-USD Account","branchId":"6","currency_id":"2"},{"id":"22","name":"OASIS MALL-DIRHAM Account","branchId":"6","currency_id":"3"},{"id":"23","name":"OASIS MALL-UGX Account","branchId":"6","currency_id":"4"},{"id":"24","name":"OASIS MALL-KSH Account","branchId":"6","currency_id":"5"},{"id":"27","name":"CHINA-RMB Account","branchId":"11","currency_id":"1"},{"id":"28","name":"CHINA-USD Account","branchId":"11","currency_id":"2"},{"id":"33","name":"NAIROBI-USD Account","branchId":"12","currency_id":"2"},{"id":"36","name":"NAIROBI-KSH Account","branchId":"12","currency_id":"5"},{"id":"37","name":"GOMA-USD ACCOUNT","branchId":"7","currency_id":"2"},{"id":"38","name":"KAMPALA ROAD -USD ACCOUNT","branchId":"13","currency_id":"2"},{"id":"39","name":"KAMPALA ROAD- UGX ACCOUNT ","branchId":"13","currency_id":"4"}],"currencies":[{"id":"1","name":"RMB","symbol":"\u00a5","createdBy":"1","ts":"2017-06-27 22:45:12","active":"1"},{"id":"2","name":"USD","symbol":"$","createdBy":"1","ts":"2017-06-27 22:45:12","active":"1"},{"id":"3","name":"DIRHAM","symbol":"","createdBy":"1","ts":"2017-06-28 11:40:09","active":"1"},{"id":"4","name":"UGX","symbol":"\/=","createdBy":"1","ts":"2017-06-28 11:46:50","active":"1"},{"id":"5","name":"KSH","symbol":"","createdBy":"1","ts":"2017-06-28 11:46:50","active":"1"}],"superaccount":[{"id":"1","name":"RMB Account","branchId":"0","type_id":"4","currency_id":"1","balance":"0","createdBy":"1","active":"1","ts":"2017-06-27 22:45:12"}],"accountTypes":[{"id":"1","type":"Transfer","description":"","createdBy":"1","ts":"2017-06-28 14:31:12","active":"1"},{"id":"2","type":"Suspense","description":"","createdBy":"1","ts":"2017-06-28 14:31:12","active":"1"},{"id":"4","type":"Super","description":"","createdBy":"1","ts":"2017-06-28 14:31:12","active":"1"}],"userTypes":[{"id":"1","name":"E-Value Admin","level":"1","ts":"2017-06-27 22:45:12","active":"1"},{"id":"2","name":"Super User","level":"2","ts":"2017-06-27 22:45:12","active":"1"},{"id":"3","name":"Agent","level":"3","ts":"2017-06-27 22:45:12","active":"1"},{"id":"4","name":"System Admin","level":"4","ts":"2017-06-27 22:45:12","active":"1"},{"id":"5","name":"superAgent","level":"3","ts":"2017-06-27 22:45:12","active":"1"}]},"success":1}
2017-08-08 13:37:35 ---- New Request ----
2017-08-08 13:37:35 Controller : Transfers
2017-08-08 13:37:35 Method : createexpenseAction
2017-08-08 13:37:35 Controller File : controllers/Transfers.class.php, Exists
2017-08-08 13:37:35 Class constructed
2017-08-08 13:37:35 Class constructed
2017-08-08 13:37:35 UserID : 3
SessionId : ztc3IWoMugwQ6bHS2zBbFfIOkgv375yF
Currency ID : 4
Reason : Fuel to muyenga
Amount : 700
2017-08-08 13:37:35 SELECT SQL : SELECT sessionId,branchId FROM users WHERE  id = '3'  
2017-08-08 13:37:35 INSERT SQL : INSERT INTO expenses  (ts,amount,currencyId,description,createdBy,branchId)  VALUES(NOW(),'700','4','Fuel to muyenga','3','6')
2017-08-08 13:37:35 SELECT SQL : SELECT id FROM accounts WHERE  branchId = '6' AND currency_id = '4'  
2017-08-08 13:37:35 INSERT SQL : INSERT INTO account_transfers  (ts,type,amount,charge,fromId,toId,transferRef,userId,amountAfterXchange,amountB4Xchange)  VALUES(NOW(),'transfer','700','0','23','0','0','3','700','700')
2017-08-08 13:37:35 Balance Update Params :
Branch Id : 6
Account ID : 23
Amount : -700
2017-08-08 13:37:35 SELECT SQL : SELECT * FROM balances WHERE  branchId = '6' AND accountId = '23'  
2017-08-08 13:37:35 SELECT SQL : SELECT * FROM balances WHERE  branchId = '6' AND accountId = '23' AND date = '2017-08-08'  
2017-08-08 13:37:35 UPDATE SQL : UPDATE balances SET closingBalance = '95199318' WHERE  branchId = '6' AND accountId = '23' AND date = '2017-08-08' 
2017-08-08 13:37:35 Balance Update Status 2:1
 2017-08-08 13:37:35 INSERT SQL : INSERT INTO branch_transaction  (ts,branch_id,amount,currency_id,transaction_type_id,details)  VALUES(NOW(),'6','700','4','4','Fuel to muyenga')
2017-08-08 13:37:35 Response : {"success":1,"data":"Your request was processed successfuly"}
2017-08-08 13:38:02 ---- New Request ----
2017-08-08 13:38:02 Controller : Transfers
2017-08-08 13:38:02 Method : credittransferaccountAction
2017-08-08 13:38:02 Controller File : controllers/Transfers.class.php, Exists
2017-08-08 13:38:02 Class constructed
2017-08-08 13:38:02 Class constructed
2017-08-08 13:38:02 Credit Transfer Account Params:
Amount : 40000
Exchange Rate : 3600
AccountId : 16
Amount After Xchange : 144000000
Password : 
Userid : 3
SessionID : ztc3IWoMugwQ6bHS2zBbFfIOkgv375yF
2017-08-08 13:38:02 SELECT SQL : SELECT * FROM users WHERE  id = '3'  
2017-08-08 13:38:02 SELECT SQL : SELECT * FROM settings WHERE  name = 'RNBAccount'  
2017-08-08 13:38:02 INSERT SQL : INSERT INTO account_transfers  (ts,type,amount,createdBy,toId,fromId,userId,exchangeRate,amountAfterXchange)  VALUES(NOW(),'transfer','40000','3','16','1','3','3600','144000000')
2017-08-08 13:38:02 SELECT SQL : SELECT * FROM accounts WHERE  id = '16'  
2017-08-08 13:38:02 Balance Update Params :
Branch Id : 5
Account ID : 16
Amount : 144000000
2017-08-08 13:38:02 SELECT SQL : SELECT * FROM balances WHERE  branchId = '5' AND accountId = '16'  
2017-08-08 13:38:02 SELECT SQL : SELECT * FROM balances WHERE  branchId = '5' AND accountId = '16' AND date = '2017-08-08'  
2017-08-08 13:38:02 UPDATE SQL : UPDATE balances SET closingBalance = '144130739' WHERE  branchId = '5' AND accountId = '16' AND date = '2017-08-08' 
2017-08-08 13:38:02 Balance Update Status 2:1
 2017-08-08 13:38:02 INSERT SQL : INSERT INTO branch_transaction  (ts,amount,exchange_rate,account_id,amount_from_rate,user_id,branch_id,transaction_type_id)  VALUES(NOW(),'40000','3600','16','144000000','3','','8')
2017-08-08 13:38:02 Response : {"success":1,"data":"Your request was processed successfully"}
2017-08-08 13:44:44 ---- New Request ----
2017-08-08 13:44:44 Controller : Transfers
2017-08-08 13:44:44 Method : credittransferaccountAction
2017-08-08 13:44:44 Controller File : controllers/Transfers.class.php, Exists
2017-08-08 13:44:44 Class constructed
2017-08-08 13:44:44 Class constructed
2017-08-08 13:44:44 Credit Transfer Account Params:
Amount : 3000
Exchange Rate : 300
AccountId : 20
Amount After Xchange : 900000
Password : 
Userid : 3
SessionID : ztc3IWoMugwQ6bHS2zBbFfIOkgv375yF
2017-08-08 13:44:44 SELECT SQL : SELECT * FROM users WHERE  id = '3'  
2017-08-08 13:44:44 SELECT SQL : SELECT * FROM settings WHERE  name = 'RNBAccount'  
2017-08-08 13:44:44 INSERT SQL : INSERT INTO account_transfers  (ts,type,amount,createdBy,toId,fromId,userId,exchangeRate,amountAfterXchange)  VALUES(NOW(),'transfer','3000','3','20','1','3','300','900000')
2017-08-08 13:44:44 SELECT SQL : SELECT * FROM accounts WHERE  id = '20'  
2017-08-08 13:44:44 Balance Update Params :
Branch Id : 6
Account ID : 20
Amount : 900000
2017-08-08 13:44:44 SELECT SQL : SELECT * FROM balances WHERE  branchId = '6' AND accountId = '20'  
2017-08-08 13:44:44 INSERT SQL : INSERT INTO balances  (ts,branchId,accountId,openingBalance,closingBalance,date)  VALUES(NOW(),'6','20','900000','900000','2017-08-08')
2017-08-08 13:44:44 Balance Create Insert ID :45
 2017-08-08 13:44:44 INSERT SQL : INSERT INTO branch_transaction  (ts,amount,exchange_rate,account_id,amount_from_rate,user_id,branch_id,transaction_type_id)  VALUES(NOW(),'3000','300','20','900000','3','','8')
2017-08-08 13:44:44 Response : {"success":1,"data":"Your request was processed successfully"}
2017-08-08 13:45:38 ---- New Request ----
2017-08-08 13:45:38 Controller : Transfers
2017-08-08 13:45:38 Method : credittransferaccountAction
2017-08-08 13:45:38 Controller File : controllers/Transfers.class.php, Exists
2017-08-08 13:45:38 Class constructed
2017-08-08 13:45:38 Class constructed
2017-08-08 13:45:38 Credit Transfer Account Params:
Amount : 4000
Exchange Rate : 30
AccountId : 20
Amount After Xchange : 120000
Password : 
Userid : 3
SessionID : ztc3IWoMugwQ6bHS2zBbFfIOkgv375yF
2017-08-08 13:45:38 SELECT SQL : SELECT * FROM users WHERE  id = '3'  
2017-08-08 13:45:38 SELECT SQL : SELECT * FROM settings WHERE  name = 'RNBAccount'  
2017-08-08 13:45:38 INSERT SQL : INSERT INTO account_transfers  (ts,type,amount,createdBy,toId,fromId,userId,exchangeRate,amountAfterXchange)  VALUES(NOW(),'transfer','4000','3','20','1','3','30','120000')
2017-08-08 13:45:38 SELECT SQL : SELECT * FROM accounts WHERE  id = '20'  
2017-08-08 13:45:39 Balance Update Params :
Branch Id : 6
Account ID : 20
Amount : 120000
2017-08-08 13:45:39 SELECT SQL : SELECT * FROM balances WHERE  branchId = '6' AND accountId = '20'  
2017-08-08 13:45:39 SELECT SQL : SELECT * FROM balances WHERE  branchId = '6' AND accountId = '20' AND date = '2017-08-08'  
2017-08-08 13:45:39 UPDATE SQL : UPDATE balances SET closingBalance = '1020000' WHERE  branchId = '6' AND accountId = '20' AND date = '2017-08-08' 
2017-08-08 13:45:39 Balance Update Status 2:1
 2017-08-08 13:45:39 INSERT SQL : INSERT INTO branch_transaction  (ts,amount,exchange_rate,account_id,amount_from_rate,user_id,branch_id,transaction_type_id)  VALUES(NOW(),'4000','30','20','120000','3','6','8')
2017-08-08 13:45:39 Response : {"success":1,"data":"Your request was processed successfully"}
2017-08-08 13:48:26 ---- New Request ----
2017-08-08 13:48:26 Controller : Users
2017-08-08 13:48:26 Method : loginAction
2017-08-08 13:48:26 Controller File : controllers/Users.class.php, Exists
2017-08-08 13:48:26 Class constructed
2017-08-08 13:48:26 Login Params ;Username :lydia
Password : ******
2017-08-08 13:48:26 SELECT SQL : SELECT id,firstName,surname,userName,userTypeId,sessionId,password,active,branchId FROM users WHERE  userName = 'lydia'  
2017-08-08 13:48:26 SELECT SQL : SELECT name FROM branches WHERE  id = '6'  
2017-08-08 13:48:26 UPDATE SQL : UPDATE users SET sessionId = 'vVYboY20aWvDXeSBhUjTixEPNY52YFNY',ipAddress = '127.0.0.1' WHERE  id = '3' 
2017-08-08 13:48:27 Response : {"success":1,"data":{"id":"3","firstName":"Lydia","surname":"Amoi","userName":"lydia","userTypeId":"2","sessionId":"vVYboY20aWvDXeSBhUjTixEPNY52YFNY","branchId":"6","branchName":"OASIS MALL"}}
2017-08-08 13:48:28 ---- New Request ----
2017-08-08 13:48:28 Controller : Users
2017-08-08 13:48:28 Method : formsdetailsAction
2017-08-08 13:48:28 Controller File : controllers/Users.class.php, Exists
2017-08-08 13:48:28 Class constructed
2017-08-08 13:48:28 Details Params :
SessionID :vVYboY20aWvDXeSBhUjTixEPNY52YFNY
User ID : 3
2017-08-08 13:48:28 SELECT SQL : SELECT * FROM branches WHERE  active = '1'  
2017-08-08 13:48:28 SELECT SQL : SELECT * FROM countries WHERE  active = '1'  
2017-08-08 13:48:28 SELECT SQL : SELECT * FROM identification WHERE  active = '1'  
2017-08-08 13:48:28 SELECT SQL : SELECT * FROM users WHERE  active = '1'  
2017-08-08 13:48:28 SELECT SQL : SELECT id,name,branchId,currency_id FROM accounts WHERE  active = '1' AND type_id = '1'  
2017-08-08 13:48:28 Balance Update Params :
Branch Id : 5
Account ID : 16
Amount : 0
2017-08-08 13:48:28 SELECT SQL : SELECT * FROM balances WHERE  branchId = '5' AND accountId = '16'  
2017-08-08 13:48:28 SELECT SQL : SELECT * FROM balances WHERE  branchId = '5' AND accountId = '16' AND date = '2017-08-08'  
2017-08-08 13:48:28 UPDATE SQL : UPDATE balances SET closingBalance = '144130739' WHERE  branchId = '5' AND accountId = '16' AND date = '2017-08-08' 
2017-08-08 13:48:28 Balance Update Status 2:1
 2017-08-08 13:48:28 Balance Update Params :
Branch Id : 6
Account ID : 20
Amount : 0
2017-08-08 13:48:28 SELECT SQL : SELECT * FROM balances WHERE  branchId = '6' AND accountId = '20'  
2017-08-08 13:48:28 SELECT SQL : SELECT * FROM balances WHERE  branchId = '6' AND accountId = '20' AND date = '2017-08-08'  
2017-08-08 13:48:28 UPDATE SQL : UPDATE balances SET closingBalance = '1020000' WHERE  branchId = '6' AND accountId = '20' AND date = '2017-08-08' 
2017-08-08 13:48:28 Balance Update Status 2:1
 2017-08-08 13:48:28 Balance Update Params :
Branch Id : 6
Account ID : 21
Amount : 0
2017-08-08 13:48:28 SELECT SQL : SELECT * FROM balances WHERE  branchId = '6' AND accountId = '21'  
2017-08-08 13:48:28 SELECT SQL : SELECT * FROM balances WHERE  branchId = '6' AND accountId = '21' AND date = '2017-08-08'  
2017-08-08 13:48:28 UPDATE SQL : UPDATE balances SET closingBalance = '1882409' WHERE  branchId = '6' AND accountId = '21' AND date = '2017-08-08' 
2017-08-08 13:48:28 Balance Update Status 2:1
 2017-08-08 13:48:28 Balance Update Params :
Branch Id : 6
Account ID : 22
Amount : 0
2017-08-08 13:48:28 SELECT SQL : SELECT * FROM balances WHERE  branchId = '6' AND accountId = '22'  
2017-08-08 13:48:28 Balance Update Params :
Branch Id : 6
Account ID : 23
Amount : 0
2017-08-08 13:48:28 SELECT SQL : SELECT * FROM balances WHERE  branchId = '6' AND accountId = '23'  
2017-08-08 13:48:28 SELECT SQL : SELECT * FROM balances WHERE  branchId = '6' AND accountId = '23' AND date = '2017-08-08'  
2017-08-08 13:48:28 UPDATE SQL : UPDATE balances SET closingBalance = '95199318' WHERE  branchId = '6' AND accountId = '23' AND date = '2017-08-08' 
2017-08-08 13:48:28 Balance Update Status 2:1
 2017-08-08 13:48:28 Balance Update Params :
Branch Id : 6
Account ID : 24
Amount : 0
2017-08-08 13:48:28 SELECT SQL : SELECT * FROM balances WHERE  branchId = '6' AND accountId = '24'  
2017-08-08 13:48:28 Balance Update Params :
Branch Id : 11
Account ID : 27
Amount : 0
2017-08-08 13:48:28 SELECT SQL : SELECT * FROM balances WHERE  branchId = '11' AND accountId = '27'  
2017-08-08 13:48:28 Balance Update Params :
Branch Id : 11
Account ID : 28
Amount : 0
2017-08-08 13:48:28 SELECT SQL : SELECT * FROM balances WHERE  branchId = '11' AND accountId = '28'  
2017-08-08 13:48:28 Balance Update Params :
Branch Id : 12
Account ID : 33
Amount : 0
2017-08-08 13:48:28 SELECT SQL : SELECT * FROM balances WHERE  branchId = '12' AND accountId = '33'  
2017-08-08 13:48:28 SELECT SQL : SELECT * FROM balances WHERE  branchId = '12' AND accountId = '33' AND date = '2017-08-08'  
2017-08-08 13:48:28 UPDATE SQL : UPDATE balances SET closingBalance = '25154' WHERE  branchId = '12' AND accountId = '33' AND date = '2017-08-08' 
2017-08-08 13:48:28 Balance Update Status 2:1
 2017-08-08 13:48:28 Balance Update Params :
Branch Id : 12
Account ID : 36
Amount : 0
2017-08-08 13:48:28 SELECT SQL : SELECT * FROM balances WHERE  branchId = '12' AND accountId = '36'  
2017-08-08 13:48:28 SELECT SQL : SELECT * FROM balances WHERE  branchId = '12' AND accountId = '36' AND date = '2017-08-08'  
2017-08-08 13:48:28 UPDATE SQL : UPDATE balances SET closingBalance = '7637' WHERE  branchId = '12' AND accountId = '36' AND date = '2017-08-08' 
2017-08-08 13:48:28 Balance Update Status 2:1
 2017-08-08 13:48:28 Balance Update Params :
Branch Id : 7
Account ID : 37
Amount : 0
2017-08-08 13:48:28 SELECT SQL : SELECT * FROM balances WHERE  branchId = '7' AND accountId = '37'  
2017-08-08 13:48:28 SELECT SQL : SELECT * FROM balances WHERE  branchId = '7' AND accountId = '37' AND date = '2017-08-08'  
2017-08-08 13:48:28 UPDATE SQL : UPDATE balances SET closingBalance = '93158' WHERE  branchId = '7' AND accountId = '37' AND date = '2017-08-08' 
2017-08-08 13:48:28 Balance Update Status 2:1
 2017-08-08 13:48:28 Balance Update Params :
Branch Id : 13
Account ID : 38
Amount : 0
2017-08-08 13:48:28 SELECT SQL : SELECT * FROM balances WHERE  branchId = '13' AND accountId = '38'  
2017-08-08 13:48:28 Balance Update Params :
Branch Id : 13
Account ID : 39
Amount : 0
2017-08-08 13:48:28 SELECT SQL : SELECT * FROM balances WHERE  branchId = '13' AND accountId = '39'  
2017-08-08 13:48:28 SELECT SQL : SELECT * FROM balances WHERE  branchId = '13' AND accountId = '39' AND date = '2017-08-08'  
2017-08-08 13:48:28 UPDATE SQL : UPDATE balances SET closingBalance = '-6840000001.9444' WHERE  branchId = '13' AND accountId = '39' AND date = '2017-08-08' 
2017-08-08 13:48:29 Balance Update Status 2:1
 2017-08-08 13:48:29 SELECT SQL : SELECT * FROM currencies WHERE  active = '1'  
2017-08-08 13:48:29 SELECT SQL : SELECT * FROM accounts WHERE  active = '1' AND type_id = '4'  
2017-08-08 13:48:29 SELECT SQL : SELECT * FROM account_types WHERE  active = '1'  
2017-08-08 13:48:29 SELECT SQL : SELECT * FROM user_types WHERE  active = '1'  
2017-08-08 13:48:29 Response : {"data":{"branches":[{"id":"5","name":"KINSHASHA","countryId":"4","location":"Patrice Avenue","supervisorId":"3","createdBy":"4","ts":"2017-06-30 00:06:55","active":"1"},{"id":"6","name":"OASIS MALL","countryId":"1","location":"Yusufu Lule Rd","supervisorId":"3","createdBy":"2","ts":"2017-06-30 00:12:08","active":"1"},{"id":"7","name":"GOMA","countryId":"4","location":"Goma","supervisorId":"3","createdBy":"1","ts":"2017-07-05 00:00:00","active":"1"},{"id":"9","name":"MOMBASA","countryId":"2","location":"Mombasa","supervisorId":"3","createdBy":"1","ts":"2017-07-05 00:00:00","active":"1"},{"id":"10","name":"DUBAI","countryId":"6","location":"Dubai","supervisorId":"3","createdBy":"1","ts":"2017-07-05 00:00:00","active":"1"},{"id":"11","name":"CHINA","countryId":"5","location":"China","supervisorId":"3","createdBy":"3","ts":"2017-07-05 13:23:17","active":"1"},{"id":"12","name":"NAIROBI","countryId":"2","location":"Nairobi","supervisorId":"3","createdBy":"3","ts":"2017-07-06 14:12:35","active":"1"},{"id":"13","name":"KAMPALA ROAD","countryId":"1","location":"kampala road","supervisorId":"3","createdBy":"3","ts":"2017-07-06 14:12:35","active":"1"}],"countries":[{"id":"1","name":"UGANDA","createdBy":"1","ts":"2017-06-25 23:13:31","active":"1"},{"id":"2","name":"KENYA","createdBy":"1","ts":"2017-06-26 09:02:45","active":"1"},{"id":"3","name":"TZ","createdBy":"1","ts":"2017-06-28 11:11:53","active":"1"},{"id":"4","name":"CONGO","createdBy":"1","ts":"2017-06-28 11:26:11","active":"1"},{"id":"5","name":"CHINA","createdBy":"1","ts":"2017-06-28 11:30:01","active":"1"},{"id":"6","name":"UAE","createdBy":"1","ts":"2017-07-05 00:00:00","active":"1"}],"ids":[[{"id":"1","name":"Passport","createdBy":"1","ts":"2017-06-28 14:00:01","active":"1"},{"id":"2","name":"National ID","createdBy":"1","ts":"2017-06-28 14:00:01","active":"1"},{"id":"3","name":"STUDENTS ID","createdBy":"1","ts":"2017-06-28 16:21:46","active":"1"}]],"users":[{"id":"1","firstName":"You","surname":"Jinshu","email":"hudsonbogere@swipeit.co.ug","phone":"256783131266","userName":"you","branchId":"0","userTypeId":"1","password":"$2y$10$pPGbhJ1RXx\/ug.ED3LnsQuKHJTqwYsa\/iF0OqGOgsjflkHKIDTLVq","sessionId":"","ipAddress":"41.75.173.102","createdBy":null,"ts":"2017-06-23 15:08:12","active":"1"},{"id":"2","firstName":"Nansubuga","surname":"Dorothy","email":"henry@gmail.com","phone":"256752284441","userName":"dorah","branchId":"12","userTypeId":"3","password":"$2y$10$F9t92sYKf2rDJ.JzCmrrT.Jt1Ix37Fuo.uZKpXPn69dgDUTZ8xLXi","sessionId":"","ipAddress":"105.231.196.253","createdBy":"1","ts":"2017-06-26 19:11:07","active":"1"},{"id":"3","firstName":"Lydia","surname":"Amoi","email":"islam@gmail.com","phone":"256777608310","userName":"lydia","branchId":"6","userTypeId":"2","password":"$2y$10$m72Zz8Z.h4\/Zp6TFDhmbXeQ79kZ7JJ2U0yLUanc0dDVxbc.5UPkRG","sessionId":"vVYboY20aWvDXeSBhUjTixEPNY52YFNY","ipAddress":"127.0.0.1","createdBy":"1","ts":"2017-06-26 19:41:01","active":"1"},{"id":"4","firstName":"Nabukera","surname":"Maria","email":"banerd@tfb.com","phone":"256774457813","userName":"maria","branchId":"5","userTypeId":"5","password":"$2y$10$wTpUE\/WJFMfQaBglrQocTO9ndV6dbxL2vzFDEJZ1hpVVp4binpXGO","sessionId":"","ipAddress":"::1","createdBy":"1","ts":"2017-06-26 23:04:07","active":"1"},{"id":"5","firstName":"Henry","surname":"Bbosa","email":null,"phone":null,"userName":"Henry","branchId":"11","userTypeId":"3","password":"$2y$10$m72Zz8Z.h4\/Zp6TFDhmbXeQ79kZ7JJ2U0yLUanc0dDVxbc.5UPkRG","sessionId":"","ipAddress":"41.210.154.223","createdBy":"1","ts":"2017-07-05 00:00:00","active":"1"},{"id":"6","firstName":"Edwin","surname":"Kakeeto","email":"edwin@edwin.com","phone":"0777777557","userName":"edwin","branchId":"7","userTypeId":"3","password":"$2y$10$wTpUE\/WJFMfQaBglrQocTO9ndV6dbxL2vzFDEJZ1hpVVp4binpXGO","sessionId":"KRX8Yh2iqId0EWTdOh43HSfBIE4fr5lp","ipAddress":"41.243.17.77","createdBy":"3","ts":"2017-07-10 07:37:50","active":"1"},{"id":"7","firstName":"Trish","surname":"Baby","email":"patricia@gmail.com","phone":"0777777557","userName":"trish","branchId":"13","userTypeId":"3","password":"$2y$10$m72Zz8Z.h4\/Zp6TFDhmbXeQ79kZ7JJ2U0yLUanc0dDVxbc.5UPkRG","sessionId":"hxM1lP1Vd3HEvf3x2QoqRy2njxote3kF","ipAddress":"::1","createdBy":null,"ts":null,"active":"1"},{"id":"8","firstName":"cedric","surname":"cedric","email":"cedric@gmail.com","phone":"+256754813912","userName":"cedric","branchId":"7","userTypeId":"3","password":"$2y$10$m72Zz8Z.h4\/Zp6TFDhmbXeQ79kZ7JJ2U0yLUanc0dDVxbc.5UPkRG","sessionId":"3FRemJkS0c4MdRvK14bqZtR2IZCiupvX","ipAddress":"::1","createdBy":null,"ts":null,"active":"1"},{"id":"9","firstName":"Bravia","surname":"Muzira","email":"muzira@gmail.com","phone":"+256771889211","userName":"Braviah","branchId":"6","userTypeId":"3","password":"$2y$10$m72Zz8Z.h4\/Zp6TFDhmbXeQ79kZ7JJ2U0yLUanc0dDVxbc.5UPkRG","sessionId":"CNHdx868gWwwaWl34QWYmNGxDsy1g0Dy","ipAddress":"41.210.154.223","createdBy":null,"ts":null,"active":"1"}],"accounts":[{"id":"16","name":"KINSHASHA-USD Account","branchId":"5","currency_id":"2"},{"id":"20","name":"OASIS MALL-RMB Account","branchId":"6","currency_id":"1"},{"id":"21","name":"OASIS MALL-USD Account","branchId":"6","currency_id":"2"},{"id":"22","name":"OASIS MALL-DIRHAM Account","branchId":"6","currency_id":"3"},{"id":"23","name":"OASIS MALL-UGX Account","branchId":"6","currency_id":"4"},{"id":"24","name":"OASIS MALL-KSH Account","branchId":"6","currency_id":"5"},{"id":"27","name":"CHINA-RMB Account","branchId":"11","currency_id":"1"},{"id":"28","name":"CHINA-USD Account","branchId":"11","currency_id":"2"},{"id":"33","name":"NAIROBI-USD Account","branchId":"12","currency_id":"2"},{"id":"36","name":"NAIROBI-KSH Account","branchId":"12","currency_id":"5"},{"id":"37","name":"GOMA-USD ACCOUNT","branchId":"7","currency_id":"2"},{"id":"38","name":"KAMPALA ROAD -USD ACCOUNT","branchId":"13","currency_id":"2"},{"id":"39","name":"KAMPALA ROAD- UGX ACCOUNT ","branchId":"13","currency_id":"4"}],"currencies":[{"id":"1","name":"RMB","symbol":"\u00a5","createdBy":"1","ts":"2017-06-27 22:45:12","active":"1"},{"id":"2","name":"USD","symbol":"$","createdBy":"1","ts":"2017-06-27 22:45:12","active":"1"},{"id":"3","name":"DIRHAM","symbol":"","createdBy":"1","ts":"2017-06-28 11:40:09","active":"1"},{"id":"4","name":"UGX","symbol":"\/=","createdBy":"1","ts":"2017-06-28 11:46:50","active":"1"},{"id":"5","name":"KSH","symbol":"","createdBy":"1","ts":"2017-06-28 11:46:50","active":"1"}],"superaccount":[{"id":"1","name":"RMB Account","branchId":"0","type_id":"4","currency_id":"1","balance":"0","createdBy":"1","active":"1","ts":"2017-06-27 22:45:12"}],"accountTypes":[{"id":"1","type":"Transfer","description":"","createdBy":"1","ts":"2017-06-28 14:31:12","active":"1"},{"id":"2","type":"Suspense","description":"","createdBy":"1","ts":"2017-06-28 14:31:12","active":"1"},{"id":"4","type":"Super","description":"","createdBy":"1","ts":"2017-06-28 14:31:12","active":"1"}],"userTypes":[{"id":"1","name":"E-Value Admin","level":"1","ts":"2017-06-27 22:45:12","active":"1"},{"id":"2","name":"Super User","level":"2","ts":"2017-06-27 22:45:12","active":"1"},{"id":"3","name":"Agent","level":"3","ts":"2017-06-27 22:45:12","active":"1"},{"id":"4","name":"System Admin","level":"4","ts":"2017-06-27 22:45:12","active":"1"},{"id":"5","name":"superAgent","level":"3","ts":"2017-06-27 22:45:12","active":"1"}]},"success":1}
2017-08-08 13:48:47 ---- New Request ----
2017-08-08 13:48:47 Controller : Transfers
2017-08-08 13:48:47 Method : credittransferaccountAction
2017-08-08 13:48:47 Controller File : controllers/Transfers.class.php, Exists
2017-08-08 13:48:47 Class constructed
2017-08-08 13:48:47 Class constructed
2017-08-08 13:48:47 Credit Transfer Account Params:
Amount : 7000
Exchange Rate : 320
AccountId : 20
Amount After Xchange : 2240000
Password : 
Userid : 3
SessionID : vVYboY20aWvDXeSBhUjTixEPNY52YFNY
2017-08-08 13:48:47 SELECT SQL : SELECT * FROM users WHERE  id = '3'  
2017-08-08 13:48:47 SELECT SQL : SELECT * FROM settings WHERE  name = 'RNBAccount'  
2017-08-08 13:48:47 INSERT SQL : INSERT INTO account_transfers  (ts,type,amount,createdBy,toId,fromId,userId,exchangeRate,amountAfterXchange)  VALUES(NOW(),'transfer','7000','3','20','1','3','320','2240000')
2017-08-08 13:48:47 SELECT SQL : SELECT * FROM accounts WHERE  id = '20'  
2017-08-08 13:48:47 Balance Update Params :
Branch Id : 6
Account ID : 20
Amount : 2240000
2017-08-08 13:48:47 SELECT SQL : SELECT * FROM balances WHERE  branchId = '6' AND accountId = '20'  
2017-08-08 13:48:47 SELECT SQL : SELECT * FROM balances WHERE  branchId = '6' AND accountId = '20' AND date = '2017-08-08'  
2017-08-08 13:48:47 UPDATE SQL : UPDATE balances SET closingBalance = '3260000' WHERE  branchId = '6' AND accountId = '20' AND date = '2017-08-08' 
2017-08-08 13:48:47 Balance Update Status 2:1
 2017-08-08 13:48:47 INSERT SQL : INSERT INTO branch_transaction  (ts,amount,exchange_rate,account_id,amount_from_rate,user_id,branch_id,transaction_type_id)  VALUES(NOW(),'7000','320','20','2240000','3','6','8')
2017-08-08 13:48:47 Response : {"success":1,"data":"Your request was processed successfully"}
2017-08-08 13:49:00 ---- New Request ----
2017-08-08 13:49:00 Controller : Users
2017-08-08 13:49:00 Method : loginAction
2017-08-08 13:49:00 Controller File : controllers/Users.class.php, Exists
2017-08-08 13:49:00 Class constructed
2017-08-08 13:49:00 Login Params ;Username :lydia
Password : ******
2017-08-08 13:49:00 SELECT SQL : SELECT id,firstName,surname,userName,userTypeId,sessionId,password,active,branchId FROM users WHERE  userName = 'lydia'  
2017-08-08 13:49:00 SELECT SQL : SELECT name FROM branches WHERE  id = '6'  
2017-08-08 13:49:00 UPDATE SQL : UPDATE users SET sessionId = 'IjdDNE4fwui3Qjn53vHXrnamzKIGKIvn',ipAddress = '127.0.0.1' WHERE  id = '3' 
2017-08-08 13:49:00 Response : {"success":1,"data":{"id":"3","firstName":"Lydia","surname":"Amoi","userName":"lydia","userTypeId":"2","sessionId":"IjdDNE4fwui3Qjn53vHXrnamzKIGKIvn","branchId":"6","branchName":"OASIS MALL"}}
2017-08-08 13:49:01 ---- New Request ----
2017-08-08 13:49:01 Controller : Users
2017-08-08 13:49:01 Method : formsdetailsAction
2017-08-08 13:49:01 Controller File : controllers/Users.class.php, Exists
2017-08-08 13:49:01 Class constructed
2017-08-08 13:49:01 Details Params :
SessionID :IjdDNE4fwui3Qjn53vHXrnamzKIGKIvn
User ID : 3
2017-08-08 13:49:01 SELECT SQL : SELECT * FROM branches WHERE  active = '1'  
2017-08-08 13:49:01 SELECT SQL : SELECT * FROM countries WHERE  active = '1'  
2017-08-08 13:49:01 SELECT SQL : SELECT * FROM identification WHERE  active = '1'  
2017-08-08 13:49:01 SELECT SQL : SELECT * FROM users WHERE  active = '1'  
2017-08-08 13:49:01 SELECT SQL : SELECT id,name,branchId,currency_id FROM accounts WHERE  active = '1' AND type_id = '1'  
2017-08-08 13:49:01 Balance Update Params :
Branch Id : 5
Account ID : 16
Amount : 0
2017-08-08 13:49:01 SELECT SQL : SELECT * FROM balances WHERE  branchId = '5' AND accountId = '16'  
2017-08-08 13:49:01 SELECT SQL : SELECT * FROM balances WHERE  branchId = '5' AND accountId = '16' AND date = '2017-08-08'  
2017-08-08 13:49:01 UPDATE SQL : UPDATE balances SET closingBalance = '144130739' WHERE  branchId = '5' AND accountId = '16' AND date = '2017-08-08' 
2017-08-08 13:49:01 Balance Update Status 2:1
 2017-08-08 13:49:01 Balance Update Params :
Branch Id : 6
Account ID : 20
Amount : 0
2017-08-08 13:49:01 SELECT SQL : SELECT * FROM balances WHERE  branchId = '6' AND accountId = '20'  
2017-08-08 13:49:01 SELECT SQL : SELECT * FROM balances WHERE  branchId = '6' AND accountId = '20' AND date = '2017-08-08'  
2017-08-08 13:49:01 UPDATE SQL : UPDATE balances SET closingBalance = '3260000' WHERE  branchId = '6' AND accountId = '20' AND date = '2017-08-08' 
2017-08-08 13:49:01 Balance Update Status 2:1
 2017-08-08 13:49:01 Balance Update Params :
Branch Id : 6
Account ID : 21
Amount : 0
2017-08-08 13:49:01 SELECT SQL : SELECT * FROM balances WHERE  branchId = '6' AND accountId = '21'  
2017-08-08 13:49:01 SELECT SQL : SELECT * FROM balances WHERE  branchId = '6' AND accountId = '21' AND date = '2017-08-08'  
2017-08-08 13:49:01 UPDATE SQL : UPDATE balances SET closingBalance = '1882409' WHERE  branchId = '6' AND accountId = '21' AND date = '2017-08-08' 
2017-08-08 13:49:01 Balance Update Status 2:1
 2017-08-08 13:49:01 Balance Update Params :
Branch Id : 6
Account ID : 22
Amount : 0
2017-08-08 13:49:01 SELECT SQL : SELECT * FROM balances WHERE  branchId = '6' AND accountId = '22'  
2017-08-08 13:49:01 Balance Update Params :
Branch Id : 6
Account ID : 23
Amount : 0
2017-08-08 13:49:01 SELECT SQL : SELECT * FROM balances WHERE  branchId = '6' AND accountId = '23'  
2017-08-08 13:49:01 SELECT SQL : SELECT * FROM balances WHERE  branchId = '6' AND accountId = '23' AND date = '2017-08-08'  
2017-08-08 13:49:01 UPDATE SQL : UPDATE balances SET closingBalance = '95199318' WHERE  branchId = '6' AND accountId = '23' AND date = '2017-08-08' 
2017-08-08 13:49:01 Balance Update Status 2:1
 2017-08-08 13:49:01 Balance Update Params :
Branch Id : 6
Account ID : 24
Amount : 0
2017-08-08 13:49:01 SELECT SQL : SELECT * FROM balances WHERE  branchId = '6' AND accountId = '24'  
2017-08-08 13:49:01 Balance Update Params :
Branch Id : 11
Account ID : 27
Amount : 0
2017-08-08 13:49:01 SELECT SQL : SELECT * FROM balances WHERE  branchId = '11' AND accountId = '27'  
2017-08-08 13:49:01 Balance Update Params :
Branch Id : 11
Account ID : 28
Amount : 0
2017-08-08 13:49:01 SELECT SQL : SELECT * FROM balances WHERE  branchId = '11' AND accountId = '28'  
2017-08-08 13:49:01 Balance Update Params :
Branch Id : 12
Account ID : 33
Amount : 0
2017-08-08 13:49:01 SELECT SQL : SELECT * FROM balances WHERE  branchId = '12' AND accountId = '33'  
2017-08-08 13:49:01 SELECT SQL : SELECT * FROM balances WHERE  branchId = '12' AND accountId = '33' AND date = '2017-08-08'  
2017-08-08 13:49:01 UPDATE SQL : UPDATE balances SET closingBalance = '25154' WHERE  branchId = '12' AND accountId = '33' AND date = '2017-08-08' 
2017-08-08 13:49:01 Balance Update Status 2:1
 2017-08-08 13:49:01 Balance Update Params :
Branch Id : 12
Account ID : 36
Amount : 0
2017-08-08 13:49:01 SELECT SQL : SELECT * FROM balances WHERE  branchId = '12' AND accountId = '36'  
2017-08-08 13:49:01 SELECT SQL : SELECT * FROM balances WHERE  branchId = '12' AND accountId = '36' AND date = '2017-08-08'  
2017-08-08 13:49:01 UPDATE SQL : UPDATE balances SET closingBalance = '7637' WHERE  branchId = '12' AND accountId = '36' AND date = '2017-08-08' 
2017-08-08 13:49:02 Balance Update Status 2:1
 2017-08-08 13:49:02 Balance Update Params :
Branch Id : 7
Account ID : 37
Amount : 0
2017-08-08 13:49:02 SELECT SQL : SELECT * FROM balances WHERE  branchId = '7' AND accountId = '37'  
2017-08-08 13:49:02 SELECT SQL : SELECT * FROM balances WHERE  branchId = '7' AND accountId = '37' AND date = '2017-08-08'  
2017-08-08 13:49:02 UPDATE SQL : UPDATE balances SET closingBalance = '93158' WHERE  branchId = '7' AND accountId = '37' AND date = '2017-08-08' 
2017-08-08 13:49:02 Balance Update Status 2:1
 2017-08-08 13:49:02 Balance Update Params :
Branch Id : 13
Account ID : 38
Amount : 0
2017-08-08 13:49:02 SELECT SQL : SELECT * FROM balances WHERE  branchId = '13' AND accountId = '38'  
2017-08-08 13:49:02 Balance Update Params :
Branch Id : 13
Account ID : 39
Amount : 0
2017-08-08 13:49:02 SELECT SQL : SELECT * FROM balances WHERE  branchId = '13' AND accountId = '39'  
2017-08-08 13:49:02 SELECT SQL : SELECT * FROM balances WHERE  branchId = '13' AND accountId = '39' AND date = '2017-08-08'  
2017-08-08 13:49:02 UPDATE SQL : UPDATE balances SET closingBalance = '-6840000001.9444' WHERE  branchId = '13' AND accountId = '39' AND date = '2017-08-08' 
2017-08-08 13:49:02 Balance Update Status 2:1
 2017-08-08 13:49:02 SELECT SQL : SELECT * FROM currencies WHERE  active = '1'  
2017-08-08 13:49:02 SELECT SQL : SELECT * FROM accounts WHERE  active = '1' AND type_id = '4'  
2017-08-08 13:49:02 SELECT SQL : SELECT * FROM account_types WHERE  active = '1'  
2017-08-08 13:49:02 SELECT SQL : SELECT * FROM user_types WHERE  active = '1'  
2017-08-08 13:49:02 Response : {"data":{"branches":[{"id":"5","name":"KINSHASHA","countryId":"4","location":"Patrice Avenue","supervisorId":"3","createdBy":"4","ts":"2017-06-30 00:06:55","active":"1"},{"id":"6","name":"OASIS MALL","countryId":"1","location":"Yusufu Lule Rd","supervisorId":"3","createdBy":"2","ts":"2017-06-30 00:12:08","active":"1"},{"id":"7","name":"GOMA","countryId":"4","location":"Goma","supervisorId":"3","createdBy":"1","ts":"2017-07-05 00:00:00","active":"1"},{"id":"9","name":"MOMBASA","countryId":"2","location":"Mombasa","supervisorId":"3","createdBy":"1","ts":"2017-07-05 00:00:00","active":"1"},{"id":"10","name":"DUBAI","countryId":"6","location":"Dubai","supervisorId":"3","createdBy":"1","ts":"2017-07-05 00:00:00","active":"1"},{"id":"11","name":"CHINA","countryId":"5","location":"China","supervisorId":"3","createdBy":"3","ts":"2017-07-05 13:23:17","active":"1"},{"id":"12","name":"NAIROBI","countryId":"2","location":"Nairobi","supervisorId":"3","createdBy":"3","ts":"2017-07-06 14:12:35","active":"1"},{"id":"13","name":"KAMPALA ROAD","countryId":"1","location":"kampala road","supervisorId":"3","createdBy":"3","ts":"2017-07-06 14:12:35","active":"1"}],"countries":[{"id":"1","name":"UGANDA","createdBy":"1","ts":"2017-06-25 23:13:31","active":"1"},{"id":"2","name":"KENYA","createdBy":"1","ts":"2017-06-26 09:02:45","active":"1"},{"id":"3","name":"TZ","createdBy":"1","ts":"2017-06-28 11:11:53","active":"1"},{"id":"4","name":"CONGO","createdBy":"1","ts":"2017-06-28 11:26:11","active":"1"},{"id":"5","name":"CHINA","createdBy":"1","ts":"2017-06-28 11:30:01","active":"1"},{"id":"6","name":"UAE","createdBy":"1","ts":"2017-07-05 00:00:00","active":"1"}],"ids":[[{"id":"1","name":"Passport","createdBy":"1","ts":"2017-06-28 14:00:01","active":"1"},{"id":"2","name":"National ID","createdBy":"1","ts":"2017-06-28 14:00:01","active":"1"},{"id":"3","name":"STUDENTS ID","createdBy":"1","ts":"2017-06-28 16:21:46","active":"1"}]],"users":[{"id":"1","firstName":"You","surname":"Jinshu","email":"hudsonbogere@swipeit.co.ug","phone":"256783131266","userName":"you","branchId":"0","userTypeId":"1","password":"$2y$10$pPGbhJ1RXx\/ug.ED3LnsQuKHJTqwYsa\/iF0OqGOgsjflkHKIDTLVq","sessionId":"","ipAddress":"41.75.173.102","createdBy":null,"ts":"2017-06-23 15:08:12","active":"1"},{"id":"2","firstName":"Nansubuga","surname":"Dorothy","email":"henry@gmail.com","phone":"256752284441","userName":"dorah","branchId":"12","userTypeId":"3","password":"$2y$10$F9t92sYKf2rDJ.JzCmrrT.Jt1Ix37Fuo.uZKpXPn69dgDUTZ8xLXi","sessionId":"","ipAddress":"105.231.196.253","createdBy":"1","ts":"2017-06-26 19:11:07","active":"1"},{"id":"3","firstName":"Lydia","surname":"Amoi","email":"islam@gmail.com","phone":"256777608310","userName":"lydia","branchId":"6","userTypeId":"2","password":"$2y$10$m72Zz8Z.h4\/Zp6TFDhmbXeQ79kZ7JJ2U0yLUanc0dDVxbc.5UPkRG","sessionId":"IjdDNE4fwui3Qjn53vHXrnamzKIGKIvn","ipAddress":"127.0.0.1","createdBy":"1","ts":"2017-06-26 19:41:01","active":"1"},{"id":"4","firstName":"Nabukera","surname":"Maria","email":"banerd@tfb.com","phone":"256774457813","userName":"maria","branchId":"5","userTypeId":"5","password":"$2y$10$wTpUE\/WJFMfQaBglrQocTO9ndV6dbxL2vzFDEJZ1hpVVp4binpXGO","sessionId":"","ipAddress":"::1","createdBy":"1","ts":"2017-06-26 23:04:07","active":"1"},{"id":"5","firstName":"Henry","surname":"Bbosa","email":null,"phone":null,"userName":"Henry","branchId":"11","userTypeId":"3","password":"$2y$10$m72Zz8Z.h4\/Zp6TFDhmbXeQ79kZ7JJ2U0yLUanc0dDVxbc.5UPkRG","sessionId":"","ipAddress":"41.210.154.223","createdBy":"1","ts":"2017-07-05 00:00:00","active":"1"},{"id":"6","firstName":"Edwin","surname":"Kakeeto","email":"edwin@edwin.com","phone":"0777777557","userName":"edwin","branchId":"7","userTypeId":"3","password":"$2y$10$wTpUE\/WJFMfQaBglrQocTO9ndV6dbxL2vzFDEJZ1hpVVp4binpXGO","sessionId":"KRX8Yh2iqId0EWTdOh43HSfBIE4fr5lp","ipAddress":"41.243.17.77","createdBy":"3","ts":"2017-07-10 07:37:50","active":"1"},{"id":"7","firstName":"Trish","surname":"Baby","email":"patricia@gmail.com","phone":"0777777557","userName":"trish","branchId":"13","userTypeId":"3","password":"$2y$10$m72Zz8Z.h4\/Zp6TFDhmbXeQ79kZ7JJ2U0yLUanc0dDVxbc.5UPkRG","sessionId":"hxM1lP1Vd3HEvf3x2QoqRy2njxote3kF","ipAddress":"::1","createdBy":null,"ts":null,"active":"1"},{"id":"8","firstName":"cedric","surname":"cedric","email":"cedric@gmail.com","phone":"+256754813912","userName":"cedric","branchId":"7","userTypeId":"3","password":"$2y$10$m72Zz8Z.h4\/Zp6TFDhmbXeQ79kZ7JJ2U0yLUanc0dDVxbc.5UPkRG","sessionId":"3FRemJkS0c4MdRvK14bqZtR2IZCiupvX","ipAddress":"::1","createdBy":null,"ts":null,"active":"1"},{"id":"9","firstName":"Bravia","surname":"Muzira","email":"muzira@gmail.com","phone":"+256771889211","userName":"Braviah","branchId":"6","userTypeId":"3","password":"$2y$10$m72Zz8Z.h4\/Zp6TFDhmbXeQ79kZ7JJ2U0yLUanc0dDVxbc.5UPkRG","sessionId":"CNHdx868gWwwaWl34QWYmNGxDsy1g0Dy","ipAddress":"41.210.154.223","createdBy":null,"ts":null,"active":"1"}],"accounts":[{"id":"16","name":"KINSHASHA-USD Account","branchId":"5","currency_id":"2"},{"id":"20","name":"OASIS MALL-RMB Account","branchId":"6","currency_id":"1"},{"id":"21","name":"OASIS MALL-USD Account","branchId":"6","currency_id":"2"},{"id":"22","name":"OASIS MALL-DIRHAM Account","branchId":"6","currency_id":"3"},{"id":"23","name":"OASIS MALL-UGX Account","branchId":"6","currency_id":"4"},{"id":"24","name":"OASIS MALL-KSH Account","branchId":"6","currency_id":"5"},{"id":"27","name":"CHINA-RMB Account","branchId":"11","currency_id":"1"},{"id":"28","name":"CHINA-USD Account","branchId":"11","currency_id":"2"},{"id":"33","name":"NAIROBI-USD Account","branchId":"12","currency_id":"2"},{"id":"36","name":"NAIROBI-KSH Account","branchId":"12","currency_id":"5"},{"id":"37","name":"GOMA-USD ACCOUNT","branchId":"7","currency_id":"2"},{"id":"38","name":"KAMPALA ROAD -USD ACCOUNT","branchId":"13","currency_id":"2"},{"id":"39","name":"KAMPALA ROAD- UGX ACCOUNT ","branchId":"13","currency_id":"4"}],"currencies":[{"id":"1","name":"RMB","symbol":"\u00a5","createdBy":"1","ts":"2017-06-27 22:45:12","active":"1"},{"id":"2","name":"USD","symbol":"$","createdBy":"1","ts":"2017-06-27 22:45:12","active":"1"},{"id":"3","name":"DIRHAM","symbol":"","createdBy":"1","ts":"2017-06-28 11:40:09","active":"1"},{"id":"4","name":"UGX","symbol":"\/=","createdBy":"1","ts":"2017-06-28 11:46:50","active":"1"},{"id":"5","name":"KSH","symbol":"","createdBy":"1","ts":"2017-06-28 11:46:50","active":"1"}],"superaccount":[{"id":"1","name":"RMB Account","branchId":"0","type_id":"4","currency_id":"1","balance":"0","createdBy":"1","active":"1","ts":"2017-06-27 22:45:12"}],"accountTypes":[{"id":"1","type":"Transfer","description":"","createdBy":"1","ts":"2017-06-28 14:31:12","active":"1"},{"id":"2","type":"Suspense","description":"","createdBy":"1","ts":"2017-06-28 14:31:12","active":"1"},{"id":"4","type":"Super","description":"","createdBy":"1","ts":"2017-06-28 14:31:12","active":"1"}],"userTypes":[{"id":"1","name":"E-Value Admin","level":"1","ts":"2017-06-27 22:45:12","active":"1"},{"id":"2","name":"Super User","level":"2","ts":"2017-06-27 22:45:12","active":"1"},{"id":"3","name":"Agent","level":"3","ts":"2017-06-27 22:45:12","active":"1"},{"id":"4","name":"System Admin","level":"4","ts":"2017-06-27 22:45:12","active":"1"},{"id":"5","name":"superAgent","level":"3","ts":"2017-06-27 22:45:12","active":"1"}]},"success":1}
2017-08-08 13:49:11 ---- New Request ----
2017-08-08 13:49:11 Controller : Transfers
2017-08-08 13:49:11 Method : credittransferaccountAction
2017-08-08 13:49:11 Controller File : controllers/Transfers.class.php, Exists
2017-08-08 13:49:11 Class constructed
2017-08-08 13:49:11 Class constructed
2017-08-08 13:49:11 Credit Transfer Account Params:
Amount : 300
Exchange Rate : 30
AccountId : 24
Amount After Xchange : 9000
Password : 
Userid : 3
SessionID : IjdDNE4fwui3Qjn53vHXrnamzKIGKIvn
2017-08-08 13:49:11 SELECT SQL : SELECT * FROM users WHERE  id = '3'  
2017-08-08 13:49:11 SELECT SQL : SELECT * FROM settings WHERE  name = 'RNBAccount'  
2017-08-08 13:49:11 INSERT SQL : INSERT INTO account_transfers  (ts,type,amount,createdBy,toId,fromId,userId,exchangeRate,amountAfterXchange)  VALUES(NOW(),'transfer','300','3','24','1','3','30','9000')
2017-08-08 13:49:11 SELECT SQL : SELECT * FROM accounts WHERE  id = '24'  
2017-08-08 13:49:11 Balance Update Params :
Branch Id : 6
Account ID : 24
Amount : 9000
2017-08-08 13:49:11 SELECT SQL : SELECT * FROM balances WHERE  branchId = '6' AND accountId = '24'  
2017-08-08 13:49:11 INSERT SQL : INSERT INTO balances  (ts,branchId,accountId,openingBalance,closingBalance,date)  VALUES(NOW(),'6','24','9000','9000','2017-08-08')
2017-08-08 13:49:11 Balance Create Insert ID :46
 2017-08-08 13:49:11 INSERT SQL : INSERT INTO branch_transaction  (ts,amount,exchange_rate,account_id,amount_from_rate,user_id,branch_id,transaction_type_id)  VALUES(NOW(),'300','30','24','9000','3','6','8')
2017-08-08 13:49:11 Response : {"success":1,"data":"Your request was processed successfully"}
