2017-07-18 12:44:25 ---- New Request ----
2017-07-18 12:44:25 Controller : Users
2017-07-18 12:44:25 Method : logoutAction
2017-07-18 12:44:25 Controller File : controllers/Users.class.php, Exists
2017-07-18 12:44:25 Class constructed
2017-07-18 12:44:25 Logout Params ;Session ID :W22UCpQ40vBvzCMPUqJOTzyFBsZYNHm6\User ID : 3
2017-07-18 12:44:25 UPDATE SQL : UPDATE users SET sessionId = '',ipAddress = '160.242.141.153' WHERE  id = '3' 
2017-07-18 12:44:25 Response : {"success":1}
2017-07-18 12:44:37 ---- New Request ----
2017-07-18 12:44:37 Controller : Users
2017-07-18 12:44:37 Method : loginAction
2017-07-18 12:44:37 Controller File : controllers/Users.class.php, Exists
2017-07-18 12:44:37 Class constructed
2017-07-18 12:44:37 Login Params ;Username :maria
Password : ******
2017-07-18 12:44:37 SELECT SQL : SELECT id,firstName,surname,userName,userTypeId,sessionId,password,active,branchId FROM users WHERE  userName = 'maria'  
2017-07-18 12:44:38 SELECT SQL : SELECT name FROM branches WHERE  id = '5'  
2017-07-18 12:44:38 UPDATE SQL : UPDATE users SET sessionId = '5ZTBIlWY4T4osJASzva3hNGJleqi7LAO',ipAddress = '160.242.141.153' WHERE  id = '4' 
2017-07-18 12:44:38 Response : {"success":1,"data":{"id":"4","firstName":"Nabukera","surname":"Maria","userName":"maria","userTypeId":"3","sessionId":"5ZTBIlWY4T4osJASzva3hNGJleqi7LAO","branchId":"5","branchName":"KINSHASHA"}}
2017-07-18 12:44:38 ---- New Request ----
2017-07-18 12:44:38 Controller : Users
2017-07-18 12:44:38 Method : loginAction
2017-07-18 12:44:38 Controller File : controllers/Users.class.php, Exists
2017-07-18 12:44:38 Class constructed
2017-07-18 12:44:38 Login Params ;Username :lydia
Password : ******
2017-07-18 12:44:38 SELECT SQL : SELECT id,firstName,surname,userName,userTypeId,sessionId,password,active,branchId FROM users WHERE  userName = 'lydia'  
2017-07-18 12:44:38 SELECT SQL : SELECT name FROM branches WHERE  id = '6'  
2017-07-18 12:44:38 UPDATE SQL : UPDATE users SET sessionId = 't7d5hWxgRDPJYG0vcp3fL6Fh2C75jWIV',ipAddress = '160.242.141.153' WHERE  id = '3' 
2017-07-18 12:44:38 Response : {"success":1,"data":{"id":"3","firstName":"Lydia","surname":"Amoi","userName":"lydia","userTypeId":"2","sessionId":"t7d5hWxgRDPJYG0vcp3fL6Fh2C75jWIV","branchId":"6","branchName":"OASIS MALL"}}
2017-07-18 12:44:39 ---- New Request ----
2017-07-18 12:44:39 Controller : Users
2017-07-18 12:44:39 Method : formsdetailsAction
2017-07-18 12:44:39 Controller File : controllers/Users.class.php, Exists
2017-07-18 12:44:39 Class constructed
2017-07-18 12:44:39 Details Params :
SessionID :5ZTBIlWY4T4osJASzva3hNGJleqi7LAO
User ID : 4
2017-07-18 12:44:39 SELECT SQL : SELECT * FROM branches WHERE  active = '1'  
2017-07-18 12:44:39 SELECT SQL : SELECT * FROM countries WHERE  active = '1'  
2017-07-18 12:44:39 SELECT SQL : SELECT * FROM identification WHERE  active = '1'  
2017-07-18 12:44:39 SELECT SQL : SELECT * FROM users WHERE  active = '1'  
2017-07-18 12:44:39 SELECT SQL : SELECT id,name,branchId,currency_id FROM accounts WHERE  active = '1' AND type_id = '1'  
2017-07-18 12:44:39 Balance Update Params :
Branch Id : 5
Account ID : 16
Amount : 0
2017-07-18 12:44:39 SELECT SQL : SELECT * FROM balances WHERE  branchId = '5' AND accountId = '16'  
2017-07-18 12:44:39 SELECT SQL : SELECT * FROM balances WHERE  branchId = '5' AND accountId = '16' AND date = '2017-07-18'  
2017-07-18 12:44:39 UPDATE SQL : UPDATE balances SET closingBalance = '263126' WHERE  branchId = '5' AND accountId = '16' AND date = '2017-07-18' 
2017-07-18 12:44:39 Balance Update Status 2:1
 2017-07-18 12:44:39 Balance Update Params :
Branch Id : 6
Account ID : 20
Amount : 0
2017-07-18 12:44:39 SELECT SQL : SELECT * FROM balances WHERE  branchId = '6' AND accountId = '20'  
2017-07-18 12:44:39 Balance Update Params :
Branch Id : 6
Account ID : 21
Amount : 0
2017-07-18 12:44:39 SELECT SQL : SELECT * FROM balances WHERE  branchId = '6' AND accountId = '21'  
2017-07-18 12:44:39 SELECT SQL : SELECT * FROM balances WHERE  branchId = '6' AND accountId = '21' AND date = '2017-07-18'  
2017-07-18 12:44:39 UPDATE SQL : UPDATE balances SET closingBalance = '204913' WHERE  branchId = '6' AND accountId = '21' AND date = '2017-07-18' 
2017-07-18 12:44:39 Balance Update Status 2:1
 2017-07-18 12:44:39 Balance Update Params :
Branch Id : 6
Account ID : 22
Amount : 0
2017-07-18 12:44:39 SELECT SQL : SELECT * FROM balances WHERE  branchId = '6' AND accountId = '22'  
2017-07-18 12:44:39 Balance Update Params :
Branch Id : 6
Account ID : 23
Amount : 0
2017-07-18 12:44:39 SELECT SQL : SELECT * FROM balances WHERE  branchId = '6' AND accountId = '23'  
2017-07-18 12:44:39 SELECT SQL : SELECT * FROM balances WHERE  branchId = '6' AND accountId = '23' AND date = '2017-07-18'  
2017-07-18 12:44:39 UPDATE SQL : UPDATE balances SET closingBalance = '20422518' WHERE  branchId = '6' AND accountId = '23' AND date = '2017-07-18' 
2017-07-18 12:44:39 Balance Update Status 2:1
 2017-07-18 12:44:39 Balance Update Params :
Branch Id : 6
Account ID : 24
Amount : 0
2017-07-18 12:44:39 SELECT SQL : SELECT * FROM balances WHERE  branchId = '6' AND accountId = '24'  
2017-07-18 12:44:39 Balance Update Params :
Branch Id : 11
Account ID : 27
Amount : 0
2017-07-18 12:44:39 SELECT SQL : SELECT * FROM balances WHERE  branchId = '11' AND accountId = '27'  
2017-07-18 12:44:39 Balance Update Params :
Branch Id : 11
Account ID : 28
Amount : 0
2017-07-18 12:44:39 SELECT SQL : SELECT * FROM balances WHERE  branchId = '11' AND accountId = '28'  
2017-07-18 12:44:39 Balance Update Params :
Branch Id : 12
Account ID : 33
Amount : 0
2017-07-18 12:44:39 SELECT SQL : SELECT * FROM balances WHERE  branchId = '12' AND accountId = '33'  
2017-07-18 12:44:39 SELECT SQL : SELECT * FROM balances WHERE  branchId = '12' AND accountId = '33' AND date = '2017-07-18'  
2017-07-18 12:44:39 UPDATE SQL : UPDATE balances SET closingBalance = '79' WHERE  branchId = '12' AND accountId = '33' AND date = '2017-07-18' 
2017-07-18 12:44:39 Balance Update Status 2:1
 2017-07-18 12:44:39 Balance Update Params :
Branch Id : 12
Account ID : 36
Amount : 0
2017-07-18 12:44:39 SELECT SQL : SELECT * FROM balances WHERE  branchId = '12' AND accountId = '36'  
2017-07-18 12:44:39 SELECT SQL : SELECT * FROM balances WHERE  branchId = '12' AND accountId = '36' AND date = '2017-07-18'  
2017-07-18 12:44:39 UPDATE SQL : UPDATE balances SET closingBalance = '396748' WHERE  branchId = '12' AND accountId = '36' AND date = '2017-07-18' 
2017-07-18 12:44:39 Balance Update Status 2:1
 2017-07-18 12:44:39 Balance Update Params :
Branch Id : 7
Account ID : 37
Amount : 0
2017-07-18 12:44:39 SELECT SQL : SELECT * FROM balances WHERE  branchId = '7' AND accountId = '37'  
2017-07-18 12:44:39 SELECT SQL : SELECT * FROM balances WHERE  branchId = '7' AND accountId = '37' AND date = '2017-07-18'  
2017-07-18 12:44:39 UPDATE SQL : UPDATE balances SET closingBalance = '70921' WHERE  branchId = '7' AND accountId = '37' AND date = '2017-07-18' 
2017-07-18 12:44:39 Balance Update Status 2:1
 2017-07-18 12:44:39 Balance Update Params :
Branch Id : 13
Account ID : 38
Amount : 0
2017-07-18 12:44:39 SELECT SQL : SELECT * FROM balances WHERE  branchId = '13' AND accountId = '38'  
2017-07-18 12:44:39 Balance Update Params :
Branch Id : 13
Account ID : 39
Amount : 0
2017-07-18 12:44:39 SELECT SQL : SELECT * FROM balances WHERE  branchId = '13' AND accountId = '39'  
2017-07-18 12:44:39 SELECT SQL : SELECT * FROM currencies WHERE  active = '1'  
2017-07-18 12:44:39 SELECT SQL : SELECT * FROM accounts WHERE  active = '1' AND type_id = '4'  
2017-07-18 12:44:39 SELECT SQL : SELECT * FROM account_types WHERE  active = '1'  
2017-07-18 12:44:39 SELECT SQL : SELECT * FROM user_types WHERE  active = '1'  
2017-07-18 12:44:39 Response : {"data":{"branches":[{"id":"5","name":"KINSHASHA","countryId":"4","location":"Patrice Avenue","supervisorId":"3","createdBy":"4","ts":"2017-06-30 00:06:55","active":"1"},{"id":"6","name":"OASIS MALL","countryId":"1","location":"Yusufu Lule Rd","supervisorId":"3","createdBy":"2","ts":"2017-06-30 00:12:08","active":"1"},{"id":"7","name":"GOMA","countryId":"4","location":"Goma","supervisorId":"3","createdBy":"1","ts":"2017-07-05 00:00:00","active":"1"},{"id":"9","name":"MOMBASA","countryId":"2","location":"Mombasa","supervisorId":"3","createdBy":"1","ts":"2017-07-05 00:00:00","active":"1"},{"id":"10","name":"DUBAI","countryId":"6","location":"Dubai","supervisorId":"3","createdBy":"1","ts":"2017-07-05 00:00:00","active":"1"},{"id":"11","name":"CHINA","countryId":"5","location":"China","supervisorId":"3","createdBy":"3","ts":"2017-07-05 13:23:17","active":"1"},{"id":"12","name":"NAIROBI","countryId":"2","location":"Nairobi","supervisorId":"3","createdBy":"3","ts":"2017-07-06 14:12:35","active":"1"},{"id":"13","name":"KAMPALA ROAD","countryId":"1","location":"kampala road","supervisorId":"3","createdBy":"3","ts":"2017-07-06 14:12:35","active":"1"}],"countries":[{"id":"1","name":"UGANDA","createdBy":"1","ts":"2017-06-25 23:13:31","active":"1"},{"id":"2","name":"KENYA","createdBy":"1","ts":"2017-06-26 09:02:45","active":"1"},{"id":"3","name":"TZ","createdBy":"1","ts":"2017-06-28 11:11:53","active":"1"},{"id":"4","name":"CONGO","createdBy":"1","ts":"2017-06-28 11:26:11","active":"1"},{"id":"5","name":"CHINA","createdBy":"1","ts":"2017-06-28 11:30:01","active":"1"},{"id":"6","name":"UAE","createdBy":"1","ts":"2017-07-05 00:00:00","active":"1"}],"ids":[[{"id":"1","name":"Passport","createdBy":"1","ts":"2017-06-28 14:00:01","active":"1"},{"id":"2","name":"National ID","createdBy":"1","ts":"2017-06-28 14:00:01","active":"1"},{"id":"3","name":"STUDENTS ID","createdBy":"1","ts":"2017-06-28 16:21:46","active":"1"}]],"users":[{"id":"1","firstName":"You","surname":"Jinshu","email":"hudsonbogere@swipeit.co.ug","phone":"256783131266","userName":"you","branchId":"0","userTypeId":"1","password":"$2y$10$pPGbhJ1RXx\/ug.ED3LnsQuKHJTqwYsa\/iF0OqGOgsjflkHKIDTLVq","sessionId":"KSTms8GEe36Gy41kXds63LMk2kJjROlO","ipAddress":"41.210.145.81","createdBy":null,"ts":"2017-06-23 15:08:12","active":"1"},{"id":"2","firstName":"Nansubuga","surname":"Dorothy","email":"henry@gmail.com","phone":"256752284441","userName":"dorah","branchId":"12","userTypeId":"3","password":"$2y$10$m72Zz8Z.h4\/Zp6TFDhmbXeQ79kZ7JJ2U0yLUanc0dDVxbc.5UPkRG","sessionId":"JOTZBYXbXh8eyROWm0BfrDJplzhYZrq8","ipAddress":"105.231.97.122","createdBy":"1","ts":"2017-06-26 19:11:07","active":"1"},{"id":"3","firstName":"Lydia","surname":"Amoi","email":"islam@gmail.com","phone":"256777608310","userName":"lydia","branchId":"6","userTypeId":"2","password":"$2y$10$m72Zz8Z.h4\/Zp6TFDhmbXeQ79kZ7JJ2U0yLUanc0dDVxbc.5UPkRG","sessionId":"t7d5hWxgRDPJYG0vcp3fL6Fh2C75jWIV","ipAddress":"160.242.141.153","createdBy":"1","ts":"2017-06-26 19:41:01","active":"1"},{"id":"4","firstName":"Nabukera","surname":"Maria","email":"banerd@tfb.com","phone":"256774457813","userName":"maria","branchId":"5","userTypeId":"3","password":"$2y$10$wTpUE\/WJFMfQaBglrQocTO9ndV6dbxL2vzFDEJZ1hpVVp4binpXGO","sessionId":"5ZTBIlWY4T4osJASzva3hNGJleqi7LAO","ipAddress":"160.242.141.153","createdBy":"1","ts":"2017-06-26 23:04:07","active":"1"},{"id":"5","firstName":"Henry","surname":"Bbosa","email":null,"phone":null,"userName":"henry","branchId":"11","userTypeId":"3","password":"$2y$10$m72Zz8Z.h4\/Zp6TFDhmbXeQ79kZ7JJ2U0yLUanc0dDVxbc.5UPkRG","sessionId":"B7Jvxy4i7CF1ccrrfFPeNdDXCEWHWJYa","ipAddress":"197.157.0.30","createdBy":"1","ts":"2017-07-05 00:00:00","active":"1"},{"id":"6","firstName":"Edwin","surname":"Kakeeto","email":"edwin@edwin.com","phone":"0777777557","userName":"edwin","branchId":"7","userTypeId":"3","password":"$2y$10$m72Zz8Z.h4\/Zp6TFDhmbXeQ79kZ7JJ2U0yLUanc0dDVxbc.5UPkRG","sessionId":"","ipAddress":"160.242.142.203","createdBy":"3","ts":"2017-07-10 07:37:50","active":"1"},{"id":"7","firstName":"Trish","surname":"Baby","email":"patricia@gmail.com","phone":"0777777557","userName":"trish","branchId":"13","userTypeId":"3","password":"$2y$10$m72Zz8Z.h4\/Zp6TFDhmbXeQ79kZ7JJ2U0yLUanc0dDVxbc.5UPkRG","sessionId":"","ipAddress":"160.242.141.153","createdBy":null,"ts":null,"active":"1"}],"accounts":[{"id":"16","name":"KINSHASHA-USD Account","branchId":"5","currency_id":"2"},{"id":"20","name":"OASIS MALL-RMB Account","branchId":"6","currency_id":"1"},{"id":"21","name":"OASIS MALL-USD Account","branchId":"6","currency_id":"2"},{"id":"22","name":"OASIS MALL-DIRHAM Account","branchId":"6","currency_id":"3"},{"id":"23","name":"OASIS MALL-UGX Account","branchId":"6","currency_id":"4"},{"id":"24","name":"OASIS MALL-KSH Account","branchId":"6","currency_id":"5"},{"id":"27","name":"CHINA-RMB Account","branchId":"11","currency_id":"1"},{"id":"28","name":"CHINA-USD Account","branchId":"11","currency_id":"2"},{"id":"33","name":"NAIROBI-USD Account","branchId":"12","currency_id":"2"},{"id":"36","name":"NAIROBI-KSH Account","branchId":"12","currency_id":"5"},{"id":"37","name":"GOMA-USD ACCOUNT","branchId":"7","currency_id":"2"},{"id":"38","name":"KAMPALA ROAD -USD ACCOUNT","branchId":"13","currency_id":"2"},{"id":"39","name":"KAMPALA ROAD- UGX ACCOUNT ","branchId":"13","currency_id":"4"}],"currencies":[{"id":"1","name":"RMB","symbol":"\u00c2\u00a5","createdBy":"1","ts":"2017-06-27 22:45:12","active":"1"},{"id":"2","name":"USD","symbol":"$","createdBy":"1","ts":"2017-06-27 22:45:12","active":"1"},{"id":"3","name":"DIRHAM","symbol":"","createdBy":"1","ts":"2017-06-28 11:40:09","active":"1"},{"id":"4","name":"UGX","symbol":"\/=","createdBy":"1","ts":"2017-06-28 11:46:50","active":"1"},{"id":"5","name":"KSH","symbol":"","createdBy":"1","ts":"2017-06-28 11:46:50","active":"1"}],"superaccount":[{"id":"1","name":"RMB Account","branchId":"0","type_id":"4","currency_id":"1","balance":"0","createdBy":"1","active":"1","ts":"2017-06-27 22:45:12"}],"accountTypes":[{"id":"1","type":"Transfer","description":"","createdBy":"1","ts":"2017-06-28 14:31:12","active":"1"},{"id":"2","type":"Suspense","description":"","createdBy":"1","ts":"2017-06-28 14:31:12","active":"1"},{"id":"4","type":"Super","description":"","createdBy":"1","ts":"2017-06-28 14:31:12","active":"1"}],"userTypes":[{"id":"1","name":"E-Value Admin","level":"1","ts":"2017-06-27 22:45:12","active":"1"},{"id":"2","name":"Super User","level":"2","ts":"2017-06-27 22:45:12","active":"1"},{"id":"3","name":"Agent","level":"3","ts":"2017-06-27 22:45:12","active":"1"},{"id":"4","name":"System Admin","level":"4","ts":"2017-06-27 22:45:12","active":"1"}]},"success":1}
2017-07-18 12:44:44 ---- New Request ----
2017-07-18 12:44:44 Controller : Users
2017-07-18 12:44:44 Method : formsdetailsAction
2017-07-18 12:44:44 Controller File : controllers/Users.class.php, Exists
2017-07-18 12:44:44 Class constructed
2017-07-18 12:44:44 Details Params :
SessionID :t7d5hWxgRDPJYG0vcp3fL6Fh2C75jWIV
User ID : 3
2017-07-18 12:44:44 SELECT SQL : SELECT * FROM branches WHERE  active = '1'  
2017-07-18 12:44:44 SELECT SQL : SELECT * FROM countries WHERE  active = '1'  
2017-07-18 12:44:44 SELECT SQL : SELECT * FROM identification WHERE  active = '1'  
2017-07-18 12:44:44 SELECT SQL : SELECT * FROM users WHERE  active = '1'  
2017-07-18 12:44:44 SELECT SQL : SELECT id,name,branchId,currency_id FROM accounts WHERE  active = '1' AND type_id = '1'  
2017-07-18 12:44:44 Balance Update Params :
Branch Id : 5
Account ID : 16
Amount : 0
2017-07-18 12:44:44 SELECT SQL : SELECT * FROM balances WHERE  branchId = '5' AND accountId = '16'  
2017-07-18 12:44:44 SELECT SQL : SELECT * FROM balances WHERE  branchId = '5' AND accountId = '16' AND date = '2017-07-18'  
2017-07-18 12:44:44 UPDATE SQL : UPDATE balances SET closingBalance = '263126' WHERE  branchId = '5' AND accountId = '16' AND date = '2017-07-18' 
2017-07-18 12:44:44 Balance Update Status 2:1
 2017-07-18 12:44:44 Balance Update Params :
Branch Id : 6
Account ID : 20
Amount : 0
2017-07-18 12:44:44 SELECT SQL : SELECT * FROM balances WHERE  branchId = '6' AND accountId = '20'  
2017-07-18 12:44:44 Balance Update Params :
Branch Id : 6
Account ID : 21
Amount : 0
2017-07-18 12:44:44 SELECT SQL : SELECT * FROM balances WHERE  branchId = '6' AND accountId = '21'  
2017-07-18 12:44:44 SELECT SQL : SELECT * FROM balances WHERE  branchId = '6' AND accountId = '21' AND date = '2017-07-18'  
2017-07-18 12:44:44 UPDATE SQL : UPDATE balances SET closingBalance = '204913' WHERE  branchId = '6' AND accountId = '21' AND date = '2017-07-18' 
2017-07-18 12:44:44 Balance Update Status 2:1
 2017-07-18 12:44:44 Balance Update Params :
Branch Id : 6
Account ID : 22
Amount : 0
2017-07-18 12:44:44 SELECT SQL : SELECT * FROM balances WHERE  branchId = '6' AND accountId = '22'  
2017-07-18 12:44:44 Balance Update Params :
Branch Id : 6
Account ID : 23
Amount : 0
2017-07-18 12:44:44 SELECT SQL : SELECT * FROM balances WHERE  branchId = '6' AND accountId = '23'  
2017-07-18 12:44:44 SELECT SQL : SELECT * FROM balances WHERE  branchId = '6' AND accountId = '23' AND date = '2017-07-18'  
2017-07-18 12:44:44 UPDATE SQL : UPDATE balances SET closingBalance = '20422518' WHERE  branchId = '6' AND accountId = '23' AND date = '2017-07-18' 
2017-07-18 12:44:44 Balance Update Status 2:1
 2017-07-18 12:44:44 Balance Update Params :
Branch Id : 6
Account ID : 24
Amount : 0
2017-07-18 12:44:44 SELECT SQL : SELECT * FROM balances WHERE  branchId = '6' AND accountId = '24'  
2017-07-18 12:44:44 Balance Update Params :
Branch Id : 11
Account ID : 27
Amount : 0
2017-07-18 12:44:44 SELECT SQL : SELECT * FROM balances WHERE  branchId = '11' AND accountId = '27'  
2017-07-18 12:44:44 Balance Update Params :
Branch Id : 11
Account ID : 28
Amount : 0
2017-07-18 12:44:44 SELECT SQL : SELECT * FROM balances WHERE  branchId = '11' AND accountId = '28'  
2017-07-18 12:44:44 Balance Update Params :
Branch Id : 12
Account ID : 33
Amount : 0
2017-07-18 12:44:44 SELECT SQL : SELECT * FROM balances WHERE  branchId = '12' AND accountId = '33'  
2017-07-18 12:44:44 SELECT SQL : SELECT * FROM balances WHERE  branchId = '12' AND accountId = '33' AND date = '2017-07-18'  
2017-07-18 12:44:44 UPDATE SQL : UPDATE balances SET closingBalance = '79' WHERE  branchId = '12' AND accountId = '33' AND date = '2017-07-18' 
2017-07-18 12:44:44 Balance Update Status 2:1
 2017-07-18 12:44:44 Balance Update Params :
Branch Id : 12
Account ID : 36
Amount : 0
2017-07-18 12:44:44 SELECT SQL : SELECT * FROM balances WHERE  branchId = '12' AND accountId = '36'  
2017-07-18 12:44:44 SELECT SQL : SELECT * FROM balances WHERE  branchId = '12' AND accountId = '36' AND date = '2017-07-18'  
2017-07-18 12:44:44 UPDATE SQL : UPDATE balances SET closingBalance = '396748' WHERE  branchId = '12' AND accountId = '36' AND date = '2017-07-18' 
2017-07-18 12:44:44 Balance Update Status 2:1
 2017-07-18 12:44:44 Balance Update Params :
Branch Id : 7
Account ID : 37
Amount : 0
2017-07-18 12:44:44 SELECT SQL : SELECT * FROM balances WHERE  branchId = '7' AND accountId = '37'  
2017-07-18 12:44:44 SELECT SQL : SELECT * FROM balances WHERE  branchId = '7' AND accountId = '37' AND date = '2017-07-18'  
2017-07-18 12:44:44 UPDATE SQL : UPDATE balances SET closingBalance = '70921' WHERE  branchId = '7' AND accountId = '37' AND date = '2017-07-18' 
2017-07-18 12:44:44 Balance Update Status 2:1
 2017-07-18 12:44:44 Balance Update Params :
Branch Id : 13
Account ID : 38
Amount : 0
2017-07-18 12:44:44 SELECT SQL : SELECT * FROM balances WHERE  branchId = '13' AND accountId = '38'  
2017-07-18 12:44:44 Balance Update Params :
Branch Id : 13
Account ID : 39
Amount : 0
2017-07-18 12:44:44 SELECT SQL : SELECT * FROM balances WHERE  branchId = '13' AND accountId = '39'  
2017-07-18 12:44:44 SELECT SQL : SELECT * FROM currencies WHERE  active = '1'  
2017-07-18 12:44:44 SELECT SQL : SELECT * FROM accounts WHERE  active = '1' AND type_id = '4'  
2017-07-18 12:44:44 SELECT SQL : SELECT * FROM account_types WHERE  active = '1'  
2017-07-18 12:44:44 SELECT SQL : SELECT * FROM user_types WHERE  active = '1'  
2017-07-18 12:44:44 Response : {"data":{"branches":[{"id":"5","name":"KINSHASHA","countryId":"4","location":"Patrice Avenue","supervisorId":"3","createdBy":"4","ts":"2017-06-30 00:06:55","active":"1"},{"id":"6","name":"OASIS MALL","countryId":"1","location":"Yusufu Lule Rd","supervisorId":"3","createdBy":"2","ts":"2017-06-30 00:12:08","active":"1"},{"id":"7","name":"GOMA","countryId":"4","location":"Goma","supervisorId":"3","createdBy":"1","ts":"2017-07-05 00:00:00","active":"1"},{"id":"9","name":"MOMBASA","countryId":"2","location":"Mombasa","supervisorId":"3","createdBy":"1","ts":"2017-07-05 00:00:00","active":"1"},{"id":"10","name":"DUBAI","countryId":"6","location":"Dubai","supervisorId":"3","createdBy":"1","ts":"2017-07-05 00:00:00","active":"1"},{"id":"11","name":"CHINA","countryId":"5","location":"China","supervisorId":"3","createdBy":"3","ts":"2017-07-05 13:23:17","active":"1"},{"id":"12","name":"NAIROBI","countryId":"2","location":"Nairobi","supervisorId":"3","createdBy":"3","ts":"2017-07-06 14:12:35","active":"1"},{"id":"13","name":"KAMPALA ROAD","countryId":"1","location":"kampala road","supervisorId":"3","createdBy":"3","ts":"2017-07-06 14:12:35","active":"1"}],"countries":[{"id":"1","name":"UGANDA","createdBy":"1","ts":"2017-06-25 23:13:31","active":"1"},{"id":"2","name":"KENYA","createdBy":"1","ts":"2017-06-26 09:02:45","active":"1"},{"id":"3","name":"TZ","createdBy":"1","ts":"2017-06-28 11:11:53","active":"1"},{"id":"4","name":"CONGO","createdBy":"1","ts":"2017-06-28 11:26:11","active":"1"},{"id":"5","name":"CHINA","createdBy":"1","ts":"2017-06-28 11:30:01","active":"1"},{"id":"6","name":"UAE","createdBy":"1","ts":"2017-07-05 00:00:00","active":"1"}],"ids":[[{"id":"1","name":"Passport","createdBy":"1","ts":"2017-06-28 14:00:01","active":"1"},{"id":"2","name":"National ID","createdBy":"1","ts":"2017-06-28 14:00:01","active":"1"},{"id":"3","name":"STUDENTS ID","createdBy":"1","ts":"2017-06-28 16:21:46","active":"1"}]],"users":[{"id":"1","firstName":"You","surname":"Jinshu","email":"hudsonbogere@swipeit.co.ug","phone":"256783131266","userName":"you","branchId":"0","userTypeId":"1","password":"$2y$10$pPGbhJ1RXx\/ug.ED3LnsQuKHJTqwYsa\/iF0OqGOgsjflkHKIDTLVq","sessionId":"KSTms8GEe36Gy41kXds63LMk2kJjROlO","ipAddress":"41.210.145.81","createdBy":null,"ts":"2017-06-23 15:08:12","active":"1"},{"id":"2","firstName":"Nansubuga","surname":"Dorothy","email":"henry@gmail.com","phone":"256752284441","userName":"dorah","branchId":"12","userTypeId":"3","password":"$2y$10$m72Zz8Z.h4\/Zp6TFDhmbXeQ79kZ7JJ2U0yLUanc0dDVxbc.5UPkRG","sessionId":"JOTZBYXbXh8eyROWm0BfrDJplzhYZrq8","ipAddress":"105.231.97.122","createdBy":"1","ts":"2017-06-26 19:11:07","active":"1"},{"id":"3","firstName":"Lydia","surname":"Amoi","email":"islam@gmail.com","phone":"256777608310","userName":"lydia","branchId":"6","userTypeId":"2","password":"$2y$10$m72Zz8Z.h4\/Zp6TFDhmbXeQ79kZ7JJ2U0yLUanc0dDVxbc.5UPkRG","sessionId":"t7d5hWxgRDPJYG0vcp3fL6Fh2C75jWIV","ipAddress":"160.242.141.153","createdBy":"1","ts":"2017-06-26 19:41:01","active":"1"},{"id":"4","firstName":"Nabukera","surname":"Maria","email":"banerd@tfb.com","phone":"256774457813","userName":"maria","branchId":"5","userTypeId":"3","password":"$2y$10$wTpUE\/WJFMfQaBglrQocTO9ndV6dbxL2vzFDEJZ1hpVVp4binpXGO","sessionId":"5ZTBIlWY4T4osJASzva3hNGJleqi7LAO","ipAddress":"160.242.141.153","createdBy":"1","ts":"2017-06-26 23:04:07","active":"1"},{"id":"5","firstName":"Henry","surname":"Bbosa","email":null,"phone":null,"userName":"henry","branchId":"11","userTypeId":"3","password":"$2y$10$m72Zz8Z.h4\/Zp6TFDhmbXeQ79kZ7JJ2U0yLUanc0dDVxbc.5UPkRG","sessionId":"B7Jvxy4i7CF1ccrrfFPeNdDXCEWHWJYa","ipAddress":"197.157.0.30","createdBy":"1","ts":"2017-07-05 00:00:00","active":"1"},{"id":"6","firstName":"Edwin","surname":"Kakeeto","email":"edwin@edwin.com","phone":"0777777557","userName":"edwin","branchId":"7","userTypeId":"3","password":"$2y$10$m72Zz8Z.h4\/Zp6TFDhmbXeQ79kZ7JJ2U0yLUanc0dDVxbc.5UPkRG","sessionId":"","ipAddress":"160.242.142.203","createdBy":"3","ts":"2017-07-10 07:37:50","active":"1"},{"id":"7","firstName":"Trish","surname":"Baby","email":"patricia@gmail.com","phone":"0777777557","userName":"trish","branchId":"13","userTypeId":"3","password":"$2y$10$m72Zz8Z.h4\/Zp6TFDhmbXeQ79kZ7JJ2U0yLUanc0dDVxbc.5UPkRG","sessionId":"","ipAddress":"160.242.141.153","createdBy":null,"ts":null,"active":"1"}],"accounts":[{"id":"16","name":"KINSHASHA-USD Account","branchId":"5","currency_id":"2"},{"id":"20","name":"OASIS MALL-RMB Account","branchId":"6","currency_id":"1"},{"id":"21","name":"OASIS MALL-USD Account","branchId":"6","currency_id":"2"},{"id":"22","name":"OASIS MALL-DIRHAM Account","branchId":"6","currency_id":"3"},{"id":"23","name":"OASIS MALL-UGX Account","branchId":"6","currency_id":"4"},{"id":"24","name":"OASIS MALL-KSH Account","branchId":"6","currency_id":"5"},{"id":"27","name":"CHINA-RMB Account","branchId":"11","currency_id":"1"},{"id":"28","name":"CHINA-USD Account","branchId":"11","currency_id":"2"},{"id":"33","name":"NAIROBI-USD Account","branchId":"12","currency_id":"2"},{"id":"36","name":"NAIROBI-KSH Account","branchId":"12","currency_id":"5"},{"id":"37","name":"GOMA-USD ACCOUNT","branchId":"7","currency_id":"2"},{"id":"38","name":"KAMPALA ROAD -USD ACCOUNT","branchId":"13","currency_id":"2"},{"id":"39","name":"KAMPALA ROAD- UGX ACCOUNT ","branchId":"13","currency_id":"4"}],"currencies":[{"id":"1","name":"RMB","symbol":"\u00c2\u00a5","createdBy":"1","ts":"2017-06-27 22:45:12","active":"1"},{"id":"2","name":"USD","symbol":"$","createdBy":"1","ts":"2017-06-27 22:45:12","active":"1"},{"id":"3","name":"DIRHAM","symbol":"","createdBy":"1","ts":"2017-06-28 11:40:09","active":"1"},{"id":"4","name":"UGX","symbol":"\/=","createdBy":"1","ts":"2017-06-28 11:46:50","active":"1"},{"id":"5","name":"KSH","symbol":"","createdBy":"1","ts":"2017-06-28 11:46:50","active":"1"}],"superaccount":[{"id":"1","name":"RMB Account","branchId":"0","type_id":"4","currency_id":"1","balance":"0","createdBy":"1","active":"1","ts":"2017-06-27 22:45:12"}],"accountTypes":[{"id":"1","type":"Transfer","description":"","createdBy":"1","ts":"2017-06-28 14:31:12","active":"1"},{"id":"2","type":"Suspense","description":"","createdBy":"1","ts":"2017-06-28 14:31:12","active":"1"},{"id":"4","type":"Super","description":"","createdBy":"1","ts":"2017-06-28 14:31:12","active":"1"}],"userTypes":[{"id":"1","name":"E-Value Admin","level":"1","ts":"2017-06-27 22:45:12","active":"1"},{"id":"2","name":"Super User","level":"2","ts":"2017-06-27 22:45:12","active":"1"},{"id":"3","name":"Agent","level":"3","ts":"2017-06-27 22:45:12","active":"1"},{"id":"4","name":"System Admin","level":"4","ts":"2017-06-27 22:45:12","active":"1"}]},"success":1}
2017-07-18 12:44:52 ---- New Request ----
2017-07-18 12:44:52 Controller : Transfers
2017-07-18 12:44:52 Method : getallaccountbalancesAction
2017-07-18 12:44:52 Controller File : controllers/Transfers.class.php, Exists
2017-07-18 12:44:52 Class constructed
2017-07-18 12:44:52 Class constructed
2017-07-18 12:44:52 UserID : 3
SessionId : t7d5hWxgRDPJYG0vcp3fL6Fh2C75jWIV
Branch ID : 6
2017-07-18 12:44:52 SELECT SQL : SELECT sessionId FROM users WHERE  id = '3'  
2017-07-18 12:44:52 SELECT SQL : SELECT name,id FROM accounts WHERE  active = '1' AND branchId = '6'  
2017-07-18 12:44:52 SELECT SQL : SELECT name FROM branches WHERE  id = '6'  
2017-07-18 12:44:52 Response : {"success":1,"data":[{"name":"OASIS MALL-RMB Account","id":"20","balance":0},{"name":"OASIS MALL-USD Account","id":"21","balance":204913},{"name":"OASIS MALL-DIRHAM Account","id":"22","balance":0},{"name":"OASIS MALL-UGX Account","id":"23","balance":20422518},{"name":"OASIS MALL-KSH Account","id":"24","balance":0}],"branchName":"OASIS MALL"}
2017-07-18 12:45:03 ---- New Request ----
2017-07-18 12:45:03 Controller : Transfers
2017-07-18 12:45:03 Method : getallaccountbalancesAction
2017-07-18 12:45:03 Controller File : controllers/Transfers.class.php, Exists
2017-07-18 12:45:03 Class constructed
2017-07-18 12:45:03 Class constructed
2017-07-18 12:45:03 UserID : 3
SessionId : t7d5hWxgRDPJYG0vcp3fL6Fh2C75jWIV
Branch ID : 6
2017-07-18 12:45:03 SELECT SQL : SELECT sessionId FROM users WHERE  id = '3'  
2017-07-18 12:45:03 SELECT SQL : SELECT name,id FROM accounts WHERE  active = '1' AND branchId = '6'  
2017-07-18 12:45:03 SELECT SQL : SELECT name FROM branches WHERE  id = '6'  
2017-07-18 12:45:03 Response : {"success":1,"data":[{"name":"OASIS MALL-RMB Account","id":"20","balance":0},{"name":"OASIS MALL-USD Account","id":"21","balance":204913},{"name":"OASIS MALL-DIRHAM Account","id":"22","balance":0},{"name":"OASIS MALL-UGX Account","id":"23","balance":20422518},{"name":"OASIS MALL-KSH Account","id":"24","balance":0}],"branchName":"OASIS MALL"}
2017-07-18 12:45:04 ---- New Request ----
2017-07-18 12:45:04 Controller : Transfers
2017-07-18 12:45:04 Method : getbalancesAction
2017-07-18 12:45:04 Controller File : controllers/Transfers.class.php, Exists
2017-07-18 12:45:04 Class constructed
2017-07-18 12:45:04 Class constructed
2017-07-18 12:45:04 UserID : 3
SessionId : t7d5hWxgRDPJYG0vcp3fL6Fh2C75jWIV
Branch ID : 
Date : 
2017-07-18 12:45:04 SELECT SQL : SELECT sessionId,branchId,userTypeId FROM users WHERE  id = '3'  
2017-07-18 12:45:04 SELECT SQL : SELECT closingBalance,openingBalance,accountId,branchId,date FROM balances WHERE  date = '2017-07-18'  
2017-07-18 12:45:04 SELECT SQL : SELECT name FROM accounts WHERE  id = '21'  
2017-07-18 12:45:04 SELECT SQL : SELECT name FROM branches WHERE  id = '6'  
2017-07-18 12:45:04 SELECT SQL : SELECT name FROM accounts WHERE  id = '23'  
2017-07-18 12:45:04 SELECT SQL : SELECT name FROM branches WHERE  id = '6'  
2017-07-18 12:45:04 SELECT SQL : SELECT name FROM accounts WHERE  id = '37'  
2017-07-18 12:45:04 SELECT SQL : SELECT name FROM branches WHERE  id = '7'  
2017-07-18 12:45:04 SELECT SQL : SELECT name FROM accounts WHERE  id = '33'  
2017-07-18 12:45:04 SELECT SQL : SELECT name FROM branches WHERE  id = '12'  
2017-07-18 12:45:04 SELECT SQL : SELECT name FROM accounts WHERE  id = '36'  
2017-07-18 12:45:04 SELECT SQL : SELECT name FROM branches WHERE  id = '12'  
2017-07-18 12:45:04 SELECT SQL : SELECT name FROM accounts WHERE  id = '16'  
2017-07-18 12:45:04 SELECT SQL : SELECT name FROM branches WHERE  id = '5'  
2017-07-18 12:45:04 Response : {"success":1,"data":[{"closingBalance":"204913","openingBalance":"204913","accountId":"21","branchId":"6","date":"2017-07-18","accountName":"OASIS MALL-USD Account","branchName":"OASIS MALL"},{"closingBalance":"20422518","openingBalance":"20422518","accountId":"23","branchId":"6","date":"2017-07-18","accountName":"OASIS MALL-UGX Account","branchName":"OASIS MALL"},{"closingBalance":"70921","openingBalance":"70921","accountId":"37","branchId":"7","date":"2017-07-18","accountName":"GOMA-USD ACCOUNT","branchName":"GOMA"},{"closingBalance":"79","openingBalance":"79","accountId":"33","branchId":"12","date":"2017-07-18","accountName":"NAIROBI-USD Account","branchName":"NAIROBI"},{"closingBalance":"396748","openingBalance":"396748","accountId":"36","branchId":"12","date":"2017-07-18","accountName":"NAIROBI-KSH Account","branchName":"NAIROBI"},{"closingBalance":"263126","openingBalance":"263126","accountId":"16","branchId":"5","date":"2017-07-18","accountName":"KINSHASHA-USD Account","branchName":"KINSHASHA"}]}
2017-07-18 12:45:08 ---- New Request ----
2017-07-18 12:45:08 Controller : Reports
2017-07-18 12:45:08 Method : gettransferlogsAction
2017-07-18 12:45:08 Controller File : controllers/Reports.class.php, Exists
2017-07-18 12:45:08 Class constructed
2017-07-18 12:45:08 Class constructed
2017-07-18 12:45:08 UserID : 3
SessionId : t7d5hWxgRDPJYG0vcp3fL6Fh2C75jWIV
Branch ID : 6
Date : 
Account ID : 
2017-07-18 12:45:08 SELECT SQL : SELECT sessionId,branchId,userTypeId FROM users WHERE  id = '3'  
2017-07-18 12:45:08 SELECT SQL : SELECT id,fromBranch,toBranch,amount,currency,charge,transferRef,userIdSource,userIdDestination,ts,withdrawTs,status,senderFname,senderSurname,senderPhone,senderEmail,receiverFname,receiverSurname,receiverPhone,receiverAccountNumber,destinationCountryId FROM transfers WHERE  fromBranch = '6'  OR toBranch = '6'  ORDER BY ts DESC LIMIT 20
2017-07-18 12:45:08 SELECT SQL : SELECT name FROM branches WHERE  id = '6'  
2017-07-18 12:45:08 Response : {"success":1,"branchName":"OASIS MALL","data":[]}
2017-07-18 12:45:12 ---- New Request ----
2017-07-18 12:45:12 Controller : Reports
2017-07-18 12:45:12 Method : gettransferlogsAction
2017-07-18 12:45:12 Controller File : controllers/Reports.class.php, Exists
2017-07-18 12:45:12 Class constructed
2017-07-18 12:45:12 Class constructed
2017-07-18 12:45:12 UserID : 3
SessionId : t7d5hWxgRDPJYG0vcp3fL6Fh2C75jWIV
Branch ID : 5
Date : 
Account ID : 
2017-07-18 12:45:12 SELECT SQL : SELECT sessionId,branchId,userTypeId FROM users WHERE  id = '3'  
2017-07-18 12:45:12 SELECT SQL : SELECT id,fromBranch,toBranch,amount,currency,charge,transferRef,userIdSource,userIdDestination,ts,withdrawTs,status,senderFname,senderSurname,senderPhone,senderEmail,receiverFname,receiverSurname,receiverPhone,receiverAccountNumber,destinationCountryId FROM transfers WHERE  fromBranch = '5'  OR toBranch = '5'  ORDER BY ts DESC LIMIT 20
2017-07-18 12:45:12 SELECT SQL : SELECT name FROM branches WHERE  id = '5'  
2017-07-18 12:45:12 Response : {"success":1,"branchName":"KINSHASHA","data":[]}
2017-07-18 12:45:14 ---- New Request ----
2017-07-18 12:45:14 Controller : Reports
2017-07-18 12:45:14 Method : gettransferlogsAction
2017-07-18 12:45:14 Controller File : controllers/Reports.class.php, Exists
2017-07-18 12:45:14 Class constructed
2017-07-18 12:45:14 Class constructed
2017-07-18 12:45:14 UserID : 3
SessionId : t7d5hWxgRDPJYG0vcp3fL6Fh2C75jWIV
Branch ID : 6
Date : 
Account ID : 
2017-07-18 12:45:14 SELECT SQL : SELECT sessionId,branchId,userTypeId FROM users WHERE  id = '3'  
2017-07-18 12:45:14 SELECT SQL : SELECT id,fromBranch,toBranch,amount,currency,charge,transferRef,userIdSource,userIdDestination,ts,withdrawTs,status,senderFname,senderSurname,senderPhone,senderEmail,receiverFname,receiverSurname,receiverPhone,receiverAccountNumber,destinationCountryId FROM transfers WHERE  fromBranch = '6'  OR toBranch = '6'  ORDER BY ts DESC LIMIT 20
2017-07-18 12:45:14 SELECT SQL : SELECT name FROM branches WHERE  id = '6'  
2017-07-18 12:45:14 Response : {"success":1,"branchName":"OASIS MALL","data":[]}
2017-07-18 12:45:17 ---- New Request ----
2017-07-18 12:45:17 Controller : Reports
2017-07-18 12:45:17 Method : gettransferlogsAction
2017-07-18 12:45:17 Controller File : controllers/Reports.class.php, Exists
2017-07-18 12:45:17 Class constructed
2017-07-18 12:45:17 Class constructed
2017-07-18 12:45:17 UserID : 3
SessionId : t7d5hWxgRDPJYG0vcp3fL6Fh2C75jWIV
Branch ID : 5
Date : 
Account ID : 
2017-07-18 12:45:17 SELECT SQL : SELECT sessionId,branchId,userTypeId FROM users WHERE  id = '3'  
2017-07-18 12:45:17 SELECT SQL : SELECT id,fromBranch,toBranch,amount,currency,charge,transferRef,userIdSource,userIdDestination,ts,withdrawTs,status,senderFname,senderSurname,senderPhone,senderEmail,receiverFname,receiverSurname,receiverPhone,receiverAccountNumber,destinationCountryId FROM transfers WHERE  fromBranch = '5'  OR toBranch = '5'  ORDER BY ts DESC LIMIT 20
2017-07-18 12:45:17 SELECT SQL : SELECT name FROM branches WHERE  id = '5'  
2017-07-18 12:45:17 Response : {"success":1,"branchName":"KINSHASHA","data":[]}
2017-07-18 12:45:18 ---- New Request ----
2017-07-18 12:45:18 Controller : Users
2017-07-18 12:45:18 Method : formsdetailsAction
2017-07-18 12:45:18 Controller File : controllers/Users.class.php, Exists
2017-07-18 12:45:18 Class constructed
2017-07-18 12:45:18 Details Params :
SessionID :5ZTBIlWY4T4osJASzva3hNGJleqi7LAO
User ID : 4
2017-07-18 12:45:18 SELECT SQL : SELECT * FROM branches WHERE  active = '1'  
2017-07-18 12:45:18 SELECT SQL : SELECT * FROM countries WHERE  active = '1'  
2017-07-18 12:45:18 SELECT SQL : SELECT * FROM identification WHERE  active = '1'  
2017-07-18 12:45:18 SELECT SQL : SELECT * FROM users WHERE  active = '1'  
2017-07-18 12:45:18 SELECT SQL : SELECT id,name,branchId,currency_id FROM accounts WHERE  active = '1' AND type_id = '1'  
2017-07-18 12:45:18 Balance Update Params :
Branch Id : 5
Account ID : 16
Amount : 0
2017-07-18 12:45:18 SELECT SQL : SELECT * FROM balances WHERE  branchId = '5' AND accountId = '16'  
2017-07-18 12:45:18 SELECT SQL : SELECT * FROM balances WHERE  branchId = '5' AND accountId = '16' AND date = '2017-07-18'  
2017-07-18 12:45:18 UPDATE SQL : UPDATE balances SET closingBalance = '263126' WHERE  branchId = '5' AND accountId = '16' AND date = '2017-07-18' 
2017-07-18 12:45:18 Balance Update Status 2:1
 2017-07-18 12:45:18 Balance Update Params :
Branch Id : 6
Account ID : 20
Amount : 0
2017-07-18 12:45:18 SELECT SQL : SELECT * FROM balances WHERE  branchId = '6' AND accountId = '20'  
2017-07-18 12:45:18 Balance Update Params :
Branch Id : 6
Account ID : 21
Amount : 0
2017-07-18 12:45:18 SELECT SQL : SELECT * FROM balances WHERE  branchId = '6' AND accountId = '21'  
2017-07-18 12:45:18 SELECT SQL : SELECT * FROM balances WHERE  branchId = '6' AND accountId = '21' AND date = '2017-07-18'  
2017-07-18 12:45:18 UPDATE SQL : UPDATE balances SET closingBalance = '204913' WHERE  branchId = '6' AND accountId = '21' AND date = '2017-07-18' 
2017-07-18 12:45:18 Balance Update Status 2:1
 2017-07-18 12:45:18 Balance Update Params :
Branch Id : 6
Account ID : 22
Amount : 0
2017-07-18 12:45:18 SELECT SQL : SELECT * FROM balances WHERE  branchId = '6' AND accountId = '22'  
2017-07-18 12:45:18 Balance Update Params :
Branch Id : 6
Account ID : 23
Amount : 0
2017-07-18 12:45:18 SELECT SQL : SELECT * FROM balances WHERE  branchId = '6' AND accountId = '23'  
2017-07-18 12:45:18 SELECT SQL : SELECT * FROM balances WHERE  branchId = '6' AND accountId = '23' AND date = '2017-07-18'  
2017-07-18 12:45:18 UPDATE SQL : UPDATE balances SET closingBalance = '20422518' WHERE  branchId = '6' AND accountId = '23' AND date = '2017-07-18' 
2017-07-18 12:45:18 Balance Update Status 2:1
 2017-07-18 12:45:18 Balance Update Params :
Branch Id : 6
Account ID : 24
Amount : 0
2017-07-18 12:45:18 SELECT SQL : SELECT * FROM balances WHERE  branchId = '6' AND accountId = '24'  
2017-07-18 12:45:18 Balance Update Params :
Branch Id : 11
Account ID : 27
Amount : 0
2017-07-18 12:45:18 SELECT SQL : SELECT * FROM balances WHERE  branchId = '11' AND accountId = '27'  
2017-07-18 12:45:18 Balance Update Params :
Branch Id : 11
Account ID : 28
Amount : 0
2017-07-18 12:45:18 SELECT SQL : SELECT * FROM balances WHERE  branchId = '11' AND accountId = '28'  
2017-07-18 12:45:18 Balance Update Params :
Branch Id : 12
Account ID : 33
Amount : 0
2017-07-18 12:45:18 SELECT SQL : SELECT * FROM balances WHERE  branchId = '12' AND accountId = '33'  
2017-07-18 12:45:18 SELECT SQL : SELECT * FROM balances WHERE  branchId = '12' AND accountId = '33' AND date = '2017-07-18'  
2017-07-18 12:45:18 UPDATE SQL : UPDATE balances SET closingBalance = '79' WHERE  branchId = '12' AND accountId = '33' AND date = '2017-07-18' 
2017-07-18 12:45:18 Balance Update Status 2:1
 2017-07-18 12:45:18 Balance Update Params :
Branch Id : 12
Account ID : 36
Amount : 0
2017-07-18 12:45:18 SELECT SQL : SELECT * FROM balances WHERE  branchId = '12' AND accountId = '36'  
2017-07-18 12:45:18 SELECT SQL : SELECT * FROM balances WHERE  branchId = '12' AND accountId = '36' AND date = '2017-07-18'  
2017-07-18 12:45:18 UPDATE SQL : UPDATE balances SET closingBalance = '396748' WHERE  branchId = '12' AND accountId = '36' AND date = '2017-07-18' 
2017-07-18 12:45:18 Balance Update Status 2:1
 2017-07-18 12:45:18 Balance Update Params :
Branch Id : 7
Account ID : 37
Amount : 0
2017-07-18 12:45:18 SELECT SQL : SELECT * FROM balances WHERE  branchId = '7' AND accountId = '37'  
2017-07-18 12:45:18 SELECT SQL : SELECT * FROM balances WHERE  branchId = '7' AND accountId = '37' AND date = '2017-07-18'  
2017-07-18 12:45:18 UPDATE SQL : UPDATE balances SET closingBalance = '70921' WHERE  branchId = '7' AND accountId = '37' AND date = '2017-07-18' 
2017-07-18 12:45:18 Balance Update Status 2:1
 2017-07-18 12:45:18 Balance Update Params :
Branch Id : 13
Account ID : 38
Amount : 0
2017-07-18 12:45:18 SELECT SQL : SELECT * FROM balances WHERE  branchId = '13' AND accountId = '38'  
2017-07-18 12:45:18 Balance Update Params :
Branch Id : 13
Account ID : 39
Amount : 0
2017-07-18 12:45:18 SELECT SQL : SELECT * FROM balances WHERE  branchId = '13' AND accountId = '39'  
2017-07-18 12:45:18 SELECT SQL : SELECT * FROM currencies WHERE  active = '1'  
2017-07-18 12:45:18 SELECT SQL : SELECT * FROM accounts WHERE  active = '1' AND type_id = '4'  
2017-07-18 12:45:18 SELECT SQL : SELECT * FROM account_types WHERE  active = '1'  
2017-07-18 12:45:18 SELECT SQL : SELECT * FROM user_types WHERE  active = '1'  
2017-07-18 12:45:18 Response : {"data":{"branches":[{"id":"5","name":"KINSHASHA","countryId":"4","location":"Patrice Avenue","supervisorId":"3","createdBy":"4","ts":"2017-06-30 00:06:55","active":"1"},{"id":"6","name":"OASIS MALL","countryId":"1","location":"Yusufu Lule Rd","supervisorId":"3","createdBy":"2","ts":"2017-06-30 00:12:08","active":"1"},{"id":"7","name":"GOMA","countryId":"4","location":"Goma","supervisorId":"3","createdBy":"1","ts":"2017-07-05 00:00:00","active":"1"},{"id":"9","name":"MOMBASA","countryId":"2","location":"Mombasa","supervisorId":"3","createdBy":"1","ts":"2017-07-05 00:00:00","active":"1"},{"id":"10","name":"DUBAI","countryId":"6","location":"Dubai","supervisorId":"3","createdBy":"1","ts":"2017-07-05 00:00:00","active":"1"},{"id":"11","name":"CHINA","countryId":"5","location":"China","supervisorId":"3","createdBy":"3","ts":"2017-07-05 13:23:17","active":"1"},{"id":"12","name":"NAIROBI","countryId":"2","location":"Nairobi","supervisorId":"3","createdBy":"3","ts":"2017-07-06 14:12:35","active":"1"},{"id":"13","name":"KAMPALA ROAD","countryId":"1","location":"kampala road","supervisorId":"3","createdBy":"3","ts":"2017-07-06 14:12:35","active":"1"}],"countries":[{"id":"1","name":"UGANDA","createdBy":"1","ts":"2017-06-25 23:13:31","active":"1"},{"id":"2","name":"KENYA","createdBy":"1","ts":"2017-06-26 09:02:45","active":"1"},{"id":"3","name":"TZ","createdBy":"1","ts":"2017-06-28 11:11:53","active":"1"},{"id":"4","name":"CONGO","createdBy":"1","ts":"2017-06-28 11:26:11","active":"1"},{"id":"5","name":"CHINA","createdBy":"1","ts":"2017-06-28 11:30:01","active":"1"},{"id":"6","name":"UAE","createdBy":"1","ts":"2017-07-05 00:00:00","active":"1"}],"ids":[[{"id":"1","name":"Passport","createdBy":"1","ts":"2017-06-28 14:00:01","active":"1"},{"id":"2","name":"National ID","createdBy":"1","ts":"2017-06-28 14:00:01","active":"1"},{"id":"3","name":"STUDENTS ID","createdBy":"1","ts":"2017-06-28 16:21:46","active":"1"}]],"users":[{"id":"1","firstName":"You","surname":"Jinshu","email":"hudsonbogere@swipeit.co.ug","phone":"256783131266","userName":"you","branchId":"0","userTypeId":"1","password":"$2y$10$pPGbhJ1RXx\/ug.ED3LnsQuKHJTqwYsa\/iF0OqGOgsjflkHKIDTLVq","sessionId":"KSTms8GEe36Gy41kXds63LMk2kJjROlO","ipAddress":"41.210.145.81","createdBy":null,"ts":"2017-06-23 15:08:12","active":"1"},{"id":"2","firstName":"Nansubuga","surname":"Dorothy","email":"henry@gmail.com","phone":"256752284441","userName":"dorah","branchId":"12","userTypeId":"3","password":"$2y$10$m72Zz8Z.h4\/Zp6TFDhmbXeQ79kZ7JJ2U0yLUanc0dDVxbc.5UPkRG","sessionId":"JOTZBYXbXh8eyROWm0BfrDJplzhYZrq8","ipAddress":"105.231.97.122","createdBy":"1","ts":"2017-06-26 19:11:07","active":"1"},{"id":"3","firstName":"Lydia","surname":"Amoi","email":"islam@gmail.com","phone":"256777608310","userName":"lydia","branchId":"6","userTypeId":"2","password":"$2y$10$m72Zz8Z.h4\/Zp6TFDhmbXeQ79kZ7JJ2U0yLUanc0dDVxbc.5UPkRG","sessionId":"t7d5hWxgRDPJYG0vcp3fL6Fh2C75jWIV","ipAddress":"160.242.141.153","createdBy":"1","ts":"2017-06-26 19:41:01","active":"1"},{"id":"4","firstName":"Nabukera","surname":"Maria","email":"banerd@tfb.com","phone":"256774457813","userName":"maria","branchId":"5","userTypeId":"3","password":"$2y$10$wTpUE\/WJFMfQaBglrQocTO9ndV6dbxL2vzFDEJZ1hpVVp4binpXGO","sessionId":"5ZTBIlWY4T4osJASzva3hNGJleqi7LAO","ipAddress":"160.242.141.153","createdBy":"1","ts":"2017-06-26 23:04:07","active":"1"},{"id":"5","firstName":"Henry","surname":"Bbosa","email":null,"phone":null,"userName":"henry","branchId":"11","userTypeId":"3","password":"$2y$10$m72Zz8Z.h4\/Zp6TFDhmbXeQ79kZ7JJ2U0yLUanc0dDVxbc.5UPkRG","sessionId":"B7Jvxy4i7CF1ccrrfFPeNdDXCEWHWJYa","ipAddress":"197.157.0.30","createdBy":"1","ts":"2017-07-05 00:00:00","active":"1"},{"id":"6","firstName":"Edwin","surname":"Kakeeto","email":"edwin@edwin.com","phone":"0777777557","userName":"edwin","branchId":"7","userTypeId":"3","password":"$2y$10$m72Zz8Z.h4\/Zp6TFDhmbXeQ79kZ7JJ2U0yLUanc0dDVxbc.5UPkRG","sessionId":"","ipAddress":"160.242.142.203","createdBy":"3","ts":"2017-07-10 07:37:50","active":"1"},{"id":"7","firstName":"Trish","surname":"Baby","email":"patricia@gmail.com","phone":"0777777557","userName":"trish","branchId":"13","userTypeId":"3","password":"$2y$10$m72Zz8Z.h4\/Zp6TFDhmbXeQ79kZ7JJ2U0yLUanc0dDVxbc.5UPkRG","sessionId":"","ipAddress":"160.242.141.153","createdBy":null,"ts":null,"active":"1"}],"accounts":[{"id":"16","name":"KINSHASHA-USD Account","branchId":"5","currency_id":"2"},{"id":"20","name":"OASIS MALL-RMB Account","branchId":"6","currency_id":"1"},{"id":"21","name":"OASIS MALL-USD Account","branchId":"6","currency_id":"2"},{"id":"22","name":"OASIS MALL-DIRHAM Account","branchId":"6","currency_id":"3"},{"id":"23","name":"OASIS MALL-UGX Account","branchId":"6","currency_id":"4"},{"id":"24","name":"OASIS MALL-KSH Account","branchId":"6","currency_id":"5"},{"id":"27","name":"CHINA-RMB Account","branchId":"11","currency_id":"1"},{"id":"28","name":"CHINA-USD Account","branchId":"11","currency_id":"2"},{"id":"33","name":"NAIROBI-USD Account","branchId":"12","currency_id":"2"},{"id":"36","name":"NAIROBI-KSH Account","branchId":"12","currency_id":"5"},{"id":"37","name":"GOMA-USD ACCOUNT","branchId":"7","currency_id":"2"},{"id":"38","name":"KAMPALA ROAD -USD ACCOUNT","branchId":"13","currency_id":"2"},{"id":"39","name":"KAMPALA ROAD- UGX ACCOUNT ","branchId":"13","currency_id":"4"}],"currencies":[{"id":"1","name":"RMB","symbol":"\u00c2\u00a5","createdBy":"1","ts":"2017-06-27 22:45:12","active":"1"},{"id":"2","name":"USD","symbol":"$","createdBy":"1","ts":"2017-06-27 22:45:12","active":"1"},{"id":"3","name":"DIRHAM","symbol":"","createdBy":"1","ts":"2017-06-28 11:40:09","active":"1"},{"id":"4","name":"UGX","symbol":"\/=","createdBy":"1","ts":"2017-06-28 11:46:50","active":"1"},{"id":"5","name":"KSH","symbol":"","createdBy":"1","ts":"2017-06-28 11:46:50","active":"1"}],"superaccount":[{"id":"1","name":"RMB Account","branchId":"0","type_id":"4","currency_id":"1","balance":"0","createdBy":"1","active":"1","ts":"2017-06-27 22:45:12"}],"accountTypes":[{"id":"1","type":"Transfer","description":"","createdBy":"1","ts":"2017-06-28 14:31:12","active":"1"},{"id":"2","type":"Suspense","description":"","createdBy":"1","ts":"2017-06-28 14:31:12","active":"1"},{"id":"4","type":"Super","description":"","createdBy":"1","ts":"2017-06-28 14:31:12","active":"1"}],"userTypes":[{"id":"1","name":"E-Value Admin","level":"1","ts":"2017-06-27 22:45:12","active":"1"},{"id":"2","name":"Super User","level":"2","ts":"2017-06-27 22:45:12","active":"1"},{"id":"3","name":"Agent","level":"3","ts":"2017-06-27 22:45:12","active":"1"},{"id":"4","name":"System Admin","level":"4","ts":"2017-06-27 22:45:12","active":"1"}]},"success":1}
2017-07-18 12:45:23 ---- New Request ----
2017-07-18 12:45:23 Controller : Transfers
2017-07-18 12:45:23 Method : getallaccountbalancesAction
2017-07-18 12:45:23 Controller File : controllers/Transfers.class.php, Exists
2017-07-18 12:45:23 Class constructed
2017-07-18 12:45:23 Class constructed
2017-07-18 12:45:23 UserID : 4
SessionId : 5ZTBIlWY4T4osJASzva3hNGJleqi7LAO
Branch ID : 5
2017-07-18 12:45:23 SELECT SQL : SELECT sessionId FROM users WHERE  id = '4'  
2017-07-18 12:45:23 SELECT SQL : SELECT name,id FROM accounts WHERE  active = '1' AND branchId = '5'  
2017-07-18 12:45:23 SELECT SQL : SELECT name FROM branches WHERE  id = '5'  
2017-07-18 12:45:23 Response : {"success":1,"data":[{"name":"KINSHASHA-USD Account","id":"16","balance":263126}],"branchName":"KINSHASHA"}
2017-07-18 12:45:59 ---- New Request ----
2017-07-18 12:45:59 Controller : Transfers
2017-07-18 12:45:59 Method : getallaccountbalancesAction
2017-07-18 12:45:59 Controller File : controllers/Transfers.class.php, Exists
2017-07-18 12:45:59 Class constructed
2017-07-18 12:45:59 Class constructed
2017-07-18 12:45:59 UserID : 4
SessionId : 5ZTBIlWY4T4osJASzva3hNGJleqi7LAO
Branch ID : 5
2017-07-18 12:45:59 SELECT SQL : SELECT sessionId FROM users WHERE  id = '4'  
2017-07-18 12:45:59 SELECT SQL : SELECT name,id FROM accounts WHERE  active = '1' AND branchId = '5'  
2017-07-18 12:45:59 SELECT SQL : SELECT name FROM branches WHERE  id = '5'  
2017-07-18 12:45:59 Response : {"success":1,"data":[{"name":"KINSHASHA-USD Account","id":"16","balance":263126}],"branchName":"KINSHASHA"}
2017-07-18 12:46:01 ---- New Request ----
2017-07-18 12:46:01 Controller : Transfers
2017-07-18 12:46:01 Method : getbalancesAction
2017-07-18 12:46:01 Controller File : controllers/Transfers.class.php, Exists
2017-07-18 12:46:01 Class constructed
2017-07-18 12:46:01 Class constructed
2017-07-18 12:46:01 UserID : 4
SessionId : 5ZTBIlWY4T4osJASzva3hNGJleqi7LAO
Branch ID : 
Date : 
2017-07-18 12:46:01 SELECT SQL : SELECT sessionId,branchId,userTypeId FROM users WHERE  id = '4'  
2017-07-18 12:46:01 SELECT SQL : SELECT closingBalance,openingBalance,accountId,branchId,date FROM balances WHERE  date = '2017-07-18' AND branchId = '5'  
2017-07-18 12:46:01 SELECT SQL : SELECT name FROM accounts WHERE  id = '16'  
2017-07-18 12:46:01 SELECT SQL : SELECT name FROM branches WHERE  id = '5'  
2017-07-18 12:46:01 Response : {"success":1,"data":[{"closingBalance":"263126","openingBalance":"263126","accountId":"16","branchId":"5","date":"2017-07-18","accountName":"KINSHASHA-USD Account","branchName":"KINSHASHA"}]}
2017-07-18 12:46:03 ---- New Request ----
2017-07-18 12:46:03 Controller : Reports
2017-07-18 12:46:03 Method : gettransferlogsAction
2017-07-18 12:46:03 Controller File : controllers/Reports.class.php, Exists
2017-07-18 12:46:03 Class constructed
2017-07-18 12:46:03 Class constructed
2017-07-18 12:46:03 UserID : 4
SessionId : 5ZTBIlWY4T4osJASzva3hNGJleqi7LAO
Branch ID : 5
Date : 
Account ID : 
2017-07-18 12:46:03 SELECT SQL : SELECT sessionId,branchId,userTypeId FROM users WHERE  id = '4'  
2017-07-18 12:46:03 SELECT SQL : SELECT id,fromBranch,toBranch,amount,currency,charge,transferRef,userIdSource,userIdDestination,ts,withdrawTs,status,senderFname,senderSurname,senderPhone,senderEmail,receiverFname,receiverSurname,receiverPhone,receiverAccountNumber,destinationCountryId FROM transfers WHERE  fromBranch = '5'  OR toBranch = '5'  ORDER BY ts DESC LIMIT 20
2017-07-18 12:46:03 SELECT SQL : SELECT name FROM branches WHERE  id = '5'  
2017-07-18 12:46:03 Response : {"success":1,"branchName":"KINSHASHA","data":[]}
2017-07-18 12:46:23 ---- New Request ----
2017-07-18 12:46:23 Controller : Reports
2017-07-18 12:46:23 Method : gettransferlogsAction
2017-07-18 12:46:23 Controller File : controllers/Reports.class.php, Exists
2017-07-18 12:46:23 Class constructed
2017-07-18 12:46:23 Class constructed
2017-07-18 12:46:23 UserID : 4
SessionId : 5ZTBIlWY4T4osJASzva3hNGJleqi7LAO
Branch ID : 5
Date : 
Account ID : 
2017-07-18 12:46:23 SELECT SQL : SELECT sessionId,branchId,userTypeId FROM users WHERE  id = '4'  
2017-07-18 12:46:23 SELECT SQL : SELECT id,fromBranch,toBranch,amount,currency,charge,transferRef,userIdSource,userIdDestination,ts,withdrawTs,status,senderFname,senderSurname,senderPhone,senderEmail,receiverFname,receiverSurname,receiverPhone,receiverAccountNumber,destinationCountryId FROM transfers WHERE  fromBranch = '5'  OR toBranch = '5'  ORDER BY ts DESC LIMIT 20
2017-07-18 12:46:23 SELECT SQL : SELECT name FROM branches WHERE  id = '5'  
2017-07-18 12:46:23 Response : {"success":1,"branchName":"KINSHASHA","data":[]}
2017-07-18 12:46:24 ---- New Request ----
2017-07-18 12:46:24 Controller : Reports
2017-07-18 12:46:24 Method : gettransferlogsAction
2017-07-18 12:46:24 Controller File : controllers/Reports.class.php, Exists
2017-07-18 12:46:24 Class constructed
2017-07-18 12:46:24 Class constructed
2017-07-18 12:46:24 UserID : 4
SessionId : 5ZTBIlWY4T4osJASzva3hNGJleqi7LAO
Branch ID : 5
Date : 
Account ID : 
2017-07-18 12:46:24 SELECT SQL : SELECT sessionId,branchId,userTypeId FROM users WHERE  id = '4'  
2017-07-18 12:46:24 SELECT SQL : SELECT id,fromBranch,toBranch,amount,currency,charge,transferRef,userIdSource,userIdDestination,ts,withdrawTs,status,senderFname,senderSurname,senderPhone,senderEmail,receiverFname,receiverSurname,receiverPhone,receiverAccountNumber,destinationCountryId FROM transfers WHERE  fromBranch = '5'  OR toBranch = '5'  ORDER BY ts DESC LIMIT 20
2017-07-18 12:46:24 SELECT SQL : SELECT name FROM branches WHERE  id = '5'  
2017-07-18 12:46:24 Response : {"success":1,"branchName":"KINSHASHA","data":[]}
2017-07-18 12:46:25 ---- New Request ----
2017-07-18 12:46:25 Controller : Transfers
2017-07-18 12:46:25 Method : getbalancesAction
2017-07-18 12:46:25 Controller File : controllers/Transfers.class.php, Exists
2017-07-18 12:46:25 Class constructed
2017-07-18 12:46:25 Class constructed
2017-07-18 12:46:25 UserID : 4
SessionId : 5ZTBIlWY4T4osJASzva3hNGJleqi7LAO
Branch ID : 
Date : 
2017-07-18 12:46:25 SELECT SQL : SELECT sessionId,branchId,userTypeId FROM users WHERE  id = '4'  
2017-07-18 12:46:25 SELECT SQL : SELECT closingBalance,openingBalance,accountId,branchId,date FROM balances WHERE  date = '2017-07-18' AND branchId = '5'  
2017-07-18 12:46:25 SELECT SQL : SELECT name FROM accounts WHERE  id = '16'  
2017-07-18 12:46:25 SELECT SQL : SELECT name FROM branches WHERE  id = '5'  
2017-07-18 12:46:25 Response : {"success":1,"data":[{"closingBalance":"263126","openingBalance":"263126","accountId":"16","branchId":"5","date":"2017-07-18","accountName":"KINSHASHA-USD Account","branchName":"KINSHASHA"}]}
2017-07-18 12:46:27 ---- New Request ----
2017-07-18 12:46:27 Controller : Transfers
2017-07-18 12:46:27 Method : getallaccountbalancesAction
2017-07-18 12:46:27 Controller File : controllers/Transfers.class.php, Exists
2017-07-18 12:46:27 Class constructed
2017-07-18 12:46:27 Class constructed
2017-07-18 12:46:27 UserID : 4
SessionId : 5ZTBIlWY4T4osJASzva3hNGJleqi7LAO
Branch ID : 5
2017-07-18 12:46:27 SELECT SQL : SELECT sessionId FROM users WHERE  id = '4'  
2017-07-18 12:46:27 SELECT SQL : SELECT name,id FROM accounts WHERE  active = '1' AND branchId = '5'  
2017-07-18 12:46:27 SELECT SQL : SELECT name FROM branches WHERE  id = '5'  
2017-07-18 12:46:27 Response : {"success":1,"data":[{"name":"KINSHASHA-USD Account","id":"16","balance":263126}],"branchName":"KINSHASHA"}
2017-07-18 12:46:29 ---- New Request ----
2017-07-18 12:46:29 Controller : Transfers
2017-07-18 12:46:29 Method : getbalancesAction
2017-07-18 12:46:29 Controller File : controllers/Transfers.class.php, Exists
2017-07-18 12:46:29 Class constructed
2017-07-18 12:46:29 Class constructed
2017-07-18 12:46:29 UserID : 4
SessionId : 5ZTBIlWY4T4osJASzva3hNGJleqi7LAO
Branch ID : 
Date : 
2017-07-18 12:46:29 SELECT SQL : SELECT sessionId,branchId,userTypeId FROM users WHERE  id = '4'  
2017-07-18 12:46:29 SELECT SQL : SELECT closingBalance,openingBalance,accountId,branchId,date FROM balances WHERE  date = '2017-07-18' AND branchId = '5'  
2017-07-18 12:46:29 SELECT SQL : SELECT name FROM accounts WHERE  id = '16'  
2017-07-18 12:46:29 SELECT SQL : SELECT name FROM branches WHERE  id = '5'  
2017-07-18 12:46:29 Response : {"success":1,"data":[{"closingBalance":"263126","openingBalance":"263126","accountId":"16","branchId":"5","date":"2017-07-18","accountName":"KINSHASHA-USD Account","branchName":"KINSHASHA"}]}
2017-07-18 12:46:30 ---- New Request ----
2017-07-18 12:46:30 Controller : Transfers
2017-07-18 12:46:30 Method : getallaccountbalancesAction
2017-07-18 12:46:30 Controller File : controllers/Transfers.class.php, Exists
2017-07-18 12:46:30 Class constructed
2017-07-18 12:46:30 Class constructed
2017-07-18 12:46:30 UserID : 4
SessionId : 5ZTBIlWY4T4osJASzva3hNGJleqi7LAO
Branch ID : 5
2017-07-18 12:46:30 SELECT SQL : SELECT sessionId FROM users WHERE  id = '4'  
2017-07-18 12:46:30 SELECT SQL : SELECT name,id FROM accounts WHERE  active = '1' AND branchId = '5'  
2017-07-18 12:46:30 SELECT SQL : SELECT name FROM branches WHERE  id = '5'  
2017-07-18 12:46:30 Response : {"success":1,"data":[{"name":"KINSHASHA-USD Account","id":"16","balance":263126}],"branchName":"KINSHASHA"}
2017-07-18 12:46:31 ---- New Request ----
2017-07-18 12:46:31 Controller : Transfers
2017-07-18 12:46:31 Method : getbalancesAction
2017-07-18 12:46:31 Controller File : controllers/Transfers.class.php, Exists
2017-07-18 12:46:31 Class constructed
2017-07-18 12:46:31 Class constructed
2017-07-18 12:46:31 UserID : 4
SessionId : 5ZTBIlWY4T4osJASzva3hNGJleqi7LAO
Branch ID : 
Date : 
2017-07-18 12:46:31 SELECT SQL : SELECT sessionId,branchId,userTypeId FROM users WHERE  id = '4'  
2017-07-18 12:46:31 SELECT SQL : SELECT closingBalance,openingBalance,accountId,branchId,date FROM balances WHERE  date = '2017-07-18' AND branchId = '5'  
2017-07-18 12:46:31 SELECT SQL : SELECT name FROM accounts WHERE  id = '16'  
2017-07-18 12:46:31 SELECT SQL : SELECT name FROM branches WHERE  id = '5'  
2017-07-18 12:46:31 Response : {"success":1,"data":[{"closingBalance":"263126","openingBalance":"263126","accountId":"16","branchId":"5","date":"2017-07-18","accountName":"KINSHASHA-USD Account","branchName":"KINSHASHA"}]}
2017-07-18 12:46:32 ---- New Request ----
2017-07-18 12:46:32 Controller : Transfers
2017-07-18 12:46:32 Method : getallaccountbalancesAction
2017-07-18 12:46:32 Controller File : controllers/Transfers.class.php, Exists
2017-07-18 12:46:32 Class constructed
2017-07-18 12:46:32 Class constructed
2017-07-18 12:46:32 UserID : 4
SessionId : 5ZTBIlWY4T4osJASzva3hNGJleqi7LAO
Branch ID : 5
2017-07-18 12:46:32 SELECT SQL : SELECT sessionId FROM users WHERE  id = '4'  
2017-07-18 12:46:32 SELECT SQL : SELECT name,id FROM accounts WHERE  active = '1' AND branchId = '5'  
2017-07-18 12:46:32 SELECT SQL : SELECT name FROM branches WHERE  id = '5'  
2017-07-18 12:46:32 Response : {"success":1,"data":[{"name":"KINSHASHA-USD Account","id":"16","balance":263126}],"branchName":"KINSHASHA"}
2017-07-18 12:46:33 ---- New Request ----
2017-07-18 12:46:33 Controller : Transfers
2017-07-18 12:46:33 Method : getbalancesAction
2017-07-18 12:46:33 Controller File : controllers/Transfers.class.php, Exists
2017-07-18 12:46:33 Class constructed
2017-07-18 12:46:33 Class constructed
2017-07-18 12:46:33 UserID : 4
SessionId : 5ZTBIlWY4T4osJASzva3hNGJleqi7LAO
Branch ID : 
Date : 
2017-07-18 12:46:33 SELECT SQL : SELECT sessionId,branchId,userTypeId FROM users WHERE  id = '4'  
2017-07-18 12:46:33 SELECT SQL : SELECT closingBalance,openingBalance,accountId,branchId,date FROM balances WHERE  date = '2017-07-18' AND branchId = '5'  
2017-07-18 12:46:33 SELECT SQL : SELECT name FROM accounts WHERE  id = '16'  
2017-07-18 12:46:33 SELECT SQL : SELECT name FROM branches WHERE  id = '5'  
2017-07-18 12:46:33 Response : {"success":1,"data":[{"closingBalance":"263126","openingBalance":"263126","accountId":"16","branchId":"5","date":"2017-07-18","accountName":"KINSHASHA-USD Account","branchName":"KINSHASHA"}]}
2017-07-18 12:46:33 ---- New Request ----
2017-07-18 12:46:33 Controller : Reports
2017-07-18 12:46:33 Method : gettransferlogsAction
2017-07-18 12:46:33 Controller File : controllers/Reports.class.php, Exists
2017-07-18 12:46:33 Class constructed
2017-07-18 12:46:33 Class constructed
2017-07-18 12:46:33 UserID : 4
SessionId : 5ZTBIlWY4T4osJASzva3hNGJleqi7LAO
Branch ID : 5
Date : 
Account ID : 
2017-07-18 12:46:33 SELECT SQL : SELECT sessionId,branchId,userTypeId FROM users WHERE  id = '4'  
2017-07-18 12:46:33 SELECT SQL : SELECT id,fromBranch,toBranch,amount,currency,charge,transferRef,userIdSource,userIdDestination,ts,withdrawTs,status,senderFname,senderSurname,senderPhone,senderEmail,receiverFname,receiverSurname,receiverPhone,receiverAccountNumber,destinationCountryId FROM transfers WHERE  fromBranch = '5'  OR toBranch = '5'  ORDER BY ts DESC LIMIT 20
2017-07-18 12:46:33 SELECT SQL : SELECT name FROM branches WHERE  id = '5'  
2017-07-18 12:46:33 Response : {"success":1,"branchName":"KINSHASHA","data":[]}
2017-07-18 12:46:34 ---- New Request ----
2017-07-18 12:46:34 Controller : Reports
2017-07-18 12:46:34 Method : gettransferlogsAction
2017-07-18 12:46:34 Controller File : controllers/Reports.class.php, Exists
2017-07-18 12:46:34 Class constructed
2017-07-18 12:46:34 Class constructed
2017-07-18 12:46:34 UserID : 4
SessionId : 5ZTBIlWY4T4osJASzva3hNGJleqi7LAO
Branch ID : 5
Date : 
Account ID : 
2017-07-18 12:46:34 SELECT SQL : SELECT sessionId,branchId,userTypeId FROM users WHERE  id = '4'  
2017-07-18 12:46:34 SELECT SQL : SELECT id,fromBranch,toBranch,amount,currency,charge,transferRef,userIdSource,userIdDestination,ts,withdrawTs,status,senderFname,senderSurname,senderPhone,senderEmail,receiverFname,receiverSurname,receiverPhone,receiverAccountNumber,destinationCountryId FROM transfers WHERE  fromBranch = '5'  OR toBranch = '5'  ORDER BY ts DESC LIMIT 20
2017-07-18 12:46:34 SELECT SQL : SELECT name FROM branches WHERE  id = '5'  
2017-07-18 12:46:34 Response : {"success":1,"branchName":"KINSHASHA","data":[]}
2017-07-18 12:46:41 ---- New Request ----
2017-07-18 12:46:41 Controller : Reports
2017-07-18 12:46:41 Method : gettransferlogsAction
2017-07-18 12:46:41 Controller File : controllers/Reports.class.php, Exists
2017-07-18 12:46:41 Class constructed
2017-07-18 12:46:41 Class constructed
2017-07-18 12:46:41 UserID : 4
SessionId : 5ZTBIlWY4T4osJASzva3hNGJleqi7LAO
Branch ID : 5
Date : 
Account ID : 
2017-07-18 12:46:41 SELECT SQL : SELECT sessionId,branchId,userTypeId FROM users WHERE  id = '4'  
2017-07-18 12:46:41 SELECT SQL : SELECT id,fromBranch,toBranch,amount,currency,charge,transferRef,userIdSource,userIdDestination,ts,withdrawTs,status,senderFname,senderSurname,senderPhone,senderEmail,receiverFname,receiverSurname,receiverPhone,receiverAccountNumber,destinationCountryId FROM transfers WHERE  fromBranch = '5'  OR toBranch = '5'  ORDER BY ts DESC LIMIT 20
2017-07-18 12:46:41 SELECT SQL : SELECT name FROM branches WHERE  id = '5'  
2017-07-18 12:46:41 Response : {"success":1,"branchName":"KINSHASHA","data":[]}
2017-07-18 12:46:42 ---- New Request ----
2017-07-18 12:46:42 Controller : Reports
2017-07-18 12:46:42 Method : gettransferlogsAction
2017-07-18 12:46:42 Controller File : controllers/Reports.class.php, Exists
2017-07-18 12:46:42 Class constructed
2017-07-18 12:46:42 Class constructed
2017-07-18 12:46:42 UserID : 4
SessionId : 5ZTBIlWY4T4osJASzva3hNGJleqi7LAO
Branch ID : 5
Date : 
Account ID : 
2017-07-18 12:46:42 SELECT SQL : SELECT sessionId,branchId,userTypeId FROM users WHERE  id = '4'  
2017-07-18 12:46:42 SELECT SQL : SELECT id,fromBranch,toBranch,amount,currency,charge,transferRef,userIdSource,userIdDestination,ts,withdrawTs,status,senderFname,senderSurname,senderPhone,senderEmail,receiverFname,receiverSurname,receiverPhone,receiverAccountNumber,destinationCountryId FROM transfers WHERE  fromBranch = '5'  OR toBranch = '5'  ORDER BY ts DESC LIMIT 20
2017-07-18 12:46:42 SELECT SQL : SELECT name FROM branches WHERE  id = '5'  
2017-07-18 12:46:42 Response : {"success":1,"branchName":"KINSHASHA","data":[]}
2017-07-18 12:46:42 ---- New Request ----
2017-07-18 12:46:42 Controller : Transfers
2017-07-18 12:46:42 Method : getbalancesAction
2017-07-18 12:46:42 Controller File : controllers/Transfers.class.php, Exists
2017-07-18 12:46:42 Class constructed
2017-07-18 12:46:42 Class constructed
2017-07-18 12:46:42 UserID : 4
SessionId : 5ZTBIlWY4T4osJASzva3hNGJleqi7LAO
Branch ID : 
Date : 
2017-07-18 12:46:42 SELECT SQL : SELECT sessionId,branchId,userTypeId FROM users WHERE  id = '4'  
2017-07-18 12:46:42 SELECT SQL : SELECT closingBalance,openingBalance,accountId,branchId,date FROM balances WHERE  date = '2017-07-18' AND branchId = '5'  
2017-07-18 12:46:42 SELECT SQL : SELECT name FROM accounts WHERE  id = '16'  
2017-07-18 12:46:42 SELECT SQL : SELECT name FROM branches WHERE  id = '5'  
2017-07-18 12:46:42 Response : {"success":1,"data":[{"closingBalance":"263126","openingBalance":"263126","accountId":"16","branchId":"5","date":"2017-07-18","accountName":"KINSHASHA-USD Account","branchName":"KINSHASHA"}]}
2017-07-18 12:46:43 ---- New Request ----
2017-07-18 12:46:43 Controller : Transfers
2017-07-18 12:46:43 Method : getallaccountbalancesAction
2017-07-18 12:46:43 Controller File : controllers/Transfers.class.php, Exists
2017-07-18 12:46:43 Class constructed
2017-07-18 12:46:43 Class constructed
2017-07-18 12:46:43 UserID : 4
SessionId : 5ZTBIlWY4T4osJASzva3hNGJleqi7LAO
Branch ID : 5
2017-07-18 12:46:43 SELECT SQL : SELECT sessionId FROM users WHERE  id = '4'  
2017-07-18 12:46:43 SELECT SQL : SELECT name,id FROM accounts WHERE  active = '1' AND branchId = '5'  
2017-07-18 12:46:43 SELECT SQL : SELECT name FROM branches WHERE  id = '5'  
2017-07-18 12:46:43 Response : {"success":1,"data":[{"name":"KINSHASHA-USD Account","id":"16","balance":263126}],"branchName":"KINSHASHA"}
2017-07-18 12:46:49 ---- New Request ----
2017-07-18 12:46:49 Controller : Transfers
2017-07-18 12:46:49 Method : getbalancesAction
2017-07-18 12:46:49 Controller File : controllers/Transfers.class.php, Exists
2017-07-18 12:46:49 Class constructed
2017-07-18 12:46:49 Class constructed
2017-07-18 12:46:49 UserID : 4
SessionId : 5ZTBIlWY4T4osJASzva3hNGJleqi7LAO
Branch ID : 
Date : 
2017-07-18 12:46:49 SELECT SQL : SELECT sessionId,branchId,userTypeId FROM users WHERE  id = '4'  
2017-07-18 12:46:49 SELECT SQL : SELECT closingBalance,openingBalance,accountId,branchId,date FROM balances WHERE  date = '2017-07-18' AND branchId = '5'  
2017-07-18 12:46:49 SELECT SQL : SELECT name FROM accounts WHERE  id = '16'  
2017-07-18 12:46:49 SELECT SQL : SELECT name FROM branches WHERE  id = '5'  
2017-07-18 12:46:49 Response : {"success":1,"data":[{"closingBalance":"263126","openingBalance":"263126","accountId":"16","branchId":"5","date":"2017-07-18","accountName":"KINSHASHA-USD Account","branchName":"KINSHASHA"}]}
2017-07-18 12:46:53 ---- New Request ----
2017-07-18 12:46:53 Controller : Reports
2017-07-18 12:46:53 Method : gettransferlogsAction
2017-07-18 12:46:53 Controller File : controllers/Reports.class.php, Exists
2017-07-18 12:46:53 Class constructed
2017-07-18 12:46:53 Class constructed
2017-07-18 12:46:53 UserID : 4
SessionId : 5ZTBIlWY4T4osJASzva3hNGJleqi7LAO
Branch ID : 5
Date : 
Account ID : 
2017-07-18 12:46:53 SELECT SQL : SELECT sessionId,branchId,userTypeId FROM users WHERE  id = '4'  
2017-07-18 12:46:53 SELECT SQL : SELECT id,fromBranch,toBranch,amount,currency,charge,transferRef,userIdSource,userIdDestination,ts,withdrawTs,status,senderFname,senderSurname,senderPhone,senderEmail,receiverFname,receiverSurname,receiverPhone,receiverAccountNumber,destinationCountryId FROM transfers WHERE  fromBranch = '5'  OR toBranch = '5'  ORDER BY ts DESC LIMIT 20
2017-07-18 12:46:53 SELECT SQL : SELECT name FROM branches WHERE  id = '5'  
2017-07-18 12:46:53 Response : {"success":1,"branchName":"KINSHASHA","data":[]}
2017-07-18 12:46:57 ---- New Request ----
2017-07-18 12:46:57 Controller : Transfers
2017-07-18 12:46:57 Method : getbalancesAction
2017-07-18 12:46:57 Controller File : controllers/Transfers.class.php, Exists
2017-07-18 12:46:57 Class constructed
2017-07-18 12:46:57 Class constructed
2017-07-18 12:46:57 UserID : 4
SessionId : 5ZTBIlWY4T4osJASzva3hNGJleqi7LAO
Branch ID : 
Date : 
2017-07-18 12:46:57 SELECT SQL : SELECT sessionId,branchId,userTypeId FROM users WHERE  id = '4'  
2017-07-18 12:46:57 SELECT SQL : SELECT closingBalance,openingBalance,accountId,branchId,date FROM balances WHERE  date = '2017-07-18' AND branchId = '5'  
2017-07-18 12:46:57 SELECT SQL : SELECT name FROM accounts WHERE  id = '16'  
2017-07-18 12:46:57 SELECT SQL : SELECT name FROM branches WHERE  id = '5'  
2017-07-18 12:46:57 Response : {"success":1,"data":[{"closingBalance":"263126","openingBalance":"263126","accountId":"16","branchId":"5","date":"2017-07-18","accountName":"KINSHASHA-USD Account","branchName":"KINSHASHA"}]}
2017-07-18 12:46:58 ---- New Request ----
2017-07-18 12:46:58 Controller : Transfers
2017-07-18 12:46:58 Method : getallaccountbalancesAction
2017-07-18 12:46:58 Controller File : controllers/Transfers.class.php, Exists
2017-07-18 12:46:58 Class constructed
2017-07-18 12:46:58 Class constructed
2017-07-18 12:46:58 UserID : 4
SessionId : 5ZTBIlWY4T4osJASzva3hNGJleqi7LAO
Branch ID : 5
2017-07-18 12:46:58 SELECT SQL : SELECT sessionId FROM users WHERE  id = '4'  
2017-07-18 12:46:58 SELECT SQL : SELECT name,id FROM accounts WHERE  active = '1' AND branchId = '5'  
2017-07-18 12:46:58 SELECT SQL : SELECT name FROM branches WHERE  id = '5'  
2017-07-18 12:46:58 Response : {"success":1,"data":[{"name":"KINSHASHA-USD Account","id":"16","balance":263126}],"branchName":"KINSHASHA"}
2017-07-18 12:49:24 ---- New Request ----
2017-07-18 12:49:24 Controller : Users
2017-07-18 12:49:24 Method : formsdetailsAction
2017-07-18 12:49:24 Controller File : controllers/Users.class.php, Exists
2017-07-18 12:49:24 Class constructed
2017-07-18 12:49:24 Details Params :
SessionID :JOTZBYXbXh8eyROWm0BfrDJplzhYZrq8
User ID : 2
2017-07-18 12:49:24 SELECT SQL : SELECT * FROM branches WHERE  active = '1'  
2017-07-18 12:49:24 SELECT SQL : SELECT * FROM countries WHERE  active = '1'  
2017-07-18 12:49:24 SELECT SQL : SELECT * FROM identification WHERE  active = '1'  
2017-07-18 12:49:24 SELECT SQL : SELECT * FROM users WHERE  active = '1'  
2017-07-18 12:49:24 SELECT SQL : SELECT id,name,branchId,currency_id FROM accounts WHERE  active = '1' AND type_id = '1'  
2017-07-18 12:49:24 Balance Update Params :
Branch Id : 5
Account ID : 16
Amount : 0
2017-07-18 12:49:24 SELECT SQL : SELECT * FROM balances WHERE  branchId = '5' AND accountId = '16'  
2017-07-18 12:49:24 SELECT SQL : SELECT * FROM balances WHERE  branchId = '5' AND accountId = '16' AND date = '2017-07-18'  
2017-07-18 12:49:24 UPDATE SQL : UPDATE balances SET closingBalance = '263126' WHERE  branchId = '5' AND accountId = '16' AND date = '2017-07-18' 
2017-07-18 12:49:24 Balance Update Status 2:1
 2017-07-18 12:49:24 Balance Update Params :
Branch Id : 6
Account ID : 20
Amount : 0
2017-07-18 12:49:24 SELECT SQL : SELECT * FROM balances WHERE  branchId = '6' AND accountId = '20'  
2017-07-18 12:49:24 Balance Update Params :
Branch Id : 6
Account ID : 21
Amount : 0
2017-07-18 12:49:24 SELECT SQL : SELECT * FROM balances WHERE  branchId = '6' AND accountId = '21'  
2017-07-18 12:49:24 SELECT SQL : SELECT * FROM balances WHERE  branchId = '6' AND accountId = '21' AND date = '2017-07-18'  
2017-07-18 12:49:24 UPDATE SQL : UPDATE balances SET closingBalance = '204913' WHERE  branchId = '6' AND accountId = '21' AND date = '2017-07-18' 
2017-07-18 12:49:24 Balance Update Status 2:1
 2017-07-18 12:49:24 Balance Update Params :
Branch Id : 6
Account ID : 22
Amount : 0
2017-07-18 12:49:24 SELECT SQL : SELECT * FROM balances WHERE  branchId = '6' AND accountId = '22'  
2017-07-18 12:49:24 Balance Update Params :
Branch Id : 6
Account ID : 23
Amount : 0
2017-07-18 12:49:24 SELECT SQL : SELECT * FROM balances WHERE  branchId = '6' AND accountId = '23'  
2017-07-18 12:49:24 SELECT SQL : SELECT * FROM balances WHERE  branchId = '6' AND accountId = '23' AND date = '2017-07-18'  
2017-07-18 12:49:24 UPDATE SQL : UPDATE balances SET closingBalance = '20422518' WHERE  branchId = '6' AND accountId = '23' AND date = '2017-07-18' 
2017-07-18 12:49:24 Balance Update Status 2:1
 2017-07-18 12:49:24 Balance Update Params :
Branch Id : 6
Account ID : 24
Amount : 0
2017-07-18 12:49:24 SELECT SQL : SELECT * FROM balances WHERE  branchId = '6' AND accountId = '24'  
2017-07-18 12:49:24 Balance Update Params :
Branch Id : 11
Account ID : 27
Amount : 0
2017-07-18 12:49:24 SELECT SQL : SELECT * FROM balances WHERE  branchId = '11' AND accountId = '27'  
2017-07-18 12:49:24 Balance Update Params :
Branch Id : 11
Account ID : 28
Amount : 0
2017-07-18 12:49:24 SELECT SQL : SELECT * FROM balances WHERE  branchId = '11' AND accountId = '28'  
2017-07-18 12:49:24 Balance Update Params :
Branch Id : 12
Account ID : 33
Amount : 0
2017-07-18 12:49:24 SELECT SQL : SELECT * FROM balances WHERE  branchId = '12' AND accountId = '33'  
2017-07-18 12:49:24 SELECT SQL : SELECT * FROM balances WHERE  branchId = '12' AND accountId = '33' AND date = '2017-07-18'  
2017-07-18 12:49:24 UPDATE SQL : UPDATE balances SET closingBalance = '79' WHERE  branchId = '12' AND accountId = '33' AND date = '2017-07-18' 
2017-07-18 12:49:24 Balance Update Status 2:1
 2017-07-18 12:49:24 Balance Update Params :
Branch Id : 12
Account ID : 36
Amount : 0
2017-07-18 12:49:24 SELECT SQL : SELECT * FROM balances WHERE  branchId = '12' AND accountId = '36'  
2017-07-18 12:49:24 SELECT SQL : SELECT * FROM balances WHERE  branchId = '12' AND accountId = '36' AND date = '2017-07-18'  
2017-07-18 12:49:24 UPDATE SQL : UPDATE balances SET closingBalance = '396748' WHERE  branchId = '12' AND accountId = '36' AND date = '2017-07-18' 
2017-07-18 12:49:24 Balance Update Status 2:1
 2017-07-18 12:49:24 Balance Update Params :
Branch Id : 7
Account ID : 37
Amount : 0
2017-07-18 12:49:24 SELECT SQL : SELECT * FROM balances WHERE  branchId = '7' AND accountId = '37'  
2017-07-18 12:49:24 SELECT SQL : SELECT * FROM balances WHERE  branchId = '7' AND accountId = '37' AND date = '2017-07-18'  
2017-07-18 12:49:24 UPDATE SQL : UPDATE balances SET closingBalance = '70921' WHERE  branchId = '7' AND accountId = '37' AND date = '2017-07-18' 
2017-07-18 12:49:24 Balance Update Status 2:1
 2017-07-18 12:49:24 Balance Update Params :
Branch Id : 13
Account ID : 38
Amount : 0
2017-07-18 12:49:24 SELECT SQL : SELECT * FROM balances WHERE  branchId = '13' AND accountId = '38'  
2017-07-18 12:49:24 Balance Update Params :
Branch Id : 13
Account ID : 39
Amount : 0
2017-07-18 12:49:24 SELECT SQL : SELECT * FROM balances WHERE  branchId = '13' AND accountId = '39'  
2017-07-18 12:49:24 SELECT SQL : SELECT * FROM currencies WHERE  active = '1'  
2017-07-18 12:49:24 SELECT SQL : SELECT * FROM accounts WHERE  active = '1' AND type_id = '4'  
2017-07-18 12:49:24 SELECT SQL : SELECT * FROM account_types WHERE  active = '1'  
2017-07-18 12:49:24 SELECT SQL : SELECT * FROM user_types WHERE  active = '1'  
2017-07-18 12:49:24 Response : {"data":{"branches":[{"id":"5","name":"KINSHASHA","countryId":"4","location":"Patrice Avenue","supervisorId":"3","createdBy":"4","ts":"2017-06-30 00:06:55","active":"1"},{"id":"6","name":"OASIS MALL","countryId":"1","location":"Yusufu Lule Rd","supervisorId":"3","createdBy":"2","ts":"2017-06-30 00:12:08","active":"1"},{"id":"7","name":"GOMA","countryId":"4","location":"Goma","supervisorId":"3","createdBy":"1","ts":"2017-07-05 00:00:00","active":"1"},{"id":"9","name":"MOMBASA","countryId":"2","location":"Mombasa","supervisorId":"3","createdBy":"1","ts":"2017-07-05 00:00:00","active":"1"},{"id":"10","name":"DUBAI","countryId":"6","location":"Dubai","supervisorId":"3","createdBy":"1","ts":"2017-07-05 00:00:00","active":"1"},{"id":"11","name":"CHINA","countryId":"5","location":"China","supervisorId":"3","createdBy":"3","ts":"2017-07-05 13:23:17","active":"1"},{"id":"12","name":"NAIROBI","countryId":"2","location":"Nairobi","supervisorId":"3","createdBy":"3","ts":"2017-07-06 14:12:35","active":"1"},{"id":"13","name":"KAMPALA ROAD","countryId":"1","location":"kampala road","supervisorId":"3","createdBy":"3","ts":"2017-07-06 14:12:35","active":"1"}],"countries":[{"id":"1","name":"UGANDA","createdBy":"1","ts":"2017-06-25 23:13:31","active":"1"},{"id":"2","name":"KENYA","createdBy":"1","ts":"2017-06-26 09:02:45","active":"1"},{"id":"3","name":"TZ","createdBy":"1","ts":"2017-06-28 11:11:53","active":"1"},{"id":"4","name":"CONGO","createdBy":"1","ts":"2017-06-28 11:26:11","active":"1"},{"id":"5","name":"CHINA","createdBy":"1","ts":"2017-06-28 11:30:01","active":"1"},{"id":"6","name":"UAE","createdBy":"1","ts":"2017-07-05 00:00:00","active":"1"}],"ids":[[{"id":"1","name":"Passport","createdBy":"1","ts":"2017-06-28 14:00:01","active":"1"},{"id":"2","name":"National ID","createdBy":"1","ts":"2017-06-28 14:00:01","active":"1"},{"id":"3","name":"STUDENTS ID","createdBy":"1","ts":"2017-06-28 16:21:46","active":"1"}]],"users":[{"id":"1","firstName":"You","surname":"Jinshu","email":"hudsonbogere@swipeit.co.ug","phone":"256783131266","userName":"you","branchId":"0","userTypeId":"1","password":"$2y$10$pPGbhJ1RXx\/ug.ED3LnsQuKHJTqwYsa\/iF0OqGOgsjflkHKIDTLVq","sessionId":"KSTms8GEe36Gy41kXds63LMk2kJjROlO","ipAddress":"41.210.145.81","createdBy":null,"ts":"2017-06-23 15:08:12","active":"1"},{"id":"2","firstName":"Nansubuga","surname":"Dorothy","email":"henry@gmail.com","phone":"256752284441","userName":"dorah","branchId":"12","userTypeId":"3","password":"$2y$10$m72Zz8Z.h4\/Zp6TFDhmbXeQ79kZ7JJ2U0yLUanc0dDVxbc.5UPkRG","sessionId":"JOTZBYXbXh8eyROWm0BfrDJplzhYZrq8","ipAddress":"105.231.97.122","createdBy":"1","ts":"2017-06-26 19:11:07","active":"1"},{"id":"3","firstName":"Lydia","surname":"Amoi","email":"islam@gmail.com","phone":"256777608310","userName":"lydia","branchId":"6","userTypeId":"2","password":"$2y$10$m72Zz8Z.h4\/Zp6TFDhmbXeQ79kZ7JJ2U0yLUanc0dDVxbc.5UPkRG","sessionId":"t7d5hWxgRDPJYG0vcp3fL6Fh2C75jWIV","ipAddress":"160.242.141.153","createdBy":"1","ts":"2017-06-26 19:41:01","active":"1"},{"id":"4","firstName":"Nabukera","surname":"Maria","email":"banerd@tfb.com","phone":"256774457813","userName":"maria","branchId":"5","userTypeId":"3","password":"$2y$10$wTpUE\/WJFMfQaBglrQocTO9ndV6dbxL2vzFDEJZ1hpVVp4binpXGO","sessionId":"5ZTBIlWY4T4osJASzva3hNGJleqi7LAO","ipAddress":"160.242.141.153","createdBy":"1","ts":"2017-06-26 23:04:07","active":"1"},{"id":"5","firstName":"Henry","surname":"Bbosa","email":null,"phone":null,"userName":"henry","branchId":"11","userTypeId":"3","password":"$2y$10$m72Zz8Z.h4\/Zp6TFDhmbXeQ79kZ7JJ2U0yLUanc0dDVxbc.5UPkRG","sessionId":"B7Jvxy4i7CF1ccrrfFPeNdDXCEWHWJYa","ipAddress":"197.157.0.30","createdBy":"1","ts":"2017-07-05 00:00:00","active":"1"},{"id":"6","firstName":"Edwin","surname":"Kakeeto","email":"edwin@edwin.com","phone":"0777777557","userName":"edwin","branchId":"7","userTypeId":"3","password":"$2y$10$m72Zz8Z.h4\/Zp6TFDhmbXeQ79kZ7JJ2U0yLUanc0dDVxbc.5UPkRG","sessionId":"","ipAddress":"160.242.142.203","createdBy":"3","ts":"2017-07-10 07:37:50","active":"1"},{"id":"7","firstName":"Trish","surname":"Baby","email":"patricia@gmail.com","phone":"0777777557","userName":"trish","branchId":"13","userTypeId":"3","password":"$2y$10$m72Zz8Z.h4\/Zp6TFDhmbXeQ79kZ7JJ2U0yLUanc0dDVxbc.5UPkRG","sessionId":"","ipAddress":"160.242.141.153","createdBy":null,"ts":null,"active":"1"}],"accounts":[{"id":"16","name":"KINSHASHA-USD Account","branchId":"5","currency_id":"2"},{"id":"20","name":"OASIS MALL-RMB Account","branchId":"6","currency_id":"1"},{"id":"21","name":"OASIS MALL-USD Account","branchId":"6","currency_id":"2"},{"id":"22","name":"OASIS MALL-DIRHAM Account","branchId":"6","currency_id":"3"},{"id":"23","name":"OASIS MALL-UGX Account","branchId":"6","currency_id":"4"},{"id":"24","name":"OASIS MALL-KSH Account","branchId":"6","currency_id":"5"},{"id":"27","name":"CHINA-RMB Account","branchId":"11","currency_id":"1"},{"id":"28","name":"CHINA-USD Account","branchId":"11","currency_id":"2"},{"id":"33","name":"NAIROBI-USD Account","branchId":"12","currency_id":"2"},{"id":"36","name":"NAIROBI-KSH Account","branchId":"12","currency_id":"5"},{"id":"37","name":"GOMA-USD ACCOUNT","branchId":"7","currency_id":"2"},{"id":"38","name":"KAMPALA ROAD -USD ACCOUNT","branchId":"13","currency_id":"2"},{"id":"39","name":"KAMPALA ROAD- UGX ACCOUNT ","branchId":"13","currency_id":"4"}],"currencies":[{"id":"1","name":"RMB","symbol":"\u00c2\u00a5","createdBy":"1","ts":"2017-06-27 22:45:12","active":"1"},{"id":"2","name":"USD","symbol":"$","createdBy":"1","ts":"2017-06-27 22:45:12","active":"1"},{"id":"3","name":"DIRHAM","symbol":"","createdBy":"1","ts":"2017-06-28 11:40:09","active":"1"},{"id":"4","name":"UGX","symbol":"\/=","createdBy":"1","ts":"2017-06-28 11:46:50","active":"1"},{"id":"5","name":"KSH","symbol":"","createdBy":"1","ts":"2017-06-28 11:46:50","active":"1"}],"superaccount":[{"id":"1","name":"RMB Account","branchId":"0","type_id":"4","currency_id":"1","balance":"0","createdBy":"1","active":"1","ts":"2017-06-27 22:45:12"}],"accountTypes":[{"id":"1","type":"Transfer","description":"","createdBy":"1","ts":"2017-06-28 14:31:12","active":"1"},{"id":"2","type":"Suspense","description":"","createdBy":"1","ts":"2017-06-28 14:31:12","active":"1"},{"id":"4","type":"Super","description":"","createdBy":"1","ts":"2017-06-28 14:31:12","active":"1"}],"userTypes":[{"id":"1","name":"E-Value Admin","level":"1","ts":"2017-06-27 22:45:12","active":"1"},{"id":"2","name":"Super User","level":"2","ts":"2017-06-27 22:45:12","active":"1"},{"id":"3","name":"Agent","level":"3","ts":"2017-06-27 22:45:12","active":"1"},{"id":"4","name":"System Admin","level":"4","ts":"2017-06-27 22:45:12","active":"1"}]},"success":1}
2017-07-18 12:49:29 ---- New Request ----
2017-07-18 12:49:29 Controller : Users
2017-07-18 12:49:29 Method : logoutAction
2017-07-18 12:49:29 Controller File : controllers/Users.class.php, Exists
2017-07-18 12:49:29 Class constructed
2017-07-18 12:49:29 Logout Params ;Session ID :JOTZBYXbXh8eyROWm0BfrDJplzhYZrq8\User ID : 2
2017-07-18 12:49:29 UPDATE SQL : UPDATE users SET sessionId = '',ipAddress = '105.231.97.122' WHERE  id = '2' 
2017-07-18 12:49:29 Response : {"success":1}
2017-07-18 12:49:36 ---- New Request ----
2017-07-18 12:49:36 Controller : Users
2017-07-18 12:49:36 Method : loginAction
2017-07-18 12:49:36 Controller File : controllers/Users.class.php, Exists
2017-07-18 12:49:36 Class constructed
2017-07-18 12:49:36 Login Params ;Username :dorah
Password : ******
2017-07-18 12:49:36 SELECT SQL : SELECT id,firstName,surname,userName,userTypeId,sessionId,password,active,branchId FROM users WHERE  userName = 'dorah'  
2017-07-18 12:49:36 SELECT SQL : SELECT name FROM branches WHERE  id = '12'  
2017-07-18 12:49:36 UPDATE SQL : UPDATE users SET sessionId = 'wpHBmOfhvomm74ZZcf2iBGikopgE4J0o',ipAddress = '105.231.97.122' WHERE  id = '2' 
2017-07-18 12:49:36 Response : {"success":1,"data":{"id":"2","firstName":"Nansubuga","surname":"Dorothy","userName":"dorah","userTypeId":"3","sessionId":"wpHBmOfhvomm74ZZcf2iBGikopgE4J0o","branchId":"12","branchName":"NAIROBI"}}
2017-07-18 12:49:38 ---- New Request ----
2017-07-18 12:49:38 Controller : Users
2017-07-18 12:49:38 Method : formsdetailsAction
2017-07-18 12:49:38 Controller File : controllers/Users.class.php, Exists
2017-07-18 12:49:38 Class constructed
2017-07-18 12:49:38 Details Params :
SessionID :wpHBmOfhvomm74ZZcf2iBGikopgE4J0o
User ID : 2
2017-07-18 12:49:38 SELECT SQL : SELECT * FROM branches WHERE  active = '1'  
2017-07-18 12:49:38 SELECT SQL : SELECT * FROM countries WHERE  active = '1'  
2017-07-18 12:49:38 SELECT SQL : SELECT * FROM identification WHERE  active = '1'  
2017-07-18 12:49:38 SELECT SQL : SELECT * FROM users WHERE  active = '1'  
2017-07-18 12:49:38 SELECT SQL : SELECT id,name,branchId,currency_id FROM accounts WHERE  active = '1' AND type_id = '1'  
2017-07-18 12:49:38 Balance Update Params :
Branch Id : 5
Account ID : 16
Amount : 0
2017-07-18 12:49:38 SELECT SQL : SELECT * FROM balances WHERE  branchId = '5' AND accountId = '16'  
2017-07-18 12:49:38 SELECT SQL : SELECT * FROM balances WHERE  branchId = '5' AND accountId = '16' AND date = '2017-07-18'  
2017-07-18 12:49:38 UPDATE SQL : UPDATE balances SET closingBalance = '263126' WHERE  branchId = '5' AND accountId = '16' AND date = '2017-07-18' 
2017-07-18 12:49:38 Balance Update Status 2:1
 2017-07-18 12:49:38 Balance Update Params :
Branch Id : 6
Account ID : 20
Amount : 0
2017-07-18 12:49:38 SELECT SQL : SELECT * FROM balances WHERE  branchId = '6' AND accountId = '20'  
2017-07-18 12:49:38 Balance Update Params :
Branch Id : 6
Account ID : 21
Amount : 0
2017-07-18 12:49:38 SELECT SQL : SELECT * FROM balances WHERE  branchId = '6' AND accountId = '21'  
2017-07-18 12:49:38 SELECT SQL : SELECT * FROM balances WHERE  branchId = '6' AND accountId = '21' AND date = '2017-07-18'  
2017-07-18 12:49:38 UPDATE SQL : UPDATE balances SET closingBalance = '204913' WHERE  branchId = '6' AND accountId = '21' AND date = '2017-07-18' 
2017-07-18 12:49:38 Balance Update Status 2:1
 2017-07-18 12:49:38 Balance Update Params :
Branch Id : 6
Account ID : 22
Amount : 0
2017-07-18 12:49:38 SELECT SQL : SELECT * FROM balances WHERE  branchId = '6' AND accountId = '22'  
2017-07-18 12:49:38 Balance Update Params :
Branch Id : 6
Account ID : 23
Amount : 0
2017-07-18 12:49:38 SELECT SQL : SELECT * FROM balances WHERE  branchId = '6' AND accountId = '23'  
2017-07-18 12:49:38 SELECT SQL : SELECT * FROM balances WHERE  branchId = '6' AND accountId = '23' AND date = '2017-07-18'  
2017-07-18 12:49:38 UPDATE SQL : UPDATE balances SET closingBalance = '20422518' WHERE  branchId = '6' AND accountId = '23' AND date = '2017-07-18' 
2017-07-18 12:49:38 Balance Update Status 2:1
 2017-07-18 12:49:38 Balance Update Params :
Branch Id : 6
Account ID : 24
Amount : 0
2017-07-18 12:49:38 SELECT SQL : SELECT * FROM balances WHERE  branchId = '6' AND accountId = '24'  
2017-07-18 12:49:38 Balance Update Params :
Branch Id : 11
Account ID : 27
Amount : 0
2017-07-18 12:49:38 SELECT SQL : SELECT * FROM balances WHERE  branchId = '11' AND accountId = '27'  
2017-07-18 12:49:38 Balance Update Params :
Branch Id : 11
Account ID : 28
Amount : 0
2017-07-18 12:49:38 SELECT SQL : SELECT * FROM balances WHERE  branchId = '11' AND accountId = '28'  
2017-07-18 12:49:38 Balance Update Params :
Branch Id : 12
Account ID : 33
Amount : 0
2017-07-18 12:49:38 SELECT SQL : SELECT * FROM balances WHERE  branchId = '12' AND accountId = '33'  
2017-07-18 12:49:38 SELECT SQL : SELECT * FROM balances WHERE  branchId = '12' AND accountId = '33' AND date = '2017-07-18'  
2017-07-18 12:49:38 UPDATE SQL : UPDATE balances SET closingBalance = '79' WHERE  branchId = '12' AND accountId = '33' AND date = '2017-07-18' 
2017-07-18 12:49:38 Balance Update Status 2:1
 2017-07-18 12:49:38 Balance Update Params :
Branch Id : 12
Account ID : 36
Amount : 0
2017-07-18 12:49:38 SELECT SQL : SELECT * FROM balances WHERE  branchId = '12' AND accountId = '36'  
2017-07-18 12:49:38 SELECT SQL : SELECT * FROM balances WHERE  branchId = '12' AND accountId = '36' AND date = '2017-07-18'  
2017-07-18 12:49:38 UPDATE SQL : UPDATE balances SET closingBalance = '396748' WHERE  branchId = '12' AND accountId = '36' AND date = '2017-07-18' 
2017-07-18 12:49:38 Balance Update Status 2:1
 2017-07-18 12:49:38 Balance Update Params :
Branch Id : 7
Account ID : 37
Amount : 0
2017-07-18 12:49:38 SELECT SQL : SELECT * FROM balances WHERE  branchId = '7' AND accountId = '37'  
2017-07-18 12:49:38 SELECT SQL : SELECT * FROM balances WHERE  branchId = '7' AND accountId = '37' AND date = '2017-07-18'  
2017-07-18 12:49:38 UPDATE SQL : UPDATE balances SET closingBalance = '70921' WHERE  branchId = '7' AND accountId = '37' AND date = '2017-07-18' 
2017-07-18 12:49:38 Balance Update Status 2:1
 2017-07-18 12:49:38 Balance Update Params :
Branch Id : 13
Account ID : 38
Amount : 0
2017-07-18 12:49:38 SELECT SQL : SELECT * FROM balances WHERE  branchId = '13' AND accountId = '38'  
2017-07-18 12:49:38 Balance Update Params :
Branch Id : 13
Account ID : 39
Amount : 0
2017-07-18 12:49:38 SELECT SQL : SELECT * FROM balances WHERE  branchId = '13' AND accountId = '39'  
2017-07-18 12:49:38 SELECT SQL : SELECT * FROM currencies WHERE  active = '1'  
2017-07-18 12:49:38 SELECT SQL : SELECT * FROM accounts WHERE  active = '1' AND type_id = '4'  
2017-07-18 12:49:38 SELECT SQL : SELECT * FROM account_types WHERE  active = '1'  
2017-07-18 12:49:38 SELECT SQL : SELECT * FROM user_types WHERE  active = '1'  
2017-07-18 12:49:38 Response : {"data":{"branches":[{"id":"5","name":"KINSHASHA","countryId":"4","location":"Patrice Avenue","supervisorId":"3","createdBy":"4","ts":"2017-06-30 00:06:55","active":"1"},{"id":"6","name":"OASIS MALL","countryId":"1","location":"Yusufu Lule Rd","supervisorId":"3","createdBy":"2","ts":"2017-06-30 00:12:08","active":"1"},{"id":"7","name":"GOMA","countryId":"4","location":"Goma","supervisorId":"3","createdBy":"1","ts":"2017-07-05 00:00:00","active":"1"},{"id":"9","name":"MOMBASA","countryId":"2","location":"Mombasa","supervisorId":"3","createdBy":"1","ts":"2017-07-05 00:00:00","active":"1"},{"id":"10","name":"DUBAI","countryId":"6","location":"Dubai","supervisorId":"3","createdBy":"1","ts":"2017-07-05 00:00:00","active":"1"},{"id":"11","name":"CHINA","countryId":"5","location":"China","supervisorId":"3","createdBy":"3","ts":"2017-07-05 13:23:17","active":"1"},{"id":"12","name":"NAIROBI","countryId":"2","location":"Nairobi","supervisorId":"3","createdBy":"3","ts":"2017-07-06 14:12:35","active":"1"},{"id":"13","name":"KAMPALA ROAD","countryId":"1","location":"kampala road","supervisorId":"3","createdBy":"3","ts":"2017-07-06 14:12:35","active":"1"}],"countries":[{"id":"1","name":"UGANDA","createdBy":"1","ts":"2017-06-25 23:13:31","active":"1"},{"id":"2","name":"KENYA","createdBy":"1","ts":"2017-06-26 09:02:45","active":"1"},{"id":"3","name":"TZ","createdBy":"1","ts":"2017-06-28 11:11:53","active":"1"},{"id":"4","name":"CONGO","createdBy":"1","ts":"2017-06-28 11:26:11","active":"1"},{"id":"5","name":"CHINA","createdBy":"1","ts":"2017-06-28 11:30:01","active":"1"},{"id":"6","name":"UAE","createdBy":"1","ts":"2017-07-05 00:00:00","active":"1"}],"ids":[[{"id":"1","name":"Passport","createdBy":"1","ts":"2017-06-28 14:00:01","active":"1"},{"id":"2","name":"National ID","createdBy":"1","ts":"2017-06-28 14:00:01","active":"1"},{"id":"3","name":"STUDENTS ID","createdBy":"1","ts":"2017-06-28 16:21:46","active":"1"}]],"users":[{"id":"1","firstName":"You","surname":"Jinshu","email":"hudsonbogere@swipeit.co.ug","phone":"256783131266","userName":"you","branchId":"0","userTypeId":"1","password":"$2y$10$pPGbhJ1RXx\/ug.ED3LnsQuKHJTqwYsa\/iF0OqGOgsjflkHKIDTLVq","sessionId":"KSTms8GEe36Gy41kXds63LMk2kJjROlO","ipAddress":"41.210.145.81","createdBy":null,"ts":"2017-06-23 15:08:12","active":"1"},{"id":"2","firstName":"Nansubuga","surname":"Dorothy","email":"henry@gmail.com","phone":"256752284441","userName":"dorah","branchId":"12","userTypeId":"3","password":"$2y$10$m72Zz8Z.h4\/Zp6TFDhmbXeQ79kZ7JJ2U0yLUanc0dDVxbc.5UPkRG","sessionId":"wpHBmOfhvomm74ZZcf2iBGikopgE4J0o","ipAddress":"105.231.97.122","createdBy":"1","ts":"2017-06-26 19:11:07","active":"1"},{"id":"3","firstName":"Lydia","surname":"Amoi","email":"islam@gmail.com","phone":"256777608310","userName":"lydia","branchId":"6","userTypeId":"2","password":"$2y$10$m72Zz8Z.h4\/Zp6TFDhmbXeQ79kZ7JJ2U0yLUanc0dDVxbc.5UPkRG","sessionId":"t7d5hWxgRDPJYG0vcp3fL6Fh2C75jWIV","ipAddress":"160.242.141.153","createdBy":"1","ts":"2017-06-26 19:41:01","active":"1"},{"id":"4","firstName":"Nabukera","surname":"Maria","email":"banerd@tfb.com","phone":"256774457813","userName":"maria","branchId":"5","userTypeId":"3","password":"$2y$10$wTpUE\/WJFMfQaBglrQocTO9ndV6dbxL2vzFDEJZ1hpVVp4binpXGO","sessionId":"5ZTBIlWY4T4osJASzva3hNGJleqi7LAO","ipAddress":"160.242.141.153","createdBy":"1","ts":"2017-06-26 23:04:07","active":"1"},{"id":"5","firstName":"Henry","surname":"Bbosa","email":null,"phone":null,"userName":"henry","branchId":"11","userTypeId":"3","password":"$2y$10$m72Zz8Z.h4\/Zp6TFDhmbXeQ79kZ7JJ2U0yLUanc0dDVxbc.5UPkRG","sessionId":"B7Jvxy4i7CF1ccrrfFPeNdDXCEWHWJYa","ipAddress":"197.157.0.30","createdBy":"1","ts":"2017-07-05 00:00:00","active":"1"},{"id":"6","firstName":"Edwin","surname":"Kakeeto","email":"edwin@edwin.com","phone":"0777777557","userName":"edwin","branchId":"7","userTypeId":"3","password":"$2y$10$m72Zz8Z.h4\/Zp6TFDhmbXeQ79kZ7JJ2U0yLUanc0dDVxbc.5UPkRG","sessionId":"","ipAddress":"160.242.142.203","createdBy":"3","ts":"2017-07-10 07:37:50","active":"1"},{"id":"7","firstName":"Trish","surname":"Baby","email":"patricia@gmail.com","phone":"0777777557","userName":"trish","branchId":"13","userTypeId":"3","password":"$2y$10$m72Zz8Z.h4\/Zp6TFDhmbXeQ79kZ7JJ2U0yLUanc0dDVxbc.5UPkRG","sessionId":"","ipAddress":"160.242.141.153","createdBy":null,"ts":null,"active":"1"}],"accounts":[{"id":"16","name":"KINSHASHA-USD Account","branchId":"5","currency_id":"2"},{"id":"20","name":"OASIS MALL-RMB Account","branchId":"6","currency_id":"1"},{"id":"21","name":"OASIS MALL-USD Account","branchId":"6","currency_id":"2"},{"id":"22","name":"OASIS MALL-DIRHAM Account","branchId":"6","currency_id":"3"},{"id":"23","name":"OASIS MALL-UGX Account","branchId":"6","currency_id":"4"},{"id":"24","name":"OASIS MALL-KSH Account","branchId":"6","currency_id":"5"},{"id":"27","name":"CHINA-RMB Account","branchId":"11","currency_id":"1"},{"id":"28","name":"CHINA-USD Account","branchId":"11","currency_id":"2"},{"id":"33","name":"NAIROBI-USD Account","branchId":"12","currency_id":"2"},{"id":"36","name":"NAIROBI-KSH Account","branchId":"12","currency_id":"5"},{"id":"37","name":"GOMA-USD ACCOUNT","branchId":"7","currency_id":"2"},{"id":"38","name":"KAMPALA ROAD -USD ACCOUNT","branchId":"13","currency_id":"2"},{"id":"39","name":"KAMPALA ROAD- UGX ACCOUNT ","branchId":"13","currency_id":"4"}],"currencies":[{"id":"1","name":"RMB","symbol":"\u00c2\u00a5","createdBy":"1","ts":"2017-06-27 22:45:12","active":"1"},{"id":"2","name":"USD","symbol":"$","createdBy":"1","ts":"2017-06-27 22:45:12","active":"1"},{"id":"3","name":"DIRHAM","symbol":"","createdBy":"1","ts":"2017-06-28 11:40:09","active":"1"},{"id":"4","name":"UGX","symbol":"\/=","createdBy":"1","ts":"2017-06-28 11:46:50","active":"1"},{"id":"5","name":"KSH","symbol":"","createdBy":"1","ts":"2017-06-28 11:46:50","active":"1"}],"superaccount":[{"id":"1","name":"RMB Account","branchId":"0","type_id":"4","currency_id":"1","balance":"0","createdBy":"1","active":"1","ts":"2017-06-27 22:45:12"}],"accountTypes":[{"id":"1","type":"Transfer","description":"","createdBy":"1","ts":"2017-06-28 14:31:12","active":"1"},{"id":"2","type":"Suspense","description":"","createdBy":"1","ts":"2017-06-28 14:31:12","active":"1"},{"id":"4","type":"Super","description":"","createdBy":"1","ts":"2017-06-28 14:31:12","active":"1"}],"userTypes":[{"id":"1","name":"E-Value Admin","level":"1","ts":"2017-06-27 22:45:12","active":"1"},{"id":"2","name":"Super User","level":"2","ts":"2017-06-27 22:45:12","active":"1"},{"id":"3","name":"Agent","level":"3","ts":"2017-06-27 22:45:12","active":"1"},{"id":"4","name":"System Admin","level":"4","ts":"2017-06-27 22:45:12","active":"1"}]},"success":1}
2017-07-18 12:49:58 ---- New Request ----
2017-07-18 12:49:58 Controller : Transfers
2017-07-18 12:49:58 Method : getallaccountbalancesAction
2017-07-18 12:49:58 Controller File : controllers/Transfers.class.php, Exists
2017-07-18 12:49:58 Class constructed
2017-07-18 12:49:58 Class constructed
2017-07-18 12:49:58 UserID : 2
SessionId : wpHBmOfhvomm74ZZcf2iBGikopgE4J0o
Branch ID : 12
2017-07-18 12:49:58 SELECT SQL : SELECT sessionId FROM users WHERE  id = '2'  
2017-07-18 12:49:58 SELECT SQL : SELECT name,id FROM accounts WHERE  active = '1' AND branchId = '12'  
2017-07-18 12:49:58 SELECT SQL : SELECT name FROM branches WHERE  id = '12'  
2017-07-18 12:49:58 Response : {"success":1,"data":[{"name":"NAIROBI-USD Account","id":"33","balance":79},{"name":"NAIROBI-KSH Account","id":"36","balance":396748}],"branchName":"NAIROBI"}
2017-07-18 12:50:21 ---- New Request ----
2017-07-18 12:50:21 Controller : Reports
2017-07-18 12:50:21 Method : gettransferlogsAction
2017-07-18 12:50:21 Controller File : controllers/Reports.class.php, Exists
2017-07-18 12:50:21 Class constructed
2017-07-18 12:50:21 Class constructed
2017-07-18 12:50:21 UserID : 2
SessionId : wpHBmOfhvomm74ZZcf2iBGikopgE4J0o
Branch ID : 12
Date : 
Account ID : 
2017-07-18 12:50:21 SELECT SQL : SELECT sessionId,branchId,userTypeId FROM users WHERE  id = '2'  
2017-07-18 12:50:21 SELECT SQL : SELECT id,fromBranch,toBranch,amount,currency,charge,transferRef,userIdSource,userIdDestination,ts,withdrawTs,status,senderFname,senderSurname,senderPhone,senderEmail,receiverFname,receiverSurname,receiverPhone,receiverAccountNumber,destinationCountryId FROM transfers WHERE  fromBranch = '12'  OR toBranch = '12'  ORDER BY ts DESC LIMIT 20
2017-07-18 12:50:21 SELECT SQL : SELECT name FROM branches WHERE  id = '12'  
2017-07-18 12:50:21 Response : {"success":1,"branchName":"NAIROBI","data":[]}
