2017-07-08 19:18:46 ---- New Request ----
2017-07-08 19:18:46 Controller : Users
2017-07-08 19:18:46 Method : loginAction
2017-07-08 19:18:46 Controller File : controllers/Users.class.php, Exists
2017-07-08 19:18:46 Class constructed
2017-07-08 19:18:46 Login Params ;Username :lydia
Password : ******
2017-07-08 19:18:46 SELECT SQL : SELECT id,firstName,surname,userName,userTypeId,sessionId,password,active,branchId FROM users WHERE  userName = 'lydia'  
2017-07-08 19:18:47 SELECT SQL : SELECT name FROM branches WHERE  id = '6'  
2017-07-08 19:18:47 UPDATE SQL : UPDATE users SET sessionId = 'pTrMnmurzLykEhsrq8Vhn4ajn6LUywtY',ipAddress = '41.75.174.194' WHERE  id = '3' 
2017-07-08 19:18:47 Response : {"success":1,"data":{"id":"3","firstName":"Lydia","surname":"Amoi","userName":"lydia","userTypeId":"2","sessionId":"pTrMnmurzLykEhsrq8Vhn4ajn6LUywtY","branchId":"6","branchName":"OASIS MALL"}}
2017-07-08 19:18:53 ---- New Request ----
2017-07-08 19:18:53 Controller : Users
2017-07-08 19:18:53 Method : formsdetailsAction
2017-07-08 19:18:53 Controller File : controllers/Users.class.php, Exists
2017-07-08 19:18:53 Class constructed
2017-07-08 19:18:53 Details Params :
SessionID :pTrMnmurzLykEhsrq8Vhn4ajn6LUywtY
User ID : 3
2017-07-08 19:18:53 SELECT SQL : SELECT * FROM branches WHERE  active = '1'  
2017-07-08 19:18:53 SELECT SQL : SELECT * FROM countries WHERE  active = '1'  
2017-07-08 19:18:53 SELECT SQL : SELECT * FROM identification WHERE  active = '1'  
2017-07-08 19:18:53 SELECT SQL : SELECT * FROM users WHERE  active = '1'  
2017-07-08 19:18:53 SELECT SQL : SELECT id,name,branchId,currency_id FROM accounts WHERE  active = '1' AND type_id = '1'  
2017-07-08 19:18:53 Balance Update Params :
Branch Id : 5
Account ID : 15
Amount : 0
2017-07-08 19:18:53 SELECT SQL : SELECT * FROM balances WHERE  branchId = '5' AND accountId = '15'  
2017-07-08 19:18:53 Balance Update Params :
Branch Id : 5
Account ID : 16
Amount : 0
2017-07-08 19:18:53 SELECT SQL : SELECT * FROM balances WHERE  branchId = '5' AND accountId = '16'  
2017-07-08 19:18:53 Balance Update Params :
Branch Id : 5
Account ID : 17
Amount : 0
2017-07-08 19:18:53 SELECT SQL : SELECT * FROM balances WHERE  branchId = '5' AND accountId = '17'  
2017-07-08 19:18:53 Balance Update Params :
Branch Id : 5
Account ID : 18
Amount : 0
2017-07-08 19:18:53 SELECT SQL : SELECT * FROM balances WHERE  branchId = '5' AND accountId = '18'  
2017-07-08 19:18:53 Balance Update Params :
Branch Id : 5
Account ID : 19
Amount : 0
2017-07-08 19:18:53 SELECT SQL : SELECT * FROM balances WHERE  branchId = '5' AND accountId = '19'  
2017-07-08 19:18:53 Balance Update Params :
Branch Id : 6
Account ID : 20
Amount : 0
2017-07-08 19:18:53 SELECT SQL : SELECT * FROM balances WHERE  branchId = '6' AND accountId = '20'  
2017-07-08 19:18:53 Balance Update Params :
Branch Id : 6
Account ID : 21
Amount : 0
2017-07-08 19:18:53 SELECT SQL : SELECT * FROM balances WHERE  branchId = '6' AND accountId = '21'  
2017-07-08 19:18:53 Balance Update Params :
Branch Id : 6
Account ID : 22
Amount : 0
2017-07-08 19:18:53 SELECT SQL : SELECT * FROM balances WHERE  branchId = '6' AND accountId = '22'  
2017-07-08 19:18:53 Balance Update Params :
Branch Id : 6
Account ID : 23
Amount : 0
2017-07-08 19:18:53 SELECT SQL : SELECT * FROM balances WHERE  branchId = '6' AND accountId = '23'  
2017-07-08 19:18:53 Balance Update Params :
Branch Id : 6
Account ID : 24
Amount : 0
2017-07-08 19:18:53 SELECT SQL : SELECT * FROM balances WHERE  branchId = '6' AND accountId = '24'  
2017-07-08 19:18:53 Balance Update Params :
Branch Id : 11
Account ID : 27
Amount : 0
2017-07-08 19:18:53 SELECT SQL : SELECT * FROM balances WHERE  branchId = '11' AND accountId = '27'  
2017-07-08 19:18:53 Balance Update Params :
Branch Id : 11
Account ID : 28
Amount : 0
2017-07-08 19:18:53 SELECT SQL : SELECT * FROM balances WHERE  branchId = '11' AND accountId = '28'  
2017-07-08 19:18:53 Balance Update Params :
Branch Id : 11
Account ID : 29
Amount : 0
2017-07-08 19:18:53 SELECT SQL : SELECT * FROM balances WHERE  branchId = '11' AND accountId = '29'  
2017-07-08 19:18:53 Balance Update Params :
Branch Id : 11
Account ID : 30
Amount : 0
2017-07-08 19:18:53 SELECT SQL : SELECT * FROM balances WHERE  branchId = '11' AND accountId = '30'  
2017-07-08 19:18:53 Balance Update Params :
Branch Id : 11
Account ID : 31
Amount : 0
2017-07-08 19:18:53 SELECT SQL : SELECT * FROM balances WHERE  branchId = '11' AND accountId = '31'  
2017-07-08 19:18:53 Balance Update Params :
Branch Id : 12
Account ID : 32
Amount : 0
2017-07-08 19:18:53 SELECT SQL : SELECT * FROM balances WHERE  branchId = '12' AND accountId = '32'  
2017-07-08 19:18:53 Balance Update Params :
Branch Id : 12
Account ID : 33
Amount : 0
2017-07-08 19:18:53 SELECT SQL : SELECT * FROM balances WHERE  branchId = '12' AND accountId = '33'  
2017-07-08 19:18:53 Balance Update Params :
Branch Id : 12
Account ID : 34
Amount : 0
2017-07-08 19:18:53 SELECT SQL : SELECT * FROM balances WHERE  branchId = '12' AND accountId = '34'  
2017-07-08 19:18:53 Balance Update Params :
Branch Id : 12
Account ID : 35
Amount : 0
2017-07-08 19:18:53 SELECT SQL : SELECT * FROM balances WHERE  branchId = '12' AND accountId = '35'  
2017-07-08 19:18:53 Balance Update Params :
Branch Id : 12
Account ID : 36
Amount : 0
2017-07-08 19:18:53 SELECT SQL : SELECT * FROM balances WHERE  branchId = '12' AND accountId = '36'  
2017-07-08 19:18:53 SELECT SQL : SELECT * FROM currencies WHERE  active = '1'  
2017-07-08 19:18:53 SELECT SQL : SELECT * FROM accounts WHERE  active = '1' AND type_id = '4'  
2017-07-08 19:18:53 SELECT SQL : SELECT * FROM account_types WHERE  active = '1'  
2017-07-08 19:18:53 SELECT SQL : SELECT * FROM user_types WHERE  active = '1'  
2017-07-08 19:18:53 Response : {"data":{"branches":[{"id":"5","name":"KINSHASHA","countryId":"4","location":"Patrice Avenue","supervisorId":"3","createdBy":"4","ts":"2017-06-30 00:06:55","active":"1"},{"id":"6","name":"OASIS MALL","countryId":"1","location":"Yusufu Lule Rd","supervisorId":"3","createdBy":"2","ts":"2017-06-30 00:12:08","active":"1"},{"id":"7","name":"GOMA","countryId":"4","location":"Goma","supervisorId":"3","createdBy":"1","ts":"2017-07-05 00:00:00","active":"1"},{"id":"9","name":"MOMBASA","countryId":"2","location":"Mombasa","supervisorId":"3","createdBy":"1","ts":"2017-07-05 00:00:00","active":"1"},{"id":"10","name":"DUBAI","countryId":"6","location":"Dubai","supervisorId":"3","createdBy":"1","ts":"2017-07-05 00:00:00","active":"1"},{"id":"11","name":"CHINA","countryId":"5","location":"China","supervisorId":"3","createdBy":"3","ts":"2017-07-05 13:23:17","active":"1"},{"id":"12","name":"NAIROBI","countryId":"2","location":"Nairobi","supervisorId":"3","createdBy":"3","ts":"2017-07-06 14:12:35","active":"1"}],"countries":[{"id":"1","name":"UGANDA","createdBy":"1","ts":"2017-06-25 23:13:31","active":"1"},{"id":"2","name":"KENYA","createdBy":"1","ts":"2017-06-26 09:02:45","active":"1"},{"id":"3","name":"TZ","createdBy":"1","ts":"2017-06-28 11:11:53","active":"1"},{"id":"4","name":"CONGO","createdBy":"1","ts":"2017-06-28 11:26:11","active":"1"},{"id":"5","name":"CHINA","createdBy":"1","ts":"2017-06-28 11:30:01","active":"1"},{"id":"6","name":"UAE","createdBy":"1","ts":"2017-07-05 00:00:00","active":"1"}],"ids":[[{"id":"1","name":"Passport","createdBy":"1","ts":"2017-06-28 14:00:01","active":"1"},{"id":"2","name":"National ID","createdBy":"1","ts":"2017-06-28 14:00:01","active":"1"},{"id":"3","name":"STUDENTS ID","createdBy":"1","ts":"2017-06-28 16:21:46","active":"1"}]],"users":[{"id":"1","firstName":"You","surname":"Jinshu","email":"hudsonbogere@swipeit.co.ug","phone":"256783131266","userName":"you","branchId":"0","userTypeId":"1","password":"$2y$10$pPGbhJ1RXx\/ug.ED3LnsQuKHJTqwYsa\/iF0OqGOgsjflkHKIDTLVq","sessionId":"","ipAddress":"197.239.37.240","createdBy":null,"ts":"2017-06-23 15:08:12","active":"1"},{"id":"2","firstName":"Nansubuga","surname":"Dorothy","email":"henry@gmail.com","phone":"256752284441","userName":"dorah","branchId":"12","userTypeId":"3","password":"$2y$10$m72Zz8Z.h4\/Zp6TFDhmbXeQ79kZ7JJ2U0yLUanc0dDVxbc.5UPkRG","sessionId":"","ipAddress":"197.157.34.185","createdBy":"1","ts":"2017-06-26 19:11:07","active":"1"},{"id":"3","firstName":"Lydia","surname":"Amoi","email":"islam@gmail.com","phone":"256777608310","userName":"lydia","branchId":"6","userTypeId":"2","password":"$2y$10$m72Zz8Z.h4\/Zp6TFDhmbXeQ79kZ7JJ2U0yLUanc0dDVxbc.5UPkRG","sessionId":"pTrMnmurzLykEhsrq8Vhn4ajn6LUywtY","ipAddress":"41.75.174.194","createdBy":"1","ts":"2017-06-26 19:41:01","active":"1"},{"id":"4","firstName":"Nabukera","surname":"Maria","email":"banerd@tfb.com","phone":"256774457813","userName":"maria","branchId":"5","userTypeId":"3","password":"$2y$10$wTpUE\/WJFMfQaBglrQocTO9ndV6dbxL2vzFDEJZ1hpVVp4binpXGO","sessionId":"","ipAddress":"197.157.34.185","createdBy":"1","ts":"2017-06-26 23:04:07","active":"1"},{"id":"5","firstName":"Henry","surname":"Bbosa","email":null,"phone":null,"userName":"henry","branchId":"11","userTypeId":"3","password":"$2y$10$m72Zz8Z.h4\/Zp6TFDhmbXeQ79kZ7JJ2U0yLUanc0dDVxbc.5UPkRG","sessionId":"","ipAddress":"197.157.34.185","createdBy":"1","ts":"2017-07-05 00:00:00","active":"1"}],"accounts":[{"id":"15","name":"KINSHASHA-RMB Account","branchId":"5","currency_id":"1"},{"id":"16","name":"KINSHASHA-USD Account","branchId":"5","currency_id":"2"},{"id":"17","name":"KINSHASHA-DIRHAM Account","branchId":"5","currency_id":"3"},{"id":"18","name":"KINSHASHA-UGX Account","branchId":"5","currency_id":"4"},{"id":"19","name":"KINSHASHA-KSH Account","branchId":"5","currency_id":"5"},{"id":"20","name":"OASIS MALL-RMB Account","branchId":"6","currency_id":"1"},{"id":"21","name":"OASIS MALL-USD Account","branchId":"6","currency_id":"2"},{"id":"22","name":"OASIS MALL-DIRHAM Account","branchId":"6","currency_id":"3"},{"id":"23","name":"OASIS MALL-UGX Account","branchId":"6","currency_id":"4"},{"id":"24","name":"OASIS MALL-KSH Account","branchId":"6","currency_id":"5"},{"id":"27","name":"CHINA-RMB Account","branchId":"11","currency_id":"1"},{"id":"28","name":"CHINA-USD Account","branchId":"11","currency_id":"2"},{"id":"29","name":"CHINA-DIRHAM Account","branchId":"11","currency_id":"3"},{"id":"30","name":"CHINA-UGX Account","branchId":"11","currency_id":"4"},{"id":"31","name":"CHINA-KSH Account","branchId":"11","currency_id":"5"},{"id":"32","name":"NAIROBI-RMB Account","branchId":"12","currency_id":"1"},{"id":"33","name":"NAIROBI-USD Account","branchId":"12","currency_id":"2"},{"id":"34","name":"NAIROBI-DIRHAM Account","branchId":"12","currency_id":"3"},{"id":"35","name":"NAIROBI-UGX Account","branchId":"12","currency_id":"4"},{"id":"36","name":"NAIROBI-KSH Account","branchId":"12","currency_id":"5"}],"currencies":[{"id":"1","name":"RMB","symbol":"\u00c2\u00a5","createdBy":"1","ts":"2017-06-27 22:45:12","active":"1"},{"id":"2","name":"USD","symbol":"$","createdBy":"1","ts":"2017-06-27 22:45:12","active":"1"},{"id":"3","name":"DIRHAM","symbol":"","createdBy":"1","ts":"2017-06-28 11:40:09","active":"1"},{"id":"4","name":"UGX","symbol":"\/=","createdBy":"1","ts":"2017-06-28 11:46:50","active":"1"},{"id":"5","name":"KSH","symbol":"","createdBy":"1","ts":"2017-06-28 11:46:50","active":"1"}],"superaccount":[{"id":"1","name":"RMB Account","branchId":"0","type_id":"4","currency_id":"1","balance":"0","createdBy":"1","active":"1","ts":"2017-06-27 22:45:12"}],"accountTypes":[{"id":"1","type":"Transfer","description":"","createdBy":"1","ts":"2017-06-28 14:31:12","active":"1"},{"id":"2","type":"Suspense","description":"","createdBy":"1","ts":"2017-06-28 14:31:12","active":"1"},{"id":"4","type":"Super","description":"","createdBy":"1","ts":"2017-06-28 14:31:12","active":"1"}],"userTypes":[{"id":"1","name":"E-Value Admin","level":"1","ts":"2017-06-27 22:45:12","active":"1"},{"id":"2","name":"Super User","level":"2","ts":"2017-06-27 22:45:12","active":"1"},{"id":"3","name":"Agent","level":"3","ts":"2017-06-27 22:45:12","active":"1"},{"id":"4","name":"System Admin","level":"4","ts":"2017-06-27 22:45:12","active":"1"}]},"success":1}
2017-07-08 19:19:30 ---- New Request ----
2017-07-08 19:19:30 Controller : Transfers
2017-07-08 19:19:30 Method : credittransferaccountAction
2017-07-08 19:19:30 Controller File : controllers/Transfers.class.php, Exists
2017-07-08 19:19:30 Class constructed
2017-07-08 19:19:30 Class constructed
2017-07-08 19:19:30 Credit Transfer Account Params:
Amount : 6705
Exchange Rate : 1
AccountId : 33
Amount After Xchange : 6705
Password : 
Userid : 3
SessionID : pTrMnmurzLykEhsrq8Vhn4ajn6LUywtY
2017-07-08 19:19:30 SELECT SQL : SELECT * FROM users WHERE  id = '3'  
2017-07-08 19:19:30 SELECT SQL : SELECT * FROM settings WHERE  name = 'RNBAccount'  
2017-07-08 19:19:30 INSERT SQL : INSERT INTO account_transfers  (ts,type,amount,createdBy,toId,fromId,userId,exchangeRate,amountAfterXchange)  VALUES(NOW(),'transfer','6705','3','33','1','3','1','6705')
2017-07-08 19:19:30 SELECT SQL : SELECT * FROM accounts WHERE  id = '33'  
2017-07-08 19:19:30 Balance Update Params :
Branch Id : 12
Account ID : 33
Amount : 6705
2017-07-08 19:19:30 SELECT SQL : SELECT * FROM balances WHERE  branchId = '12' AND accountId = '33'  
2017-07-08 19:19:30 INSERT SQL : INSERT INTO balances  (ts,branchId,accountId,openingBalance,closingBalance,date)  VALUES(NOW(),'12','33','6705','6705','2017-07-08')
2017-07-08 19:19:30 Balance Create Insert ID :1
 2017-07-08 19:19:30 Response : {"success":1,"data":"Your request was processed successfully"}
2017-07-08 19:19:41 ---- New Request ----
2017-07-08 19:19:41 Controller : Transfers
2017-07-08 19:19:41 Method : getbalancesAction
2017-07-08 19:19:41 Controller File : controllers/Transfers.class.php, Exists
2017-07-08 19:19:41 Class constructed
2017-07-08 19:19:41 Class constructed
2017-07-08 19:19:41 UserID : 3
SessionId : pTrMnmurzLykEhsrq8Vhn4ajn6LUywtY
Branch ID : 11
Date : 
2017-07-08 19:19:41 SELECT SQL : SELECT sessionId,branchId,userTypeId FROM users WHERE  id = '3'  
2017-07-08 19:19:41 SELECT SQL : SELECT closingBalance,openingBalance,accountId,branchId,date FROM balances WHERE  date = '2017-07-08' AND branchId = '11'  
2017-07-08 19:19:41 Response : {"success":1,"data":[]}
2017-07-08 19:19:44 ---- New Request ----
2017-07-08 19:19:44 Controller : Transfers
2017-07-08 19:19:44 Method : getbalancesAction
2017-07-08 19:19:44 Controller File : controllers/Transfers.class.php, Exists
2017-07-08 19:19:44 Class constructed
2017-07-08 19:19:44 Class constructed
2017-07-08 19:19:44 UserID : 3
SessionId : pTrMnmurzLykEhsrq8Vhn4ajn6LUywtY
Branch ID : 12
Date : 
2017-07-08 19:19:44 SELECT SQL : SELECT sessionId,branchId,userTypeId FROM users WHERE  id = '3'  
2017-07-08 19:19:44 SELECT SQL : SELECT closingBalance,openingBalance,accountId,branchId,date FROM balances WHERE  date = '2017-07-08' AND branchId = '12'  
2017-07-08 19:19:44 SELECT SQL : SELECT name FROM accounts WHERE  id = '33'  
2017-07-08 19:19:44 SELECT SQL : SELECT name FROM branches WHERE  id = '12'  
2017-07-08 19:19:44 Response : {"success":1,"data":[{"closingBalance":"6705","openingBalance":"6705","accountId":"33","branchId":"12","date":"2017-07-08","accountName":"NAIROBI-USD Account","branchName":"NAIROBI"}]}
2017-07-08 19:20:36 ---- New Request ----
2017-07-08 19:20:36 Controller : Transfers
2017-07-08 19:20:36 Method : credittransferaccountAction
2017-07-08 19:20:36 Controller File : controllers/Transfers.class.php, Exists
2017-07-08 19:20:36 Class constructed
2017-07-08 19:20:36 Class constructed
2017-07-08 19:20:36 Credit Transfer Account Params:
Amount : 1562455
Exchange Rate : 1
AccountId : 36
Amount After Xchange : 1562455
Password : 
Userid : 3
SessionID : pTrMnmurzLykEhsrq8Vhn4ajn6LUywtY
2017-07-08 19:20:36 SELECT SQL : SELECT * FROM users WHERE  id = '3'  
2017-07-08 19:20:36 SELECT SQL : SELECT * FROM settings WHERE  name = 'RNBAccount'  
2017-07-08 19:20:36 INSERT SQL : INSERT INTO account_transfers  (ts,type,amount,createdBy,toId,fromId,userId,exchangeRate,amountAfterXchange)  VALUES(NOW(),'transfer','1562455','3','36','1','3','1','1562455')
2017-07-08 19:20:36 SELECT SQL : SELECT * FROM accounts WHERE  id = '36'  
2017-07-08 19:20:36 Balance Update Params :
Branch Id : 12
Account ID : 36
Amount : 1562455
2017-07-08 19:20:36 SELECT SQL : SELECT * FROM balances WHERE  branchId = '12' AND accountId = '36'  
2017-07-08 19:20:36 INSERT SQL : INSERT INTO balances  (ts,branchId,accountId,openingBalance,closingBalance,date)  VALUES(NOW(),'12','36','1562455','1562455','2017-07-08')
2017-07-08 19:20:36 Balance Create Insert ID :2
 2017-07-08 19:20:36 Response : {"success":1,"data":"Your request was processed successfully"}
2017-07-08 19:20:45 ---- New Request ----
2017-07-08 19:20:45 Controller : Transfers
2017-07-08 19:20:45 Method : getbalancesAction
2017-07-08 19:20:45 Controller File : controllers/Transfers.class.php, Exists
2017-07-08 19:20:45 Class constructed
2017-07-08 19:20:45 Class constructed
2017-07-08 19:20:45 UserID : 3
SessionId : pTrMnmurzLykEhsrq8Vhn4ajn6LUywtY
Branch ID : 11
Date : 
2017-07-08 19:20:45 SELECT SQL : SELECT sessionId,branchId,userTypeId FROM users WHERE  id = '3'  
2017-07-08 19:20:45 SELECT SQL : SELECT closingBalance,openingBalance,accountId,branchId,date FROM balances WHERE  date = '2017-07-08' AND branchId = '11'  
2017-07-08 19:20:45 Response : {"success":1,"data":[]}
2017-07-08 19:20:47 ---- New Request ----
2017-07-08 19:20:47 Controller : Transfers
2017-07-08 19:20:47 Method : getbalancesAction
2017-07-08 19:20:47 Controller File : controllers/Transfers.class.php, Exists
2017-07-08 19:20:47 Class constructed
2017-07-08 19:20:47 Class constructed
2017-07-08 19:20:47 UserID : 3
SessionId : pTrMnmurzLykEhsrq8Vhn4ajn6LUywtY
Branch ID : 12
Date : 
2017-07-08 19:20:47 SELECT SQL : SELECT sessionId,branchId,userTypeId FROM users WHERE  id = '3'  
2017-07-08 19:20:47 SELECT SQL : SELECT closingBalance,openingBalance,accountId,branchId,date FROM balances WHERE  date = '2017-07-08' AND branchId = '12'  
2017-07-08 19:20:47 SELECT SQL : SELECT name FROM accounts WHERE  id = '33'  
2017-07-08 19:20:47 SELECT SQL : SELECT name FROM branches WHERE  id = '12'  
2017-07-08 19:20:47 SELECT SQL : SELECT name FROM accounts WHERE  id = '36'  
2017-07-08 19:20:47 SELECT SQL : SELECT name FROM branches WHERE  id = '12'  
2017-07-08 19:20:47 Response : {"success":1,"data":[{"closingBalance":"6705","openingBalance":"6705","accountId":"33","branchId":"12","date":"2017-07-08","accountName":"NAIROBI-USD Account","branchName":"NAIROBI"},{"closingBalance":"1562460","openingBalance":"1562460","accountId":"36","branchId":"12","date":"2017-07-08","accountName":"NAIROBI-KSH Account","branchName":"NAIROBI"}]}
2017-07-08 19:24:50 ---- New Request ----
2017-07-08 19:24:50 Controller : Users
2017-07-08 19:24:50 Method : formsdetailsAction
2017-07-08 19:24:50 Controller File : controllers/Users.class.php, Exists
2017-07-08 19:24:50 Class constructed
2017-07-08 19:24:50 Details Params :
SessionID :pTrMnmurzLykEhsrq8Vhn4ajn6LUywtY
User ID : 3
2017-07-08 19:24:50 SELECT SQL : SELECT * FROM branches WHERE  active = '1'  
2017-07-08 19:24:50 SELECT SQL : SELECT * FROM countries WHERE  active = '1'  
2017-07-08 19:24:50 SELECT SQL : SELECT * FROM identification WHERE  active = '1'  
2017-07-08 19:24:50 SELECT SQL : SELECT * FROM users WHERE  active = '1'  
2017-07-08 19:24:50 SELECT SQL : SELECT id,name,branchId,currency_id FROM accounts WHERE  active = '1' AND type_id = '1'  
2017-07-08 19:24:50 Balance Update Params :
Branch Id : 5
Account ID : 16
Amount : 0
2017-07-08 19:24:50 SELECT SQL : SELECT * FROM balances WHERE  branchId = '5' AND accountId = '16'  
2017-07-08 19:24:50 Balance Update Params :
Branch Id : 6
Account ID : 20
Amount : 0
2017-07-08 19:24:50 SELECT SQL : SELECT * FROM balances WHERE  branchId = '6' AND accountId = '20'  
2017-07-08 19:24:50 Balance Update Params :
Branch Id : 6
Account ID : 21
Amount : 0
2017-07-08 19:24:50 SELECT SQL : SELECT * FROM balances WHERE  branchId = '6' AND accountId = '21'  
2017-07-08 19:24:50 Balance Update Params :
Branch Id : 6
Account ID : 22
Amount : 0
2017-07-08 19:24:50 SELECT SQL : SELECT * FROM balances WHERE  branchId = '6' AND accountId = '22'  
2017-07-08 19:24:50 Balance Update Params :
Branch Id : 6
Account ID : 23
Amount : 0
2017-07-08 19:24:50 SELECT SQL : SELECT * FROM balances WHERE  branchId = '6' AND accountId = '23'  
2017-07-08 19:24:50 Balance Update Params :
Branch Id : 6
Account ID : 24
Amount : 0
2017-07-08 19:24:50 SELECT SQL : SELECT * FROM balances WHERE  branchId = '6' AND accountId = '24'  
2017-07-08 19:24:50 Balance Update Params :
Branch Id : 11
Account ID : 27
Amount : 0
2017-07-08 19:24:50 SELECT SQL : SELECT * FROM balances WHERE  branchId = '11' AND accountId = '27'  
2017-07-08 19:24:50 Balance Update Params :
Branch Id : 11
Account ID : 28
Amount : 0
2017-07-08 19:24:50 SELECT SQL : SELECT * FROM balances WHERE  branchId = '11' AND accountId = '28'  
2017-07-08 19:24:50 Balance Update Params :
Branch Id : 12
Account ID : 33
Amount : 0
2017-07-08 19:24:50 SELECT SQL : SELECT * FROM balances WHERE  branchId = '12' AND accountId = '33'  
2017-07-08 19:24:50 SELECT SQL : SELECT * FROM balances WHERE  branchId = '12' AND accountId = '33' AND date = '2017-07-08'  
2017-07-08 19:24:50 UPDATE SQL : UPDATE balances SET closingBalance = '6705' WHERE  branchId = '12' AND accountId = '33' AND date = '2017-07-08' 
2017-07-08 19:24:50 Balance Update Status 2:1
 2017-07-08 19:24:50 Balance Update Params :
Branch Id : 12
Account ID : 36
Amount : 0
2017-07-08 19:24:50 SELECT SQL : SELECT * FROM balances WHERE  branchId = '12' AND accountId = '36'  
2017-07-08 19:24:50 SELECT SQL : SELECT * FROM balances WHERE  branchId = '12' AND accountId = '36' AND date = '2017-07-08'  
2017-07-08 19:24:50 UPDATE SQL : UPDATE balances SET closingBalance = '1562460' WHERE  branchId = '12' AND accountId = '36' AND date = '2017-07-08' 
2017-07-08 19:24:50 Balance Update Status 2:1
 2017-07-08 19:24:50 SELECT SQL : SELECT * FROM currencies WHERE  active = '1'  
2017-07-08 19:24:50 SELECT SQL : SELECT * FROM accounts WHERE  active = '1' AND type_id = '4'  
2017-07-08 19:24:50 SELECT SQL : SELECT * FROM account_types WHERE  active = '1'  
2017-07-08 19:24:50 SELECT SQL : SELECT * FROM user_types WHERE  active = '1'  
2017-07-08 19:24:50 Response : {"data":{"branches":[{"id":"5","name":"KINSHASHA","countryId":"4","location":"Patrice Avenue","supervisorId":"3","createdBy":"4","ts":"2017-06-30 00:06:55","active":"1"},{"id":"6","name":"OASIS MALL","countryId":"1","location":"Yusufu Lule Rd","supervisorId":"3","createdBy":"2","ts":"2017-06-30 00:12:08","active":"1"},{"id":"7","name":"GOMA","countryId":"4","location":"Goma","supervisorId":"3","createdBy":"1","ts":"2017-07-05 00:00:00","active":"1"},{"id":"9","name":"MOMBASA","countryId":"2","location":"Mombasa","supervisorId":"3","createdBy":"1","ts":"2017-07-05 00:00:00","active":"1"},{"id":"10","name":"DUBAI","countryId":"6","location":"Dubai","supervisorId":"3","createdBy":"1","ts":"2017-07-05 00:00:00","active":"1"},{"id":"11","name":"CHINA","countryId":"5","location":"China","supervisorId":"3","createdBy":"3","ts":"2017-07-05 13:23:17","active":"1"},{"id":"12","name":"NAIROBI","countryId":"2","location":"Nairobi","supervisorId":"3","createdBy":"3","ts":"2017-07-06 14:12:35","active":"1"}],"countries":[{"id":"1","name":"UGANDA","createdBy":"1","ts":"2017-06-25 23:13:31","active":"1"},{"id":"2","name":"KENYA","createdBy":"1","ts":"2017-06-26 09:02:45","active":"1"},{"id":"3","name":"TZ","createdBy":"1","ts":"2017-06-28 11:11:53","active":"1"},{"id":"4","name":"CONGO","createdBy":"1","ts":"2017-06-28 11:26:11","active":"1"},{"id":"5","name":"CHINA","createdBy":"1","ts":"2017-06-28 11:30:01","active":"1"},{"id":"6","name":"UAE","createdBy":"1","ts":"2017-07-05 00:00:00","active":"1"}],"ids":[[{"id":"1","name":"Passport","createdBy":"1","ts":"2017-06-28 14:00:01","active":"1"},{"id":"2","name":"National ID","createdBy":"1","ts":"2017-06-28 14:00:01","active":"1"},{"id":"3","name":"STUDENTS ID","createdBy":"1","ts":"2017-06-28 16:21:46","active":"1"}]],"users":[{"id":"1","firstName":"You","surname":"Jinshu","email":"hudsonbogere@swipeit.co.ug","phone":"256783131266","userName":"you","branchId":"0","userTypeId":"1","password":"$2y$10$pPGbhJ1RXx\/ug.ED3LnsQuKHJTqwYsa\/iF0OqGOgsjflkHKIDTLVq","sessionId":"","ipAddress":"197.239.37.240","createdBy":null,"ts":"2017-06-23 15:08:12","active":"1"},{"id":"2","firstName":"Nansubuga","surname":"Dorothy","email":"henry@gmail.com","phone":"256752284441","userName":"dorah","branchId":"12","userTypeId":"3","password":"$2y$10$m72Zz8Z.h4\/Zp6TFDhmbXeQ79kZ7JJ2U0yLUanc0dDVxbc.5UPkRG","sessionId":"","ipAddress":"197.157.34.185","createdBy":"1","ts":"2017-06-26 19:11:07","active":"1"},{"id":"3","firstName":"Lydia","surname":"Amoi","email":"islam@gmail.com","phone":"256777608310","userName":"lydia","branchId":"6","userTypeId":"2","password":"$2y$10$m72Zz8Z.h4\/Zp6TFDhmbXeQ79kZ7JJ2U0yLUanc0dDVxbc.5UPkRG","sessionId":"pTrMnmurzLykEhsrq8Vhn4ajn6LUywtY","ipAddress":"41.75.174.194","createdBy":"1","ts":"2017-06-26 19:41:01","active":"1"},{"id":"4","firstName":"Nabukera","surname":"Maria","email":"banerd@tfb.com","phone":"256774457813","userName":"maria","branchId":"5","userTypeId":"3","password":"$2y$10$wTpUE\/WJFMfQaBglrQocTO9ndV6dbxL2vzFDEJZ1hpVVp4binpXGO","sessionId":"","ipAddress":"197.157.34.185","createdBy":"1","ts":"2017-06-26 23:04:07","active":"1"},{"id":"5","firstName":"Henry","surname":"Bbosa","email":null,"phone":null,"userName":"henry","branchId":"11","userTypeId":"3","password":"$2y$10$m72Zz8Z.h4\/Zp6TFDhmbXeQ79kZ7JJ2U0yLUanc0dDVxbc.5UPkRG","sessionId":"","ipAddress":"197.157.34.185","createdBy":"1","ts":"2017-07-05 00:00:00","active":"1"}],"accounts":[{"id":"16","name":"KINSHASHA-USD Account","branchId":"5","currency_id":"2"},{"id":"20","name":"OASIS MALL-RMB Account","branchId":"6","currency_id":"1"},{"id":"21","name":"OASIS MALL-USD Account","branchId":"6","currency_id":"2"},{"id":"22","name":"OASIS MALL-DIRHAM Account","branchId":"6","currency_id":"3"},{"id":"23","name":"OASIS MALL-UGX Account","branchId":"6","currency_id":"4"},{"id":"24","name":"OASIS MALL-KSH Account","branchId":"6","currency_id":"5"},{"id":"27","name":"CHINA-RMB Account","branchId":"11","currency_id":"1"},{"id":"28","name":"CHINA-USD Account","branchId":"11","currency_id":"2"},{"id":"33","name":"NAIROBI-USD Account","branchId":"12","currency_id":"2"},{"id":"36","name":"NAIROBI-KSH Account","branchId":"12","currency_id":"5"}],"currencies":[{"id":"1","name":"RMB","symbol":"\u00c2\u00a5","createdBy":"1","ts":"2017-06-27 22:45:12","active":"1"},{"id":"2","name":"USD","symbol":"$","createdBy":"1","ts":"2017-06-27 22:45:12","active":"1"},{"id":"3","name":"DIRHAM","symbol":"","createdBy":"1","ts":"2017-06-28 11:40:09","active":"1"},{"id":"4","name":"UGX","symbol":"\/=","createdBy":"1","ts":"2017-06-28 11:46:50","active":"1"},{"id":"5","name":"KSH","symbol":"","createdBy":"1","ts":"2017-06-28 11:46:50","active":"1"}],"superaccount":[{"id":"1","name":"RMB Account","branchId":"0","type_id":"4","currency_id":"1","balance":"0","createdBy":"1","active":"1","ts":"2017-06-27 22:45:12"}],"accountTypes":[{"id":"1","type":"Transfer","description":"","createdBy":"1","ts":"2017-06-28 14:31:12","active":"1"},{"id":"2","type":"Suspense","description":"","createdBy":"1","ts":"2017-06-28 14:31:12","active":"1"},{"id":"4","type":"Super","description":"","createdBy":"1","ts":"2017-06-28 14:31:12","active":"1"}],"userTypes":[{"id":"1","name":"E-Value Admin","level":"1","ts":"2017-06-27 22:45:12","active":"1"},{"id":"2","name":"Super User","level":"2","ts":"2017-06-27 22:45:12","active":"1"},{"id":"3","name":"Agent","level":"3","ts":"2017-06-27 22:45:12","active":"1"},{"id":"4","name":"System Admin","level":"4","ts":"2017-06-27 22:45:12","active":"1"}]},"success":1}
2017-07-08 19:37:12 ---- New Request ----
2017-07-08 19:37:12 Controller : Users
2017-07-08 19:37:12 Method : formsdetailsAction
2017-07-08 19:37:12 Controller File : controllers/Users.class.php, Exists
2017-07-08 19:37:12 Class constructed
2017-07-08 19:37:12 Details Params :
SessionID :pTrMnmurzLykEhsrq8Vhn4ajn6LUywtY
User ID : 3
2017-07-08 19:37:12 SELECT SQL : SELECT * FROM branches WHERE  active = '1'  
2017-07-08 19:37:12 SELECT SQL : SELECT * FROM countries WHERE  active = '1'  
2017-07-08 19:37:12 SELECT SQL : SELECT * FROM identification WHERE  active = '1'  
2017-07-08 19:37:12 SELECT SQL : SELECT * FROM users WHERE  active = '1'  
2017-07-08 19:37:12 SELECT SQL : SELECT id,name,branchId,currency_id FROM accounts WHERE  active = '1' AND type_id = '1'  
2017-07-08 19:37:12 Balance Update Params :
Branch Id : 5
Account ID : 16
Amount : 0
2017-07-08 19:37:12 SELECT SQL : SELECT * FROM balances WHERE  branchId = '5' AND accountId = '16'  
2017-07-08 19:37:12 Balance Update Params :
Branch Id : 6
Account ID : 20
Amount : 0
2017-07-08 19:37:12 SELECT SQL : SELECT * FROM balances WHERE  branchId = '6' AND accountId = '20'  
2017-07-08 19:37:12 Balance Update Params :
Branch Id : 6
Account ID : 21
Amount : 0
2017-07-08 19:37:12 SELECT SQL : SELECT * FROM balances WHERE  branchId = '6' AND accountId = '21'  
2017-07-08 19:37:12 Balance Update Params :
Branch Id : 6
Account ID : 22
Amount : 0
2017-07-08 19:37:12 SELECT SQL : SELECT * FROM balances WHERE  branchId = '6' AND accountId = '22'  
2017-07-08 19:37:12 Balance Update Params :
Branch Id : 6
Account ID : 23
Amount : 0
2017-07-08 19:37:12 SELECT SQL : SELECT * FROM balances WHERE  branchId = '6' AND accountId = '23'  
2017-07-08 19:37:12 Balance Update Params :
Branch Id : 6
Account ID : 24
Amount : 0
2017-07-08 19:37:12 SELECT SQL : SELECT * FROM balances WHERE  branchId = '6' AND accountId = '24'  
2017-07-08 19:37:12 Balance Update Params :
Branch Id : 11
Account ID : 27
Amount : 0
2017-07-08 19:37:12 SELECT SQL : SELECT * FROM balances WHERE  branchId = '11' AND accountId = '27'  
2017-07-08 19:37:12 Balance Update Params :
Branch Id : 11
Account ID : 28
Amount : 0
2017-07-08 19:37:12 SELECT SQL : SELECT * FROM balances WHERE  branchId = '11' AND accountId = '28'  
2017-07-08 19:37:12 Balance Update Params :
Branch Id : 12
Account ID : 33
Amount : 0
2017-07-08 19:37:12 SELECT SQL : SELECT * FROM balances WHERE  branchId = '12' AND accountId = '33'  
2017-07-08 19:37:12 SELECT SQL : SELECT * FROM balances WHERE  branchId = '12' AND accountId = '33' AND date = '2017-07-08'  
2017-07-08 19:37:12 UPDATE SQL : UPDATE balances SET closingBalance = '6705' WHERE  branchId = '12' AND accountId = '33' AND date = '2017-07-08' 
2017-07-08 19:37:12 Balance Update Status 2:1
 2017-07-08 19:37:12 Balance Update Params :
Branch Id : 12
Account ID : 36
Amount : 0
2017-07-08 19:37:12 SELECT SQL : SELECT * FROM balances WHERE  branchId = '12' AND accountId = '36'  
2017-07-08 19:37:12 SELECT SQL : SELECT * FROM balances WHERE  branchId = '12' AND accountId = '36' AND date = '2017-07-08'  
2017-07-08 19:37:12 UPDATE SQL : UPDATE balances SET closingBalance = '1562460' WHERE  branchId = '12' AND accountId = '36' AND date = '2017-07-08' 
2017-07-08 19:37:12 Balance Update Status 2:1
 2017-07-08 19:37:12 SELECT SQL : SELECT * FROM currencies WHERE  active = '1'  
2017-07-08 19:37:12 SELECT SQL : SELECT * FROM accounts WHERE  active = '1' AND type_id = '4'  
2017-07-08 19:37:12 SELECT SQL : SELECT * FROM account_types WHERE  active = '1'  
2017-07-08 19:37:12 SELECT SQL : SELECT * FROM user_types WHERE  active = '1'  
2017-07-08 19:37:12 Response : {"data":{"branches":[{"id":"5","name":"KINSHASHA","countryId":"4","location":"Patrice Avenue","supervisorId":"3","createdBy":"4","ts":"2017-06-30 00:06:55","active":"1"},{"id":"6","name":"OASIS MALL","countryId":"1","location":"Yusufu Lule Rd","supervisorId":"3","createdBy":"2","ts":"2017-06-30 00:12:08","active":"1"},{"id":"7","name":"GOMA","countryId":"4","location":"Goma","supervisorId":"3","createdBy":"1","ts":"2017-07-05 00:00:00","active":"1"},{"id":"9","name":"MOMBASA","countryId":"2","location":"Mombasa","supervisorId":"3","createdBy":"1","ts":"2017-07-05 00:00:00","active":"1"},{"id":"10","name":"DUBAI","countryId":"6","location":"Dubai","supervisorId":"3","createdBy":"1","ts":"2017-07-05 00:00:00","active":"1"},{"id":"11","name":"CHINA","countryId":"5","location":"China","supervisorId":"3","createdBy":"3","ts":"2017-07-05 13:23:17","active":"1"},{"id":"12","name":"NAIROBI","countryId":"2","location":"Nairobi","supervisorId":"3","createdBy":"3","ts":"2017-07-06 14:12:35","active":"1"}],"countries":[{"id":"1","name":"UGANDA","createdBy":"1","ts":"2017-06-25 23:13:31","active":"1"},{"id":"2","name":"KENYA","createdBy":"1","ts":"2017-06-26 09:02:45","active":"1"},{"id":"3","name":"TZ","createdBy":"1","ts":"2017-06-28 11:11:53","active":"1"},{"id":"4","name":"CONGO","createdBy":"1","ts":"2017-06-28 11:26:11","active":"1"},{"id":"5","name":"CHINA","createdBy":"1","ts":"2017-06-28 11:30:01","active":"1"},{"id":"6","name":"UAE","createdBy":"1","ts":"2017-07-05 00:00:00","active":"1"}],"ids":[[{"id":"1","name":"Passport","createdBy":"1","ts":"2017-06-28 14:00:01","active":"1"},{"id":"2","name":"National ID","createdBy":"1","ts":"2017-06-28 14:00:01","active":"1"},{"id":"3","name":"STUDENTS ID","createdBy":"1","ts":"2017-06-28 16:21:46","active":"1"}]],"users":[{"id":"1","firstName":"You","surname":"Jinshu","email":"hudsonbogere@swipeit.co.ug","phone":"256783131266","userName":"you","branchId":"0","userTypeId":"1","password":"$2y$10$pPGbhJ1RXx\/ug.ED3LnsQuKHJTqwYsa\/iF0OqGOgsjflkHKIDTLVq","sessionId":"","ipAddress":"197.239.37.240","createdBy":null,"ts":"2017-06-23 15:08:12","active":"1"},{"id":"2","firstName":"Nansubuga","surname":"Dorothy","email":"henry@gmail.com","phone":"256752284441","userName":"dorah","branchId":"12","userTypeId":"3","password":"$2y$10$m72Zz8Z.h4\/Zp6TFDhmbXeQ79kZ7JJ2U0yLUanc0dDVxbc.5UPkRG","sessionId":"","ipAddress":"197.157.34.185","createdBy":"1","ts":"2017-06-26 19:11:07","active":"1"},{"id":"3","firstName":"Lydia","surname":"Amoi","email":"islam@gmail.com","phone":"256777608310","userName":"lydia","branchId":"6","userTypeId":"2","password":"$2y$10$m72Zz8Z.h4\/Zp6TFDhmbXeQ79kZ7JJ2U0yLUanc0dDVxbc.5UPkRG","sessionId":"pTrMnmurzLykEhsrq8Vhn4ajn6LUywtY","ipAddress":"41.75.174.194","createdBy":"1","ts":"2017-06-26 19:41:01","active":"1"},{"id":"4","firstName":"Nabukera","surname":"Maria","email":"banerd@tfb.com","phone":"256774457813","userName":"maria","branchId":"5","userTypeId":"3","password":"$2y$10$wTpUE\/WJFMfQaBglrQocTO9ndV6dbxL2vzFDEJZ1hpVVp4binpXGO","sessionId":"","ipAddress":"197.157.34.185","createdBy":"1","ts":"2017-06-26 23:04:07","active":"1"},{"id":"5","firstName":"Henry","surname":"Bbosa","email":null,"phone":null,"userName":"henry","branchId":"11","userTypeId":"3","password":"$2y$10$m72Zz8Z.h4\/Zp6TFDhmbXeQ79kZ7JJ2U0yLUanc0dDVxbc.5UPkRG","sessionId":"","ipAddress":"197.157.34.185","createdBy":"1","ts":"2017-07-05 00:00:00","active":"1"}],"accounts":[{"id":"16","name":"KINSHASHA-USD Account","branchId":"5","currency_id":"2"},{"id":"20","name":"OASIS MALL-RMB Account","branchId":"6","currency_id":"1"},{"id":"21","name":"OASIS MALL-USD Account","branchId":"6","currency_id":"2"},{"id":"22","name":"OASIS MALL-DIRHAM Account","branchId":"6","currency_id":"3"},{"id":"23","name":"OASIS MALL-UGX Account","branchId":"6","currency_id":"4"},{"id":"24","name":"OASIS MALL-KSH Account","branchId":"6","currency_id":"5"},{"id":"27","name":"CHINA-RMB Account","branchId":"11","currency_id":"1"},{"id":"28","name":"CHINA-USD Account","branchId":"11","currency_id":"2"},{"id":"33","name":"NAIROBI-USD Account","branchId":"12","currency_id":"2"},{"id":"36","name":"NAIROBI-KSH Account","branchId":"12","currency_id":"5"}],"currencies":[{"id":"1","name":"RMB","symbol":"\u00c2\u00a5","createdBy":"1","ts":"2017-06-27 22:45:12","active":"1"},{"id":"2","name":"USD","symbol":"$","createdBy":"1","ts":"2017-06-27 22:45:12","active":"1"},{"id":"3","name":"DIRHAM","symbol":"","createdBy":"1","ts":"2017-06-28 11:40:09","active":"1"},{"id":"4","name":"UGX","symbol":"\/=","createdBy":"1","ts":"2017-06-28 11:46:50","active":"1"},{"id":"5","name":"KSH","symbol":"","createdBy":"1","ts":"2017-06-28 11:46:50","active":"1"}],"superaccount":[{"id":"1","name":"RMB Account","branchId":"0","type_id":"4","currency_id":"1","balance":"0","createdBy":"1","active":"1","ts":"2017-06-27 22:45:12"}],"accountTypes":[{"id":"1","type":"Transfer","description":"","createdBy":"1","ts":"2017-06-28 14:31:12","active":"1"},{"id":"2","type":"Suspense","description":"","createdBy":"1","ts":"2017-06-28 14:31:12","active":"1"},{"id":"4","type":"Super","description":"","createdBy":"1","ts":"2017-06-28 14:31:12","active":"1"}],"userTypes":[{"id":"1","name":"E-Value Admin","level":"1","ts":"2017-06-27 22:45:12","active":"1"},{"id":"2","name":"Super User","level":"2","ts":"2017-06-27 22:45:12","active":"1"},{"id":"3","name":"Agent","level":"3","ts":"2017-06-27 22:45:12","active":"1"},{"id":"4","name":"System Admin","level":"4","ts":"2017-06-27 22:45:12","active":"1"}]},"success":1}
2017-07-08 19:37:18 ---- New Request ----
2017-07-08 19:37:18 Controller : Transfers
2017-07-08 19:37:18 Method : getbalancesAction
2017-07-08 19:37:18 Controller File : controllers/Transfers.class.php, Exists
2017-07-08 19:37:18 Class constructed
2017-07-08 19:37:18 Class constructed
2017-07-08 19:37:18 UserID : 3
SessionId : pTrMnmurzLykEhsrq8Vhn4ajn6LUywtY
Branch ID : 12
Date : 
2017-07-08 19:37:18 SELECT SQL : SELECT sessionId,branchId,userTypeId FROM users WHERE  id = '3'  
2017-07-08 19:37:18 SELECT SQL : SELECT closingBalance,openingBalance,accountId,branchId,date FROM balances WHERE  date = '2017-07-08' AND branchId = '12'  
2017-07-08 19:37:18 SELECT SQL : SELECT name FROM accounts WHERE  id = '33'  
2017-07-08 19:37:18 SELECT SQL : SELECT name FROM branches WHERE  id = '12'  
2017-07-08 19:37:18 SELECT SQL : SELECT name FROM accounts WHERE  id = '36'  
2017-07-08 19:37:18 SELECT SQL : SELECT name FROM branches WHERE  id = '12'  
2017-07-08 19:37:18 Response : {"success":1,"data":[{"closingBalance":"6705","openingBalance":"6705","accountId":"33","branchId":"12","date":"2017-07-08","accountName":"NAIROBI-USD Account","branchName":"NAIROBI"},{"closingBalance":"1562460","openingBalance":"1562460","accountId":"36","branchId":"12","date":"2017-07-08","accountName":"NAIROBI-KSH Account","branchName":"NAIROBI"}]}
2017-07-08 19:55:56 ---- New Request ----
2017-07-08 19:55:56 Controller : Users
2017-07-08 19:55:56 Method : formsdetailsAction
2017-07-08 19:55:56 Controller File : controllers/Users.class.php, Exists
2017-07-08 19:55:56 Class constructed
2017-07-08 19:55:56 Details Params :
SessionID :pTrMnmurzLykEhsrq8Vhn4ajn6LUywtY
User ID : 3
2017-07-08 19:55:56 SELECT SQL : SELECT * FROM branches WHERE  active = '1'  
2017-07-08 19:55:56 SELECT SQL : SELECT * FROM countries WHERE  active = '1'  
2017-07-08 19:55:56 SELECT SQL : SELECT * FROM identification WHERE  active = '1'  
2017-07-08 19:55:56 SELECT SQL : SELECT * FROM users WHERE  active = '1'  
2017-07-08 19:55:56 SELECT SQL : SELECT id,name,branchId,currency_id FROM accounts WHERE  active = '1' AND type_id = '1'  
2017-07-08 19:55:56 Balance Update Params :
Branch Id : 5
Account ID : 16
Amount : 0
2017-07-08 19:55:56 SELECT SQL : SELECT * FROM balances WHERE  branchId = '5' AND accountId = '16'  
2017-07-08 19:55:56 Balance Update Params :
Branch Id : 6
Account ID : 20
Amount : 0
2017-07-08 19:55:56 SELECT SQL : SELECT * FROM balances WHERE  branchId = '6' AND accountId = '20'  
2017-07-08 19:55:56 Balance Update Params :
Branch Id : 6
Account ID : 21
Amount : 0
2017-07-08 19:55:56 SELECT SQL : SELECT * FROM balances WHERE  branchId = '6' AND accountId = '21'  
2017-07-08 19:55:56 Balance Update Params :
Branch Id : 6
Account ID : 22
Amount : 0
2017-07-08 19:55:56 SELECT SQL : SELECT * FROM balances WHERE  branchId = '6' AND accountId = '22'  
2017-07-08 19:55:56 Balance Update Params :
Branch Id : 6
Account ID : 23
Amount : 0
2017-07-08 19:55:56 SELECT SQL : SELECT * FROM balances WHERE  branchId = '6' AND accountId = '23'  
2017-07-08 19:55:56 Balance Update Params :
Branch Id : 6
Account ID : 24
Amount : 0
2017-07-08 19:55:56 SELECT SQL : SELECT * FROM balances WHERE  branchId = '6' AND accountId = '24'  
2017-07-08 19:55:56 Balance Update Params :
Branch Id : 11
Account ID : 27
Amount : 0
2017-07-08 19:55:56 SELECT SQL : SELECT * FROM balances WHERE  branchId = '11' AND accountId = '27'  
2017-07-08 19:55:56 Balance Update Params :
Branch Id : 11
Account ID : 28
Amount : 0
2017-07-08 19:55:56 SELECT SQL : SELECT * FROM balances WHERE  branchId = '11' AND accountId = '28'  
2017-07-08 19:55:56 Balance Update Params :
Branch Id : 12
Account ID : 33
Amount : 0
2017-07-08 19:55:56 SELECT SQL : SELECT * FROM balances WHERE  branchId = '12' AND accountId = '33'  
2017-07-08 19:55:56 SELECT SQL : SELECT * FROM balances WHERE  branchId = '12' AND accountId = '33' AND date = '2017-07-08'  
2017-07-08 19:55:56 UPDATE SQL : UPDATE balances SET closingBalance = '6705' WHERE  branchId = '12' AND accountId = '33' AND date = '2017-07-08' 
2017-07-08 19:55:56 Balance Update Status 2:1
 2017-07-08 19:55:56 Balance Update Params :
Branch Id : 12
Account ID : 36
Amount : 0
2017-07-08 19:55:56 SELECT SQL : SELECT * FROM balances WHERE  branchId = '12' AND accountId = '36'  
2017-07-08 19:55:56 SELECT SQL : SELECT * FROM balances WHERE  branchId = '12' AND accountId = '36' AND date = '2017-07-08'  
2017-07-08 19:55:56 UPDATE SQL : UPDATE balances SET closingBalance = '1562460' WHERE  branchId = '12' AND accountId = '36' AND date = '2017-07-08' 
2017-07-08 19:55:56 Balance Update Status 2:1
 2017-07-08 19:55:56 SELECT SQL : SELECT * FROM currencies WHERE  active = '1'  
2017-07-08 19:55:56 SELECT SQL : SELECT * FROM accounts WHERE  active = '1' AND type_id = '4'  
2017-07-08 19:55:56 SELECT SQL : SELECT * FROM account_types WHERE  active = '1'  
2017-07-08 19:55:56 SELECT SQL : SELECT * FROM user_types WHERE  active = '1'  
2017-07-08 19:55:56 Response : {"data":{"branches":[{"id":"5","name":"KINSHASHA","countryId":"4","location":"Patrice Avenue","supervisorId":"3","createdBy":"4","ts":"2017-06-30 00:06:55","active":"1"},{"id":"6","name":"OASIS MALL","countryId":"1","location":"Yusufu Lule Rd","supervisorId":"3","createdBy":"2","ts":"2017-06-30 00:12:08","active":"1"},{"id":"7","name":"GOMA","countryId":"4","location":"Goma","supervisorId":"3","createdBy":"1","ts":"2017-07-05 00:00:00","active":"1"},{"id":"9","name":"MOMBASA","countryId":"2","location":"Mombasa","supervisorId":"3","createdBy":"1","ts":"2017-07-05 00:00:00","active":"1"},{"id":"10","name":"DUBAI","countryId":"6","location":"Dubai","supervisorId":"3","createdBy":"1","ts":"2017-07-05 00:00:00","active":"1"},{"id":"11","name":"CHINA","countryId":"5","location":"China","supervisorId":"3","createdBy":"3","ts":"2017-07-05 13:23:17","active":"1"},{"id":"12","name":"NAIROBI","countryId":"2","location":"Nairobi","supervisorId":"3","createdBy":"3","ts":"2017-07-06 14:12:35","active":"1"}],"countries":[{"id":"1","name":"UGANDA","createdBy":"1","ts":"2017-06-25 23:13:31","active":"1"},{"id":"2","name":"KENYA","createdBy":"1","ts":"2017-06-26 09:02:45","active":"1"},{"id":"3","name":"TZ","createdBy":"1","ts":"2017-06-28 11:11:53","active":"1"},{"id":"4","name":"CONGO","createdBy":"1","ts":"2017-06-28 11:26:11","active":"1"},{"id":"5","name":"CHINA","createdBy":"1","ts":"2017-06-28 11:30:01","active":"1"},{"id":"6","name":"UAE","createdBy":"1","ts":"2017-07-05 00:00:00","active":"1"}],"ids":[[{"id":"1","name":"Passport","createdBy":"1","ts":"2017-06-28 14:00:01","active":"1"},{"id":"2","name":"National ID","createdBy":"1","ts":"2017-06-28 14:00:01","active":"1"},{"id":"3","name":"STUDENTS ID","createdBy":"1","ts":"2017-06-28 16:21:46","active":"1"}]],"users":[{"id":"1","firstName":"You","surname":"Jinshu","email":"hudsonbogere@swipeit.co.ug","phone":"256783131266","userName":"you","branchId":"0","userTypeId":"1","password":"$2y$10$pPGbhJ1RXx\/ug.ED3LnsQuKHJTqwYsa\/iF0OqGOgsjflkHKIDTLVq","sessionId":"","ipAddress":"197.239.37.240","createdBy":null,"ts":"2017-06-23 15:08:12","active":"1"},{"id":"2","firstName":"Nansubuga","surname":"Dorothy","email":"henry@gmail.com","phone":"256752284441","userName":"dorah","branchId":"12","userTypeId":"3","password":"$2y$10$m72Zz8Z.h4\/Zp6TFDhmbXeQ79kZ7JJ2U0yLUanc0dDVxbc.5UPkRG","sessionId":"","ipAddress":"197.157.34.185","createdBy":"1","ts":"2017-06-26 19:11:07","active":"1"},{"id":"3","firstName":"Lydia","surname":"Amoi","email":"islam@gmail.com","phone":"256777608310","userName":"lydia","branchId":"6","userTypeId":"2","password":"$2y$10$m72Zz8Z.h4\/Zp6TFDhmbXeQ79kZ7JJ2U0yLUanc0dDVxbc.5UPkRG","sessionId":"pTrMnmurzLykEhsrq8Vhn4ajn6LUywtY","ipAddress":"41.75.174.194","createdBy":"1","ts":"2017-06-26 19:41:01","active":"1"},{"id":"4","firstName":"Nabukera","surname":"Maria","email":"banerd@tfb.com","phone":"256774457813","userName":"maria","branchId":"5","userTypeId":"3","password":"$2y$10$wTpUE\/WJFMfQaBglrQocTO9ndV6dbxL2vzFDEJZ1hpVVp4binpXGO","sessionId":"","ipAddress":"197.157.34.185","createdBy":"1","ts":"2017-06-26 23:04:07","active":"1"},{"id":"5","firstName":"Henry","surname":"Bbosa","email":null,"phone":null,"userName":"henry","branchId":"11","userTypeId":"3","password":"$2y$10$m72Zz8Z.h4\/Zp6TFDhmbXeQ79kZ7JJ2U0yLUanc0dDVxbc.5UPkRG","sessionId":"","ipAddress":"197.157.34.185","createdBy":"1","ts":"2017-07-05 00:00:00","active":"1"}],"accounts":[{"id":"16","name":"KINSHASHA-USD Account","branchId":"5","currency_id":"2"},{"id":"20","name":"OASIS MALL-RMB Account","branchId":"6","currency_id":"1"},{"id":"21","name":"OASIS MALL-USD Account","branchId":"6","currency_id":"2"},{"id":"22","name":"OASIS MALL-DIRHAM Account","branchId":"6","currency_id":"3"},{"id":"23","name":"OASIS MALL-UGX Account","branchId":"6","currency_id":"4"},{"id":"24","name":"OASIS MALL-KSH Account","branchId":"6","currency_id":"5"},{"id":"27","name":"CHINA-RMB Account","branchId":"11","currency_id":"1"},{"id":"28","name":"CHINA-USD Account","branchId":"11","currency_id":"2"},{"id":"33","name":"NAIROBI-USD Account","branchId":"12","currency_id":"2"},{"id":"36","name":"NAIROBI-KSH Account","branchId":"12","currency_id":"5"}],"currencies":[{"id":"1","name":"RMB","symbol":"\u00c2\u00a5","createdBy":"1","ts":"2017-06-27 22:45:12","active":"1"},{"id":"2","name":"USD","symbol":"$","createdBy":"1","ts":"2017-06-27 22:45:12","active":"1"},{"id":"3","name":"DIRHAM","symbol":"","createdBy":"1","ts":"2017-06-28 11:40:09","active":"1"},{"id":"4","name":"UGX","symbol":"\/=","createdBy":"1","ts":"2017-06-28 11:46:50","active":"1"},{"id":"5","name":"KSH","symbol":"","createdBy":"1","ts":"2017-06-28 11:46:50","active":"1"}],"superaccount":[{"id":"1","name":"RMB Account","branchId":"0","type_id":"4","currency_id":"1","balance":"0","createdBy":"1","active":"1","ts":"2017-06-27 22:45:12"}],"accountTypes":[{"id":"1","type":"Transfer","description":"","createdBy":"1","ts":"2017-06-28 14:31:12","active":"1"},{"id":"2","type":"Suspense","description":"","createdBy":"1","ts":"2017-06-28 14:31:12","active":"1"},{"id":"4","type":"Super","description":"","createdBy":"1","ts":"2017-06-28 14:31:12","active":"1"}],"userTypes":[{"id":"1","name":"E-Value Admin","level":"1","ts":"2017-06-27 22:45:12","active":"1"},{"id":"2","name":"Super User","level":"2","ts":"2017-06-27 22:45:12","active":"1"},{"id":"3","name":"Agent","level":"3","ts":"2017-06-27 22:45:12","active":"1"},{"id":"4","name":"System Admin","level":"4","ts":"2017-06-27 22:45:12","active":"1"}]},"success":1}
2017-07-08 19:56:00 ---- New Request ----
2017-07-08 19:56:00 Controller : Transfers
2017-07-08 19:56:00 Method : getbalancesAction
2017-07-08 19:56:00 Controller File : controllers/Transfers.class.php, Exists
2017-07-08 19:56:00 Class constructed
2017-07-08 19:56:00 Class constructed
2017-07-08 19:56:00 UserID : 3
SessionId : pTrMnmurzLykEhsrq8Vhn4ajn6LUywtY
Branch ID : 12
Date : 
2017-07-08 19:56:00 SELECT SQL : SELECT sessionId,branchId,userTypeId FROM users WHERE  id = '3'  
2017-07-08 19:56:00 SELECT SQL : SELECT closingBalance,openingBalance,accountId,branchId,date FROM balances WHERE  date = '2017-07-08' AND branchId = '12'  
2017-07-08 19:56:00 SELECT SQL : SELECT name FROM accounts WHERE  id = '33'  
2017-07-08 19:56:00 SELECT SQL : SELECT name FROM branches WHERE  id = '12'  
2017-07-08 19:56:00 SELECT SQL : SELECT name FROM accounts WHERE  id = '36'  
2017-07-08 19:56:00 SELECT SQL : SELECT name FROM branches WHERE  id = '12'  
2017-07-08 19:56:00 Response : {"success":1,"data":[{"closingBalance":"6705","openingBalance":"6705","accountId":"33","branchId":"12","date":"2017-07-08","accountName":"NAIROBI-USD Account","branchName":"NAIROBI"},{"closingBalance":"1562460","openingBalance":"1562460","accountId":"36","branchId":"12","date":"2017-07-08","accountName":"NAIROBI-KSH Account","branchName":"NAIROBI"}]}
2017-07-08 19:56:16 ---- New Request ----
2017-07-08 19:56:16 Controller : Users
2017-07-08 19:56:16 Method : formsdetailsAction
2017-07-08 19:56:16 Controller File : controllers/Users.class.php, Exists
2017-07-08 19:56:16 Class constructed
2017-07-08 19:56:16 Details Params :
SessionID :pTrMnmurzLykEhsrq8Vhn4ajn6LUywtY
User ID : 3
2017-07-08 19:56:16 SELECT SQL : SELECT * FROM branches WHERE  active = '1'  
2017-07-08 19:56:16 SELECT SQL : SELECT * FROM countries WHERE  active = '1'  
2017-07-08 19:56:16 SELECT SQL : SELECT * FROM identification WHERE  active = '1'  
2017-07-08 19:56:16 SELECT SQL : SELECT * FROM users WHERE  active = '1'  
2017-07-08 19:56:16 SELECT SQL : SELECT id,name,branchId,currency_id FROM accounts WHERE  active = '1' AND type_id = '1'  
2017-07-08 19:56:16 Balance Update Params :
Branch Id : 5
Account ID : 16
Amount : 0
2017-07-08 19:56:16 SELECT SQL : SELECT * FROM balances WHERE  branchId = '5' AND accountId = '16'  
2017-07-08 19:56:16 Balance Update Params :
Branch Id : 6
Account ID : 20
Amount : 0
2017-07-08 19:56:16 SELECT SQL : SELECT * FROM balances WHERE  branchId = '6' AND accountId = '20'  
2017-07-08 19:56:16 Balance Update Params :
Branch Id : 6
Account ID : 21
Amount : 0
2017-07-08 19:56:16 SELECT SQL : SELECT * FROM balances WHERE  branchId = '6' AND accountId = '21'  
2017-07-08 19:56:16 Balance Update Params :
Branch Id : 6
Account ID : 22
Amount : 0
2017-07-08 19:56:16 SELECT SQL : SELECT * FROM balances WHERE  branchId = '6' AND accountId = '22'  
2017-07-08 19:56:16 Balance Update Params :
Branch Id : 6
Account ID : 23
Amount : 0
2017-07-08 19:56:16 SELECT SQL : SELECT * FROM balances WHERE  branchId = '6' AND accountId = '23'  
2017-07-08 19:56:16 Balance Update Params :
Branch Id : 6
Account ID : 24
Amount : 0
2017-07-08 19:56:16 SELECT SQL : SELECT * FROM balances WHERE  branchId = '6' AND accountId = '24'  
2017-07-08 19:56:16 Balance Update Params :
Branch Id : 11
Account ID : 27
Amount : 0
2017-07-08 19:56:16 SELECT SQL : SELECT * FROM balances WHERE  branchId = '11' AND accountId = '27'  
2017-07-08 19:56:16 Balance Update Params :
Branch Id : 11
Account ID : 28
Amount : 0
2017-07-08 19:56:16 SELECT SQL : SELECT * FROM balances WHERE  branchId = '11' AND accountId = '28'  
2017-07-08 19:56:16 Balance Update Params :
Branch Id : 12
Account ID : 33
Amount : 0
2017-07-08 19:56:16 SELECT SQL : SELECT * FROM balances WHERE  branchId = '12' AND accountId = '33'  
2017-07-08 19:56:16 SELECT SQL : SELECT * FROM balances WHERE  branchId = '12' AND accountId = '33' AND date = '2017-07-08'  
2017-07-08 19:56:16 UPDATE SQL : UPDATE balances SET closingBalance = '6705' WHERE  branchId = '12' AND accountId = '33' AND date = '2017-07-08' 
2017-07-08 19:56:16 Balance Update Status 2:1
 2017-07-08 19:56:16 Balance Update Params :
Branch Id : 12
Account ID : 36
Amount : 0
2017-07-08 19:56:16 SELECT SQL : SELECT * FROM balances WHERE  branchId = '12' AND accountId = '36'  
2017-07-08 19:56:16 SELECT SQL : SELECT * FROM balances WHERE  branchId = '12' AND accountId = '36' AND date = '2017-07-08'  
2017-07-08 19:56:16 UPDATE SQL : UPDATE balances SET closingBalance = '1562460' WHERE  branchId = '12' AND accountId = '36' AND date = '2017-07-08' 
2017-07-08 19:56:16 Balance Update Status 2:1
 2017-07-08 19:56:16 SELECT SQL : SELECT * FROM currencies WHERE  active = '1'  
2017-07-08 19:56:16 SELECT SQL : SELECT * FROM accounts WHERE  active = '1' AND type_id = '4'  
2017-07-08 19:56:16 SELECT SQL : SELECT * FROM account_types WHERE  active = '1'  
2017-07-08 19:56:16 SELECT SQL : SELECT * FROM user_types WHERE  active = '1'  
2017-07-08 19:56:16 Response : {"data":{"branches":[{"id":"5","name":"KINSHASHA","countryId":"4","location":"Patrice Avenue","supervisorId":"3","createdBy":"4","ts":"2017-06-30 00:06:55","active":"1"},{"id":"6","name":"OASIS MALL","countryId":"1","location":"Yusufu Lule Rd","supervisorId":"3","createdBy":"2","ts":"2017-06-30 00:12:08","active":"1"},{"id":"7","name":"GOMA","countryId":"4","location":"Goma","supervisorId":"3","createdBy":"1","ts":"2017-07-05 00:00:00","active":"1"},{"id":"9","name":"MOMBASA","countryId":"2","location":"Mombasa","supervisorId":"3","createdBy":"1","ts":"2017-07-05 00:00:00","active":"1"},{"id":"10","name":"DUBAI","countryId":"6","location":"Dubai","supervisorId":"3","createdBy":"1","ts":"2017-07-05 00:00:00","active":"1"},{"id":"11","name":"CHINA","countryId":"5","location":"China","supervisorId":"3","createdBy":"3","ts":"2017-07-05 13:23:17","active":"1"},{"id":"12","name":"NAIROBI","countryId":"2","location":"Nairobi","supervisorId":"3","createdBy":"3","ts":"2017-07-06 14:12:35","active":"1"}],"countries":[{"id":"1","name":"UGANDA","createdBy":"1","ts":"2017-06-25 23:13:31","active":"1"},{"id":"2","name":"KENYA","createdBy":"1","ts":"2017-06-26 09:02:45","active":"1"},{"id":"3","name":"TZ","createdBy":"1","ts":"2017-06-28 11:11:53","active":"1"},{"id":"4","name":"CONGO","createdBy":"1","ts":"2017-06-28 11:26:11","active":"1"},{"id":"5","name":"CHINA","createdBy":"1","ts":"2017-06-28 11:30:01","active":"1"},{"id":"6","name":"UAE","createdBy":"1","ts":"2017-07-05 00:00:00","active":"1"}],"ids":[[{"id":"1","name":"Passport","createdBy":"1","ts":"2017-06-28 14:00:01","active":"1"},{"id":"2","name":"National ID","createdBy":"1","ts":"2017-06-28 14:00:01","active":"1"},{"id":"3","name":"STUDENTS ID","createdBy":"1","ts":"2017-06-28 16:21:46","active":"1"}]],"users":[{"id":"1","firstName":"You","surname":"Jinshu","email":"hudsonbogere@swipeit.co.ug","phone":"256783131266","userName":"you","branchId":"0","userTypeId":"1","password":"$2y$10$pPGbhJ1RXx\/ug.ED3LnsQuKHJTqwYsa\/iF0OqGOgsjflkHKIDTLVq","sessionId":"","ipAddress":"197.239.37.240","createdBy":null,"ts":"2017-06-23 15:08:12","active":"1"},{"id":"2","firstName":"Nansubuga","surname":"Dorothy","email":"henry@gmail.com","phone":"256752284441","userName":"dorah","branchId":"12","userTypeId":"3","password":"$2y$10$m72Zz8Z.h4\/Zp6TFDhmbXeQ79kZ7JJ2U0yLUanc0dDVxbc.5UPkRG","sessionId":"","ipAddress":"197.157.34.185","createdBy":"1","ts":"2017-06-26 19:11:07","active":"1"},{"id":"3","firstName":"Lydia","surname":"Amoi","email":"islam@gmail.com","phone":"256777608310","userName":"lydia","branchId":"6","userTypeId":"2","password":"$2y$10$m72Zz8Z.h4\/Zp6TFDhmbXeQ79kZ7JJ2U0yLUanc0dDVxbc.5UPkRG","sessionId":"pTrMnmurzLykEhsrq8Vhn4ajn6LUywtY","ipAddress":"41.75.174.194","createdBy":"1","ts":"2017-06-26 19:41:01","active":"1"},{"id":"4","firstName":"Nabukera","surname":"Maria","email":"banerd@tfb.com","phone":"256774457813","userName":"maria","branchId":"5","userTypeId":"3","password":"$2y$10$wTpUE\/WJFMfQaBglrQocTO9ndV6dbxL2vzFDEJZ1hpVVp4binpXGO","sessionId":"","ipAddress":"197.157.34.185","createdBy":"1","ts":"2017-06-26 23:04:07","active":"1"},{"id":"5","firstName":"Henry","surname":"Bbosa","email":null,"phone":null,"userName":"henry","branchId":"11","userTypeId":"3","password":"$2y$10$m72Zz8Z.h4\/Zp6TFDhmbXeQ79kZ7JJ2U0yLUanc0dDVxbc.5UPkRG","sessionId":"","ipAddress":"197.157.34.185","createdBy":"1","ts":"2017-07-05 00:00:00","active":"1"}],"accounts":[{"id":"16","name":"KINSHASHA-USD Account","branchId":"5","currency_id":"2"},{"id":"20","name":"OASIS MALL-RMB Account","branchId":"6","currency_id":"1"},{"id":"21","name":"OASIS MALL-USD Account","branchId":"6","currency_id":"2"},{"id":"22","name":"OASIS MALL-DIRHAM Account","branchId":"6","currency_id":"3"},{"id":"23","name":"OASIS MALL-UGX Account","branchId":"6","currency_id":"4"},{"id":"24","name":"OASIS MALL-KSH Account","branchId":"6","currency_id":"5"},{"id":"27","name":"CHINA-RMB Account","branchId":"11","currency_id":"1"},{"id":"28","name":"CHINA-USD Account","branchId":"11","currency_id":"2"},{"id":"33","name":"NAIROBI-USD Account","branchId":"12","currency_id":"2"},{"id":"36","name":"NAIROBI-KSH Account","branchId":"12","currency_id":"5"}],"currencies":[{"id":"1","name":"RMB","symbol":"\u00c2\u00a5","createdBy":"1","ts":"2017-06-27 22:45:12","active":"1"},{"id":"2","name":"USD","symbol":"$","createdBy":"1","ts":"2017-06-27 22:45:12","active":"1"},{"id":"3","name":"DIRHAM","symbol":"","createdBy":"1","ts":"2017-06-28 11:40:09","active":"1"},{"id":"4","name":"UGX","symbol":"\/=","createdBy":"1","ts":"2017-06-28 11:46:50","active":"1"},{"id":"5","name":"KSH","symbol":"","createdBy":"1","ts":"2017-06-28 11:46:50","active":"1"}],"superaccount":[{"id":"1","name":"RMB Account","branchId":"0","type_id":"4","currency_id":"1","balance":"0","createdBy":"1","active":"1","ts":"2017-06-27 22:45:12"}],"accountTypes":[{"id":"1","type":"Transfer","description":"","createdBy":"1","ts":"2017-06-28 14:31:12","active":"1"},{"id":"2","type":"Suspense","description":"","createdBy":"1","ts":"2017-06-28 14:31:12","active":"1"},{"id":"4","type":"Super","description":"","createdBy":"1","ts":"2017-06-28 14:31:12","active":"1"}],"userTypes":[{"id":"1","name":"E-Value Admin","level":"1","ts":"2017-06-27 22:45:12","active":"1"},{"id":"2","name":"Super User","level":"2","ts":"2017-06-27 22:45:12","active":"1"},{"id":"3","name":"Agent","level":"3","ts":"2017-06-27 22:45:12","active":"1"},{"id":"4","name":"System Admin","level":"4","ts":"2017-06-27 22:45:12","active":"1"}]},"success":1}
2017-07-08 19:56:21 ---- New Request ----
2017-07-08 19:56:21 Controller : Transfers
2017-07-08 19:56:21 Method : getbalancesAction
2017-07-08 19:56:21 Controller File : controllers/Transfers.class.php, Exists
2017-07-08 19:56:21 Class constructed
2017-07-08 19:56:21 Class constructed
2017-07-08 19:56:21 UserID : 3
SessionId : pTrMnmurzLykEhsrq8Vhn4ajn6LUywtY
Branch ID : 12
Date : 
2017-07-08 19:56:21 SELECT SQL : SELECT sessionId,branchId,userTypeId FROM users WHERE  id = '3'  
2017-07-08 19:56:21 SELECT SQL : SELECT closingBalance,openingBalance,accountId,branchId,date FROM balances WHERE  date = '2017-07-08' AND branchId = '12'  
2017-07-08 19:56:21 SELECT SQL : SELECT name FROM accounts WHERE  id = '33'  
2017-07-08 19:56:21 SELECT SQL : SELECT name FROM branches WHERE  id = '12'  
2017-07-08 19:56:21 SELECT SQL : SELECT name FROM accounts WHERE  id = '36'  
2017-07-08 19:56:21 SELECT SQL : SELECT name FROM branches WHERE  id = '12'  
2017-07-08 19:56:21 Response : {"success":1,"data":[{"closingBalance":"6705","openingBalance":"6705","accountId":"33","branchId":"12","date":"2017-07-08","accountName":"NAIROBI-USD Account","branchName":"NAIROBI"},{"closingBalance":"1562460","openingBalance":"1562460","accountId":"36","branchId":"12","date":"2017-07-08","accountName":"NAIROBI-KSH Account","branchName":"NAIROBI"}]}
