2017-07-13 17:07:08 ---- New Request ----
2017-07-13 17:07:08 Controller : Users
2017-07-13 17:07:08 Method : loginAction
2017-07-13 17:07:08 Controller File : controllers/Users.class.php, Exists
2017-07-13 17:07:08 Class constructed
2017-07-13 17:07:08 Login Params ;Username :lydia
Password : ******
2017-07-13 17:07:08 SELECT SQL : SELECT id,firstName,surname,userName,userTypeId,sessionId,password,active,branchId FROM users WHERE  userName = 'lydia'  
2017-07-13 17:07:08 SELECT SQL : SELECT name FROM branches WHERE  id = '6'  
2017-07-13 17:07:08 UPDATE SQL : UPDATE users SET sessionId = 'emQHzzDpRHpWPQAG6dgoSTxxOVXqWjN7',ipAddress = '160.242.146.119' WHERE  id = '3' 
2017-07-13 17:07:08 Response : {"success":1,"data":{"id":"3","firstName":"Lydia","surname":"Amoi","userName":"lydia","userTypeId":"2","sessionId":"emQHzzDpRHpWPQAG6dgoSTxxOVXqWjN7","branchId":"6","branchName":"OASIS MALL"}}
2017-07-13 17:07:10 ---- New Request ----
2017-07-13 17:07:10 Controller : Users
2017-07-13 17:07:10 Method : formsdetailsAction
2017-07-13 17:07:10 Controller File : controllers/Users.class.php, Exists
2017-07-13 17:07:10 Class constructed
2017-07-13 17:07:10 Details Params :
SessionID :emQHzzDpRHpWPQAG6dgoSTxxOVXqWjN7
User ID : 3
2017-07-13 17:07:10 SELECT SQL : SELECT * FROM branches WHERE  active = '1'  
2017-07-13 17:07:10 SELECT SQL : SELECT * FROM countries WHERE  active = '1'  
2017-07-13 17:07:10 SELECT SQL : SELECT * FROM identification WHERE  active = '1'  
2017-07-13 17:07:10 SELECT SQL : SELECT * FROM users WHERE  active = '1'  
2017-07-13 17:07:10 SELECT SQL : SELECT id,name,branchId,currency_id FROM accounts WHERE  active = '1' AND type_id = '1'  
2017-07-13 17:07:10 Balance Update Params :
Branch Id : 5
Account ID : 16
Amount : 0
2017-07-13 17:07:10 SELECT SQL : SELECT * FROM balances WHERE  branchId = '5' AND accountId = '16'  
2017-07-13 17:07:10 SELECT SQL : SELECT * FROM balances WHERE  branchId = '5' AND accountId = '16' AND date = '2017-07-13'  
2017-07-13 17:07:10 UPDATE SQL : UPDATE balances SET closingBalance = '431989' WHERE  branchId = '5' AND accountId = '16' AND date = '2017-07-13' 
2017-07-13 17:07:10 Balance Update Status 2:1
 2017-07-13 17:07:10 Balance Update Params :
Branch Id : 6
Account ID : 20
Amount : 0
2017-07-13 17:07:10 SELECT SQL : SELECT * FROM balances WHERE  branchId = '6' AND accountId = '20'  
2017-07-13 17:07:10 Balance Update Params :
Branch Id : 6
Account ID : 21
Amount : 0
2017-07-13 17:07:10 SELECT SQL : SELECT * FROM balances WHERE  branchId = '6' AND accountId = '21'  
2017-07-13 17:07:10 SELECT SQL : SELECT * FROM balances WHERE  branchId = '6' AND accountId = '21' AND date = '2017-07-13'  
2017-07-13 17:07:10 UPDATE SQL : UPDATE balances SET closingBalance = '205010' WHERE  branchId = '6' AND accountId = '21' AND date = '2017-07-13' 
2017-07-13 17:07:10 Balance Update Status 2:1
 2017-07-13 17:07:10 Balance Update Params :
Branch Id : 6
Account ID : 22
Amount : 0
2017-07-13 17:07:10 SELECT SQL : SELECT * FROM balances WHERE  branchId = '6' AND accountId = '22'  
2017-07-13 17:07:10 Balance Update Params :
Branch Id : 6
Account ID : 23
Amount : 0
2017-07-13 17:07:10 SELECT SQL : SELECT * FROM balances WHERE  branchId = '6' AND accountId = '23'  
2017-07-13 17:07:10 SELECT SQL : SELECT * FROM balances WHERE  branchId = '6' AND accountId = '23' AND date = '2017-07-13'  
2017-07-13 17:07:10 UPDATE SQL : UPDATE balances SET closingBalance = '111321519' WHERE  branchId = '6' AND accountId = '23' AND date = '2017-07-13' 
2017-07-13 17:07:10 Balance Update Status 2:1
 2017-07-13 17:07:10 Balance Update Params :
Branch Id : 6
Account ID : 24
Amount : 0
2017-07-13 17:07:10 SELECT SQL : SELECT * FROM balances WHERE  branchId = '6' AND accountId = '24'  
2017-07-13 17:07:10 Balance Update Params :
Branch Id : 11
Account ID : 27
Amount : 0
2017-07-13 17:07:10 SELECT SQL : SELECT * FROM balances WHERE  branchId = '11' AND accountId = '27'  
2017-07-13 17:07:10 SELECT SQL : SELECT * FROM balances WHERE  branchId = '11' AND accountId = '27' AND date = '2017-07-13'  
2017-07-13 17:07:10 UPDATE SQL : UPDATE balances SET closingBalance = '-1072373.0692236' WHERE  branchId = '11' AND accountId = '27' AND date = '2017-07-13' 
2017-07-13 17:07:10 Balance Update Status 2:1
 2017-07-13 17:07:10 Balance Update Params :
Branch Id : 11
Account ID : 28
Amount : 0
2017-07-13 17:07:10 SELECT SQL : SELECT * FROM balances WHERE  branchId = '11' AND accountId = '28'  
2017-07-13 17:07:10 Balance Update Params :
Branch Id : 12
Account ID : 33
Amount : 0
2017-07-13 17:07:10 SELECT SQL : SELECT * FROM balances WHERE  branchId = '12' AND accountId = '33'  
2017-07-13 17:07:10 SELECT SQL : SELECT * FROM balances WHERE  branchId = '12' AND accountId = '33' AND date = '2017-07-13'  
2017-07-13 17:07:10 UPDATE SQL : UPDATE balances SET closingBalance = '-42901' WHERE  branchId = '12' AND accountId = '33' AND date = '2017-07-13' 
2017-07-13 17:07:10 Balance Update Status 2:1
 2017-07-13 17:07:10 Balance Update Params :
Branch Id : 12
Account ID : 36
Amount : 0
2017-07-13 17:07:10 SELECT SQL : SELECT * FROM balances WHERE  branchId = '12' AND accountId = '36'  
2017-07-13 17:07:10 SELECT SQL : SELECT * FROM balances WHERE  branchId = '12' AND accountId = '36' AND date = '2017-07-13'  
2017-07-13 17:07:10 UPDATE SQL : UPDATE balances SET closingBalance = '4816527' WHERE  branchId = '12' AND accountId = '36' AND date = '2017-07-13' 
2017-07-13 17:07:10 Balance Update Status 2:1
 2017-07-13 17:07:10 Balance Update Params :
Branch Id : 7
Account ID : 37
Amount : 0
2017-07-13 17:07:10 SELECT SQL : SELECT * FROM balances WHERE  branchId = '7' AND accountId = '37'  
2017-07-13 17:07:10 SELECT SQL : SELECT * FROM balances WHERE  branchId = '7' AND accountId = '37' AND date = '2017-07-13'  
2017-07-13 17:07:10 UPDATE SQL : UPDATE balances SET closingBalance = '98595' WHERE  branchId = '7' AND accountId = '37' AND date = '2017-07-13' 
2017-07-13 17:07:10 Balance Update Status 2:1
 2017-07-13 17:07:10 SELECT SQL : SELECT * FROM currencies WHERE  active = '1'  
2017-07-13 17:07:10 SELECT SQL : SELECT * FROM accounts WHERE  active = '1' AND type_id = '4'  
2017-07-13 17:07:10 SELECT SQL : SELECT * FROM account_types WHERE  active = '1'  
2017-07-13 17:07:10 SELECT SQL : SELECT * FROM user_types WHERE  active = '1'  
2017-07-13 17:07:10 Response : {"data":{"branches":[{"id":"5","name":"KINSHASHA","countryId":"4","location":"Patrice Avenue","supervisorId":"3","createdBy":"4","ts":"2017-06-30 00:06:55","active":"1"},{"id":"6","name":"OASIS MALL","countryId":"1","location":"Yusufu Lule Rd","supervisorId":"3","createdBy":"2","ts":"2017-06-30 00:12:08","active":"1"},{"id":"7","name":"GOMA","countryId":"4","location":"Goma","supervisorId":"3","createdBy":"1","ts":"2017-07-05 00:00:00","active":"1"},{"id":"9","name":"MOMBASA","countryId":"2","location":"Mombasa","supervisorId":"3","createdBy":"1","ts":"2017-07-05 00:00:00","active":"1"},{"id":"10","name":"DUBAI","countryId":"6","location":"Dubai","supervisorId":"3","createdBy":"1","ts":"2017-07-05 00:00:00","active":"1"},{"id":"11","name":"CHINA","countryId":"5","location":"China","supervisorId":"3","createdBy":"3","ts":"2017-07-05 13:23:17","active":"1"},{"id":"12","name":"NAIROBI","countryId":"2","location":"Nairobi","supervisorId":"3","createdBy":"3","ts":"2017-07-06 14:12:35","active":"1"}],"countries":[{"id":"1","name":"UGANDA","createdBy":"1","ts":"2017-06-25 23:13:31","active":"1"},{"id":"2","name":"KENYA","createdBy":"1","ts":"2017-06-26 09:02:45","active":"1"},{"id":"3","name":"TZ","createdBy":"1","ts":"2017-06-28 11:11:53","active":"1"},{"id":"4","name":"CONGO","createdBy":"1","ts":"2017-06-28 11:26:11","active":"1"},{"id":"5","name":"CHINA","createdBy":"1","ts":"2017-06-28 11:30:01","active":"1"},{"id":"6","name":"UAE","createdBy":"1","ts":"2017-07-05 00:00:00","active":"1"}],"ids":[[{"id":"1","name":"Passport","createdBy":"1","ts":"2017-06-28 14:00:01","active":"1"},{"id":"2","name":"National ID","createdBy":"1","ts":"2017-06-28 14:00:01","active":"1"},{"id":"3","name":"STUDENTS ID","createdBy":"1","ts":"2017-06-28 16:21:46","active":"1"}]],"users":[{"id":"1","firstName":"You","surname":"Jinshu","email":"hudsonbogere@swipeit.co.ug","phone":"256783131266","userName":"you","branchId":"0","userTypeId":"1","password":"$2y$10$pPGbhJ1RXx\/ug.ED3LnsQuKHJTqwYsa\/iF0OqGOgsjflkHKIDTLVq","sessionId":"","ipAddress":"197.239.37.240","createdBy":null,"ts":"2017-06-23 15:08:12","active":"1"},{"id":"2","firstName":"Nansubuga","surname":"Dorothy","email":"henry@gmail.com","phone":"256752284441","userName":"dorah","branchId":"12","userTypeId":"3","password":"$2y$10$m72Zz8Z.h4\/Zp6TFDhmbXeQ79kZ7JJ2U0yLUanc0dDVxbc.5UPkRG","sessionId":"ZzqoqXLvIHiLfWPvR5n0iYqfI0l3SyXi","ipAddress":"197.157.0.30","createdBy":"1","ts":"2017-06-26 19:11:07","active":"1"},{"id":"3","firstName":"Lydia","surname":"Amoi","email":"islam@gmail.com","phone":"256777608310","userName":"lydia","branchId":"6","userTypeId":"2","password":"$2y$10$m72Zz8Z.h4\/Zp6TFDhmbXeQ79kZ7JJ2U0yLUanc0dDVxbc.5UPkRG","sessionId":"emQHzzDpRHpWPQAG6dgoSTxxOVXqWjN7","ipAddress":"160.242.146.119","createdBy":"1","ts":"2017-06-26 19:41:01","active":"1"},{"id":"4","firstName":"Nabukera","surname":"Maria","email":"banerd@tfb.com","phone":"256774457813","userName":"maria","branchId":"5","userTypeId":"3","password":"$2y$10$wTpUE\/WJFMfQaBglrQocTO9ndV6dbxL2vzFDEJZ1hpVVp4binpXGO","sessionId":"0SP0feECFf00VEzHjCyiYQ6U1soq4VKd","ipAddress":"197.157.0.30","createdBy":"1","ts":"2017-06-26 23:04:07","active":"1"},{"id":"5","firstName":"Henry","surname":"Bbosa","email":null,"phone":null,"userName":"henry","branchId":"11","userTypeId":"3","password":"$2y$10$m72Zz8Z.h4\/Zp6TFDhmbXeQ79kZ7JJ2U0yLUanc0dDVxbc.5UPkRG","sessionId":"B7Jvxy4i7CF1ccrrfFPeNdDXCEWHWJYa","ipAddress":"197.157.0.30","createdBy":"1","ts":"2017-07-05 00:00:00","active":"1"},{"id":"6","firstName":"Edwin","surname":"Kakeeto","email":"edwin@edwin.com","phone":"0777777557","userName":"edwin","branchId":"7","userTypeId":"3","password":"$2y$10$m72Zz8Z.h4\/Zp6TFDhmbXeQ79kZ7JJ2U0yLUanc0dDVxbc.5UPkRG","sessionId":"YrWMOJ1kjG2mfBc1WxRmk51J4Agr24N4","ipAddress":"197.157.0.30","createdBy":"3","ts":"2017-07-10 07:37:50","active":"1"}],"accounts":[{"id":"16","name":"KINSHASHA-USD Account","branchId":"5","currency_id":"2"},{"id":"20","name":"OASIS MALL-RMB Account","branchId":"6","currency_id":"1"},{"id":"21","name":"OASIS MALL-USD Account","branchId":"6","currency_id":"2"},{"id":"22","name":"OASIS MALL-DIRHAM Account","branchId":"6","currency_id":"3"},{"id":"23","name":"OASIS MALL-UGX Account","branchId":"6","currency_id":"4"},{"id":"24","name":"OASIS MALL-KSH Account","branchId":"6","currency_id":"5"},{"id":"27","name":"CHINA-RMB Account","branchId":"11","currency_id":"1"},{"id":"28","name":"CHINA-USD Account","branchId":"11","currency_id":"2"},{"id":"33","name":"NAIROBI-USD Account","branchId":"12","currency_id":"2"},{"id":"36","name":"NAIROBI-KSH Account","branchId":"12","currency_id":"5"},{"id":"37","name":"GOMA-USD ACCOUNT","branchId":"7","currency_id":"2"}],"currencies":[{"id":"1","name":"RMB","symbol":"\u00c2\u00a5","createdBy":"1","ts":"2017-06-27 22:45:12","active":"1"},{"id":"2","name":"USD","symbol":"$","createdBy":"1","ts":"2017-06-27 22:45:12","active":"1"},{"id":"3","name":"DIRHAM","symbol":"","createdBy":"1","ts":"2017-06-28 11:40:09","active":"1"},{"id":"4","name":"UGX","symbol":"\/=","createdBy":"1","ts":"2017-06-28 11:46:50","active":"1"},{"id":"5","name":"KSH","symbol":"","createdBy":"1","ts":"2017-06-28 11:46:50","active":"1"}],"superaccount":[{"id":"1","name":"RMB Account","branchId":"0","type_id":"4","currency_id":"1","balance":"0","createdBy":"1","active":"1","ts":"2017-06-27 22:45:12"}],"accountTypes":[{"id":"1","type":"Transfer","description":"","createdBy":"1","ts":"2017-06-28 14:31:12","active":"1"},{"id":"2","type":"Suspense","description":"","createdBy":"1","ts":"2017-06-28 14:31:12","active":"1"},{"id":"4","type":"Super","description":"","createdBy":"1","ts":"2017-06-28 14:31:12","active":"1"}],"userTypes":[{"id":"1","name":"E-Value Admin","level":"1","ts":"2017-06-27 22:45:12","active":"1"},{"id":"2","name":"Super User","level":"2","ts":"2017-06-27 22:45:12","active":"1"},{"id":"3","name":"Agent","level":"3","ts":"2017-06-27 22:45:12","active":"1"},{"id":"4","name":"System Admin","level":"4","ts":"2017-06-27 22:45:12","active":"1"}]},"success":1}
2017-07-13 17:07:47 ---- New Request ----
2017-07-13 17:07:47 Controller : Reports
2017-07-13 17:07:47 Method : gettransferlogsAction
2017-07-13 17:07:47 Controller File : controllers/Reports.class.php, Exists
2017-07-13 17:07:47 Class constructed
2017-07-13 17:07:47 Class constructed
2017-07-13 17:07:47 UserID : 3
SessionId : emQHzzDpRHpWPQAG6dgoSTxxOVXqWjN7
Branch ID : 5
Date : 
Account ID : 
2017-07-13 17:07:47 SELECT SQL : SELECT sessionId,branchId,userTypeId FROM users WHERE  id = '3'  
2017-07-13 17:07:47 SELECT SQL : SELECT id,fromBranch,toBranch,amount,currency,charge,transferRef,userIdSource,userIdDestination,ts,withdrawTs,status,senderFname,senderSurname,senderPhone,senderEmail,receiverFname,receiverSurname,receiverPhone,receiverAccountNumber,destinationCountryId FROM transfers WHERE  fromBranch = '5'  OR toBranch = '5'  ORDER BY ts DESC LIMIT 20
2017-07-13 17:07:47 SELECT SQL : SELECT name FROM branches WHERE  id = '7'  
2017-07-13 17:07:47 SELECT SQL : SELECT name FROM branches WHERE  id = '5'  
2017-07-13 17:07:47 SELECT SQL : SELECT name FROM currencies WHERE  id = '5'  
2017-07-13 17:07:47 SELECT SQL : SELECT userName FROM users WHERE  id = '6'  
2017-07-13 17:07:47 SELECT SQL : SELECT userName FROM users WHERE  id = '4'  
2017-07-13 17:07:47 SELECT SQL : SELECT name FROM countries WHERE  id = '4'  
2017-07-13 17:07:47 SELECT SQL : SELECT name FROM branches WHERE  id = '7'  
2017-07-13 17:07:47 SELECT SQL : SELECT name FROM branches WHERE  id = '5'  
2017-07-13 17:07:47 SELECT SQL : SELECT name FROM currencies WHERE  id = '5'  
2017-07-13 17:07:47 SELECT SQL : SELECT userName FROM users WHERE  id = '6'  
2017-07-13 17:07:47 SELECT SQL : SELECT userName FROM users WHERE  id = '4'  
2017-07-13 17:07:47 SELECT SQL : SELECT name FROM countries WHERE  id = '4'  
2017-07-13 17:07:47 SELECT SQL : SELECT name FROM branches WHERE  id = '5'  
2017-07-13 17:07:47 SELECT SQL : SELECT name FROM branches WHERE  id = '7'  
2017-07-13 17:07:47 SELECT SQL : SELECT name FROM currencies WHERE  id = '7'  
2017-07-13 17:07:47 SELECT SQL : SELECT userName FROM users WHERE  id = '4'  
2017-07-13 17:07:47 SELECT SQL : SELECT userName FROM users WHERE  id = '6'  
2017-07-13 17:07:47 SELECT SQL : SELECT name FROM countries WHERE  id = '4'  
2017-07-13 17:07:47 SELECT SQL : SELECT name FROM branches WHERE  id = '5'  
2017-07-13 17:07:47 SELECT SQL : SELECT name FROM branches WHERE  id = '11'  
2017-07-13 17:07:47 SELECT SQL : SELECT name FROM currencies WHERE  id = '11'  
2017-07-13 17:07:47 SELECT SQL : SELECT userName FROM users WHERE  id = '4'  
2017-07-13 17:07:47 SELECT SQL : SELECT userName FROM users WHERE  id = '5'  
2017-07-13 17:07:47 SELECT SQL : SELECT name FROM countries WHERE  id = '5'  
2017-07-13 17:07:47 SELECT SQL : SELECT name FROM branches WHERE  id = '5'  
2017-07-13 17:07:47 SELECT SQL : SELECT name FROM branches WHERE  id = '11'  
2017-07-13 17:07:47 SELECT SQL : SELECT name FROM currencies WHERE  id = '11'  
2017-07-13 17:07:47 SELECT SQL : SELECT userName FROM users WHERE  id = '4'  
2017-07-13 17:07:47 SELECT SQL : SELECT userName FROM users WHERE  id = '5'  
2017-07-13 17:07:47 SELECT SQL : SELECT name FROM countries WHERE  id = '5'  
2017-07-13 17:07:47 SELECT SQL : SELECT name FROM branches WHERE  id = '5'  
2017-07-13 17:07:47 SELECT SQL : SELECT name FROM branches WHERE  id = '11'  
2017-07-13 17:07:47 SELECT SQL : SELECT name FROM currencies WHERE  id = '11'  
2017-07-13 17:07:47 SELECT SQL : SELECT userName FROM users WHERE  id = '4'  
2017-07-13 17:07:47 SELECT SQL : SELECT userName FROM users WHERE  id = '5'  
2017-07-13 17:07:47 SELECT SQL : SELECT name FROM countries WHERE  id = '5'  
2017-07-13 17:07:47 SELECT SQL : SELECT name FROM branches WHERE  id = '5'  
2017-07-13 17:07:47 SELECT SQL : SELECT name FROM branches WHERE  id = '11'  
2017-07-13 17:07:47 SELECT SQL : SELECT name FROM currencies WHERE  id = '11'  
2017-07-13 17:07:47 SELECT SQL : SELECT userName FROM users WHERE  id = '4'  
2017-07-13 17:07:47 SELECT SQL : SELECT userName FROM users WHERE  id = '5'  
2017-07-13 17:07:47 SELECT SQL : SELECT name FROM countries WHERE  id = '5'  
2017-07-13 17:07:47 SELECT SQL : SELECT name FROM branches WHERE  id = '5'  
2017-07-13 17:07:47 SELECT SQL : SELECT name FROM branches WHERE  id = '11'  
2017-07-13 17:07:47 SELECT SQL : SELECT name FROM currencies WHERE  id = '11'  
2017-07-13 17:07:47 SELECT SQL : SELECT userName FROM users WHERE  id = '4'  
2017-07-13 17:07:47 SELECT SQL : SELECT userName FROM users WHERE  id = '5'  
2017-07-13 17:07:47 SELECT SQL : SELECT name FROM countries WHERE  id = '5'  
2017-07-13 17:07:47 Response : {"success":1,"data":[{"id":"17","fromBranch":"7","toBranch":"5","amount":"20000","currency":"KSH","charge":null,"transferRef":"00704617","userIdSource":"6","userIdDestination":"4","ts":"2017-07-13 07:50:24","withdrawTs":"2017-07-13 10:07:46","status":"Success","senderFname":"","senderSurname":"edwin","senderPhone":"0776000064","senderEmail":"","receiverFname":"maria","receiverSurname":"maria","receiverPhone":"0776000064","receiverAccountNumber":null,"destinationCountryId":"4","fromBranchName":"GOMA","toBranchName":"KINSHASHA","agentSource":"edwin","agentDestination":"maria","destinationCountry":null},{"id":"16","fromBranch":"7","toBranch":"5","amount":"30000","currency":"KSH","charge":null,"transferRef":"00704616","userIdSource":"6","userIdDestination":"4","ts":"2017-07-13 07:49:04","withdrawTs":"2017-07-13 10:07:31","status":"Success","senderFname":"","senderSurname":"edwin","senderPhone":"0776000064","senderEmail":"","receiverFname":"maria","receiverSurname":"maria","receiverPhone":"0776000064","receiverAccountNumber":null,"destinationCountryId":"4","fromBranchName":"GOMA","toBranchName":"KINSHASHA","agentSource":"edwin","agentDestination":"maria","destinationCountry":null},{"id":"12","fromBranch":"5","toBranch":"7","amount":"30000","currency":null,"charge":null,"transferRef":"00504412","userIdSource":"4","userIdDestination":"6","ts":"2017-07-13 07:33:46","withdrawTs":"2017-07-13 10:07:06","status":"Success","senderFname":"","senderSurname":"maria","senderPhone":"0776000064","senderEmail":"","receiverFname":"edwin","receiverSurname":"edwin","receiverPhone":"0776000064","receiverAccountNumber":null,"destinationCountryId":"4","fromBranchName":"KINSHASHA","toBranchName":"GOMA","agentSource":"maria","agentDestination":"edwin","destinationCountry":null},{"id":"11","fromBranch":"5","toBranch":"11","amount":"3000","currency":null,"charge":"45","transferRef":"00505411","userIdSource":"4","userIdDestination":"5","ts":"2017-07-13 07:19:52","withdrawTs":"2017-07-13 10:07:08","status":"Success","senderFname":"","senderSurname":"maria","senderPhone":"0776000064","senderEmail":"","receiverFname":"huang","receiverSurname":"mei","receiverPhone":"0776000064","receiverAccountNumber":"6216617512000218037","destinationCountryId":"5","fromBranchName":"KINSHASHA","toBranchName":"CHINA","agentSource":"maria","agentDestination":"henry","destinationCountry":null},{"id":"10","fromBranch":"5","toBranch":"11","amount":"60000","currency":null,"charge":"900","transferRef":"00505410","userIdSource":"4","userIdDestination":"5","ts":"2017-07-13 07:18:32","withdrawTs":"2017-07-13 10:07:55","status":"Success","senderFname":"","senderSurname":"maria","senderPhone":"0776000064","senderEmail":"","receiverFname":"yan","receiverSurname":"mengguo","receiverPhone":"0776000064","receiverAccountNumber":"622908117188747311","destinationCountryId":"5","fromBranchName":"KINSHASHA","toBranchName":"CHINA","agentSource":"maria","agentDestination":"henry","destinationCountry":null},{"id":"9","fromBranch":"5","toBranch":"11","amount":"30000","currency":null,"charge":"495","transferRef":"0050549","userIdSource":"4","userIdDestination":"5","ts":"2017-07-13 07:17:03","withdrawTs":"2017-07-13 10:07:20","status":"Success","senderFname":"","senderSurname":"maria","senderPhone":"0776000064","senderEmail":"","receiverFname":"fang","receiverSurname":"boyang","receiverPhone":"0776000064","receiverAccountNumber":"6217003320045975169","destinationCountryId":"5","fromBranchName":"KINSHASHA","toBranchName":"CHINA","agentSource":"maria","agentDestination":"henry","destinationCountry":null},{"id":"8","fromBranch":"5","toBranch":"11","amount":"9481","currency":null,"charge":"142","transferRef":"0050548","userIdSource":"4","userIdDestination":"5","ts":"2017-07-13 07:15:42","withdrawTs":"2017-07-13 10:07:59","status":"Success","senderFname":"","senderSurname":"maria","senderPhone":"0776000064","senderEmail":"","receiverFname":"yu","receiverSurname":"liangwu","receiverPhone":"0776000064","receiverAccountNumber":"6212261613000605203","destinationCountryId":"5","fromBranchName":"KINSHASHA","toBranchName":"CHINA","agentSource":"maria","agentDestination":"henry","destinationCountry":null},{"id":"7","fromBranch":"5","toBranch":"11","amount":"10000","currency":null,"charge":"150","transferRef":"0050547","userIdSource":"4","userIdDestination":"5","ts":"2017-07-13 07:13:57","withdrawTs":"2017-07-13 10:07:20","status":"Success","senderFname":"","senderSurname":"maria","senderPhone":"0776000064","senderEmail":"","receiverFname":"wang","receiverSurname":"zhenfeng","receiverPhone":"0776000064","receiverAccountNumber":"6230785200000482251","destinationCountryId":"5","fromBranchName":"KINSHASHA","toBranchName":"CHINA","agentSource":"maria","agentDestination":"henry","destinationCountry":null}]}
2017-07-13 17:08:37 ---- New Request ----
2017-07-13 17:08:37 Controller : Reports
2017-07-13 17:08:37 Method : gettransferlogsAction
2017-07-13 17:08:37 Controller File : controllers/Reports.class.php, Exists
2017-07-13 17:08:37 Class constructed
2017-07-13 17:08:37 Class constructed
2017-07-13 17:08:37 UserID : 3
SessionId : emQHzzDpRHpWPQAG6dgoSTxxOVXqWjN7
Branch ID : 6
Date : 
Account ID : 
2017-07-13 17:08:37 SELECT SQL : SELECT sessionId,branchId,userTypeId FROM users WHERE  id = '3'  
2017-07-13 17:08:37 SELECT SQL : SELECT id,fromBranch,toBranch,amount,currency,charge,transferRef,userIdSource,userIdDestination,ts,withdrawTs,status,senderFname,senderSurname,senderPhone,senderEmail,receiverFname,receiverSurname,receiverPhone,receiverAccountNumber,destinationCountryId FROM transfers WHERE  fromBranch = '6'  OR toBranch = '6'  ORDER BY ts DESC LIMIT 20
2017-07-13 17:08:37 SELECT SQL : SELECT name FROM branches WHERE  id = '7'  
2017-07-13 17:08:37 SELECT SQL : SELECT name FROM branches WHERE  id = '6'  
2017-07-13 17:08:37 SELECT SQL : SELECT name FROM currencies WHERE  id = '6'  
2017-07-13 17:08:37 SELECT SQL : SELECT userName FROM users WHERE  id = '6'  
2017-07-13 17:08:37 SELECT SQL : SELECT userName FROM users WHERE  id = '3'  
2017-07-13 17:08:37 SELECT SQL : SELECT name FROM countries WHERE  id = '1'  
2017-07-13 17:08:37 SELECT SQL : SELECT name FROM branches WHERE  id = '6'  
2017-07-13 17:08:37 SELECT SQL : SELECT name FROM branches WHERE  id = '12'  
2017-07-13 17:08:37 SELECT SQL : SELECT name FROM currencies WHERE  id = '12'  
2017-07-13 17:08:37 SELECT SQL : SELECT userName FROM users WHERE  id = '3'  
2017-07-13 17:08:37 SELECT SQL : SELECT userName FROM users WHERE  id = '2'  
2017-07-13 17:08:37 SELECT SQL : SELECT name FROM countries WHERE  id = '2'  
2017-07-13 17:08:37 Response : {"success":1,"data":[{"id":"19","fromBranch":"7","toBranch":"6","amount":"870","currency":null,"charge":"10","transferRef":"00701619","userIdSource":"6","userIdDestination":"3","ts":"2017-07-13 08:06:28","withdrawTs":"2017-07-13 11:07:42","status":"Success","senderFname":"","senderSurname":"DANIEL KATSUVA","senderPhone":"000243993851800","senderEmail":"","receiverFname":"FABRICE","receiverSurname":"KAPAKASI","receiverPhone":"0705566290","receiverAccountNumber":null,"destinationCountryId":"1","fromBranchName":"GOMA","toBranchName":"OASIS MALL","agentSource":"edwin","agentDestination":"lydia","destinationCountry":null},{"id":"5","fromBranch":"6","toBranch":"12","amount":"43000","currency":null,"charge":null,"transferRef":"0060235","userIdSource":"3","userIdDestination":"2","ts":"2017-07-13 07:05:29","withdrawTs":"2017-07-13 10:07:54","status":"Success","senderFname":"","senderSurname":"LIN","senderPhone":"0776000064","senderEmail":"","receiverFname":"GAN","receiverSurname":"WEI","receiverPhone":"0776000064","receiverAccountNumber":null,"destinationCountryId":"2","fromBranchName":"OASIS MALL","toBranchName":"NAIROBI","agentSource":"lydia","agentDestination":"dorah","destinationCountry":null}]}
2017-07-13 17:09:03 ---- New Request ----
2017-07-13 17:09:03 Controller : Transfers
2017-07-13 17:09:03 Method : getbalancesAction
2017-07-13 17:09:03 Controller File : controllers/Transfers.class.php, Exists
2017-07-13 17:09:03 Class constructed
2017-07-13 17:09:03 Class constructed
2017-07-13 17:09:03 UserID : 3
SessionId : emQHzzDpRHpWPQAG6dgoSTxxOVXqWjN7
Branch ID : 12
Date : 
2017-07-13 17:09:03 SELECT SQL : SELECT sessionId,branchId,userTypeId FROM users WHERE  id = '3'  
2017-07-13 17:09:03 SELECT SQL : SELECT closingBalance,openingBalance,accountId,branchId,date FROM balances WHERE  date = '2017-07-13' AND branchId = '12'  
2017-07-13 17:09:03 SELECT SQL : SELECT name FROM accounts WHERE  id = '33'  
2017-07-13 17:09:03 SELECT SQL : SELECT name FROM branches WHERE  id = '12'  
2017-07-13 17:09:03 SELECT SQL : SELECT name FROM accounts WHERE  id = '36'  
2017-07-13 17:09:03 SELECT SQL : SELECT name FROM branches WHERE  id = '12'  
2017-07-13 17:09:03 Response : {"success":1,"data":[{"closingBalance":"-42901","openingBalance":"99","accountId":"33","branchId":"12","date":"2017-07-13","accountName":"NAIROBI-USD Account","branchName":"NAIROBI"},{"closingBalance":"4816527","openingBalance":"53587","accountId":"36","branchId":"12","date":"2017-07-13","accountName":"NAIROBI-KSH Account","branchName":"NAIROBI"}]}
