2017-07-21 13:09:04 ---- New Request ----
2017-07-21 13:09:04 Controller : Users
2017-07-21 13:09:04 Method : formsdetailsAction
2017-07-21 13:09:04 Controller File : controllers/Users.class.php, Exists
2017-07-21 13:09:04 Class constructed
2017-07-21 13:09:04 Details Params :
SessionID :
User ID : 
2017-07-21 13:09:04 SELECT SQL : SELECT * FROM branches WHERE  active = '1'  
2017-07-21 13:09:04 SELECT SQL : SELECT * FROM countries WHERE  active = '1'  
2017-07-21 13:09:04 SELECT SQL : SELECT * FROM identification WHERE  active = '1'  
2017-07-21 13:09:04 SELECT SQL : SELECT * FROM users WHERE  active = '1'  
2017-07-21 13:09:04 SELECT SQL : SELECT id,name,branchId,currency_id FROM accounts WHERE  active = '1' AND type_id = '1'  
2017-07-21 13:09:04 Balance Update Params :
Branch Id : 5
Account ID : 16
Amount : 0
2017-07-21 13:09:04 SELECT SQL : SELECT * FROM balances WHERE  branchId = '5' AND accountId = '16'  
2017-07-21 13:09:04 SELECT SQL : SELECT * FROM balances WHERE  branchId = '5' AND accountId = '16' AND date = '2017-07-21'  
2017-07-21 13:09:04 UPDATE SQL : UPDATE balances SET closingBalance = '293496' WHERE  branchId = '5' AND accountId = '16' AND date = '2017-07-21' 
2017-07-21 13:09:04 Balance Update Status 2:1
 2017-07-21 13:09:04 Balance Update Params :
Branch Id : 6
Account ID : 20
Amount : 0
2017-07-21 13:09:04 SELECT SQL : SELECT * FROM balances WHERE  branchId = '6' AND accountId = '20'  
2017-07-21 13:09:04 Balance Update Params :
Branch Id : 6
Account ID : 21
Amount : 0
2017-07-21 13:09:04 SELECT SQL : SELECT * FROM balances WHERE  branchId = '6' AND accountId = '21'  
2017-07-21 13:09:04 SELECT SQL : SELECT * FROM balances WHERE  branchId = '6' AND accountId = '21' AND date = '2017-07-21'  
2017-07-21 13:09:04 UPDATE SQL : UPDATE balances SET closingBalance = '627698.05028101' WHERE  branchId = '6' AND accountId = '21' AND date = '2017-07-21' 
2017-07-21 13:09:04 Balance Update Status 2:1
 2017-07-21 13:09:04 Balance Update Params :
Branch Id : 6
Account ID : 22
Amount : 0
2017-07-21 13:09:04 SELECT SQL : SELECT * FROM balances WHERE  branchId = '6' AND accountId = '22'  
2017-07-21 13:09:04 Balance Update Params :
Branch Id : 6
Account ID : 23
Amount : 0
2017-07-21 13:09:04 SELECT SQL : SELECT * FROM balances WHERE  branchId = '6' AND accountId = '23'  
2017-07-21 13:09:04 SELECT SQL : SELECT * FROM balances WHERE  branchId = '6' AND accountId = '23' AND date = '2017-07-21'  
2017-07-21 13:09:04 UPDATE SQL : UPDATE balances SET closingBalance = '-113664482' WHERE  branchId = '6' AND accountId = '23' AND date = '2017-07-21' 
2017-07-21 13:09:04 Balance Update Status 2:1
 2017-07-21 13:09:04 Balance Update Params :
Branch Id : 6
Account ID : 24
Amount : 0
2017-07-21 13:09:04 SELECT SQL : SELECT * FROM balances WHERE  branchId = '6' AND accountId = '24'  
2017-07-21 13:09:04 Balance Update Params :
Branch Id : 11
Account ID : 27
Amount : 0
2017-07-21 13:09:04 SELECT SQL : SELECT * FROM balances WHERE  branchId = '11' AND accountId = '27'  
2017-07-21 13:09:04 SELECT SQL : SELECT * FROM balances WHERE  branchId = '11' AND accountId = '27' AND date = '2017-07-21'  
2017-07-21 13:09:04 UPDATE SQL : UPDATE balances SET closingBalance = '94614.1774296' WHERE  branchId = '11' AND accountId = '27' AND date = '2017-07-21' 
2017-07-21 13:09:04 Balance Update Status 2:1
 2017-07-21 13:09:04 Balance Update Params :
Branch Id : 11
Account ID : 28
Amount : 0
2017-07-21 13:09:04 SELECT SQL : SELECT * FROM balances WHERE  branchId = '11' AND accountId = '28'  
2017-07-21 13:09:04 Balance Update Params :
Branch Id : 12
Account ID : 33
Amount : 0
2017-07-21 13:09:04 SELECT SQL : SELECT * FROM balances WHERE  branchId = '12' AND accountId = '33'  
2017-07-21 13:09:04 SELECT SQL : SELECT * FROM balances WHERE  branchId = '12' AND accountId = '33' AND date = '2017-07-21'  
2017-07-21 13:09:04 UPDATE SQL : UPDATE balances SET closingBalance = '4589' WHERE  branchId = '12' AND accountId = '33' AND date = '2017-07-21' 
2017-07-21 13:09:04 Balance Update Status 2:1
 2017-07-21 13:09:04 Balance Update Params :
Branch Id : 12
Account ID : 36
Amount : 0
2017-07-21 13:09:04 SELECT SQL : SELECT * FROM balances WHERE  branchId = '12' AND accountId = '36'  
2017-07-21 13:09:04 SELECT SQL : SELECT * FROM balances WHERE  branchId = '12' AND accountId = '36' AND date = '2017-07-21'  
2017-07-21 13:09:04 UPDATE SQL : UPDATE balances SET closingBalance = '743248' WHERE  branchId = '12' AND accountId = '36' AND date = '2017-07-21' 
2017-07-21 13:09:04 Balance Update Status 2:1
 2017-07-21 13:09:04 Balance Update Params :
Branch Id : 7
Account ID : 37
Amount : 0
2017-07-21 13:09:04 SELECT SQL : SELECT * FROM balances WHERE  branchId = '7' AND accountId = '37'  
2017-07-21 13:09:04 SELECT SQL : SELECT * FROM balances WHERE  branchId = '7' AND accountId = '37' AND date = '2017-07-21'  
2017-07-21 13:09:04 UPDATE SQL : UPDATE balances SET closingBalance = '47450' WHERE  branchId = '7' AND accountId = '37' AND date = '2017-07-21' 
2017-07-21 13:09:04 Balance Update Status 2:1
 2017-07-21 13:09:04 Balance Update Params :
Branch Id : 13
Account ID : 38
Amount : 0
2017-07-21 13:09:04 SELECT SQL : SELECT * FROM balances WHERE  branchId = '13' AND accountId = '38'  
2017-07-21 13:09:04 SELECT SQL : SELECT * FROM balances WHERE  branchId = '13' AND accountId = '38' AND date = '2017-07-21'  
2017-07-21 13:09:04 UPDATE SQL : UPDATE balances SET closingBalance = '2700' WHERE  branchId = '13' AND accountId = '38' AND date = '2017-07-21' 
2017-07-21 13:09:04 Balance Update Status 2:1
 2017-07-21 13:09:04 Balance Update Params :
Branch Id : 13
Account ID : 39
Amount : 0
2017-07-21 13:09:04 SELECT SQL : SELECT * FROM balances WHERE  branchId = '13' AND accountId = '39'  
2017-07-21 13:09:04 SELECT SQL : SELECT * FROM currencies WHERE  active = '1'  
2017-07-21 13:09:04 SELECT SQL : SELECT * FROM accounts WHERE  active = '1' AND type_id = '4'  
2017-07-21 13:09:04 SELECT SQL : SELECT * FROM account_types WHERE  active = '1'  
2017-07-21 13:09:04 SELECT SQL : SELECT * FROM user_types WHERE  active = '1'  
2017-07-21 13:09:04 Response : {"data":{"branches":[{"id":"5","name":"KINSHASHA","countryId":"4","location":"Patrice Avenue","supervisorId":"3","createdBy":"4","ts":"2017-06-30 00:06:55","active":"1"},{"id":"6","name":"OASIS MALL","countryId":"1","location":"Yusufu Lule Rd","supervisorId":"3","createdBy":"2","ts":"2017-06-30 00:12:08","active":"1"},{"id":"7","name":"GOMA","countryId":"4","location":"Goma","supervisorId":"3","createdBy":"1","ts":"2017-07-05 00:00:00","active":"1"},{"id":"9","name":"MOMBASA","countryId":"2","location":"Mombasa","supervisorId":"3","createdBy":"1","ts":"2017-07-05 00:00:00","active":"1"},{"id":"10","name":"DUBAI","countryId":"6","location":"Dubai","supervisorId":"3","createdBy":"1","ts":"2017-07-05 00:00:00","active":"1"},{"id":"11","name":"CHINA","countryId":"5","location":"China","supervisorId":"3","createdBy":"3","ts":"2017-07-05 13:23:17","active":"1"},{"id":"12","name":"NAIROBI","countryId":"2","location":"Nairobi","supervisorId":"3","createdBy":"3","ts":"2017-07-06 14:12:35","active":"1"},{"id":"13","name":"KAMPALA ROAD","countryId":"1","location":"kampala road","supervisorId":"3","createdBy":"3","ts":"2017-07-06 14:12:35","active":"1"}],"countries":[{"id":"1","name":"UGANDA","createdBy":"1","ts":"2017-06-25 23:13:31","active":"1"},{"id":"2","name":"KENYA","createdBy":"1","ts":"2017-06-26 09:02:45","active":"1"},{"id":"3","name":"TZ","createdBy":"1","ts":"2017-06-28 11:11:53","active":"1"},{"id":"4","name":"CONGO","createdBy":"1","ts":"2017-06-28 11:26:11","active":"1"},{"id":"5","name":"CHINA","createdBy":"1","ts":"2017-06-28 11:30:01","active":"1"},{"id":"6","name":"UAE","createdBy":"1","ts":"2017-07-05 00:00:00","active":"1"}],"ids":[[{"id":"1","name":"Passport","createdBy":"1","ts":"2017-06-28 14:00:01","active":"1"},{"id":"2","name":"National ID","createdBy":"1","ts":"2017-06-28 14:00:01","active":"1"},{"id":"3","name":"STUDENTS ID","createdBy":"1","ts":"2017-06-28 16:21:46","active":"1"}]],"users":[{"id":"1","firstName":"You","surname":"Jinshu","email":"hudsonbogere@swipeit.co.ug","phone":"256783131266","userName":"you","branchId":"0","userTypeId":"1","password":"$2y$10$pPGbhJ1RXx\/ug.ED3LnsQuKHJTqwYsa\/iF0OqGOgsjflkHKIDTLVq","sessionId":"KSTms8GEe36Gy41kXds63LMk2kJjROlO","ipAddress":"41.210.145.81","createdBy":null,"ts":"2017-06-23 15:08:12","active":"1"},{"id":"2","firstName":"Nansubuga","surname":"Dorothy","email":"henry@gmail.com","phone":"256752284441","userName":"dorah","branchId":"12","userTypeId":"3","password":"$2y$10$F9t92sYKf2rDJ.JzCmrrT.Jt1Ix37Fuo.uZKpXPn69dgDUTZ8xLXi","sessionId":"jTk0qC3LcYNor8DQzvEsVRMANcKj6p1N","ipAddress":"105.231.254.109","createdBy":"1","ts":"2017-06-26 19:11:07","active":"1"},{"id":"3","firstName":"Lydia","surname":"Amoi","email":"islam@gmail.com","phone":"256777608310","userName":"lydia","branchId":"6","userTypeId":"2","password":"$2y$10$m72Zz8Z.h4\/Zp6TFDhmbXeQ79kZ7JJ2U0yLUanc0dDVxbc.5UPkRG","sessionId":"N35PCsvWubMMcNjtv44zaguTt6Y6OeJh","ipAddress":"41.75.175.106","createdBy":"1","ts":"2017-06-26 19:41:01","active":"1"},{"id":"4","firstName":"Nabukera","surname":"Maria","email":"banerd@tfb.com","phone":"256774457813","userName":"maria","branchId":"5","userTypeId":"3","password":"$2y$10$wTpUE\/WJFMfQaBglrQocTO9ndV6dbxL2vzFDEJZ1hpVVp4binpXGO","sessionId":"rlwjPHNyG6kNuWcT7RLiz3gIRGkmcp0H","ipAddress":"41.243.11.143","createdBy":"1","ts":"2017-06-26 23:04:07","active":"1"},{"id":"5","firstName":"Henry","surname":"Bbosa","email":null,"phone":null,"userName":"henry","branchId":"11","userTypeId":"3","password":"$2y$10$m72Zz8Z.h4\/Zp6TFDhmbXeQ79kZ7JJ2U0yLUanc0dDVxbc.5UPkRG","sessionId":"","ipAddress":"197.157.34.178","createdBy":"1","ts":"2017-07-05 00:00:00","active":"1"},{"id":"6","firstName":"Edwin","surname":"Kakeeto","email":"edwin@edwin.com","phone":"0777777557","userName":"edwin","branchId":"7","userTypeId":"3","password":"$2y$10$m72Zz8Z.h4\/Zp6TFDhmbXeQ79kZ7JJ2U0yLUanc0dDVxbc.5UPkRG","sessionId":"","ipAddress":"160.242.142.203","createdBy":"3","ts":"2017-07-10 07:37:50","active":"1"},{"id":"7","firstName":"Trish","surname":"Baby","email":"patricia@gmail.com","phone":"0777777557","userName":"trish","branchId":"13","userTypeId":"3","password":"$2y$10$m72Zz8Z.h4\/Zp6TFDhmbXeQ79kZ7JJ2U0yLUanc0dDVxbc.5UPkRG","sessionId":"","ipAddress":"160.242.141.153","createdBy":null,"ts":null,"active":"1"},{"id":"8","firstName":"cedric","surname":"cedric","email":"cedric@gmail.com","phone":"+256754813912","userName":"cedric","branchId":"7","userTypeId":"3","password":"$2y$10$m72Zz8Z.h4\/Zp6TFDhmbXeQ79kZ7JJ2U0yLUanc0dDVxbc.5UPkRG","sessionId":"","ipAddress":"160.242.141.153","createdBy":null,"ts":null,"active":"1"}],"accounts":[{"id":"16","name":"KINSHASHA-USD Account","branchId":"5","currency_id":"2"},{"id":"20","name":"OASIS MALL-RMB Account","branchId":"6","currency_id":"1"},{"id":"21","name":"OASIS MALL-USD Account","branchId":"6","currency_id":"2"},{"id":"22","name":"OASIS MALL-DIRHAM Account","branchId":"6","currency_id":"3"},{"id":"23","name":"OASIS MALL-UGX Account","branchId":"6","currency_id":"4"},{"id":"24","name":"OASIS MALL-KSH Account","branchId":"6","currency_id":"5"},{"id":"27","name":"CHINA-RMB Account","branchId":"11","currency_id":"1"},{"id":"28","name":"CHINA-USD Account","branchId":"11","currency_id":"2"},{"id":"33","name":"NAIROBI-USD Account","branchId":"12","currency_id":"2"},{"id":"36","name":"NAIROBI-KSH Account","branchId":"12","currency_id":"5"},{"id":"37","name":"GOMA-USD ACCOUNT","branchId":"7","currency_id":"2"},{"id":"38","name":"KAMPALA ROAD -USD ACCOUNT","branchId":"13","currency_id":"2"},{"id":"39","name":"KAMPALA ROAD- UGX ACCOUNT ","branchId":"13","currency_id":"4"}],"currencies":[{"id":"1","name":"RMB","symbol":"\u00c2\u00a5","createdBy":"1","ts":"2017-06-27 22:45:12","active":"1"},{"id":"2","name":"USD","symbol":"$","createdBy":"1","ts":"2017-06-27 22:45:12","active":"1"},{"id":"3","name":"DIRHAM","symbol":"","createdBy":"1","ts":"2017-06-28 11:40:09","active":"1"},{"id":"4","name":"UGX","symbol":"\/=","createdBy":"1","ts":"2017-06-28 11:46:50","active":"1"},{"id":"5","name":"KSH","symbol":"","createdBy":"1","ts":"2017-06-28 11:46:50","active":"1"}],"superaccount":[{"id":"1","name":"RMB Account","branchId":"0","type_id":"4","currency_id":"1","balance":"0","createdBy":"1","active":"1","ts":"2017-06-27 22:45:12"}],"accountTypes":[{"id":"1","type":"Transfer","description":"","createdBy":"1","ts":"2017-06-28 14:31:12","active":"1"},{"id":"2","type":"Suspense","description":"","createdBy":"1","ts":"2017-06-28 14:31:12","active":"1"},{"id":"4","type":"Super","description":"","createdBy":"1","ts":"2017-06-28 14:31:12","active":"1"}],"userTypes":[{"id":"1","name":"E-Value Admin","level":"1","ts":"2017-06-27 22:45:12","active":"1"},{"id":"2","name":"Super User","level":"2","ts":"2017-06-27 22:45:12","active":"1"},{"id":"3","name":"Agent","level":"3","ts":"2017-06-27 22:45:12","active":"1"},{"id":"4","name":"System Admin","level":"4","ts":"2017-06-27 22:45:12","active":"1"}]},"success":1}
2017-07-21 13:25:23 ---- New Request ----
2017-07-21 13:25:23 Controller : Users
2017-07-21 13:25:23 Method : loginAction
2017-07-21 13:25:23 Controller File : controllers/Users.class.php, Exists
2017-07-21 13:25:23 Class constructed
2017-07-21 13:25:23 Login Params ;Username :henry
Password : ******
2017-07-21 13:25:23 SELECT SQL : SELECT id,firstName,surname,userName,userTypeId,sessionId,password,active,branchId FROM users WHERE  userName = 'henry'  
2017-07-21 13:25:23 SELECT SQL : SELECT name FROM branches WHERE  id = '11'  
2017-07-21 13:25:23 UPDATE SQL : UPDATE users SET sessionId = 'KuHhidhw1OhGe26SFBd1cBjUUCmDWcBy',ipAddress = '197.157.34.178' WHERE  id = '5' 
2017-07-21 13:25:23 Response : {"success":1,"data":{"id":"5","firstName":"Henry","surname":"Bbosa","userName":"henry","userTypeId":"3","sessionId":"KuHhidhw1OhGe26SFBd1cBjUUCmDWcBy","branchId":"11","branchName":"CHINA"}}
2017-07-21 13:25:24 ---- New Request ----
2017-07-21 13:25:24 Controller : Users
2017-07-21 13:25:24 Method : formsdetailsAction
2017-07-21 13:25:24 Controller File : controllers/Users.class.php, Exists
2017-07-21 13:25:24 Class constructed
2017-07-21 13:25:24 Details Params :
SessionID :KuHhidhw1OhGe26SFBd1cBjUUCmDWcBy
User ID : 5
2017-07-21 13:25:24 SELECT SQL : SELECT * FROM branches WHERE  active = '1'  
2017-07-21 13:25:24 SELECT SQL : SELECT * FROM countries WHERE  active = '1'  
2017-07-21 13:25:24 SELECT SQL : SELECT * FROM identification WHERE  active = '1'  
2017-07-21 13:25:24 SELECT SQL : SELECT * FROM users WHERE  active = '1'  
2017-07-21 13:25:24 SELECT SQL : SELECT id,name,branchId,currency_id FROM accounts WHERE  active = '1' AND type_id = '1'  
2017-07-21 13:25:24 Balance Update Params :
Branch Id : 5
Account ID : 16
Amount : 0
2017-07-21 13:25:24 SELECT SQL : SELECT * FROM balances WHERE  branchId = '5' AND accountId = '16'  
2017-07-21 13:25:24 SELECT SQL : SELECT * FROM balances WHERE  branchId = '5' AND accountId = '16' AND date = '2017-07-21'  
2017-07-21 13:25:24 UPDATE SQL : UPDATE balances SET closingBalance = '293496' WHERE  branchId = '5' AND accountId = '16' AND date = '2017-07-21' 
2017-07-21 13:25:24 Balance Update Status 2:1
 2017-07-21 13:25:24 Balance Update Params :
Branch Id : 6
Account ID : 20
Amount : 0
2017-07-21 13:25:24 SELECT SQL : SELECT * FROM balances WHERE  branchId = '6' AND accountId = '20'  
2017-07-21 13:25:24 Balance Update Params :
Branch Id : 6
Account ID : 21
Amount : 0
2017-07-21 13:25:24 SELECT SQL : SELECT * FROM balances WHERE  branchId = '6' AND accountId = '21'  
2017-07-21 13:25:24 SELECT SQL : SELECT * FROM balances WHERE  branchId = '6' AND accountId = '21' AND date = '2017-07-21'  
2017-07-21 13:25:24 UPDATE SQL : UPDATE balances SET closingBalance = '627698.05028101' WHERE  branchId = '6' AND accountId = '21' AND date = '2017-07-21' 
2017-07-21 13:25:24 Balance Update Status 2:1
 2017-07-21 13:25:24 Balance Update Params :
Branch Id : 6
Account ID : 22
Amount : 0
2017-07-21 13:25:24 SELECT SQL : SELECT * FROM balances WHERE  branchId = '6' AND accountId = '22'  
2017-07-21 13:25:24 Balance Update Params :
Branch Id : 6
Account ID : 23
Amount : 0
2017-07-21 13:25:24 SELECT SQL : SELECT * FROM balances WHERE  branchId = '6' AND accountId = '23'  
2017-07-21 13:25:24 SELECT SQL : SELECT * FROM balances WHERE  branchId = '6' AND accountId = '23' AND date = '2017-07-21'  
2017-07-21 13:25:24 UPDATE SQL : UPDATE balances SET closingBalance = '-113664482' WHERE  branchId = '6' AND accountId = '23' AND date = '2017-07-21' 
2017-07-21 13:25:24 Balance Update Status 2:1
 2017-07-21 13:25:24 Balance Update Params :
Branch Id : 6
Account ID : 24
Amount : 0
2017-07-21 13:25:24 SELECT SQL : SELECT * FROM balances WHERE  branchId = '6' AND accountId = '24'  
2017-07-21 13:25:24 Balance Update Params :
Branch Id : 11
Account ID : 27
Amount : 0
2017-07-21 13:25:24 SELECT SQL : SELECT * FROM balances WHERE  branchId = '11' AND accountId = '27'  
2017-07-21 13:25:24 SELECT SQL : SELECT * FROM balances WHERE  branchId = '11' AND accountId = '27' AND date = '2017-07-21'  
2017-07-21 13:25:24 UPDATE SQL : UPDATE balances SET closingBalance = '94614.1774296' WHERE  branchId = '11' AND accountId = '27' AND date = '2017-07-21' 
2017-07-21 13:25:24 Balance Update Status 2:1
 2017-07-21 13:25:24 Balance Update Params :
Branch Id : 11
Account ID : 28
Amount : 0
2017-07-21 13:25:24 SELECT SQL : SELECT * FROM balances WHERE  branchId = '11' AND accountId = '28'  
2017-07-21 13:25:24 Balance Update Params :
Branch Id : 12
Account ID : 33
Amount : 0
2017-07-21 13:25:24 SELECT SQL : SELECT * FROM balances WHERE  branchId = '12' AND accountId = '33'  
2017-07-21 13:25:24 SELECT SQL : SELECT * FROM balances WHERE  branchId = '12' AND accountId = '33' AND date = '2017-07-21'  
2017-07-21 13:25:24 UPDATE SQL : UPDATE balances SET closingBalance = '4589' WHERE  branchId = '12' AND accountId = '33' AND date = '2017-07-21' 
2017-07-21 13:25:25 Balance Update Status 2:1
 2017-07-21 13:25:25 Balance Update Params :
Branch Id : 12
Account ID : 36
Amount : 0
2017-07-21 13:25:25 SELECT SQL : SELECT * FROM balances WHERE  branchId = '12' AND accountId = '36'  
2017-07-21 13:25:25 SELECT SQL : SELECT * FROM balances WHERE  branchId = '12' AND accountId = '36' AND date = '2017-07-21'  
2017-07-21 13:25:25 UPDATE SQL : UPDATE balances SET closingBalance = '743248' WHERE  branchId = '12' AND accountId = '36' AND date = '2017-07-21' 
2017-07-21 13:25:25 Balance Update Status 2:1
 2017-07-21 13:25:25 Balance Update Params :
Branch Id : 7
Account ID : 37
Amount : 0
2017-07-21 13:25:25 SELECT SQL : SELECT * FROM balances WHERE  branchId = '7' AND accountId = '37'  
2017-07-21 13:25:25 SELECT SQL : SELECT * FROM balances WHERE  branchId = '7' AND accountId = '37' AND date = '2017-07-21'  
2017-07-21 13:25:25 UPDATE SQL : UPDATE balances SET closingBalance = '47450' WHERE  branchId = '7' AND accountId = '37' AND date = '2017-07-21' 
2017-07-21 13:25:25 Balance Update Status 2:1
 2017-07-21 13:25:25 Balance Update Params :
Branch Id : 13
Account ID : 38
Amount : 0
2017-07-21 13:25:25 SELECT SQL : SELECT * FROM balances WHERE  branchId = '13' AND accountId = '38'  
2017-07-21 13:25:25 SELECT SQL : SELECT * FROM balances WHERE  branchId = '13' AND accountId = '38' AND date = '2017-07-21'  
2017-07-21 13:25:25 UPDATE SQL : UPDATE balances SET closingBalance = '2700' WHERE  branchId = '13' AND accountId = '38' AND date = '2017-07-21' 
2017-07-21 13:25:25 Balance Update Status 2:1
 2017-07-21 13:25:25 Balance Update Params :
Branch Id : 13
Account ID : 39
Amount : 0
2017-07-21 13:25:25 SELECT SQL : SELECT * FROM balances WHERE  branchId = '13' AND accountId = '39'  
2017-07-21 13:25:25 SELECT SQL : SELECT * FROM currencies WHERE  active = '1'  
2017-07-21 13:25:25 SELECT SQL : SELECT * FROM accounts WHERE  active = '1' AND type_id = '4'  
2017-07-21 13:25:25 SELECT SQL : SELECT * FROM account_types WHERE  active = '1'  
2017-07-21 13:25:25 SELECT SQL : SELECT * FROM user_types WHERE  active = '1'  
2017-07-21 13:25:25 Response : {"data":{"branches":[{"id":"5","name":"KINSHASHA","countryId":"4","location":"Patrice Avenue","supervisorId":"3","createdBy":"4","ts":"2017-06-30 00:06:55","active":"1"},{"id":"6","name":"OASIS MALL","countryId":"1","location":"Yusufu Lule Rd","supervisorId":"3","createdBy":"2","ts":"2017-06-30 00:12:08","active":"1"},{"id":"7","name":"GOMA","countryId":"4","location":"Goma","supervisorId":"3","createdBy":"1","ts":"2017-07-05 00:00:00","active":"1"},{"id":"9","name":"MOMBASA","countryId":"2","location":"Mombasa","supervisorId":"3","createdBy":"1","ts":"2017-07-05 00:00:00","active":"1"},{"id":"10","name":"DUBAI","countryId":"6","location":"Dubai","supervisorId":"3","createdBy":"1","ts":"2017-07-05 00:00:00","active":"1"},{"id":"11","name":"CHINA","countryId":"5","location":"China","supervisorId":"3","createdBy":"3","ts":"2017-07-05 13:23:17","active":"1"},{"id":"12","name":"NAIROBI","countryId":"2","location":"Nairobi","supervisorId":"3","createdBy":"3","ts":"2017-07-06 14:12:35","active":"1"},{"id":"13","name":"KAMPALA ROAD","countryId":"1","location":"kampala road","supervisorId":"3","createdBy":"3","ts":"2017-07-06 14:12:35","active":"1"}],"countries":[{"id":"1","name":"UGANDA","createdBy":"1","ts":"2017-06-25 23:13:31","active":"1"},{"id":"2","name":"KENYA","createdBy":"1","ts":"2017-06-26 09:02:45","active":"1"},{"id":"3","name":"TZ","createdBy":"1","ts":"2017-06-28 11:11:53","active":"1"},{"id":"4","name":"CONGO","createdBy":"1","ts":"2017-06-28 11:26:11","active":"1"},{"id":"5","name":"CHINA","createdBy":"1","ts":"2017-06-28 11:30:01","active":"1"},{"id":"6","name":"UAE","createdBy":"1","ts":"2017-07-05 00:00:00","active":"1"}],"ids":[[{"id":"1","name":"Passport","createdBy":"1","ts":"2017-06-28 14:00:01","active":"1"},{"id":"2","name":"National ID","createdBy":"1","ts":"2017-06-28 14:00:01","active":"1"},{"id":"3","name":"STUDENTS ID","createdBy":"1","ts":"2017-06-28 16:21:46","active":"1"}]],"users":[{"id":"1","firstName":"You","surname":"Jinshu","email":"hudsonbogere@swipeit.co.ug","phone":"256783131266","userName":"you","branchId":"0","userTypeId":"1","password":"$2y$10$pPGbhJ1RXx\/ug.ED3LnsQuKHJTqwYsa\/iF0OqGOgsjflkHKIDTLVq","sessionId":"KSTms8GEe36Gy41kXds63LMk2kJjROlO","ipAddress":"41.210.145.81","createdBy":null,"ts":"2017-06-23 15:08:12","active":"1"},{"id":"2","firstName":"Nansubuga","surname":"Dorothy","email":"henry@gmail.com","phone":"256752284441","userName":"dorah","branchId":"12","userTypeId":"3","password":"$2y$10$F9t92sYKf2rDJ.JzCmrrT.Jt1Ix37Fuo.uZKpXPn69dgDUTZ8xLXi","sessionId":"jTk0qC3LcYNor8DQzvEsVRMANcKj6p1N","ipAddress":"105.231.254.109","createdBy":"1","ts":"2017-06-26 19:11:07","active":"1"},{"id":"3","firstName":"Lydia","surname":"Amoi","email":"islam@gmail.com","phone":"256777608310","userName":"lydia","branchId":"6","userTypeId":"2","password":"$2y$10$m72Zz8Z.h4\/Zp6TFDhmbXeQ79kZ7JJ2U0yLUanc0dDVxbc.5UPkRG","sessionId":"N35PCsvWubMMcNjtv44zaguTt6Y6OeJh","ipAddress":"41.75.175.106","createdBy":"1","ts":"2017-06-26 19:41:01","active":"1"},{"id":"4","firstName":"Nabukera","surname":"Maria","email":"banerd@tfb.com","phone":"256774457813","userName":"maria","branchId":"5","userTypeId":"3","password":"$2y$10$wTpUE\/WJFMfQaBglrQocTO9ndV6dbxL2vzFDEJZ1hpVVp4binpXGO","sessionId":"rlwjPHNyG6kNuWcT7RLiz3gIRGkmcp0H","ipAddress":"41.243.11.143","createdBy":"1","ts":"2017-06-26 23:04:07","active":"1"},{"id":"5","firstName":"Henry","surname":"Bbosa","email":null,"phone":null,"userName":"henry","branchId":"11","userTypeId":"3","password":"$2y$10$m72Zz8Z.h4\/Zp6TFDhmbXeQ79kZ7JJ2U0yLUanc0dDVxbc.5UPkRG","sessionId":"KuHhidhw1OhGe26SFBd1cBjUUCmDWcBy","ipAddress":"197.157.34.178","createdBy":"1","ts":"2017-07-05 00:00:00","active":"1"},{"id":"6","firstName":"Edwin","surname":"Kakeeto","email":"edwin@edwin.com","phone":"0777777557","userName":"edwin","branchId":"7","userTypeId":"3","password":"$2y$10$m72Zz8Z.h4\/Zp6TFDhmbXeQ79kZ7JJ2U0yLUanc0dDVxbc.5UPkRG","sessionId":"","ipAddress":"160.242.142.203","createdBy":"3","ts":"2017-07-10 07:37:50","active":"1"},{"id":"7","firstName":"Trish","surname":"Baby","email":"patricia@gmail.com","phone":"0777777557","userName":"trish","branchId":"13","userTypeId":"3","password":"$2y$10$m72Zz8Z.h4\/Zp6TFDhmbXeQ79kZ7JJ2U0yLUanc0dDVxbc.5UPkRG","sessionId":"","ipAddress":"160.242.141.153","createdBy":null,"ts":null,"active":"1"},{"id":"8","firstName":"cedric","surname":"cedric","email":"cedric@gmail.com","phone":"+256754813912","userName":"cedric","branchId":"7","userTypeId":"3","password":"$2y$10$m72Zz8Z.h4\/Zp6TFDhmbXeQ79kZ7JJ2U0yLUanc0dDVxbc.5UPkRG","sessionId":"","ipAddress":"160.242.141.153","createdBy":null,"ts":null,"active":"1"}],"accounts":[{"id":"16","name":"KINSHASHA-USD Account","branchId":"5","currency_id":"2"},{"id":"20","name":"OASIS MALL-RMB Account","branchId":"6","currency_id":"1"},{"id":"21","name":"OASIS MALL-USD Account","branchId":"6","currency_id":"2"},{"id":"22","name":"OASIS MALL-DIRHAM Account","branchId":"6","currency_id":"3"},{"id":"23","name":"OASIS MALL-UGX Account","branchId":"6","currency_id":"4"},{"id":"24","name":"OASIS MALL-KSH Account","branchId":"6","currency_id":"5"},{"id":"27","name":"CHINA-RMB Account","branchId":"11","currency_id":"1"},{"id":"28","name":"CHINA-USD Account","branchId":"11","currency_id":"2"},{"id":"33","name":"NAIROBI-USD Account","branchId":"12","currency_id":"2"},{"id":"36","name":"NAIROBI-KSH Account","branchId":"12","currency_id":"5"},{"id":"37","name":"GOMA-USD ACCOUNT","branchId":"7","currency_id":"2"},{"id":"38","name":"KAMPALA ROAD -USD ACCOUNT","branchId":"13","currency_id":"2"},{"id":"39","name":"KAMPALA ROAD- UGX ACCOUNT ","branchId":"13","currency_id":"4"}],"currencies":[{"id":"1","name":"RMB","symbol":"\u00c2\u00a5","createdBy":"1","ts":"2017-06-27 22:45:12","active":"1"},{"id":"2","name":"USD","symbol":"$","createdBy":"1","ts":"2017-06-27 22:45:12","active":"1"},{"id":"3","name":"DIRHAM","symbol":"","createdBy":"1","ts":"2017-06-28 11:40:09","active":"1"},{"id":"4","name":"UGX","symbol":"\/=","createdBy":"1","ts":"2017-06-28 11:46:50","active":"1"},{"id":"5","name":"KSH","symbol":"","createdBy":"1","ts":"2017-06-28 11:46:50","active":"1"}],"superaccount":[{"id":"1","name":"RMB Account","branchId":"0","type_id":"4","currency_id":"1","balance":"0","createdBy":"1","active":"1","ts":"2017-06-27 22:45:12"}],"accountTypes":[{"id":"1","type":"Transfer","description":"","createdBy":"1","ts":"2017-06-28 14:31:12","active":"1"},{"id":"2","type":"Suspense","description":"","createdBy":"1","ts":"2017-06-28 14:31:12","active":"1"},{"id":"4","type":"Super","description":"","createdBy":"1","ts":"2017-06-28 14:31:12","active":"1"}],"userTypes":[{"id":"1","name":"E-Value Admin","level":"1","ts":"2017-06-27 22:45:12","active":"1"},{"id":"2","name":"Super User","level":"2","ts":"2017-06-27 22:45:12","active":"1"},{"id":"3","name":"Agent","level":"3","ts":"2017-06-27 22:45:12","active":"1"},{"id":"4","name":"System Admin","level":"4","ts":"2017-06-27 22:45:12","active":"1"}]},"success":1}
2017-07-21 13:28:16 ---- New Request ----
2017-07-21 13:28:16 Controller : Exchange
2017-07-21 13:28:16 Method : createexchangeAction
2017-07-21 13:28:16 Controller File : controllers/Exchange.class.php, Exists
2017-07-21 13:28:16 Class constructed
2017-07-21 13:28:16 Class constructed
2017-07-21 13:28:16 Exchange Params:
FromCurrency : 2
ToCurrency : 5
AmountBe4 : 1700
Amount After : 178245
Exhange Rate : 104.85
UserID : 2
Session ID : jTk0qC3LcYNor8DQzvEsVRMANcKj6p1N
2017-07-21 13:28:16 SELECT SQL : SELECT * FROM users WHERE  id = '2'  
2017-07-21 13:28:16 INSERT SQL : INSERT INTO currency_exchange  (ts,fromCurrencyId,toCurrencyId,AmountBeforeXchange,amountAfterXchange,exhangeRate,userId)  VALUES(NOW(),'2','5','1700','178245','104.85','2')
2017-07-21 13:28:16 Response : {"success":1,"data":"Your request was successfully processed."}
2017-07-21 13:32:10 ---- New Request ----
2017-07-21 13:32:10 Controller : Transfers
2017-07-21 13:32:10 Method : getallaccountbalancesAction
2017-07-21 13:32:10 Controller File : controllers/Transfers.class.php, Exists
2017-07-21 13:32:10 Class constructed
2017-07-21 13:32:10 Class constructed
2017-07-21 13:32:10 UserID : 2
SessionId : jTk0qC3LcYNor8DQzvEsVRMANcKj6p1N
Branch ID : 12
2017-07-21 13:32:10 SELECT SQL : SELECT sessionId FROM users WHERE  id = '2'  
2017-07-21 13:32:10 SELECT SQL : SELECT name,id FROM accounts WHERE  active = '1' AND branchId = '12'  
2017-07-21 13:32:10 SELECT SQL : SELECT name FROM branches WHERE  id = '12'  
2017-07-21 13:32:10 Response : {"success":1,"data":[{"name":"NAIROBI-USD Account","id":"33","balance":4589},{"name":"NAIROBI-KSH Account","id":"36","balance":743248}],"branchName":"NAIROBI"}
2017-07-21 13:32:23 ---- New Request ----
2017-07-21 13:32:23 Controller : Transfers
2017-07-21 13:32:23 Method : getbalancesAction
2017-07-21 13:32:23 Controller File : controllers/Transfers.class.php, Exists
2017-07-21 13:32:23 Class constructed
2017-07-21 13:32:23 Class constructed
2017-07-21 13:32:23 UserID : 2
SessionId : jTk0qC3LcYNor8DQzvEsVRMANcKj6p1N
Branch ID : 
Date : 
2017-07-21 13:32:23 SELECT SQL : SELECT sessionId,branchId,userTypeId FROM users WHERE  id = '2'  
2017-07-21 13:32:23 SELECT SQL : SELECT closingBalance,openingBalance,accountId,branchId,date FROM balances WHERE  date = '2017-07-21' AND branchId = '12'  
2017-07-21 13:32:23 SELECT SQL : SELECT name FROM accounts WHERE  id = '33'  
2017-07-21 13:32:23 SELECT SQL : SELECT name FROM branches WHERE  id = '12'  
2017-07-21 13:32:23 SELECT SQL : SELECT name FROM accounts WHERE  id = '36'  
2017-07-21 13:32:23 SELECT SQL : SELECT name FROM branches WHERE  id = '12'  
2017-07-21 13:32:23 SELECT SQL : SELECT name FROM accounts WHERE  id = '0'  
2017-07-21 13:32:23 SELECT SQL : SELECT name FROM branches WHERE  id = '12'  
2017-07-21 13:32:23 Response : {"success":1,"data":[{"closingBalance":"4589","openingBalance":"589","accountId":"33","branchId":"12","date":"2017-07-21","accountName":"NAIROBI-USD Account","branchName":"NAIROBI"},{"closingBalance":"743248","openingBalance":"339848","accountId":"36","branchId":"12","date":"2017-07-21","accountName":"NAIROBI-KSH Account","branchName":"NAIROBI"},{"closingBalance":"1700","openingBalance":"1700","accountId":"0","branchId":"12","date":"2017-07-21","accountName":null,"branchName":"NAIROBI"}]}
2017-07-21 13:34:10 ---- New Request ----
2017-07-21 13:34:10 Controller : Reports
2017-07-21 13:34:10 Method : gettransferlogsAction
2017-07-21 13:34:10 Controller File : controllers/Reports.class.php, Exists
2017-07-21 13:34:10 Class constructed
2017-07-21 13:34:10 Class constructed
2017-07-21 13:34:10 UserID : 2
SessionId : jTk0qC3LcYNor8DQzvEsVRMANcKj6p1N
Branch ID : 12
Date : 
Account ID : 
2017-07-21 13:34:10 SELECT SQL : SELECT sessionId,branchId,userTypeId FROM users WHERE  id = '2'  
2017-07-21 13:34:10 SELECT SQL : SELECT id,fromBranch,toBranch,amount,currency,charge,transferRef,userIdSource,userIdDestination,ts,withdrawTs,status,senderFname,senderSurname,senderPhone,senderEmail,receiverFname,receiverSurname,receiverPhone,receiverAccountNumber,destinationCountryId FROM transfers WHERE  fromBranch = '12'  OR toBranch = '12'  ORDER BY ts DESC LIMIT 20
2017-07-21 13:34:10 SELECT SQL : SELECT name FROM branches WHERE  id = '12'  
2017-07-21 13:34:10 SELECT SQL : SELECT name FROM branches WHERE  id = '0'  
2017-07-21 13:34:10 SELECT SQL : SELECT name FROM currencies WHERE  id = '1'  
2017-07-21 13:34:10 SELECT SQL : SELECT userName FROM users WHERE  id = '2'  
2017-07-21 13:34:10 SELECT SQL : SELECT userName FROM users WHERE  id = ''  
2017-07-21 13:34:10 SELECT SQL : SELECT name FROM countries WHERE  id = '5'  
2017-07-21 13:34:10 SELECT SQL : SELECT name FROM branches WHERE  id = '12'  
2017-07-21 13:34:10 SELECT SQL : SELECT name FROM branches WHERE  id = '0'  
2017-07-21 13:34:10 SELECT SQL : SELECT name FROM currencies WHERE  id = '1'  
2017-07-21 13:34:10 SELECT SQL : SELECT userName FROM users WHERE  id = '2'  
2017-07-21 13:34:10 SELECT SQL : SELECT userName FROM users WHERE  id = ''  
2017-07-21 13:34:10 SELECT SQL : SELECT name FROM countries WHERE  id = '5'  
2017-07-21 13:34:10 SELECT SQL : SELECT name FROM branches WHERE  id = '12'  
2017-07-21 13:34:10 SELECT SQL : SELECT name FROM branches WHERE  id = '0'  
2017-07-21 13:34:10 SELECT SQL : SELECT name FROM currencies WHERE  id = '1'  
2017-07-21 13:34:10 SELECT SQL : SELECT userName FROM users WHERE  id = '2'  
2017-07-21 13:34:10 SELECT SQL : SELECT userName FROM users WHERE  id = ''  
2017-07-21 13:34:10 SELECT SQL : SELECT name FROM countries WHERE  id = '5'  
2017-07-21 13:34:10 SELECT SQL : SELECT name FROM branches WHERE  id = '12'  
2017-07-21 13:34:10 SELECT SQL : SELECT name FROM branches WHERE  id = '0'  
2017-07-21 13:34:10 SELECT SQL : SELECT name FROM currencies WHERE  id = '1'  
2017-07-21 13:34:10 SELECT SQL : SELECT userName FROM users WHERE  id = '2'  
2017-07-21 13:34:10 SELECT SQL : SELECT userName FROM users WHERE  id = ''  
2017-07-21 13:34:10 SELECT SQL : SELECT name FROM countries WHERE  id = '5'  
2017-07-21 13:34:10 SELECT SQL : SELECT name FROM branches WHERE  id = '12'  
2017-07-21 13:34:10 SELECT SQL : SELECT name FROM branches WHERE  id = '0'  
2017-07-21 13:34:10 SELECT SQL : SELECT name FROM currencies WHERE  id = '1'  
2017-07-21 13:34:10 SELECT SQL : SELECT userName FROM users WHERE  id = '2'  
2017-07-21 13:34:10 SELECT SQL : SELECT userName FROM users WHERE  id = ''  
2017-07-21 13:34:10 SELECT SQL : SELECT name FROM countries WHERE  id = '5'  
2017-07-21 13:34:10 SELECT SQL : SELECT name FROM branches WHERE  id = '12'  
2017-07-21 13:34:10 SELECT SQL : SELECT name FROM branches WHERE  id = '11'  
2017-07-21 13:34:10 SELECT SQL : SELECT name FROM currencies WHERE  id = '1'  
2017-07-21 13:34:10 SELECT SQL : SELECT userName FROM users WHERE  id = '2'  
2017-07-21 13:34:10 SELECT SQL : SELECT userName FROM users WHERE  id = '5'  
2017-07-21 13:34:10 SELECT SQL : SELECT name FROM countries WHERE  id = '5'  
2017-07-21 13:34:10 SELECT SQL : SELECT name FROM branches WHERE  id = '12'  
2017-07-21 13:34:10 SELECT SQL : SELECT name FROM branches WHERE  id = '11'  
2017-07-21 13:34:10 SELECT SQL : SELECT name FROM currencies WHERE  id = '1'  
2017-07-21 13:34:10 SELECT SQL : SELECT userName FROM users WHERE  id = '2'  
2017-07-21 13:34:10 SELECT SQL : SELECT userName FROM users WHERE  id = '5'  
2017-07-21 13:34:10 SELECT SQL : SELECT name FROM countries WHERE  id = '5'  
2017-07-21 13:34:10 SELECT SQL : SELECT name FROM branches WHERE  id = '12'  
2017-07-21 13:34:10 SELECT SQL : SELECT name FROM branches WHERE  id = '11'  
2017-07-21 13:34:10 SELECT SQL : SELECT name FROM currencies WHERE  id = '1'  
2017-07-21 13:34:10 SELECT SQL : SELECT userName FROM users WHERE  id = '2'  
2017-07-21 13:34:10 SELECT SQL : SELECT userName FROM users WHERE  id = '5'  
2017-07-21 13:34:10 SELECT SQL : SELECT name FROM countries WHERE  id = '5'  
2017-07-21 13:34:10 SELECT SQL : SELECT name FROM branches WHERE  id = '12'  
2017-07-21 13:34:10 SELECT SQL : SELECT name FROM branches WHERE  id = '11'  
2017-07-21 13:34:10 SELECT SQL : SELECT name FROM currencies WHERE  id = '1'  
2017-07-21 13:34:10 SELECT SQL : SELECT userName FROM users WHERE  id = '2'  
2017-07-21 13:34:10 SELECT SQL : SELECT userName FROM users WHERE  id = '5'  
2017-07-21 13:34:10 SELECT SQL : SELECT name FROM countries WHERE  id = '5'  
2017-07-21 13:34:10 SELECT SQL : SELECT name FROM branches WHERE  id = '12'  
2017-07-21 13:34:10 SELECT SQL : SELECT name FROM branches WHERE  id = '11'  
2017-07-21 13:34:11 SELECT SQL : SELECT name FROM currencies WHERE  id = '1'  
2017-07-21 13:34:11 SELECT SQL : SELECT userName FROM users WHERE  id = '2'  
2017-07-21 13:34:11 SELECT SQL : SELECT userName FROM users WHERE  id = '5'  
2017-07-21 13:34:11 SELECT SQL : SELECT name FROM countries WHERE  id = '5'  
2017-07-21 13:34:11 SELECT SQL : SELECT name FROM branches WHERE  id = '12'  
2017-07-21 13:34:11 SELECT SQL : SELECT name FROM branches WHERE  id = '11'  
2017-07-21 13:34:11 SELECT SQL : SELECT name FROM currencies WHERE  id = '1'  
2017-07-21 13:34:11 SELECT SQL : SELECT userName FROM users WHERE  id = '2'  
2017-07-21 13:34:11 SELECT SQL : SELECT userName FROM users WHERE  id = '5'  
2017-07-21 13:34:11 SELECT SQL : SELECT name FROM countries WHERE  id = '5'  
2017-07-21 13:34:11 SELECT SQL : SELECT name FROM branches WHERE  id = '12'  
2017-07-21 13:34:11 Response : {"success":1,"branchName":"NAIROBI","data":[{"id":"44","fromBranch":"12","toBranch":"0","amount":"100000","currency":"RMB","charge":"1700","transferRef":"01205244","userIdSource":"2","userIdDestination":null,"ts":"2017-07-21 09:53:57","withdrawTs":null,"status":"Pending","senderFname":"","senderSurname":"James Lotex","senderPhone":"+254721584822","senderEmail":"","receiverFname":"Li","receiverSurname":"Lecister","receiverPhone":"+8613160809877","receiverAccountNumber":"6217857000001342201","destinationCountryId":"5","fromBranchName":"NAIROBI","toBranchName":null,"agentSource":"dorah","agentDestination":null,"destinationCountry":null},{"id":"40","fromBranch":"12","toBranch":"0","amount":"300000","currency":"RMB","charge":"1700","transferRef":"01205240","userIdSource":"2","userIdDestination":null,"ts":"2017-07-21 07:55:23","withdrawTs":null,"status":"Pending","senderFname":"","senderSurname":"Yu Qiang","senderPhone":"+254711750303","senderEmail":"","receiverFname":"Shang Jing","receiverSurname":"Wu","receiverPhone":"+254711650303","receiverAccountNumber":"6013826403007052991","destinationCountryId":"5","fromBranchName":"NAIROBI","toBranchName":null,"agentSource":"dorah","agentDestination":null,"destinationCountry":null},{"id":"39","fromBranch":"12","toBranch":"0","amount":"4000","currency":"RMB","charge":null,"transferRef":"01205239","userIdSource":"2","userIdDestination":null,"ts":"2017-07-21 07:44:22","withdrawTs":null,"status":"Pending","senderFname":"","senderSurname":"Yu Qiang","senderPhone":"+254711650303","senderEmail":"","receiverFname":"Shang Jing","receiverSurname":"Wu","receiverPhone":"+254711650303","receiverAccountNumber":"6013826403007052991","destinationCountryId":"5","fromBranchName":"NAIROBI","toBranchName":null,"agentSource":"dorah","agentDestination":null,"destinationCountry":null},{"id":"38","fromBranch":"12","toBranch":"0","amount":"22300","currency":"RMB","charge":"1700","transferRef":"01205238","userIdSource":"2","userIdDestination":null,"ts":"2017-07-20 13:52:03","withdrawTs":null,"status":"Pending","senderFname":"","senderSurname":"Kimani","senderPhone":"+254712817203","senderEmail":"","receiverFname":"Joseph","receiverSurname":"Kimani","receiverPhone":"+254712817203","receiverAccountNumber":"6217857000001342201","destinationCountryId":"5","fromBranchName":"NAIROBI","toBranchName":null,"agentSource":"dorah","agentDestination":null,"destinationCountry":null},{"id":"37","fromBranch":"12","toBranch":"0","amount":"510","currency":"RMB","charge":null,"transferRef":"01205237","userIdSource":"2","userIdDestination":null,"ts":"2017-07-20 13:45:29","withdrawTs":null,"status":"Pending","senderFname":"","senderSurname":"Joseph","senderPhone":"+254712817203","senderEmail":"","receiverFname":"Joseph","receiverSurname":"Kimani","receiverPhone":"+254712817203","receiverAccountNumber":"6217857000001342201","destinationCountryId":"5","fromBranchName":"NAIROBI","toBranchName":null,"agentSource":"dorah","agentDestination":null,"destinationCountry":null},{"id":"11","fromBranch":"12","toBranch":"11","amount":"312600","currency":"RMB","charge":"1700","transferRef":"01205211","userIdSource":"2","userIdDestination":"5","ts":"2017-07-19 13:31:06","withdrawTs":"2017-07-19 17:07:15","status":"Success","senderFname":"","senderSurname":"Poker","senderPhone":"+254727428993","senderEmail":"","receiverFname":"Dan","receiverSurname":"Li","receiverPhone":"+254727428993","receiverAccountNumber":"6222083400007292010","destinationCountryId":"5","fromBranchName":"NAIROBI","toBranchName":"CHINA","agentSource":"dorah","agentDestination":"henry","destinationCountry":null},{"id":"5","fromBranch":"12","toBranch":"11","amount":"1000","currency":"RMB","charge":null,"transferRef":"0120525","userIdSource":"2","userIdDestination":"5","ts":"2017-07-19 09:52:58","withdrawTs":"2017-07-19 17:07:51","status":"Success","senderFname":"","senderSurname":"Lu","senderPhone":"+254721472501","senderEmail":"","receiverFname":"Hong","receiverSurname":"Xian","receiverPhone":"+254721472501","receiverAccountNumber":"6226901405767348","destinationCountryId":"5","fromBranchName":"NAIROBI","toBranchName":"CHINA","agentSource":"dorah","agentDestination":"henry","destinationCountry":null},{"id":"4","fromBranch":"12","toBranch":"11","amount":"208660","currency":"RMB","charge":null,"transferRef":"0120524","userIdSource":"2","userIdDestination":"5","ts":"2017-07-19 09:45:18","withdrawTs":"2017-07-19 17:07:41","status":"Success","senderFname":"","senderSurname":"Lu","senderPhone":"+254721472501","senderEmail":"","receiverFname":"Xian","receiverSurname":"Hong","receiverPhone":"+254721472501","receiverAccountNumber":"6226901405767348","destinationCountryId":"5","fromBranchName":"NAIROBI","toBranchName":"CHINA","agentSource":"dorah","agentDestination":"henry","destinationCountry":null},{"id":"3","fromBranch":"12","toBranch":"11","amount":"281340","currency":"RMB","charge":"1700","transferRef":"0120523","userIdSource":"2","userIdDestination":"5","ts":"2017-07-19 09:24:19","withdrawTs":"2017-07-19 17:07:18","status":"Success","senderFname":"","senderSurname":"Lu","senderPhone":"+254721472501","senderEmail":"","receiverFname":"Hong","receiverSurname":"Xian","receiverPhone":"+254721472501","receiverAccountNumber":"6217004229998141175","destinationCountryId":"5","fromBranchName":"NAIROBI","toBranchName":"CHINA","agentSource":"dorah","agentDestination":"henry","destinationCountry":null},{"id":"2","fromBranch":"12","toBranch":"11","amount":"398300","currency":"RMB","charge":"1700","transferRef":"0120522","userIdSource":"2","userIdDestination":"5","ts":"2017-07-19 07:59:23","withdrawTs":"2017-07-19 17:07:40","status":"Success","senderFname":"","senderSurname":"Wu","senderPhone":"+254713072228","senderEmail":"","receiverFname":"Shuai","receiverSurname":"Shao","receiverPhone":"+254713072228","receiverAccountNumber":"6217850100001899163","destinationCountryId":"5","fromBranchName":"NAIROBI","toBranchName":"CHINA","agentSource":"dorah","agentDestination":"henry","destinationCountry":null},{"id":"1","fromBranch":"12","toBranch":"11","amount":"2657100","currency":"RMB","charge":"1700","transferRef":"0120521","userIdSource":"2","userIdDestination":"5","ts":"2017-07-19 07:33:59","withdrawTs":"2017-07-19 17:07:04","status":"Success","senderFname":"","senderSurname":"Vincent","senderPhone":"+254731325666","senderEmail":"","receiverFname":"Xiong","receiverSurname":"Tao","receiverPhone":"+254731325666","receiverAccountNumber":"6222022319000895880","destinationCountryId":"5","fromBranchName":"NAIROBI","toBranchName":"CHINA","agentSource":"dorah","agentDestination":"henry","destinationCountry":null}]}
2017-07-21 13:34:11 ---- New Request ----
2017-07-21 13:34:11 Controller : Transfers
2017-07-21 13:34:11 Method : getbalancesAction
2017-07-21 13:34:11 Controller File : controllers/Transfers.class.php, Exists
2017-07-21 13:34:11 Class constructed
2017-07-21 13:34:11 Class constructed
2017-07-21 13:34:11 UserID : 2
SessionId : jTk0qC3LcYNor8DQzvEsVRMANcKj6p1N
Branch ID : 
Date : 
2017-07-21 13:34:11 SELECT SQL : SELECT sessionId,branchId,userTypeId FROM users WHERE  id = '2'  
2017-07-21 13:34:11 SELECT SQL : SELECT closingBalance,openingBalance,accountId,branchId,date FROM balances WHERE  date = '2017-07-21' AND branchId = '12'  
2017-07-21 13:34:11 SELECT SQL : SELECT name FROM accounts WHERE  id = '33'  
2017-07-21 13:34:11 SELECT SQL : SELECT name FROM branches WHERE  id = '12'  
2017-07-21 13:34:11 SELECT SQL : SELECT name FROM accounts WHERE  id = '36'  
2017-07-21 13:34:11 SELECT SQL : SELECT name FROM branches WHERE  id = '12'  
2017-07-21 13:34:11 SELECT SQL : SELECT name FROM accounts WHERE  id = '0'  
2017-07-21 13:34:11 SELECT SQL : SELECT name FROM branches WHERE  id = '12'  
2017-07-21 13:34:11 Response : {"success":1,"data":[{"closingBalance":"4589","openingBalance":"589","accountId":"33","branchId":"12","date":"2017-07-21","accountName":"NAIROBI-USD Account","branchName":"NAIROBI"},{"closingBalance":"743248","openingBalance":"339848","accountId":"36","branchId":"12","date":"2017-07-21","accountName":"NAIROBI-KSH Account","branchName":"NAIROBI"},{"closingBalance":"1700","openingBalance":"1700","accountId":"0","branchId":"12","date":"2017-07-21","accountName":null,"branchName":"NAIROBI"}]}
2017-07-21 13:34:19 ---- New Request ----
2017-07-21 13:34:19 Controller : Transfers
2017-07-21 13:34:19 Method : getallaccountbalancesAction
2017-07-21 13:34:19 Controller File : controllers/Transfers.class.php, Exists
2017-07-21 13:34:19 Class constructed
2017-07-21 13:34:19 Class constructed
2017-07-21 13:34:19 UserID : 2
SessionId : jTk0qC3LcYNor8DQzvEsVRMANcKj6p1N
Branch ID : 12
2017-07-21 13:34:19 SELECT SQL : SELECT sessionId FROM users WHERE  id = '2'  
2017-07-21 13:34:19 SELECT SQL : SELECT name,id FROM accounts WHERE  active = '1' AND branchId = '12'  
2017-07-21 13:34:19 SELECT SQL : SELECT name FROM branches WHERE  id = '12'  
2017-07-21 13:34:19 Response : {"success":1,"data":[{"name":"NAIROBI-USD Account","id":"33","balance":4589},{"name":"NAIROBI-KSH Account","id":"36","balance":743248}],"branchName":"NAIROBI"}
2017-07-21 13:38:50 ---- New Request ----
2017-07-21 13:38:50 Controller : Users
2017-07-21 13:38:50 Method : loginAction
2017-07-21 13:38:50 Controller File : controllers/Users.class.php, Exists
2017-07-21 13:38:50 Class constructed
2017-07-21 13:38:50 Login Params ;Username :dorah
Password : ******
2017-07-21 13:38:50 SELECT SQL : SELECT id,firstName,surname,userName,userTypeId,sessionId,password,active,branchId FROM users WHERE  userName = 'dorah'  
2017-07-21 13:38:50 SELECT SQL : SELECT name FROM branches WHERE  id = '12'  
2017-07-21 13:38:50 UPDATE SQL : UPDATE users SET sessionId = 'PkYoVoaOvN1lQY4qD0TcgDaDUGxklKDv',ipAddress = '105.231.254.109' WHERE  id = '2' 
2017-07-21 13:38:50 Response : {"success":1,"data":{"id":"2","firstName":"Nansubuga","surname":"Dorothy","userName":"dorah","userTypeId":"3","sessionId":"PkYoVoaOvN1lQY4qD0TcgDaDUGxklKDv","branchId":"12","branchName":"NAIROBI"}}
2017-07-21 13:38:52 ---- New Request ----
2017-07-21 13:38:52 Controller : Users
2017-07-21 13:38:52 Method : formsdetailsAction
2017-07-21 13:38:52 Controller File : controllers/Users.class.php, Exists
2017-07-21 13:38:52 Class constructed
2017-07-21 13:38:52 Details Params :
SessionID :PkYoVoaOvN1lQY4qD0TcgDaDUGxklKDv
User ID : 2
2017-07-21 13:38:52 SELECT SQL : SELECT * FROM branches WHERE  active = '1'  
2017-07-21 13:38:52 SELECT SQL : SELECT * FROM countries WHERE  active = '1'  
2017-07-21 13:38:52 SELECT SQL : SELECT * FROM identification WHERE  active = '1'  
2017-07-21 13:38:52 SELECT SQL : SELECT * FROM users WHERE  active = '1'  
2017-07-21 13:38:52 SELECT SQL : SELECT id,name,branchId,currency_id FROM accounts WHERE  active = '1' AND type_id = '1'  
2017-07-21 13:38:52 Balance Update Params :
Branch Id : 5
Account ID : 16
Amount : 0
2017-07-21 13:38:52 SELECT SQL : SELECT * FROM balances WHERE  branchId = '5' AND accountId = '16'  
2017-07-21 13:38:52 SELECT SQL : SELECT * FROM balances WHERE  branchId = '5' AND accountId = '16' AND date = '2017-07-21'  
2017-07-21 13:38:52 UPDATE SQL : UPDATE balances SET closingBalance = '293496' WHERE  branchId = '5' AND accountId = '16' AND date = '2017-07-21' 
2017-07-21 13:38:52 Balance Update Status 2:1
 2017-07-21 13:38:52 Balance Update Params :
Branch Id : 6
Account ID : 20
Amount : 0
2017-07-21 13:38:52 SELECT SQL : SELECT * FROM balances WHERE  branchId = '6' AND accountId = '20'  
2017-07-21 13:38:52 Balance Update Params :
Branch Id : 6
Account ID : 21
Amount : 0
2017-07-21 13:38:52 SELECT SQL : SELECT * FROM balances WHERE  branchId = '6' AND accountId = '21'  
2017-07-21 13:38:52 SELECT SQL : SELECT * FROM balances WHERE  branchId = '6' AND accountId = '21' AND date = '2017-07-21'  
2017-07-21 13:38:52 UPDATE SQL : UPDATE balances SET closingBalance = '627698.05028101' WHERE  branchId = '6' AND accountId = '21' AND date = '2017-07-21' 
2017-07-21 13:38:52 Balance Update Status 2:1
 2017-07-21 13:38:52 Balance Update Params :
Branch Id : 6
Account ID : 22
Amount : 0
2017-07-21 13:38:52 SELECT SQL : SELECT * FROM balances WHERE  branchId = '6' AND accountId = '22'  
2017-07-21 13:38:52 Balance Update Params :
Branch Id : 6
Account ID : 23
Amount : 0
2017-07-21 13:38:52 SELECT SQL : SELECT * FROM balances WHERE  branchId = '6' AND accountId = '23'  
2017-07-21 13:38:52 SELECT SQL : SELECT * FROM balances WHERE  branchId = '6' AND accountId = '23' AND date = '2017-07-21'  
2017-07-21 13:38:52 UPDATE SQL : UPDATE balances SET closingBalance = '-113664482' WHERE  branchId = '6' AND accountId = '23' AND date = '2017-07-21' 
2017-07-21 13:38:52 Balance Update Status 2:1
 2017-07-21 13:38:52 Balance Update Params :
Branch Id : 6
Account ID : 24
Amount : 0
2017-07-21 13:38:52 SELECT SQL : SELECT * FROM balances WHERE  branchId = '6' AND accountId = '24'  
2017-07-21 13:38:52 Balance Update Params :
Branch Id : 11
Account ID : 27
Amount : 0
2017-07-21 13:38:52 SELECT SQL : SELECT * FROM balances WHERE  branchId = '11' AND accountId = '27'  
2017-07-21 13:38:52 SELECT SQL : SELECT * FROM balances WHERE  branchId = '11' AND accountId = '27' AND date = '2017-07-21'  
2017-07-21 13:38:52 UPDATE SQL : UPDATE balances SET closingBalance = '94614.1774296' WHERE  branchId = '11' AND accountId = '27' AND date = '2017-07-21' 
2017-07-21 13:38:52 Balance Update Status 2:1
 2017-07-21 13:38:52 Balance Update Params :
Branch Id : 11
Account ID : 28
Amount : 0
2017-07-21 13:38:52 SELECT SQL : SELECT * FROM balances WHERE  branchId = '11' AND accountId = '28'  
2017-07-21 13:38:52 Balance Update Params :
Branch Id : 12
Account ID : 33
Amount : 0
2017-07-21 13:38:52 SELECT SQL : SELECT * FROM balances WHERE  branchId = '12' AND accountId = '33'  
2017-07-21 13:38:52 SELECT SQL : SELECT * FROM balances WHERE  branchId = '12' AND accountId = '33' AND date = '2017-07-21'  
2017-07-21 13:38:52 UPDATE SQL : UPDATE balances SET closingBalance = '4589' WHERE  branchId = '12' AND accountId = '33' AND date = '2017-07-21' 
2017-07-21 13:38:52 Balance Update Status 2:1
 2017-07-21 13:38:52 Balance Update Params :
Branch Id : 12
Account ID : 36
Amount : 0
2017-07-21 13:38:52 SELECT SQL : SELECT * FROM balances WHERE  branchId = '12' AND accountId = '36'  
2017-07-21 13:38:52 SELECT SQL : SELECT * FROM balances WHERE  branchId = '12' AND accountId = '36' AND date = '2017-07-21'  
2017-07-21 13:38:52 UPDATE SQL : UPDATE balances SET closingBalance = '743248' WHERE  branchId = '12' AND accountId = '36' AND date = '2017-07-21' 
2017-07-21 13:38:52 Balance Update Status 2:1
 2017-07-21 13:38:52 Balance Update Params :
Branch Id : 7
Account ID : 37
Amount : 0
2017-07-21 13:38:52 SELECT SQL : SELECT * FROM balances WHERE  branchId = '7' AND accountId = '37'  
2017-07-21 13:38:52 SELECT SQL : SELECT * FROM balances WHERE  branchId = '7' AND accountId = '37' AND date = '2017-07-21'  
2017-07-21 13:38:52 UPDATE SQL : UPDATE balances SET closingBalance = '47450' WHERE  branchId = '7' AND accountId = '37' AND date = '2017-07-21' 
2017-07-21 13:38:52 Balance Update Status 2:1
 2017-07-21 13:38:52 Balance Update Params :
Branch Id : 13
Account ID : 38
Amount : 0
2017-07-21 13:38:52 SELECT SQL : SELECT * FROM balances WHERE  branchId = '13' AND accountId = '38'  
2017-07-21 13:38:52 SELECT SQL : SELECT * FROM balances WHERE  branchId = '13' AND accountId = '38' AND date = '2017-07-21'  
2017-07-21 13:38:52 UPDATE SQL : UPDATE balances SET closingBalance = '2700' WHERE  branchId = '13' AND accountId = '38' AND date = '2017-07-21' 
2017-07-21 13:38:52 Balance Update Status 2:1
 2017-07-21 13:38:52 Balance Update Params :
Branch Id : 13
Account ID : 39
Amount : 0
2017-07-21 13:38:52 SELECT SQL : SELECT * FROM balances WHERE  branchId = '13' AND accountId = '39'  
2017-07-21 13:38:52 SELECT SQL : SELECT * FROM currencies WHERE  active = '1'  
2017-07-21 13:38:52 SELECT SQL : SELECT * FROM accounts WHERE  active = '1' AND type_id = '4'  
2017-07-21 13:38:52 SELECT SQL : SELECT * FROM account_types WHERE  active = '1'  
2017-07-21 13:38:52 SELECT SQL : SELECT * FROM user_types WHERE  active = '1'  
2017-07-21 13:38:52 Response : {"data":{"branches":[{"id":"5","name":"KINSHASHA","countryId":"4","location":"Patrice Avenue","supervisorId":"3","createdBy":"4","ts":"2017-06-30 00:06:55","active":"1"},{"id":"6","name":"OASIS MALL","countryId":"1","location":"Yusufu Lule Rd","supervisorId":"3","createdBy":"2","ts":"2017-06-30 00:12:08","active":"1"},{"id":"7","name":"GOMA","countryId":"4","location":"Goma","supervisorId":"3","createdBy":"1","ts":"2017-07-05 00:00:00","active":"1"},{"id":"9","name":"MOMBASA","countryId":"2","location":"Mombasa","supervisorId":"3","createdBy":"1","ts":"2017-07-05 00:00:00","active":"1"},{"id":"10","name":"DUBAI","countryId":"6","location":"Dubai","supervisorId":"3","createdBy":"1","ts":"2017-07-05 00:00:00","active":"1"},{"id":"11","name":"CHINA","countryId":"5","location":"China","supervisorId":"3","createdBy":"3","ts":"2017-07-05 13:23:17","active":"1"},{"id":"12","name":"NAIROBI","countryId":"2","location":"Nairobi","supervisorId":"3","createdBy":"3","ts":"2017-07-06 14:12:35","active":"1"},{"id":"13","name":"KAMPALA ROAD","countryId":"1","location":"kampala road","supervisorId":"3","createdBy":"3","ts":"2017-07-06 14:12:35","active":"1"}],"countries":[{"id":"1","name":"UGANDA","createdBy":"1","ts":"2017-06-25 23:13:31","active":"1"},{"id":"2","name":"KENYA","createdBy":"1","ts":"2017-06-26 09:02:45","active":"1"},{"id":"3","name":"TZ","createdBy":"1","ts":"2017-06-28 11:11:53","active":"1"},{"id":"4","name":"CONGO","createdBy":"1","ts":"2017-06-28 11:26:11","active":"1"},{"id":"5","name":"CHINA","createdBy":"1","ts":"2017-06-28 11:30:01","active":"1"},{"id":"6","name":"UAE","createdBy":"1","ts":"2017-07-05 00:00:00","active":"1"}],"ids":[[{"id":"1","name":"Passport","createdBy":"1","ts":"2017-06-28 14:00:01","active":"1"},{"id":"2","name":"National ID","createdBy":"1","ts":"2017-06-28 14:00:01","active":"1"},{"id":"3","name":"STUDENTS ID","createdBy":"1","ts":"2017-06-28 16:21:46","active":"1"}]],"users":[{"id":"1","firstName":"You","surname":"Jinshu","email":"hudsonbogere@swipeit.co.ug","phone":"256783131266","userName":"you","branchId":"0","userTypeId":"1","password":"$2y$10$pPGbhJ1RXx\/ug.ED3LnsQuKHJTqwYsa\/iF0OqGOgsjflkHKIDTLVq","sessionId":"KSTms8GEe36Gy41kXds63LMk2kJjROlO","ipAddress":"41.210.145.81","createdBy":null,"ts":"2017-06-23 15:08:12","active":"1"},{"id":"2","firstName":"Nansubuga","surname":"Dorothy","email":"henry@gmail.com","phone":"256752284441","userName":"dorah","branchId":"12","userTypeId":"3","password":"$2y$10$F9t92sYKf2rDJ.JzCmrrT.Jt1Ix37Fuo.uZKpXPn69dgDUTZ8xLXi","sessionId":"PkYoVoaOvN1lQY4qD0TcgDaDUGxklKDv","ipAddress":"105.231.254.109","createdBy":"1","ts":"2017-06-26 19:11:07","active":"1"},{"id":"3","firstName":"Lydia","surname":"Amoi","email":"islam@gmail.com","phone":"256777608310","userName":"lydia","branchId":"6","userTypeId":"2","password":"$2y$10$m72Zz8Z.h4\/Zp6TFDhmbXeQ79kZ7JJ2U0yLUanc0dDVxbc.5UPkRG","sessionId":"N35PCsvWubMMcNjtv44zaguTt6Y6OeJh","ipAddress":"41.75.175.106","createdBy":"1","ts":"2017-06-26 19:41:01","active":"1"},{"id":"4","firstName":"Nabukera","surname":"Maria","email":"banerd@tfb.com","phone":"256774457813","userName":"maria","branchId":"5","userTypeId":"3","password":"$2y$10$wTpUE\/WJFMfQaBglrQocTO9ndV6dbxL2vzFDEJZ1hpVVp4binpXGO","sessionId":"rlwjPHNyG6kNuWcT7RLiz3gIRGkmcp0H","ipAddress":"41.243.11.143","createdBy":"1","ts":"2017-06-26 23:04:07","active":"1"},{"id":"5","firstName":"Henry","surname":"Bbosa","email":null,"phone":null,"userName":"henry","branchId":"11","userTypeId":"3","password":"$2y$10$m72Zz8Z.h4\/Zp6TFDhmbXeQ79kZ7JJ2U0yLUanc0dDVxbc.5UPkRG","sessionId":"KuHhidhw1OhGe26SFBd1cBjUUCmDWcBy","ipAddress":"197.157.34.178","createdBy":"1","ts":"2017-07-05 00:00:00","active":"1"},{"id":"6","firstName":"Edwin","surname":"Kakeeto","email":"edwin@edwin.com","phone":"0777777557","userName":"edwin","branchId":"7","userTypeId":"3","password":"$2y$10$m72Zz8Z.h4\/Zp6TFDhmbXeQ79kZ7JJ2U0yLUanc0dDVxbc.5UPkRG","sessionId":"","ipAddress":"160.242.142.203","createdBy":"3","ts":"2017-07-10 07:37:50","active":"1"},{"id":"7","firstName":"Trish","surname":"Baby","email":"patricia@gmail.com","phone":"0777777557","userName":"trish","branchId":"13","userTypeId":"3","password":"$2y$10$m72Zz8Z.h4\/Zp6TFDhmbXeQ79kZ7JJ2U0yLUanc0dDVxbc.5UPkRG","sessionId":"","ipAddress":"160.242.141.153","createdBy":null,"ts":null,"active":"1"},{"id":"8","firstName":"cedric","surname":"cedric","email":"cedric@gmail.com","phone":"+256754813912","userName":"cedric","branchId":"7","userTypeId":"3","password":"$2y$10$m72Zz8Z.h4\/Zp6TFDhmbXeQ79kZ7JJ2U0yLUanc0dDVxbc.5UPkRG","sessionId":"","ipAddress":"160.242.141.153","createdBy":null,"ts":null,"active":"1"}],"accounts":[{"id":"16","name":"KINSHASHA-USD Account","branchId":"5","currency_id":"2"},{"id":"20","name":"OASIS MALL-RMB Account","branchId":"6","currency_id":"1"},{"id":"21","name":"OASIS MALL-USD Account","branchId":"6","currency_id":"2"},{"id":"22","name":"OASIS MALL-DIRHAM Account","branchId":"6","currency_id":"3"},{"id":"23","name":"OASIS MALL-UGX Account","branchId":"6","currency_id":"4"},{"id":"24","name":"OASIS MALL-KSH Account","branchId":"6","currency_id":"5"},{"id":"27","name":"CHINA-RMB Account","branchId":"11","currency_id":"1"},{"id":"28","name":"CHINA-USD Account","branchId":"11","currency_id":"2"},{"id":"33","name":"NAIROBI-USD Account","branchId":"12","currency_id":"2"},{"id":"36","name":"NAIROBI-KSH Account","branchId":"12","currency_id":"5"},{"id":"37","name":"GOMA-USD ACCOUNT","branchId":"7","currency_id":"2"},{"id":"38","name":"KAMPALA ROAD -USD ACCOUNT","branchId":"13","currency_id":"2"},{"id":"39","name":"KAMPALA ROAD- UGX ACCOUNT ","branchId":"13","currency_id":"4"}],"currencies":[{"id":"1","name":"RMB","symbol":"\u00c2\u00a5","createdBy":"1","ts":"2017-06-27 22:45:12","active":"1"},{"id":"2","name":"USD","symbol":"$","createdBy":"1","ts":"2017-06-27 22:45:12","active":"1"},{"id":"3","name":"DIRHAM","symbol":"","createdBy":"1","ts":"2017-06-28 11:40:09","active":"1"},{"id":"4","name":"UGX","symbol":"\/=","createdBy":"1","ts":"2017-06-28 11:46:50","active":"1"},{"id":"5","name":"KSH","symbol":"","createdBy":"1","ts":"2017-06-28 11:46:50","active":"1"}],"superaccount":[{"id":"1","name":"RMB Account","branchId":"0","type_id":"4","currency_id":"1","balance":"0","createdBy":"1","active":"1","ts":"2017-06-27 22:45:12"}],"accountTypes":[{"id":"1","type":"Transfer","description":"","createdBy":"1","ts":"2017-06-28 14:31:12","active":"1"},{"id":"2","type":"Suspense","description":"","createdBy":"1","ts":"2017-06-28 14:31:12","active":"1"},{"id":"4","type":"Super","description":"","createdBy":"1","ts":"2017-06-28 14:31:12","active":"1"}],"userTypes":[{"id":"1","name":"E-Value Admin","level":"1","ts":"2017-06-27 22:45:12","active":"1"},{"id":"2","name":"Super User","level":"2","ts":"2017-06-27 22:45:12","active":"1"},{"id":"3","name":"Agent","level":"3","ts":"2017-06-27 22:45:12","active":"1"},{"id":"4","name":"System Admin","level":"4","ts":"2017-06-27 22:45:12","active":"1"}]},"success":1}
2017-07-21 13:42:16 ---- New Request ----
2017-07-21 13:42:16 Controller : Transfers
2017-07-21 13:42:16 Method : createtransferAction
2017-07-21 13:42:16 Controller File : controllers/Transfers.class.php, Exists
2017-07-21 13:42:16 Class constructed
2017-07-21 13:42:16 Class constructed
2017-07-21 13:42:16 Transfer Creation Params ;Amount :178245\currencyid : 2
Country : 0
Charge : 0
sfname : 
ssurname : Li
Account Number : 254790533658
semail : 
sphone : +254791293969
sidtype : 0
sid : 0
rfname : Dong
rsurname : Yi
remail : 
rphone : +254790533658
Receiver Branch : 0
passcode : ******
password : ******
userid : 2
sessionid : PkYoVoaOvN1lQY4qD0TcgDaDUGxklKDv
Exchange Rate : 104.85
AmountAfterXchange : 1700
Charge Currency : 2017-07-21 13:42:16 SELECT SQL : SELECT * FROM settings WHERE  name = 'SuspenseAccount'  
2017-07-21 13:42:16 SELECT SQL : SELECT * FROM users WHERE  id = '2'  
2017-07-21 13:42:16 INSERT SQL : INSERT INTO transfers  (ts,userIdSource,amount,currency,destinationCountryId,toBranch,senderFname,senderSurname,senderEmail,senderPhone,senderIdType,senderId,receiverFname,receiverSurname,receiverEmail,receiverPhone,fromBranch,passcode,status,sourceIpAddress)  VALUES(NOW(),'2','178245','2','0','0','','Li','','+254791293969','0','0','Dong','Yi','','+254790533658','12','$2y$10$d2VLDe6rOJ16Jjaa1K.dH.pax/yD0DmE6pBM36MavGlAtpHq0yNd2','Pending','105.231.254.109')
2017-07-21 13:42:16 SELECT SQL : SELECT id,transferRef FROM transfers WHERE  id = '45'  
2017-07-21 13:42:16 INSERT SQL : INSERT INTO audit_trails  (ts,userId,tableName,recordId,field,oldValue,newValue)  VALUES(NOW(),'2','transfers','45','transferRef','','01200245')
2017-07-21 13:42:16 audit_trails Insert ID : 420
2017-07-21 13:42:16 UPDATE SQL : UPDATE transfers SET transferRef = '01200245' WHERE  id = '45' 
2017-07-21 13:42:16 SELECT SQL : SELECT id FROM accounts WHERE  branchId = '12' AND currency_id = '5'  
2017-07-21 13:42:16 INSERT SQL : INSERT INTO account_transfers  (ts,amountAfterXchange,amountB4Xchange,currencyB4Xchange,currencyAfterXchange,exchangeRate,type,amount,charge,fromId,toId,transferRef,userId)  VALUES(NOW(),'1700','178245','5','2','104.85','transfer','178245','0','25','36','01200245','2')
2017-07-21 13:42:16 Balance Update Params :
Branch Id : 12
Account ID : 36
Amount : 178245
2017-07-21 13:42:16 SELECT SQL : SELECT * FROM balances WHERE  branchId = '12' AND accountId = '36'  
2017-07-21 13:42:16 SELECT SQL : SELECT * FROM balances WHERE  branchId = '12' AND accountId = '36' AND date = '2017-07-21'  
2017-07-21 13:42:16 UPDATE SQL : UPDATE balances SET closingBalance = '921493' WHERE  branchId = '12' AND accountId = '36' AND date = '2017-07-21' 
2017-07-21 13:42:16 Balance Update Status 2:1
 2017-07-21 13:42:16 Balance Update Params :
Branch Id : 0
Account ID : 25
Amount : -178245
2017-07-21 13:42:16 SELECT SQL : SELECT * FROM balances WHERE  branchId = '0' AND accountId = '25'  
2017-07-21 13:42:16 SELECT SQL : SELECT * FROM balances WHERE  branchId = '0' AND accountId = '25' AND date = '2017-07-21'  
2017-07-21 13:42:16 UPDATE SQL : UPDATE balances SET closingBalance = '-3998392' WHERE  branchId = '0' AND accountId = '25' AND date = '2017-07-21' 
2017-07-21 13:42:16 Balance Update Status 2:1
 2017-07-21 13:42:16 SELECT SQL : SELECT id FROM accounts WHERE  branchId = '12' AND currency_id = ''  
2017-07-21 13:42:16 Balance Update Params :
Branch Id : 12
Account ID : 0
Amount : 0
2017-07-21 13:42:16 SELECT SQL : SELECT * FROM balances WHERE  branchId = '12' AND accountId = '0'  
2017-07-21 13:42:16 SELECT SQL : SELECT * FROM balances WHERE  branchId = '12' AND accountId = '0' AND date = '2017-07-21'  
2017-07-21 13:42:16 UPDATE SQL : UPDATE balances SET closingBalance = '1700' WHERE  branchId = '12' AND accountId = '0' AND date = '2017-07-21' 
2017-07-21 13:42:16 Balance Update Status 2:1
 2017-07-21 13:42:16 SELECT SQL : SELECT * FROM transfers WHERE  fromBranch = '12'  OR toBranch = '12'  OR destinationCountryId = '0'  
2017-07-21 13:42:16 Response : {"success":1,"data":"01200245"}
2017-07-21 13:42:36 ---- New Request ----
2017-07-21 13:42:36 Controller : Transfers
2017-07-21 13:42:36 Method : getallaccountbalancesAction
2017-07-21 13:42:36 Controller File : controllers/Transfers.class.php, Exists
2017-07-21 13:42:36 Class constructed
2017-07-21 13:42:36 Class constructed
2017-07-21 13:42:36 UserID : 2
SessionId : PkYoVoaOvN1lQY4qD0TcgDaDUGxklKDv
Branch ID : 12
2017-07-21 13:42:36 SELECT SQL : SELECT sessionId FROM users WHERE  id = '2'  
2017-07-21 13:42:36 SELECT SQL : SELECT name,id FROM accounts WHERE  active = '1' AND branchId = '12'  
2017-07-21 13:42:36 SELECT SQL : SELECT name FROM branches WHERE  id = '12'  
2017-07-21 13:42:36 Response : {"success":1,"data":[{"name":"NAIROBI-USD Account","id":"33","balance":4589},{"name":"NAIROBI-KSH Account","id":"36","balance":921493}],"branchName":"NAIROBI"}
2017-07-21 13:43:31 ---- New Request ----
2017-07-21 13:43:31 Controller : Users
2017-07-21 13:43:31 Method : loginAction
2017-07-21 13:43:31 Controller File : controllers/Users.class.php, Exists
2017-07-21 13:43:31 Class constructed
2017-07-21 13:43:31 Login Params ;Username :dorah
Password : ******
2017-07-21 13:43:31 SELECT SQL : SELECT id,firstName,surname,userName,userTypeId,sessionId,password,active,branchId FROM users WHERE  userName = 'dorah'  
2017-07-21 13:43:31 SELECT SQL : SELECT name FROM branches WHERE  id = '12'  
2017-07-21 13:43:31 UPDATE SQL : UPDATE users SET sessionId = '0rVIuhECikz0XW2BnLoYkbqViC1dRJSI',ipAddress = '105.231.254.109' WHERE  id = '2' 
2017-07-21 13:43:31 Response : {"success":1,"data":{"id":"2","firstName":"Nansubuga","surname":"Dorothy","userName":"dorah","userTypeId":"3","sessionId":"0rVIuhECikz0XW2BnLoYkbqViC1dRJSI","branchId":"12","branchName":"NAIROBI"}}
2017-07-21 13:43:33 ---- New Request ----
2017-07-21 13:43:33 Controller : Users
2017-07-21 13:43:33 Method : formsdetailsAction
2017-07-21 13:43:33 Controller File : controllers/Users.class.php, Exists
2017-07-21 13:43:33 Class constructed
2017-07-21 13:43:33 Details Params :
SessionID :0rVIuhECikz0XW2BnLoYkbqViC1dRJSI
User ID : 2
2017-07-21 13:43:33 SELECT SQL : SELECT * FROM branches WHERE  active = '1'  
2017-07-21 13:43:33 SELECT SQL : SELECT * FROM countries WHERE  active = '1'  
2017-07-21 13:43:33 SELECT SQL : SELECT * FROM identification WHERE  active = '1'  
2017-07-21 13:43:33 SELECT SQL : SELECT * FROM users WHERE  active = '1'  
2017-07-21 13:43:33 SELECT SQL : SELECT id,name,branchId,currency_id FROM accounts WHERE  active = '1' AND type_id = '1'  
2017-07-21 13:43:33 Balance Update Params :
Branch Id : 5
Account ID : 16
Amount : 0
2017-07-21 13:43:33 SELECT SQL : SELECT * FROM balances WHERE  branchId = '5' AND accountId = '16'  
2017-07-21 13:43:33 SELECT SQL : SELECT * FROM balances WHERE  branchId = '5' AND accountId = '16' AND date = '2017-07-21'  
2017-07-21 13:43:33 UPDATE SQL : UPDATE balances SET closingBalance = '293496' WHERE  branchId = '5' AND accountId = '16' AND date = '2017-07-21' 
2017-07-21 13:43:33 Balance Update Status 2:1
 2017-07-21 13:43:33 Balance Update Params :
Branch Id : 6
Account ID : 20
Amount : 0
2017-07-21 13:43:33 SELECT SQL : SELECT * FROM balances WHERE  branchId = '6' AND accountId = '20'  
2017-07-21 13:43:33 Balance Update Params :
Branch Id : 6
Account ID : 21
Amount : 0
2017-07-21 13:43:33 SELECT SQL : SELECT * FROM balances WHERE  branchId = '6' AND accountId = '21'  
2017-07-21 13:43:33 SELECT SQL : SELECT * FROM balances WHERE  branchId = '6' AND accountId = '21' AND date = '2017-07-21'  
2017-07-21 13:43:33 UPDATE SQL : UPDATE balances SET closingBalance = '627698.05028101' WHERE  branchId = '6' AND accountId = '21' AND date = '2017-07-21' 
2017-07-21 13:43:33 Balance Update Status 2:1
 2017-07-21 13:43:33 Balance Update Params :
Branch Id : 6
Account ID : 22
Amount : 0
2017-07-21 13:43:33 SELECT SQL : SELECT * FROM balances WHERE  branchId = '6' AND accountId = '22'  
2017-07-21 13:43:33 Balance Update Params :
Branch Id : 6
Account ID : 23
Amount : 0
2017-07-21 13:43:33 SELECT SQL : SELECT * FROM balances WHERE  branchId = '6' AND accountId = '23'  
2017-07-21 13:43:33 SELECT SQL : SELECT * FROM balances WHERE  branchId = '6' AND accountId = '23' AND date = '2017-07-21'  
2017-07-21 13:43:33 UPDATE SQL : UPDATE balances SET closingBalance = '-113664482' WHERE  branchId = '6' AND accountId = '23' AND date = '2017-07-21' 
2017-07-21 13:43:33 Balance Update Status 2:1
 2017-07-21 13:43:33 Balance Update Params :
Branch Id : 6
Account ID : 24
Amount : 0
2017-07-21 13:43:33 SELECT SQL : SELECT * FROM balances WHERE  branchId = '6' AND accountId = '24'  
2017-07-21 13:43:33 Balance Update Params :
Branch Id : 11
Account ID : 27
Amount : 0
2017-07-21 13:43:33 SELECT SQL : SELECT * FROM balances WHERE  branchId = '11' AND accountId = '27'  
2017-07-21 13:43:33 SELECT SQL : SELECT * FROM balances WHERE  branchId = '11' AND accountId = '27' AND date = '2017-07-21'  
2017-07-21 13:43:33 UPDATE SQL : UPDATE balances SET closingBalance = '94614.1774296' WHERE  branchId = '11' AND accountId = '27' AND date = '2017-07-21' 
2017-07-21 13:43:33 Balance Update Status 2:1
 2017-07-21 13:43:33 Balance Update Params :
Branch Id : 11
Account ID : 28
Amount : 0
2017-07-21 13:43:33 SELECT SQL : SELECT * FROM balances WHERE  branchId = '11' AND accountId = '28'  
2017-07-21 13:43:33 Balance Update Params :
Branch Id : 12
Account ID : 33
Amount : 0
2017-07-21 13:43:33 SELECT SQL : SELECT * FROM balances WHERE  branchId = '12' AND accountId = '33'  
2017-07-21 13:43:33 SELECT SQL : SELECT * FROM balances WHERE  branchId = '12' AND accountId = '33' AND date = '2017-07-21'  
2017-07-21 13:43:33 UPDATE SQL : UPDATE balances SET closingBalance = '4589' WHERE  branchId = '12' AND accountId = '33' AND date = '2017-07-21' 
2017-07-21 13:43:33 Balance Update Status 2:1
 2017-07-21 13:43:33 Balance Update Params :
Branch Id : 12
Account ID : 36
Amount : 0
2017-07-21 13:43:33 SELECT SQL : SELECT * FROM balances WHERE  branchId = '12' AND accountId = '36'  
2017-07-21 13:43:33 SELECT SQL : SELECT * FROM balances WHERE  branchId = '12' AND accountId = '36' AND date = '2017-07-21'  
2017-07-21 13:43:33 UPDATE SQL : UPDATE balances SET closingBalance = '921493' WHERE  branchId = '12' AND accountId = '36' AND date = '2017-07-21' 
2017-07-21 13:43:33 Balance Update Status 2:1
 2017-07-21 13:43:33 Balance Update Params :
Branch Id : 7
Account ID : 37
Amount : 0
2017-07-21 13:43:33 SELECT SQL : SELECT * FROM balances WHERE  branchId = '7' AND accountId = '37'  
2017-07-21 13:43:33 SELECT SQL : SELECT * FROM balances WHERE  branchId = '7' AND accountId = '37' AND date = '2017-07-21'  
2017-07-21 13:43:33 UPDATE SQL : UPDATE balances SET closingBalance = '47450' WHERE  branchId = '7' AND accountId = '37' AND date = '2017-07-21' 
2017-07-21 13:43:33 Balance Update Status 2:1
 2017-07-21 13:43:33 Balance Update Params :
Branch Id : 13
Account ID : 38
Amount : 0
2017-07-21 13:43:33 SELECT SQL : SELECT * FROM balances WHERE  branchId = '13' AND accountId = '38'  
2017-07-21 13:43:33 SELECT SQL : SELECT * FROM balances WHERE  branchId = '13' AND accountId = '38' AND date = '2017-07-21'  
2017-07-21 13:43:33 UPDATE SQL : UPDATE balances SET closingBalance = '2700' WHERE  branchId = '13' AND accountId = '38' AND date = '2017-07-21' 
2017-07-21 13:43:33 Balance Update Status 2:1
 2017-07-21 13:43:33 Balance Update Params :
Branch Id : 13
Account ID : 39
Amount : 0
2017-07-21 13:43:33 SELECT SQL : SELECT * FROM balances WHERE  branchId = '13' AND accountId = '39'  
2017-07-21 13:43:33 SELECT SQL : SELECT * FROM currencies WHERE  active = '1'  
2017-07-21 13:43:33 SELECT SQL : SELECT * FROM accounts WHERE  active = '1' AND type_id = '4'  
2017-07-21 13:43:33 SELECT SQL : SELECT * FROM account_types WHERE  active = '1'  
2017-07-21 13:43:33 SELECT SQL : SELECT * FROM user_types WHERE  active = '1'  
2017-07-21 13:43:33 Response : {"data":{"branches":[{"id":"5","name":"KINSHASHA","countryId":"4","location":"Patrice Avenue","supervisorId":"3","createdBy":"4","ts":"2017-06-30 00:06:55","active":"1"},{"id":"6","name":"OASIS MALL","countryId":"1","location":"Yusufu Lule Rd","supervisorId":"3","createdBy":"2","ts":"2017-06-30 00:12:08","active":"1"},{"id":"7","name":"GOMA","countryId":"4","location":"Goma","supervisorId":"3","createdBy":"1","ts":"2017-07-05 00:00:00","active":"1"},{"id":"9","name":"MOMBASA","countryId":"2","location":"Mombasa","supervisorId":"3","createdBy":"1","ts":"2017-07-05 00:00:00","active":"1"},{"id":"10","name":"DUBAI","countryId":"6","location":"Dubai","supervisorId":"3","createdBy":"1","ts":"2017-07-05 00:00:00","active":"1"},{"id":"11","name":"CHINA","countryId":"5","location":"China","supervisorId":"3","createdBy":"3","ts":"2017-07-05 13:23:17","active":"1"},{"id":"12","name":"NAIROBI","countryId":"2","location":"Nairobi","supervisorId":"3","createdBy":"3","ts":"2017-07-06 14:12:35","active":"1"},{"id":"13","name":"KAMPALA ROAD","countryId":"1","location":"kampala road","supervisorId":"3","createdBy":"3","ts":"2017-07-06 14:12:35","active":"1"}],"countries":[{"id":"1","name":"UGANDA","createdBy":"1","ts":"2017-06-25 23:13:31","active":"1"},{"id":"2","name":"KENYA","createdBy":"1","ts":"2017-06-26 09:02:45","active":"1"},{"id":"3","name":"TZ","createdBy":"1","ts":"2017-06-28 11:11:53","active":"1"},{"id":"4","name":"CONGO","createdBy":"1","ts":"2017-06-28 11:26:11","active":"1"},{"id":"5","name":"CHINA","createdBy":"1","ts":"2017-06-28 11:30:01","active":"1"},{"id":"6","name":"UAE","createdBy":"1","ts":"2017-07-05 00:00:00","active":"1"}],"ids":[[{"id":"1","name":"Passport","createdBy":"1","ts":"2017-06-28 14:00:01","active":"1"},{"id":"2","name":"National ID","createdBy":"1","ts":"2017-06-28 14:00:01","active":"1"},{"id":"3","name":"STUDENTS ID","createdBy":"1","ts":"2017-06-28 16:21:46","active":"1"}]],"users":[{"id":"1","firstName":"You","surname":"Jinshu","email":"hudsonbogere@swipeit.co.ug","phone":"256783131266","userName":"you","branchId":"0","userTypeId":"1","password":"$2y$10$pPGbhJ1RXx\/ug.ED3LnsQuKHJTqwYsa\/iF0OqGOgsjflkHKIDTLVq","sessionId":"KSTms8GEe36Gy41kXds63LMk2kJjROlO","ipAddress":"41.210.145.81","createdBy":null,"ts":"2017-06-23 15:08:12","active":"1"},{"id":"2","firstName":"Nansubuga","surname":"Dorothy","email":"henry@gmail.com","phone":"256752284441","userName":"dorah","branchId":"12","userTypeId":"3","password":"$2y$10$F9t92sYKf2rDJ.JzCmrrT.Jt1Ix37Fuo.uZKpXPn69dgDUTZ8xLXi","sessionId":"0rVIuhECikz0XW2BnLoYkbqViC1dRJSI","ipAddress":"105.231.254.109","createdBy":"1","ts":"2017-06-26 19:11:07","active":"1"},{"id":"3","firstName":"Lydia","surname":"Amoi","email":"islam@gmail.com","phone":"256777608310","userName":"lydia","branchId":"6","userTypeId":"2","password":"$2y$10$m72Zz8Z.h4\/Zp6TFDhmbXeQ79kZ7JJ2U0yLUanc0dDVxbc.5UPkRG","sessionId":"N35PCsvWubMMcNjtv44zaguTt6Y6OeJh","ipAddress":"41.75.175.106","createdBy":"1","ts":"2017-06-26 19:41:01","active":"1"},{"id":"4","firstName":"Nabukera","surname":"Maria","email":"banerd@tfb.com","phone":"256774457813","userName":"maria","branchId":"5","userTypeId":"3","password":"$2y$10$wTpUE\/WJFMfQaBglrQocTO9ndV6dbxL2vzFDEJZ1hpVVp4binpXGO","sessionId":"rlwjPHNyG6kNuWcT7RLiz3gIRGkmcp0H","ipAddress":"41.243.11.143","createdBy":"1","ts":"2017-06-26 23:04:07","active":"1"},{"id":"5","firstName":"Henry","surname":"Bbosa","email":null,"phone":null,"userName":"henry","branchId":"11","userTypeId":"3","password":"$2y$10$m72Zz8Z.h4\/Zp6TFDhmbXeQ79kZ7JJ2U0yLUanc0dDVxbc.5UPkRG","sessionId":"KuHhidhw1OhGe26SFBd1cBjUUCmDWcBy","ipAddress":"197.157.34.178","createdBy":"1","ts":"2017-07-05 00:00:00","active":"1"},{"id":"6","firstName":"Edwin","surname":"Kakeeto","email":"edwin@edwin.com","phone":"0777777557","userName":"edwin","branchId":"7","userTypeId":"3","password":"$2y$10$m72Zz8Z.h4\/Zp6TFDhmbXeQ79kZ7JJ2U0yLUanc0dDVxbc.5UPkRG","sessionId":"","ipAddress":"160.242.142.203","createdBy":"3","ts":"2017-07-10 07:37:50","active":"1"},{"id":"7","firstName":"Trish","surname":"Baby","email":"patricia@gmail.com","phone":"0777777557","userName":"trish","branchId":"13","userTypeId":"3","password":"$2y$10$m72Zz8Z.h4\/Zp6TFDhmbXeQ79kZ7JJ2U0yLUanc0dDVxbc.5UPkRG","sessionId":"","ipAddress":"160.242.141.153","createdBy":null,"ts":null,"active":"1"},{"id":"8","firstName":"cedric","surname":"cedric","email":"cedric@gmail.com","phone":"+256754813912","userName":"cedric","branchId":"7","userTypeId":"3","password":"$2y$10$m72Zz8Z.h4\/Zp6TFDhmbXeQ79kZ7JJ2U0yLUanc0dDVxbc.5UPkRG","sessionId":"","ipAddress":"160.242.141.153","createdBy":null,"ts":null,"active":"1"}],"accounts":[{"id":"16","name":"KINSHASHA-USD Account","branchId":"5","currency_id":"2"},{"id":"20","name":"OASIS MALL-RMB Account","branchId":"6","currency_id":"1"},{"id":"21","name":"OASIS MALL-USD Account","branchId":"6","currency_id":"2"},{"id":"22","name":"OASIS MALL-DIRHAM Account","branchId":"6","currency_id":"3"},{"id":"23","name":"OASIS MALL-UGX Account","branchId":"6","currency_id":"4"},{"id":"24","name":"OASIS MALL-KSH Account","branchId":"6","currency_id":"5"},{"id":"27","name":"CHINA-RMB Account","branchId":"11","currency_id":"1"},{"id":"28","name":"CHINA-USD Account","branchId":"11","currency_id":"2"},{"id":"33","name":"NAIROBI-USD Account","branchId":"12","currency_id":"2"},{"id":"36","name":"NAIROBI-KSH Account","branchId":"12","currency_id":"5"},{"id":"37","name":"GOMA-USD ACCOUNT","branchId":"7","currency_id":"2"},{"id":"38","name":"KAMPALA ROAD -USD ACCOUNT","branchId":"13","currency_id":"2"},{"id":"39","name":"KAMPALA ROAD- UGX ACCOUNT ","branchId":"13","currency_id":"4"}],"currencies":[{"id":"1","name":"RMB","symbol":"\u00c2\u00a5","createdBy":"1","ts":"2017-06-27 22:45:12","active":"1"},{"id":"2","name":"USD","symbol":"$","createdBy":"1","ts":"2017-06-27 22:45:12","active":"1"},{"id":"3","name":"DIRHAM","symbol":"","createdBy":"1","ts":"2017-06-28 11:40:09","active":"1"},{"id":"4","name":"UGX","symbol":"\/=","createdBy":"1","ts":"2017-06-28 11:46:50","active":"1"},{"id":"5","name":"KSH","symbol":"","createdBy":"1","ts":"2017-06-28 11:46:50","active":"1"}],"superaccount":[{"id":"1","name":"RMB Account","branchId":"0","type_id":"4","currency_id":"1","balance":"0","createdBy":"1","active":"1","ts":"2017-06-27 22:45:12"}],"accountTypes":[{"id":"1","type":"Transfer","description":"","createdBy":"1","ts":"2017-06-28 14:31:12","active":"1"},{"id":"2","type":"Suspense","description":"","createdBy":"1","ts":"2017-06-28 14:31:12","active":"1"},{"id":"4","type":"Super","description":"","createdBy":"1","ts":"2017-06-28 14:31:12","active":"1"}],"userTypes":[{"id":"1","name":"E-Value Admin","level":"1","ts":"2017-06-27 22:45:12","active":"1"},{"id":"2","name":"Super User","level":"2","ts":"2017-06-27 22:45:12","active":"1"},{"id":"3","name":"Agent","level":"3","ts":"2017-06-27 22:45:12","active":"1"},{"id":"4","name":"System Admin","level":"4","ts":"2017-06-27 22:45:12","active":"1"}]},"success":1}
2017-07-21 13:43:40 ---- New Request ----
2017-07-21 13:43:40 Controller : Transfers
2017-07-21 13:43:40 Method : getallaccountbalancesAction
2017-07-21 13:43:40 Controller File : controllers/Transfers.class.php, Exists
2017-07-21 13:43:40 Class constructed
2017-07-21 13:43:40 Class constructed
2017-07-21 13:43:40 UserID : 2
SessionId : 0rVIuhECikz0XW2BnLoYkbqViC1dRJSI
Branch ID : 12
2017-07-21 13:43:40 SELECT SQL : SELECT sessionId FROM users WHERE  id = '2'  
2017-07-21 13:43:40 SELECT SQL : SELECT name,id FROM accounts WHERE  active = '1' AND branchId = '12'  
2017-07-21 13:43:40 SELECT SQL : SELECT name FROM branches WHERE  id = '12'  
2017-07-21 13:43:40 Response : {"success":1,"data":[{"name":"NAIROBI-USD Account","id":"33","balance":4589},{"name":"NAIROBI-KSH Account","id":"36","balance":921493}],"branchName":"NAIROBI"}
2017-07-21 13:44:00 ---- New Request ----
2017-07-21 13:44:00 Controller : Transfers
2017-07-21 13:44:00 Method : getbalancesAction
2017-07-21 13:44:00 Controller File : controllers/Transfers.class.php, Exists
2017-07-21 13:44:00 Class constructed
2017-07-21 13:44:00 Class constructed
2017-07-21 13:44:00 UserID : 2
SessionId : 0rVIuhECikz0XW2BnLoYkbqViC1dRJSI
Branch ID : 
Date : 
2017-07-21 13:44:00 SELECT SQL : SELECT sessionId,branchId,userTypeId FROM users WHERE  id = '2'  
2017-07-21 13:44:00 SELECT SQL : SELECT closingBalance,openingBalance,accountId,branchId,date FROM balances WHERE  date = '2017-07-21' AND branchId = '12'  
2017-07-21 13:44:00 SELECT SQL : SELECT name FROM accounts WHERE  id = '33'  
2017-07-21 13:44:00 SELECT SQL : SELECT name FROM branches WHERE  id = '12'  
2017-07-21 13:44:00 SELECT SQL : SELECT name FROM accounts WHERE  id = '36'  
2017-07-21 13:44:00 SELECT SQL : SELECT name FROM branches WHERE  id = '12'  
2017-07-21 13:44:00 SELECT SQL : SELECT name FROM accounts WHERE  id = '0'  
2017-07-21 13:44:00 SELECT SQL : SELECT name FROM branches WHERE  id = '12'  
2017-07-21 13:44:00 Response : {"success":1,"data":[{"closingBalance":"4589","openingBalance":"589","accountId":"33","branchId":"12","date":"2017-07-21","accountName":"NAIROBI-USD Account","branchName":"NAIROBI"},{"closingBalance":"921493","openingBalance":"339848","accountId":"36","branchId":"12","date":"2017-07-21","accountName":"NAIROBI-KSH Account","branchName":"NAIROBI"},{"closingBalance":"1700","openingBalance":"1700","accountId":"0","branchId":"12","date":"2017-07-21","accountName":null,"branchName":"NAIROBI"}]}
2017-07-21 13:46:31 ---- New Request ----
2017-07-21 13:46:31 Controller : Transfers
2017-07-21 13:46:31 Method : createexpenseAction
2017-07-21 13:46:31 Controller File : controllers/Transfers.class.php, Exists
2017-07-21 13:46:31 Class constructed
2017-07-21 13:46:31 Class constructed
2017-07-21 13:46:31 UserID : 2
SessionId : 0rVIuhECikz0XW2BnLoYkbqViC1dRJSI
Currency ID : 2
Reason : Sold 1700 USD at a rate of 104.85
Amount : 1700
2017-07-21 13:46:31 SELECT SQL : SELECT sessionId,branchId FROM users WHERE  id = '2'  
2017-07-21 13:46:31 INSERT SQL : INSERT INTO expenses  (ts,amount,currencyId,description,createdBy,branchId)  VALUES(NOW(),'1700','2','Sold 1700 USD at a rate of 104.85','2','12')
2017-07-21 13:46:31 SELECT SQL : SELECT id FROM accounts WHERE  branchId = '12' AND currency_id = '2'  
2017-07-21 13:46:31 INSERT SQL : INSERT INTO account_transfers  (ts,type,amount,charge,fromId,toId,transferRef,userId,amountAfterXchange,amountB4Xchange)  VALUES(NOW(),'transfer','1700','0','33','0','0','2','1700','1700')
2017-07-21 13:46:31 Balance Update Params :
Branch Id : 12
Account ID : 33
Amount : -1700
2017-07-21 13:46:31 SELECT SQL : SELECT * FROM balances WHERE  branchId = '12' AND accountId = '33'  
2017-07-21 13:46:31 SELECT SQL : SELECT * FROM balances WHERE  branchId = '12' AND accountId = '33' AND date = '2017-07-21'  
2017-07-21 13:46:31 UPDATE SQL : UPDATE balances SET closingBalance = '2889' WHERE  branchId = '12' AND accountId = '33' AND date = '2017-07-21' 
2017-07-21 13:46:31 Balance Update Status 2:1
 2017-07-21 13:46:31 Response : {"success":1,"data":"You have successfuly added an expense"}
2017-07-21 13:46:58 ---- New Request ----
2017-07-21 13:46:58 Controller : Transfers
2017-07-21 13:46:58 Method : getallaccountbalancesAction
2017-07-21 13:46:58 Controller File : controllers/Transfers.class.php, Exists
2017-07-21 13:46:58 Class constructed
2017-07-21 13:46:58 Class constructed
2017-07-21 13:46:58 UserID : 2
SessionId : 0rVIuhECikz0XW2BnLoYkbqViC1dRJSI
Branch ID : 12
2017-07-21 13:46:58 SELECT SQL : SELECT sessionId FROM users WHERE  id = '2'  
2017-07-21 13:46:58 SELECT SQL : SELECT name,id FROM accounts WHERE  active = '1' AND branchId = '12'  
2017-07-21 13:46:58 SELECT SQL : SELECT name FROM branches WHERE  id = '12'  
2017-07-21 13:46:58 Response : {"success":1,"data":[{"name":"NAIROBI-USD Account","id":"33","balance":2889},{"name":"NAIROBI-KSH Account","id":"36","balance":921493}],"branchName":"NAIROBI"}
2017-07-21 13:47:19 ---- New Request ----
2017-07-21 13:47:19 Controller : Users
2017-07-21 13:47:19 Method : logoutAction
2017-07-21 13:47:19 Controller File : controllers/Users.class.php, Exists
2017-07-21 13:47:20 Class constructed
2017-07-21 13:47:20 Logout Params ;Session ID :0rVIuhECikz0XW2BnLoYkbqViC1dRJSI\User ID : 2
2017-07-21 13:47:20 UPDATE SQL : UPDATE users SET sessionId = '',ipAddress = '105.231.254.109' WHERE  id = '2' 
2017-07-21 13:47:20 Response : {"success":1}
2017-07-21 13:47:45 ---- New Request ----
2017-07-21 13:47:45 Controller : Users
2017-07-21 13:47:45 Method : loginAction
2017-07-21 13:47:45 Controller File : controllers/Users.class.php, Exists
2017-07-21 13:47:45 Class constructed
2017-07-21 13:47:45 Login Params ;Username :dorah
Password : ******
2017-07-21 13:47:45 SELECT SQL : SELECT id,firstName,surname,userName,userTypeId,sessionId,password,active,branchId FROM users WHERE  userName = 'dorah'  
2017-07-21 13:47:46 SELECT SQL : SELECT name FROM branches WHERE  id = '12'  
2017-07-21 13:47:46 UPDATE SQL : UPDATE users SET sessionId = 'bYcsIunwxRJ8nwHwBISrMWt0OwqGOTyb',ipAddress = '105.231.254.109' WHERE  id = '2' 
2017-07-21 13:47:46 Response : {"success":1,"data":{"id":"2","firstName":"Nansubuga","surname":"Dorothy","userName":"dorah","userTypeId":"3","sessionId":"bYcsIunwxRJ8nwHwBISrMWt0OwqGOTyb","branchId":"12","branchName":"NAIROBI"}}
2017-07-21 13:47:47 ---- New Request ----
2017-07-21 13:47:47 Controller : Users
2017-07-21 13:47:47 Method : formsdetailsAction
2017-07-21 13:47:47 Controller File : controllers/Users.class.php, Exists
2017-07-21 13:47:47 Class constructed
2017-07-21 13:47:47 Details Params :
SessionID :bYcsIunwxRJ8nwHwBISrMWt0OwqGOTyb
User ID : 2
2017-07-21 13:47:47 SELECT SQL : SELECT * FROM branches WHERE  active = '1'  
2017-07-21 13:47:47 SELECT SQL : SELECT * FROM countries WHERE  active = '1'  
2017-07-21 13:47:47 SELECT SQL : SELECT * FROM identification WHERE  active = '1'  
2017-07-21 13:47:47 SELECT SQL : SELECT * FROM users WHERE  active = '1'  
2017-07-21 13:47:47 SELECT SQL : SELECT id,name,branchId,currency_id FROM accounts WHERE  active = '1' AND type_id = '1'  
2017-07-21 13:47:47 Balance Update Params :
Branch Id : 5
Account ID : 16
Amount : 0
2017-07-21 13:47:47 SELECT SQL : SELECT * FROM balances WHERE  branchId = '5' AND accountId = '16'  
2017-07-21 13:47:47 SELECT SQL : SELECT * FROM balances WHERE  branchId = '5' AND accountId = '16' AND date = '2017-07-21'  
2017-07-21 13:47:47 UPDATE SQL : UPDATE balances SET closingBalance = '293496' WHERE  branchId = '5' AND accountId = '16' AND date = '2017-07-21' 
2017-07-21 13:47:47 Balance Update Status 2:1
 2017-07-21 13:47:47 Balance Update Params :
Branch Id : 6
Account ID : 20
Amount : 0
2017-07-21 13:47:47 SELECT SQL : SELECT * FROM balances WHERE  branchId = '6' AND accountId = '20'  
2017-07-21 13:47:47 Balance Update Params :
Branch Id : 6
Account ID : 21
Amount : 0
2017-07-21 13:47:47 SELECT SQL : SELECT * FROM balances WHERE  branchId = '6' AND accountId = '21'  
2017-07-21 13:47:47 SELECT SQL : SELECT * FROM balances WHERE  branchId = '6' AND accountId = '21' AND date = '2017-07-21'  
2017-07-21 13:47:47 UPDATE SQL : UPDATE balances SET closingBalance = '627698.05028101' WHERE  branchId = '6' AND accountId = '21' AND date = '2017-07-21' 
2017-07-21 13:47:47 Balance Update Status 2:1
 2017-07-21 13:47:47 Balance Update Params :
Branch Id : 6
Account ID : 22
Amount : 0
2017-07-21 13:47:47 SELECT SQL : SELECT * FROM balances WHERE  branchId = '6' AND accountId = '22'  
2017-07-21 13:47:47 Balance Update Params :
Branch Id : 6
Account ID : 23
Amount : 0
2017-07-21 13:47:47 SELECT SQL : SELECT * FROM balances WHERE  branchId = '6' AND accountId = '23'  
2017-07-21 13:47:47 SELECT SQL : SELECT * FROM balances WHERE  branchId = '6' AND accountId = '23' AND date = '2017-07-21'  
2017-07-21 13:47:47 UPDATE SQL : UPDATE balances SET closingBalance = '-113664482' WHERE  branchId = '6' AND accountId = '23' AND date = '2017-07-21' 
2017-07-21 13:47:47 Balance Update Status 2:1
 2017-07-21 13:47:47 Balance Update Params :
Branch Id : 6
Account ID : 24
Amount : 0
2017-07-21 13:47:47 SELECT SQL : SELECT * FROM balances WHERE  branchId = '6' AND accountId = '24'  
2017-07-21 13:47:47 Balance Update Params :
Branch Id : 11
Account ID : 27
Amount : 0
2017-07-21 13:47:47 SELECT SQL : SELECT * FROM balances WHERE  branchId = '11' AND accountId = '27'  
2017-07-21 13:47:47 SELECT SQL : SELECT * FROM balances WHERE  branchId = '11' AND accountId = '27' AND date = '2017-07-21'  
2017-07-21 13:47:47 UPDATE SQL : UPDATE balances SET closingBalance = '94614.1774296' WHERE  branchId = '11' AND accountId = '27' AND date = '2017-07-21' 
2017-07-21 13:47:47 Balance Update Status 2:1
 2017-07-21 13:47:47 Balance Update Params :
Branch Id : 11
Account ID : 28
Amount : 0
2017-07-21 13:47:47 SELECT SQL : SELECT * FROM balances WHERE  branchId = '11' AND accountId = '28'  
2017-07-21 13:47:47 Balance Update Params :
Branch Id : 12
Account ID : 33
Amount : 0
2017-07-21 13:47:47 SELECT SQL : SELECT * FROM balances WHERE  branchId = '12' AND accountId = '33'  
2017-07-21 13:47:47 SELECT SQL : SELECT * FROM balances WHERE  branchId = '12' AND accountId = '33' AND date = '2017-07-21'  
2017-07-21 13:47:47 UPDATE SQL : UPDATE balances SET closingBalance = '2889' WHERE  branchId = '12' AND accountId = '33' AND date = '2017-07-21' 
2017-07-21 13:47:47 Balance Update Status 2:1
 2017-07-21 13:47:47 Balance Update Params :
Branch Id : 12
Account ID : 36
Amount : 0
2017-07-21 13:47:47 SELECT SQL : SELECT * FROM balances WHERE  branchId = '12' AND accountId = '36'  
2017-07-21 13:47:47 SELECT SQL : SELECT * FROM balances WHERE  branchId = '12' AND accountId = '36' AND date = '2017-07-21'  
2017-07-21 13:47:47 UPDATE SQL : UPDATE balances SET closingBalance = '921493' WHERE  branchId = '12' AND accountId = '36' AND date = '2017-07-21' 
2017-07-21 13:47:47 Balance Update Status 2:1
 2017-07-21 13:47:47 Balance Update Params :
Branch Id : 7
Account ID : 37
Amount : 0
2017-07-21 13:47:47 SELECT SQL : SELECT * FROM balances WHERE  branchId = '7' AND accountId = '37'  
2017-07-21 13:47:47 SELECT SQL : SELECT * FROM balances WHERE  branchId = '7' AND accountId = '37' AND date = '2017-07-21'  
2017-07-21 13:47:47 UPDATE SQL : UPDATE balances SET closingBalance = '47450' WHERE  branchId = '7' AND accountId = '37' AND date = '2017-07-21' 
2017-07-21 13:47:47 Balance Update Status 2:1
 2017-07-21 13:47:47 Balance Update Params :
Branch Id : 13
Account ID : 38
Amount : 0
2017-07-21 13:47:47 SELECT SQL : SELECT * FROM balances WHERE  branchId = '13' AND accountId = '38'  
2017-07-21 13:47:47 SELECT SQL : SELECT * FROM balances WHERE  branchId = '13' AND accountId = '38' AND date = '2017-07-21'  
2017-07-21 13:47:47 UPDATE SQL : UPDATE balances SET closingBalance = '2700' WHERE  branchId = '13' AND accountId = '38' AND date = '2017-07-21' 
2017-07-21 13:47:47 Balance Update Status 2:1
 2017-07-21 13:47:47 Balance Update Params :
Branch Id : 13
Account ID : 39
Amount : 0
2017-07-21 13:47:47 SELECT SQL : SELECT * FROM balances WHERE  branchId = '13' AND accountId = '39'  
2017-07-21 13:47:47 SELECT SQL : SELECT * FROM currencies WHERE  active = '1'  
2017-07-21 13:47:47 SELECT SQL : SELECT * FROM accounts WHERE  active = '1' AND type_id = '4'  
2017-07-21 13:47:47 SELECT SQL : SELECT * FROM account_types WHERE  active = '1'  
2017-07-21 13:47:47 SELECT SQL : SELECT * FROM user_types WHERE  active = '1'  
2017-07-21 13:47:47 Response : {"data":{"branches":[{"id":"5","name":"KINSHASHA","countryId":"4","location":"Patrice Avenue","supervisorId":"3","createdBy":"4","ts":"2017-06-30 00:06:55","active":"1"},{"id":"6","name":"OASIS MALL","countryId":"1","location":"Yusufu Lule Rd","supervisorId":"3","createdBy":"2","ts":"2017-06-30 00:12:08","active":"1"},{"id":"7","name":"GOMA","countryId":"4","location":"Goma","supervisorId":"3","createdBy":"1","ts":"2017-07-05 00:00:00","active":"1"},{"id":"9","name":"MOMBASA","countryId":"2","location":"Mombasa","supervisorId":"3","createdBy":"1","ts":"2017-07-05 00:00:00","active":"1"},{"id":"10","name":"DUBAI","countryId":"6","location":"Dubai","supervisorId":"3","createdBy":"1","ts":"2017-07-05 00:00:00","active":"1"},{"id":"11","name":"CHINA","countryId":"5","location":"China","supervisorId":"3","createdBy":"3","ts":"2017-07-05 13:23:17","active":"1"},{"id":"12","name":"NAIROBI","countryId":"2","location":"Nairobi","supervisorId":"3","createdBy":"3","ts":"2017-07-06 14:12:35","active":"1"},{"id":"13","name":"KAMPALA ROAD","countryId":"1","location":"kampala road","supervisorId":"3","createdBy":"3","ts":"2017-07-06 14:12:35","active":"1"}],"countries":[{"id":"1","name":"UGANDA","createdBy":"1","ts":"2017-06-25 23:13:31","active":"1"},{"id":"2","name":"KENYA","createdBy":"1","ts":"2017-06-26 09:02:45","active":"1"},{"id":"3","name":"TZ","createdBy":"1","ts":"2017-06-28 11:11:53","active":"1"},{"id":"4","name":"CONGO","createdBy":"1","ts":"2017-06-28 11:26:11","active":"1"},{"id":"5","name":"CHINA","createdBy":"1","ts":"2017-06-28 11:30:01","active":"1"},{"id":"6","name":"UAE","createdBy":"1","ts":"2017-07-05 00:00:00","active":"1"}],"ids":[[{"id":"1","name":"Passport","createdBy":"1","ts":"2017-06-28 14:00:01","active":"1"},{"id":"2","name":"National ID","createdBy":"1","ts":"2017-06-28 14:00:01","active":"1"},{"id":"3","name":"STUDENTS ID","createdBy":"1","ts":"2017-06-28 16:21:46","active":"1"}]],"users":[{"id":"1","firstName":"You","surname":"Jinshu","email":"hudsonbogere@swipeit.co.ug","phone":"256783131266","userName":"you","branchId":"0","userTypeId":"1","password":"$2y$10$pPGbhJ1RXx\/ug.ED3LnsQuKHJTqwYsa\/iF0OqGOgsjflkHKIDTLVq","sessionId":"KSTms8GEe36Gy41kXds63LMk2kJjROlO","ipAddress":"41.210.145.81","createdBy":null,"ts":"2017-06-23 15:08:12","active":"1"},{"id":"2","firstName":"Nansubuga","surname":"Dorothy","email":"henry@gmail.com","phone":"256752284441","userName":"dorah","branchId":"12","userTypeId":"3","password":"$2y$10$F9t92sYKf2rDJ.JzCmrrT.Jt1Ix37Fuo.uZKpXPn69dgDUTZ8xLXi","sessionId":"bYcsIunwxRJ8nwHwBISrMWt0OwqGOTyb","ipAddress":"105.231.254.109","createdBy":"1","ts":"2017-06-26 19:11:07","active":"1"},{"id":"3","firstName":"Lydia","surname":"Amoi","email":"islam@gmail.com","phone":"256777608310","userName":"lydia","branchId":"6","userTypeId":"2","password":"$2y$10$m72Zz8Z.h4\/Zp6TFDhmbXeQ79kZ7JJ2U0yLUanc0dDVxbc.5UPkRG","sessionId":"N35PCsvWubMMcNjtv44zaguTt6Y6OeJh","ipAddress":"41.75.175.106","createdBy":"1","ts":"2017-06-26 19:41:01","active":"1"},{"id":"4","firstName":"Nabukera","surname":"Maria","email":"banerd@tfb.com","phone":"256774457813","userName":"maria","branchId":"5","userTypeId":"3","password":"$2y$10$wTpUE\/WJFMfQaBglrQocTO9ndV6dbxL2vzFDEJZ1hpVVp4binpXGO","sessionId":"rlwjPHNyG6kNuWcT7RLiz3gIRGkmcp0H","ipAddress":"41.243.11.143","createdBy":"1","ts":"2017-06-26 23:04:07","active":"1"},{"id":"5","firstName":"Henry","surname":"Bbosa","email":null,"phone":null,"userName":"henry","branchId":"11","userTypeId":"3","password":"$2y$10$m72Zz8Z.h4\/Zp6TFDhmbXeQ79kZ7JJ2U0yLUanc0dDVxbc.5UPkRG","sessionId":"KuHhidhw1OhGe26SFBd1cBjUUCmDWcBy","ipAddress":"197.157.34.178","createdBy":"1","ts":"2017-07-05 00:00:00","active":"1"},{"id":"6","firstName":"Edwin","surname":"Kakeeto","email":"edwin@edwin.com","phone":"0777777557","userName":"edwin","branchId":"7","userTypeId":"3","password":"$2y$10$m72Zz8Z.h4\/Zp6TFDhmbXeQ79kZ7JJ2U0yLUanc0dDVxbc.5UPkRG","sessionId":"","ipAddress":"160.242.142.203","createdBy":"3","ts":"2017-07-10 07:37:50","active":"1"},{"id":"7","firstName":"Trish","surname":"Baby","email":"patricia@gmail.com","phone":"0777777557","userName":"trish","branchId":"13","userTypeId":"3","password":"$2y$10$m72Zz8Z.h4\/Zp6TFDhmbXeQ79kZ7JJ2U0yLUanc0dDVxbc.5UPkRG","sessionId":"","ipAddress":"160.242.141.153","createdBy":null,"ts":null,"active":"1"},{"id":"8","firstName":"cedric","surname":"cedric","email":"cedric@gmail.com","phone":"+256754813912","userName":"cedric","branchId":"7","userTypeId":"3","password":"$2y$10$m72Zz8Z.h4\/Zp6TFDhmbXeQ79kZ7JJ2U0yLUanc0dDVxbc.5UPkRG","sessionId":"","ipAddress":"160.242.141.153","createdBy":null,"ts":null,"active":"1"}],"accounts":[{"id":"16","name":"KINSHASHA-USD Account","branchId":"5","currency_id":"2"},{"id":"20","name":"OASIS MALL-RMB Account","branchId":"6","currency_id":"1"},{"id":"21","name":"OASIS MALL-USD Account","branchId":"6","currency_id":"2"},{"id":"22","name":"OASIS MALL-DIRHAM Account","branchId":"6","currency_id":"3"},{"id":"23","name":"OASIS MALL-UGX Account","branchId":"6","currency_id":"4"},{"id":"24","name":"OASIS MALL-KSH Account","branchId":"6","currency_id":"5"},{"id":"27","name":"CHINA-RMB Account","branchId":"11","currency_id":"1"},{"id":"28","name":"CHINA-USD Account","branchId":"11","currency_id":"2"},{"id":"33","name":"NAIROBI-USD Account","branchId":"12","currency_id":"2"},{"id":"36","name":"NAIROBI-KSH Account","branchId":"12","currency_id":"5"},{"id":"37","name":"GOMA-USD ACCOUNT","branchId":"7","currency_id":"2"},{"id":"38","name":"KAMPALA ROAD -USD ACCOUNT","branchId":"13","currency_id":"2"},{"id":"39","name":"KAMPALA ROAD- UGX ACCOUNT ","branchId":"13","currency_id":"4"}],"currencies":[{"id":"1","name":"RMB","symbol":"\u00c2\u00a5","createdBy":"1","ts":"2017-06-27 22:45:12","active":"1"},{"id":"2","name":"USD","symbol":"$","createdBy":"1","ts":"2017-06-27 22:45:12","active":"1"},{"id":"3","name":"DIRHAM","symbol":"","createdBy":"1","ts":"2017-06-28 11:40:09","active":"1"},{"id":"4","name":"UGX","symbol":"\/=","createdBy":"1","ts":"2017-06-28 11:46:50","active":"1"},{"id":"5","name":"KSH","symbol":"","createdBy":"1","ts":"2017-06-28 11:46:50","active":"1"}],"superaccount":[{"id":"1","name":"RMB Account","branchId":"0","type_id":"4","currency_id":"1","balance":"0","createdBy":"1","active":"1","ts":"2017-06-27 22:45:12"}],"accountTypes":[{"id":"1","type":"Transfer","description":"","createdBy":"1","ts":"2017-06-28 14:31:12","active":"1"},{"id":"2","type":"Suspense","description":"","createdBy":"1","ts":"2017-06-28 14:31:12","active":"1"},{"id":"4","type":"Super","description":"","createdBy":"1","ts":"2017-06-28 14:31:12","active":"1"}],"userTypes":[{"id":"1","name":"E-Value Admin","level":"1","ts":"2017-06-27 22:45:12","active":"1"},{"id":"2","name":"Super User","level":"2","ts":"2017-06-27 22:45:12","active":"1"},{"id":"3","name":"Agent","level":"3","ts":"2017-06-27 22:45:12","active":"1"},{"id":"4","name":"System Admin","level":"4","ts":"2017-06-27 22:45:12","active":"1"}]},"success":1}
2017-07-21 13:47:59 ---- New Request ----
2017-07-21 13:47:59 Controller : Transfers
2017-07-21 13:47:59 Method : getallaccountbalancesAction
2017-07-21 13:47:59 Controller File : controllers/Transfers.class.php, Exists
2017-07-21 13:47:59 Class constructed
2017-07-21 13:47:59 Class constructed
2017-07-21 13:47:59 UserID : 2
SessionId : bYcsIunwxRJ8nwHwBISrMWt0OwqGOTyb
Branch ID : 12
2017-07-21 13:47:59 SELECT SQL : SELECT sessionId FROM users WHERE  id = '2'  
2017-07-21 13:47:59 SELECT SQL : SELECT name,id FROM accounts WHERE  active = '1' AND branchId = '12'  
2017-07-21 13:47:59 SELECT SQL : SELECT name FROM branches WHERE  id = '12'  
2017-07-21 13:47:59 Response : {"success":1,"data":[{"name":"NAIROBI-USD Account","id":"33","balance":2889},{"name":"NAIROBI-KSH Account","id":"36","balance":921493}],"branchName":"NAIROBI"}
