2017-08-15 09:27:07 ---- New Request ----
2017-08-15 09:27:07 Controller : Users
2017-08-15 09:27:07 Method : loginAction
2017-08-15 09:27:07 Controller File : controllers/Users.class.php, Exists
2017-08-15 09:27:07 Class constructed
2017-08-15 09:27:07 Login Params ;Username :you
Password : ******
2017-08-15 09:27:07 SELECT SQL : SELECT id,firstName,surname,userName,userTypeId,sessionId,password,active,branchId FROM users WHERE  userName = 'you'  
2017-08-15 09:27:07 SELECT SQL : SELECT name FROM branches WHERE  id = '0'  
2017-08-15 09:27:07 UPDATE SQL : UPDATE users SET sessionId = 'vy0FlA7y2vNaxytS7zmLKCoiPeLBC3r1',ipAddress = '::1' WHERE  id = '1' 
2017-08-15 09:27:07 Response : {"success":1,"data":{"id":"1","firstName":"You","surname":"Jinshu","userName":"you","userTypeId":"1","sessionId":"vy0FlA7y2vNaxytS7zmLKCoiPeLBC3r1","branchId":"0","branchName":null}}
2017-08-15 09:27:08 ---- New Request ----
2017-08-15 09:27:08 Controller : Users
2017-08-15 09:27:08 Method : formsdetailsAction
2017-08-15 09:27:08 Controller File : controllers/Users.class.php, Exists
2017-08-15 09:27:08 Class constructed
2017-08-15 09:27:08 Details Params :
SessionID :vy0FlA7y2vNaxytS7zmLKCoiPeLBC3r1
User ID : 1
2017-08-15 09:27:08 SELECT SQL : SELECT * FROM branches WHERE  active = '1'  
2017-08-15 09:27:08 SELECT SQL : SELECT * FROM countries WHERE  active = '1'  
2017-08-15 09:27:08 SELECT SQL : SELECT * FROM identification WHERE  active = '1'  
2017-08-15 09:27:08 SELECT SQL : SELECT * FROM users WHERE  active = '1'  
2017-08-15 09:27:08 SELECT SQL : SELECT id,name,branchId,currency_id FROM accounts WHERE  active = '1' AND type_id = '1'  
2017-08-15 09:27:08 Balance Update Params :
Branch Id : 5
Account ID : 16
Amount : 0
2017-08-15 09:27:08 SELECT SQL : SELECT * FROM balances WHERE  branchId = '5' AND accountId = '16'  
2017-08-15 09:27:08 SELECT SQL : SELECT * FROM balances WHERE  branchId = '5' AND accountId = '16' AND date = '2017-08-15'  
2017-08-15 09:27:08 SELECT SQL : SELECT closingBalance FROM balances WHERE  branchId = '5' AND accountId = '16'  ORDER BY date DESC LIMIT 1
2017-08-15 09:27:08 INSERT SQL : INSERT INTO balances  (ts,branchId,accountId,openingBalance,closingBalance,date)  VALUES(NOW(),'5','16','144123739','144123739','2017-08-15')
2017-08-15 09:27:08 Balance Create Insert ID Today 2:100
 2017-08-15 09:27:08 Balance Update Params :
Branch Id : 6
Account ID : 20
Amount : 0
2017-08-15 09:27:08 SELECT SQL : SELECT * FROM balances WHERE  branchId = '6' AND accountId = '20'  
2017-08-15 09:27:08 SELECT SQL : SELECT * FROM balances WHERE  branchId = '6' AND accountId = '20' AND date = '2017-08-15'  
2017-08-15 09:27:08 SELECT SQL : SELECT closingBalance FROM balances WHERE  branchId = '6' AND accountId = '20'  ORDER BY date DESC LIMIT 1
2017-08-15 09:27:08 INSERT SQL : INSERT INTO balances  (ts,branchId,accountId,openingBalance,closingBalance,date)  VALUES(NOW(),'6','20','3260000','3260000','2017-08-15')
2017-08-15 09:27:08 Balance Create Insert ID Today 2:101
 2017-08-15 09:27:08 Balance Update Params :
Branch Id : 6
Account ID : 21
Amount : 0
2017-08-15 09:27:08 SELECT SQL : SELECT * FROM balances WHERE  branchId = '6' AND accountId = '21'  
2017-08-15 09:27:08 SELECT SQL : SELECT * FROM balances WHERE  branchId = '6' AND accountId = '21' AND date = '2017-08-15'  
2017-08-15 09:27:08 SELECT SQL : SELECT closingBalance FROM balances WHERE  branchId = '6' AND accountId = '21'  ORDER BY date DESC LIMIT 1
2017-08-15 09:27:08 INSERT SQL : INSERT INTO balances  (ts,branchId,accountId,openingBalance,closingBalance,date)  VALUES(NOW(),'6','21','1882492','1882492','2017-08-15')
2017-08-15 09:27:08 Balance Create Insert ID Today 2:102
 2017-08-15 09:27:08 Balance Update Params :
Branch Id : 6
Account ID : 22
Amount : 0
2017-08-15 09:27:08 SELECT SQL : SELECT * FROM balances WHERE  branchId = '6' AND accountId = '22'  
2017-08-15 09:27:08 SELECT SQL : SELECT * FROM balances WHERE  branchId = '6' AND accountId = '22' AND date = '2017-08-15'  
2017-08-15 09:27:08 SELECT SQL : SELECT closingBalance FROM balances WHERE  branchId = '6' AND accountId = '22'  ORDER BY date DESC LIMIT 1
2017-08-15 09:27:08 INSERT SQL : INSERT INTO balances  (ts,branchId,accountId,openingBalance,closingBalance,date)  VALUES(NOW(),'6','22','-3000','-3000','2017-08-15')
2017-08-15 09:27:08 Balance Create Insert ID Today 2:103
 2017-08-15 09:27:08 Balance Update Params :
Branch Id : 6
Account ID : 23
Amount : 0
2017-08-15 09:27:08 SELECT SQL : SELECT * FROM balances WHERE  branchId = '6' AND accountId = '23'  
2017-08-15 09:27:08 SELECT SQL : SELECT * FROM balances WHERE  branchId = '6' AND accountId = '23' AND date = '2017-08-15'  
2017-08-15 09:27:08 SELECT SQL : SELECT closingBalance FROM balances WHERE  branchId = '6' AND accountId = '23'  ORDER BY date DESC LIMIT 1
2017-08-15 09:27:08 INSERT SQL : INSERT INTO balances  (ts,branchId,accountId,openingBalance,closingBalance,date)  VALUES(NOW(),'6','23','95199318','95199318','2017-08-15')
2017-08-15 09:27:08 Balance Create Insert ID Today 2:104
 2017-08-15 09:27:08 Balance Update Params :
Branch Id : 6
Account ID : 24
Amount : 0
2017-08-15 09:27:08 SELECT SQL : SELECT * FROM balances WHERE  branchId = '6' AND accountId = '24'  
2017-08-15 09:27:08 SELECT SQL : SELECT * FROM balances WHERE  branchId = '6' AND accountId = '24' AND date = '2017-08-15'  
2017-08-15 09:27:08 SELECT SQL : SELECT closingBalance FROM balances WHERE  branchId = '6' AND accountId = '24'  ORDER BY date DESC LIMIT 1
2017-08-15 09:27:08 INSERT SQL : INSERT INTO balances  (ts,branchId,accountId,openingBalance,closingBalance,date)  VALUES(NOW(),'6','24','1847000','1847000','2017-08-15')
2017-08-15 09:27:08 Balance Create Insert ID Today 2:105
 2017-08-15 09:27:08 Balance Update Params :
Branch Id : 11
Account ID : 27
Amount : 0
2017-08-15 09:27:08 SELECT SQL : SELECT * FROM balances WHERE  branchId = '11' AND accountId = '27'  
2017-08-15 09:27:08 Balance Update Params :
Branch Id : 11
Account ID : 28
Amount : 0
2017-08-15 09:27:08 SELECT SQL : SELECT * FROM balances WHERE  branchId = '11' AND accountId = '28'  
2017-08-15 09:27:08 Balance Update Params :
Branch Id : 12
Account ID : 33
Amount : 0
2017-08-15 09:27:08 SELECT SQL : SELECT * FROM balances WHERE  branchId = '12' AND accountId = '33'  
2017-08-15 09:27:08 SELECT SQL : SELECT * FROM balances WHERE  branchId = '12' AND accountId = '33' AND date = '2017-08-15'  
2017-08-15 09:27:08 SELECT SQL : SELECT closingBalance FROM balances WHERE  branchId = '12' AND accountId = '33'  ORDER BY date DESC LIMIT 1
2017-08-15 09:27:08 INSERT SQL : INSERT INTO balances  (ts,branchId,accountId,openingBalance,closingBalance,date)  VALUES(NOW(),'12','33','25154','25154','2017-08-15')
2017-08-15 09:27:08 Balance Create Insert ID Today 2:106
 2017-08-15 09:27:08 Balance Update Params :
Branch Id : 12
Account ID : 36
Amount : 0
2017-08-15 09:27:08 SELECT SQL : SELECT * FROM balances WHERE  branchId = '12' AND accountId = '36'  
2017-08-15 09:27:08 SELECT SQL : SELECT * FROM balances WHERE  branchId = '12' AND accountId = '36' AND date = '2017-08-15'  
2017-08-15 09:27:08 SELECT SQL : SELECT closingBalance FROM balances WHERE  branchId = '12' AND accountId = '36'  ORDER BY date DESC LIMIT 1
2017-08-15 09:27:08 INSERT SQL : INSERT INTO balances  (ts,branchId,accountId,openingBalance,closingBalance,date)  VALUES(NOW(),'12','36','7637','7637','2017-08-15')
2017-08-15 09:27:09 Balance Create Insert ID Today 2:107
 2017-08-15 09:27:09 Balance Update Params :
Branch Id : 7
Account ID : 37
Amount : 0
2017-08-15 09:27:09 SELECT SQL : SELECT * FROM balances WHERE  branchId = '7' AND accountId = '37'  
2017-08-15 09:27:09 SELECT SQL : SELECT * FROM balances WHERE  branchId = '7' AND accountId = '37' AND date = '2017-08-15'  
2017-08-15 09:27:09 SELECT SQL : SELECT closingBalance FROM balances WHERE  branchId = '7' AND accountId = '37'  ORDER BY date DESC LIMIT 1
2017-08-15 09:27:09 INSERT SQL : INSERT INTO balances  (ts,branchId,accountId,openingBalance,closingBalance,date)  VALUES(NOW(),'7','37','100158','100158','2017-08-15')
2017-08-15 09:27:09 Balance Create Insert ID Today 2:108
 2017-08-15 09:27:09 Balance Update Params :
Branch Id : 13
Account ID : 38
Amount : 0
2017-08-15 09:27:09 SELECT SQL : SELECT * FROM balances WHERE  branchId = '13' AND accountId = '38'  
2017-08-15 09:27:09 Balance Update Params :
Branch Id : 13
Account ID : 39
Amount : 0
2017-08-15 09:27:09 SELECT SQL : SELECT * FROM balances WHERE  branchId = '13' AND accountId = '39'  
2017-08-15 09:27:09 SELECT SQL : SELECT * FROM balances WHERE  branchId = '13' AND accountId = '39' AND date = '2017-08-15'  
2017-08-15 09:27:09 SELECT SQL : SELECT closingBalance FROM balances WHERE  branchId = '13' AND accountId = '39'  ORDER BY date DESC LIMIT 1
2017-08-15 09:27:09 INSERT SQL : INSERT INTO balances  (ts,branchId,accountId,openingBalance,closingBalance,date)  VALUES(NOW(),'13','39','-6840000001.9444','-6840000001.9444','2017-08-15')
2017-08-15 09:27:09 Balance Create Insert ID Today 2:109
 2017-08-15 09:27:09 SELECT SQL : SELECT * FROM currencies WHERE  active = '1'  
2017-08-15 09:27:09 SELECT SQL : SELECT * FROM accounts WHERE  active = '1' AND type_id = '4'  
2017-08-15 09:27:09 SELECT SQL : SELECT * FROM account_types WHERE  active = '1'  
2017-08-15 09:27:09 SELECT SQL : SELECT * FROM user_types WHERE  active = '1'  
2017-08-15 09:27:09 Response : {"data":{"branches":[{"id":"5","name":"KINSHASHA","countryId":"4","location":"Patrice Avenue","supervisorId":"3","createdBy":"4","ts":"2017-06-30 00:06:55","active":"1"},{"id":"6","name":"OASIS MALL","countryId":"1","location":"Yusufu Lule Rd","supervisorId":"3","createdBy":"2","ts":"2017-06-30 00:12:08","active":"1"},{"id":"7","name":"GOMA","countryId":"4","location":"Goma","supervisorId":"3","createdBy":"1","ts":"2017-07-05 00:00:00","active":"1"},{"id":"9","name":"MOMBASA","countryId":"2","location":"Mombasa","supervisorId":"3","createdBy":"1","ts":"2017-07-05 00:00:00","active":"1"},{"id":"10","name":"DUBAI","countryId":"6","location":"Dubai","supervisorId":"3","createdBy":"1","ts":"2017-07-05 00:00:00","active":"1"},{"id":"11","name":"CHINA","countryId":"5","location":"China","supervisorId":"3","createdBy":"3","ts":"2017-07-05 13:23:17","active":"1"},{"id":"12","name":"NAIROBI","countryId":"2","location":"Nairobi","supervisorId":"3","createdBy":"3","ts":"2017-07-06 14:12:35","active":"1"},{"id":"13","name":"KAMPALA ROAD","countryId":"1","location":"kampala road","supervisorId":"3","createdBy":"3","ts":"2017-07-06 14:12:35","active":"1"}],"countries":[{"id":"1","name":"UGANDA","createdBy":"1","ts":"2017-06-25 23:13:31","active":"1"},{"id":"2","name":"KENYA","createdBy":"1","ts":"2017-06-26 09:02:45","active":"1"},{"id":"3","name":"TZ","createdBy":"1","ts":"2017-06-28 11:11:53","active":"1"},{"id":"4","name":"CONGO","createdBy":"1","ts":"2017-06-28 11:26:11","active":"1"},{"id":"5","name":"CHINA","createdBy":"1","ts":"2017-06-28 11:30:01","active":"1"},{"id":"6","name":"UAE","createdBy":"1","ts":"2017-07-05 00:00:00","active":"1"}],"ids":[[{"id":"1","name":"Passport","createdBy":"1","ts":"2017-06-28 14:00:01","active":"1"},{"id":"2","name":"National ID","createdBy":"1","ts":"2017-06-28 14:00:01","active":"1"},{"id":"3","name":"STUDENTS ID","createdBy":"1","ts":"2017-06-28 16:21:46","active":"1"}]],"users":[{"id":"1","firstName":"You","surname":"Jinshu","email":"hudsonbogere@swipeit.co.ug","phone":"256783131266","userName":"you","branchId":"0","userTypeId":"1","password":"$2y$10$pPGbhJ1RXx\/ug.ED3LnsQuKHJTqwYsa\/iF0OqGOgsjflkHKIDTLVq","sessionId":"vy0FlA7y2vNaxytS7zmLKCoiPeLBC3r1","ipAddress":"::1","createdBy":null,"ts":"2017-06-23 15:08:12","active":"1"},{"id":"2","firstName":"Nansubuga","surname":"Dorothy","email":"henry@gmail.com","phone":"256752284441","userName":"dorah","branchId":"12","userTypeId":"3","password":"$2y$10$F9t92sYKf2rDJ.JzCmrrT.Jt1Ix37Fuo.uZKpXPn69dgDUTZ8xLXi","sessionId":"","ipAddress":"105.231.196.253","createdBy":"1","ts":"2017-06-26 19:11:07","active":"1"},{"id":"3","firstName":"Lydia","surname":"Amoi","email":"islam@gmail.com","phone":"256777608310","userName":"lydia","branchId":"6","userTypeId":"2","password":"$2y$10$m72Zz8Z.h4\/Zp6TFDhmbXeQ79kZ7JJ2U0yLUanc0dDVxbc.5UPkRG","sessionId":"","ipAddress":"127.0.0.1","createdBy":"1","ts":"2017-06-26 19:41:01","active":"1"},{"id":"4","firstName":"Nabukera","surname":"Maria","email":"banerd@tfb.com","phone":"256774457813","userName":"maria","branchId":"5","userTypeId":"5","password":"$2y$10$wTpUE\/WJFMfQaBglrQocTO9ndV6dbxL2vzFDEJZ1hpVVp4binpXGO","sessionId":"HReGzjNmSskxZqhJ35ID7sXMOxAGyde8","ipAddress":"127.0.0.1","createdBy":"1","ts":"2017-06-26 23:04:07","active":"1"},{"id":"5","firstName":"Henry","surname":"Bbosa","email":null,"phone":null,"userName":"Henry","branchId":"11","userTypeId":"3","password":"$2y$10$m72Zz8Z.h4\/Zp6TFDhmbXeQ79kZ7JJ2U0yLUanc0dDVxbc.5UPkRG","sessionId":"","ipAddress":"41.210.154.223","createdBy":"1","ts":"2017-07-05 00:00:00","active":"1"},{"id":"6","firstName":"Edwin","surname":"Kakeeto","email":"edwin@edwin.com","phone":"0777777557","userName":"edwin","branchId":"7","userTypeId":"3","password":"$2y$10$wTpUE\/WJFMfQaBglrQocTO9ndV6dbxL2vzFDEJZ1hpVVp4binpXGO","sessionId":"KRX8Yh2iqId0EWTdOh43HSfBIE4fr5lp","ipAddress":"41.243.17.77","createdBy":"3","ts":"2017-07-10 07:37:50","active":"1"},{"id":"7","firstName":"Trish","surname":"Baby","email":"patricia@gmail.com","phone":"0777777557","userName":"trish","branchId":"13","userTypeId":"3","password":"$2y$10$m72Zz8Z.h4\/Zp6TFDhmbXeQ79kZ7JJ2U0yLUanc0dDVxbc.5UPkRG","sessionId":"hxM1lP1Vd3HEvf3x2QoqRy2njxote3kF","ipAddress":"::1","createdBy":null,"ts":null,"active":"1"},{"id":"8","firstName":"cedric","surname":"cedric","email":"cedric@gmail.com","phone":"+256754813912","userName":"cedric","branchId":"7","userTypeId":"3","password":"$2y$10$m72Zz8Z.h4\/Zp6TFDhmbXeQ79kZ7JJ2U0yLUanc0dDVxbc.5UPkRG","sessionId":"3FRemJkS0c4MdRvK14bqZtR2IZCiupvX","ipAddress":"::1","createdBy":null,"ts":null,"active":"1"},{"id":"9","firstName":"Bravia","surname":"Muzira","email":"muzira@gmail.com","phone":"+256771889211","userName":"Braviah","branchId":"6","userTypeId":"3","password":"$2y$10$m72Zz8Z.h4\/Zp6TFDhmbXeQ79kZ7JJ2U0yLUanc0dDVxbc.5UPkRG","sessionId":"CNHdx868gWwwaWl34QWYmNGxDsy1g0Dy","ipAddress":"41.210.154.223","createdBy":null,"ts":null,"active":"1"}],"accounts":[{"id":"16","name":"KINSHASHA-USD Account","branchId":"5","currency_id":"2"},{"id":"20","name":"OASIS MALL-RMB Account","branchId":"6","currency_id":"1"},{"id":"21","name":"OASIS MALL-USD Account","branchId":"6","currency_id":"2"},{"id":"22","name":"OASIS MALL-DIRHAM Account","branchId":"6","currency_id":"3"},{"id":"23","name":"OASIS MALL-UGX Account","branchId":"6","currency_id":"4"},{"id":"24","name":"OASIS MALL-KSH Account","branchId":"6","currency_id":"5"},{"id":"27","name":"CHINA-RMB Account","branchId":"11","currency_id":"1"},{"id":"28","name":"CHINA-USD Account","branchId":"11","currency_id":"2"},{"id":"33","name":"NAIROBI-USD Account","branchId":"12","currency_id":"2"},{"id":"36","name":"NAIROBI-KSH Account","branchId":"12","currency_id":"5"},{"id":"37","name":"GOMA-USD ACCOUNT","branchId":"7","currency_id":"2"},{"id":"38","name":"KAMPALA ROAD -USD ACCOUNT","branchId":"13","currency_id":"2"},{"id":"39","name":"KAMPALA ROAD- UGX ACCOUNT ","branchId":"13","currency_id":"4"}],"currencies":[{"id":"1","name":"RMB","symbol":"\u00a5","createdBy":"1","ts":"2017-06-27 22:45:12","active":"1"},{"id":"2","name":"USD","symbol":"$","createdBy":"1","ts":"2017-06-27 22:45:12","active":"1"},{"id":"3","name":"DIRHAM","symbol":"","createdBy":"1","ts":"2017-06-28 11:40:09","active":"1"},{"id":"4","name":"UGX","symbol":"\/=","createdBy":"1","ts":"2017-06-28 11:46:50","active":"1"},{"id":"5","name":"KSH","symbol":"","createdBy":"1","ts":"2017-06-28 11:46:50","active":"1"}],"superaccount":[{"id":"1","name":"RMB Account","branchId":"0","type_id":"4","currency_id":"1","balance":"0","createdBy":"1","active":"1","ts":"2017-06-27 22:45:12"}],"accountTypes":[{"id":"1","type":"Transfer","description":"","createdBy":"1","ts":"2017-06-28 14:31:12","active":"1"},{"id":"2","type":"Suspense","description":"","createdBy":"1","ts":"2017-06-28 14:31:12","active":"1"},{"id":"4","type":"Super","description":"","createdBy":"1","ts":"2017-06-28 14:31:12","active":"1"}],"userTypes":[{"id":"1","name":"E-Value Admin","level":"1","ts":"2017-06-27 22:45:12","active":"1"},{"id":"2","name":"Super User","level":"2","ts":"2017-06-27 22:45:12","active":"1"},{"id":"3","name":"Agent","level":"3","ts":"2017-06-27 22:45:12","active":"1"},{"id":"4","name":"System Admin","level":"4","ts":"2017-06-27 22:45:12","active":"1"},{"id":"5","name":"superAgent","level":"3","ts":"2017-06-27 22:45:12","active":"1"}]},"success":1}
2017-08-15 09:29:57 ---- New Request ----
2017-08-15 09:29:57 Controller : Reports
2017-08-15 09:29:57 Method : getreportdataAction
2017-08-15 09:29:57 Controller File : controllers/Reports.class.php, Exists
2017-08-15 09:29:57 Class constructed
2017-08-15 09:29:57 Class constructed
2017-08-15 09:29:57 kyakabi2017-08-15 09:29:57 kyakabi12017-08-15 09:29:57 kyakabi22017-08-15 09:29:57 kyakabi32017-08-15 09:29:57 UserID : 1
SessionId : vy0FlA7y2vNaxytS7zmLKCoiPeLBC3r1
Branch ID : 0
2017-08-15 09:29:57 SELECT SQL : SELECT * FROM branches  
2017-08-15 09:29:57 SELECT SQL : SELECT * FROM branch_transaction WHERE  branch_id = '5'  OR transaction_type_id = '7'  
2017-08-15 09:29:57 SELECT SQL : SELECT * FROM branch_transaction WHERE  branch_id = '5'  OR transaction_type_id = '5'  
2017-08-15 09:29:57 SELECT SQL : SELECT * FROM accounts WHERE  branch_id = '5'  
2017-08-15 09:29:57 SELECT SQL : SELECT * FROM branch_transaction WHERE  branch_id = '6'  OR transaction_type_id = '7'  
2017-08-15 09:29:57 SELECT SQL : SELECT * FROM branch_transaction WHERE  branch_id = '6'  OR transaction_type_id = '5'  
2017-08-15 09:29:57 SELECT SQL : SELECT * FROM accounts WHERE  branch_id = '6'  
2017-08-15 09:29:57 SELECT SQL : SELECT * FROM branch_transaction WHERE  branch_id = '7'  OR transaction_type_id = '7'  
2017-08-15 09:29:57 SELECT SQL : SELECT * FROM branch_transaction WHERE  branch_id = '7'  OR transaction_type_id = '5'  
2017-08-15 09:29:57 SELECT SQL : SELECT * FROM accounts WHERE  branch_id = '7'  
2017-08-15 09:29:57 SELECT SQL : SELECT * FROM branch_transaction WHERE  branch_id = '9'  OR transaction_type_id = '7'  
2017-08-15 09:29:57 SELECT SQL : SELECT * FROM branch_transaction WHERE  branch_id = '9'  OR transaction_type_id = '5'  
2017-08-15 09:29:57 SELECT SQL : SELECT * FROM accounts WHERE  branch_id = '9'  
2017-08-15 09:29:57 SELECT SQL : SELECT * FROM branch_transaction WHERE  branch_id = '10'  OR transaction_type_id = '7'  
2017-08-15 09:29:57 SELECT SQL : SELECT * FROM branch_transaction WHERE  branch_id = '10'  OR transaction_type_id = '5'  
2017-08-15 09:29:57 SELECT SQL : SELECT * FROM accounts WHERE  branch_id = '10'  
2017-08-15 09:29:57 SELECT SQL : SELECT * FROM branch_transaction WHERE  branch_id = '11'  OR transaction_type_id = '7'  
2017-08-15 09:29:57 SELECT SQL : SELECT * FROM branch_transaction WHERE  branch_id = '11'  OR transaction_type_id = '5'  
2017-08-15 09:29:57 SELECT SQL : SELECT * FROM accounts WHERE  branch_id = '11'  
2017-08-15 09:29:57 SELECT SQL : SELECT * FROM branch_transaction WHERE  branch_id = '12'  OR transaction_type_id = '7'  
2017-08-15 09:29:57 SELECT SQL : SELECT * FROM branch_transaction WHERE  branch_id = '12'  OR transaction_type_id = '5'  
2017-08-15 09:29:57 SELECT SQL : SELECT * FROM accounts WHERE  branch_id = '12'  
2017-08-15 09:29:57 SELECT SQL : SELECT * FROM branch_transaction WHERE  branch_id = '13'  OR transaction_type_id = '7'  
2017-08-15 09:29:57 SELECT SQL : SELECT * FROM branch_transaction WHERE  branch_id = '13'  OR transaction_type_id = '5'  
2017-08-15 09:29:57 SELECT SQL : SELECT * FROM accounts WHERE  branch_id = '13'  
2017-08-15 09:29:57 Response : {"success":1,"data":[{"branch":{"id":"5","name":"KINSHASHA","countryId":"4","location":"Patrice Avenue","supervisorId":"3","createdBy":"4","ts":"2017-06-30 00:06:55","active":"1"},"cashouts":null,"cashins":[{"id":"3","branch_id":"5","user_id":"0","transaction_type_id":"1","amount":"5000","exchange_rate":"0","from_currency_id":"2","to_currency_id":"0","currency_id":"0","sender_name":"h","receiver_name":"jjj","ts":"2017-08-03 09:11:57","status":"","account_number":"","account_id":"0","amount_from_rate":"","from_account_id":"0","to_account_id":"0","charge":"0","charge_currency_id":"0","details":""},{"id":"5","branch_id":"5","user_id":"0","transaction_type_id":"3","amount":"45000","exchange_rate":"0","from_currency_id":"0","to_currency_id":"0","currency_id":"2","sender_name":"lujja","receiver_name":"Bbosa","ts":"2017-08-03 14:42:48","status":"","account_number":"047829949493","account_id":"0","amount_from_rate":"","from_account_id":"0","to_account_id":"0","charge":"","charge_currency_id":"0","details":""},{"id":"16","branch_id":"5","user_id":"0","transaction_type_id":"5","amount":"7000","exchange_rate":"0","from_currency_id":"0","to_currency_id":"0","currency_id":"0","sender_name":"","receiver_name":"","ts":"2017-08-08 07:39:27","status":"","account_number":"","account_id":"0","amount_from_rate":"","from_account_id":"16","to_account_id":"37","charge":"0","charge_currency_id":"0","details":""},{"id":"17","branch_id":"5","user_id":"4","transaction_type_id":"6","amount":"5000","exchange_rate":"0","from_currency_id":"0","to_currency_id":"0","currency_id":"4","sender_name":"","receiver_name":"","ts":"2017-08-08 07:41:31","status":"","account_number":"","account_id":"0","amount_from_rate":"","from_account_id":"0","to_account_id":"0","charge":"","charge_currency_id":"0","details":"send_to_indi"}],"accounts":0},{"branch":{"id":"6","name":"OASIS MALL","countryId":"1","location":"Yusufu Lule Rd","supervisorId":"3","createdBy":"2","ts":"2017-06-30 00:12:08","active":"1"},"cashouts":null,"cashins":[{"id":"1","branch_id":"6","user_id":"0","transaction_type_id":"1","amount":"1000000","exchange_rate":"0","from_currency_id":"2","to_currency_id":"4","currency_id":"0","sender_name":"You","receiver_name":"Henry","ts":"2017-08-03 08:17:00","status":"","account_number":"","account_id":"0","amount_from_rate":"","from_account_id":"0","to_account_id":"0","charge":"50000","charge_currency_id":"4","details":""},{"id":"2","branch_id":"6","user_id":"0","transaction_type_id":"1","amount":"90000","exchange_rate":"0","from_currency_id":"2","to_currency_id":"4","currency_id":"0","sender_name":"u","receiver_name":"me","ts":"2017-08-03 08:48:06","status":"","account_number":"","account_id":"0","amount_from_rate":"","from_account_id":"0","to_account_id":"0","charge":"5000","charge_currency_id":"4","details":""},{"id":"4","branch_id":"6","user_id":"0","transaction_type_id":"2","amount":"70000","exchange_rate":"0","from_currency_id":"0","to_currency_id":"0","currency_id":"4","sender_name":"yU Jing Shu","receiver_name":"zhou","ts":"2017-08-03 14:11:44","status":"","account_number":"","account_id":"0","amount_from_rate":"","from_account_id":"0","to_account_id":"0","charge":"","charge_currency_id":"0","details":""},{"id":"7","branch_id":"6","user_id":"0","transaction_type_id":"4","amount":"700","exchange_rate":"0","from_currency_id":"0","to_currency_id":"0","currency_id":"4","sender_name":"","receiver_name":"","ts":"2017-08-08 06:37:35","status":"","account_number":"","account_id":"0","amount_from_rate":"","from_account_id":"0","to_account_id":"0","charge":"","charge_currency_id":"0","details":"Fuel to muyenga"},{"id":"10","branch_id":"6","user_id":"3","transaction_type_id":"8","amount":"4000","exchange_rate":"30","from_currency_id":"0","to_currency_id":"0","currency_id":"0","sender_name":"","receiver_name":"","ts":"2017-08-08 06:45:39","status":"","account_number":"","account_id":"20","amount_from_rate":"120000","from_account_id":"0","to_account_id":"0","charge":"","charge_currency_id":"0","details":""},{"id":"11","branch_id":"6","user_id":"3","transaction_type_id":"8","amount":"7000","exchange_rate":"320","from_currency_id":"0","to_currency_id":"0","currency_id":"0","sender_name":"","receiver_name":"","ts":"2017-08-08 06:48:47","status":"","account_number":"","account_id":"20","amount_from_rate":"2240000","from_account_id":"0","to_account_id":"0","charge":"","charge_currency_id":"0","details":""},{"id":"12","branch_id":"6","user_id":"3","transaction_type_id":"8","amount":"300","exchange_rate":"30","from_currency_id":"0","to_currency_id":"0","currency_id":"0","sender_name":"","receiver_name":"","ts":"2017-08-08 06:49:11","status":"","account_number":"","account_id":"24","amount_from_rate":"9000","from_account_id":"0","to_account_id":"0","charge":"","charge_currency_id":"0","details":""},{"id":"14","branch_id":"6","user_id":"3","transaction_type_id":"7","amount":"3000","exchange_rate":"36","from_currency_id":"3","to_currency_id":"2","currency_id":"0","sender_name":"","receiver_name":"","ts":"2017-08-08 07:34:39","status":"","account_number":"","account_id":"0","amount_from_rate":"83.33333333333333","from_account_id":"0","to_account_id":"0","charge":"","charge_currency_id":"0","details":""},{"id":"16","branch_id":"5","user_id":"0","transaction_type_id":"5","amount":"7000","exchange_rate":"0","from_currency_id":"0","to_currency_id":"0","currency_id":"0","sender_name":"","receiver_name":"","ts":"2017-08-08 07:39:27","status":"","account_number":"","account_id":"0","amount_from_rate":"","from_account_id":"16","to_account_id":"37","charge":"0","charge_currency_id":"0","details":""}],"accounts":0},{"branch":{"id":"7","name":"GOMA","countryId":"4","location":"Goma","supervisorId":"3","createdBy":"1","ts":"2017-07-05 00:00:00","active":"1"},"cashouts":null,"cashins":[{"id":"6","branch_id":"7","user_id":"0","transaction_type_id":"4","amount":"3000","exchange_rate":"0","from_currency_id":"0","to_currency_id":"0","currency_id":"2","sender_name":"","receiver_name":"","ts":"2017-08-03 14:54:49","status":"","account_number":"","account_id":"0","amount_from_rate":"","from_account_id":"0","to_account_id":"0","charge":"","charge_currency_id":"0","details":"I used this to buy my car fuel and move to Rwanda"},{"id":"16","branch_id":"5","user_id":"0","transaction_type_id":"5","amount":"7000","exchange_rate":"0","from_currency_id":"0","to_currency_id":"0","currency_id":"0","sender_name":"","receiver_name":"","ts":"2017-08-08 07:39:27","status":"","account_number":"","account_id":"0","amount_from_rate":"","from_account_id":"16","to_account_id":"37","charge":"0","charge_currency_id":"0","details":""}],"accounts":0},{"branch":{"id":"9","name":"MOMBASA","countryId":"2","location":"Mombasa","supervisorId":"3","createdBy":"1","ts":"2017-07-05 00:00:00","active":"1"},"cashouts":null,"cashins":{"id":"16","branch_id":"5","user_id":"0","transaction_type_id":"5","amount":"7000","exchange_rate":"0","from_currency_id":"0","to_currency_id":"0","currency_id":"0","sender_name":"","receiver_name":"","ts":"2017-08-08 07:39:27","status":"","account_number":"","account_id":"0","amount_from_rate":"","from_account_id":"16","to_account_id":"37","charge":"0","charge_currency_id":"0","details":""},"accounts":0},{"branch":{"id":"10","name":"DUBAI","countryId":"6","location":"Dubai","supervisorId":"3","createdBy":"1","ts":"2017-07-05 00:00:00","active":"1"},"cashouts":null,"cashins":{"id":"16","branch_id":"5","user_id":"0","transaction_type_id":"5","amount":"7000","exchange_rate":"0","from_currency_id":"0","to_currency_id":"0","currency_id":"0","sender_name":"","receiver_name":"","ts":"2017-08-08 07:39:27","status":"","account_number":"","account_id":"0","amount_from_rate":"","from_account_id":"16","to_account_id":"37","charge":"0","charge_currency_id":"0","details":""},"accounts":0},{"branch":{"id":"11","name":"CHINA","countryId":"5","location":"China","supervisorId":"3","createdBy":"3","ts":"2017-07-05 13:23:17","active":"1"},"cashouts":null,"cashins":{"id":"16","branch_id":"5","user_id":"0","transaction_type_id":"5","amount":"7000","exchange_rate":"0","from_currency_id":"0","to_currency_id":"0","currency_id":"0","sender_name":"","receiver_name":"","ts":"2017-08-08 07:39:27","status":"","account_number":"","account_id":"0","amount_from_rate":"","from_account_id":"16","to_account_id":"37","charge":"0","charge_currency_id":"0","details":""},"accounts":0},{"branch":{"id":"12","name":"NAIROBI","countryId":"2","location":"Nairobi","supervisorId":"3","createdBy":"3","ts":"2017-07-06 14:12:35","active":"1"},"cashouts":null,"cashins":{"id":"16","branch_id":"5","user_id":"0","transaction_type_id":"5","amount":"7000","exchange_rate":"0","from_currency_id":"0","to_currency_id":"0","currency_id":"0","sender_name":"","receiver_name":"","ts":"2017-08-08 07:39:27","status":"","account_number":"","account_id":"0","amount_from_rate":"","from_account_id":"16","to_account_id":"37","charge":"0","charge_currency_id":"0","details":""},"accounts":0},{"branch":{"id":"13","name":"KAMPALA ROAD","countryId":"1","location":"kampala road","supervisorId":"3","createdBy":"3","ts":"2017-07-06 14:12:35","active":"1"},"cashouts":null,"cashins":{"id":"16","branch_id":"5","user_id":"0","transaction_type_id":"5","amount":"7000","exchange_rate":"0","from_currency_id":"0","to_currency_id":"0","currency_id":"0","sender_name":"","receiver_name":"","ts":"2017-08-08 07:39:27","status":"","account_number":"","account_id":"0","amount_from_rate":"","from_account_id":"16","to_account_id":"37","charge":"0","charge_currency_id":"0","details":""},"accounts":0}]}
2017-08-15 09:31:43 ---- New Request ----
2017-08-15 09:31:43 Controller : Reports
2017-08-15 09:31:43 Method : getreportdataAction
2017-08-15 09:31:43 Controller File : controllers/Reports.class.php, Exists
2017-08-15 09:31:43 Class constructed
2017-08-15 09:31:43 Class constructed
2017-08-15 09:31:43 kyakabi2017-08-15 09:31:43 kyakabi12017-08-15 09:31:43 kyakabi22017-08-15 09:31:43 kyakabi32017-08-15 09:31:43 UserID : 1
SessionId : vy0FlA7y2vNaxytS7zmLKCoiPeLBC3r1
Branch ID : 0
2017-08-15 09:31:43 SELECT SQL : SELECT * FROM branches  
2017-08-15 09:31:43 SELECT SQL : SELECT * FROM branch_transaction WHERE  branch_id = '5'  OR transaction_type_id = '7'  
2017-08-15 09:31:43 SELECT SQL : SELECT * FROM branch_transaction WHERE  branch_id = '5'  OR transaction_type_id = '5'  
2017-08-15 09:31:43 SELECT SQL : SELECT * FROM accounts WHERE  branch_id = '5'  
2017-08-15 09:31:43 SELECT SQL : SELECT * FROM branch_transaction WHERE  branch_id = '6'  OR transaction_type_id = '7'  
2017-08-15 09:31:43 SELECT SQL : SELECT * FROM branch_transaction WHERE  branch_id = '6'  OR transaction_type_id = '5'  
2017-08-15 09:31:43 SELECT SQL : SELECT * FROM accounts WHERE  branch_id = '6'  
2017-08-15 09:31:43 SELECT SQL : SELECT * FROM branch_transaction WHERE  branch_id = '7'  OR transaction_type_id = '7'  
2017-08-15 09:31:43 SELECT SQL : SELECT * FROM branch_transaction WHERE  branch_id = '7'  OR transaction_type_id = '5'  
2017-08-15 09:31:43 SELECT SQL : SELECT * FROM accounts WHERE  branch_id = '7'  
2017-08-15 09:31:43 SELECT SQL : SELECT * FROM branch_transaction WHERE  branch_id = '9'  OR transaction_type_id = '7'  
2017-08-15 09:31:43 SELECT SQL : SELECT * FROM branch_transaction WHERE  branch_id = '9'  OR transaction_type_id = '5'  
2017-08-15 09:31:43 SELECT SQL : SELECT * FROM accounts WHERE  branch_id = '9'  
2017-08-15 09:31:43 SELECT SQL : SELECT * FROM branch_transaction WHERE  branch_id = '10'  OR transaction_type_id = '7'  
2017-08-15 09:31:43 SELECT SQL : SELECT * FROM branch_transaction WHERE  branch_id = '10'  OR transaction_type_id = '5'  
2017-08-15 09:31:43 SELECT SQL : SELECT * FROM accounts WHERE  branch_id = '10'  
2017-08-15 09:31:43 SELECT SQL : SELECT * FROM branch_transaction WHERE  branch_id = '11'  OR transaction_type_id = '7'  
2017-08-15 09:31:43 SELECT SQL : SELECT * FROM branch_transaction WHERE  branch_id = '11'  OR transaction_type_id = '5'  
2017-08-15 09:31:43 SELECT SQL : SELECT * FROM accounts WHERE  branch_id = '11'  
2017-08-15 09:31:43 SELECT SQL : SELECT * FROM branch_transaction WHERE  branch_id = '12'  OR transaction_type_id = '7'  
2017-08-15 09:31:43 SELECT SQL : SELECT * FROM branch_transaction WHERE  branch_id = '12'  OR transaction_type_id = '5'  
2017-08-15 09:31:43 SELECT SQL : SELECT * FROM accounts WHERE  branch_id = '12'  
2017-08-15 09:31:43 SELECT SQL : SELECT * FROM branch_transaction WHERE  branch_id = '13'  OR transaction_type_id = '7'  
2017-08-15 09:31:43 SELECT SQL : SELECT * FROM branch_transaction WHERE  branch_id = '13'  OR transaction_type_id = '5'  
2017-08-15 09:31:43 SELECT SQL : SELECT * FROM accounts WHERE  branch_id = '13'  
2017-08-15 09:31:43 Response : {"success":1,"data":[{"branch":{"id":"5","name":"KINSHASHA","countryId":"4","location":"Patrice Avenue","supervisorId":"3","createdBy":"4","ts":"2017-06-30 00:06:55","active":"1"},"cashouts":null,"cashins":[{"id":"3","branch_id":"5","user_id":"0","transaction_type_id":"1","amount":"5000","exchange_rate":"0","from_currency_id":"2","to_currency_id":"0","currency_id":"0","sender_name":"h","receiver_name":"jjj","ts":"2017-08-03 09:11:57","status":"","account_number":"","account_id":"0","amount_from_rate":"","from_account_id":"0","to_account_id":"0","charge":"0","charge_currency_id":"0","details":""},{"id":"5","branch_id":"5","user_id":"0","transaction_type_id":"3","amount":"45000","exchange_rate":"0","from_currency_id":"0","to_currency_id":"0","currency_id":"2","sender_name":"lujja","receiver_name":"Bbosa","ts":"2017-08-03 14:42:48","status":"","account_number":"047829949493","account_id":"0","amount_from_rate":"","from_account_id":"0","to_account_id":"0","charge":"","charge_currency_id":"0","details":""},{"id":"16","branch_id":"5","user_id":"0","transaction_type_id":"5","amount":"7000","exchange_rate":"0","from_currency_id":"0","to_currency_id":"0","currency_id":"0","sender_name":"","receiver_name":"","ts":"2017-08-08 07:39:27","status":"","account_number":"","account_id":"0","amount_from_rate":"","from_account_id":"16","to_account_id":"37","charge":"0","charge_currency_id":"0","details":""},{"id":"17","branch_id":"5","user_id":"4","transaction_type_id":"6","amount":"5000","exchange_rate":"0","from_currency_id":"0","to_currency_id":"0","currency_id":"4","sender_name":"","receiver_name":"","ts":"2017-08-08 07:41:31","status":"","account_number":"","account_id":"0","amount_from_rate":"","from_account_id":"0","to_account_id":"0","charge":"","charge_currency_id":"0","details":"send_to_indi"}],"accounts":0},{"branch":{"id":"6","name":"OASIS MALL","countryId":"1","location":"Yusufu Lule Rd","supervisorId":"3","createdBy":"2","ts":"2017-06-30 00:12:08","active":"1"},"cashouts":null,"cashins":[{"id":"1","branch_id":"6","user_id":"0","transaction_type_id":"1","amount":"1000000","exchange_rate":"0","from_currency_id":"2","to_currency_id":"4","currency_id":"0","sender_name":"You","receiver_name":"Henry","ts":"2017-08-03 08:17:00","status":"","account_number":"","account_id":"0","amount_from_rate":"","from_account_id":"0","to_account_id":"0","charge":"50000","charge_currency_id":"4","details":""},{"id":"2","branch_id":"6","user_id":"0","transaction_type_id":"1","amount":"90000","exchange_rate":"0","from_currency_id":"2","to_currency_id":"4","currency_id":"0","sender_name":"u","receiver_name":"me","ts":"2017-08-03 08:48:06","status":"","account_number":"","account_id":"0","amount_from_rate":"","from_account_id":"0","to_account_id":"0","charge":"5000","charge_currency_id":"4","details":""},{"id":"4","branch_id":"6","user_id":"0","transaction_type_id":"2","amount":"70000","exchange_rate":"0","from_currency_id":"0","to_currency_id":"0","currency_id":"4","sender_name":"yU Jing Shu","receiver_name":"zhou","ts":"2017-08-03 14:11:44","status":"","account_number":"","account_id":"0","amount_from_rate":"","from_account_id":"0","to_account_id":"0","charge":"","charge_currency_id":"0","details":""},{"id":"7","branch_id":"6","user_id":"0","transaction_type_id":"4","amount":"700","exchange_rate":"0","from_currency_id":"0","to_currency_id":"0","currency_id":"4","sender_name":"","receiver_name":"","ts":"2017-08-08 06:37:35","status":"","account_number":"","account_id":"0","amount_from_rate":"","from_account_id":"0","to_account_id":"0","charge":"","charge_currency_id":"0","details":"Fuel to muyenga"},{"id":"10","branch_id":"6","user_id":"3","transaction_type_id":"8","amount":"4000","exchange_rate":"30","from_currency_id":"0","to_currency_id":"0","currency_id":"0","sender_name":"","receiver_name":"","ts":"2017-08-08 06:45:39","status":"","account_number":"","account_id":"20","amount_from_rate":"120000","from_account_id":"0","to_account_id":"0","charge":"","charge_currency_id":"0","details":""},{"id":"11","branch_id":"6","user_id":"3","transaction_type_id":"8","amount":"7000","exchange_rate":"320","from_currency_id":"0","to_currency_id":"0","currency_id":"0","sender_name":"","receiver_name":"","ts":"2017-08-08 06:48:47","status":"","account_number":"","account_id":"20","amount_from_rate":"2240000","from_account_id":"0","to_account_id":"0","charge":"","charge_currency_id":"0","details":""},{"id":"12","branch_id":"6","user_id":"3","transaction_type_id":"8","amount":"300","exchange_rate":"30","from_currency_id":"0","to_currency_id":"0","currency_id":"0","sender_name":"","receiver_name":"","ts":"2017-08-08 06:49:11","status":"","account_number":"","account_id":"24","amount_from_rate":"9000","from_account_id":"0","to_account_id":"0","charge":"","charge_currency_id":"0","details":""},{"id":"14","branch_id":"6","user_id":"3","transaction_type_id":"7","amount":"3000","exchange_rate":"36","from_currency_id":"3","to_currency_id":"2","currency_id":"0","sender_name":"","receiver_name":"","ts":"2017-08-08 07:34:39","status":"","account_number":"","account_id":"0","amount_from_rate":"83.33333333333333","from_account_id":"0","to_account_id":"0","charge":"","charge_currency_id":"0","details":""},{"id":"16","branch_id":"5","user_id":"0","transaction_type_id":"5","amount":"7000","exchange_rate":"0","from_currency_id":"0","to_currency_id":"0","currency_id":"0","sender_name":"","receiver_name":"","ts":"2017-08-08 07:39:27","status":"","account_number":"","account_id":"0","amount_from_rate":"","from_account_id":"16","to_account_id":"37","charge":"0","charge_currency_id":"0","details":""}],"accounts":0},{"branch":{"id":"7","name":"GOMA","countryId":"4","location":"Goma","supervisorId":"3","createdBy":"1","ts":"2017-07-05 00:00:00","active":"1"},"cashouts":null,"cashins":[{"id":"6","branch_id":"7","user_id":"0","transaction_type_id":"4","amount":"3000","exchange_rate":"0","from_currency_id":"0","to_currency_id":"0","currency_id":"2","sender_name":"","receiver_name":"","ts":"2017-08-03 14:54:49","status":"","account_number":"","account_id":"0","amount_from_rate":"","from_account_id":"0","to_account_id":"0","charge":"","charge_currency_id":"0","details":"I used this to buy my car fuel and move to Rwanda"},{"id":"16","branch_id":"5","user_id":"0","transaction_type_id":"5","amount":"7000","exchange_rate":"0","from_currency_id":"0","to_currency_id":"0","currency_id":"0","sender_name":"","receiver_name":"","ts":"2017-08-08 07:39:27","status":"","account_number":"","account_id":"0","amount_from_rate":"","from_account_id":"16","to_account_id":"37","charge":"0","charge_currency_id":"0","details":""}],"accounts":0},{"branch":{"id":"9","name":"MOMBASA","countryId":"2","location":"Mombasa","supervisorId":"3","createdBy":"1","ts":"2017-07-05 00:00:00","active":"1"},"cashouts":null,"cashins":{"id":"16","branch_id":"5","user_id":"0","transaction_type_id":"5","amount":"7000","exchange_rate":"0","from_currency_id":"0","to_currency_id":"0","currency_id":"0","sender_name":"","receiver_name":"","ts":"2017-08-08 07:39:27","status":"","account_number":"","account_id":"0","amount_from_rate":"","from_account_id":"16","to_account_id":"37","charge":"0","charge_currency_id":"0","details":""},"accounts":0},{"branch":{"id":"10","name":"DUBAI","countryId":"6","location":"Dubai","supervisorId":"3","createdBy":"1","ts":"2017-07-05 00:00:00","active":"1"},"cashouts":null,"cashins":{"id":"16","branch_id":"5","user_id":"0","transaction_type_id":"5","amount":"7000","exchange_rate":"0","from_currency_id":"0","to_currency_id":"0","currency_id":"0","sender_name":"","receiver_name":"","ts":"2017-08-08 07:39:27","status":"","account_number":"","account_id":"0","amount_from_rate":"","from_account_id":"16","to_account_id":"37","charge":"0","charge_currency_id":"0","details":""},"accounts":0},{"branch":{"id":"11","name":"CHINA","countryId":"5","location":"China","supervisorId":"3","createdBy":"3","ts":"2017-07-05 13:23:17","active":"1"},"cashouts":null,"cashins":{"id":"16","branch_id":"5","user_id":"0","transaction_type_id":"5","amount":"7000","exchange_rate":"0","from_currency_id":"0","to_currency_id":"0","currency_id":"0","sender_name":"","receiver_name":"","ts":"2017-08-08 07:39:27","status":"","account_number":"","account_id":"0","amount_from_rate":"","from_account_id":"16","to_account_id":"37","charge":"0","charge_currency_id":"0","details":""},"accounts":0},{"branch":{"id":"12","name":"NAIROBI","countryId":"2","location":"Nairobi","supervisorId":"3","createdBy":"3","ts":"2017-07-06 14:12:35","active":"1"},"cashouts":null,"cashins":{"id":"16","branch_id":"5","user_id":"0","transaction_type_id":"5","amount":"7000","exchange_rate":"0","from_currency_id":"0","to_currency_id":"0","currency_id":"0","sender_name":"","receiver_name":"","ts":"2017-08-08 07:39:27","status":"","account_number":"","account_id":"0","amount_from_rate":"","from_account_id":"16","to_account_id":"37","charge":"0","charge_currency_id":"0","details":""},"accounts":0},{"branch":{"id":"13","name":"KAMPALA ROAD","countryId":"1","location":"kampala road","supervisorId":"3","createdBy":"3","ts":"2017-07-06 14:12:35","active":"1"},"cashouts":null,"cashins":{"id":"16","branch_id":"5","user_id":"0","transaction_type_id":"5","amount":"7000","exchange_rate":"0","from_currency_id":"0","to_currency_id":"0","currency_id":"0","sender_name":"","receiver_name":"","ts":"2017-08-08 07:39:27","status":"","account_number":"","account_id":"0","amount_from_rate":"","from_account_id":"16","to_account_id":"37","charge":"0","charge_currency_id":"0","details":""},"accounts":0}]}
2017-08-15 09:35:14 ---- New Request ----
2017-08-15 09:35:14 Controller : Users
2017-08-15 09:35:14 Method : formsdetailsAction
2017-08-15 09:35:14 Controller File : controllers/Users.class.php, Exists
2017-08-15 09:35:14 Class constructed
2017-08-15 09:35:14 Details Params :
SessionID :vy0FlA7y2vNaxytS7zmLKCoiPeLBC3r1
User ID : 1
2017-08-15 09:35:14 SELECT SQL : SELECT * FROM branches WHERE  active = '1'  
2017-08-15 09:35:14 SELECT SQL : SELECT * FROM countries WHERE  active = '1'  
2017-08-15 09:35:14 SELECT SQL : SELECT * FROM identification WHERE  active = '1'  
2017-08-15 09:35:14 SELECT SQL : SELECT * FROM users WHERE  active = '1'  
2017-08-15 09:35:14 SELECT SQL : SELECT id,name,branchId,currency_id FROM accounts WHERE  active = '1' AND type_id = '1'  
2017-08-15 09:35:14 Balance Update Params :
Branch Id : 5
Account ID : 16
Amount : 0
2017-08-15 09:35:14 SELECT SQL : SELECT * FROM balances WHERE  branchId = '5' AND accountId = '16'  
2017-08-15 09:35:14 SELECT SQL : SELECT * FROM balances WHERE  branchId = '5' AND accountId = '16' AND date = '2017-08-15'  
2017-08-15 09:35:14 UPDATE SQL : UPDATE balances SET closingBalance = '144123739' WHERE  branchId = '5' AND accountId = '16' AND date = '2017-08-15' 
2017-08-15 09:35:14 Balance Update Status 2:1
 2017-08-15 09:35:14 Balance Update Params :
Branch Id : 6
Account ID : 20
Amount : 0
2017-08-15 09:35:14 SELECT SQL : SELECT * FROM balances WHERE  branchId = '6' AND accountId = '20'  
2017-08-15 09:35:14 SELECT SQL : SELECT * FROM balances WHERE  branchId = '6' AND accountId = '20' AND date = '2017-08-15'  
2017-08-15 09:35:14 UPDATE SQL : UPDATE balances SET closingBalance = '3260000' WHERE  branchId = '6' AND accountId = '20' AND date = '2017-08-15' 
2017-08-15 09:35:14 Balance Update Status 2:1
 2017-08-15 09:35:14 Balance Update Params :
Branch Id : 6
Account ID : 21
Amount : 0
2017-08-15 09:35:14 SELECT SQL : SELECT * FROM balances WHERE  branchId = '6' AND accountId = '21'  
2017-08-15 09:35:14 SELECT SQL : SELECT * FROM balances WHERE  branchId = '6' AND accountId = '21' AND date = '2017-08-15'  
2017-08-15 09:35:14 UPDATE SQL : UPDATE balances SET closingBalance = '1882492' WHERE  branchId = '6' AND accountId = '21' AND date = '2017-08-15' 
2017-08-15 09:35:14 Balance Update Status 2:1
 2017-08-15 09:35:14 Balance Update Params :
Branch Id : 6
Account ID : 22
Amount : 0
2017-08-15 09:35:14 SELECT SQL : SELECT * FROM balances WHERE  branchId = '6' AND accountId = '22'  
2017-08-15 09:35:14 SELECT SQL : SELECT * FROM balances WHERE  branchId = '6' AND accountId = '22' AND date = '2017-08-15'  
2017-08-15 09:35:14 UPDATE SQL : UPDATE balances SET closingBalance = '-3000' WHERE  branchId = '6' AND accountId = '22' AND date = '2017-08-15' 
2017-08-15 09:35:14 Balance Update Status 2:1
 2017-08-15 09:35:14 Balance Update Params :
Branch Id : 6
Account ID : 23
Amount : 0
2017-08-15 09:35:14 SELECT SQL : SELECT * FROM balances WHERE  branchId = '6' AND accountId = '23'  
2017-08-15 09:35:14 SELECT SQL : SELECT * FROM balances WHERE  branchId = '6' AND accountId = '23' AND date = '2017-08-15'  
2017-08-15 09:35:14 UPDATE SQL : UPDATE balances SET closingBalance = '95199318' WHERE  branchId = '6' AND accountId = '23' AND date = '2017-08-15' 
2017-08-15 09:35:14 Balance Update Status 2:1
 2017-08-15 09:35:14 Balance Update Params :
Branch Id : 6
Account ID : 24
Amount : 0
2017-08-15 09:35:14 SELECT SQL : SELECT * FROM balances WHERE  branchId = '6' AND accountId = '24'  
2017-08-15 09:35:14 SELECT SQL : SELECT * FROM balances WHERE  branchId = '6' AND accountId = '24' AND date = '2017-08-15'  
2017-08-15 09:35:14 UPDATE SQL : UPDATE balances SET closingBalance = '1847000' WHERE  branchId = '6' AND accountId = '24' AND date = '2017-08-15' 
2017-08-15 09:35:14 Balance Update Status 2:1
 2017-08-15 09:35:14 Balance Update Params :
Branch Id : 11
Account ID : 27
Amount : 0
2017-08-15 09:35:14 SELECT SQL : SELECT * FROM balances WHERE  branchId = '11' AND accountId = '27'  
2017-08-15 09:35:14 Balance Update Params :
Branch Id : 11
Account ID : 28
Amount : 0
2017-08-15 09:35:14 SELECT SQL : SELECT * FROM balances WHERE  branchId = '11' AND accountId = '28'  
2017-08-15 09:35:14 Balance Update Params :
Branch Id : 12
Account ID : 33
Amount : 0
2017-08-15 09:35:14 SELECT SQL : SELECT * FROM balances WHERE  branchId = '12' AND accountId = '33'  
2017-08-15 09:35:14 SELECT SQL : SELECT * FROM balances WHERE  branchId = '12' AND accountId = '33' AND date = '2017-08-15'  
2017-08-15 09:35:14 UPDATE SQL : UPDATE balances SET closingBalance = '25154' WHERE  branchId = '12' AND accountId = '33' AND date = '2017-08-15' 
2017-08-15 09:35:14 Balance Update Status 2:1
 2017-08-15 09:35:14 Balance Update Params :
Branch Id : 12
Account ID : 36
Amount : 0
2017-08-15 09:35:14 SELECT SQL : SELECT * FROM balances WHERE  branchId = '12' AND accountId = '36'  
2017-08-15 09:35:14 SELECT SQL : SELECT * FROM balances WHERE  branchId = '12' AND accountId = '36' AND date = '2017-08-15'  
2017-08-15 09:35:14 UPDATE SQL : UPDATE balances SET closingBalance = '7637' WHERE  branchId = '12' AND accountId = '36' AND date = '2017-08-15' 
2017-08-15 09:35:14 Balance Update Status 2:1
 2017-08-15 09:35:14 Balance Update Params :
Branch Id : 7
Account ID : 37
Amount : 0
2017-08-15 09:35:14 SELECT SQL : SELECT * FROM balances WHERE  branchId = '7' AND accountId = '37'  
2017-08-15 09:35:14 SELECT SQL : SELECT * FROM balances WHERE  branchId = '7' AND accountId = '37' AND date = '2017-08-15'  
2017-08-15 09:35:14 UPDATE SQL : UPDATE balances SET closingBalance = '100158' WHERE  branchId = '7' AND accountId = '37' AND date = '2017-08-15' 
2017-08-15 09:35:14 Balance Update Status 2:1
 2017-08-15 09:35:14 Balance Update Params :
Branch Id : 13
Account ID : 38
Amount : 0
2017-08-15 09:35:14 SELECT SQL : SELECT * FROM balances WHERE  branchId = '13' AND accountId = '38'  
2017-08-15 09:35:14 Balance Update Params :
Branch Id : 13
Account ID : 39
Amount : 0
2017-08-15 09:35:14 SELECT SQL : SELECT * FROM balances WHERE  branchId = '13' AND accountId = '39'  
2017-08-15 09:35:14 SELECT SQL : SELECT * FROM balances WHERE  branchId = '13' AND accountId = '39' AND date = '2017-08-15'  
2017-08-15 09:35:14 UPDATE SQL : UPDATE balances SET closingBalance = '-6840000001.9444' WHERE  branchId = '13' AND accountId = '39' AND date = '2017-08-15' 
2017-08-15 09:35:14 Balance Update Status 2:1
 2017-08-15 09:35:14 SELECT SQL : SELECT * FROM currencies WHERE  active = '1'  
2017-08-15 09:35:14 SELECT SQL : SELECT * FROM accounts WHERE  active = '1' AND type_id = '4'  
2017-08-15 09:35:14 SELECT SQL : SELECT * FROM account_types WHERE  active = '1'  
2017-08-15 09:35:14 SELECT SQL : SELECT * FROM user_types WHERE  active = '1'  
2017-08-15 09:35:14 Response : {"data":{"branches":[{"id":"5","name":"KINSHASHA","countryId":"4","location":"Patrice Avenue","supervisorId":"3","createdBy":"4","ts":"2017-06-30 00:06:55","active":"1"},{"id":"6","name":"OASIS MALL","countryId":"1","location":"Yusufu Lule Rd","supervisorId":"3","createdBy":"2","ts":"2017-06-30 00:12:08","active":"1"},{"id":"7","name":"GOMA","countryId":"4","location":"Goma","supervisorId":"3","createdBy":"1","ts":"2017-07-05 00:00:00","active":"1"},{"id":"9","name":"MOMBASA","countryId":"2","location":"Mombasa","supervisorId":"3","createdBy":"1","ts":"2017-07-05 00:00:00","active":"1"},{"id":"10","name":"DUBAI","countryId":"6","location":"Dubai","supervisorId":"3","createdBy":"1","ts":"2017-07-05 00:00:00","active":"1"},{"id":"11","name":"CHINA","countryId":"5","location":"China","supervisorId":"3","createdBy":"3","ts":"2017-07-05 13:23:17","active":"1"},{"id":"12","name":"NAIROBI","countryId":"2","location":"Nairobi","supervisorId":"3","createdBy":"3","ts":"2017-07-06 14:12:35","active":"1"},{"id":"13","name":"KAMPALA ROAD","countryId":"1","location":"kampala road","supervisorId":"3","createdBy":"3","ts":"2017-07-06 14:12:35","active":"1"}],"countries":[{"id":"1","name":"UGANDA","createdBy":"1","ts":"2017-06-25 23:13:31","active":"1"},{"id":"2","name":"KENYA","createdBy":"1","ts":"2017-06-26 09:02:45","active":"1"},{"id":"3","name":"TZ","createdBy":"1","ts":"2017-06-28 11:11:53","active":"1"},{"id":"4","name":"CONGO","createdBy":"1","ts":"2017-06-28 11:26:11","active":"1"},{"id":"5","name":"CHINA","createdBy":"1","ts":"2017-06-28 11:30:01","active":"1"},{"id":"6","name":"UAE","createdBy":"1","ts":"2017-07-05 00:00:00","active":"1"}],"ids":[[{"id":"1","name":"Passport","createdBy":"1","ts":"2017-06-28 14:00:01","active":"1"},{"id":"2","name":"National ID","createdBy":"1","ts":"2017-06-28 14:00:01","active":"1"},{"id":"3","name":"STUDENTS ID","createdBy":"1","ts":"2017-06-28 16:21:46","active":"1"}]],"users":[{"id":"1","firstName":"You","surname":"Jinshu","email":"hudsonbogere@swipeit.co.ug","phone":"256783131266","userName":"you","branchId":"0","userTypeId":"1","password":"$2y$10$pPGbhJ1RXx\/ug.ED3LnsQuKHJTqwYsa\/iF0OqGOgsjflkHKIDTLVq","sessionId":"vy0FlA7y2vNaxytS7zmLKCoiPeLBC3r1","ipAddress":"::1","createdBy":null,"ts":"2017-06-23 15:08:12","active":"1"},{"id":"2","firstName":"Nansubuga","surname":"Dorothy","email":"henry@gmail.com","phone":"256752284441","userName":"dorah","branchId":"12","userTypeId":"3","password":"$2y$10$F9t92sYKf2rDJ.JzCmrrT.Jt1Ix37Fuo.uZKpXPn69dgDUTZ8xLXi","sessionId":"","ipAddress":"105.231.196.253","createdBy":"1","ts":"2017-06-26 19:11:07","active":"1"},{"id":"3","firstName":"Lydia","surname":"Amoi","email":"islam@gmail.com","phone":"256777608310","userName":"lydia","branchId":"6","userTypeId":"2","password":"$2y$10$m72Zz8Z.h4\/Zp6TFDhmbXeQ79kZ7JJ2U0yLUanc0dDVxbc.5UPkRG","sessionId":"","ipAddress":"127.0.0.1","createdBy":"1","ts":"2017-06-26 19:41:01","active":"1"},{"id":"4","firstName":"Nabukera","surname":"Maria","email":"banerd@tfb.com","phone":"256774457813","userName":"maria","branchId":"5","userTypeId":"5","password":"$2y$10$wTpUE\/WJFMfQaBglrQocTO9ndV6dbxL2vzFDEJZ1hpVVp4binpXGO","sessionId":"HReGzjNmSskxZqhJ35ID7sXMOxAGyde8","ipAddress":"127.0.0.1","createdBy":"1","ts":"2017-06-26 23:04:07","active":"1"},{"id":"5","firstName":"Henry","surname":"Bbosa","email":null,"phone":null,"userName":"Henry","branchId":"11","userTypeId":"3","password":"$2y$10$m72Zz8Z.h4\/Zp6TFDhmbXeQ79kZ7JJ2U0yLUanc0dDVxbc.5UPkRG","sessionId":"","ipAddress":"41.210.154.223","createdBy":"1","ts":"2017-07-05 00:00:00","active":"1"},{"id":"6","firstName":"Edwin","surname":"Kakeeto","email":"edwin@edwin.com","phone":"0777777557","userName":"edwin","branchId":"7","userTypeId":"3","password":"$2y$10$wTpUE\/WJFMfQaBglrQocTO9ndV6dbxL2vzFDEJZ1hpVVp4binpXGO","sessionId":"KRX8Yh2iqId0EWTdOh43HSfBIE4fr5lp","ipAddress":"41.243.17.77","createdBy":"3","ts":"2017-07-10 07:37:50","active":"1"},{"id":"7","firstName":"Trish","surname":"Baby","email":"patricia@gmail.com","phone":"0777777557","userName":"trish","branchId":"13","userTypeId":"3","password":"$2y$10$m72Zz8Z.h4\/Zp6TFDhmbXeQ79kZ7JJ2U0yLUanc0dDVxbc.5UPkRG","sessionId":"hxM1lP1Vd3HEvf3x2QoqRy2njxote3kF","ipAddress":"::1","createdBy":null,"ts":null,"active":"1"},{"id":"8","firstName":"cedric","surname":"cedric","email":"cedric@gmail.com","phone":"+256754813912","userName":"cedric","branchId":"7","userTypeId":"3","password":"$2y$10$m72Zz8Z.h4\/Zp6TFDhmbXeQ79kZ7JJ2U0yLUanc0dDVxbc.5UPkRG","sessionId":"3FRemJkS0c4MdRvK14bqZtR2IZCiupvX","ipAddress":"::1","createdBy":null,"ts":null,"active":"1"},{"id":"9","firstName":"Bravia","surname":"Muzira","email":"muzira@gmail.com","phone":"+256771889211","userName":"Braviah","branchId":"6","userTypeId":"3","password":"$2y$10$m72Zz8Z.h4\/Zp6TFDhmbXeQ79kZ7JJ2U0yLUanc0dDVxbc.5UPkRG","sessionId":"CNHdx868gWwwaWl34QWYmNGxDsy1g0Dy","ipAddress":"41.210.154.223","createdBy":null,"ts":null,"active":"1"}],"accounts":[{"id":"16","name":"KINSHASHA-USD Account","branchId":"5","currency_id":"2"},{"id":"20","name":"OASIS MALL-RMB Account","branchId":"6","currency_id":"1"},{"id":"21","name":"OASIS MALL-USD Account","branchId":"6","currency_id":"2"},{"id":"22","name":"OASIS MALL-DIRHAM Account","branchId":"6","currency_id":"3"},{"id":"23","name":"OASIS MALL-UGX Account","branchId":"6","currency_id":"4"},{"id":"24","name":"OASIS MALL-KSH Account","branchId":"6","currency_id":"5"},{"id":"27","name":"CHINA-RMB Account","branchId":"11","currency_id":"1"},{"id":"28","name":"CHINA-USD Account","branchId":"11","currency_id":"2"},{"id":"33","name":"NAIROBI-USD Account","branchId":"12","currency_id":"2"},{"id":"36","name":"NAIROBI-KSH Account","branchId":"12","currency_id":"5"},{"id":"37","name":"GOMA-USD ACCOUNT","branchId":"7","currency_id":"2"},{"id":"38","name":"KAMPALA ROAD -USD ACCOUNT","branchId":"13","currency_id":"2"},{"id":"39","name":"KAMPALA ROAD- UGX ACCOUNT ","branchId":"13","currency_id":"4"}],"currencies":[{"id":"1","name":"RMB","symbol":"\u00a5","createdBy":"1","ts":"2017-06-27 22:45:12","active":"1"},{"id":"2","name":"USD","symbol":"$","createdBy":"1","ts":"2017-06-27 22:45:12","active":"1"},{"id":"3","name":"DIRHAM","symbol":"","createdBy":"1","ts":"2017-06-28 11:40:09","active":"1"},{"id":"4","name":"UGX","symbol":"\/=","createdBy":"1","ts":"2017-06-28 11:46:50","active":"1"},{"id":"5","name":"KSH","symbol":"","createdBy":"1","ts":"2017-06-28 11:46:50","active":"1"}],"superaccount":[{"id":"1","name":"RMB Account","branchId":"0","type_id":"4","currency_id":"1","balance":"0","createdBy":"1","active":"1","ts":"2017-06-27 22:45:12"}],"accountTypes":[{"id":"1","type":"Transfer","description":"","createdBy":"1","ts":"2017-06-28 14:31:12","active":"1"},{"id":"2","type":"Suspense","description":"","createdBy":"1","ts":"2017-06-28 14:31:12","active":"1"},{"id":"4","type":"Super","description":"","createdBy":"1","ts":"2017-06-28 14:31:12","active":"1"}],"userTypes":[{"id":"1","name":"E-Value Admin","level":"1","ts":"2017-06-27 22:45:12","active":"1"},{"id":"2","name":"Super User","level":"2","ts":"2017-06-27 22:45:12","active":"1"},{"id":"3","name":"Agent","level":"3","ts":"2017-06-27 22:45:12","active":"1"},{"id":"4","name":"System Admin","level":"4","ts":"2017-06-27 22:45:12","active":"1"},{"id":"5","name":"superAgent","level":"3","ts":"2017-06-27 22:45:12","active":"1"}]},"success":1}
2017-08-15 09:35:18 ---- New Request ----
2017-08-15 09:35:18 Controller : Reports
2017-08-15 09:35:18 Method : getreportdataAction
2017-08-15 09:35:18 Controller File : controllers/Reports.class.php, Exists
2017-08-15 09:35:18 Class constructed
2017-08-15 09:35:18 Class constructed
2017-08-15 09:35:18 kyakabi2017-08-15 09:35:18 kyakabi12017-08-15 09:35:18 kyakabi22017-08-15 09:35:18 kyakabi32017-08-15 09:35:18 UserID : 1
SessionId : vy0FlA7y2vNaxytS7zmLKCoiPeLBC3r1
Branch ID : 0
2017-08-15 09:35:18 SELECT SQL : SELECT * FROM branches  
2017-08-15 09:35:18 SELECT SQL : SELECT * FROM branch_transaction WHERE  branch_id = '5'  OR transaction_type_id = '7'  
2017-08-15 09:35:18 SELECT SQL : SELECT * FROM branch_transaction WHERE  branch_id = '5'  OR transaction_type_id = '5'  
2017-08-15 09:35:18 SELECT SQL : SELECT * FROM accounts WHERE  branch_id = '5'  
2017-08-15 09:35:18 SELECT SQL : SELECT * FROM branch_transaction WHERE  branch_id = '6'  OR transaction_type_id = '7'  
2017-08-15 09:35:18 SELECT SQL : SELECT * FROM branch_transaction WHERE  branch_id = '6'  OR transaction_type_id = '5'  
2017-08-15 09:35:18 SELECT SQL : SELECT * FROM accounts WHERE  branch_id = '6'  
2017-08-15 09:35:18 SELECT SQL : SELECT * FROM branch_transaction WHERE  branch_id = '7'  OR transaction_type_id = '7'  
2017-08-15 09:35:18 SELECT SQL : SELECT * FROM branch_transaction WHERE  branch_id = '7'  OR transaction_type_id = '5'  
2017-08-15 09:35:18 SELECT SQL : SELECT * FROM accounts WHERE  branch_id = '7'  
2017-08-15 09:35:18 SELECT SQL : SELECT * FROM branch_transaction WHERE  branch_id = '9'  OR transaction_type_id = '7'  
2017-08-15 09:35:18 SELECT SQL : SELECT * FROM branch_transaction WHERE  branch_id = '9'  OR transaction_type_id = '5'  
2017-08-15 09:35:18 SELECT SQL : SELECT * FROM accounts WHERE  branch_id = '9'  
2017-08-15 09:35:18 SELECT SQL : SELECT * FROM branch_transaction WHERE  branch_id = '10'  OR transaction_type_id = '7'  
2017-08-15 09:35:18 SELECT SQL : SELECT * FROM branch_transaction WHERE  branch_id = '10'  OR transaction_type_id = '5'  
2017-08-15 09:35:18 SELECT SQL : SELECT * FROM accounts WHERE  branch_id = '10'  
2017-08-15 09:35:18 SELECT SQL : SELECT * FROM branch_transaction WHERE  branch_id = '11'  OR transaction_type_id = '7'  
2017-08-15 09:35:18 SELECT SQL : SELECT * FROM branch_transaction WHERE  branch_id = '11'  OR transaction_type_id = '5'  
2017-08-15 09:35:18 SELECT SQL : SELECT * FROM accounts WHERE  branch_id = '11'  
2017-08-15 09:35:18 SELECT SQL : SELECT * FROM branch_transaction WHERE  branch_id = '12'  OR transaction_type_id = '7'  
2017-08-15 09:35:18 SELECT SQL : SELECT * FROM branch_transaction WHERE  branch_id = '12'  OR transaction_type_id = '5'  
2017-08-15 09:35:18 SELECT SQL : SELECT * FROM accounts WHERE  branch_id = '12'  
2017-08-15 09:35:18 SELECT SQL : SELECT * FROM branch_transaction WHERE  branch_id = '13'  OR transaction_type_id = '7'  
2017-08-15 09:35:18 SELECT SQL : SELECT * FROM branch_transaction WHERE  branch_id = '13'  OR transaction_type_id = '5'  
2017-08-15 09:35:18 SELECT SQL : SELECT * FROM accounts WHERE  branch_id = '13'  
2017-08-15 09:35:18 Response : {"success":1,"data":[{"branch":{"id":"5","name":"KINSHASHA","countryId":"4","location":"Patrice Avenue","supervisorId":"3","createdBy":"4","ts":"2017-06-30 00:06:55","active":"1"},"cashouts":null,"cashins":[{"id":"3","branch_id":"5","user_id":"0","transaction_type_id":"1","amount":"5000","exchange_rate":"0","from_currency_id":"2","to_currency_id":"0","currency_id":"0","sender_name":"h","receiver_name":"jjj","ts":"2017-08-03 09:11:57","status":"","account_number":"","account_id":"0","amount_from_rate":"","from_account_id":"0","to_account_id":"0","charge":"0","charge_currency_id":"0","details":""},{"id":"5","branch_id":"5","user_id":"0","transaction_type_id":"3","amount":"45000","exchange_rate":"0","from_currency_id":"0","to_currency_id":"0","currency_id":"2","sender_name":"lujja","receiver_name":"Bbosa","ts":"2017-08-03 14:42:48","status":"","account_number":"047829949493","account_id":"0","amount_from_rate":"","from_account_id":"0","to_account_id":"0","charge":"","charge_currency_id":"0","details":""},{"id":"16","branch_id":"5","user_id":"0","transaction_type_id":"5","amount":"7000","exchange_rate":"0","from_currency_id":"0","to_currency_id":"0","currency_id":"0","sender_name":"","receiver_name":"","ts":"2017-08-08 07:39:27","status":"","account_number":"","account_id":"0","amount_from_rate":"","from_account_id":"16","to_account_id":"37","charge":"0","charge_currency_id":"0","details":""},{"id":"17","branch_id":"5","user_id":"4","transaction_type_id":"6","amount":"5000","exchange_rate":"0","from_currency_id":"0","to_currency_id":"0","currency_id":"4","sender_name":"","receiver_name":"","ts":"2017-08-08 07:41:31","status":"","account_number":"","account_id":"0","amount_from_rate":"","from_account_id":"0","to_account_id":"0","charge":"","charge_currency_id":"0","details":"send_to_indi"}],"accounts":0},{"branch":{"id":"6","name":"OASIS MALL","countryId":"1","location":"Yusufu Lule Rd","supervisorId":"3","createdBy":"2","ts":"2017-06-30 00:12:08","active":"1"},"cashouts":null,"cashins":[{"id":"1","branch_id":"6","user_id":"0","transaction_type_id":"1","amount":"1000000","exchange_rate":"0","from_currency_id":"2","to_currency_id":"4","currency_id":"0","sender_name":"You","receiver_name":"Henry","ts":"2017-08-03 08:17:00","status":"","account_number":"","account_id":"0","amount_from_rate":"","from_account_id":"0","to_account_id":"0","charge":"50000","charge_currency_id":"4","details":""},{"id":"2","branch_id":"6","user_id":"0","transaction_type_id":"1","amount":"90000","exchange_rate":"0","from_currency_id":"2","to_currency_id":"4","currency_id":"0","sender_name":"u","receiver_name":"me","ts":"2017-08-03 08:48:06","status":"","account_number":"","account_id":"0","amount_from_rate":"","from_account_id":"0","to_account_id":"0","charge":"5000","charge_currency_id":"4","details":""},{"id":"4","branch_id":"6","user_id":"0","transaction_type_id":"2","amount":"70000","exchange_rate":"0","from_currency_id":"0","to_currency_id":"0","currency_id":"4","sender_name":"yU Jing Shu","receiver_name":"zhou","ts":"2017-08-03 14:11:44","status":"","account_number":"","account_id":"0","amount_from_rate":"","from_account_id":"0","to_account_id":"0","charge":"","charge_currency_id":"0","details":""},{"id":"7","branch_id":"6","user_id":"0","transaction_type_id":"4","amount":"700","exchange_rate":"0","from_currency_id":"0","to_currency_id":"0","currency_id":"4","sender_name":"","receiver_name":"","ts":"2017-08-08 06:37:35","status":"","account_number":"","account_id":"0","amount_from_rate":"","from_account_id":"0","to_account_id":"0","charge":"","charge_currency_id":"0","details":"Fuel to muyenga"},{"id":"10","branch_id":"6","user_id":"3","transaction_type_id":"8","amount":"4000","exchange_rate":"30","from_currency_id":"0","to_currency_id":"0","currency_id":"0","sender_name":"","receiver_name":"","ts":"2017-08-08 06:45:39","status":"","account_number":"","account_id":"20","amount_from_rate":"120000","from_account_id":"0","to_account_id":"0","charge":"","charge_currency_id":"0","details":""},{"id":"11","branch_id":"6","user_id":"3","transaction_type_id":"8","amount":"7000","exchange_rate":"320","from_currency_id":"0","to_currency_id":"0","currency_id":"0","sender_name":"","receiver_name":"","ts":"2017-08-08 06:48:47","status":"","account_number":"","account_id":"20","amount_from_rate":"2240000","from_account_id":"0","to_account_id":"0","charge":"","charge_currency_id":"0","details":""},{"id":"12","branch_id":"6","user_id":"3","transaction_type_id":"8","amount":"300","exchange_rate":"30","from_currency_id":"0","to_currency_id":"0","currency_id":"0","sender_name":"","receiver_name":"","ts":"2017-08-08 06:49:11","status":"","account_number":"","account_id":"24","amount_from_rate":"9000","from_account_id":"0","to_account_id":"0","charge":"","charge_currency_id":"0","details":""},{"id":"14","branch_id":"6","user_id":"3","transaction_type_id":"7","amount":"3000","exchange_rate":"36","from_currency_id":"3","to_currency_id":"2","currency_id":"0","sender_name":"","receiver_name":"","ts":"2017-08-08 07:34:39","status":"","account_number":"","account_id":"0","amount_from_rate":"83.33333333333333","from_account_id":"0","to_account_id":"0","charge":"","charge_currency_id":"0","details":""},{"id":"16","branch_id":"5","user_id":"0","transaction_type_id":"5","amount":"7000","exchange_rate":"0","from_currency_id":"0","to_currency_id":"0","currency_id":"0","sender_name":"","receiver_name":"","ts":"2017-08-08 07:39:27","status":"","account_number":"","account_id":"0","amount_from_rate":"","from_account_id":"16","to_account_id":"37","charge":"0","charge_currency_id":"0","details":""}],"accounts":0},{"branch":{"id":"7","name":"GOMA","countryId":"4","location":"Goma","supervisorId":"3","createdBy":"1","ts":"2017-07-05 00:00:00","active":"1"},"cashouts":null,"cashins":[{"id":"6","branch_id":"7","user_id":"0","transaction_type_id":"4","amount":"3000","exchange_rate":"0","from_currency_id":"0","to_currency_id":"0","currency_id":"2","sender_name":"","receiver_name":"","ts":"2017-08-03 14:54:49","status":"","account_number":"","account_id":"0","amount_from_rate":"","from_account_id":"0","to_account_id":"0","charge":"","charge_currency_id":"0","details":"I used this to buy my car fuel and move to Rwanda"},{"id":"16","branch_id":"5","user_id":"0","transaction_type_id":"5","amount":"7000","exchange_rate":"0","from_currency_id":"0","to_currency_id":"0","currency_id":"0","sender_name":"","receiver_name":"","ts":"2017-08-08 07:39:27","status":"","account_number":"","account_id":"0","amount_from_rate":"","from_account_id":"16","to_account_id":"37","charge":"0","charge_currency_id":"0","details":""}],"accounts":0},{"branch":{"id":"9","name":"MOMBASA","countryId":"2","location":"Mombasa","supervisorId":"3","createdBy":"1","ts":"2017-07-05 00:00:00","active":"1"},"cashouts":null,"cashins":{"id":"16","branch_id":"5","user_id":"0","transaction_type_id":"5","amount":"7000","exchange_rate":"0","from_currency_id":"0","to_currency_id":"0","currency_id":"0","sender_name":"","receiver_name":"","ts":"2017-08-08 07:39:27","status":"","account_number":"","account_id":"0","amount_from_rate":"","from_account_id":"16","to_account_id":"37","charge":"0","charge_currency_id":"0","details":""},"accounts":0},{"branch":{"id":"10","name":"DUBAI","countryId":"6","location":"Dubai","supervisorId":"3","createdBy":"1","ts":"2017-07-05 00:00:00","active":"1"},"cashouts":null,"cashins":{"id":"16","branch_id":"5","user_id":"0","transaction_type_id":"5","amount":"7000","exchange_rate":"0","from_currency_id":"0","to_currency_id":"0","currency_id":"0","sender_name":"","receiver_name":"","ts":"2017-08-08 07:39:27","status":"","account_number":"","account_id":"0","amount_from_rate":"","from_account_id":"16","to_account_id":"37","charge":"0","charge_currency_id":"0","details":""},"accounts":0},{"branch":{"id":"11","name":"CHINA","countryId":"5","location":"China","supervisorId":"3","createdBy":"3","ts":"2017-07-05 13:23:17","active":"1"},"cashouts":null,"cashins":{"id":"16","branch_id":"5","user_id":"0","transaction_type_id":"5","amount":"7000","exchange_rate":"0","from_currency_id":"0","to_currency_id":"0","currency_id":"0","sender_name":"","receiver_name":"","ts":"2017-08-08 07:39:27","status":"","account_number":"","account_id":"0","amount_from_rate":"","from_account_id":"16","to_account_id":"37","charge":"0","charge_currency_id":"0","details":""},"accounts":0},{"branch":{"id":"12","name":"NAIROBI","countryId":"2","location":"Nairobi","supervisorId":"3","createdBy":"3","ts":"2017-07-06 14:12:35","active":"1"},"cashouts":null,"cashins":{"id":"16","branch_id":"5","user_id":"0","transaction_type_id":"5","amount":"7000","exchange_rate":"0","from_currency_id":"0","to_currency_id":"0","currency_id":"0","sender_name":"","receiver_name":"","ts":"2017-08-08 07:39:27","status":"","account_number":"","account_id":"0","amount_from_rate":"","from_account_id":"16","to_account_id":"37","charge":"0","charge_currency_id":"0","details":""},"accounts":0},{"branch":{"id":"13","name":"KAMPALA ROAD","countryId":"1","location":"kampala road","supervisorId":"3","createdBy":"3","ts":"2017-07-06 14:12:35","active":"1"},"cashouts":null,"cashins":{"id":"16","branch_id":"5","user_id":"0","transaction_type_id":"5","amount":"7000","exchange_rate":"0","from_currency_id":"0","to_currency_id":"0","currency_id":"0","sender_name":"","receiver_name":"","ts":"2017-08-08 07:39:27","status":"","account_number":"","account_id":"0","amount_from_rate":"","from_account_id":"16","to_account_id":"37","charge":"0","charge_currency_id":"0","details":""},"accounts":0}]}
2017-08-15 09:38:18 ---- New Request ----
2017-08-15 09:38:18 Controller : Users
2017-08-15 09:38:18 Method : formsdetailsAction
2017-08-15 09:38:18 Controller File : controllers/Users.class.php, Exists
2017-08-15 09:38:18 Class constructed
2017-08-15 09:38:18 Details Params :
SessionID :vy0FlA7y2vNaxytS7zmLKCoiPeLBC3r1
User ID : 1
2017-08-15 09:38:18 SELECT SQL : SELECT * FROM branches WHERE  active = '1'  
2017-08-15 09:38:18 SELECT SQL : SELECT * FROM countries WHERE  active = '1'  
2017-08-15 09:38:18 SELECT SQL : SELECT * FROM identification WHERE  active = '1'  
2017-08-15 09:38:18 SELECT SQL : SELECT * FROM users WHERE  active = '1'  
2017-08-15 09:38:18 SELECT SQL : SELECT id,name,branchId,currency_id FROM accounts WHERE  active = '1' AND type_id = '1'  
2017-08-15 09:38:18 Balance Update Params :
Branch Id : 5
Account ID : 16
Amount : 0
2017-08-15 09:38:18 SELECT SQL : SELECT * FROM balances WHERE  branchId = '5' AND accountId = '16'  
2017-08-15 09:38:18 SELECT SQL : SELECT * FROM balances WHERE  branchId = '5' AND accountId = '16' AND date = '2017-08-15'  
2017-08-15 09:38:18 UPDATE SQL : UPDATE balances SET closingBalance = '144123739' WHERE  branchId = '5' AND accountId = '16' AND date = '2017-08-15' 
2017-08-15 09:38:18 Balance Update Status 2:1
 2017-08-15 09:38:18 Balance Update Params :
Branch Id : 6
Account ID : 20
Amount : 0
2017-08-15 09:38:18 SELECT SQL : SELECT * FROM balances WHERE  branchId = '6' AND accountId = '20'  
2017-08-15 09:38:18 SELECT SQL : SELECT * FROM balances WHERE  branchId = '6' AND accountId = '20' AND date = '2017-08-15'  
2017-08-15 09:38:18 UPDATE SQL : UPDATE balances SET closingBalance = '3260000' WHERE  branchId = '6' AND accountId = '20' AND date = '2017-08-15' 
2017-08-15 09:38:18 Balance Update Status 2:1
 2017-08-15 09:38:18 Balance Update Params :
Branch Id : 6
Account ID : 21
Amount : 0
2017-08-15 09:38:18 SELECT SQL : SELECT * FROM balances WHERE  branchId = '6' AND accountId = '21'  
2017-08-15 09:38:18 SELECT SQL : SELECT * FROM balances WHERE  branchId = '6' AND accountId = '21' AND date = '2017-08-15'  
2017-08-15 09:38:18 UPDATE SQL : UPDATE balances SET closingBalance = '1882492' WHERE  branchId = '6' AND accountId = '21' AND date = '2017-08-15' 
2017-08-15 09:38:18 Balance Update Status 2:1
 2017-08-15 09:38:18 Balance Update Params :
Branch Id : 6
Account ID : 22
Amount : 0
2017-08-15 09:38:18 SELECT SQL : SELECT * FROM balances WHERE  branchId = '6' AND accountId = '22'  
2017-08-15 09:38:18 SELECT SQL : SELECT * FROM balances WHERE  branchId = '6' AND accountId = '22' AND date = '2017-08-15'  
2017-08-15 09:38:18 UPDATE SQL : UPDATE balances SET closingBalance = '-3000' WHERE  branchId = '6' AND accountId = '22' AND date = '2017-08-15' 
2017-08-15 09:38:18 Balance Update Status 2:1
 2017-08-15 09:38:18 Balance Update Params :
Branch Id : 6
Account ID : 23
Amount : 0
2017-08-15 09:38:18 SELECT SQL : SELECT * FROM balances WHERE  branchId = '6' AND accountId = '23'  
2017-08-15 09:38:18 SELECT SQL : SELECT * FROM balances WHERE  branchId = '6' AND accountId = '23' AND date = '2017-08-15'  
2017-08-15 09:38:18 UPDATE SQL : UPDATE balances SET closingBalance = '95199318' WHERE  branchId = '6' AND accountId = '23' AND date = '2017-08-15' 
2017-08-15 09:38:18 Balance Update Status 2:1
 2017-08-15 09:38:18 Balance Update Params :
Branch Id : 6
Account ID : 24
Amount : 0
2017-08-15 09:38:18 SELECT SQL : SELECT * FROM balances WHERE  branchId = '6' AND accountId = '24'  
2017-08-15 09:38:18 SELECT SQL : SELECT * FROM balances WHERE  branchId = '6' AND accountId = '24' AND date = '2017-08-15'  
2017-08-15 09:38:18 UPDATE SQL : UPDATE balances SET closingBalance = '1847000' WHERE  branchId = '6' AND accountId = '24' AND date = '2017-08-15' 
2017-08-15 09:38:18 Balance Update Status 2:1
 2017-08-15 09:38:18 Balance Update Params :
Branch Id : 11
Account ID : 27
Amount : 0
2017-08-15 09:38:18 SELECT SQL : SELECT * FROM balances WHERE  branchId = '11' AND accountId = '27'  
2017-08-15 09:38:18 Balance Update Params :
Branch Id : 11
Account ID : 28
Amount : 0
2017-08-15 09:38:18 SELECT SQL : SELECT * FROM balances WHERE  branchId = '11' AND accountId = '28'  
2017-08-15 09:38:18 Balance Update Params :
Branch Id : 12
Account ID : 33
Amount : 0
2017-08-15 09:38:18 SELECT SQL : SELECT * FROM balances WHERE  branchId = '12' AND accountId = '33'  
2017-08-15 09:38:18 SELECT SQL : SELECT * FROM balances WHERE  branchId = '12' AND accountId = '33' AND date = '2017-08-15'  
2017-08-15 09:38:18 UPDATE SQL : UPDATE balances SET closingBalance = '25154' WHERE  branchId = '12' AND accountId = '33' AND date = '2017-08-15' 
2017-08-15 09:38:18 Balance Update Status 2:1
 2017-08-15 09:38:18 Balance Update Params :
Branch Id : 12
Account ID : 36
Amount : 0
2017-08-15 09:38:18 SELECT SQL : SELECT * FROM balances WHERE  branchId = '12' AND accountId = '36'  
2017-08-15 09:38:18 SELECT SQL : SELECT * FROM balances WHERE  branchId = '12' AND accountId = '36' AND date = '2017-08-15'  
2017-08-15 09:38:18 UPDATE SQL : UPDATE balances SET closingBalance = '7637' WHERE  branchId = '12' AND accountId = '36' AND date = '2017-08-15' 
2017-08-15 09:38:18 Balance Update Status 2:1
 2017-08-15 09:38:18 Balance Update Params :
Branch Id : 7
Account ID : 37
Amount : 0
2017-08-15 09:38:18 SELECT SQL : SELECT * FROM balances WHERE  branchId = '7' AND accountId = '37'  
2017-08-15 09:38:18 SELECT SQL : SELECT * FROM balances WHERE  branchId = '7' AND accountId = '37' AND date = '2017-08-15'  
2017-08-15 09:38:18 UPDATE SQL : UPDATE balances SET closingBalance = '100158' WHERE  branchId = '7' AND accountId = '37' AND date = '2017-08-15' 
2017-08-15 09:38:18 Balance Update Status 2:1
 2017-08-15 09:38:18 Balance Update Params :
Branch Id : 13
Account ID : 38
Amount : 0
2017-08-15 09:38:18 SELECT SQL : SELECT * FROM balances WHERE  branchId = '13' AND accountId = '38'  
2017-08-15 09:38:18 Balance Update Params :
Branch Id : 13
Account ID : 39
Amount : 0
2017-08-15 09:38:18 SELECT SQL : SELECT * FROM balances WHERE  branchId = '13' AND accountId = '39'  
2017-08-15 09:38:18 SELECT SQL : SELECT * FROM balances WHERE  branchId = '13' AND accountId = '39' AND date = '2017-08-15'  
2017-08-15 09:38:18 UPDATE SQL : UPDATE balances SET closingBalance = '-6840000001.9444' WHERE  branchId = '13' AND accountId = '39' AND date = '2017-08-15' 
2017-08-15 09:38:18 Balance Update Status 2:1
 2017-08-15 09:38:18 SELECT SQL : SELECT * FROM currencies WHERE  active = '1'  
2017-08-15 09:38:18 SELECT SQL : SELECT * FROM accounts WHERE  active = '1' AND type_id = '4'  
2017-08-15 09:38:18 SELECT SQL : SELECT * FROM account_types WHERE  active = '1'  
2017-08-15 09:38:18 SELECT SQL : SELECT * FROM user_types WHERE  active = '1'  
2017-08-15 09:38:18 Response : {"data":{"branches":[{"id":"5","name":"KINSHASHA","countryId":"4","location":"Patrice Avenue","supervisorId":"3","createdBy":"4","ts":"2017-06-30 00:06:55","active":"1"},{"id":"6","name":"OASIS MALL","countryId":"1","location":"Yusufu Lule Rd","supervisorId":"3","createdBy":"2","ts":"2017-06-30 00:12:08","active":"1"},{"id":"7","name":"GOMA","countryId":"4","location":"Goma","supervisorId":"3","createdBy":"1","ts":"2017-07-05 00:00:00","active":"1"},{"id":"9","name":"MOMBASA","countryId":"2","location":"Mombasa","supervisorId":"3","createdBy":"1","ts":"2017-07-05 00:00:00","active":"1"},{"id":"10","name":"DUBAI","countryId":"6","location":"Dubai","supervisorId":"3","createdBy":"1","ts":"2017-07-05 00:00:00","active":"1"},{"id":"11","name":"CHINA","countryId":"5","location":"China","supervisorId":"3","createdBy":"3","ts":"2017-07-05 13:23:17","active":"1"},{"id":"12","name":"NAIROBI","countryId":"2","location":"Nairobi","supervisorId":"3","createdBy":"3","ts":"2017-07-06 14:12:35","active":"1"},{"id":"13","name":"KAMPALA ROAD","countryId":"1","location":"kampala road","supervisorId":"3","createdBy":"3","ts":"2017-07-06 14:12:35","active":"1"}],"countries":[{"id":"1","name":"UGANDA","createdBy":"1","ts":"2017-06-25 23:13:31","active":"1"},{"id":"2","name":"KENYA","createdBy":"1","ts":"2017-06-26 09:02:45","active":"1"},{"id":"3","name":"TZ","createdBy":"1","ts":"2017-06-28 11:11:53","active":"1"},{"id":"4","name":"CONGO","createdBy":"1","ts":"2017-06-28 11:26:11","active":"1"},{"id":"5","name":"CHINA","createdBy":"1","ts":"2017-06-28 11:30:01","active":"1"},{"id":"6","name":"UAE","createdBy":"1","ts":"2017-07-05 00:00:00","active":"1"}],"ids":[[{"id":"1","name":"Passport","createdBy":"1","ts":"2017-06-28 14:00:01","active":"1"},{"id":"2","name":"National ID","createdBy":"1","ts":"2017-06-28 14:00:01","active":"1"},{"id":"3","name":"STUDENTS ID","createdBy":"1","ts":"2017-06-28 16:21:46","active":"1"}]],"users":[{"id":"1","firstName":"You","surname":"Jinshu","email":"hudsonbogere@swipeit.co.ug","phone":"256783131266","userName":"you","branchId":"0","userTypeId":"1","password":"$2y$10$pPGbhJ1RXx\/ug.ED3LnsQuKHJTqwYsa\/iF0OqGOgsjflkHKIDTLVq","sessionId":"vy0FlA7y2vNaxytS7zmLKCoiPeLBC3r1","ipAddress":"::1","createdBy":null,"ts":"2017-06-23 15:08:12","active":"1"},{"id":"2","firstName":"Nansubuga","surname":"Dorothy","email":"henry@gmail.com","phone":"256752284441","userName":"dorah","branchId":"12","userTypeId":"3","password":"$2y$10$F9t92sYKf2rDJ.JzCmrrT.Jt1Ix37Fuo.uZKpXPn69dgDUTZ8xLXi","sessionId":"","ipAddress":"105.231.196.253","createdBy":"1","ts":"2017-06-26 19:11:07","active":"1"},{"id":"3","firstName":"Lydia","surname":"Amoi","email":"islam@gmail.com","phone":"256777608310","userName":"lydia","branchId":"6","userTypeId":"2","password":"$2y$10$m72Zz8Z.h4\/Zp6TFDhmbXeQ79kZ7JJ2U0yLUanc0dDVxbc.5UPkRG","sessionId":"","ipAddress":"127.0.0.1","createdBy":"1","ts":"2017-06-26 19:41:01","active":"1"},{"id":"4","firstName":"Nabukera","surname":"Maria","email":"banerd@tfb.com","phone":"256774457813","userName":"maria","branchId":"5","userTypeId":"5","password":"$2y$10$wTpUE\/WJFMfQaBglrQocTO9ndV6dbxL2vzFDEJZ1hpVVp4binpXGO","sessionId":"HReGzjNmSskxZqhJ35ID7sXMOxAGyde8","ipAddress":"127.0.0.1","createdBy":"1","ts":"2017-06-26 23:04:07","active":"1"},{"id":"5","firstName":"Henry","surname":"Bbosa","email":null,"phone":null,"userName":"Henry","branchId":"11","userTypeId":"3","password":"$2y$10$m72Zz8Z.h4\/Zp6TFDhmbXeQ79kZ7JJ2U0yLUanc0dDVxbc.5UPkRG","sessionId":"","ipAddress":"41.210.154.223","createdBy":"1","ts":"2017-07-05 00:00:00","active":"1"},{"id":"6","firstName":"Edwin","surname":"Kakeeto","email":"edwin@edwin.com","phone":"0777777557","userName":"edwin","branchId":"7","userTypeId":"3","password":"$2y$10$wTpUE\/WJFMfQaBglrQocTO9ndV6dbxL2vzFDEJZ1hpVVp4binpXGO","sessionId":"KRX8Yh2iqId0EWTdOh43HSfBIE4fr5lp","ipAddress":"41.243.17.77","createdBy":"3","ts":"2017-07-10 07:37:50","active":"1"},{"id":"7","firstName":"Trish","surname":"Baby","email":"patricia@gmail.com","phone":"0777777557","userName":"trish","branchId":"13","userTypeId":"3","password":"$2y$10$m72Zz8Z.h4\/Zp6TFDhmbXeQ79kZ7JJ2U0yLUanc0dDVxbc.5UPkRG","sessionId":"hxM1lP1Vd3HEvf3x2QoqRy2njxote3kF","ipAddress":"::1","createdBy":null,"ts":null,"active":"1"},{"id":"8","firstName":"cedric","surname":"cedric","email":"cedric@gmail.com","phone":"+256754813912","userName":"cedric","branchId":"7","userTypeId":"3","password":"$2y$10$m72Zz8Z.h4\/Zp6TFDhmbXeQ79kZ7JJ2U0yLUanc0dDVxbc.5UPkRG","sessionId":"3FRemJkS0c4MdRvK14bqZtR2IZCiupvX","ipAddress":"::1","createdBy":null,"ts":null,"active":"1"},{"id":"9","firstName":"Bravia","surname":"Muzira","email":"muzira@gmail.com","phone":"+256771889211","userName":"Braviah","branchId":"6","userTypeId":"3","password":"$2y$10$m72Zz8Z.h4\/Zp6TFDhmbXeQ79kZ7JJ2U0yLUanc0dDVxbc.5UPkRG","sessionId":"CNHdx868gWwwaWl34QWYmNGxDsy1g0Dy","ipAddress":"41.210.154.223","createdBy":null,"ts":null,"active":"1"}],"accounts":[{"id":"16","name":"KINSHASHA-USD Account","branchId":"5","currency_id":"2"},{"id":"20","name":"OASIS MALL-RMB Account","branchId":"6","currency_id":"1"},{"id":"21","name":"OASIS MALL-USD Account","branchId":"6","currency_id":"2"},{"id":"22","name":"OASIS MALL-DIRHAM Account","branchId":"6","currency_id":"3"},{"id":"23","name":"OASIS MALL-UGX Account","branchId":"6","currency_id":"4"},{"id":"24","name":"OASIS MALL-KSH Account","branchId":"6","currency_id":"5"},{"id":"27","name":"CHINA-RMB Account","branchId":"11","currency_id":"1"},{"id":"28","name":"CHINA-USD Account","branchId":"11","currency_id":"2"},{"id":"33","name":"NAIROBI-USD Account","branchId":"12","currency_id":"2"},{"id":"36","name":"NAIROBI-KSH Account","branchId":"12","currency_id":"5"},{"id":"37","name":"GOMA-USD ACCOUNT","branchId":"7","currency_id":"2"},{"id":"38","name":"KAMPALA ROAD -USD ACCOUNT","branchId":"13","currency_id":"2"},{"id":"39","name":"KAMPALA ROAD- UGX ACCOUNT ","branchId":"13","currency_id":"4"}],"currencies":[{"id":"1","name":"RMB","symbol":"\u00a5","createdBy":"1","ts":"2017-06-27 22:45:12","active":"1"},{"id":"2","name":"USD","symbol":"$","createdBy":"1","ts":"2017-06-27 22:45:12","active":"1"},{"id":"3","name":"DIRHAM","symbol":"","createdBy":"1","ts":"2017-06-28 11:40:09","active":"1"},{"id":"4","name":"UGX","symbol":"\/=","createdBy":"1","ts":"2017-06-28 11:46:50","active":"1"},{"id":"5","name":"KSH","symbol":"","createdBy":"1","ts":"2017-06-28 11:46:50","active":"1"}],"superaccount":[{"id":"1","name":"RMB Account","branchId":"0","type_id":"4","currency_id":"1","balance":"0","createdBy":"1","active":"1","ts":"2017-06-27 22:45:12"}],"accountTypes":[{"id":"1","type":"Transfer","description":"","createdBy":"1","ts":"2017-06-28 14:31:12","active":"1"},{"id":"2","type":"Suspense","description":"","createdBy":"1","ts":"2017-06-28 14:31:12","active":"1"},{"id":"4","type":"Super","description":"","createdBy":"1","ts":"2017-06-28 14:31:12","active":"1"}],"userTypes":[{"id":"1","name":"E-Value Admin","level":"1","ts":"2017-06-27 22:45:12","active":"1"},{"id":"2","name":"Super User","level":"2","ts":"2017-06-27 22:45:12","active":"1"},{"id":"3","name":"Agent","level":"3","ts":"2017-06-27 22:45:12","active":"1"},{"id":"4","name":"System Admin","level":"4","ts":"2017-06-27 22:45:12","active":"1"},{"id":"5","name":"superAgent","level":"3","ts":"2017-06-27 22:45:12","active":"1"}]},"success":1}
2017-08-15 09:38:22 ---- New Request ----
2017-08-15 09:38:22 Controller : Reports
2017-08-15 09:38:22 Method : getreportdataAction
2017-08-15 09:38:22 Controller File : controllers/Reports.class.php, Exists
2017-08-15 09:38:22 Class constructed
2017-08-15 09:38:22 Class constructed
2017-08-15 09:38:22 kyakabi2017-08-15 09:38:22 kyakabi12017-08-15 09:38:22 kyakabi22017-08-15 09:38:22 kyakabi32017-08-15 09:38:22 UserID : 1
SessionId : vy0FlA7y2vNaxytS7zmLKCoiPeLBC3r1
Branch ID : 0
2017-08-15 09:38:22 SELECT SQL : SELECT * FROM branches  
2017-08-15 09:38:22 SELECT SQL : SELECT * FROM branch_transaction WHERE  branch_id = '5'  OR transaction_type_id = '7'  
2017-08-15 09:38:22 SELECT SQL : SELECT * FROM branch_transaction WHERE  branch_id = '5'  OR transaction_type_id = '5'  
2017-08-15 09:38:22 SELECT SQL : SELECT * FROM accounts WHERE  branchId = '5'  
2017-08-15 09:38:22 SELECT SQL : SELECT * FROM branch_transaction WHERE  branch_id = '6'  OR transaction_type_id = '7'  
2017-08-15 09:38:22 SELECT SQL : SELECT * FROM branch_transaction WHERE  branch_id = '6'  OR transaction_type_id = '5'  
2017-08-15 09:38:22 SELECT SQL : SELECT * FROM accounts WHERE  branchId = '6'  
2017-08-15 09:38:22 SELECT SQL : SELECT * FROM branch_transaction WHERE  branch_id = '7'  OR transaction_type_id = '7'  
2017-08-15 09:38:22 SELECT SQL : SELECT * FROM branch_transaction WHERE  branch_id = '7'  OR transaction_type_id = '5'  
2017-08-15 09:38:22 SELECT SQL : SELECT * FROM accounts WHERE  branchId = '7'  
2017-08-15 09:38:22 SELECT SQL : SELECT * FROM branch_transaction WHERE  branch_id = '9'  OR transaction_type_id = '7'  
2017-08-15 09:38:22 SELECT SQL : SELECT * FROM branch_transaction WHERE  branch_id = '9'  OR transaction_type_id = '5'  
2017-08-15 09:38:22 SELECT SQL : SELECT * FROM accounts WHERE  branchId = '9'  
2017-08-15 09:38:22 SELECT SQL : SELECT * FROM branch_transaction WHERE  branch_id = '10'  OR transaction_type_id = '7'  
2017-08-15 09:38:22 SELECT SQL : SELECT * FROM branch_transaction WHERE  branch_id = '10'  OR transaction_type_id = '5'  
2017-08-15 09:38:22 SELECT SQL : SELECT * FROM accounts WHERE  branchId = '10'  
2017-08-15 09:38:22 SELECT SQL : SELECT * FROM branch_transaction WHERE  branch_id = '11'  OR transaction_type_id = '7'  
2017-08-15 09:38:22 SELECT SQL : SELECT * FROM branch_transaction WHERE  branch_id = '11'  OR transaction_type_id = '5'  
2017-08-15 09:38:22 SELECT SQL : SELECT * FROM accounts WHERE  branchId = '11'  
2017-08-15 09:38:22 SELECT SQL : SELECT * FROM branch_transaction WHERE  branch_id = '12'  OR transaction_type_id = '7'  
2017-08-15 09:38:22 SELECT SQL : SELECT * FROM branch_transaction WHERE  branch_id = '12'  OR transaction_type_id = '5'  
2017-08-15 09:38:22 SELECT SQL : SELECT * FROM accounts WHERE  branchId = '12'  
2017-08-15 09:38:22 SELECT SQL : SELECT * FROM branch_transaction WHERE  branch_id = '13'  OR transaction_type_id = '7'  
2017-08-15 09:38:22 SELECT SQL : SELECT * FROM branch_transaction WHERE  branch_id = '13'  OR transaction_type_id = '5'  
2017-08-15 09:38:22 SELECT SQL : SELECT * FROM accounts WHERE  branchId = '13'  
2017-08-15 09:38:22 Response : {"success":1,"data":[{"branch":{"id":"5","name":"KINSHASHA","countryId":"4","location":"Patrice Avenue","supervisorId":"3","createdBy":"4","ts":"2017-06-30 00:06:55","active":"1"},"cashouts":null,"cashins":[{"id":"3","branch_id":"5","user_id":"0","transaction_type_id":"1","amount":"5000","exchange_rate":"0","from_currency_id":"2","to_currency_id":"0","currency_id":"0","sender_name":"h","receiver_name":"jjj","ts":"2017-08-03 09:11:57","status":"","account_number":"","account_id":"0","amount_from_rate":"","from_account_id":"0","to_account_id":"0","charge":"0","charge_currency_id":"0","details":""},{"id":"5","branch_id":"5","user_id":"0","transaction_type_id":"3","amount":"45000","exchange_rate":"0","from_currency_id":"0","to_currency_id":"0","currency_id":"2","sender_name":"lujja","receiver_name":"Bbosa","ts":"2017-08-03 14:42:48","status":"","account_number":"047829949493","account_id":"0","amount_from_rate":"","from_account_id":"0","to_account_id":"0","charge":"","charge_currency_id":"0","details":""},{"id":"16","branch_id":"5","user_id":"0","transaction_type_id":"5","amount":"7000","exchange_rate":"0","from_currency_id":"0","to_currency_id":"0","currency_id":"0","sender_name":"","receiver_name":"","ts":"2017-08-08 07:39:27","status":"","account_number":"","account_id":"0","amount_from_rate":"","from_account_id":"16","to_account_id":"37","charge":"0","charge_currency_id":"0","details":""},{"id":"17","branch_id":"5","user_id":"4","transaction_type_id":"6","amount":"5000","exchange_rate":"0","from_currency_id":"0","to_currency_id":"0","currency_id":"4","sender_name":"","receiver_name":"","ts":"2017-08-08 07:41:31","status":"","account_number":"","account_id":"0","amount_from_rate":"","from_account_id":"0","to_account_id":"0","charge":"","charge_currency_id":"0","details":"send_to_indi"}],"accounts":{"id":"16","name":"KINSHASHA-USD Account","branchId":"5","type_id":"1","currency_id":"2","balance":"0","createdBy":"4","active":"1","ts":"2017-06-30 00:06:55"}},{"branch":{"id":"6","name":"OASIS MALL","countryId":"1","location":"Yusufu Lule Rd","supervisorId":"3","createdBy":"2","ts":"2017-06-30 00:12:08","active":"1"},"cashouts":null,"cashins":[{"id":"1","branch_id":"6","user_id":"0","transaction_type_id":"1","amount":"1000000","exchange_rate":"0","from_currency_id":"2","to_currency_id":"4","currency_id":"0","sender_name":"You","receiver_name":"Henry","ts":"2017-08-03 08:17:00","status":"","account_number":"","account_id":"0","amount_from_rate":"","from_account_id":"0","to_account_id":"0","charge":"50000","charge_currency_id":"4","details":""},{"id":"2","branch_id":"6","user_id":"0","transaction_type_id":"1","amount":"90000","exchange_rate":"0","from_currency_id":"2","to_currency_id":"4","currency_id":"0","sender_name":"u","receiver_name":"me","ts":"2017-08-03 08:48:06","status":"","account_number":"","account_id":"0","amount_from_rate":"","from_account_id":"0","to_account_id":"0","charge":"5000","charge_currency_id":"4","details":""},{"id":"4","branch_id":"6","user_id":"0","transaction_type_id":"2","amount":"70000","exchange_rate":"0","from_currency_id":"0","to_currency_id":"0","currency_id":"4","sender_name":"yU Jing Shu","receiver_name":"zhou","ts":"2017-08-03 14:11:44","status":"","account_number":"","account_id":"0","amount_from_rate":"","from_account_id":"0","to_account_id":"0","charge":"","charge_currency_id":"0","details":""},{"id":"7","branch_id":"6","user_id":"0","transaction_type_id":"4","amount":"700","exchange_rate":"0","from_currency_id":"0","to_currency_id":"0","currency_id":"4","sender_name":"","receiver_name":"","ts":"2017-08-08 06:37:35","status":"","account_number":"","account_id":"0","amount_from_rate":"","from_account_id":"0","to_account_id":"0","charge":"","charge_currency_id":"0","details":"Fuel to muyenga"},{"id":"10","branch_id":"6","user_id":"3","transaction_type_id":"8","amount":"4000","exchange_rate":"30","from_currency_id":"0","to_currency_id":"0","currency_id":"0","sender_name":"","receiver_name":"","ts":"2017-08-08 06:45:39","status":"","account_number":"","account_id":"20","amount_from_rate":"120000","from_account_id":"0","to_account_id":"0","charge":"","charge_currency_id":"0","details":""},{"id":"11","branch_id":"6","user_id":"3","transaction_type_id":"8","amount":"7000","exchange_rate":"320","from_currency_id":"0","to_currency_id":"0","currency_id":"0","sender_name":"","receiver_name":"","ts":"2017-08-08 06:48:47","status":"","account_number":"","account_id":"20","amount_from_rate":"2240000","from_account_id":"0","to_account_id":"0","charge":"","charge_currency_id":"0","details":""},{"id":"12","branch_id":"6","user_id":"3","transaction_type_id":"8","amount":"300","exchange_rate":"30","from_currency_id":"0","to_currency_id":"0","currency_id":"0","sender_name":"","receiver_name":"","ts":"2017-08-08 06:49:11","status":"","account_number":"","account_id":"24","amount_from_rate":"9000","from_account_id":"0","to_account_id":"0","charge":"","charge_currency_id":"0","details":""},{"id":"14","branch_id":"6","user_id":"3","transaction_type_id":"7","amount":"3000","exchange_rate":"36","from_currency_id":"3","to_currency_id":"2","currency_id":"0","sender_name":"","receiver_name":"","ts":"2017-08-08 07:34:39","status":"","account_number":"","account_id":"0","amount_from_rate":"83.33333333333333","from_account_id":"0","to_account_id":"0","charge":"","charge_currency_id":"0","details":""},{"id":"16","branch_id":"5","user_id":"0","transaction_type_id":"5","amount":"7000","exchange_rate":"0","from_currency_id":"0","to_currency_id":"0","currency_id":"0","sender_name":"","receiver_name":"","ts":"2017-08-08 07:39:27","status":"","account_number":"","account_id":"0","amount_from_rate":"","from_account_id":"16","to_account_id":"37","charge":"0","charge_currency_id":"0","details":""}],"accounts":[{"id":"20","name":"OASIS MALL-RMB Account","branchId":"6","type_id":"1","currency_id":"1","balance":"0","createdBy":"2","active":"1","ts":"2017-06-30 00:12:08"},{"id":"21","name":"OASIS MALL-USD Account","branchId":"6","type_id":"1","currency_id":"2","balance":"0","createdBy":"2","active":"1","ts":"2017-06-30 00:12:09"},{"id":"22","name":"OASIS MALL-DIRHAM Account","branchId":"6","type_id":"1","currency_id":"3","balance":"0","createdBy":"2","active":"1","ts":"2017-06-30 00:12:09"},{"id":"23","name":"OASIS MALL-UGX Account","branchId":"6","type_id":"1","currency_id":"4","balance":"0","createdBy":"2","active":"1","ts":"2017-06-30 00:12:09"},{"id":"24","name":"OASIS MALL-KSH Account","branchId":"6","type_id":"1","currency_id":"5","balance":"0","createdBy":"2","active":"1","ts":"2017-06-30 00:12:09"}]},{"branch":{"id":"7","name":"GOMA","countryId":"4","location":"Goma","supervisorId":"3","createdBy":"1","ts":"2017-07-05 00:00:00","active":"1"},"cashouts":null,"cashins":[{"id":"6","branch_id":"7","user_id":"0","transaction_type_id":"4","amount":"3000","exchange_rate":"0","from_currency_id":"0","to_currency_id":"0","currency_id":"2","sender_name":"","receiver_name":"","ts":"2017-08-03 14:54:49","status":"","account_number":"","account_id":"0","amount_from_rate":"","from_account_id":"0","to_account_id":"0","charge":"","charge_currency_id":"0","details":"I used this to buy my car fuel and move to Rwanda"},{"id":"16","branch_id":"5","user_id":"0","transaction_type_id":"5","amount":"7000","exchange_rate":"0","from_currency_id":"0","to_currency_id":"0","currency_id":"0","sender_name":"","receiver_name":"","ts":"2017-08-08 07:39:27","status":"","account_number":"","account_id":"0","amount_from_rate":"","from_account_id":"16","to_account_id":"37","charge":"0","charge_currency_id":"0","details":""}],"accounts":{"id":"37","name":"GOMA-USD ACCOUNT","branchId":"7","type_id":"1","currency_id":"2","balance":"0","createdBy":"3","active":"1","ts":"2017-07-12 10:48:28"}},{"branch":{"id":"9","name":"MOMBASA","countryId":"2","location":"Mombasa","supervisorId":"3","createdBy":"1","ts":"2017-07-05 00:00:00","active":"1"},"cashouts":null,"cashins":{"id":"16","branch_id":"5","user_id":"0","transaction_type_id":"5","amount":"7000","exchange_rate":"0","from_currency_id":"0","to_currency_id":"0","currency_id":"0","sender_name":"","receiver_name":"","ts":"2017-08-08 07:39:27","status":"","account_number":"","account_id":"0","amount_from_rate":"","from_account_id":"16","to_account_id":"37","charge":"0","charge_currency_id":"0","details":""},"accounts":0},{"branch":{"id":"10","name":"DUBAI","countryId":"6","location":"Dubai","supervisorId":"3","createdBy":"1","ts":"2017-07-05 00:00:00","active":"1"},"cashouts":null,"cashins":{"id":"16","branch_id":"5","user_id":"0","transaction_type_id":"5","amount":"7000","exchange_rate":"0","from_currency_id":"0","to_currency_id":"0","currency_id":"0","sender_name":"","receiver_name":"","ts":"2017-08-08 07:39:27","status":"","account_number":"","account_id":"0","amount_from_rate":"","from_account_id":"16","to_account_id":"37","charge":"0","charge_currency_id":"0","details":""},"accounts":0},{"branch":{"id":"11","name":"CHINA","countryId":"5","location":"China","supervisorId":"3","createdBy":"3","ts":"2017-07-05 13:23:17","active":"1"},"cashouts":null,"cashins":{"id":"16","branch_id":"5","user_id":"0","transaction_type_id":"5","amount":"7000","exchange_rate":"0","from_currency_id":"0","to_currency_id":"0","currency_id":"0","sender_name":"","receiver_name":"","ts":"2017-08-08 07:39:27","status":"","account_number":"","account_id":"0","amount_from_rate":"","from_account_id":"16","to_account_id":"37","charge":"0","charge_currency_id":"0","details":""},"accounts":[{"id":"27","name":"CHINA-RMB Account","branchId":"11","type_id":"1","currency_id":"1","balance":"0","createdBy":"3","active":"1","ts":"2017-07-05 13:23:17"},{"id":"28","name":"CHINA-USD Account","branchId":"11","type_id":"1","currency_id":"2","balance":"0","createdBy":"3","active":"1","ts":"2017-07-05 13:23:17"}]},{"branch":{"id":"12","name":"NAIROBI","countryId":"2","location":"Nairobi","supervisorId":"3","createdBy":"3","ts":"2017-07-06 14:12:35","active":"1"},"cashouts":null,"cashins":{"id":"16","branch_id":"5","user_id":"0","transaction_type_id":"5","amount":"7000","exchange_rate":"0","from_currency_id":"0","to_currency_id":"0","currency_id":"0","sender_name":"","receiver_name":"","ts":"2017-08-08 07:39:27","status":"","account_number":"","account_id":"0","amount_from_rate":"","from_account_id":"16","to_account_id":"37","charge":"0","charge_currency_id":"0","details":""},"accounts":[{"id":"33","name":"NAIROBI-USD Account","branchId":"12","type_id":"1","currency_id":"2","balance":"0","createdBy":"3","active":"1","ts":"2017-07-06 14:12:35"},{"id":"36","name":"NAIROBI-KSH Account","branchId":"12","type_id":"1","currency_id":"5","balance":"0","createdBy":"3","active":"1","ts":"2017-07-06 14:12:35"}]},{"branch":{"id":"13","name":"KAMPALA ROAD","countryId":"1","location":"kampala road","supervisorId":"3","createdBy":"3","ts":"2017-07-06 14:12:35","active":"1"},"cashouts":null,"cashins":{"id":"16","branch_id":"5","user_id":"0","transaction_type_id":"5","amount":"7000","exchange_rate":"0","from_currency_id":"0","to_currency_id":"0","currency_id":"0","sender_name":"","receiver_name":"","ts":"2017-08-08 07:39:27","status":"","account_number":"","account_id":"0","amount_from_rate":"","from_account_id":"16","to_account_id":"37","charge":"0","charge_currency_id":"0","details":""},"accounts":[{"id":"38","name":"KAMPALA ROAD -USD ACCOUNT","branchId":"13","type_id":"1","currency_id":"2","balance":"0","createdBy":"3","active":"1","ts":"2017-07-12 10:48:28"},{"id":"39","name":"KAMPALA ROAD- UGX ACCOUNT ","branchId":"13","type_id":"1","currency_id":"4","balance":"0","createdBy":"3","active":"1","ts":"2017-07-12 10:48:28"}]}]}
