2017-08-01 14:38:11 ---- New Request ----
2017-08-01 14:38:11 Controller : Transfers
2017-08-01 14:38:11 Method : createtransferAction
2017-08-01 14:38:11 Controller File : controllers/Transfers.class.php, Exists
2017-08-01 14:38:11 Class constructed
2017-08-01 14:38:11 Class constructed
2017-08-01 14:38:11 Transfer Creation Params ;Amount :55555\currencyid : 1
Country : 0
Charge : 0.015
sfname : 
ssurname : Yu liang
Account Number : 622908376586044016
semail : 
sphone : 
sidtype : 0
sid : 0
rfname : 
rsurname : Zhan Guo Ju
remail : 
rphone : 
Receiver Branch : 0
passcode : ******
password : ******
userid : 4
sessionid : Z4s5YrOvcCcblxfZT1oqZlGChIx6XOKF
Exchange Rate : 6.71
AmountAfterXchange : 372774.05
Charge Currency : 22017-08-01 14:38:11 SELECT SQL : SELECT * FROM settings WHERE  name = 'SuspenseAccount'  
2017-08-01 14:38:11 SELECT SQL : SELECT * FROM settings WHERE  name = 'ToChinaAccount'  
2017-08-01 14:38:11 SELECT SQL : SELECT * FROM users WHERE  id = '4'  
2017-08-01 14:38:11 INSERT SQL : INSERT INTO transfers  (ts,userIdSource,amount,currency,destinationCountryId,toBranch,senderFname,senderSurname,senderEmail,senderPhone,senderIdType,senderId,receiverFname,receiverSurname,receiverEmail,receiverPhone,charge,receiverAccountNumber,fromBranch,passcode,status,sourceIpAddress)  VALUES(NOW(),'4','55555','1','0','0','','Yu liang','','','0','0','','Zhan Guo Ju','','','0.015','622908376586044016','5','$2y$10$LzEqu3CHktQGyphmQNSKH.ImIz4tCFrP.7zJ3tPcsL5ALY7CRxdsu','Pending','197.157.209.151')
2017-08-01 14:38:11 SELECT SQL : SELECT id,transferRef FROM transfers WHERE  id = '4'  
2017-08-01 14:38:11 INSERT SQL : INSERT INTO audit_trails  (ts,userId,tableName,recordId,field,oldValue,newValue)  VALUES(NOW(),'4','transfers','4','transferRef','','0050044')
2017-08-01 14:38:11 audit_trails Insert ID : 4
2017-08-01 14:38:11 UPDATE SQL : UPDATE transfers SET transferRef = '0050044' WHERE  id = '4' 
2017-08-01 14:38:11 SELECT SQL : SELECT id FROM accounts WHERE  branchId = '5' AND currency_id = '2'  
2017-08-01 14:38:11 INSERT SQL : INSERT INTO account_transfers  (ts,amountAfterXchange,amountB4Xchange,currencyB4Xchange,currencyAfterXchange,exchangeRate,charge,chargeCurrency,type,amount,fromId,toId,transferRef,userId)  VALUES(NOW(),'372774.05','55555','2','1','6.71','0.015','2','transfer','55555','26','16','0050044','4')
2017-08-01 14:38:11 Balance Update Params :
Branch Id : 5
Account ID : 16
Amount : 55555
2017-08-01 14:38:11 SELECT SQL : SELECT * FROM balances WHERE  branchId = '5' AND accountId = '16'  
2017-08-01 14:38:11 SELECT SQL : SELECT * FROM balances WHERE  branchId = '5' AND accountId = '16' AND date = '2017-08-01'  
2017-08-01 14:38:11 UPDATE SQL : UPDATE balances SET closingBalance = '110739' WHERE  branchId = '5' AND accountId = '16' AND date = '2017-08-01' 
2017-08-01 14:38:11 Balance Update Status 2:1
 2017-08-01 14:38:11 Balance Update Params :
Branch Id : 0
Account ID : 26
Amount : -55555
2017-08-01 14:38:11 SELECT SQL : SELECT * FROM balances WHERE  branchId = '0' AND accountId = '26'  
2017-08-01 14:38:11 SELECT SQL : SELECT * FROM balances WHERE  branchId = '0' AND accountId = '26' AND date = '2017-08-01'  
2017-08-01 14:38:11 SELECT SQL : SELECT closingBalance FROM balances WHERE  branchId = '0' AND accountId = '26'  ORDER BY date DESC LIMIT 1
2017-08-01 14:38:11 INSERT SQL : INSERT INTO balances  (ts,branchId,accountId,openingBalance,closingBalance,date)  VALUES(NOW(),'0','26','-4787155','-4787155','2017-08-01')
2017-08-01 14:38:11 Balance Create Insert ID Today 2:21
 2017-08-01 14:38:11 SELECT SQL : SELECT id FROM accounts WHERE  branchId = '5' AND currency_id = '2'  
2017-08-01 14:38:11 Balance Update Params :
Branch Id : 5
Account ID : 16
Amount : 0
2017-08-01 14:38:11 SELECT SQL : SELECT * FROM balances WHERE  branchId = '5' AND accountId = '16'  
2017-08-01 14:38:11 SELECT SQL : SELECT * FROM balances WHERE  branchId = '5' AND accountId = '16' AND date = '2017-08-01'  
2017-08-01 14:38:11 UPDATE SQL : UPDATE balances SET closingBalance = '110739' WHERE  branchId = '5' AND accountId = '16' AND date = '2017-08-01' 
2017-08-01 14:38:11 Balance Update Status 2:1
 2017-08-01 14:38:11 SELECT SQL : SELECT * FROM transfers WHERE  fromBranch = '5'  OR toBranch = '5'  OR destinationCountryId = '0'  
2017-08-01 14:38:11 Response : {"success":1,"data":"0050044"}
2017-08-01 14:38:51 ---- New Request ----
2017-08-01 14:38:51 Controller : Users
2017-08-01 14:38:51 Method : loginAction
2017-08-01 14:38:51 Controller File : controllers/Users.class.php, Exists
2017-08-01 14:38:51 Class constructed
2017-08-01 14:38:51 Login Params ;Username :maria
Password : ******
2017-08-01 14:38:51 SELECT SQL : SELECT id,firstName,surname,userName,userTypeId,sessionId,password,active,branchId FROM users WHERE  userName = 'maria'  
2017-08-01 14:38:51 SELECT SQL : SELECT name FROM branches WHERE  id = '5'  
2017-08-01 14:38:51 UPDATE SQL : UPDATE users SET sessionId = 'tfj8CRLyAbouhi7W3hHLyB5kMdk1M7kT',ipAddress = '197.157.209.151' WHERE  id = '4' 
2017-08-01 14:38:51 Response : {"success":1,"data":{"id":"4","firstName":"Nabukera","surname":"Maria","userName":"maria","userTypeId":"5","sessionId":"tfj8CRLyAbouhi7W3hHLyB5kMdk1M7kT","branchId":"5","branchName":"KINSHASHA"}}
2017-08-01 14:38:52 ---- New Request ----
2017-08-01 14:38:52 Controller : Users
2017-08-01 14:38:52 Method : formsdetailsAction
2017-08-01 14:38:52 Controller File : controllers/Users.class.php, Exists
2017-08-01 14:38:52 Class constructed
2017-08-01 14:38:52 Details Params :
SessionID :tfj8CRLyAbouhi7W3hHLyB5kMdk1M7kT
User ID : 4
2017-08-01 14:38:52 SELECT SQL : SELECT * FROM branches WHERE  active = '1'  
2017-08-01 14:38:52 SELECT SQL : SELECT * FROM countries WHERE  active = '1'  
2017-08-01 14:38:52 SELECT SQL : SELECT * FROM identification WHERE  active = '1'  
2017-08-01 14:38:52 SELECT SQL : SELECT * FROM users WHERE  active = '1'  
2017-08-01 14:38:52 SELECT SQL : SELECT id,name,branchId,currency_id FROM accounts WHERE  active = '1' AND type_id = '1'  
2017-08-01 14:38:52 Balance Update Params :
Branch Id : 5
Account ID : 16
Amount : 0
2017-08-01 14:38:52 SELECT SQL : SELECT * FROM balances WHERE  branchId = '5' AND accountId = '16'  
2017-08-01 14:38:52 SELECT SQL : SELECT * FROM balances WHERE  branchId = '5' AND accountId = '16' AND date = '2017-08-01'  
2017-08-01 14:38:52 UPDATE SQL : UPDATE balances SET closingBalance = '110739' WHERE  branchId = '5' AND accountId = '16' AND date = '2017-08-01' 
2017-08-01 14:38:52 Balance Update Status 2:1
 2017-08-01 14:38:52 Balance Update Params :
Branch Id : 6
Account ID : 20
Amount : 0
2017-08-01 14:38:52 SELECT SQL : SELECT * FROM balances WHERE  branchId = '6' AND accountId = '20'  
2017-08-01 14:38:52 Balance Update Params :
Branch Id : 6
Account ID : 21
Amount : 0
2017-08-01 14:38:52 SELECT SQL : SELECT * FROM balances WHERE  branchId = '6' AND accountId = '21'  
2017-08-01 14:38:52 SELECT SQL : SELECT * FROM balances WHERE  branchId = '6' AND accountId = '21' AND date = '2017-08-01'  
2017-08-01 14:38:52 UPDATE SQL : UPDATE balances SET closingBalance = '190247' WHERE  branchId = '6' AND accountId = '21' AND date = '2017-08-01' 
2017-08-01 14:38:52 Balance Update Status 2:1
 2017-08-01 14:38:52 Balance Update Params :
Branch Id : 6
Account ID : 22
Amount : 0
2017-08-01 14:38:52 SELECT SQL : SELECT * FROM balances WHERE  branchId = '6' AND accountId = '22'  
2017-08-01 14:38:52 Balance Update Params :
Branch Id : 6
Account ID : 23
Amount : 0
2017-08-01 14:38:52 SELECT SQL : SELECT * FROM balances WHERE  branchId = '6' AND accountId = '23'  
2017-08-01 14:38:52 SELECT SQL : SELECT * FROM balances WHERE  branchId = '6' AND accountId = '23' AND date = '2017-08-01'  
2017-08-01 14:38:52 UPDATE SQL : UPDATE balances SET closingBalance = '102274518' WHERE  branchId = '6' AND accountId = '23' AND date = '2017-08-01' 
2017-08-01 14:38:52 Balance Update Status 2:1
 2017-08-01 14:38:52 Balance Update Params :
Branch Id : 6
Account ID : 24
Amount : 0
2017-08-01 14:38:52 SELECT SQL : SELECT * FROM balances WHERE  branchId = '6' AND accountId = '24'  
2017-08-01 14:38:52 Balance Update Params :
Branch Id : 11
Account ID : 27
Amount : 0
2017-08-01 14:38:52 SELECT SQL : SELECT * FROM balances WHERE  branchId = '11' AND accountId = '27'  
2017-08-01 14:38:52 Balance Update Params :
Branch Id : 11
Account ID : 28
Amount : 0
2017-08-01 14:38:52 SELECT SQL : SELECT * FROM balances WHERE  branchId = '11' AND accountId = '28'  
2017-08-01 14:38:52 Balance Update Params :
Branch Id : 12
Account ID : 33
Amount : 0
2017-08-01 14:38:52 SELECT SQL : SELECT * FROM balances WHERE  branchId = '12' AND accountId = '33'  
2017-08-01 14:38:52 SELECT SQL : SELECT * FROM balances WHERE  branchId = '12' AND accountId = '33' AND date = '2017-08-01'  
2017-08-01 14:38:52 UPDATE SQL : UPDATE balances SET closingBalance = '0' WHERE  branchId = '12' AND accountId = '33' AND date = '2017-08-01' 
2017-08-01 14:38:52 Balance Update Status 2:1
 2017-08-01 14:38:52 Balance Update Params :
Branch Id : 12
Account ID : 36
Amount : 0
2017-08-01 14:38:52 SELECT SQL : SELECT * FROM balances WHERE  branchId = '12' AND accountId = '36'  
2017-08-01 14:38:52 SELECT SQL : SELECT * FROM balances WHERE  branchId = '12' AND accountId = '36' AND date = '2017-08-01'  
2017-08-01 14:38:52 UPDATE SQL : UPDATE balances SET closingBalance = '10312' WHERE  branchId = '12' AND accountId = '36' AND date = '2017-08-01' 
2017-08-01 14:38:52 Balance Update Status 2:1
 2017-08-01 14:38:52 Balance Update Params :
Branch Id : 7
Account ID : 37
Amount : 0
2017-08-01 14:38:52 SELECT SQL : SELECT * FROM balances WHERE  branchId = '7' AND accountId = '37'  
2017-08-01 14:38:52 SELECT SQL : SELECT * FROM balances WHERE  branchId = '7' AND accountId = '37' AND date = '2017-08-01'  
2017-08-01 14:38:52 UPDATE SQL : UPDATE balances SET closingBalance = '96158' WHERE  branchId = '7' AND accountId = '37' AND date = '2017-08-01' 
2017-08-01 14:38:52 Balance Update Status 2:1
 2017-08-01 14:38:52 Balance Update Params :
Branch Id : 13
Account ID : 38
Amount : 0
2017-08-01 14:38:52 SELECT SQL : SELECT * FROM balances WHERE  branchId = '13' AND accountId = '38'  
2017-08-01 14:38:52 Balance Update Params :
Branch Id : 13
Account ID : 39
Amount : 0
2017-08-01 14:38:52 SELECT SQL : SELECT * FROM balances WHERE  branchId = '13' AND accountId = '39'  
2017-08-01 14:38:52 SELECT SQL : SELECT * FROM currencies WHERE  active = '1'  
2017-08-01 14:38:52 SELECT SQL : SELECT * FROM accounts WHERE  active = '1' AND type_id = '4'  
2017-08-01 14:38:52 SELECT SQL : SELECT * FROM account_types WHERE  active = '1'  
2017-08-01 14:38:52 SELECT SQL : SELECT * FROM user_types WHERE  active = '1'  
2017-08-01 14:38:52 Response : {"data":{"branches":[{"id":"5","name":"KINSHASHA","countryId":"4","location":"Patrice Avenue","supervisorId":"3","createdBy":"4","ts":"2017-06-30 00:06:55","active":"1"},{"id":"6","name":"OASIS MALL","countryId":"1","location":"Yusufu Lule Rd","supervisorId":"3","createdBy":"2","ts":"2017-06-30 00:12:08","active":"1"},{"id":"7","name":"GOMA","countryId":"4","location":"Goma","supervisorId":"3","createdBy":"1","ts":"2017-07-05 00:00:00","active":"1"},{"id":"9","name":"MOMBASA","countryId":"2","location":"Mombasa","supervisorId":"3","createdBy":"1","ts":"2017-07-05 00:00:00","active":"1"},{"id":"10","name":"DUBAI","countryId":"6","location":"Dubai","supervisorId":"3","createdBy":"1","ts":"2017-07-05 00:00:00","active":"1"},{"id":"11","name":"CHINA","countryId":"5","location":"China","supervisorId":"3","createdBy":"3","ts":"2017-07-05 13:23:17","active":"1"},{"id":"12","name":"NAIROBI","countryId":"2","location":"Nairobi","supervisorId":"3","createdBy":"3","ts":"2017-07-06 14:12:35","active":"1"},{"id":"13","name":"KAMPALA ROAD","countryId":"1","location":"kampala road","supervisorId":"3","createdBy":"3","ts":"2017-07-06 14:12:35","active":"1"}],"countries":[{"id":"1","name":"UGANDA","createdBy":"1","ts":"2017-06-25 23:13:31","active":"1"},{"id":"2","name":"KENYA","createdBy":"1","ts":"2017-06-26 09:02:45","active":"1"},{"id":"3","name":"TZ","createdBy":"1","ts":"2017-06-28 11:11:53","active":"1"},{"id":"4","name":"CONGO","createdBy":"1","ts":"2017-06-28 11:26:11","active":"1"},{"id":"5","name":"CHINA","createdBy":"1","ts":"2017-06-28 11:30:01","active":"1"},{"id":"6","name":"UAE","createdBy":"1","ts":"2017-07-05 00:00:00","active":"1"}],"ids":[[{"id":"1","name":"Passport","createdBy":"1","ts":"2017-06-28 14:00:01","active":"1"},{"id":"2","name":"National ID","createdBy":"1","ts":"2017-06-28 14:00:01","active":"1"},{"id":"3","name":"STUDENTS ID","createdBy":"1","ts":"2017-06-28 16:21:46","active":"1"}]],"users":[{"id":"1","firstName":"You","surname":"Jinshu","email":"hudsonbogere@swipeit.co.ug","phone":"256783131266","userName":"you","branchId":"0","userTypeId":"1","password":"$2y$10$pPGbhJ1RXx\/ug.ED3LnsQuKHJTqwYsa\/iF0OqGOgsjflkHKIDTLVq","sessionId":"","ipAddress":"41.75.173.102","createdBy":null,"ts":"2017-06-23 15:08:12","active":"1"},{"id":"2","firstName":"Nansubuga","surname":"Dorothy","email":"henry@gmail.com","phone":"256752284441","userName":"dorah","branchId":"12","userTypeId":"3","password":"$2y$10$F9t92sYKf2rDJ.JzCmrrT.Jt1Ix37Fuo.uZKpXPn69dgDUTZ8xLXi","sessionId":"","ipAddress":"105.230.87.130","createdBy":"1","ts":"2017-06-26 19:11:07","active":"1"},{"id":"3","firstName":"Lydia","surname":"Amoi","email":"islam@gmail.com","phone":"256777608310","userName":"lydia","branchId":"6","userTypeId":"2","password":"$2y$10$m72Zz8Z.h4\/Zp6TFDhmbXeQ79kZ7JJ2U0yLUanc0dDVxbc.5UPkRG","sessionId":"dWnwnZfiYVlDOkhUN4albbf7RUlXiTE7","ipAddress":"41.75.173.62","createdBy":"1","ts":"2017-06-26 19:41:01","active":"1"},{"id":"4","firstName":"Nabukera","surname":"Maria","email":"banerd@tfb.com","phone":"256774457813","userName":"maria","branchId":"5","userTypeId":"5","password":"$2y$10$wTpUE\/WJFMfQaBglrQocTO9ndV6dbxL2vzFDEJZ1hpVVp4binpXGO","sessionId":"tfj8CRLyAbouhi7W3hHLyB5kMdk1M7kT","ipAddress":"197.157.209.151","createdBy":"1","ts":"2017-06-26 23:04:07","active":"1"},{"id":"5","firstName":"Henry","surname":"Bbosa","email":null,"phone":null,"userName":"Henry","branchId":"11","userTypeId":"3","password":"$2y$10$m72Zz8Z.h4\/Zp6TFDhmbXeQ79kZ7JJ2U0yLUanc0dDVxbc.5UPkRG","sessionId":"AkjEl2mQ2ff3mYds70qVEh1wGCOWmrsn","ipAddress":"160.242.137.6","createdBy":"1","ts":"2017-07-05 00:00:00","active":"1"},{"id":"6","firstName":"Edwin","surname":"Kakeeto","email":"edwin@edwin.com","phone":"0777777557","userName":"edwin","branchId":"7","userTypeId":"3","password":"$2y$10$wTpUE\/WJFMfQaBglrQocTO9ndV6dbxL2vzFDEJZ1hpVVp4binpXGO","sessionId":"KRX8Yh2iqId0EWTdOh43HSfBIE4fr5lp","ipAddress":"41.243.17.77","createdBy":"3","ts":"2017-07-10 07:37:50","active":"1"},{"id":"7","firstName":"Trish","surname":"Baby","email":"patricia@gmail.com","phone":"0777777557","userName":"trish","branchId":"13","userTypeId":"3","password":"$2y$10$m72Zz8Z.h4\/Zp6TFDhmbXeQ79kZ7JJ2U0yLUanc0dDVxbc.5UPkRG","sessionId":"k10XSropsYs2ikmovFMksbhRyqwut0dT","ipAddress":"160.242.137.6","createdBy":null,"ts":null,"active":"1"},{"id":"8","firstName":"cedric","surname":"cedric","email":"cedric@gmail.com","phone":"+256754813912","userName":"cedric","branchId":"7","userTypeId":"3","password":"$2y$10$m72Zz8Z.h4\/Zp6TFDhmbXeQ79kZ7JJ2U0yLUanc0dDVxbc.5UPkRG","sessionId":"","ipAddress":"160.242.141.153","createdBy":null,"ts":null,"active":"1"},{"id":"9","firstName":"Bravia","surname":"Muzira","email":"muzira@gmail.com","phone":"+256771889211","userName":"Braviah","branchId":"6","userTypeId":"3","password":"$2y$10$m72Zz8Z.h4\/Zp6TFDhmbXeQ79kZ7JJ2U0yLUanc0dDVxbc.5UPkRG","sessionId":"TRYLds7vSBteucLM5ABcqCX8rZHYmIY6","ipAddress":"41.210.154.98","createdBy":null,"ts":null,"active":"1"}],"accounts":[{"id":"16","name":"KINSHASHA-USD Account","branchId":"5","currency_id":"2"},{"id":"20","name":"OASIS MALL-RMB Account","branchId":"6","currency_id":"1"},{"id":"21","name":"OASIS MALL-USD Account","branchId":"6","currency_id":"2"},{"id":"22","name":"OASIS MALL-DIRHAM Account","branchId":"6","currency_id":"3"},{"id":"23","name":"OASIS MALL-UGX Account","branchId":"6","currency_id":"4"},{"id":"24","name":"OASIS MALL-KSH Account","branchId":"6","currency_id":"5"},{"id":"27","name":"CHINA-RMB Account","branchId":"11","currency_id":"1"},{"id":"28","name":"CHINA-USD Account","branchId":"11","currency_id":"2"},{"id":"33","name":"NAIROBI-USD Account","branchId":"12","currency_id":"2"},{"id":"36","name":"NAIROBI-KSH Account","branchId":"12","currency_id":"5"},{"id":"37","name":"GOMA-USD ACCOUNT","branchId":"7","currency_id":"2"},{"id":"38","name":"KAMPALA ROAD -USD ACCOUNT","branchId":"13","currency_id":"2"},{"id":"39","name":"KAMPALA ROAD- UGX ACCOUNT ","branchId":"13","currency_id":"4"}],"currencies":[{"id":"1","name":"RMB","symbol":"\u00c2\u00a5","createdBy":"1","ts":"2017-06-27 22:45:12","active":"1"},{"id":"2","name":"USD","symbol":"$","createdBy":"1","ts":"2017-06-27 22:45:12","active":"1"},{"id":"3","name":"DIRHAM","symbol":"","createdBy":"1","ts":"2017-06-28 11:40:09","active":"1"},{"id":"4","name":"UGX","symbol":"\/=","createdBy":"1","ts":"2017-06-28 11:46:50","active":"1"},{"id":"5","name":"KSH","symbol":"","createdBy":"1","ts":"2017-06-28 11:46:50","active":"1"}],"superaccount":[{"id":"1","name":"RMB Account","branchId":"0","type_id":"4","currency_id":"1","balance":"0","createdBy":"1","active":"1","ts":"2017-06-27 22:45:12"}],"accountTypes":[{"id":"1","type":"Transfer","description":"","createdBy":"1","ts":"2017-06-28 14:31:12","active":"1"},{"id":"2","type":"Suspense","description":"","createdBy":"1","ts":"2017-06-28 14:31:12","active":"1"},{"id":"4","type":"Super","description":"","createdBy":"1","ts":"2017-06-28 14:31:12","active":"1"}],"userTypes":[{"id":"1","name":"E-Value Admin","level":"1","ts":"2017-06-27 22:45:12","active":"1"},{"id":"2","name":"Super User","level":"2","ts":"2017-06-27 22:45:12","active":"1"},{"id":"3","name":"Agent","level":"3","ts":"2017-06-27 22:45:12","active":"1"},{"id":"4","name":"System Admin","level":"4","ts":"2017-06-27 22:45:12","active":"1"},{"id":"5","name":"superAgent","level":"3","ts":"2017-06-27 22:45:12","active":"1"}]},"success":1}
2017-08-01 14:41:30 ---- New Request ----
2017-08-01 14:41:30 Controller : Transfers
2017-08-01 14:41:30 Method : createtransferAction
2017-08-01 14:41:30 Controller File : controllers/Transfers.class.php, Exists
2017-08-01 14:41:30 Class constructed
2017-08-01 14:41:30 Class constructed
2017-08-01 14:41:30 Transfer Creation Params ;Amount :5000\currencyid : 1
Country : 0
Charge : 0.015
sfname : 
ssurname : Yu liang
Account Number : 4563516202017029846
semail : 
sphone : 
sidtype : 0
sid : 0
rfname : 
rsurname : Wu Ying Lan
remail : 
rphone : 
Receiver Branch : 0
passcode : ******
password : ******
userid : 4
sessionid : tfj8CRLyAbouhi7W3hHLyB5kMdk1M7kT
Exchange Rate : 6.71
AmountAfterXchange : 33550
Charge Currency : 22017-08-01 14:41:30 SELECT SQL : SELECT * FROM settings WHERE  name = 'SuspenseAccount'  
2017-08-01 14:41:30 SELECT SQL : SELECT * FROM settings WHERE  name = 'ToChinaAccount'  
2017-08-01 14:41:30 SELECT SQL : SELECT * FROM users WHERE  id = '4'  
2017-08-01 14:41:31 INSERT SQL : INSERT INTO transfers  (ts,userIdSource,amount,currency,destinationCountryId,toBranch,senderFname,senderSurname,senderEmail,senderPhone,senderIdType,senderId,receiverFname,receiverSurname,receiverEmail,receiverPhone,charge,receiverAccountNumber,fromBranch,passcode,status,sourceIpAddress)  VALUES(NOW(),'4','5000','1','0','0','','Yu liang','','','0','0','','Wu Ying Lan','','','0.015','4563516202017029846','5','$2y$10$bAcbgIbY3CSYbRi5t1GqrOE0SqwXCNJrO0XSAZgSZ8jsAigbMW0AG','Pending','197.157.209.151')
2017-08-01 14:41:31 SELECT SQL : SELECT id,transferRef FROM transfers WHERE  id = '5'  
2017-08-01 14:41:31 INSERT SQL : INSERT INTO audit_trails  (ts,userId,tableName,recordId,field,oldValue,newValue)  VALUES(NOW(),'4','transfers','5','transferRef','','0050045')
2017-08-01 14:41:31 audit_trails Insert ID : 5
2017-08-01 14:41:31 UPDATE SQL : UPDATE transfers SET transferRef = '0050045' WHERE  id = '5' 
2017-08-01 14:41:31 SELECT SQL : SELECT id FROM accounts WHERE  branchId = '5' AND currency_id = '2'  
2017-08-01 14:41:31 INSERT SQL : INSERT INTO account_transfers  (ts,amountAfterXchange,amountB4Xchange,currencyB4Xchange,currencyAfterXchange,exchangeRate,charge,chargeCurrency,type,amount,fromId,toId,transferRef,userId)  VALUES(NOW(),'33550','5000','2','1','6.71','0.015','2','transfer','5000','26','16','0050045','4')
2017-08-01 14:41:31 Balance Update Params :
Branch Id : 5
Account ID : 16
Amount : 5000
2017-08-01 14:41:31 SELECT SQL : SELECT * FROM balances WHERE  branchId = '5' AND accountId = '16'  
2017-08-01 14:41:31 SELECT SQL : SELECT * FROM balances WHERE  branchId = '5' AND accountId = '16' AND date = '2017-08-01'  
2017-08-01 14:41:31 UPDATE SQL : UPDATE balances SET closingBalance = '115739' WHERE  branchId = '5' AND accountId = '16' AND date = '2017-08-01' 
2017-08-01 14:41:31 Balance Update Status 2:1
 2017-08-01 14:41:31 Balance Update Params :
Branch Id : 0
Account ID : 26
Amount : -5000
2017-08-01 14:41:31 SELECT SQL : SELECT * FROM balances WHERE  branchId = '0' AND accountId = '26'  
2017-08-01 14:41:31 SELECT SQL : SELECT * FROM balances WHERE  branchId = '0' AND accountId = '26' AND date = '2017-08-01'  
2017-08-01 14:41:31 UPDATE SQL : UPDATE balances SET closingBalance = '-4792155' WHERE  branchId = '0' AND accountId = '26' AND date = '2017-08-01' 
2017-08-01 14:41:31 Balance Update Status 2:1
 2017-08-01 14:41:31 SELECT SQL : SELECT id FROM accounts WHERE  branchId = '5' AND currency_id = '2'  
2017-08-01 14:41:31 Balance Update Params :
Branch Id : 5
Account ID : 16
Amount : 0
2017-08-01 14:41:31 SELECT SQL : SELECT * FROM balances WHERE  branchId = '5' AND accountId = '16'  
2017-08-01 14:41:31 SELECT SQL : SELECT * FROM balances WHERE  branchId = '5' AND accountId = '16' AND date = '2017-08-01'  
2017-08-01 14:41:31 UPDATE SQL : UPDATE balances SET closingBalance = '115739' WHERE  branchId = '5' AND accountId = '16' AND date = '2017-08-01' 
2017-08-01 14:41:31 Balance Update Status 2:1
 2017-08-01 14:41:31 SELECT SQL : SELECT * FROM transfers WHERE  fromBranch = '5'  OR toBranch = '5'  OR destinationCountryId = '0'  
2017-08-01 14:41:31 Response : {"success":1,"data":"0050045"}
2017-08-01 14:42:21 ---- New Request ----
2017-08-01 14:42:21 Controller : Users
2017-08-01 14:42:21 Method : loginAction
2017-08-01 14:42:21 Controller File : controllers/Users.class.php, Exists
2017-08-01 14:42:21 Class constructed
2017-08-01 14:42:21 Login Params ;Username :maria
Password : ******
2017-08-01 14:42:21 SELECT SQL : SELECT id,firstName,surname,userName,userTypeId,sessionId,password,active,branchId FROM users WHERE  userName = 'maria'  
2017-08-01 14:42:21 SELECT SQL : SELECT name FROM branches WHERE  id = '5'  
2017-08-01 14:42:21 UPDATE SQL : UPDATE users SET sessionId = '6lHqxG1uHqoa6Pxyj6aMDsYoI1FFZmAj',ipAddress = '197.157.209.151' WHERE  id = '4' 
2017-08-01 14:42:21 Response : {"success":1,"data":{"id":"4","firstName":"Nabukera","surname":"Maria","userName":"maria","userTypeId":"5","sessionId":"6lHqxG1uHqoa6Pxyj6aMDsYoI1FFZmAj","branchId":"5","branchName":"KINSHASHA"}}
2017-08-01 14:42:22 ---- New Request ----
2017-08-01 14:42:22 Controller : Users
2017-08-01 14:42:22 Method : formsdetailsAction
2017-08-01 14:42:22 Controller File : controllers/Users.class.php, Exists
2017-08-01 14:42:22 Class constructed
2017-08-01 14:42:22 Details Params :
SessionID :6lHqxG1uHqoa6Pxyj6aMDsYoI1FFZmAj
User ID : 4
2017-08-01 14:42:22 SELECT SQL : SELECT * FROM branches WHERE  active = '1'  
2017-08-01 14:42:22 SELECT SQL : SELECT * FROM countries WHERE  active = '1'  
2017-08-01 14:42:22 SELECT SQL : SELECT * FROM identification WHERE  active = '1'  
2017-08-01 14:42:22 SELECT SQL : SELECT * FROM users WHERE  active = '1'  
2017-08-01 14:42:22 SELECT SQL : SELECT id,name,branchId,currency_id FROM accounts WHERE  active = '1' AND type_id = '1'  
2017-08-01 14:42:22 Balance Update Params :
Branch Id : 5
Account ID : 16
Amount : 0
2017-08-01 14:42:22 SELECT SQL : SELECT * FROM balances WHERE  branchId = '5' AND accountId = '16'  
2017-08-01 14:42:22 SELECT SQL : SELECT * FROM balances WHERE  branchId = '5' AND accountId = '16' AND date = '2017-08-01'  
2017-08-01 14:42:22 UPDATE SQL : UPDATE balances SET closingBalance = '115739' WHERE  branchId = '5' AND accountId = '16' AND date = '2017-08-01' 
2017-08-01 14:42:22 Balance Update Status 2:1
 2017-08-01 14:42:22 Balance Update Params :
Branch Id : 6
Account ID : 20
Amount : 0
2017-08-01 14:42:22 SELECT SQL : SELECT * FROM balances WHERE  branchId = '6' AND accountId = '20'  
2017-08-01 14:42:22 Balance Update Params :
Branch Id : 6
Account ID : 21
Amount : 0
2017-08-01 14:42:22 SELECT SQL : SELECT * FROM balances WHERE  branchId = '6' AND accountId = '21'  
2017-08-01 14:42:22 SELECT SQL : SELECT * FROM balances WHERE  branchId = '6' AND accountId = '21' AND date = '2017-08-01'  
2017-08-01 14:42:22 UPDATE SQL : UPDATE balances SET closingBalance = '190247' WHERE  branchId = '6' AND accountId = '21' AND date = '2017-08-01' 
2017-08-01 14:42:22 Balance Update Status 2:1
 2017-08-01 14:42:22 Balance Update Params :
Branch Id : 6
Account ID : 22
Amount : 0
2017-08-01 14:42:22 SELECT SQL : SELECT * FROM balances WHERE  branchId = '6' AND accountId = '22'  
2017-08-01 14:42:22 Balance Update Params :
Branch Id : 6
Account ID : 23
Amount : 0
2017-08-01 14:42:22 SELECT SQL : SELECT * FROM balances WHERE  branchId = '6' AND accountId = '23'  
2017-08-01 14:42:22 SELECT SQL : SELECT * FROM balances WHERE  branchId = '6' AND accountId = '23' AND date = '2017-08-01'  
2017-08-01 14:42:22 UPDATE SQL : UPDATE balances SET closingBalance = '102274518' WHERE  branchId = '6' AND accountId = '23' AND date = '2017-08-01' 
2017-08-01 14:42:22 Balance Update Status 2:1
 2017-08-01 14:42:22 Balance Update Params :
Branch Id : 6
Account ID : 24
Amount : 0
2017-08-01 14:42:22 SELECT SQL : SELECT * FROM balances WHERE  branchId = '6' AND accountId = '24'  
2017-08-01 14:42:22 Balance Update Params :
Branch Id : 11
Account ID : 27
Amount : 0
2017-08-01 14:42:22 SELECT SQL : SELECT * FROM balances WHERE  branchId = '11' AND accountId = '27'  
2017-08-01 14:42:22 Balance Update Params :
Branch Id : 11
Account ID : 28
Amount : 0
2017-08-01 14:42:22 SELECT SQL : SELECT * FROM balances WHERE  branchId = '11' AND accountId = '28'  
2017-08-01 14:42:22 Balance Update Params :
Branch Id : 12
Account ID : 33
Amount : 0
2017-08-01 14:42:22 SELECT SQL : SELECT * FROM balances WHERE  branchId = '12' AND accountId = '33'  
2017-08-01 14:42:22 SELECT SQL : SELECT * FROM balances WHERE  branchId = '12' AND accountId = '33' AND date = '2017-08-01'  
2017-08-01 14:42:22 UPDATE SQL : UPDATE balances SET closingBalance = '0' WHERE  branchId = '12' AND accountId = '33' AND date = '2017-08-01' 
2017-08-01 14:42:22 Balance Update Status 2:1
 2017-08-01 14:42:22 Balance Update Params :
Branch Id : 12
Account ID : 36
Amount : 0
2017-08-01 14:42:22 SELECT SQL : SELECT * FROM balances WHERE  branchId = '12' AND accountId = '36'  
2017-08-01 14:42:22 SELECT SQL : SELECT * FROM balances WHERE  branchId = '12' AND accountId = '36' AND date = '2017-08-01'  
2017-08-01 14:42:22 UPDATE SQL : UPDATE balances SET closingBalance = '10312' WHERE  branchId = '12' AND accountId = '36' AND date = '2017-08-01' 
2017-08-01 14:42:22 Balance Update Status 2:1
 2017-08-01 14:42:22 Balance Update Params :
Branch Id : 7
Account ID : 37
Amount : 0
2017-08-01 14:42:22 SELECT SQL : SELECT * FROM balances WHERE  branchId = '7' AND accountId = '37'  
2017-08-01 14:42:22 SELECT SQL : SELECT * FROM balances WHERE  branchId = '7' AND accountId = '37' AND date = '2017-08-01'  
2017-08-01 14:42:22 UPDATE SQL : UPDATE balances SET closingBalance = '96158' WHERE  branchId = '7' AND accountId = '37' AND date = '2017-08-01' 
2017-08-01 14:42:22 Balance Update Status 2:1
 2017-08-01 14:42:22 Balance Update Params :
Branch Id : 13
Account ID : 38
Amount : 0
2017-08-01 14:42:22 SELECT SQL : SELECT * FROM balances WHERE  branchId = '13' AND accountId = '38'  
2017-08-01 14:42:22 Balance Update Params :
Branch Id : 13
Account ID : 39
Amount : 0
2017-08-01 14:42:22 SELECT SQL : SELECT * FROM balances WHERE  branchId = '13' AND accountId = '39'  
2017-08-01 14:42:22 SELECT SQL : SELECT * FROM currencies WHERE  active = '1'  
2017-08-01 14:42:22 SELECT SQL : SELECT * FROM accounts WHERE  active = '1' AND type_id = '4'  
2017-08-01 14:42:22 SELECT SQL : SELECT * FROM account_types WHERE  active = '1'  
2017-08-01 14:42:22 SELECT SQL : SELECT * FROM user_types WHERE  active = '1'  
2017-08-01 14:42:22 Response : {"data":{"branches":[{"id":"5","name":"KINSHASHA","countryId":"4","location":"Patrice Avenue","supervisorId":"3","createdBy":"4","ts":"2017-06-30 00:06:55","active":"1"},{"id":"6","name":"OASIS MALL","countryId":"1","location":"Yusufu Lule Rd","supervisorId":"3","createdBy":"2","ts":"2017-06-30 00:12:08","active":"1"},{"id":"7","name":"GOMA","countryId":"4","location":"Goma","supervisorId":"3","createdBy":"1","ts":"2017-07-05 00:00:00","active":"1"},{"id":"9","name":"MOMBASA","countryId":"2","location":"Mombasa","supervisorId":"3","createdBy":"1","ts":"2017-07-05 00:00:00","active":"1"},{"id":"10","name":"DUBAI","countryId":"6","location":"Dubai","supervisorId":"3","createdBy":"1","ts":"2017-07-05 00:00:00","active":"1"},{"id":"11","name":"CHINA","countryId":"5","location":"China","supervisorId":"3","createdBy":"3","ts":"2017-07-05 13:23:17","active":"1"},{"id":"12","name":"NAIROBI","countryId":"2","location":"Nairobi","supervisorId":"3","createdBy":"3","ts":"2017-07-06 14:12:35","active":"1"},{"id":"13","name":"KAMPALA ROAD","countryId":"1","location":"kampala road","supervisorId":"3","createdBy":"3","ts":"2017-07-06 14:12:35","active":"1"}],"countries":[{"id":"1","name":"UGANDA","createdBy":"1","ts":"2017-06-25 23:13:31","active":"1"},{"id":"2","name":"KENYA","createdBy":"1","ts":"2017-06-26 09:02:45","active":"1"},{"id":"3","name":"TZ","createdBy":"1","ts":"2017-06-28 11:11:53","active":"1"},{"id":"4","name":"CONGO","createdBy":"1","ts":"2017-06-28 11:26:11","active":"1"},{"id":"5","name":"CHINA","createdBy":"1","ts":"2017-06-28 11:30:01","active":"1"},{"id":"6","name":"UAE","createdBy":"1","ts":"2017-07-05 00:00:00","active":"1"}],"ids":[[{"id":"1","name":"Passport","createdBy":"1","ts":"2017-06-28 14:00:01","active":"1"},{"id":"2","name":"National ID","createdBy":"1","ts":"2017-06-28 14:00:01","active":"1"},{"id":"3","name":"STUDENTS ID","createdBy":"1","ts":"2017-06-28 16:21:46","active":"1"}]],"users":[{"id":"1","firstName":"You","surname":"Jinshu","email":"hudsonbogere@swipeit.co.ug","phone":"256783131266","userName":"you","branchId":"0","userTypeId":"1","password":"$2y$10$pPGbhJ1RXx\/ug.ED3LnsQuKHJTqwYsa\/iF0OqGOgsjflkHKIDTLVq","sessionId":"","ipAddress":"41.75.173.102","createdBy":null,"ts":"2017-06-23 15:08:12","active":"1"},{"id":"2","firstName":"Nansubuga","surname":"Dorothy","email":"henry@gmail.com","phone":"256752284441","userName":"dorah","branchId":"12","userTypeId":"3","password":"$2y$10$F9t92sYKf2rDJ.JzCmrrT.Jt1Ix37Fuo.uZKpXPn69dgDUTZ8xLXi","sessionId":"","ipAddress":"105.230.87.130","createdBy":"1","ts":"2017-06-26 19:11:07","active":"1"},{"id":"3","firstName":"Lydia","surname":"Amoi","email":"islam@gmail.com","phone":"256777608310","userName":"lydia","branchId":"6","userTypeId":"2","password":"$2y$10$m72Zz8Z.h4\/Zp6TFDhmbXeQ79kZ7JJ2U0yLUanc0dDVxbc.5UPkRG","sessionId":"dWnwnZfiYVlDOkhUN4albbf7RUlXiTE7","ipAddress":"41.75.173.62","createdBy":"1","ts":"2017-06-26 19:41:01","active":"1"},{"id":"4","firstName":"Nabukera","surname":"Maria","email":"banerd@tfb.com","phone":"256774457813","userName":"maria","branchId":"5","userTypeId":"5","password":"$2y$10$wTpUE\/WJFMfQaBglrQocTO9ndV6dbxL2vzFDEJZ1hpVVp4binpXGO","sessionId":"6lHqxG1uHqoa6Pxyj6aMDsYoI1FFZmAj","ipAddress":"197.157.209.151","createdBy":"1","ts":"2017-06-26 23:04:07","active":"1"},{"id":"5","firstName":"Henry","surname":"Bbosa","email":null,"phone":null,"userName":"Henry","branchId":"11","userTypeId":"3","password":"$2y$10$m72Zz8Z.h4\/Zp6TFDhmbXeQ79kZ7JJ2U0yLUanc0dDVxbc.5UPkRG","sessionId":"AkjEl2mQ2ff3mYds70qVEh1wGCOWmrsn","ipAddress":"160.242.137.6","createdBy":"1","ts":"2017-07-05 00:00:00","active":"1"},{"id":"6","firstName":"Edwin","surname":"Kakeeto","email":"edwin@edwin.com","phone":"0777777557","userName":"edwin","branchId":"7","userTypeId":"3","password":"$2y$10$wTpUE\/WJFMfQaBglrQocTO9ndV6dbxL2vzFDEJZ1hpVVp4binpXGO","sessionId":"KRX8Yh2iqId0EWTdOh43HSfBIE4fr5lp","ipAddress":"41.243.17.77","createdBy":"3","ts":"2017-07-10 07:37:50","active":"1"},{"id":"7","firstName":"Trish","surname":"Baby","email":"patricia@gmail.com","phone":"0777777557","userName":"trish","branchId":"13","userTypeId":"3","password":"$2y$10$m72Zz8Z.h4\/Zp6TFDhmbXeQ79kZ7JJ2U0yLUanc0dDVxbc.5UPkRG","sessionId":"k10XSropsYs2ikmovFMksbhRyqwut0dT","ipAddress":"160.242.137.6","createdBy":null,"ts":null,"active":"1"},{"id":"8","firstName":"cedric","surname":"cedric","email":"cedric@gmail.com","phone":"+256754813912","userName":"cedric","branchId":"7","userTypeId":"3","password":"$2y$10$m72Zz8Z.h4\/Zp6TFDhmbXeQ79kZ7JJ2U0yLUanc0dDVxbc.5UPkRG","sessionId":"","ipAddress":"160.242.141.153","createdBy":null,"ts":null,"active":"1"},{"id":"9","firstName":"Bravia","surname":"Muzira","email":"muzira@gmail.com","phone":"+256771889211","userName":"Braviah","branchId":"6","userTypeId":"3","password":"$2y$10$m72Zz8Z.h4\/Zp6TFDhmbXeQ79kZ7JJ2U0yLUanc0dDVxbc.5UPkRG","sessionId":"TRYLds7vSBteucLM5ABcqCX8rZHYmIY6","ipAddress":"41.210.154.98","createdBy":null,"ts":null,"active":"1"}],"accounts":[{"id":"16","name":"KINSHASHA-USD Account","branchId":"5","currency_id":"2"},{"id":"20","name":"OASIS MALL-RMB Account","branchId":"6","currency_id":"1"},{"id":"21","name":"OASIS MALL-USD Account","branchId":"6","currency_id":"2"},{"id":"22","name":"OASIS MALL-DIRHAM Account","branchId":"6","currency_id":"3"},{"id":"23","name":"OASIS MALL-UGX Account","branchId":"6","currency_id":"4"},{"id":"24","name":"OASIS MALL-KSH Account","branchId":"6","currency_id":"5"},{"id":"27","name":"CHINA-RMB Account","branchId":"11","currency_id":"1"},{"id":"28","name":"CHINA-USD Account","branchId":"11","currency_id":"2"},{"id":"33","name":"NAIROBI-USD Account","branchId":"12","currency_id":"2"},{"id":"36","name":"NAIROBI-KSH Account","branchId":"12","currency_id":"5"},{"id":"37","name":"GOMA-USD ACCOUNT","branchId":"7","currency_id":"2"},{"id":"38","name":"KAMPALA ROAD -USD ACCOUNT","branchId":"13","currency_id":"2"},{"id":"39","name":"KAMPALA ROAD- UGX ACCOUNT ","branchId":"13","currency_id":"4"}],"currencies":[{"id":"1","name":"RMB","symbol":"\u00c2\u00a5","createdBy":"1","ts":"2017-06-27 22:45:12","active":"1"},{"id":"2","name":"USD","symbol":"$","createdBy":"1","ts":"2017-06-27 22:45:12","active":"1"},{"id":"3","name":"DIRHAM","symbol":"","createdBy":"1","ts":"2017-06-28 11:40:09","active":"1"},{"id":"4","name":"UGX","symbol":"\/=","createdBy":"1","ts":"2017-06-28 11:46:50","active":"1"},{"id":"5","name":"KSH","symbol":"","createdBy":"1","ts":"2017-06-28 11:46:50","active":"1"}],"superaccount":[{"id":"1","name":"RMB Account","branchId":"0","type_id":"4","currency_id":"1","balance":"0","createdBy":"1","active":"1","ts":"2017-06-27 22:45:12"}],"accountTypes":[{"id":"1","type":"Transfer","description":"","createdBy":"1","ts":"2017-06-28 14:31:12","active":"1"},{"id":"2","type":"Suspense","description":"","createdBy":"1","ts":"2017-06-28 14:31:12","active":"1"},{"id":"4","type":"Super","description":"","createdBy":"1","ts":"2017-06-28 14:31:12","active":"1"}],"userTypes":[{"id":"1","name":"E-Value Admin","level":"1","ts":"2017-06-27 22:45:12","active":"1"},{"id":"2","name":"Super User","level":"2","ts":"2017-06-27 22:45:12","active":"1"},{"id":"3","name":"Agent","level":"3","ts":"2017-06-27 22:45:12","active":"1"},{"id":"4","name":"System Admin","level":"4","ts":"2017-06-27 22:45:12","active":"1"},{"id":"5","name":"superAgent","level":"3","ts":"2017-06-27 22:45:12","active":"1"}]},"success":1}
2017-08-01 14:43:42 ---- New Request ----
2017-08-01 14:43:42 Controller : Transfers
2017-08-01 14:43:42 Method : createtransferAction
2017-08-01 14:43:42 Controller File : controllers/Transfers.class.php, Exists
2017-08-01 14:43:42 Class constructed
2017-08-01 14:43:42 Class constructed
2017-08-01 14:43:42 Transfer Creation Params ;Amount :5000\currencyid : 1
Country : 0
Charge : 0.015
sfname : 
ssurname : Yu liang
Account Number : 6228480084433891714
semail : 
sphone : 
sidtype : 0
sid : 0
rfname : 
rsurname : Ma Ling
remail : 
rphone : 
Receiver Branch : 0
passcode : ******
password : ******
userid : 4
sessionid : 6lHqxG1uHqoa6Pxyj6aMDsYoI1FFZmAj
Exchange Rate : 6.71
AmountAfterXchange : 33550
Charge Currency : 22017-08-01 14:43:42 SELECT SQL : SELECT * FROM settings WHERE  name = 'SuspenseAccount'  
2017-08-01 14:43:42 SELECT SQL : SELECT * FROM settings WHERE  name = 'ToChinaAccount'  
2017-08-01 14:43:42 SELECT SQL : SELECT * FROM users WHERE  id = '4'  
2017-08-01 14:43:42 INSERT SQL : INSERT INTO transfers  (ts,userIdSource,amount,currency,destinationCountryId,toBranch,senderFname,senderSurname,senderEmail,senderPhone,senderIdType,senderId,receiverFname,receiverSurname,receiverEmail,receiverPhone,charge,receiverAccountNumber,fromBranch,passcode,status,sourceIpAddress)  VALUES(NOW(),'4','5000','1','0','0','','Yu liang','','','0','0','','Ma Ling','','','0.015','6228480084433891714','5','$2y$10$wgtFJqitNyItEL/N0.dqU.Mq0Rtg7eMl8cFLdjRibxq9QmEXDydCy','Pending','197.157.209.151')
2017-08-01 14:43:42 SELECT SQL : SELECT id,transferRef FROM transfers WHERE  id = '6'  
2017-08-01 14:43:42 INSERT SQL : INSERT INTO audit_trails  (ts,userId,tableName,recordId,field,oldValue,newValue)  VALUES(NOW(),'4','transfers','6','transferRef','','0050046')
2017-08-01 14:43:42 audit_trails Insert ID : 6
2017-08-01 14:43:42 UPDATE SQL : UPDATE transfers SET transferRef = '0050046' WHERE  id = '6' 
2017-08-01 14:43:42 SELECT SQL : SELECT id FROM accounts WHERE  branchId = '5' AND currency_id = '2'  
2017-08-01 14:43:42 INSERT SQL : INSERT INTO account_transfers  (ts,amountAfterXchange,amountB4Xchange,currencyB4Xchange,currencyAfterXchange,exchangeRate,charge,chargeCurrency,type,amount,fromId,toId,transferRef,userId)  VALUES(NOW(),'33550','5000','2','1','6.71','0.015','2','transfer','5000','26','16','0050046','4')
2017-08-01 14:43:42 Balance Update Params :
Branch Id : 5
Account ID : 16
Amount : 5000
2017-08-01 14:43:42 SELECT SQL : SELECT * FROM balances WHERE  branchId = '5' AND accountId = '16'  
2017-08-01 14:43:42 SELECT SQL : SELECT * FROM balances WHERE  branchId = '5' AND accountId = '16' AND date = '2017-08-01'  
2017-08-01 14:43:42 UPDATE SQL : UPDATE balances SET closingBalance = '120739' WHERE  branchId = '5' AND accountId = '16' AND date = '2017-08-01' 
2017-08-01 14:43:42 Balance Update Status 2:1
 2017-08-01 14:43:42 Balance Update Params :
Branch Id : 0
Account ID : 26
Amount : -5000
2017-08-01 14:43:42 SELECT SQL : SELECT * FROM balances WHERE  branchId = '0' AND accountId = '26'  
2017-08-01 14:43:42 SELECT SQL : SELECT * FROM balances WHERE  branchId = '0' AND accountId = '26' AND date = '2017-08-01'  
2017-08-01 14:43:42 UPDATE SQL : UPDATE balances SET closingBalance = '-4797155' WHERE  branchId = '0' AND accountId = '26' AND date = '2017-08-01' 
2017-08-01 14:43:42 Balance Update Status 2:1
 2017-08-01 14:43:42 SELECT SQL : SELECT id FROM accounts WHERE  branchId = '5' AND currency_id = '2'  
2017-08-01 14:43:42 Balance Update Params :
Branch Id : 5
Account ID : 16
Amount : 0
2017-08-01 14:43:42 SELECT SQL : SELECT * FROM balances WHERE  branchId = '5' AND accountId = '16'  
2017-08-01 14:43:42 SELECT SQL : SELECT * FROM balances WHERE  branchId = '5' AND accountId = '16' AND date = '2017-08-01'  
2017-08-01 14:43:42 UPDATE SQL : UPDATE balances SET closingBalance = '120739' WHERE  branchId = '5' AND accountId = '16' AND date = '2017-08-01' 
2017-08-01 14:43:42 Balance Update Status 2:1
 2017-08-01 14:43:42 SELECT SQL : SELECT * FROM transfers WHERE  fromBranch = '5'  OR toBranch = '5'  OR destinationCountryId = '0'  
2017-08-01 14:43:42 Response : {"success":1,"data":"0050046"}
2017-08-01 14:44:28 ---- New Request ----
2017-08-01 14:44:28 Controller : Transfers
2017-08-01 14:44:28 Method : getallaccountbalancesAction
2017-08-01 14:44:28 Controller File : controllers/Transfers.class.php, Exists
2017-08-01 14:44:28 Class constructed
2017-08-01 14:44:28 Class constructed
2017-08-01 14:44:28 UserID : 4
SessionId : 6lHqxG1uHqoa6Pxyj6aMDsYoI1FFZmAj
Branch ID : 5
2017-08-01 14:44:28 SELECT SQL : SELECT sessionId FROM users WHERE  id = '4'  
2017-08-01 14:44:28 SELECT SQL : SELECT name,id FROM accounts WHERE  active = '1' AND branchId = '5'  
2017-08-01 14:44:28 SELECT SQL : SELECT name FROM branches WHERE  id = '5'  
2017-08-01 14:44:28 Response : {"success":1,"data":[{"name":"KINSHASHA-USD Account","id":"16","balance":65555}],"branchName":"KINSHASHA"}
2017-08-01 14:44:30 ---- New Request ----
2017-08-01 14:44:30 Controller : Transfers
2017-08-01 14:44:30 Method : getbalancesAction
2017-08-01 14:44:30 Controller File : controllers/Transfers.class.php, Exists
2017-08-01 14:44:30 Class constructed
2017-08-01 14:44:30 Class constructed
2017-08-01 14:44:30 UserID : 4
SessionId : 6lHqxG1uHqoa6Pxyj6aMDsYoI1FFZmAj
Branch ID : 5
Date : 
2017-08-01 14:44:30 SELECT SQL : SELECT sessionId,branchId,userTypeId FROM users WHERE  id = '4'  
2017-08-01 14:44:30 SELECT SQL : SELECT closingBalance,openingBalance,accountId,branchId,date FROM balances WHERE  date = '2017-08-01' AND branchId = '5'  
2017-08-01 14:44:30 SELECT SQL : SELECT name FROM accounts WHERE  id = '16'  
2017-08-01 14:44:30 SELECT SQL : SELECT name FROM branches WHERE  id = '5'  
2017-08-01 14:44:30 Response : {"success":1,"data":[{"closingBalance":"120739","openingBalance":"55184","accountId":"16","branchId":"5","date":"2017-08-01","accountName":"KINSHASHA-USD Account","branchName":"KINSHASHA"}]}
2017-08-01 14:44:37 ---- New Request ----
2017-08-01 14:44:37 Controller : Transfers
2017-08-01 14:44:37 Method : getbalancesAction
2017-08-01 14:44:37 Controller File : controllers/Transfers.class.php, Exists
2017-08-01 14:44:37 Class constructed
2017-08-01 14:44:37 Class constructed
2017-08-01 14:44:37 UserID : 4
SessionId : 6lHqxG1uHqoa6Pxyj6aMDsYoI1FFZmAj
Branch ID : 5
Date : 
2017-08-01 14:44:37 SELECT SQL : SELECT sessionId,branchId,userTypeId FROM users WHERE  id = '4'  
2017-08-01 14:44:37 SELECT SQL : SELECT closingBalance,openingBalance,accountId,branchId,date FROM balances WHERE  date = '2017-08-01' AND branchId = '5'  
2017-08-01 14:44:37 SELECT SQL : SELECT name FROM accounts WHERE  id = '16'  
2017-08-01 14:44:37 SELECT SQL : SELECT name FROM branches WHERE  id = '5'  
2017-08-01 14:44:37 Response : {"success":1,"data":[{"closingBalance":"120739","openingBalance":"55184","accountId":"16","branchId":"5","date":"2017-08-01","accountName":"KINSHASHA-USD Account","branchName":"KINSHASHA"}]}
2017-08-01 14:44:40 ---- New Request ----
2017-08-01 14:44:40 Controller : Transfers
2017-08-01 14:44:40 Method : getbalancesAction
2017-08-01 14:44:40 Controller File : controllers/Transfers.class.php, Exists
2017-08-01 14:44:40 Class constructed
2017-08-01 14:44:40 Class constructed
2017-08-01 14:44:40 UserID : 4
SessionId : 6lHqxG1uHqoa6Pxyj6aMDsYoI1FFZmAj
Branch ID : 5
Date : 
2017-08-01 14:44:40 SELECT SQL : SELECT sessionId,branchId,userTypeId FROM users WHERE  id = '4'  
2017-08-01 14:44:40 SELECT SQL : SELECT closingBalance,openingBalance,accountId,branchId,date FROM balances WHERE  date = '2017-08-01' AND branchId = '5'  
2017-08-01 14:44:40 SELECT SQL : SELECT name FROM accounts WHERE  id = '16'  
2017-08-01 14:44:40 SELECT SQL : SELECT name FROM branches WHERE  id = '5'  
2017-08-01 14:44:40 Response : {"success":1,"data":[{"closingBalance":"120739","openingBalance":"55184","accountId":"16","branchId":"5","date":"2017-08-01","accountName":"KINSHASHA-USD Account","branchName":"KINSHASHA"}]}
2017-08-01 14:44:56 ---- New Request ----
2017-08-01 14:44:56 Controller : Transfers
2017-08-01 14:44:56 Method : getbalancesAction
2017-08-01 14:44:56 Controller File : controllers/Transfers.class.php, Exists
2017-08-01 14:44:56 Class constructed
2017-08-01 14:44:56 Class constructed
2017-08-01 14:44:56 UserID : 4
SessionId : 6lHqxG1uHqoa6Pxyj6aMDsYoI1FFZmAj
Branch ID : 5
Date : 
2017-08-01 14:44:56 SELECT SQL : SELECT sessionId,branchId,userTypeId FROM users WHERE  id = '4'  
2017-08-01 14:44:56 SELECT SQL : SELECT closingBalance,openingBalance,accountId,branchId,date FROM balances WHERE  date = '2017-08-01' AND branchId = '5'  
2017-08-01 14:44:56 SELECT SQL : SELECT name FROM accounts WHERE  id = '16'  
2017-08-01 14:44:56 SELECT SQL : SELECT name FROM branches WHERE  id = '5'  
2017-08-01 14:44:56 Response : {"success":1,"data":[{"closingBalance":"120739","openingBalance":"55184","accountId":"16","branchId":"5","date":"2017-08-01","accountName":"KINSHASHA-USD Account","branchName":"KINSHASHA"}]}
2017-08-01 14:45:08 ---- New Request ----
2017-08-01 14:45:08 Controller : Transfers
2017-08-01 14:45:08 Method : getbalancesAction
2017-08-01 14:45:08 Controller File : controllers/Transfers.class.php, Exists
2017-08-01 14:45:08 Class constructed
2017-08-01 14:45:08 Class constructed
2017-08-01 14:45:08 UserID : 4
SessionId : 6lHqxG1uHqoa6Pxyj6aMDsYoI1FFZmAj
Branch ID : 5
Date : 
2017-08-01 14:45:08 SELECT SQL : SELECT sessionId,branchId,userTypeId FROM users WHERE  id = '4'  
2017-08-01 14:45:08 SELECT SQL : SELECT closingBalance,openingBalance,accountId,branchId,date FROM balances WHERE  date = '2017-08-01' AND branchId = '5'  
2017-08-01 14:45:08 SELECT SQL : SELECT name FROM accounts WHERE  id = '16'  
2017-08-01 14:45:08 SELECT SQL : SELECT name FROM branches WHERE  id = '5'  
2017-08-01 14:45:08 Response : {"success":1,"data":[{"closingBalance":"120739","openingBalance":"55184","accountId":"16","branchId":"5","date":"2017-08-01","accountName":"KINSHASHA-USD Account","branchName":"KINSHASHA"}]}
