2017-07-19 12:19:18 ---- New Request ----
2017-07-19 12:19:18 Controller : Transfers
2017-07-19 12:19:18 Method : getallaccountbalancesAction
2017-07-19 12:19:18 Controller File : controllers/Transfers.class.php, Exists
2017-07-19 12:19:18 Class constructed
2017-07-19 12:19:18 Class constructed
2017-07-19 12:19:18 UserID : 2
SessionId : r6RR2jAP7AyGmkesY322YbTLrEiXgSwx
Branch ID : 12
2017-07-19 12:19:18 SELECT SQL : SELECT sessionId FROM users WHERE  id = '2'  
2017-07-19 12:19:18 SELECT SQL : SELECT name,id FROM accounts WHERE  active = '1' AND branchId = '12'  
2017-07-19 12:19:18 SELECT SQL : SELECT name FROM branches WHERE  id = '12'  
2017-07-19 12:19:18 Response : {"success":1,"data":[{"name":"NAIROBI-USD Account","id":"33","balance":79},{"name":"NAIROBI-KSH Account","id":"36","balance":3062748}],"branchName":"NAIROBI"}
2017-07-19 12:19:19 ---- New Request ----
2017-07-19 12:19:19 Controller : Transfers
2017-07-19 12:19:19 Method : getallaccountbalancesAction
2017-07-19 12:19:19 Controller File : controllers/Transfers.class.php, Exists
2017-07-19 12:19:19 Class constructed
2017-07-19 12:19:19 Class constructed
2017-07-19 12:19:19 UserID : 2
SessionId : r6RR2jAP7AyGmkesY322YbTLrEiXgSwx
Branch ID : 12
2017-07-19 12:19:19 SELECT SQL : SELECT sessionId FROM users WHERE  id = '2'  
2017-07-19 12:19:19 SELECT SQL : SELECT name,id FROM accounts WHERE  active = '1' AND branchId = '12'  
2017-07-19 12:19:19 SELECT SQL : SELECT name FROM branches WHERE  id = '12'  
2017-07-19 12:19:19 Response : {"success":1,"data":[{"name":"NAIROBI-USD Account","id":"33","balance":79},{"name":"NAIROBI-KSH Account","id":"36","balance":3062748}],"branchName":"NAIROBI"}
2017-07-19 12:19:27 ---- New Request ----
2017-07-19 12:19:27 Controller : Transfers
2017-07-19 12:19:27 Method : getallaccountbalancesAction
2017-07-19 12:19:27 Controller File : controllers/Transfers.class.php, Exists
2017-07-19 12:19:27 Class constructed
2017-07-19 12:19:27 Class constructed
2017-07-19 12:19:27 UserID : 2
SessionId : r6RR2jAP7AyGmkesY322YbTLrEiXgSwx
Branch ID : 12
2017-07-19 12:19:27 SELECT SQL : SELECT sessionId FROM users WHERE  id = '2'  
2017-07-19 12:19:27 SELECT SQL : SELECT name,id FROM accounts WHERE  active = '1' AND branchId = '12'  
2017-07-19 12:19:27 SELECT SQL : SELECT name FROM branches WHERE  id = '12'  
2017-07-19 12:19:27 Response : {"success":1,"data":[{"name":"NAIROBI-USD Account","id":"33","balance":79},{"name":"NAIROBI-KSH Account","id":"36","balance":3062748}],"branchName":"NAIROBI"}
2017-07-19 12:19:34 ---- New Request ----
2017-07-19 12:19:34 Controller : Transfers
2017-07-19 12:19:34 Method : getallaccountbalancesAction
2017-07-19 12:19:34 Controller File : controllers/Transfers.class.php, Exists
2017-07-19 12:19:34 Class constructed
2017-07-19 12:19:34 Class constructed
2017-07-19 12:19:34 UserID : 2
SessionId : r6RR2jAP7AyGmkesY322YbTLrEiXgSwx
Branch ID : 12
2017-07-19 12:19:34 SELECT SQL : SELECT sessionId FROM users WHERE  id = '2'  
2017-07-19 12:19:34 SELECT SQL : SELECT name,id FROM accounts WHERE  active = '1' AND branchId = '12'  
2017-07-19 12:19:34 SELECT SQL : SELECT name FROM branches WHERE  id = '12'  
2017-07-19 12:19:34 Response : {"success":1,"data":[{"name":"NAIROBI-USD Account","id":"33","balance":79},{"name":"NAIROBI-KSH Account","id":"36","balance":3062748}],"branchName":"NAIROBI"}
2017-07-19 12:19:34 ---- New Request ----
2017-07-19 12:19:34 Controller : Transfers
2017-07-19 12:19:34 Method : getallaccountbalancesAction
2017-07-19 12:19:34 Controller File : controllers/Transfers.class.php, Exists
2017-07-19 12:19:34 Class constructed
2017-07-19 12:19:34 Class constructed
2017-07-19 12:19:34 UserID : 2
SessionId : r6RR2jAP7AyGmkesY322YbTLrEiXgSwx
Branch ID : 12
2017-07-19 12:19:34 SELECT SQL : SELECT sessionId FROM users WHERE  id = '2'  
2017-07-19 12:19:34 SELECT SQL : SELECT name,id FROM accounts WHERE  active = '1' AND branchId = '12'  
2017-07-19 12:19:34 SELECT SQL : SELECT name FROM branches WHERE  id = '12'  
2017-07-19 12:19:34 Response : {"success":1,"data":[{"name":"NAIROBI-USD Account","id":"33","balance":79},{"name":"NAIROBI-KSH Account","id":"36","balance":3062748}],"branchName":"NAIROBI"}
2017-07-19 12:19:46 ---- New Request ----
2017-07-19 12:19:46 Controller : Users
2017-07-19 12:19:46 Method : logoutAction
2017-07-19 12:19:46 Controller File : controllers/Users.class.php, Exists
2017-07-19 12:19:46 Class constructed
2017-07-19 12:19:46 Logout Params ;Session ID :r6RR2jAP7AyGmkesY322YbTLrEiXgSwx\User ID : 2
2017-07-19 12:19:46 UPDATE SQL : UPDATE users SET sessionId = '',ipAddress = '105.230.170.78' WHERE  id = '2' 
2017-07-19 12:19:46 Response : {"success":1}
2017-07-19 12:20:04 ---- New Request ----
2017-07-19 12:20:04 Controller : Users
2017-07-19 12:20:04 Method : loginAction
2017-07-19 12:20:04 Controller File : controllers/Users.class.php, Exists
2017-07-19 12:20:04 Class constructed
2017-07-19 12:20:04 Login Params ;Username :dorah
Password : ******
2017-07-19 12:20:04 SELECT SQL : SELECT id,firstName,surname,userName,userTypeId,sessionId,password,active,branchId FROM users WHERE  userName = 'dorah'  
2017-07-19 12:20:04 SELECT SQL : SELECT name FROM branches WHERE  id = '12'  
2017-07-19 12:20:04 UPDATE SQL : UPDATE users SET sessionId = '1NfQHfe8zGGBsI0NqAoV4bAIJmWLK3Rt',ipAddress = '105.230.170.78' WHERE  id = '2' 
2017-07-19 12:20:04 Response : {"success":1,"data":{"id":"2","firstName":"Nansubuga","surname":"Dorothy","userName":"dorah","userTypeId":"3","sessionId":"1NfQHfe8zGGBsI0NqAoV4bAIJmWLK3Rt","branchId":"12","branchName":"NAIROBI"}}
2017-07-19 12:20:06 ---- New Request ----
2017-07-19 12:20:06 Controller : Users
2017-07-19 12:20:06 Method : formsdetailsAction
2017-07-19 12:20:06 Controller File : controllers/Users.class.php, Exists
2017-07-19 12:20:06 Class constructed
2017-07-19 12:20:06 Details Params :
SessionID :1NfQHfe8zGGBsI0NqAoV4bAIJmWLK3Rt
User ID : 2
2017-07-19 12:20:06 SELECT SQL : SELECT * FROM branches WHERE  active = '1'  
2017-07-19 12:20:06 SELECT SQL : SELECT * FROM countries WHERE  active = '1'  
2017-07-19 12:20:06 SELECT SQL : SELECT * FROM identification WHERE  active = '1'  
2017-07-19 12:20:06 SELECT SQL : SELECT * FROM users WHERE  active = '1'  
2017-07-19 12:20:06 SELECT SQL : SELECT id,name,branchId,currency_id FROM accounts WHERE  active = '1' AND type_id = '1'  
2017-07-19 12:20:06 Balance Update Params :
Branch Id : 5
Account ID : 16
Amount : 0
2017-07-19 12:20:06 SELECT SQL : SELECT * FROM balances WHERE  branchId = '5' AND accountId = '16'  
2017-07-19 12:20:06 SELECT SQL : SELECT * FROM balances WHERE  branchId = '5' AND accountId = '16' AND date = '2017-07-19'  
2017-07-19 12:20:06 UPDATE SQL : UPDATE balances SET closingBalance = '293496' WHERE  branchId = '5' AND accountId = '16' AND date = '2017-07-19' 
2017-07-19 12:20:06 Balance Update Status 2:1
 2017-07-19 12:20:06 Balance Update Params :
Branch Id : 6
Account ID : 20
Amount : 0
2017-07-19 12:20:06 SELECT SQL : SELECT * FROM balances WHERE  branchId = '6' AND accountId = '20'  
2017-07-19 12:20:06 Balance Update Params :
Branch Id : 6
Account ID : 21
Amount : 0
2017-07-19 12:20:06 SELECT SQL : SELECT * FROM balances WHERE  branchId = '6' AND accountId = '21'  
2017-07-19 12:20:06 SELECT SQL : SELECT * FROM balances WHERE  branchId = '6' AND accountId = '21' AND date = '2017-07-19'  
2017-07-19 12:20:06 UPDATE SQL : UPDATE balances SET closingBalance = '58899' WHERE  branchId = '6' AND accountId = '21' AND date = '2017-07-19' 
2017-07-19 12:20:06 Balance Update Status 2:1
 2017-07-19 12:20:06 Balance Update Params :
Branch Id : 6
Account ID : 22
Amount : 0
2017-07-19 12:20:06 SELECT SQL : SELECT * FROM balances WHERE  branchId = '6' AND accountId = '22'  
2017-07-19 12:20:06 Balance Update Params :
Branch Id : 6
Account ID : 23
Amount : 0
2017-07-19 12:20:06 SELECT SQL : SELECT * FROM balances WHERE  branchId = '6' AND accountId = '23'  
2017-07-19 12:20:06 SELECT SQL : SELECT * FROM balances WHERE  branchId = '6' AND accountId = '23' AND date = '2017-07-19'  
2017-07-19 12:20:06 UPDATE SQL : UPDATE balances SET closingBalance = '82342518' WHERE  branchId = '6' AND accountId = '23' AND date = '2017-07-19' 
2017-07-19 12:20:06 Balance Update Status 2:1
 2017-07-19 12:20:06 Balance Update Params :
Branch Id : 6
Account ID : 24
Amount : 0
2017-07-19 12:20:06 SELECT SQL : SELECT * FROM balances WHERE  branchId = '6' AND accountId = '24'  
2017-07-19 12:20:06 Balance Update Params :
Branch Id : 11
Account ID : 27
Amount : 0
2017-07-19 12:20:06 SELECT SQL : SELECT * FROM balances WHERE  branchId = '11' AND accountId = '27'  
2017-07-19 12:20:06 Balance Update Params :
Branch Id : 11
Account ID : 28
Amount : 0
2017-07-19 12:20:06 SELECT SQL : SELECT * FROM balances WHERE  branchId = '11' AND accountId = '28'  
2017-07-19 12:20:06 Balance Update Params :
Branch Id : 12
Account ID : 33
Amount : 0
2017-07-19 12:20:06 SELECT SQL : SELECT * FROM balances WHERE  branchId = '12' AND accountId = '33'  
2017-07-19 12:20:06 SELECT SQL : SELECT * FROM balances WHERE  branchId = '12' AND accountId = '33' AND date = '2017-07-19'  
2017-07-19 12:20:06 UPDATE SQL : UPDATE balances SET closingBalance = '79' WHERE  branchId = '12' AND accountId = '33' AND date = '2017-07-19' 
2017-07-19 12:20:06 Balance Update Status 2:1
 2017-07-19 12:20:06 Balance Update Params :
Branch Id : 12
Account ID : 36
Amount : 0
2017-07-19 12:20:06 SELECT SQL : SELECT * FROM balances WHERE  branchId = '12' AND accountId = '36'  
2017-07-19 12:20:06 SELECT SQL : SELECT * FROM balances WHERE  branchId = '12' AND accountId = '36' AND date = '2017-07-19'  
2017-07-19 12:20:06 UPDATE SQL : UPDATE balances SET closingBalance = '3062748' WHERE  branchId = '12' AND accountId = '36' AND date = '2017-07-19' 
2017-07-19 12:20:06 Balance Update Status 2:1
 2017-07-19 12:20:06 Balance Update Params :
Branch Id : 7
Account ID : 37
Amount : 0
2017-07-19 12:20:06 SELECT SQL : SELECT * FROM balances WHERE  branchId = '7' AND accountId = '37'  
2017-07-19 12:20:06 SELECT SQL : SELECT * FROM balances WHERE  branchId = '7' AND accountId = '37' AND date = '2017-07-19'  
2017-07-19 12:20:06 UPDATE SQL : UPDATE balances SET closingBalance = '47450' WHERE  branchId = '7' AND accountId = '37' AND date = '2017-07-19' 
2017-07-19 12:20:06 Balance Update Status 2:1
 2017-07-19 12:20:06 Balance Update Params :
Branch Id : 13
Account ID : 38
Amount : 0
2017-07-19 12:20:06 SELECT SQL : SELECT * FROM balances WHERE  branchId = '13' AND accountId = '38'  
2017-07-19 12:20:06 SELECT SQL : SELECT * FROM balances WHERE  branchId = '13' AND accountId = '38' AND date = '2017-07-19'  
2017-07-19 12:20:06 UPDATE SQL : UPDATE balances SET closingBalance = '2700' WHERE  branchId = '13' AND accountId = '38' AND date = '2017-07-19' 
2017-07-19 12:20:06 Balance Update Status 2:1
 2017-07-19 12:20:06 Balance Update Params :
Branch Id : 13
Account ID : 39
Amount : 0
2017-07-19 12:20:06 SELECT SQL : SELECT * FROM balances WHERE  branchId = '13' AND accountId = '39'  
2017-07-19 12:20:06 SELECT SQL : SELECT * FROM currencies WHERE  active = '1'  
2017-07-19 12:20:06 SELECT SQL : SELECT * FROM accounts WHERE  active = '1' AND type_id = '4'  
2017-07-19 12:20:06 SELECT SQL : SELECT * FROM account_types WHERE  active = '1'  
2017-07-19 12:20:07 SELECT SQL : SELECT * FROM user_types WHERE  active = '1'  
2017-07-19 12:20:07 Response : {"data":{"branches":[{"id":"5","name":"KINSHASHA","countryId":"4","location":"Patrice Avenue","supervisorId":"3","createdBy":"4","ts":"2017-06-30 00:06:55","active":"1"},{"id":"6","name":"OASIS MALL","countryId":"1","location":"Yusufu Lule Rd","supervisorId":"3","createdBy":"2","ts":"2017-06-30 00:12:08","active":"1"},{"id":"7","name":"GOMA","countryId":"4","location":"Goma","supervisorId":"3","createdBy":"1","ts":"2017-07-05 00:00:00","active":"1"},{"id":"9","name":"MOMBASA","countryId":"2","location":"Mombasa","supervisorId":"3","createdBy":"1","ts":"2017-07-05 00:00:00","active":"1"},{"id":"10","name":"DUBAI","countryId":"6","location":"Dubai","supervisorId":"3","createdBy":"1","ts":"2017-07-05 00:00:00","active":"1"},{"id":"11","name":"CHINA","countryId":"5","location":"China","supervisorId":"3","createdBy":"3","ts":"2017-07-05 13:23:17","active":"1"},{"id":"12","name":"NAIROBI","countryId":"2","location":"Nairobi","supervisorId":"3","createdBy":"3","ts":"2017-07-06 14:12:35","active":"1"},{"id":"13","name":"KAMPALA ROAD","countryId":"1","location":"kampala road","supervisorId":"3","createdBy":"3","ts":"2017-07-06 14:12:35","active":"1"}],"countries":[{"id":"1","name":"UGANDA","createdBy":"1","ts":"2017-06-25 23:13:31","active":"1"},{"id":"2","name":"KENYA","createdBy":"1","ts":"2017-06-26 09:02:45","active":"1"},{"id":"3","name":"TZ","createdBy":"1","ts":"2017-06-28 11:11:53","active":"1"},{"id":"4","name":"CONGO","createdBy":"1","ts":"2017-06-28 11:26:11","active":"1"},{"id":"5","name":"CHINA","createdBy":"1","ts":"2017-06-28 11:30:01","active":"1"},{"id":"6","name":"UAE","createdBy":"1","ts":"2017-07-05 00:00:00","active":"1"}],"ids":[[{"id":"1","name":"Passport","createdBy":"1","ts":"2017-06-28 14:00:01","active":"1"},{"id":"2","name":"National ID","createdBy":"1","ts":"2017-06-28 14:00:01","active":"1"},{"id":"3","name":"STUDENTS ID","createdBy":"1","ts":"2017-06-28 16:21:46","active":"1"}]],"users":[{"id":"1","firstName":"You","surname":"Jinshu","email":"hudsonbogere@swipeit.co.ug","phone":"256783131266","userName":"you","branchId":"0","userTypeId":"1","password":"$2y$10$pPGbhJ1RXx\/ug.ED3LnsQuKHJTqwYsa\/iF0OqGOgsjflkHKIDTLVq","sessionId":"KSTms8GEe36Gy41kXds63LMk2kJjROlO","ipAddress":"41.210.145.81","createdBy":null,"ts":"2017-06-23 15:08:12","active":"1"},{"id":"2","firstName":"Nansubuga","surname":"Dorothy","email":"henry@gmail.com","phone":"256752284441","userName":"dorah","branchId":"12","userTypeId":"3","password":"$2y$10$F9t92sYKf2rDJ.JzCmrrT.Jt1Ix37Fuo.uZKpXPn69dgDUTZ8xLXi","sessionId":"1NfQHfe8zGGBsI0NqAoV4bAIJmWLK3Rt","ipAddress":"105.230.170.78","createdBy":"1","ts":"2017-06-26 19:11:07","active":"1"},{"id":"3","firstName":"Lydia","surname":"Amoi","email":"islam@gmail.com","phone":"256777608310","userName":"lydia","branchId":"6","userTypeId":"2","password":"$2y$10$m72Zz8Z.h4\/Zp6TFDhmbXeQ79kZ7JJ2U0yLUanc0dDVxbc.5UPkRG","sessionId":"fhVs8keNBmfghvH4EBTDMqycFvGklLVi","ipAddress":"160.242.144.4","createdBy":"1","ts":"2017-06-26 19:41:01","active":"1"},{"id":"4","firstName":"Nabukera","surname":"Maria","email":"banerd@tfb.com","phone":"256774457813","userName":"maria","branchId":"5","userTypeId":"3","password":"$2y$10$wTpUE\/WJFMfQaBglrQocTO9ndV6dbxL2vzFDEJZ1hpVVp4binpXGO","sessionId":"rlwjPHNyG6kNuWcT7RLiz3gIRGkmcp0H","ipAddress":"41.243.11.143","createdBy":"1","ts":"2017-06-26 23:04:07","active":"1"},{"id":"5","firstName":"Henry","surname":"Bbosa","email":null,"phone":null,"userName":"henry","branchId":"11","userTypeId":"3","password":"$2y$10$m72Zz8Z.h4\/Zp6TFDhmbXeQ79kZ7JJ2U0yLUanc0dDVxbc.5UPkRG","sessionId":"0DaV2hZBaMMn6XzQMEvYLNtrk2mGfn4k","ipAddress":"160.242.144.4","createdBy":"1","ts":"2017-07-05 00:00:00","active":"1"},{"id":"6","firstName":"Edwin","surname":"Kakeeto","email":"edwin@edwin.com","phone":"0777777557","userName":"edwin","branchId":"7","userTypeId":"3","password":"$2y$10$m72Zz8Z.h4\/Zp6TFDhmbXeQ79kZ7JJ2U0yLUanc0dDVxbc.5UPkRG","sessionId":"","ipAddress":"160.242.142.203","createdBy":"3","ts":"2017-07-10 07:37:50","active":"1"},{"id":"7","firstName":"Trish","surname":"Baby","email":"patricia@gmail.com","phone":"0777777557","userName":"trish","branchId":"13","userTypeId":"3","password":"$2y$10$m72Zz8Z.h4\/Zp6TFDhmbXeQ79kZ7JJ2U0yLUanc0dDVxbc.5UPkRG","sessionId":"","ipAddress":"160.242.141.153","createdBy":null,"ts":null,"active":"1"},{"id":"8","firstName":"cedric","surname":"cedric","email":"cedric@gmail.com","phone":"+256754813912","userName":"cedric","branchId":"7","userTypeId":"3","password":"$2y$10$m72Zz8Z.h4\/Zp6TFDhmbXeQ79kZ7JJ2U0yLUanc0dDVxbc.5UPkRG","sessionId":"","ipAddress":"160.242.141.153","createdBy":null,"ts":null,"active":"1"}],"accounts":[{"id":"16","name":"KINSHASHA-USD Account","branchId":"5","currency_id":"2"},{"id":"20","name":"OASIS MALL-RMB Account","branchId":"6","currency_id":"1"},{"id":"21","name":"OASIS MALL-USD Account","branchId":"6","currency_id":"2"},{"id":"22","name":"OASIS MALL-DIRHAM Account","branchId":"6","currency_id":"3"},{"id":"23","name":"OASIS MALL-UGX Account","branchId":"6","currency_id":"4"},{"id":"24","name":"OASIS MALL-KSH Account","branchId":"6","currency_id":"5"},{"id":"27","name":"CHINA-RMB Account","branchId":"11","currency_id":"1"},{"id":"28","name":"CHINA-USD Account","branchId":"11","currency_id":"2"},{"id":"33","name":"NAIROBI-USD Account","branchId":"12","currency_id":"2"},{"id":"36","name":"NAIROBI-KSH Account","branchId":"12","currency_id":"5"},{"id":"37","name":"GOMA-USD ACCOUNT","branchId":"7","currency_id":"2"},{"id":"38","name":"KAMPALA ROAD -USD ACCOUNT","branchId":"13","currency_id":"2"},{"id":"39","name":"KAMPALA ROAD- UGX ACCOUNT ","branchId":"13","currency_id":"4"}],"currencies":[{"id":"1","name":"RMB","symbol":"\u00c2\u00a5","createdBy":"1","ts":"2017-06-27 22:45:12","active":"1"},{"id":"2","name":"USD","symbol":"$","createdBy":"1","ts":"2017-06-27 22:45:12","active":"1"},{"id":"3","name":"DIRHAM","symbol":"","createdBy":"1","ts":"2017-06-28 11:40:09","active":"1"},{"id":"4","name":"UGX","symbol":"\/=","createdBy":"1","ts":"2017-06-28 11:46:50","active":"1"},{"id":"5","name":"KSH","symbol":"","createdBy":"1","ts":"2017-06-28 11:46:50","active":"1"}],"superaccount":[{"id":"1","name":"RMB Account","branchId":"0","type_id":"4","currency_id":"1","balance":"0","createdBy":"1","active":"1","ts":"2017-06-27 22:45:12"}],"accountTypes":[{"id":"1","type":"Transfer","description":"","createdBy":"1","ts":"2017-06-28 14:31:12","active":"1"},{"id":"2","type":"Suspense","description":"","createdBy":"1","ts":"2017-06-28 14:31:12","active":"1"},{"id":"4","type":"Super","description":"","createdBy":"1","ts":"2017-06-28 14:31:12","active":"1"}],"userTypes":[{"id":"1","name":"E-Value Admin","level":"1","ts":"2017-06-27 22:45:12","active":"1"},{"id":"2","name":"Super User","level":"2","ts":"2017-06-27 22:45:12","active":"1"},{"id":"3","name":"Agent","level":"3","ts":"2017-06-27 22:45:12","active":"1"},{"id":"4","name":"System Admin","level":"4","ts":"2017-06-27 22:45:12","active":"1"}]},"success":1}
2017-07-19 12:20:14 ---- New Request ----
2017-07-19 12:20:14 Controller : Transfers
2017-07-19 12:20:14 Method : getallaccountbalancesAction
2017-07-19 12:20:14 Controller File : controllers/Transfers.class.php, Exists
2017-07-19 12:20:14 Class constructed
2017-07-19 12:20:14 Class constructed
2017-07-19 12:20:14 UserID : 2
SessionId : 1NfQHfe8zGGBsI0NqAoV4bAIJmWLK3Rt
Branch ID : 12
2017-07-19 12:20:14 SELECT SQL : SELECT sessionId FROM users WHERE  id = '2'  
2017-07-19 12:20:14 SELECT SQL : SELECT name,id FROM accounts WHERE  active = '1' AND branchId = '12'  
2017-07-19 12:20:14 SELECT SQL : SELECT name FROM branches WHERE  id = '12'  
2017-07-19 12:20:14 Response : {"success":1,"data":[{"name":"NAIROBI-USD Account","id":"33","balance":79},{"name":"NAIROBI-KSH Account","id":"36","balance":3062748}],"branchName":"NAIROBI"}
2017-07-19 12:20:19 ---- New Request ----
2017-07-19 12:20:19 Controller : Transfers
2017-07-19 12:20:19 Method : getallaccountbalancesAction
2017-07-19 12:20:19 Controller File : controllers/Transfers.class.php, Exists
2017-07-19 12:20:19 Class constructed
2017-07-19 12:20:19 Class constructed
2017-07-19 12:20:19 UserID : 2
SessionId : 1NfQHfe8zGGBsI0NqAoV4bAIJmWLK3Rt
Branch ID : 12
2017-07-19 12:20:19 SELECT SQL : SELECT sessionId FROM users WHERE  id = '2'  
2017-07-19 12:20:19 SELECT SQL : SELECT name,id FROM accounts WHERE  active = '1' AND branchId = '12'  
2017-07-19 12:20:19 SELECT SQL : SELECT name FROM branches WHERE  id = '12'  
2017-07-19 12:20:19 Response : {"success":1,"data":[{"name":"NAIROBI-USD Account","id":"33","balance":79},{"name":"NAIROBI-KSH Account","id":"36","balance":3062748}],"branchName":"NAIROBI"}
2017-07-19 12:20:26 ---- New Request ----
2017-07-19 12:20:26 Controller : Transfers
2017-07-19 12:20:26 Method : getbalancesAction
2017-07-19 12:20:26 Controller File : controllers/Transfers.class.php, Exists
2017-07-19 12:20:26 Class constructed
2017-07-19 12:20:26 Class constructed
2017-07-19 12:20:26 UserID : 2
SessionId : 1NfQHfe8zGGBsI0NqAoV4bAIJmWLK3Rt
Branch ID : 
Date : 
2017-07-19 12:20:26 SELECT SQL : SELECT sessionId,branchId,userTypeId FROM users WHERE  id = '2'  
2017-07-19 12:20:26 SELECT SQL : SELECT closingBalance,openingBalance,accountId,branchId,date FROM balances WHERE  date = '2017-07-19' AND branchId = '12'  
2017-07-19 12:20:26 SELECT SQL : SELECT name FROM accounts WHERE  id = '36'  
2017-07-19 12:20:26 SELECT SQL : SELECT name FROM branches WHERE  id = '12'  
2017-07-19 12:20:26 SELECT SQL : SELECT name FROM accounts WHERE  id = '33'  
2017-07-19 12:20:26 SELECT SQL : SELECT name FROM branches WHERE  id = '12'  
2017-07-19 12:20:26 Response : {"success":1,"data":[{"closingBalance":"3062748","openingBalance":"3948","accountId":"36","branchId":"12","date":"2017-07-19","accountName":"NAIROBI-KSH Account","branchName":"NAIROBI"},{"closingBalance":"79","openingBalance":"79","accountId":"33","branchId":"12","date":"2017-07-19","accountName":"NAIROBI-USD Account","branchName":"NAIROBI"}]}
2017-07-19 12:24:19 ---- New Request ----
2017-07-19 12:24:19 Controller : Transfers
2017-07-19 12:24:19 Method : createtransferAction
2017-07-19 12:24:19 Controller File : controllers/Transfers.class.php, Exists
2017-07-19 12:24:19 Class constructed
2017-07-19 12:24:19 Class constructed
2017-07-19 12:24:19 Transfer Creation Params ;Amount :281340\currencyid : 1
Country : 5
Charge : 1700
sfname : 
ssurname : Lu
Account Number : 6217004229998141175
semail : 
sphone : +254721472501
sidtype : 0
sid : 0
rfname : Hong
rsurname : Xian
remail : 
rphone : +254721472501
Receiver Branch : 0
passcode : ******
password : ******
userid : 2
sessionid : 1NfQHfe8zGGBsI0NqAoV4bAIJmWLK3Rt
Exchange Rate : 15.63
AmountAfterXchange : 18000
Charge Currency : 52017-07-19 12:24:19 SELECT SQL : SELECT * FROM settings WHERE  name = 'SuspenseAccount'  
2017-07-19 12:24:19 SELECT SQL : SELECT * FROM settings WHERE  name = 'ToChinaAccount'  
2017-07-19 12:24:19 SELECT SQL : SELECT * FROM users WHERE  id = '2'  
2017-07-19 12:24:19 INSERT SQL : INSERT INTO transfers  (ts,userIdSource,amount,currency,destinationCountryId,toBranch,senderFname,senderSurname,senderEmail,senderPhone,senderIdType,senderId,receiverFname,receiverSurname,receiverEmail,receiverPhone,charge,receiverAccountNumber,fromBranch,passcode,status,sourceIpAddress)  VALUES(NOW(),'2','281340','1','5','0','','Lu','','+254721472501','0','0','Hong','Xian','','+254721472501','1700','6217004229998141175','12','$2y$10$zJByKd04tMAhTR5dnF1Rbew769/DvdG2bxvanig8jdfFLPloUNpUS','Pending','105.230.170.78')
2017-07-19 12:24:19 SELECT SQL : SELECT id,transferRef FROM transfers WHERE  id = '3'  
2017-07-19 12:24:19 INSERT SQL : INSERT INTO audit_trails  (ts,userId,tableName,recordId,field,oldValue,newValue)  VALUES(NOW(),'2','transfers','3','transferRef','','0120523')
2017-07-19 12:24:19 audit_trails Insert ID : 126
2017-07-19 12:24:19 UPDATE SQL : UPDATE transfers SET transferRef = '0120523' WHERE  id = '3' 
2017-07-19 12:24:19 SELECT SQL : SELECT id FROM accounts WHERE  branchId = '12' AND currency_id = '5'  
2017-07-19 12:24:19 INSERT SQL : INSERT INTO account_transfers  (ts,amountAfterXchange,amountB4Xchange,currencyB4Xchange,currencyAfterXchange,exchangeRate,charge,chargeCurrency,type,amount,fromId,toId,transferRef,userId)  VALUES(NOW(),'18000','281340','5','1','15.63','1700','5','transfer','281340','26','36','0120523','2')
2017-07-19 12:24:19 Balance Update Params :
Branch Id : 12
Account ID : 36
Amount : 281340
2017-07-19 12:24:19 SELECT SQL : SELECT * FROM balances WHERE  branchId = '12' AND accountId = '36'  
2017-07-19 12:24:19 SELECT SQL : SELECT * FROM balances WHERE  branchId = '12' AND accountId = '36' AND date = '2017-07-19'  
2017-07-19 12:24:19 UPDATE SQL : UPDATE balances SET closingBalance = '3344088' WHERE  branchId = '12' AND accountId = '36' AND date = '2017-07-19' 
2017-07-19 12:24:19 Balance Update Status 2:1
 2017-07-19 12:24:19 Balance Update Params :
Branch Id : 0
Account ID : 26
Amount : -281340
2017-07-19 12:24:19 SELECT SQL : SELECT * FROM balances WHERE  branchId = '0' AND accountId = '26'  
2017-07-19 12:24:19 SELECT SQL : SELECT * FROM balances WHERE  branchId = '0' AND accountId = '26' AND date = '2017-07-19'  
2017-07-19 12:24:19 UPDATE SQL : UPDATE balances SET closingBalance = '-3336740' WHERE  branchId = '0' AND accountId = '26' AND date = '2017-07-19' 
2017-07-19 12:24:19 Balance Update Status 2:1
 2017-07-19 12:24:19 SELECT SQL : SELECT id FROM accounts WHERE  branchId = '12' AND currency_id = '5'  
2017-07-19 12:24:19 Balance Update Params :
Branch Id : 12
Account ID : 36
Amount : 1700
2017-07-19 12:24:19 SELECT SQL : SELECT * FROM balances WHERE  branchId = '12' AND accountId = '36'  
2017-07-19 12:24:19 SELECT SQL : SELECT * FROM balances WHERE  branchId = '12' AND accountId = '36' AND date = '2017-07-19'  
2017-07-19 12:24:19 UPDATE SQL : UPDATE balances SET closingBalance = '3345788' WHERE  branchId = '12' AND accountId = '36' AND date = '2017-07-19' 
2017-07-19 12:24:19 Balance Update Status 2:1
 2017-07-19 12:24:19 INSERT SQL : INSERT INTO account_transfers  (ts,type,amount,charge,fromId,toId,transferRef,userId,amountAfterXchange,amountB4Xchange)  VALUES(NOW(),'transfer','1700','0','26','36','0','2','1700','1700')
2017-07-19 12:24:19 SELECT SQL : SELECT * FROM transfers WHERE  fromBranch = '12'  OR toBranch = '12'  OR destinationCountryId = '5'  
2017-07-19 12:24:19 Response : {"success":1,"data":"0120523"}
2017-07-19 12:38:32 ---- New Request ----
2017-07-19 12:38:32 Controller : Users
2017-07-19 12:38:32 Method : logoutAction
2017-07-19 12:38:32 Controller File : controllers/Users.class.php, Exists
2017-07-19 12:38:32 Class constructed
2017-07-19 12:38:32 Logout Params ;Session ID :1NfQHfe8zGGBsI0NqAoV4bAIJmWLK3Rt\User ID : 2
2017-07-19 12:38:32 UPDATE SQL : UPDATE users SET sessionId = '',ipAddress = '105.230.170.78' WHERE  id = '2' 
2017-07-19 12:38:32 Response : {"success":1}
2017-07-19 12:38:37 ---- New Request ----
2017-07-19 12:38:37 Controller : Users
2017-07-19 12:38:37 Method : loginAction
2017-07-19 12:38:37 Controller File : controllers/Users.class.php, Exists
2017-07-19 12:38:37 Class constructed
2017-07-19 12:38:37 Login Params ;Username :dorah
Password : ******
2017-07-19 12:38:37 SELECT SQL : SELECT id,firstName,surname,userName,userTypeId,sessionId,password,active,branchId FROM users WHERE  userName = 'dorah'  
2017-07-19 12:38:37 Response : {"success":0,"errormsg":"Login Failed. Wrong Password."}
2017-07-19 12:38:58 ---- New Request ----
2017-07-19 12:38:58 Controller : Users
2017-07-19 12:38:58 Method : loginAction
2017-07-19 12:38:58 Controller File : controllers/Users.class.php, Exists
2017-07-19 12:38:58 Class constructed
2017-07-19 12:38:58 Login Params ;Username :dorah
Password : ******
2017-07-19 12:38:58 SELECT SQL : SELECT id,firstName,surname,userName,userTypeId,sessionId,password,active,branchId FROM users WHERE  userName = 'dorah'  
2017-07-19 12:38:58 SELECT SQL : SELECT name FROM branches WHERE  id = '12'  
2017-07-19 12:38:58 UPDATE SQL : UPDATE users SET sessionId = 'wIaml2eHtPK5f6vwRvWm7IWk4TIas7hd',ipAddress = '105.230.170.78' WHERE  id = '2' 
2017-07-19 12:38:58 Response : {"success":1,"data":{"id":"2","firstName":"Nansubuga","surname":"Dorothy","userName":"dorah","userTypeId":"3","sessionId":"wIaml2eHtPK5f6vwRvWm7IWk4TIas7hd","branchId":"12","branchName":"NAIROBI"}}
2017-07-19 12:39:00 ---- New Request ----
2017-07-19 12:39:00 Controller : Users
2017-07-19 12:39:00 Method : formsdetailsAction
2017-07-19 12:39:00 Controller File : controllers/Users.class.php, Exists
2017-07-19 12:39:00 Class constructed
2017-07-19 12:39:00 Details Params :
SessionID :wIaml2eHtPK5f6vwRvWm7IWk4TIas7hd
User ID : 2
2017-07-19 12:39:00 SELECT SQL : SELECT * FROM branches WHERE  active = '1'  
2017-07-19 12:39:00 SELECT SQL : SELECT * FROM countries WHERE  active = '1'  
2017-07-19 12:39:00 SELECT SQL : SELECT * FROM identification WHERE  active = '1'  
2017-07-19 12:39:00 SELECT SQL : SELECT * FROM users WHERE  active = '1'  
2017-07-19 12:39:00 SELECT SQL : SELECT id,name,branchId,currency_id FROM accounts WHERE  active = '1' AND type_id = '1'  
2017-07-19 12:39:00 Balance Update Params :
Branch Id : 5
Account ID : 16
Amount : 0
2017-07-19 12:39:00 SELECT SQL : SELECT * FROM balances WHERE  branchId = '5' AND accountId = '16'  
2017-07-19 12:39:00 SELECT SQL : SELECT * FROM balances WHERE  branchId = '5' AND accountId = '16' AND date = '2017-07-19'  
2017-07-19 12:39:00 UPDATE SQL : UPDATE balances SET closingBalance = '293496' WHERE  branchId = '5' AND accountId = '16' AND date = '2017-07-19' 
2017-07-19 12:39:00 Balance Update Status 2:1
 2017-07-19 12:39:00 Balance Update Params :
Branch Id : 6
Account ID : 20
Amount : 0
2017-07-19 12:39:00 SELECT SQL : SELECT * FROM balances WHERE  branchId = '6' AND accountId = '20'  
2017-07-19 12:39:00 Balance Update Params :
Branch Id : 6
Account ID : 21
Amount : 0
2017-07-19 12:39:00 SELECT SQL : SELECT * FROM balances WHERE  branchId = '6' AND accountId = '21'  
2017-07-19 12:39:00 SELECT SQL : SELECT * FROM balances WHERE  branchId = '6' AND accountId = '21' AND date = '2017-07-19'  
2017-07-19 12:39:00 UPDATE SQL : UPDATE balances SET closingBalance = '58899' WHERE  branchId = '6' AND accountId = '21' AND date = '2017-07-19' 
2017-07-19 12:39:00 Balance Update Status 2:1
 2017-07-19 12:39:00 Balance Update Params :
Branch Id : 6
Account ID : 22
Amount : 0
2017-07-19 12:39:00 SELECT SQL : SELECT * FROM balances WHERE  branchId = '6' AND accountId = '22'  
2017-07-19 12:39:00 Balance Update Params :
Branch Id : 6
Account ID : 23
Amount : 0
2017-07-19 12:39:00 SELECT SQL : SELECT * FROM balances WHERE  branchId = '6' AND accountId = '23'  
2017-07-19 12:39:00 SELECT SQL : SELECT * FROM balances WHERE  branchId = '6' AND accountId = '23' AND date = '2017-07-19'  
2017-07-19 12:39:00 UPDATE SQL : UPDATE balances SET closingBalance = '82342518' WHERE  branchId = '6' AND accountId = '23' AND date = '2017-07-19' 
2017-07-19 12:39:00 Balance Update Status 2:1
 2017-07-19 12:39:00 Balance Update Params :
Branch Id : 6
Account ID : 24
Amount : 0
2017-07-19 12:39:00 SELECT SQL : SELECT * FROM balances WHERE  branchId = '6' AND accountId = '24'  
2017-07-19 12:39:00 Balance Update Params :
Branch Id : 11
Account ID : 27
Amount : 0
2017-07-19 12:39:00 SELECT SQL : SELECT * FROM balances WHERE  branchId = '11' AND accountId = '27'  
2017-07-19 12:39:00 Balance Update Params :
Branch Id : 11
Account ID : 28
Amount : 0
2017-07-19 12:39:00 SELECT SQL : SELECT * FROM balances WHERE  branchId = '11' AND accountId = '28'  
2017-07-19 12:39:00 Balance Update Params :
Branch Id : 12
Account ID : 33
Amount : 0
2017-07-19 12:39:00 SELECT SQL : SELECT * FROM balances WHERE  branchId = '12' AND accountId = '33'  
2017-07-19 12:39:00 SELECT SQL : SELECT * FROM balances WHERE  branchId = '12' AND accountId = '33' AND date = '2017-07-19'  
2017-07-19 12:39:00 UPDATE SQL : UPDATE balances SET closingBalance = '79' WHERE  branchId = '12' AND accountId = '33' AND date = '2017-07-19' 
2017-07-19 12:39:00 Balance Update Status 2:1
 2017-07-19 12:39:00 Balance Update Params :
Branch Id : 12
Account ID : 36
Amount : 0
2017-07-19 12:39:00 SELECT SQL : SELECT * FROM balances WHERE  branchId = '12' AND accountId = '36'  
2017-07-19 12:39:00 SELECT SQL : SELECT * FROM balances WHERE  branchId = '12' AND accountId = '36' AND date = '2017-07-19'  
2017-07-19 12:39:00 UPDATE SQL : UPDATE balances SET closingBalance = '3345788' WHERE  branchId = '12' AND accountId = '36' AND date = '2017-07-19' 
2017-07-19 12:39:00 Balance Update Status 2:1
 2017-07-19 12:39:00 Balance Update Params :
Branch Id : 7
Account ID : 37
Amount : 0
2017-07-19 12:39:00 SELECT SQL : SELECT * FROM balances WHERE  branchId = '7' AND accountId = '37'  
2017-07-19 12:39:00 SELECT SQL : SELECT * FROM balances WHERE  branchId = '7' AND accountId = '37' AND date = '2017-07-19'  
2017-07-19 12:39:00 UPDATE SQL : UPDATE balances SET closingBalance = '47450' WHERE  branchId = '7' AND accountId = '37' AND date = '2017-07-19' 
2017-07-19 12:39:00 Balance Update Status 2:1
 2017-07-19 12:39:00 Balance Update Params :
Branch Id : 13
Account ID : 38
Amount : 0
2017-07-19 12:39:00 SELECT SQL : SELECT * FROM balances WHERE  branchId = '13' AND accountId = '38'  
2017-07-19 12:39:00 SELECT SQL : SELECT * FROM balances WHERE  branchId = '13' AND accountId = '38' AND date = '2017-07-19'  
2017-07-19 12:39:00 UPDATE SQL : UPDATE balances SET closingBalance = '2700' WHERE  branchId = '13' AND accountId = '38' AND date = '2017-07-19' 
2017-07-19 12:39:00 Balance Update Status 2:1
 2017-07-19 12:39:00 Balance Update Params :
Branch Id : 13
Account ID : 39
Amount : 0
2017-07-19 12:39:00 SELECT SQL : SELECT * FROM balances WHERE  branchId = '13' AND accountId = '39'  
2017-07-19 12:39:00 SELECT SQL : SELECT * FROM currencies WHERE  active = '1'  
2017-07-19 12:39:00 SELECT SQL : SELECT * FROM accounts WHERE  active = '1' AND type_id = '4'  
2017-07-19 12:39:00 SELECT SQL : SELECT * FROM account_types WHERE  active = '1'  
2017-07-19 12:39:00 SELECT SQL : SELECT * FROM user_types WHERE  active = '1'  
2017-07-19 12:39:00 Response : {"data":{"branches":[{"id":"5","name":"KINSHASHA","countryId":"4","location":"Patrice Avenue","supervisorId":"3","createdBy":"4","ts":"2017-06-30 00:06:55","active":"1"},{"id":"6","name":"OASIS MALL","countryId":"1","location":"Yusufu Lule Rd","supervisorId":"3","createdBy":"2","ts":"2017-06-30 00:12:08","active":"1"},{"id":"7","name":"GOMA","countryId":"4","location":"Goma","supervisorId":"3","createdBy":"1","ts":"2017-07-05 00:00:00","active":"1"},{"id":"9","name":"MOMBASA","countryId":"2","location":"Mombasa","supervisorId":"3","createdBy":"1","ts":"2017-07-05 00:00:00","active":"1"},{"id":"10","name":"DUBAI","countryId":"6","location":"Dubai","supervisorId":"3","createdBy":"1","ts":"2017-07-05 00:00:00","active":"1"},{"id":"11","name":"CHINA","countryId":"5","location":"China","supervisorId":"3","createdBy":"3","ts":"2017-07-05 13:23:17","active":"1"},{"id":"12","name":"NAIROBI","countryId":"2","location":"Nairobi","supervisorId":"3","createdBy":"3","ts":"2017-07-06 14:12:35","active":"1"},{"id":"13","name":"KAMPALA ROAD","countryId":"1","location":"kampala road","supervisorId":"3","createdBy":"3","ts":"2017-07-06 14:12:35","active":"1"}],"countries":[{"id":"1","name":"UGANDA","createdBy":"1","ts":"2017-06-25 23:13:31","active":"1"},{"id":"2","name":"KENYA","createdBy":"1","ts":"2017-06-26 09:02:45","active":"1"},{"id":"3","name":"TZ","createdBy":"1","ts":"2017-06-28 11:11:53","active":"1"},{"id":"4","name":"CONGO","createdBy":"1","ts":"2017-06-28 11:26:11","active":"1"},{"id":"5","name":"CHINA","createdBy":"1","ts":"2017-06-28 11:30:01","active":"1"},{"id":"6","name":"UAE","createdBy":"1","ts":"2017-07-05 00:00:00","active":"1"}],"ids":[[{"id":"1","name":"Passport","createdBy":"1","ts":"2017-06-28 14:00:01","active":"1"},{"id":"2","name":"National ID","createdBy":"1","ts":"2017-06-28 14:00:01","active":"1"},{"id":"3","name":"STUDENTS ID","createdBy":"1","ts":"2017-06-28 16:21:46","active":"1"}]],"users":[{"id":"1","firstName":"You","surname":"Jinshu","email":"hudsonbogere@swipeit.co.ug","phone":"256783131266","userName":"you","branchId":"0","userTypeId":"1","password":"$2y$10$pPGbhJ1RXx\/ug.ED3LnsQuKHJTqwYsa\/iF0OqGOgsjflkHKIDTLVq","sessionId":"KSTms8GEe36Gy41kXds63LMk2kJjROlO","ipAddress":"41.210.145.81","createdBy":null,"ts":"2017-06-23 15:08:12","active":"1"},{"id":"2","firstName":"Nansubuga","surname":"Dorothy","email":"henry@gmail.com","phone":"256752284441","userName":"dorah","branchId":"12","userTypeId":"3","password":"$2y$10$F9t92sYKf2rDJ.JzCmrrT.Jt1Ix37Fuo.uZKpXPn69dgDUTZ8xLXi","sessionId":"wIaml2eHtPK5f6vwRvWm7IWk4TIas7hd","ipAddress":"105.230.170.78","createdBy":"1","ts":"2017-06-26 19:11:07","active":"1"},{"id":"3","firstName":"Lydia","surname":"Amoi","email":"islam@gmail.com","phone":"256777608310","userName":"lydia","branchId":"6","userTypeId":"2","password":"$2y$10$m72Zz8Z.h4\/Zp6TFDhmbXeQ79kZ7JJ2U0yLUanc0dDVxbc.5UPkRG","sessionId":"fhVs8keNBmfghvH4EBTDMqycFvGklLVi","ipAddress":"160.242.144.4","createdBy":"1","ts":"2017-06-26 19:41:01","active":"1"},{"id":"4","firstName":"Nabukera","surname":"Maria","email":"banerd@tfb.com","phone":"256774457813","userName":"maria","branchId":"5","userTypeId":"3","password":"$2y$10$wTpUE\/WJFMfQaBglrQocTO9ndV6dbxL2vzFDEJZ1hpVVp4binpXGO","sessionId":"rlwjPHNyG6kNuWcT7RLiz3gIRGkmcp0H","ipAddress":"41.243.11.143","createdBy":"1","ts":"2017-06-26 23:04:07","active":"1"},{"id":"5","firstName":"Henry","surname":"Bbosa","email":null,"phone":null,"userName":"henry","branchId":"11","userTypeId":"3","password":"$2y$10$m72Zz8Z.h4\/Zp6TFDhmbXeQ79kZ7JJ2U0yLUanc0dDVxbc.5UPkRG","sessionId":"0DaV2hZBaMMn6XzQMEvYLNtrk2mGfn4k","ipAddress":"160.242.144.4","createdBy":"1","ts":"2017-07-05 00:00:00","active":"1"},{"id":"6","firstName":"Edwin","surname":"Kakeeto","email":"edwin@edwin.com","phone":"0777777557","userName":"edwin","branchId":"7","userTypeId":"3","password":"$2y$10$m72Zz8Z.h4\/Zp6TFDhmbXeQ79kZ7JJ2U0yLUanc0dDVxbc.5UPkRG","sessionId":"","ipAddress":"160.242.142.203","createdBy":"3","ts":"2017-07-10 07:37:50","active":"1"},{"id":"7","firstName":"Trish","surname":"Baby","email":"patricia@gmail.com","phone":"0777777557","userName":"trish","branchId":"13","userTypeId":"3","password":"$2y$10$m72Zz8Z.h4\/Zp6TFDhmbXeQ79kZ7JJ2U0yLUanc0dDVxbc.5UPkRG","sessionId":"","ipAddress":"160.242.141.153","createdBy":null,"ts":null,"active":"1"},{"id":"8","firstName":"cedric","surname":"cedric","email":"cedric@gmail.com","phone":"+256754813912","userName":"cedric","branchId":"7","userTypeId":"3","password":"$2y$10$m72Zz8Z.h4\/Zp6TFDhmbXeQ79kZ7JJ2U0yLUanc0dDVxbc.5UPkRG","sessionId":"","ipAddress":"160.242.141.153","createdBy":null,"ts":null,"active":"1"}],"accounts":[{"id":"16","name":"KINSHASHA-USD Account","branchId":"5","currency_id":"2"},{"id":"20","name":"OASIS MALL-RMB Account","branchId":"6","currency_id":"1"},{"id":"21","name":"OASIS MALL-USD Account","branchId":"6","currency_id":"2"},{"id":"22","name":"OASIS MALL-DIRHAM Account","branchId":"6","currency_id":"3"},{"id":"23","name":"OASIS MALL-UGX Account","branchId":"6","currency_id":"4"},{"id":"24","name":"OASIS MALL-KSH Account","branchId":"6","currency_id":"5"},{"id":"27","name":"CHINA-RMB Account","branchId":"11","currency_id":"1"},{"id":"28","name":"CHINA-USD Account","branchId":"11","currency_id":"2"},{"id":"33","name":"NAIROBI-USD Account","branchId":"12","currency_id":"2"},{"id":"36","name":"NAIROBI-KSH Account","branchId":"12","currency_id":"5"},{"id":"37","name":"GOMA-USD ACCOUNT","branchId":"7","currency_id":"2"},{"id":"38","name":"KAMPALA ROAD -USD ACCOUNT","branchId":"13","currency_id":"2"},{"id":"39","name":"KAMPALA ROAD- UGX ACCOUNT ","branchId":"13","currency_id":"4"}],"currencies":[{"id":"1","name":"RMB","symbol":"\u00c2\u00a5","createdBy":"1","ts":"2017-06-27 22:45:12","active":"1"},{"id":"2","name":"USD","symbol":"$","createdBy":"1","ts":"2017-06-27 22:45:12","active":"1"},{"id":"3","name":"DIRHAM","symbol":"","createdBy":"1","ts":"2017-06-28 11:40:09","active":"1"},{"id":"4","name":"UGX","symbol":"\/=","createdBy":"1","ts":"2017-06-28 11:46:50","active":"1"},{"id":"5","name":"KSH","symbol":"","createdBy":"1","ts":"2017-06-28 11:46:50","active":"1"}],"superaccount":[{"id":"1","name":"RMB Account","branchId":"0","type_id":"4","currency_id":"1","balance":"0","createdBy":"1","active":"1","ts":"2017-06-27 22:45:12"}],"accountTypes":[{"id":"1","type":"Transfer","description":"","createdBy":"1","ts":"2017-06-28 14:31:12","active":"1"},{"id":"2","type":"Suspense","description":"","createdBy":"1","ts":"2017-06-28 14:31:12","active":"1"},{"id":"4","type":"Super","description":"","createdBy":"1","ts":"2017-06-28 14:31:12","active":"1"}],"userTypes":[{"id":"1","name":"E-Value Admin","level":"1","ts":"2017-06-27 22:45:12","active":"1"},{"id":"2","name":"Super User","level":"2","ts":"2017-06-27 22:45:12","active":"1"},{"id":"3","name":"Agent","level":"3","ts":"2017-06-27 22:45:12","active":"1"},{"id":"4","name":"System Admin","level":"4","ts":"2017-06-27 22:45:12","active":"1"}]},"success":1}
2017-07-19 12:39:10 ---- New Request ----
2017-07-19 12:39:10 Controller : Transfers
2017-07-19 12:39:10 Method : getallaccountbalancesAction
2017-07-19 12:39:10 Controller File : controllers/Transfers.class.php, Exists
2017-07-19 12:39:10 Class constructed
2017-07-19 12:39:10 Class constructed
2017-07-19 12:39:10 UserID : 2
SessionId : wIaml2eHtPK5f6vwRvWm7IWk4TIas7hd
Branch ID : 12
2017-07-19 12:39:10 SELECT SQL : SELECT sessionId FROM users WHERE  id = '2'  
2017-07-19 12:39:10 SELECT SQL : SELECT name,id FROM accounts WHERE  active = '1' AND branchId = '12'  
2017-07-19 12:39:10 SELECT SQL : SELECT name FROM branches WHERE  id = '12'  
2017-07-19 12:39:10 Response : {"success":1,"data":[{"name":"NAIROBI-USD Account","id":"33","balance":79},{"name":"NAIROBI-KSH Account","id":"36","balance":3345788}],"branchName":"NAIROBI"}
2017-07-19 12:40:06 ---- New Request ----
2017-07-19 12:40:06 Controller : Reports
2017-07-19 12:40:06 Method : gettransferlogsAction
2017-07-19 12:40:06 Controller File : controllers/Reports.class.php, Exists
2017-07-19 12:40:06 Class constructed
2017-07-19 12:40:06 Class constructed
2017-07-19 12:40:06 UserID : 2
SessionId : wIaml2eHtPK5f6vwRvWm7IWk4TIas7hd
Branch ID : 12
Date : 
Account ID : 
2017-07-19 12:40:06 SELECT SQL : SELECT sessionId,branchId,userTypeId FROM users WHERE  id = '2'  
2017-07-19 12:40:06 SELECT SQL : SELECT id,fromBranch,toBranch,amount,currency,charge,transferRef,userIdSource,userIdDestination,ts,withdrawTs,status,senderFname,senderSurname,senderPhone,senderEmail,receiverFname,receiverSurname,receiverPhone,receiverAccountNumber,destinationCountryId FROM transfers WHERE  fromBranch = '12'  OR toBranch = '12'  ORDER BY ts DESC LIMIT 20
2017-07-19 12:40:06 SELECT SQL : SELECT name FROM branches WHERE  id = '12'  
2017-07-19 12:40:06 SELECT SQL : SELECT name FROM branches WHERE  id = '0'  
2017-07-19 12:40:06 SELECT SQL : SELECT name FROM currencies WHERE  id = '1'  
2017-07-19 12:40:06 SELECT SQL : SELECT userName FROM users WHERE  id = '2'  
2017-07-19 12:40:06 SELECT SQL : SELECT userName FROM users WHERE  id = ''  
2017-07-19 12:40:06 SELECT SQL : SELECT name FROM countries WHERE  id = '5'  
2017-07-19 12:40:06 SELECT SQL : SELECT name FROM branches WHERE  id = '12'  
2017-07-19 12:40:06 SELECT SQL : SELECT name FROM branches WHERE  id = '0'  
2017-07-19 12:40:06 SELECT SQL : SELECT name FROM currencies WHERE  id = '1'  
2017-07-19 12:40:06 SELECT SQL : SELECT userName FROM users WHERE  id = '2'  
2017-07-19 12:40:06 SELECT SQL : SELECT userName FROM users WHERE  id = ''  
2017-07-19 12:40:06 SELECT SQL : SELECT name FROM countries WHERE  id = '5'  
2017-07-19 12:40:06 SELECT SQL : SELECT name FROM branches WHERE  id = '12'  
2017-07-19 12:40:06 SELECT SQL : SELECT name FROM branches WHERE  id = '0'  
2017-07-19 12:40:06 SELECT SQL : SELECT name FROM currencies WHERE  id = '1'  
2017-07-19 12:40:06 SELECT SQL : SELECT userName FROM users WHERE  id = '2'  
2017-07-19 12:40:06 SELECT SQL : SELECT userName FROM users WHERE  id = ''  
2017-07-19 12:40:06 SELECT SQL : SELECT name FROM countries WHERE  id = '5'  
2017-07-19 12:40:06 SELECT SQL : SELECT name FROM branches WHERE  id = '12'  
2017-07-19 12:40:06 Response : {"success":1,"branchName":"NAIROBI","data":[{"id":"3","fromBranch":"12","toBranch":"0","amount":"281340","currency":"RMB","charge":"1700","transferRef":"0120523","userIdSource":"2","userIdDestination":null,"ts":"2017-07-19 09:24:19","withdrawTs":null,"status":"Pending","senderFname":"","senderSurname":"Lu","senderPhone":"+254721472501","senderEmail":"","receiverFname":"Hong","receiverSurname":"Xian","receiverPhone":"+254721472501","receiverAccountNumber":"6217004229998141175","destinationCountryId":"5","fromBranchName":"NAIROBI","toBranchName":null,"agentSource":"dorah","agentDestination":null,"destinationCountry":null},{"id":"2","fromBranch":"12","toBranch":"0","amount":"398300","currency":"RMB","charge":"1700","transferRef":"0120522","userIdSource":"2","userIdDestination":null,"ts":"2017-07-19 07:59:23","withdrawTs":null,"status":"Pending","senderFname":"","senderSurname":"Wu","senderPhone":"+254713072228","senderEmail":"","receiverFname":"Shuai","receiverSurname":"Shao","receiverPhone":"+254713072228","receiverAccountNumber":"6217850100001899163","destinationCountryId":"5","fromBranchName":"NAIROBI","toBranchName":null,"agentSource":"dorah","agentDestination":null,"destinationCountry":null},{"id":"1","fromBranch":"12","toBranch":"0","amount":"2657100","currency":"RMB","charge":"1700","transferRef":"0120521","userIdSource":"2","userIdDestination":null,"ts":"2017-07-19 07:33:59","withdrawTs":null,"status":"Pending","senderFname":"","senderSurname":"Vincent","senderPhone":"+254731325666","senderEmail":"","receiverFname":"Xiong","receiverSurname":"Tao","receiverPhone":"+254731325666","receiverAccountNumber":"6222022319000895880","destinationCountryId":"5","fromBranchName":"NAIROBI","toBranchName":null,"agentSource":"dorah","agentDestination":null,"destinationCountry":null}]}
2017-07-19 12:40:07 ---- New Request ----
2017-07-19 12:40:07 Controller : Transfers
2017-07-19 12:40:07 Method : getallaccountbalancesAction
2017-07-19 12:40:07 Controller File : controllers/Transfers.class.php, Exists
2017-07-19 12:40:07 Class constructed
2017-07-19 12:40:07 Class constructed
2017-07-19 12:40:07 UserID : 2
SessionId : wIaml2eHtPK5f6vwRvWm7IWk4TIas7hd
Branch ID : 12
2017-07-19 12:40:07 SELECT SQL : SELECT sessionId FROM users WHERE  id = '2'  
2017-07-19 12:40:07 SELECT SQL : SELECT name,id FROM accounts WHERE  active = '1' AND branchId = '12'  
2017-07-19 12:40:07 SELECT SQL : SELECT name FROM branches WHERE  id = '12'  
2017-07-19 12:40:07 Response : {"success":1,"data":[{"name":"NAIROBI-USD Account","id":"33","balance":79},{"name":"NAIROBI-KSH Account","id":"36","balance":3345788}],"branchName":"NAIROBI"}
2017-07-19 12:40:09 ---- New Request ----
2017-07-19 12:40:09 Controller : Reports
2017-07-19 12:40:09 Method : gettransferlogsAction
2017-07-19 12:40:09 Controller File : controllers/Reports.class.php, Exists
2017-07-19 12:40:09 Class constructed
2017-07-19 12:40:09 Class constructed
2017-07-19 12:40:09 UserID : 2
SessionId : wIaml2eHtPK5f6vwRvWm7IWk4TIas7hd
Branch ID : 12
Date : 
Account ID : 
2017-07-19 12:40:09 SELECT SQL : SELECT sessionId,branchId,userTypeId FROM users WHERE  id = '2'  
2017-07-19 12:40:09 SELECT SQL : SELECT id,fromBranch,toBranch,amount,currency,charge,transferRef,userIdSource,userIdDestination,ts,withdrawTs,status,senderFname,senderSurname,senderPhone,senderEmail,receiverFname,receiverSurname,receiverPhone,receiverAccountNumber,destinationCountryId FROM transfers WHERE  fromBranch = '12'  OR toBranch = '12'  ORDER BY ts DESC LIMIT 20
2017-07-19 12:40:09 SELECT SQL : SELECT name FROM branches WHERE  id = '12'  
2017-07-19 12:40:09 SELECT SQL : SELECT name FROM branches WHERE  id = '0'  
2017-07-19 12:40:09 SELECT SQL : SELECT name FROM currencies WHERE  id = '1'  
2017-07-19 12:40:09 SELECT SQL : SELECT userName FROM users WHERE  id = '2'  
2017-07-19 12:40:09 SELECT SQL : SELECT userName FROM users WHERE  id = ''  
2017-07-19 12:40:09 SELECT SQL : SELECT name FROM countries WHERE  id = '5'  
2017-07-19 12:40:09 SELECT SQL : SELECT name FROM branches WHERE  id = '12'  
2017-07-19 12:40:09 SELECT SQL : SELECT name FROM branches WHERE  id = '0'  
2017-07-19 12:40:09 SELECT SQL : SELECT name FROM currencies WHERE  id = '1'  
2017-07-19 12:40:09 SELECT SQL : SELECT userName FROM users WHERE  id = '2'  
2017-07-19 12:40:09 SELECT SQL : SELECT userName FROM users WHERE  id = ''  
2017-07-19 12:40:09 SELECT SQL : SELECT name FROM countries WHERE  id = '5'  
2017-07-19 12:40:09 SELECT SQL : SELECT name FROM branches WHERE  id = '12'  
2017-07-19 12:40:09 SELECT SQL : SELECT name FROM branches WHERE  id = '0'  
2017-07-19 12:40:09 SELECT SQL : SELECT name FROM currencies WHERE  id = '1'  
2017-07-19 12:40:09 SELECT SQL : SELECT userName FROM users WHERE  id = '2'  
2017-07-19 12:40:09 SELECT SQL : SELECT userName FROM users WHERE  id = ''  
2017-07-19 12:40:09 SELECT SQL : SELECT name FROM countries WHERE  id = '5'  
2017-07-19 12:40:09 SELECT SQL : SELECT name FROM branches WHERE  id = '12'  
2017-07-19 12:40:09 Response : {"success":1,"branchName":"NAIROBI","data":[{"id":"3","fromBranch":"12","toBranch":"0","amount":"281340","currency":"RMB","charge":"1700","transferRef":"0120523","userIdSource":"2","userIdDestination":null,"ts":"2017-07-19 09:24:19","withdrawTs":null,"status":"Pending","senderFname":"","senderSurname":"Lu","senderPhone":"+254721472501","senderEmail":"","receiverFname":"Hong","receiverSurname":"Xian","receiverPhone":"+254721472501","receiverAccountNumber":"6217004229998141175","destinationCountryId":"5","fromBranchName":"NAIROBI","toBranchName":null,"agentSource":"dorah","agentDestination":null,"destinationCountry":null},{"id":"2","fromBranch":"12","toBranch":"0","amount":"398300","currency":"RMB","charge":"1700","transferRef":"0120522","userIdSource":"2","userIdDestination":null,"ts":"2017-07-19 07:59:23","withdrawTs":null,"status":"Pending","senderFname":"","senderSurname":"Wu","senderPhone":"+254713072228","senderEmail":"","receiverFname":"Shuai","receiverSurname":"Shao","receiverPhone":"+254713072228","receiverAccountNumber":"6217850100001899163","destinationCountryId":"5","fromBranchName":"NAIROBI","toBranchName":null,"agentSource":"dorah","agentDestination":null,"destinationCountry":null},{"id":"1","fromBranch":"12","toBranch":"0","amount":"2657100","currency":"RMB","charge":"1700","transferRef":"0120521","userIdSource":"2","userIdDestination":null,"ts":"2017-07-19 07:33:59","withdrawTs":null,"status":"Pending","senderFname":"","senderSurname":"Vincent","senderPhone":"+254731325666","senderEmail":"","receiverFname":"Xiong","receiverSurname":"Tao","receiverPhone":"+254731325666","receiverAccountNumber":"6222022319000895880","destinationCountryId":"5","fromBranchName":"NAIROBI","toBranchName":null,"agentSource":"dorah","agentDestination":null,"destinationCountry":null}]}
2017-07-19 12:40:18 ---- New Request ----
2017-07-19 12:40:18 Controller : Transfers
2017-07-19 12:40:18 Method : getallaccountbalancesAction
2017-07-19 12:40:18 Controller File : controllers/Transfers.class.php, Exists
2017-07-19 12:40:18 Class constructed
2017-07-19 12:40:18 Class constructed
2017-07-19 12:40:18 UserID : 2
SessionId : wIaml2eHtPK5f6vwRvWm7IWk4TIas7hd
Branch ID : 12
2017-07-19 12:40:18 SELECT SQL : SELECT sessionId FROM users WHERE  id = '2'  
2017-07-19 12:40:18 SELECT SQL : SELECT name,id FROM accounts WHERE  active = '1' AND branchId = '12'  
2017-07-19 12:40:18 SELECT SQL : SELECT name FROM branches WHERE  id = '12'  
2017-07-19 12:40:18 Response : {"success":1,"data":[{"name":"NAIROBI-USD Account","id":"33","balance":79},{"name":"NAIROBI-KSH Account","id":"36","balance":3345788}],"branchName":"NAIROBI"}
2017-07-19 12:45:17 ---- New Request ----
2017-07-19 12:45:17 Controller : Transfers
2017-07-19 12:45:17 Method : createtransferAction
2017-07-19 12:45:17 Controller File : controllers/Transfers.class.php, Exists
2017-07-19 12:45:17 Class constructed
2017-07-19 12:45:17 Class constructed
2017-07-19 12:45:17 Transfer Creation Params ;Amount :208660\currencyid : 1
Country : 5
Charge : 0
sfname : 
ssurname : Lu
Account Number : 6226901405767348
semail : 
sphone : +254721472501
sidtype : 0
sid : 0
rfname : Xian
rsurname : Hong
remail : 
rphone : +254721472501
Receiver Branch : 0
passcode : ******
password : ******
userid : 2
sessionid : wIaml2eHtPK5f6vwRvWm7IWk4TIas7hd
Exchange Rate : 15.63
AmountAfterXchange : 13349.968010236724
Charge Currency : 2017-07-19 12:45:17 SELECT SQL : SELECT * FROM settings WHERE  name = 'SuspenseAccount'  
2017-07-19 12:45:17 SELECT SQL : SELECT * FROM settings WHERE  name = 'ToChinaAccount'  
2017-07-19 12:45:17 SELECT SQL : SELECT * FROM users WHERE  id = '2'  
2017-07-19 12:45:18 INSERT SQL : INSERT INTO transfers  (ts,userIdSource,amount,currency,destinationCountryId,toBranch,senderFname,senderSurname,senderEmail,senderPhone,senderIdType,senderId,receiverFname,receiverSurname,receiverEmail,receiverPhone,receiverAccountNumber,fromBranch,passcode,status,sourceIpAddress)  VALUES(NOW(),'2','208660','1','5','0','','Lu','','+254721472501','0','0','Xian','Hong','','+254721472501','6226901405767348','12','$2y$10$MemWqbE1OrE/I2xr7rGNlevQyW2g78WorBAFIEKRZWnwoS8bBAQLW','Pending','105.230.170.78')
2017-07-19 12:45:18 SELECT SQL : SELECT id,transferRef FROM transfers WHERE  id = '4'  
2017-07-19 12:45:18 INSERT SQL : INSERT INTO audit_trails  (ts,userId,tableName,recordId,field,oldValue,newValue)  VALUES(NOW(),'2','transfers','4','transferRef','','0120524')
2017-07-19 12:45:18 audit_trails Insert ID : 127
2017-07-19 12:45:18 UPDATE SQL : UPDATE transfers SET transferRef = '0120524' WHERE  id = '4' 
2017-07-19 12:45:18 SELECT SQL : SELECT id FROM accounts WHERE  branchId = '12' AND currency_id = '5'  
2017-07-19 12:45:18 INSERT SQL : INSERT INTO account_transfers  (ts,amountAfterXchange,amountB4Xchange,currencyB4Xchange,currencyAfterXchange,exchangeRate,type,amount,charge,fromId,toId,transferRef,userId)  VALUES(NOW(),'13349.968010236724','208660','5','1','15.63','transfer','208660','0','26','36','0120524','2')
2017-07-19 12:45:18 Balance Update Params :
Branch Id : 12
Account ID : 36
Amount : 208660
2017-07-19 12:45:18 SELECT SQL : SELECT * FROM balances WHERE  branchId = '12' AND accountId = '36'  
2017-07-19 12:45:18 SELECT SQL : SELECT * FROM balances WHERE  branchId = '12' AND accountId = '36' AND date = '2017-07-19'  
2017-07-19 12:45:18 UPDATE SQL : UPDATE balances SET closingBalance = '3554448' WHERE  branchId = '12' AND accountId = '36' AND date = '2017-07-19' 
2017-07-19 12:45:18 Balance Update Status 2:1
 2017-07-19 12:45:18 Balance Update Params :
Branch Id : 0
Account ID : 26
Amount : -208660
2017-07-19 12:45:18 SELECT SQL : SELECT * FROM balances WHERE  branchId = '0' AND accountId = '26'  
2017-07-19 12:45:18 SELECT SQL : SELECT * FROM balances WHERE  branchId = '0' AND accountId = '26' AND date = '2017-07-19'  
2017-07-19 12:45:18 UPDATE SQL : UPDATE balances SET closingBalance = '-3545400' WHERE  branchId = '0' AND accountId = '26' AND date = '2017-07-19' 
2017-07-19 12:45:18 Balance Update Status 2:1
 2017-07-19 12:45:18 SELECT SQL : SELECT id FROM accounts WHERE  branchId = '12' AND currency_id = ''  
2017-07-19 12:45:18 Balance Update Params :
Branch Id : 12
Account ID : 0
Amount : 0
2017-07-19 12:45:18 SELECT SQL : SELECT * FROM balances WHERE  branchId = '12' AND accountId = '0'  
2017-07-19 12:45:18 SELECT SQL : SELECT * FROM transfers WHERE  fromBranch = '12'  OR toBranch = '12'  OR destinationCountryId = '5'  
2017-07-19 12:45:18 Response : {"success":1,"data":"0120524"}
2017-07-19 12:45:46 ---- New Request ----
2017-07-19 12:45:46 Controller : Users
2017-07-19 12:45:46 Method : logoutAction
2017-07-19 12:45:46 Controller File : controllers/Users.class.php, Exists
2017-07-19 12:45:46 Class constructed
2017-07-19 12:45:46 Logout Params ;Session ID :wIaml2eHtPK5f6vwRvWm7IWk4TIas7hd\User ID : 2
2017-07-19 12:45:46 UPDATE SQL : UPDATE users SET sessionId = '',ipAddress = '105.230.170.78' WHERE  id = '2' 
2017-07-19 12:45:46 Response : {"success":1}
2017-07-19 12:46:10 ---- New Request ----
2017-07-19 12:46:10 Controller : Users
2017-07-19 12:46:10 Method : loginAction
2017-07-19 12:46:10 Controller File : controllers/Users.class.php, Exists
2017-07-19 12:46:10 Class constructed
2017-07-19 12:46:10 Login Params ;Username :dorah
Password : ******
2017-07-19 12:46:10 SELECT SQL : SELECT id,firstName,surname,userName,userTypeId,sessionId,password,active,branchId FROM users WHERE  userName = 'dorah'  
2017-07-19 12:46:11 SELECT SQL : SELECT name FROM branches WHERE  id = '12'  
2017-07-19 12:46:11 UPDATE SQL : UPDATE users SET sessionId = '4dzfFaUcFPAVwphRMyoHJeSU6XCEzBKh',ipAddress = '105.230.170.78' WHERE  id = '2' 
2017-07-19 12:46:11 Response : {"success":1,"data":{"id":"2","firstName":"Nansubuga","surname":"Dorothy","userName":"dorah","userTypeId":"3","sessionId":"4dzfFaUcFPAVwphRMyoHJeSU6XCEzBKh","branchId":"12","branchName":"NAIROBI"}}
2017-07-19 12:46:13 ---- New Request ----
2017-07-19 12:46:13 Controller : Users
2017-07-19 12:46:13 Method : formsdetailsAction
2017-07-19 12:46:13 Controller File : controllers/Users.class.php, Exists
2017-07-19 12:46:13 Class constructed
2017-07-19 12:46:13 Details Params :
SessionID :4dzfFaUcFPAVwphRMyoHJeSU6XCEzBKh
User ID : 2
2017-07-19 12:46:13 SELECT SQL : SELECT * FROM branches WHERE  active = '1'  
2017-07-19 12:46:13 SELECT SQL : SELECT * FROM countries WHERE  active = '1'  
2017-07-19 12:46:13 SELECT SQL : SELECT * FROM identification WHERE  active = '1'  
2017-07-19 12:46:13 SELECT SQL : SELECT * FROM users WHERE  active = '1'  
2017-07-19 12:46:13 SELECT SQL : SELECT id,name,branchId,currency_id FROM accounts WHERE  active = '1' AND type_id = '1'  
2017-07-19 12:46:13 Balance Update Params :
Branch Id : 5
Account ID : 16
Amount : 0
2017-07-19 12:46:13 SELECT SQL : SELECT * FROM balances WHERE  branchId = '5' AND accountId = '16'  
2017-07-19 12:46:13 SELECT SQL : SELECT * FROM balances WHERE  branchId = '5' AND accountId = '16' AND date = '2017-07-19'  
2017-07-19 12:46:13 UPDATE SQL : UPDATE balances SET closingBalance = '293496' WHERE  branchId = '5' AND accountId = '16' AND date = '2017-07-19' 
2017-07-19 12:46:13 Balance Update Status 2:1
 2017-07-19 12:46:13 Balance Update Params :
Branch Id : 6
Account ID : 20
Amount : 0
2017-07-19 12:46:13 SELECT SQL : SELECT * FROM balances WHERE  branchId = '6' AND accountId = '20'  
2017-07-19 12:46:13 Balance Update Params :
Branch Id : 6
Account ID : 21
Amount : 0
2017-07-19 12:46:13 SELECT SQL : SELECT * FROM balances WHERE  branchId = '6' AND accountId = '21'  
2017-07-19 12:46:13 SELECT SQL : SELECT * FROM balances WHERE  branchId = '6' AND accountId = '21' AND date = '2017-07-19'  
2017-07-19 12:46:13 UPDATE SQL : UPDATE balances SET closingBalance = '58899' WHERE  branchId = '6' AND accountId = '21' AND date = '2017-07-19' 
2017-07-19 12:46:13 Balance Update Status 2:1
 2017-07-19 12:46:13 Balance Update Params :
Branch Id : 6
Account ID : 22
Amount : 0
2017-07-19 12:46:13 SELECT SQL : SELECT * FROM balances WHERE  branchId = '6' AND accountId = '22'  
2017-07-19 12:46:13 Balance Update Params :
Branch Id : 6
Account ID : 23
Amount : 0
2017-07-19 12:46:13 SELECT SQL : SELECT * FROM balances WHERE  branchId = '6' AND accountId = '23'  
2017-07-19 12:46:13 SELECT SQL : SELECT * FROM balances WHERE  branchId = '6' AND accountId = '23' AND date = '2017-07-19'  
2017-07-19 12:46:13 UPDATE SQL : UPDATE balances SET closingBalance = '82342518' WHERE  branchId = '6' AND accountId = '23' AND date = '2017-07-19' 
2017-07-19 12:46:13 Balance Update Status 2:1
 2017-07-19 12:46:13 Balance Update Params :
Branch Id : 6
Account ID : 24
Amount : 0
2017-07-19 12:46:13 SELECT SQL : SELECT * FROM balances WHERE  branchId = '6' AND accountId = '24'  
2017-07-19 12:46:13 Balance Update Params :
Branch Id : 11
Account ID : 27
Amount : 0
2017-07-19 12:46:13 SELECT SQL : SELECT * FROM balances WHERE  branchId = '11' AND accountId = '27'  
2017-07-19 12:46:13 Balance Update Params :
Branch Id : 11
Account ID : 28
Amount : 0
2017-07-19 12:46:13 SELECT SQL : SELECT * FROM balances WHERE  branchId = '11' AND accountId = '28'  
2017-07-19 12:46:13 Balance Update Params :
Branch Id : 12
Account ID : 33
Amount : 0
2017-07-19 12:46:13 SELECT SQL : SELECT * FROM balances WHERE  branchId = '12' AND accountId = '33'  
2017-07-19 12:46:13 SELECT SQL : SELECT * FROM balances WHERE  branchId = '12' AND accountId = '33' AND date = '2017-07-19'  
2017-07-19 12:46:13 UPDATE SQL : UPDATE balances SET closingBalance = '79' WHERE  branchId = '12' AND accountId = '33' AND date = '2017-07-19' 
2017-07-19 12:46:13 Balance Update Status 2:1
 2017-07-19 12:46:13 Balance Update Params :
Branch Id : 12
Account ID : 36
Amount : 0
2017-07-19 12:46:13 SELECT SQL : SELECT * FROM balances WHERE  branchId = '12' AND accountId = '36'  
2017-07-19 12:46:13 SELECT SQL : SELECT * FROM balances WHERE  branchId = '12' AND accountId = '36' AND date = '2017-07-19'  
2017-07-19 12:46:13 UPDATE SQL : UPDATE balances SET closingBalance = '3554448' WHERE  branchId = '12' AND accountId = '36' AND date = '2017-07-19' 
2017-07-19 12:46:13 Balance Update Status 2:1
 2017-07-19 12:46:13 Balance Update Params :
Branch Id : 7
Account ID : 37
Amount : 0
2017-07-19 12:46:13 SELECT SQL : SELECT * FROM balances WHERE  branchId = '7' AND accountId = '37'  
2017-07-19 12:46:13 SELECT SQL : SELECT * FROM balances WHERE  branchId = '7' AND accountId = '37' AND date = '2017-07-19'  
2017-07-19 12:46:13 UPDATE SQL : UPDATE balances SET closingBalance = '47450' WHERE  branchId = '7' AND accountId = '37' AND date = '2017-07-19' 
2017-07-19 12:46:13 Balance Update Status 2:1
 2017-07-19 12:46:13 Balance Update Params :
Branch Id : 13
Account ID : 38
Amount : 0
2017-07-19 12:46:13 SELECT SQL : SELECT * FROM balances WHERE  branchId = '13' AND accountId = '38'  
2017-07-19 12:46:13 SELECT SQL : SELECT * FROM balances WHERE  branchId = '13' AND accountId = '38' AND date = '2017-07-19'  
2017-07-19 12:46:13 UPDATE SQL : UPDATE balances SET closingBalance = '2700' WHERE  branchId = '13' AND accountId = '38' AND date = '2017-07-19' 
2017-07-19 12:46:13 Balance Update Status 2:1
 2017-07-19 12:46:13 Balance Update Params :
Branch Id : 13
Account ID : 39
Amount : 0
2017-07-19 12:46:13 SELECT SQL : SELECT * FROM balances WHERE  branchId = '13' AND accountId = '39'  
2017-07-19 12:46:13 SELECT SQL : SELECT * FROM currencies WHERE  active = '1'  
2017-07-19 12:46:13 SELECT SQL : SELECT * FROM accounts WHERE  active = '1' AND type_id = '4'  
2017-07-19 12:46:13 SELECT SQL : SELECT * FROM account_types WHERE  active = '1'  
2017-07-19 12:46:13 SELECT SQL : SELECT * FROM user_types WHERE  active = '1'  
2017-07-19 12:46:13 Response : {"data":{"branches":[{"id":"5","name":"KINSHASHA","countryId":"4","location":"Patrice Avenue","supervisorId":"3","createdBy":"4","ts":"2017-06-30 00:06:55","active":"1"},{"id":"6","name":"OASIS MALL","countryId":"1","location":"Yusufu Lule Rd","supervisorId":"3","createdBy":"2","ts":"2017-06-30 00:12:08","active":"1"},{"id":"7","name":"GOMA","countryId":"4","location":"Goma","supervisorId":"3","createdBy":"1","ts":"2017-07-05 00:00:00","active":"1"},{"id":"9","name":"MOMBASA","countryId":"2","location":"Mombasa","supervisorId":"3","createdBy":"1","ts":"2017-07-05 00:00:00","active":"1"},{"id":"10","name":"DUBAI","countryId":"6","location":"Dubai","supervisorId":"3","createdBy":"1","ts":"2017-07-05 00:00:00","active":"1"},{"id":"11","name":"CHINA","countryId":"5","location":"China","supervisorId":"3","createdBy":"3","ts":"2017-07-05 13:23:17","active":"1"},{"id":"12","name":"NAIROBI","countryId":"2","location":"Nairobi","supervisorId":"3","createdBy":"3","ts":"2017-07-06 14:12:35","active":"1"},{"id":"13","name":"KAMPALA ROAD","countryId":"1","location":"kampala road","supervisorId":"3","createdBy":"3","ts":"2017-07-06 14:12:35","active":"1"}],"countries":[{"id":"1","name":"UGANDA","createdBy":"1","ts":"2017-06-25 23:13:31","active":"1"},{"id":"2","name":"KENYA","createdBy":"1","ts":"2017-06-26 09:02:45","active":"1"},{"id":"3","name":"TZ","createdBy":"1","ts":"2017-06-28 11:11:53","active":"1"},{"id":"4","name":"CONGO","createdBy":"1","ts":"2017-06-28 11:26:11","active":"1"},{"id":"5","name":"CHINA","createdBy":"1","ts":"2017-06-28 11:30:01","active":"1"},{"id":"6","name":"UAE","createdBy":"1","ts":"2017-07-05 00:00:00","active":"1"}],"ids":[[{"id":"1","name":"Passport","createdBy":"1","ts":"2017-06-28 14:00:01","active":"1"},{"id":"2","name":"National ID","createdBy":"1","ts":"2017-06-28 14:00:01","active":"1"},{"id":"3","name":"STUDENTS ID","createdBy":"1","ts":"2017-06-28 16:21:46","active":"1"}]],"users":[{"id":"1","firstName":"You","surname":"Jinshu","email":"hudsonbogere@swipeit.co.ug","phone":"256783131266","userName":"you","branchId":"0","userTypeId":"1","password":"$2y$10$pPGbhJ1RXx\/ug.ED3LnsQuKHJTqwYsa\/iF0OqGOgsjflkHKIDTLVq","sessionId":"KSTms8GEe36Gy41kXds63LMk2kJjROlO","ipAddress":"41.210.145.81","createdBy":null,"ts":"2017-06-23 15:08:12","active":"1"},{"id":"2","firstName":"Nansubuga","surname":"Dorothy","email":"henry@gmail.com","phone":"256752284441","userName":"dorah","branchId":"12","userTypeId":"3","password":"$2y$10$F9t92sYKf2rDJ.JzCmrrT.Jt1Ix37Fuo.uZKpXPn69dgDUTZ8xLXi","sessionId":"4dzfFaUcFPAVwphRMyoHJeSU6XCEzBKh","ipAddress":"105.230.170.78","createdBy":"1","ts":"2017-06-26 19:11:07","active":"1"},{"id":"3","firstName":"Lydia","surname":"Amoi","email":"islam@gmail.com","phone":"256777608310","userName":"lydia","branchId":"6","userTypeId":"2","password":"$2y$10$m72Zz8Z.h4\/Zp6TFDhmbXeQ79kZ7JJ2U0yLUanc0dDVxbc.5UPkRG","sessionId":"fhVs8keNBmfghvH4EBTDMqycFvGklLVi","ipAddress":"160.242.144.4","createdBy":"1","ts":"2017-06-26 19:41:01","active":"1"},{"id":"4","firstName":"Nabukera","surname":"Maria","email":"banerd@tfb.com","phone":"256774457813","userName":"maria","branchId":"5","userTypeId":"3","password":"$2y$10$wTpUE\/WJFMfQaBglrQocTO9ndV6dbxL2vzFDEJZ1hpVVp4binpXGO","sessionId":"rlwjPHNyG6kNuWcT7RLiz3gIRGkmcp0H","ipAddress":"41.243.11.143","createdBy":"1","ts":"2017-06-26 23:04:07","active":"1"},{"id":"5","firstName":"Henry","surname":"Bbosa","email":null,"phone":null,"userName":"henry","branchId":"11","userTypeId":"3","password":"$2y$10$m72Zz8Z.h4\/Zp6TFDhmbXeQ79kZ7JJ2U0yLUanc0dDVxbc.5UPkRG","sessionId":"0DaV2hZBaMMn6XzQMEvYLNtrk2mGfn4k","ipAddress":"160.242.144.4","createdBy":"1","ts":"2017-07-05 00:00:00","active":"1"},{"id":"6","firstName":"Edwin","surname":"Kakeeto","email":"edwin@edwin.com","phone":"0777777557","userName":"edwin","branchId":"7","userTypeId":"3","password":"$2y$10$m72Zz8Z.h4\/Zp6TFDhmbXeQ79kZ7JJ2U0yLUanc0dDVxbc.5UPkRG","sessionId":"","ipAddress":"160.242.142.203","createdBy":"3","ts":"2017-07-10 07:37:50","active":"1"},{"id":"7","firstName":"Trish","surname":"Baby","email":"patricia@gmail.com","phone":"0777777557","userName":"trish","branchId":"13","userTypeId":"3","password":"$2y$10$m72Zz8Z.h4\/Zp6TFDhmbXeQ79kZ7JJ2U0yLUanc0dDVxbc.5UPkRG","sessionId":"","ipAddress":"160.242.141.153","createdBy":null,"ts":null,"active":"1"},{"id":"8","firstName":"cedric","surname":"cedric","email":"cedric@gmail.com","phone":"+256754813912","userName":"cedric","branchId":"7","userTypeId":"3","password":"$2y$10$m72Zz8Z.h4\/Zp6TFDhmbXeQ79kZ7JJ2U0yLUanc0dDVxbc.5UPkRG","sessionId":"","ipAddress":"160.242.141.153","createdBy":null,"ts":null,"active":"1"}],"accounts":[{"id":"16","name":"KINSHASHA-USD Account","branchId":"5","currency_id":"2"},{"id":"20","name":"OASIS MALL-RMB Account","branchId":"6","currency_id":"1"},{"id":"21","name":"OASIS MALL-USD Account","branchId":"6","currency_id":"2"},{"id":"22","name":"OASIS MALL-DIRHAM Account","branchId":"6","currency_id":"3"},{"id":"23","name":"OASIS MALL-UGX Account","branchId":"6","currency_id":"4"},{"id":"24","name":"OASIS MALL-KSH Account","branchId":"6","currency_id":"5"},{"id":"27","name":"CHINA-RMB Account","branchId":"11","currency_id":"1"},{"id":"28","name":"CHINA-USD Account","branchId":"11","currency_id":"2"},{"id":"33","name":"NAIROBI-USD Account","branchId":"12","currency_id":"2"},{"id":"36","name":"NAIROBI-KSH Account","branchId":"12","currency_id":"5"},{"id":"37","name":"GOMA-USD ACCOUNT","branchId":"7","currency_id":"2"},{"id":"38","name":"KAMPALA ROAD -USD ACCOUNT","branchId":"13","currency_id":"2"},{"id":"39","name":"KAMPALA ROAD- UGX ACCOUNT ","branchId":"13","currency_id":"4"}],"currencies":[{"id":"1","name":"RMB","symbol":"\u00c2\u00a5","createdBy":"1","ts":"2017-06-27 22:45:12","active":"1"},{"id":"2","name":"USD","symbol":"$","createdBy":"1","ts":"2017-06-27 22:45:12","active":"1"},{"id":"3","name":"DIRHAM","symbol":"","createdBy":"1","ts":"2017-06-28 11:40:09","active":"1"},{"id":"4","name":"UGX","symbol":"\/=","createdBy":"1","ts":"2017-06-28 11:46:50","active":"1"},{"id":"5","name":"KSH","symbol":"","createdBy":"1","ts":"2017-06-28 11:46:50","active":"1"}],"superaccount":[{"id":"1","name":"RMB Account","branchId":"0","type_id":"4","currency_id":"1","balance":"0","createdBy":"1","active":"1","ts":"2017-06-27 22:45:12"}],"accountTypes":[{"id":"1","type":"Transfer","description":"","createdBy":"1","ts":"2017-06-28 14:31:12","active":"1"},{"id":"2","type":"Suspense","description":"","createdBy":"1","ts":"2017-06-28 14:31:12","active":"1"},{"id":"4","type":"Super","description":"","createdBy":"1","ts":"2017-06-28 14:31:12","active":"1"}],"userTypes":[{"id":"1","name":"E-Value Admin","level":"1","ts":"2017-06-27 22:45:12","active":"1"},{"id":"2","name":"Super User","level":"2","ts":"2017-06-27 22:45:12","active":"1"},{"id":"3","name":"Agent","level":"3","ts":"2017-06-27 22:45:12","active":"1"},{"id":"4","name":"System Admin","level":"4","ts":"2017-06-27 22:45:12","active":"1"}]},"success":1}
2017-07-19 12:46:51 ---- New Request ----
2017-07-19 12:46:51 Controller : Users
2017-07-19 12:46:51 Method : formsdetailsAction
2017-07-19 12:46:51 Controller File : controllers/Users.class.php, Exists
2017-07-19 12:46:51 Class constructed
2017-07-19 12:46:51 Details Params :
SessionID :4dzfFaUcFPAVwphRMyoHJeSU6XCEzBKh
User ID : 2
2017-07-19 12:46:51 SELECT SQL : SELECT * FROM branches WHERE  active = '1'  
2017-07-19 12:46:51 SELECT SQL : SELECT * FROM countries WHERE  active = '1'  
2017-07-19 12:46:51 SELECT SQL : SELECT * FROM identification WHERE  active = '1'  
2017-07-19 12:46:51 SELECT SQL : SELECT * FROM users WHERE  active = '1'  
2017-07-19 12:46:51 SELECT SQL : SELECT id,name,branchId,currency_id FROM accounts WHERE  active = '1' AND type_id = '1'  
2017-07-19 12:46:51 Balance Update Params :
Branch Id : 5
Account ID : 16
Amount : 0
2017-07-19 12:46:51 SELECT SQL : SELECT * FROM balances WHERE  branchId = '5' AND accountId = '16'  
2017-07-19 12:46:51 SELECT SQL : SELECT * FROM balances WHERE  branchId = '5' AND accountId = '16' AND date = '2017-07-19'  
2017-07-19 12:46:51 UPDATE SQL : UPDATE balances SET closingBalance = '293496' WHERE  branchId = '5' AND accountId = '16' AND date = '2017-07-19' 
2017-07-19 12:46:51 Balance Update Status 2:1
 2017-07-19 12:46:51 Balance Update Params :
Branch Id : 6
Account ID : 20
Amount : 0
2017-07-19 12:46:51 SELECT SQL : SELECT * FROM balances WHERE  branchId = '6' AND accountId = '20'  
2017-07-19 12:46:51 Balance Update Params :
Branch Id : 6
Account ID : 21
Amount : 0
2017-07-19 12:46:51 SELECT SQL : SELECT * FROM balances WHERE  branchId = '6' AND accountId = '21'  
2017-07-19 12:46:51 SELECT SQL : SELECT * FROM balances WHERE  branchId = '6' AND accountId = '21' AND date = '2017-07-19'  
2017-07-19 12:46:51 UPDATE SQL : UPDATE balances SET closingBalance = '58899' WHERE  branchId = '6' AND accountId = '21' AND date = '2017-07-19' 
2017-07-19 12:46:51 Balance Update Status 2:1
 2017-07-19 12:46:51 Balance Update Params :
Branch Id : 6
Account ID : 22
Amount : 0
2017-07-19 12:46:51 SELECT SQL : SELECT * FROM balances WHERE  branchId = '6' AND accountId = '22'  
2017-07-19 12:46:51 Balance Update Params :
Branch Id : 6
Account ID : 23
Amount : 0
2017-07-19 12:46:51 SELECT SQL : SELECT * FROM balances WHERE  branchId = '6' AND accountId = '23'  
2017-07-19 12:46:51 SELECT SQL : SELECT * FROM balances WHERE  branchId = '6' AND accountId = '23' AND date = '2017-07-19'  
2017-07-19 12:46:51 UPDATE SQL : UPDATE balances SET closingBalance = '82342518' WHERE  branchId = '6' AND accountId = '23' AND date = '2017-07-19' 
2017-07-19 12:46:51 Balance Update Status 2:1
 2017-07-19 12:46:51 Balance Update Params :
Branch Id : 6
Account ID : 24
Amount : 0
2017-07-19 12:46:51 SELECT SQL : SELECT * FROM balances WHERE  branchId = '6' AND accountId = '24'  
2017-07-19 12:46:51 Balance Update Params :
Branch Id : 11
Account ID : 27
Amount : 0
2017-07-19 12:46:51 SELECT SQL : SELECT * FROM balances WHERE  branchId = '11' AND accountId = '27'  
2017-07-19 12:46:51 Balance Update Params :
Branch Id : 11
Account ID : 28
Amount : 0
2017-07-19 12:46:51 SELECT SQL : SELECT * FROM balances WHERE  branchId = '11' AND accountId = '28'  
2017-07-19 12:46:51 Balance Update Params :
Branch Id : 12
Account ID : 33
Amount : 0
2017-07-19 12:46:51 SELECT SQL : SELECT * FROM balances WHERE  branchId = '12' AND accountId = '33'  
2017-07-19 12:46:51 SELECT SQL : SELECT * FROM balances WHERE  branchId = '12' AND accountId = '33' AND date = '2017-07-19'  
2017-07-19 12:46:51 UPDATE SQL : UPDATE balances SET closingBalance = '79' WHERE  branchId = '12' AND accountId = '33' AND date = '2017-07-19' 
2017-07-19 12:46:51 Balance Update Status 2:1
 2017-07-19 12:46:51 Balance Update Params :
Branch Id : 12
Account ID : 36
Amount : 0
2017-07-19 12:46:51 SELECT SQL : SELECT * FROM balances WHERE  branchId = '12' AND accountId = '36'  
2017-07-19 12:46:51 SELECT SQL : SELECT * FROM balances WHERE  branchId = '12' AND accountId = '36' AND date = '2017-07-19'  
2017-07-19 12:46:51 UPDATE SQL : UPDATE balances SET closingBalance = '3554448' WHERE  branchId = '12' AND accountId = '36' AND date = '2017-07-19' 
2017-07-19 12:46:51 Balance Update Status 2:1
 2017-07-19 12:46:51 Balance Update Params :
Branch Id : 7
Account ID : 37
Amount : 0
2017-07-19 12:46:51 SELECT SQL : SELECT * FROM balances WHERE  branchId = '7' AND accountId = '37'  
2017-07-19 12:46:51 SELECT SQL : SELECT * FROM balances WHERE  branchId = '7' AND accountId = '37' AND date = '2017-07-19'  
2017-07-19 12:46:51 UPDATE SQL : UPDATE balances SET closingBalance = '47450' WHERE  branchId = '7' AND accountId = '37' AND date = '2017-07-19' 
2017-07-19 12:46:51 Balance Update Status 2:1
 2017-07-19 12:46:51 Balance Update Params :
Branch Id : 13
Account ID : 38
Amount : 0
2017-07-19 12:46:51 SELECT SQL : SELECT * FROM balances WHERE  branchId = '13' AND accountId = '38'  
2017-07-19 12:46:51 SELECT SQL : SELECT * FROM balances WHERE  branchId = '13' AND accountId = '38' AND date = '2017-07-19'  
2017-07-19 12:46:51 UPDATE SQL : UPDATE balances SET closingBalance = '2700' WHERE  branchId = '13' AND accountId = '38' AND date = '2017-07-19' 
2017-07-19 12:46:51 Balance Update Status 2:1
 2017-07-19 12:46:51 Balance Update Params :
Branch Id : 13
Account ID : 39
Amount : 0
2017-07-19 12:46:51 SELECT SQL : SELECT * FROM balances WHERE  branchId = '13' AND accountId = '39'  
2017-07-19 12:46:51 SELECT SQL : SELECT * FROM currencies WHERE  active = '1'  
2017-07-19 12:46:51 SELECT SQL : SELECT * FROM accounts WHERE  active = '1' AND type_id = '4'  
2017-07-19 12:46:51 SELECT SQL : SELECT * FROM account_types WHERE  active = '1'  
2017-07-19 12:46:51 SELECT SQL : SELECT * FROM user_types WHERE  active = '1'  
2017-07-19 12:46:51 Response : {"data":{"branches":[{"id":"5","name":"KINSHASHA","countryId":"4","location":"Patrice Avenue","supervisorId":"3","createdBy":"4","ts":"2017-06-30 00:06:55","active":"1"},{"id":"6","name":"OASIS MALL","countryId":"1","location":"Yusufu Lule Rd","supervisorId":"3","createdBy":"2","ts":"2017-06-30 00:12:08","active":"1"},{"id":"7","name":"GOMA","countryId":"4","location":"Goma","supervisorId":"3","createdBy":"1","ts":"2017-07-05 00:00:00","active":"1"},{"id":"9","name":"MOMBASA","countryId":"2","location":"Mombasa","supervisorId":"3","createdBy":"1","ts":"2017-07-05 00:00:00","active":"1"},{"id":"10","name":"DUBAI","countryId":"6","location":"Dubai","supervisorId":"3","createdBy":"1","ts":"2017-07-05 00:00:00","active":"1"},{"id":"11","name":"CHINA","countryId":"5","location":"China","supervisorId":"3","createdBy":"3","ts":"2017-07-05 13:23:17","active":"1"},{"id":"12","name":"NAIROBI","countryId":"2","location":"Nairobi","supervisorId":"3","createdBy":"3","ts":"2017-07-06 14:12:35","active":"1"},{"id":"13","name":"KAMPALA ROAD","countryId":"1","location":"kampala road","supervisorId":"3","createdBy":"3","ts":"2017-07-06 14:12:35","active":"1"}],"countries":[{"id":"1","name":"UGANDA","createdBy":"1","ts":"2017-06-25 23:13:31","active":"1"},{"id":"2","name":"KENYA","createdBy":"1","ts":"2017-06-26 09:02:45","active":"1"},{"id":"3","name":"TZ","createdBy":"1","ts":"2017-06-28 11:11:53","active":"1"},{"id":"4","name":"CONGO","createdBy":"1","ts":"2017-06-28 11:26:11","active":"1"},{"id":"5","name":"CHINA","createdBy":"1","ts":"2017-06-28 11:30:01","active":"1"},{"id":"6","name":"UAE","createdBy":"1","ts":"2017-07-05 00:00:00","active":"1"}],"ids":[[{"id":"1","name":"Passport","createdBy":"1","ts":"2017-06-28 14:00:01","active":"1"},{"id":"2","name":"National ID","createdBy":"1","ts":"2017-06-28 14:00:01","active":"1"},{"id":"3","name":"STUDENTS ID","createdBy":"1","ts":"2017-06-28 16:21:46","active":"1"}]],"users":[{"id":"1","firstName":"You","surname":"Jinshu","email":"hudsonbogere@swipeit.co.ug","phone":"256783131266","userName":"you","branchId":"0","userTypeId":"1","password":"$2y$10$pPGbhJ1RXx\/ug.ED3LnsQuKHJTqwYsa\/iF0OqGOgsjflkHKIDTLVq","sessionId":"KSTms8GEe36Gy41kXds63LMk2kJjROlO","ipAddress":"41.210.145.81","createdBy":null,"ts":"2017-06-23 15:08:12","active":"1"},{"id":"2","firstName":"Nansubuga","surname":"Dorothy","email":"henry@gmail.com","phone":"256752284441","userName":"dorah","branchId":"12","userTypeId":"3","password":"$2y$10$F9t92sYKf2rDJ.JzCmrrT.Jt1Ix37Fuo.uZKpXPn69dgDUTZ8xLXi","sessionId":"4dzfFaUcFPAVwphRMyoHJeSU6XCEzBKh","ipAddress":"105.230.170.78","createdBy":"1","ts":"2017-06-26 19:11:07","active":"1"},{"id":"3","firstName":"Lydia","surname":"Amoi","email":"islam@gmail.com","phone":"256777608310","userName":"lydia","branchId":"6","userTypeId":"2","password":"$2y$10$m72Zz8Z.h4\/Zp6TFDhmbXeQ79kZ7JJ2U0yLUanc0dDVxbc.5UPkRG","sessionId":"fhVs8keNBmfghvH4EBTDMqycFvGklLVi","ipAddress":"160.242.144.4","createdBy":"1","ts":"2017-06-26 19:41:01","active":"1"},{"id":"4","firstName":"Nabukera","surname":"Maria","email":"banerd@tfb.com","phone":"256774457813","userName":"maria","branchId":"5","userTypeId":"3","password":"$2y$10$wTpUE\/WJFMfQaBglrQocTO9ndV6dbxL2vzFDEJZ1hpVVp4binpXGO","sessionId":"rlwjPHNyG6kNuWcT7RLiz3gIRGkmcp0H","ipAddress":"41.243.11.143","createdBy":"1","ts":"2017-06-26 23:04:07","active":"1"},{"id":"5","firstName":"Henry","surname":"Bbosa","email":null,"phone":null,"userName":"henry","branchId":"11","userTypeId":"3","password":"$2y$10$m72Zz8Z.h4\/Zp6TFDhmbXeQ79kZ7JJ2U0yLUanc0dDVxbc.5UPkRG","sessionId":"0DaV2hZBaMMn6XzQMEvYLNtrk2mGfn4k","ipAddress":"160.242.144.4","createdBy":"1","ts":"2017-07-05 00:00:00","active":"1"},{"id":"6","firstName":"Edwin","surname":"Kakeeto","email":"edwin@edwin.com","phone":"0777777557","userName":"edwin","branchId":"7","userTypeId":"3","password":"$2y$10$m72Zz8Z.h4\/Zp6TFDhmbXeQ79kZ7JJ2U0yLUanc0dDVxbc.5UPkRG","sessionId":"","ipAddress":"160.242.142.203","createdBy":"3","ts":"2017-07-10 07:37:50","active":"1"},{"id":"7","firstName":"Trish","surname":"Baby","email":"patricia@gmail.com","phone":"0777777557","userName":"trish","branchId":"13","userTypeId":"3","password":"$2y$10$m72Zz8Z.h4\/Zp6TFDhmbXeQ79kZ7JJ2U0yLUanc0dDVxbc.5UPkRG","sessionId":"","ipAddress":"160.242.141.153","createdBy":null,"ts":null,"active":"1"},{"id":"8","firstName":"cedric","surname":"cedric","email":"cedric@gmail.com","phone":"+256754813912","userName":"cedric","branchId":"7","userTypeId":"3","password":"$2y$10$m72Zz8Z.h4\/Zp6TFDhmbXeQ79kZ7JJ2U0yLUanc0dDVxbc.5UPkRG","sessionId":"","ipAddress":"160.242.141.153","createdBy":null,"ts":null,"active":"1"}],"accounts":[{"id":"16","name":"KINSHASHA-USD Account","branchId":"5","currency_id":"2"},{"id":"20","name":"OASIS MALL-RMB Account","branchId":"6","currency_id":"1"},{"id":"21","name":"OASIS MALL-USD Account","branchId":"6","currency_id":"2"},{"id":"22","name":"OASIS MALL-DIRHAM Account","branchId":"6","currency_id":"3"},{"id":"23","name":"OASIS MALL-UGX Account","branchId":"6","currency_id":"4"},{"id":"24","name":"OASIS MALL-KSH Account","branchId":"6","currency_id":"5"},{"id":"27","name":"CHINA-RMB Account","branchId":"11","currency_id":"1"},{"id":"28","name":"CHINA-USD Account","branchId":"11","currency_id":"2"},{"id":"33","name":"NAIROBI-USD Account","branchId":"12","currency_id":"2"},{"id":"36","name":"NAIROBI-KSH Account","branchId":"12","currency_id":"5"},{"id":"37","name":"GOMA-USD ACCOUNT","branchId":"7","currency_id":"2"},{"id":"38","name":"KAMPALA ROAD -USD ACCOUNT","branchId":"13","currency_id":"2"},{"id":"39","name":"KAMPALA ROAD- UGX ACCOUNT ","branchId":"13","currency_id":"4"}],"currencies":[{"id":"1","name":"RMB","symbol":"\u00c2\u00a5","createdBy":"1","ts":"2017-06-27 22:45:12","active":"1"},{"id":"2","name":"USD","symbol":"$","createdBy":"1","ts":"2017-06-27 22:45:12","active":"1"},{"id":"3","name":"DIRHAM","symbol":"","createdBy":"1","ts":"2017-06-28 11:40:09","active":"1"},{"id":"4","name":"UGX","symbol":"\/=","createdBy":"1","ts":"2017-06-28 11:46:50","active":"1"},{"id":"5","name":"KSH","symbol":"","createdBy":"1","ts":"2017-06-28 11:46:50","active":"1"}],"superaccount":[{"id":"1","name":"RMB Account","branchId":"0","type_id":"4","currency_id":"1","balance":"0","createdBy":"1","active":"1","ts":"2017-06-27 22:45:12"}],"accountTypes":[{"id":"1","type":"Transfer","description":"","createdBy":"1","ts":"2017-06-28 14:31:12","active":"1"},{"id":"2","type":"Suspense","description":"","createdBy":"1","ts":"2017-06-28 14:31:12","active":"1"},{"id":"4","type":"Super","description":"","createdBy":"1","ts":"2017-06-28 14:31:12","active":"1"}],"userTypes":[{"id":"1","name":"E-Value Admin","level":"1","ts":"2017-06-27 22:45:12","active":"1"},{"id":"2","name":"Super User","level":"2","ts":"2017-06-27 22:45:12","active":"1"},{"id":"3","name":"Agent","level":"3","ts":"2017-06-27 22:45:12","active":"1"},{"id":"4","name":"System Admin","level":"4","ts":"2017-06-27 22:45:12","active":"1"}]},"success":1}
2017-07-19 12:52:58 ---- New Request ----
2017-07-19 12:52:58 Controller : Transfers
2017-07-19 12:52:58 Method : createtransferAction
2017-07-19 12:52:58 Controller File : controllers/Transfers.class.php, Exists
2017-07-19 12:52:58 Class constructed
2017-07-19 12:52:58 Class constructed
2017-07-19 12:52:58 Transfer Creation Params ;Amount :1000\currencyid : 1
Country : 5
Charge : 0
sfname : 
ssurname : Lu
Account Number : 6226901405767348
semail : 
sphone : +254721472501
sidtype : 0
sid : 0
rfname : Hong
rsurname : Xian
remail : 
rphone : +254721472501
Receiver Branch : 0
passcode : ******
password : ******
userid : 2
sessionid : 4dzfFaUcFPAVwphRMyoHJeSU6XCEzBKh
Exchange Rate : 6.71
AmountAfterXchange : 6710
Charge Currency : 2017-07-19 12:52:58 SELECT SQL : SELECT * FROM settings WHERE  name = 'SuspenseAccount'  
2017-07-19 12:52:58 SELECT SQL : SELECT * FROM settings WHERE  name = 'ToChinaAccount'  
2017-07-19 12:52:58 SELECT SQL : SELECT * FROM users WHERE  id = '2'  
2017-07-19 12:52:58 INSERT SQL : INSERT INTO transfers  (ts,userIdSource,amount,currency,destinationCountryId,toBranch,senderFname,senderSurname,senderEmail,senderPhone,senderIdType,senderId,receiverFname,receiverSurname,receiverEmail,receiverPhone,receiverAccountNumber,fromBranch,passcode,status,sourceIpAddress)  VALUES(NOW(),'2','1000','1','5','0','','Lu','','+254721472501','0','0','Hong','Xian','','+254721472501','6226901405767348','12','$2y$10$mTrGtpPov5sXdmLbNN3nOeBZOaS5Hzlx6sZzyj2j4IZO3JMAz8HgO','Pending','105.230.170.78')
2017-07-19 12:52:58 SELECT SQL : SELECT id,transferRef FROM transfers WHERE  id = '5'  
2017-07-19 12:52:58 INSERT SQL : INSERT INTO audit_trails  (ts,userId,tableName,recordId,field,oldValue,newValue)  VALUES(NOW(),'2','transfers','5','transferRef','','0120525')
2017-07-19 12:52:58 audit_trails Insert ID : 128
2017-07-19 12:52:58 UPDATE SQL : UPDATE transfers SET transferRef = '0120525' WHERE  id = '5' 
2017-07-19 12:52:58 SELECT SQL : SELECT id FROM accounts WHERE  branchId = '12' AND currency_id = '2'  
2017-07-19 12:52:58 INSERT SQL : INSERT INTO account_transfers  (ts,amountAfterXchange,amountB4Xchange,currencyB4Xchange,currencyAfterXchange,exchangeRate,type,amount,charge,fromId,toId,transferRef,userId)  VALUES(NOW(),'6710','1000','2','1','6.71','transfer','1000','0','26','33','0120525','2')
2017-07-19 12:52:58 Balance Update Params :
Branch Id : 12
Account ID : 33
Amount : 1000
2017-07-19 12:52:58 SELECT SQL : SELECT * FROM balances WHERE  branchId = '12' AND accountId = '33'  
2017-07-19 12:52:58 SELECT SQL : SELECT * FROM balances WHERE  branchId = '12' AND accountId = '33' AND date = '2017-07-19'  
2017-07-19 12:52:58 UPDATE SQL : UPDATE balances SET closingBalance = '1079' WHERE  branchId = '12' AND accountId = '33' AND date = '2017-07-19' 
2017-07-19 12:52:58 Balance Update Status 2:1
 2017-07-19 12:52:58 Balance Update Params :
Branch Id : 0
Account ID : 26
Amount : -1000
2017-07-19 12:52:58 SELECT SQL : SELECT * FROM balances WHERE  branchId = '0' AND accountId = '26'  
2017-07-19 12:52:58 SELECT SQL : SELECT * FROM balances WHERE  branchId = '0' AND accountId = '26' AND date = '2017-07-19'  
2017-07-19 12:52:58 UPDATE SQL : UPDATE balances SET closingBalance = '-3546400' WHERE  branchId = '0' AND accountId = '26' AND date = '2017-07-19' 
2017-07-19 12:52:58 Balance Update Status 2:1
 2017-07-19 12:52:58 SELECT SQL : SELECT id FROM accounts WHERE  branchId = '12' AND currency_id = ''  
2017-07-19 12:52:58 Balance Update Params :
Branch Id : 12
Account ID : 0
Amount : 0
2017-07-19 12:52:58 SELECT SQL : SELECT * FROM balances WHERE  branchId = '12' AND accountId = '0'  
2017-07-19 12:52:58 SELECT SQL : SELECT * FROM transfers WHERE  fromBranch = '12'  OR toBranch = '12'  OR destinationCountryId = '5'  
2017-07-19 12:52:58 Response : {"success":1,"data":"0120525"}
2017-07-19 12:53:23 ---- New Request ----
2017-07-19 12:53:23 Controller : Transfers
2017-07-19 12:53:23 Method : getallaccountbalancesAction
2017-07-19 12:53:23 Controller File : controllers/Transfers.class.php, Exists
2017-07-19 12:53:23 Class constructed
2017-07-19 12:53:23 Class constructed
2017-07-19 12:53:23 UserID : 2
SessionId : 4dzfFaUcFPAVwphRMyoHJeSU6XCEzBKh
Branch ID : 12
2017-07-19 12:53:23 SELECT SQL : SELECT sessionId FROM users WHERE  id = '2'  
2017-07-19 12:53:23 SELECT SQL : SELECT name,id FROM accounts WHERE  active = '1' AND branchId = '12'  
2017-07-19 12:53:23 SELECT SQL : SELECT name FROM branches WHERE  id = '12'  
2017-07-19 12:53:23 Response : {"success":1,"data":[{"name":"NAIROBI-USD Account","id":"33","balance":1079},{"name":"NAIROBI-KSH Account","id":"36","balance":3554448}],"branchName":"NAIROBI"}
