2017-07-05 15:32:50 ---- New Request ----
2017-07-05 15:32:50 Controller : Transfers
2017-07-05 15:32:50 Method : completetransfercashoutAction
2017-07-05 15:32:50 Controller File : controllers/Transfers.class.php, Exists
2017-07-05 15:32:50 Class constructed
2017-07-05 15:32:50 Class constructed
2017-07-05 15:32:50 Password : ******
Transaction Ref : 0050531
UserID : 4
Session ID : SBTk7jqaJddw0bJn34BPjrKlWglNIjOg
ID Number : 
ID Type : 
Charge : 
Charge Currency : 
2017-07-05 15:32:50 SELECT SQL : SELECT * FROM users WHERE D id = '4' 
2017-07-05 15:32:50 Response : {"success":0,"errormsg":"Sorry your transaction failed. Reason: Your login expired"}
2017-07-05 15:32:55 ---- New Request ----
2017-07-05 15:32:55 Controller : Users
2017-07-05 15:32:55 Method : logoutAction
2017-07-05 15:32:55 Controller File : controllers/Users.class.php, Exists
2017-07-05 15:32:55 Class constructed
2017-07-05 15:32:55 Logout Params ;Session ID :SBTk7jqaJddw0bJn34BPjrKlWglNIjOg\User ID : 4
2017-07-05 15:32:55 UPDATE SQL : UPDATE users SET sessionId = '',ipAddress = '41.202.241.28' WHERE D id = '4'
2017-07-05 15:32:55 Response : {"success":1}
2017-07-05 15:33:10 ---- New Request ----
2017-07-05 15:33:10 Controller : Users
2017-07-05 15:33:10 Method : loginAction
2017-07-05 15:33:10 Controller File : controllers/Users.class.php, Exists
2017-07-05 15:33:10 Class constructed
2017-07-05 15:33:10 Login Params ;Username :maria
Password : ******
2017-07-05 15:33:10 SELECT SQL : SELECT id,firstName,surname,userName,userTypeId,sessionId,password,active FROM users WHERE D userName = 'maria' 
2017-07-05 15:33:10 Response : {"success":0,"errormsg":"Login Failed. Wrong Username."}
2017-07-05 15:33:20 ---- New Request ----
2017-07-05 15:33:20 Controller : Users
2017-07-05 15:33:20 Method : loginAction
2017-07-05 15:33:20 Controller File : controllers/Users.class.php, Exists
2017-07-05 15:33:20 Class constructed
2017-07-05 15:33:20 Login Params ;Username :maria
Password : ******
2017-07-05 15:33:20 SELECT SQL : SELECT id,firstName,surname,userName,userTypeId,sessionId,password,active FROM users WHERE D userName = 'maria' 
2017-07-05 15:33:20 Response : {"success":0,"errormsg":"Login Failed. Wrong Username."}
2017-07-05 15:33:22 ---- New Request ----
2017-07-05 15:33:22 Controller : Users
2017-07-05 15:33:22 Method : loginAction
2017-07-05 15:33:22 Controller File : controllers/Users.class.php, Exists
2017-07-05 15:33:22 Class constructed
2017-07-05 15:33:22 Login Params ;Username :maria
Password : ******
2017-07-05 15:33:22 SELECT SQL : SELECT id,firstName,surname,userName,userTypeId,sessionId,password,active FROM users WHERE D userName = 'maria' 
2017-07-05 15:33:22 Response : {"success":0,"errormsg":"Login Failed. Wrong Username."}
2017-07-05 15:33:41 ---- New Request ----
2017-07-05 15:33:41 Controller : Users
2017-07-05 15:33:41 Method : loginAction
2017-07-05 15:33:41 Controller File : controllers/Users.class.php, Exists
2017-07-05 15:33:41 Class constructed
2017-07-05 15:33:41 Login Params ;Username :maria
Password : ******
2017-07-05 15:33:41 SELECT SQL : SELECT id,firstName,surname,userName,userTypeId,sessionId,password,active FROM users WHERE D userName = 'maria' 
2017-07-05 15:33:41 Response : {"success":0,"errormsg":"Login Failed. Wrong Username."}
2017-07-05 15:33:56 ---- New Request ----
2017-07-05 15:33:56 Controller : Users
2017-07-05 15:33:56 Method : loginAction
2017-07-05 15:33:56 Controller File : controllers/Users.class.php, Exists
2017-07-05 15:33:56 Class constructed
2017-07-05 15:33:56 Login Params ;Username :lydia
Password : ******
2017-07-05 15:33:56 SELECT SQL : SELECT id,firstName,surname,userName,userTypeId,sessionId,password,active FROM users WHERE D userName = 'lydia' 
2017-07-05 15:33:56 Response : {"success":0,"errormsg":"Login Failed. Wrong Username."}
2017-07-05 15:35:10 ---- New Request ----
2017-07-05 15:35:10 Controller : Users
2017-07-05 15:35:10 Method : loginAction
2017-07-05 15:35:10 Controller File : controllers/Users.class.php, Exists
2017-07-05 15:35:10 Class constructed
2017-07-05 15:35:10 Login Params ;Username :hbm
Password : ******
2017-07-05 15:35:10 SELECT SQL : SELECT id,firstName,surname,userName,userTypeId,sessionId,password,active FROM users WHERE D userName = 'hbm' 
2017-07-05 15:35:10 Response : {"success":0,"errormsg":"Login Failed. Wrong Username."}
2017-07-05 15:35:11 ---- New Request ----
2017-07-05 15:35:11 Controller : Users
2017-07-05 15:35:11 Method : loginAction
2017-07-05 15:35:11 Controller File : controllers/Users.class.php, Exists
2017-07-05 15:35:11 Class constructed
2017-07-05 15:35:11 Login Params ;Username :hbm
Password : ******
2017-07-05 15:35:11 SELECT SQL : SELECT id,firstName,surname,userName,userTypeId,sessionId,password,active FROM users WHERE D userName = 'hbm' 
2017-07-05 15:35:11 Response : {"success":0,"errormsg":"Login Failed. Wrong Username."}
2017-07-05 15:35:12 ---- New Request ----
2017-07-05 15:35:12 Controller : Users
2017-07-05 15:35:12 Method : loginAction
2017-07-05 15:35:12 Controller File : controllers/Users.class.php, Exists
2017-07-05 15:35:12 Class constructed
2017-07-05 15:35:12 Login Params ;Username :hbm
Password : ******
2017-07-05 15:35:12 SELECT SQL : SELECT id,firstName,surname,userName,userTypeId,sessionId,password,active FROM users WHERE D userName = 'hbm' 
2017-07-05 15:35:12 Response : {"success":0,"errormsg":"Login Failed. Wrong Username."}
2017-07-05 15:35:13 ---- New Request ----
2017-07-05 15:35:13 Controller : Users
2017-07-05 15:35:13 Method : loginAction
2017-07-05 15:35:13 Controller File : controllers/Users.class.php, Exists
2017-07-05 15:35:13 Class constructed
2017-07-05 15:35:13 Login Params ;Username :hbm
Password : ******
2017-07-05 15:35:13 SELECT SQL : SELECT id,firstName,surname,userName,userTypeId,sessionId,password,active FROM users WHERE D userName = 'hbm' 
2017-07-05 15:35:13 Response : {"success":0,"errormsg":"Login Failed. Wrong Username."}
2017-07-05 15:35:27 ---- New Request ----
2017-07-05 15:35:27 Controller : Users
2017-07-05 15:35:27 Method : loginAction
2017-07-05 15:35:27 Controller File : controllers/Users.class.php, Exists
2017-07-05 15:35:27 Class constructed
2017-07-05 15:35:27 Login Params ;Username :maria
Password : ******
2017-07-05 15:35:27 SELECT SQL : SELECT id,firstName,surname,userName,userTypeId,sessionId,password,active FROM users WHERE D userName = 'maria' 
2017-07-05 15:35:27 Response : {"success":0,"errormsg":"Login Failed. Wrong Username."}
2017-07-05 15:36:06 ---- New Request ----
2017-07-05 15:36:06 Controller : 
2017-07-05 15:36:06 Method : Action
2017-07-05 15:36:06 Controller file doesn't Exist
2017-07-05 15:36:36 ---- New Request ----
2017-07-05 15:36:36 Controller : Users
2017-07-05 15:36:36 Method : loginAction
2017-07-05 15:36:36 Controller File : controllers/Users.class.php, Exists
2017-07-05 15:36:36 Class constructed
2017-07-05 15:36:36 Login Params ;Username :you
Password : ******
2017-07-05 15:36:36 SELECT SQL : SELECT id,firstName,surname,userName,userTypeId,sessionId,password,active FROM users WHERE D userName = 'you' 
2017-07-05 15:36:36 Response : {"success":0,"errormsg":"Login Failed. Wrong Username."}
2017-07-05 15:36:52 ---- New Request ----
2017-07-05 15:36:52 Controller : Users
2017-07-05 15:36:52 Method : loginAction
2017-07-05 15:36:52 Controller File : controllers/Users.class.php, Exists
2017-07-05 15:36:52 Class constructed
2017-07-05 15:36:52 Login Params ;Username :you
Password : ******
2017-07-05 15:36:52 SELECT SQL : SELECT id,firstName,surname,userName,userTypeId,sessionId,password,active FROM users WHERE D userName = 'you' 
2017-07-05 15:36:52 Response : {"success":0,"errormsg":"Login Failed. Wrong Username."}
2017-07-05 15:42:23 ---- New Request ----
2017-07-05 15:42:23 Controller : Users
2017-07-05 15:42:23 Method : loginAction
2017-07-05 15:42:23 Controller File : controllers/Users.class.php, Exists
2017-07-05 15:42:23 Class constructed
2017-07-05 15:42:23 Login Params ;Username :you
Password : ******
2017-07-05 15:42:23 SELECT SQL : SELECT id,firstName,surname,userName,userTypeId,sessionId,password,active FROM users WHERE  userName = 'you' 
2017-07-05 15:42:24 UPDATE SQL : UPDATE users SET sessionId = 'OME6wIMCWSXN5AIq5wyt8SeFceFucl6y',ipAddress = '41.202.241.28' WHERE  id = '1'
2017-07-05 15:42:24 Response : {"success":1,"data":{"id":"1","firstName":"You","surname":"Jinshu","userName":"you","userTypeId":"1","sessionId":"OME6wIMCWSXN5AIq5wyt8SeFceFucl6y"}}
2017-07-05 15:42:26 ---- New Request ----
2017-07-05 15:42:26 Controller : Users
2017-07-05 15:42:26 Method : formsdetailsAction
2017-07-05 15:42:26 Controller File : controllers/Users.class.php, Exists
2017-07-05 15:42:26 Class constructed
2017-07-05 15:42:26 Details Params :
SessionID :OME6wIMCWSXN5AIq5wyt8SeFceFucl6y
User ID : 1
2017-07-05 15:42:26 SELECT SQL : SELECT * FROM branches WHERE  active = '1' 
2017-07-05 15:42:26 SELECT SQL : SELECT * FROM countries WHERE  active = '1' 
2017-07-05 15:42:26 SELECT SQL : SELECT * FROM identification WHERE  active = '1' 
2017-07-05 15:42:26 SELECT SQL : SELECT * FROM users WHERE  active = '1' 
2017-07-05 15:42:26 SELECT SQL : SELECT id,name,branchId,currency_id FROM accounts WHERE  active = '1'AND type_id = '1' 
2017-07-05 15:42:26 SELECT SQL : SELECT * FROM balances WHERE  branchId = '5'AND accountId = '15' 
2017-07-05 15:42:26 SELECT SQL : SELECT * FROM balances WHERE  branchId = '5'AND accountId = '15'AND date = '2017-07-05' 
2017-07-05 15:42:26 UPDATE SQL : UPDATE balances SET closingBalance = '-68362' WHERE  branchId = '5'AND accountId = '15'AND date = '2017-07-05'
2017-07-05 15:42:26 Balance Update Status 2:1
 2017-07-05 15:42:26 SELECT SQL : SELECT * FROM balances WHERE  branchId = '5'AND accountId = '16' 
2017-07-05 15:42:26 SELECT SQL : SELECT * FROM balances WHERE  branchId = '5'AND accountId = '16'AND date = '2017-07-05' 
2017-07-05 15:42:26 UPDATE SQL : UPDATE balances SET closingBalance = '1400' WHERE  branchId = '5'AND accountId = '16'AND date = '2017-07-05'
2017-07-05 15:42:26 Balance Update Status 2:1
 2017-07-05 15:42:26 SELECT SQL : SELECT * FROM balances WHERE  branchId = '5'AND accountId = '17' 
2017-07-05 15:42:26 SELECT SQL : SELECT * FROM balances WHERE  branchId = '5'AND accountId = '18' 
2017-07-05 15:42:26 SELECT SQL : SELECT * FROM balances WHERE  branchId = '5'AND accountId = '19' 
2017-07-05 15:42:26 SELECT SQL : SELECT * FROM balances WHERE  branchId = '6'AND accountId = '20' 
2017-07-05 15:42:26 SELECT SQL : SELECT * FROM balances WHERE  branchId = '6'AND accountId = '21' 
2017-07-05 15:42:26 SELECT SQL : SELECT * FROM balances WHERE  branchId = '6'AND accountId = '22' 
2017-07-05 15:42:26 SELECT SQL : SELECT * FROM balances WHERE  branchId = '6'AND accountId = '23' 
2017-07-05 15:42:26 SELECT SQL : SELECT * FROM balances WHERE  branchId = '6'AND accountId = '24' 
2017-07-05 15:42:26 SELECT SQL : SELECT * FROM currencies WHERE  active = '1' 
2017-07-05 15:42:26 SELECT SQL : SELECT * FROM accounts WHERE  active = '1'AND type_id = '4' 
2017-07-05 15:42:26 SELECT SQL : SELECT * FROM account_types WHERE  active = '1' 
2017-07-05 15:42:26 SELECT SQL : SELECT * FROM user_types WHERE  active = '1' 
2017-07-05 15:42:26 Response : {"data":{"branches":[{"id":"5","name":"KINSHASHA","countryId":"4","location":"Patrice Avenue","supervisorId":"3","createdBy":"4","ts":"2017-06-30 00:06:55","active":"1"},{"id":"6","name":"OASIS MALL","countryId":"1","location":"Yusufu Lule Rd","supervisorId":"3","createdBy":"2","ts":"2017-06-30 00:12:08","active":"1"},{"id":"7","name":"GOMA","countryId":"4","location":"Goma","supervisorId":"3","createdBy":"1","ts":"2017-07-05 00:00:00","active":"1"},{"id":"8","name":"NAIROBI","countryId":"2","location":"Nairobi","supervisorId":"3","createdBy":"1","ts":"2017-07-05 00:00:00","active":"1"},{"id":"9","name":"MOMBASA","countryId":"2","location":"Mombasa","supervisorId":"3","createdBy":"1","ts":"2017-07-05 00:00:00","active":"1"},{"id":"10","name":"DUBAI","countryId":"6","location":"Dubai","supervisorId":"3","createdBy":"1","ts":"2017-07-05 00:00:00","active":"1"}],"countries":[{"id":"1","name":"UGANDA","createdBy":"1","ts":"2017-06-25 23:13:31","active":"1"},{"id":"2","name":"KENYA","createdBy":"1","ts":"2017-06-26 09:02:45","active":"1"},{"id":"3","name":"TZ","createdBy":"1","ts":"2017-06-28 11:11:53","active":"1"},{"id":"4","name":"CONGO","createdBy":"1","ts":"2017-06-28 11:26:11","active":"1"},{"id":"5","name":"CHINA","createdBy":"1","ts":"2017-06-28 11:30:01","active":"1"},{"id":"6","name":"UAE","createdBy":"1","ts":"2017-07-05 00:00:00","active":"1"}],"ids":[[{"id":"1","name":"Passport","createdBy":"1","ts":"2017-06-28 14:00:01","active":"1"},{"id":"2","name":"National ID","createdBy":"1","ts":"2017-06-28 14:00:01","active":"1"},{"id":"3","name":"STUDENTS ID","createdBy":"1","ts":"2017-06-28 16:21:46","active":"1"}]],"users":[{"id":"1","firstName":"You","surname":"Jinshu","email":"hudsonbogere@swipeit.co.ug","phone":"256783131266","userName":"you","branchId":"1","userTypeId":"1","password":"$2y$10$pPGbhJ1RXx\/ug.ED3LnsQuKHJTqwYsa\/iF0OqGOgsjflkHKIDTLVq","sessionId":"OME6wIMCWSXN5AIq5wyt8SeFceFucl6y","ipAddress":"41.202.241.28","createdBy":null,"ts":"2017-06-23 15:08:12","active":"1"},{"id":"2","firstName":"Nansubuga","surname":"Dorothy","email":"henry@gmail.com","phone":"256752284441","userName":"dorah","branchId":"8","userTypeId":"3","password":"","sessionId":null,"ipAddress":null,"createdBy":"1","ts":"2017-06-26 19:11:07","active":"1"},{"id":"3","firstName":"Lydia","surname":"Amoi","email":"islam@gmail.com","phone":"256777608310","userName":"lydia","branchId":"5","userTypeId":"2","password":"$2y$10$m72Zz8Z.h4\/Zp6TFDhmbXeQ79kZ7JJ2U0yLUanc0dDVxbc.5UPkRG","sessionId":"","ipAddress":"41.202.241.28","createdBy":"1","ts":"2017-06-26 19:41:01","active":"1"},{"id":"4","firstName":"Nabukera","surname":"Maria","email":"banerd@tfb.com","phone":"256774457813","userName":"maria","branchId":"6","userTypeId":"3","password":"$2y$10$wTpUE\/WJFMfQaBglrQocTO9ndV6dbxL2vzFDEJZ1hpVVp4binpXGO","sessionId":"SBTk7jqaJddw0bJn34BPjrKlWglNIjOg","ipAddress":"41.202.241.28","createdBy":"1","ts":"2017-06-26 23:04:07","active":"1"}],"accounts":[{"id":"15","name":"KINSHASHA-RMB Account","branchId":"5","currency_id":"1"},{"id":"16","name":"KINSHASHA-USD Account","branchId":"5","currency_id":"2"},{"id":"17","name":"KINSHASHA-DIRHAM Account","branchId":"5","currency_id":"3"},{"id":"18","name":"KINSHASHA-UGX Account","branchId":"5","currency_id":"4"},{"id":"19","name":"KINSHASHA-KSH Account","branchId":"5","currency_id":"5"},{"id":"20","name":"OASIS MALL-RMB Account","branchId":"6","currency_id":"1"},{"id":"21","name":"OASIS MALL-USD Account","branchId":"6","currency_id":"2"},{"id":"22","name":"OASIS MALL-DIRHAM Account","branchId":"6","currency_id":"3"},{"id":"23","name":"OASIS MALL-UGX Account","branchId":"6","currency_id":"4"},{"id":"24","name":"OASIS MALL-KSH Account","branchId":"6","currency_id":"5"}],"currencies":[{"id":"1","name":"RMB","symbol":"\u00c2\u00a5","createdBy":"1","ts":"2017-06-27 22:45:12","active":"1"},{"id":"2","name":"USD","symbol":"$","createdBy":"1","ts":"2017-06-27 22:45:12","active":"1"},{"id":"3","name":"DIRHAM","symbol":"","createdBy":"1","ts":"2017-06-28 11:40:09","active":"1"},{"id":"4","name":"UGX","symbol":"\/=","createdBy":"1","ts":"2017-06-28 11:46:50","active":"1"},{"id":"5","name":"KSH","symbol":"","createdBy":"1","ts":"2017-06-28 11:46:50","active":"1"}],"superaccount":[{"id":"1","name":"RMB Account","branchId":"0","type_id":"4","currency_id":"1","balance":"0","createdBy":"1","active":"1","ts":"2017-06-27 22:45:12"}],"accountTypes":[{"id":"1","type":"Transfer","description":"","createdBy":"1","ts":"2017-06-28 14:31:12","active":"1"},{"id":"2","type":"Suspense","description":"","createdBy":"1","ts":"2017-06-28 14:31:12","active":"1"},{"id":"4","type":"Super","description":"","createdBy":"1","ts":"2017-06-28 14:31:12","active":"1"}],"userTypes":[{"id":"1","name":"E-Value Admin","level":"1","ts":"2017-06-27 22:45:12","active":"1"},{"id":"2","name":"Super User","level":"2","ts":"2017-06-27 22:45:12","active":"1"},{"id":"3","name":"Agent","level":"3","ts":"2017-06-27 22:45:12","active":"1"},{"id":"4","name":"System Admin","level":"4","ts":"2017-06-27 22:45:12","active":"1"}]},"success":1}
2017-07-05 15:42:46 ---- New Request ----
2017-07-05 15:42:46 Controller : Users
2017-07-05 15:42:46 Method : logoutAction
2017-07-05 15:42:46 Controller File : controllers/Users.class.php, Exists
2017-07-05 15:42:46 Class constructed
2017-07-05 15:42:46 Logout Params ;Session ID :OME6wIMCWSXN5AIq5wyt8SeFceFucl6y\User ID : 1
2017-07-05 15:42:46 UPDATE SQL : UPDATE users SET sessionId = '',ipAddress = '41.202.241.28' WHERE  id = '1'
2017-07-05 15:42:46 Response : {"success":1}
2017-07-05 15:43:08 ---- New Request ----
2017-07-05 15:43:08 Controller : Users
2017-07-05 15:43:08 Method : loginAction
2017-07-05 15:43:08 Controller File : controllers/Users.class.php, Exists
2017-07-05 15:43:08 Class constructed
2017-07-05 15:43:08 Login Params ;Username :maria
Password : ******
2017-07-05 15:43:08 SELECT SQL : SELECT id,firstName,surname,userName,userTypeId,sessionId,password,active FROM users WHERE  userName = 'maria' 
2017-07-05 15:43:08 UPDATE SQL : UPDATE users SET sessionId = 'RIOmP8pNlxiwKlljQBS8uNxmzqQQaEjs',ipAddress = '41.202.241.28' WHERE  id = '4'
2017-07-05 15:43:08 Response : {"success":1,"data":{"id":"4","firstName":"Nabukera","surname":"Maria","userName":"maria","userTypeId":"3","sessionId":"RIOmP8pNlxiwKlljQBS8uNxmzqQQaEjs"}}
2017-07-05 15:43:09 ---- New Request ----
2017-07-05 15:43:09 Controller : Users
2017-07-05 15:43:09 Method : formsdetailsAction
2017-07-05 15:43:09 Controller File : controllers/Users.class.php, Exists
2017-07-05 15:43:09 Class constructed
2017-07-05 15:43:09 Details Params :
SessionID :RIOmP8pNlxiwKlljQBS8uNxmzqQQaEjs
User ID : 4
2017-07-05 15:43:09 SELECT SQL : SELECT * FROM branches WHERE  active = '1' 
2017-07-05 15:43:09 SELECT SQL : SELECT * FROM countries WHERE  active = '1' 
2017-07-05 15:43:09 SELECT SQL : SELECT * FROM identification WHERE  active = '1' 
2017-07-05 15:43:09 SELECT SQL : SELECT * FROM users WHERE  active = '1' 
2017-07-05 15:43:09 SELECT SQL : SELECT id,name,branchId,currency_id FROM accounts WHERE  active = '1'AND type_id = '1' 
2017-07-05 15:43:09 SELECT SQL : SELECT * FROM balances WHERE  branchId = '5'AND accountId = '15' 
2017-07-05 15:43:09 SELECT SQL : SELECT * FROM balances WHERE  branchId = '5'AND accountId = '15'AND date = '2017-07-05' 
2017-07-05 15:43:09 UPDATE SQL : UPDATE balances SET closingBalance = '-68362' WHERE  branchId = '5'AND accountId = '15'AND date = '2017-07-05'
2017-07-05 15:43:09 Balance Update Status 2:1
 2017-07-05 15:43:09 SELECT SQL : SELECT * FROM balances WHERE  branchId = '5'AND accountId = '16' 
2017-07-05 15:43:09 SELECT SQL : SELECT * FROM balances WHERE  branchId = '5'AND accountId = '16'AND date = '2017-07-05' 
2017-07-05 15:43:09 UPDATE SQL : UPDATE balances SET closingBalance = '1400' WHERE  branchId = '5'AND accountId = '16'AND date = '2017-07-05'
2017-07-05 15:43:09 Balance Update Status 2:1
 2017-07-05 15:43:09 SELECT SQL : SELECT * FROM balances WHERE  branchId = '5'AND accountId = '17' 
2017-07-05 15:43:09 SELECT SQL : SELECT * FROM balances WHERE  branchId = '5'AND accountId = '18' 
2017-07-05 15:43:09 SELECT SQL : SELECT * FROM balances WHERE  branchId = '5'AND accountId = '19' 
2017-07-05 15:43:09 SELECT SQL : SELECT * FROM balances WHERE  branchId = '6'AND accountId = '20' 
2017-07-05 15:43:09 SELECT SQL : SELECT * FROM balances WHERE  branchId = '6'AND accountId = '21' 
2017-07-05 15:43:09 SELECT SQL : SELECT * FROM balances WHERE  branchId = '6'AND accountId = '22' 
2017-07-05 15:43:09 SELECT SQL : SELECT * FROM balances WHERE  branchId = '6'AND accountId = '23' 
2017-07-05 15:43:09 SELECT SQL : SELECT * FROM balances WHERE  branchId = '6'AND accountId = '24' 
2017-07-05 15:43:09 SELECT SQL : SELECT * FROM currencies WHERE  active = '1' 
2017-07-05 15:43:09 SELECT SQL : SELECT * FROM accounts WHERE  active = '1'AND type_id = '4' 
2017-07-05 15:43:09 SELECT SQL : SELECT * FROM account_types WHERE  active = '1' 
2017-07-05 15:43:09 SELECT SQL : SELECT * FROM user_types WHERE  active = '1' 
2017-07-05 15:43:09 Response : {"data":{"branches":[{"id":"5","name":"KINSHASHA","countryId":"4","location":"Patrice Avenue","supervisorId":"3","createdBy":"4","ts":"2017-06-30 00:06:55","active":"1"},{"id":"6","name":"OASIS MALL","countryId":"1","location":"Yusufu Lule Rd","supervisorId":"3","createdBy":"2","ts":"2017-06-30 00:12:08","active":"1"},{"id":"7","name":"GOMA","countryId":"4","location":"Goma","supervisorId":"3","createdBy":"1","ts":"2017-07-05 00:00:00","active":"1"},{"id":"8","name":"NAIROBI","countryId":"2","location":"Nairobi","supervisorId":"3","createdBy":"1","ts":"2017-07-05 00:00:00","active":"1"},{"id":"9","name":"MOMBASA","countryId":"2","location":"Mombasa","supervisorId":"3","createdBy":"1","ts":"2017-07-05 00:00:00","active":"1"},{"id":"10","name":"DUBAI","countryId":"6","location":"Dubai","supervisorId":"3","createdBy":"1","ts":"2017-07-05 00:00:00","active":"1"}],"countries":[{"id":"1","name":"UGANDA","createdBy":"1","ts":"2017-06-25 23:13:31","active":"1"},{"id":"2","name":"KENYA","createdBy":"1","ts":"2017-06-26 09:02:45","active":"1"},{"id":"3","name":"TZ","createdBy":"1","ts":"2017-06-28 11:11:53","active":"1"},{"id":"4","name":"CONGO","createdBy":"1","ts":"2017-06-28 11:26:11","active":"1"},{"id":"5","name":"CHINA","createdBy":"1","ts":"2017-06-28 11:30:01","active":"1"},{"id":"6","name":"UAE","createdBy":"1","ts":"2017-07-05 00:00:00","active":"1"}],"ids":[[{"id":"1","name":"Passport","createdBy":"1","ts":"2017-06-28 14:00:01","active":"1"},{"id":"2","name":"National ID","createdBy":"1","ts":"2017-06-28 14:00:01","active":"1"},{"id":"3","name":"STUDENTS ID","createdBy":"1","ts":"2017-06-28 16:21:46","active":"1"}]],"users":[{"id":"1","firstName":"You","surname":"Jinshu","email":"hudsonbogere@swipeit.co.ug","phone":"256783131266","userName":"you","branchId":"1","userTypeId":"1","password":"$2y$10$pPGbhJ1RXx\/ug.ED3LnsQuKHJTqwYsa\/iF0OqGOgsjflkHKIDTLVq","sessionId":"","ipAddress":"41.202.241.28","createdBy":null,"ts":"2017-06-23 15:08:12","active":"1"},{"id":"2","firstName":"Nansubuga","surname":"Dorothy","email":"henry@gmail.com","phone":"256752284441","userName":"dorah","branchId":"8","userTypeId":"3","password":"","sessionId":null,"ipAddress":null,"createdBy":"1","ts":"2017-06-26 19:11:07","active":"1"},{"id":"3","firstName":"Lydia","surname":"Amoi","email":"islam@gmail.com","phone":"256777608310","userName":"lydia","branchId":"5","userTypeId":"2","password":"$2y$10$m72Zz8Z.h4\/Zp6TFDhmbXeQ79kZ7JJ2U0yLUanc0dDVxbc.5UPkRG","sessionId":"","ipAddress":"41.202.241.28","createdBy":"1","ts":"2017-06-26 19:41:01","active":"1"},{"id":"4","firstName":"Nabukera","surname":"Maria","email":"banerd@tfb.com","phone":"256774457813","userName":"maria","branchId":"6","userTypeId":"3","password":"$2y$10$wTpUE\/WJFMfQaBglrQocTO9ndV6dbxL2vzFDEJZ1hpVVp4binpXGO","sessionId":"RIOmP8pNlxiwKlljQBS8uNxmzqQQaEjs","ipAddress":"41.202.241.28","createdBy":"1","ts":"2017-06-26 23:04:07","active":"1"}],"accounts":[{"id":"15","name":"KINSHASHA-RMB Account","branchId":"5","currency_id":"1"},{"id":"16","name":"KINSHASHA-USD Account","branchId":"5","currency_id":"2"},{"id":"17","name":"KINSHASHA-DIRHAM Account","branchId":"5","currency_id":"3"},{"id":"18","name":"KINSHASHA-UGX Account","branchId":"5","currency_id":"4"},{"id":"19","name":"KINSHASHA-KSH Account","branchId":"5","currency_id":"5"},{"id":"20","name":"OASIS MALL-RMB Account","branchId":"6","currency_id":"1"},{"id":"21","name":"OASIS MALL-USD Account","branchId":"6","currency_id":"2"},{"id":"22","name":"OASIS MALL-DIRHAM Account","branchId":"6","currency_id":"3"},{"id":"23","name":"OASIS MALL-UGX Account","branchId":"6","currency_id":"4"},{"id":"24","name":"OASIS MALL-KSH Account","branchId":"6","currency_id":"5"}],"currencies":[{"id":"1","name":"RMB","symbol":"\u00c2\u00a5","createdBy":"1","ts":"2017-06-27 22:45:12","active":"1"},{"id":"2","name":"USD","symbol":"$","createdBy":"1","ts":"2017-06-27 22:45:12","active":"1"},{"id":"3","name":"DIRHAM","symbol":"","createdBy":"1","ts":"2017-06-28 11:40:09","active":"1"},{"id":"4","name":"UGX","symbol":"\/=","createdBy":"1","ts":"2017-06-28 11:46:50","active":"1"},{"id":"5","name":"KSH","symbol":"","createdBy":"1","ts":"2017-06-28 11:46:50","active":"1"}],"superaccount":[{"id":"1","name":"RMB Account","branchId":"0","type_id":"4","currency_id":"1","balance":"0","createdBy":"1","active":"1","ts":"2017-06-27 22:45:12"}],"accountTypes":[{"id":"1","type":"Transfer","description":"","createdBy":"1","ts":"2017-06-28 14:31:12","active":"1"},{"id":"2","type":"Suspense","description":"","createdBy":"1","ts":"2017-06-28 14:31:12","active":"1"},{"id":"4","type":"Super","description":"","createdBy":"1","ts":"2017-06-28 14:31:12","active":"1"}],"userTypes":[{"id":"1","name":"E-Value Admin","level":"1","ts":"2017-06-27 22:45:12","active":"1"},{"id":"2","name":"Super User","level":"2","ts":"2017-06-27 22:45:12","active":"1"},{"id":"3","name":"Agent","level":"3","ts":"2017-06-27 22:45:12","active":"1"},{"id":"4","name":"System Admin","level":"4","ts":"2017-06-27 22:45:12","active":"1"}]},"success":1}
2017-07-05 15:43:31 ---- New Request ----
2017-07-05 15:43:31 Controller : Transfers
2017-07-05 15:43:31 Method : transfercashoutAction
2017-07-05 15:43:31 Controller File : controllers/Transfers.class.php, Exists
2017-07-05 15:43:32 Class constructed
2017-07-05 15:43:32 Class constructed
2017-07-05 15:43:32 Passcode : ******
Transaction Ref : 0050431
UserID : 4
Session ID : RIOmP8pNlxiwKlljQBS8uNxmzqQQaEjs
2017-07-05 15:43:32 SELECT SQL : SELECT sessionId FROM users WHERE  id = '4' 
2017-07-05 15:43:32 SELECT SQL : SELECT * FROM transfers WHERE  transferRef = '0050431' 
2017-07-05 15:43:32 Response : {"success":0,"errormsg":"Sorry your request failed. Reason : Transaction with reference does not exist"}
2017-07-05 15:43:33 ---- New Request ----
2017-07-05 15:43:33 Controller : Transfers
2017-07-05 15:43:33 Method : transfercashoutAction
2017-07-05 15:43:33 Controller File : controllers/Transfers.class.php, Exists
2017-07-05 15:43:33 Class constructed
2017-07-05 15:43:33 Class constructed
2017-07-05 15:43:33 Passcode : ******
Transaction Ref : 0050431
UserID : 4
Session ID : RIOmP8pNlxiwKlljQBS8uNxmzqQQaEjs
2017-07-05 15:43:33 SELECT SQL : SELECT sessionId FROM users WHERE  id = '4' 
2017-07-05 15:43:33 SELECT SQL : SELECT * FROM transfers WHERE  transferRef = '0050431' 
2017-07-05 15:43:33 Response : {"success":0,"errormsg":"Sorry your request failed. Reason : Transaction with reference does not exist"}
2017-07-05 15:43:48 ---- New Request ----
2017-07-05 15:43:48 Controller : Transfers
2017-07-05 15:43:48 Method : transfercashoutAction
2017-07-05 15:43:48 Controller File : controllers/Transfers.class.php, Exists
2017-07-05 15:43:48 Class constructed
2017-07-05 15:43:48 Class constructed
2017-07-05 15:43:48 Passcode : ******
Transaction Ref : 0050531
UserID : 4
Session ID : RIOmP8pNlxiwKlljQBS8uNxmzqQQaEjs
2017-07-05 15:43:48 SELECT SQL : SELECT sessionId FROM users WHERE  id = '4' 
2017-07-05 15:43:48 SELECT SQL : SELECT * FROM transfers WHERE  transferRef = '0050531' 
2017-07-05 15:43:48 Response : {"success":0,"errormsg":"Sorry your request failed. Reason : Invalid Passcode"}
2017-07-05 15:43:56 ---- New Request ----
2017-07-05 15:43:56 Controller : Transfers
2017-07-05 15:43:56 Method : transfercashoutAction
2017-07-05 15:43:56 Controller File : controllers/Transfers.class.php, Exists
2017-07-05 15:43:56 Class constructed
2017-07-05 15:43:56 Class constructed
2017-07-05 15:43:56 Passcode : ******
Transaction Ref : 0050531
UserID : 4
Session ID : RIOmP8pNlxiwKlljQBS8uNxmzqQQaEjs
2017-07-05 15:43:56 SELECT SQL : SELECT sessionId FROM users WHERE  id = '4' 
2017-07-05 15:43:56 SELECT SQL : SELECT * FROM transfers WHERE  transferRef = '0050531' 
2017-07-05 15:43:57 SELECT SQL : SELECT name FROM countries WHERE  id = '5' 
2017-07-05 15:43:57 SELECT SQL : SELECT name FROM branches WHERE  id = '5' 
2017-07-05 15:43:57 SELECT SQL : SELECT name FROM currencies WHERE  id = '1' 
2017-07-05 15:43:57 Response : {"success":1,"data":{"id":"1","fromBranch":"5","toBranch":"6","amount":"10000","currency":"1","charge":null,"transferRef":"0050531","passcode":"$2y$10$ju4BV16gFMmTT4rtvHnzm.OLVggbG2mzcPAftt6aYrY\/SjxCHVOYu","userIdSource":"3","userIdDestination":"4","ts":"2017-07-05 11:55:26","withdrawTs":"2017-07-05 15:07:35","status":"Pending","senderFname":"","senderSurname":"SAAD","senderPhone":"0776000064","senderIdType":"0","senderId":"0","senderEmail":"","receiverFname":"WEN","receiverSurname":"CONGZHEN","receiverPhone":"0776000064","receiverIdType":"0","receiverId":"","receiverEmail":"","receiverAccountNumber":"622841033455229870","destinationCountryId":"5","sourceIpAddress":"41.202.241.28","destinationIpAddress":"41.202.241.28","fromBranchName":"KINSHASHA","fromCountry":"CHINA","currencyName":"RMB"}}
2017-07-05 15:44:12 ---- New Request ----
2017-07-05 15:44:12 Controller : Transfers
2017-07-05 15:44:12 Method : completetransfercashoutAction
2017-07-05 15:44:12 Controller File : controllers/Transfers.class.php, Exists
2017-07-05 15:44:12 Class constructed
2017-07-05 15:44:12 Class constructed
2017-07-05 15:44:12 Password : ******
Transaction Ref : 0050531
UserID : 4
Session ID : RIOmP8pNlxiwKlljQBS8uNxmzqQQaEjs
ID Number : 
ID Type : 
Charge : 
Charge Currency : 
2017-07-05 15:44:12 SELECT SQL : SELECT * FROM users WHERE  id = '4' 
2017-07-05 15:44:13 SELECT SQL : SELECT * FROM transfers WHERE  transferRef = '0050531'AND status = 'Pending' 
2017-07-05 15:44:13 SELECT SQL : SELECT id,destinationIpAddress FROM transfers WHERE  transferRef = '0050531' 
2017-07-05 15:44:13 INSERT SQL : INSERT INTO audit_trails  (ts,userId,tableName,recordId,field,oldValue,newValue)  VALUES(NOW(),'4','transfers','1','destinationIpAddress','41.202.241.28','41.202.241.28')
2017-07-05 15:44:13 audit_trails Insert ID : 144
2017-07-05 15:44:13 SELECT SQL : SELECT id,receiverIdType FROM transfers WHERE  transferRef = '0050531' 
2017-07-05 15:44:13 INSERT SQL : INSERT INTO audit_trails  (ts,userId,tableName,recordId,field,oldValue,newValue)  VALUES(NOW(),'4','transfers','1','receiverIdType','0','0')
2017-07-05 15:44:13 audit_trails Insert ID : 145
2017-07-05 15:44:13 SELECT SQL : SELECT id,receiverId FROM transfers WHERE  transferRef = '0050531' 
2017-07-05 15:44:13 INSERT SQL : INSERT INTO audit_trails  (ts,userId,tableName,recordId,field,oldValue,newValue)  VALUES(NOW(),'4','transfers','1','receiverId','','')
2017-07-05 15:44:13 audit_trails Insert ID : 146
2017-07-05 15:44:13 SELECT SQL : SELECT id,toBranch FROM transfers WHERE  transferRef = '0050531' 
2017-07-05 15:44:13 INSERT SQL : INSERT INTO audit_trails  (ts,userId,tableName,recordId,field,oldValue,newValue)  VALUES(NOW(),'4','transfers','1','toBranch','6','6')
2017-07-05 15:44:13 audit_trails Insert ID : 147
2017-07-05 15:44:13 SELECT SQL : SELECT id,Status FROM transfers WHERE  transferRef = '0050531' 
2017-07-05 15:44:13 INSERT SQL : INSERT INTO audit_trails  (ts,userId,tableName,recordId,field,oldValue,newValue)  VALUES(NOW(),'4','transfers','1','Status','Pending','Success')
2017-07-05 15:44:13 audit_trails Insert ID : 148
2017-07-05 15:44:13 SELECT SQL : SELECT id,userIdDestination FROM transfers WHERE  transferRef = '0050531' 
2017-07-05 15:44:13 INSERT SQL : INSERT INTO audit_trails  (ts,userId,tableName,recordId,field,oldValue,newValue)  VALUES(NOW(),'4','transfers','1','userIdDestination','4','4')
2017-07-05 15:44:13 audit_trails Insert ID : 149
2017-07-05 15:44:13 SELECT SQL : SELECT id,withdrawTs FROM transfers WHERE  transferRef = '0050531' 
2017-07-05 15:44:13 INSERT SQL : INSERT INTO audit_trails  (ts,userId,tableName,recordId,field,oldValue,newValue)  VALUES(NOW(),'4','transfers','1','withdrawTs','2017-07-05 15:07:35','2017-07-05 15:07:13')
2017-07-05 15:44:13 audit_trails Insert ID : 150
2017-07-05 15:44:13 UPDATE SQL : UPDATE transfers SET destinationIpAddress = '41.202.241.28',receiverIdType = '0',receiverId = '',toBranch = '6',Status = 'Success',userIdDestination = '4',withdrawTs = '2017-07-05 15:07:13' WHERE  transferRef = '0050531'
2017-07-05 15:44:13 SELECT SQL : SELECT * FROM settings WHERE  name = 'SuspenseAccount' 
2017-07-05 15:44:13 SELECT SQL : SELECT * FROM account_transfers WHERE  transferRef = '0050531' 
2017-07-05 15:44:13 SELECT SQL : SELECT id FROM accounts WHERE  branchId = '6'AND currency_id = '1' 
2017-07-05 15:47:20 ---- New Request ----
2017-07-05 15:47:20 Controller : Transfers
2017-07-05 15:47:20 Method : createtransferAction
2017-07-05 15:47:20 Controller File : controllers/Transfers.class.php, Exists
2017-07-05 15:47:20 Class constructed
2017-07-05 15:47:20 Class constructed
2017-07-05 15:47:20 Transfer Creation Params ;Amount :599\currencyid : 4
Country : 4
Charge : 0
sfname : 
ssurname : lumu
Account Number : 
semail : 
sphone : 0776000064
sidtype : 0
sid : 0
rfname : Henry
rsurname : Bbosa
remail : 
rphone : 07787887
Receiver Branch : 0
passcode : ******
password : ******
userid : 4
sessionid : RIOmP8pNlxiwKlljQBS8uNxmzqQQaEjs
Exchange Rate : 3600
AmountAfterXchange : 2156400
Charge Currency : 2017-07-05 15:47:20 SELECT SQL : SELECT * FROM settings WHERE  name = 'SuspenseAccount' 
2017-07-05 15:47:20 SELECT SQL : SELECT * FROM users WHERE  id = '4' 
2017-07-05 15:47:20 INSERT SQL : INSERT INTO transfers  (ts,userIdSource,amount,currency,destinationCountryId,toBranch,senderFname,senderSurname,senderEmail,senderPhone,senderIdType,senderId,receiverFname,receiverSurname,receiverEmail,receiverPhone,fromBranch,passcode,status,sourceIpAddress)  VALUES(NOW(),'4','599','4','4','0','','lumu','','0776000064','0','0','Henry','Bbosa','','07787887','6','$2y$10$FRiC4TEiCjAfstueRBsTleEloLt.Mnp1ZktldDQ1pCoNnbOugw816','Pending','41.202.241.28')
2017-07-05 15:47:20 SELECT SQL : SELECT id,transferRef FROM transfers WHERE  id = '2' 
2017-07-05 15:47:20 INSERT SQL : INSERT INTO audit_trails  (ts,userId,tableName,recordId,field,oldValue,newValue)  VALUES(NOW(),'4','transfers','2','transferRef','','0060442')
2017-07-05 15:47:20 audit_trails Insert ID : 151
2017-07-05 15:47:20 UPDATE SQL : UPDATE transfers SET transferRef = '0060442' WHERE  id = '2'
2017-07-05 15:47:20 SELECT SQL : SELECT id FROM accounts WHERE  branchId = '6'AND currency_id = '4' 
2017-07-05 15:47:20 INSERT SQL : INSERT INTO account_transfers  (ts,amountB4Xchange,amountAfterXchange,currencyB4Xchange,currencyAfterXchange,exchangeRate,type,amount,charge,fromId,toId,transferRef,userId)  VALUES(NOW(),'599','599','2','4','3600','transfer','599','0','23','25','0060442','4')
2017-07-05 15:47:20 SELECT SQL : SELECT * FROM balances WHERE  branchId = '6'AND accountId = '23' 
2017-07-05 15:47:20 INSERT SQL : INSERT INTO balances  (ts,branchId,accountId,openingBalance,closingBalance,date)  VALUES(NOW(),'6','23','-2156400','-2156400','2017-07-05')
2017-07-05 15:47:20 Balance Create Insert ID :6
 2017-07-05 15:47:20 SELECT SQL : SELECT * FROM balances WHERE  branchId = '0'AND accountId = '25' 
2017-07-05 15:47:20 SELECT SQL : SELECT * FROM balances WHERE  branchId = '0'AND accountId = '25'AND date = '2017-07-05' 
2017-07-05 15:47:20 UPDATE SQL : UPDATE balances SET closingBalance = '2146400' WHERE  branchId = '0'AND accountId = '25'AND date = '2017-07-05'
2017-07-05 15:47:20 Balance Update Status 2:1
 2017-07-05 15:47:20 SELECT SQL : SELECT * FROM transfers WHERE  fromBranch = '6' OR toBranch = '6' OR destinationCountryId = '4' 
2017-07-05 15:47:20 Response : {"success":1,"data":"0060442"}
2017-07-05 15:47:35 ---- New Request ----
2017-07-05 15:47:35 Controller : Users
2017-07-05 15:47:35 Method : logoutAction
2017-07-05 15:47:35 Controller File : controllers/Users.class.php, Exists
2017-07-05 15:47:35 Class constructed
2017-07-05 15:47:35 Logout Params ;Session ID :RIOmP8pNlxiwKlljQBS8uNxmzqQQaEjs\User ID : 4
2017-07-05 15:47:35 UPDATE SQL : UPDATE users SET sessionId = '',ipAddress = '41.202.241.28' WHERE  id = '4'
2017-07-05 15:47:35 Response : {"success":1}
2017-07-05 15:47:51 ---- New Request ----
2017-07-05 15:47:51 Controller : Users
2017-07-05 15:47:51 Method : loginAction
2017-07-05 15:47:51 Controller File : controllers/Users.class.php, Exists
2017-07-05 15:47:51 Class constructed
2017-07-05 15:47:51 Login Params ;Username :dorah
Password : ******
2017-07-05 15:47:51 SELECT SQL : SELECT id,firstName,surname,userName,userTypeId,sessionId,password,active FROM users WHERE  userName = 'dorah' 
2017-07-05 15:48:02 ---- New Request ----
2017-07-05 15:48:02 Controller : Users
2017-07-05 15:48:02 Method : loginAction
2017-07-05 15:48:02 Controller File : controllers/Users.class.php, Exists
2017-07-05 15:48:02 Class constructed
2017-07-05 15:48:02 Login Params ;Username :dorah
Password : ******
2017-07-05 15:48:02 SELECT SQL : SELECT id,firstName,surname,userName,userTypeId,sessionId,password,active FROM users WHERE  userName = 'dorah' 
2017-07-05 15:48:19 ---- New Request ----
2017-07-05 15:48:19 Controller : Users
2017-07-05 15:48:19 Method : loginAction
2017-07-05 15:48:19 Controller File : controllers/Users.class.php, Exists
2017-07-05 15:48:19 Class constructed
2017-07-05 15:48:19 Login Params ;Username :lydia
Password : ******
2017-07-05 15:48:19 SELECT SQL : SELECT id,firstName,surname,userName,userTypeId,sessionId,password,active FROM users WHERE  userName = 'lydia' 
2017-07-05 15:48:19 UPDATE SQL : UPDATE users SET sessionId = 'XM2jHz7RhtDeqOv2y8HFL3sYpTkihtSR',ipAddress = '41.202.241.28' WHERE  id = '3'
2017-07-05 15:48:19 Response : {"success":1,"data":{"id":"3","firstName":"Lydia","surname":"Amoi","userName":"lydia","userTypeId":"2","sessionId":"XM2jHz7RhtDeqOv2y8HFL3sYpTkihtSR"}}
2017-07-05 15:48:19 ---- New Request ----
2017-07-05 15:48:19 Controller : Users
2017-07-05 15:48:19 Method : formsdetailsAction
2017-07-05 15:48:19 Controller File : controllers/Users.class.php, Exists
2017-07-05 15:48:19 Class constructed
2017-07-05 15:48:19 Details Params :
SessionID :XM2jHz7RhtDeqOv2y8HFL3sYpTkihtSR
User ID : 3
2017-07-05 15:48:19 SELECT SQL : SELECT * FROM branches WHERE  active = '1' 
2017-07-05 15:48:19 SELECT SQL : SELECT * FROM countries WHERE  active = '1' 
2017-07-05 15:48:19 SELECT SQL : SELECT * FROM identification WHERE  active = '1' 
2017-07-05 15:48:19 SELECT SQL : SELECT * FROM users WHERE  active = '1' 
2017-07-05 15:48:19 SELECT SQL : SELECT id,name,branchId,currency_id FROM accounts WHERE  active = '1'AND type_id = '1' 
2017-07-05 15:48:19 SELECT SQL : SELECT * FROM balances WHERE  branchId = '5'AND accountId = '15' 
2017-07-05 15:48:19 SELECT SQL : SELECT * FROM balances WHERE  branchId = '5'AND accountId = '15'AND date = '2017-07-05' 
2017-07-05 15:48:19 UPDATE SQL : UPDATE balances SET closingBalance = '-68362' WHERE  branchId = '5'AND accountId = '15'AND date = '2017-07-05'
2017-07-05 15:48:19 Balance Update Status 2:1
 2017-07-05 15:48:19 SELECT SQL : SELECT * FROM balances WHERE  branchId = '5'AND accountId = '16' 
2017-07-05 15:48:19 SELECT SQL : SELECT * FROM balances WHERE  branchId = '5'AND accountId = '16'AND date = '2017-07-05' 
2017-07-05 15:48:19 UPDATE SQL : UPDATE balances SET closingBalance = '1400' WHERE  branchId = '5'AND accountId = '16'AND date = '2017-07-05'
2017-07-05 15:48:19 Balance Update Status 2:1
 2017-07-05 15:48:19 SELECT SQL : SELECT * FROM balances WHERE  branchId = '5'AND accountId = '17' 
2017-07-05 15:48:19 SELECT SQL : SELECT * FROM balances WHERE  branchId = '5'AND accountId = '18' 
2017-07-05 15:48:19 SELECT SQL : SELECT * FROM balances WHERE  branchId = '5'AND accountId = '19' 
2017-07-05 15:48:19 SELECT SQL : SELECT * FROM balances WHERE  branchId = '6'AND accountId = '20' 
2017-07-05 15:48:19 SELECT SQL : SELECT * FROM balances WHERE  branchId = '6'AND accountId = '21' 
2017-07-05 15:48:19 SELECT SQL : SELECT * FROM balances WHERE  branchId = '6'AND accountId = '22' 
2017-07-05 15:48:19 SELECT SQL : SELECT * FROM balances WHERE  branchId = '6'AND accountId = '23' 
2017-07-05 15:48:19 SELECT SQL : SELECT * FROM balances WHERE  branchId = '6'AND accountId = '23'AND date = '2017-07-05' 
2017-07-05 15:48:19 UPDATE SQL : UPDATE balances SET closingBalance = '-2156400' WHERE  branchId = '6'AND accountId = '23'AND date = '2017-07-05'
2017-07-05 15:48:19 Balance Update Status 2:1
 2017-07-05 15:48:19 SELECT SQL : SELECT * FROM balances WHERE  branchId = '6'AND accountId = '24' 
2017-07-05 15:48:19 SELECT SQL : SELECT * FROM currencies WHERE  active = '1' 
2017-07-05 15:48:19 SELECT SQL : SELECT * FROM accounts WHERE  active = '1'AND type_id = '4' 
2017-07-05 15:48:19 SELECT SQL : SELECT * FROM account_types WHERE  active = '1' 
2017-07-05 15:48:19 SELECT SQL : SELECT * FROM user_types WHERE  active = '1' 
2017-07-05 15:48:19 Response : {"data":{"branches":[{"id":"5","name":"KINSHASHA","countryId":"4","location":"Patrice Avenue","supervisorId":"3","createdBy":"4","ts":"2017-06-30 00:06:55","active":"1"},{"id":"6","name":"OASIS MALL","countryId":"1","location":"Yusufu Lule Rd","supervisorId":"3","createdBy":"2","ts":"2017-06-30 00:12:08","active":"1"},{"id":"7","name":"GOMA","countryId":"4","location":"Goma","supervisorId":"3","createdBy":"1","ts":"2017-07-05 00:00:00","active":"1"},{"id":"8","name":"NAIROBI","countryId":"2","location":"Nairobi","supervisorId":"3","createdBy":"1","ts":"2017-07-05 00:00:00","active":"1"},{"id":"9","name":"MOMBASA","countryId":"2","location":"Mombasa","supervisorId":"3","createdBy":"1","ts":"2017-07-05 00:00:00","active":"1"},{"id":"10","name":"DUBAI","countryId":"6","location":"Dubai","supervisorId":"3","createdBy":"1","ts":"2017-07-05 00:00:00","active":"1"}],"countries":[{"id":"1","name":"UGANDA","createdBy":"1","ts":"2017-06-25 23:13:31","active":"1"},{"id":"2","name":"KENYA","createdBy":"1","ts":"2017-06-26 09:02:45","active":"1"},{"id":"3","name":"TZ","createdBy":"1","ts":"2017-06-28 11:11:53","active":"1"},{"id":"4","name":"CONGO","createdBy":"1","ts":"2017-06-28 11:26:11","active":"1"},{"id":"5","name":"CHINA","createdBy":"1","ts":"2017-06-28 11:30:01","active":"1"},{"id":"6","name":"UAE","createdBy":"1","ts":"2017-07-05 00:00:00","active":"1"}],"ids":[[{"id":"1","name":"Passport","createdBy":"1","ts":"2017-06-28 14:00:01","active":"1"},{"id":"2","name":"National ID","createdBy":"1","ts":"2017-06-28 14:00:01","active":"1"},{"id":"3","name":"STUDENTS ID","createdBy":"1","ts":"2017-06-28 16:21:46","active":"1"}]],"users":[{"id":"1","firstName":"You","surname":"Jinshu","email":"hudsonbogere@swipeit.co.ug","phone":"256783131266","userName":"you","branchId":"1","userTypeId":"1","password":"$2y$10$pPGbhJ1RXx\/ug.ED3LnsQuKHJTqwYsa\/iF0OqGOgsjflkHKIDTLVq","sessionId":"","ipAddress":"41.202.241.28","createdBy":null,"ts":"2017-06-23 15:08:12","active":"1"},{"id":"2","firstName":"Nansubuga","surname":"Dorothy","email":"henry@gmail.com","phone":"256752284441","userName":"dorah","branchId":"8","userTypeId":"3","password":"","sessionId":null,"ipAddress":null,"createdBy":"1","ts":"2017-06-26 19:11:07","active":"1"},{"id":"3","firstName":"Lydia","surname":"Amoi","email":"islam@gmail.com","phone":"256777608310","userName":"lydia","branchId":"5","userTypeId":"2","password":"$2y$10$m72Zz8Z.h4\/Zp6TFDhmbXeQ79kZ7JJ2U0yLUanc0dDVxbc.5UPkRG","sessionId":"XM2jHz7RhtDeqOv2y8HFL3sYpTkihtSR","ipAddress":"41.202.241.28","createdBy":"1","ts":"2017-06-26 19:41:01","active":"1"},{"id":"4","firstName":"Nabukera","surname":"Maria","email":"banerd@tfb.com","phone":"256774457813","userName":"maria","branchId":"6","userTypeId":"3","password":"$2y$10$wTpUE\/WJFMfQaBglrQocTO9ndV6dbxL2vzFDEJZ1hpVVp4binpXGO","sessionId":"","ipAddress":"41.202.241.28","createdBy":"1","ts":"2017-06-26 23:04:07","active":"1"}],"accounts":[{"id":"15","name":"KINSHASHA-RMB Account","branchId":"5","currency_id":"1"},{"id":"16","name":"KINSHASHA-USD Account","branchId":"5","currency_id":"2"},{"id":"17","name":"KINSHASHA-DIRHAM Account","branchId":"5","currency_id":"3"},{"id":"18","name":"KINSHASHA-UGX Account","branchId":"5","currency_id":"4"},{"id":"19","name":"KINSHASHA-KSH Account","branchId":"5","currency_id":"5"},{"id":"20","name":"OASIS MALL-RMB Account","branchId":"6","currency_id":"1"},{"id":"21","name":"OASIS MALL-USD Account","branchId":"6","currency_id":"2"},{"id":"22","name":"OASIS MALL-DIRHAM Account","branchId":"6","currency_id":"3"},{"id":"23","name":"OASIS MALL-UGX Account","branchId":"6","currency_id":"4"},{"id":"24","name":"OASIS MALL-KSH Account","branchId":"6","currency_id":"5"}],"currencies":[{"id":"1","name":"RMB","symbol":"\u00c2\u00a5","createdBy":"1","ts":"2017-06-27 22:45:12","active":"1"},{"id":"2","name":"USD","symbol":"$","createdBy":"1","ts":"2017-06-27 22:45:12","active":"1"},{"id":"3","name":"DIRHAM","symbol":"","createdBy":"1","ts":"2017-06-28 11:40:09","active":"1"},{"id":"4","name":"UGX","symbol":"\/=","createdBy":"1","ts":"2017-06-28 11:46:50","active":"1"},{"id":"5","name":"KSH","symbol":"","createdBy":"1","ts":"2017-06-28 11:46:50","active":"1"}],"superaccount":[{"id":"1","name":"RMB Account","branchId":"0","type_id":"4","currency_id":"1","balance":"0","createdBy":"1","active":"1","ts":"2017-06-27 22:45:12"}],"accountTypes":[{"id":"1","type":"Transfer","description":"","createdBy":"1","ts":"2017-06-28 14:31:12","active":"1"},{"id":"2","type":"Suspense","description":"","createdBy":"1","ts":"2017-06-28 14:31:12","active":"1"},{"id":"4","type":"Super","description":"","createdBy":"1","ts":"2017-06-28 14:31:12","active":"1"}],"userTypes":[{"id":"1","name":"E-Value Admin","level":"1","ts":"2017-06-27 22:45:12","active":"1"},{"id":"2","name":"Super User","level":"2","ts":"2017-06-27 22:45:12","active":"1"},{"id":"3","name":"Agent","level":"3","ts":"2017-06-27 22:45:12","active":"1"},{"id":"4","name":"System Admin","level":"4","ts":"2017-06-27 22:45:12","active":"1"}]},"success":1}
2017-07-05 15:48:48 ---- New Request ----
2017-07-05 15:48:48 Controller : Users
2017-07-05 15:48:48 Method : logoutAction
2017-07-05 15:48:48 Controller File : controllers/Users.class.php, Exists
2017-07-05 15:48:48 Class constructed
2017-07-05 15:48:48 Logout Params ;Session ID :XM2jHz7RhtDeqOv2y8HFL3sYpTkihtSR\User ID : 3
2017-07-05 15:48:48 UPDATE SQL : UPDATE users SET sessionId = '',ipAddress = '41.202.241.28' WHERE  id = '3'
2017-07-05 15:48:48 Response : {"success":1}
2017-07-05 15:49:00 ---- New Request ----
2017-07-05 15:49:00 Controller : Users
2017-07-05 15:49:00 Method : loginAction
2017-07-05 15:49:00 Controller File : controllers/Users.class.php, Exists
2017-07-05 15:49:00 Class constructed
2017-07-05 15:49:00 Login Params ;Username :dorah
Password : ******
2017-07-05 15:49:00 SELECT SQL : SELECT id,firstName,surname,userName,userTypeId,sessionId,password,active FROM users WHERE  userName = 'dorah' 
2017-07-05 15:50:35 ---- New Request ----
2017-07-05 15:50:35 Controller : Users
2017-07-05 15:50:35 Method : loginAction
2017-07-05 15:50:35 Controller File : controllers/Users.class.php, Exists
2017-07-05 15:50:35 Class constructed
2017-07-05 15:50:35 Login Params ;Username :lydia
Password : ******
2017-07-05 15:50:35 SELECT SQL : SELECT id,firstName,surname,userName,userTypeId,sessionId,password,active FROM users WHERE  userName = 'lydia' 
2017-07-05 15:50:35 UPDATE SQL : UPDATE users SET sessionId = 'seOf6fDNtQcTcqxA1TRuHWg2BtAdqMvD',ipAddress = '41.202.241.28' WHERE  id = '3'
2017-07-05 15:50:35 Response : {"success":1,"data":{"id":"3","firstName":"Lydia","surname":"Amoi","userName":"lydia","userTypeId":"2","sessionId":"seOf6fDNtQcTcqxA1TRuHWg2BtAdqMvD"}}
2017-07-05 15:50:35 ---- New Request ----
2017-07-05 15:50:35 Controller : Users
2017-07-05 15:50:35 Method : formsdetailsAction
2017-07-05 15:50:35 Controller File : controllers/Users.class.php, Exists
2017-07-05 15:50:35 Class constructed
2017-07-05 15:50:35 Details Params :
SessionID :seOf6fDNtQcTcqxA1TRuHWg2BtAdqMvD
User ID : 3
2017-07-05 15:50:35 SELECT SQL : SELECT * FROM branches WHERE  active = '1' 
2017-07-05 15:50:35 SELECT SQL : SELECT * FROM countries WHERE  active = '1' 
2017-07-05 15:50:35 SELECT SQL : SELECT * FROM identification WHERE  active = '1' 
2017-07-05 15:50:35 SELECT SQL : SELECT * FROM users WHERE  active = '1' 
2017-07-05 15:50:35 SELECT SQL : SELECT id,name,branchId,currency_id FROM accounts WHERE  active = '1'AND type_id = '1' 
2017-07-05 15:50:35 SELECT SQL : SELECT * FROM balances WHERE  branchId = '5'AND accountId = '15' 
2017-07-05 15:50:35 SELECT SQL : SELECT * FROM balances WHERE  branchId = '5'AND accountId = '15'AND date = '2017-07-05' 
2017-07-05 15:50:35 UPDATE SQL : UPDATE balances SET closingBalance = '-68362' WHERE  branchId = '5'AND accountId = '15'AND date = '2017-07-05'
2017-07-05 15:50:35 Balance Update Status 2:1
 2017-07-05 15:50:35 SELECT SQL : SELECT * FROM balances WHERE  branchId = '5'AND accountId = '16' 
2017-07-05 15:50:35 SELECT SQL : SELECT * FROM balances WHERE  branchId = '5'AND accountId = '16'AND date = '2017-07-05' 
2017-07-05 15:50:35 UPDATE SQL : UPDATE balances SET closingBalance = '1400' WHERE  branchId = '5'AND accountId = '16'AND date = '2017-07-05'
2017-07-05 15:50:35 Balance Update Status 2:1
 2017-07-05 15:50:35 SELECT SQL : SELECT * FROM balances WHERE  branchId = '5'AND accountId = '17' 
2017-07-05 15:50:35 SELECT SQL : SELECT * FROM balances WHERE  branchId = '5'AND accountId = '18' 
2017-07-05 15:50:35 SELECT SQL : SELECT * FROM balances WHERE  branchId = '5'AND accountId = '19' 
2017-07-05 15:50:35 SELECT SQL : SELECT * FROM balances WHERE  branchId = '6'AND accountId = '20' 
2017-07-05 15:50:35 SELECT SQL : SELECT * FROM balances WHERE  branchId = '6'AND accountId = '21' 
2017-07-05 15:50:35 SELECT SQL : SELECT * FROM balances WHERE  branchId = '6'AND accountId = '22' 
2017-07-05 15:50:35 SELECT SQL : SELECT * FROM balances WHERE  branchId = '6'AND accountId = '23' 
2017-07-05 15:50:35 SELECT SQL : SELECT * FROM balances WHERE  branchId = '6'AND accountId = '23'AND date = '2017-07-05' 
2017-07-05 15:50:35 UPDATE SQL : UPDATE balances SET closingBalance = '-2156400' WHERE  branchId = '6'AND accountId = '23'AND date = '2017-07-05'
2017-07-05 15:50:35 Balance Update Status 2:1
 2017-07-05 15:50:35 SELECT SQL : SELECT * FROM balances WHERE  branchId = '6'AND accountId = '24' 
2017-07-05 15:50:35 SELECT SQL : SELECT * FROM currencies WHERE  active = '1' 
2017-07-05 15:50:35 SELECT SQL : SELECT * FROM accounts WHERE  active = '1'AND type_id = '4' 
2017-07-05 15:50:35 SELECT SQL : SELECT * FROM account_types WHERE  active = '1' 
2017-07-05 15:50:35 SELECT SQL : SELECT * FROM user_types WHERE  active = '1' 
2017-07-05 15:50:35 Response : {"data":{"branches":[{"id":"5","name":"KINSHASHA","countryId":"4","location":"Patrice Avenue","supervisorId":"3","createdBy":"4","ts":"2017-06-30 00:06:55","active":"1"},{"id":"6","name":"OASIS MALL","countryId":"1","location":"Yusufu Lule Rd","supervisorId":"3","createdBy":"2","ts":"2017-06-30 00:12:08","active":"1"},{"id":"7","name":"GOMA","countryId":"4","location":"Goma","supervisorId":"3","createdBy":"1","ts":"2017-07-05 00:00:00","active":"1"},{"id":"8","name":"NAIROBI","countryId":"2","location":"Nairobi","supervisorId":"3","createdBy":"1","ts":"2017-07-05 00:00:00","active":"1"},{"id":"9","name":"MOMBASA","countryId":"2","location":"Mombasa","supervisorId":"3","createdBy":"1","ts":"2017-07-05 00:00:00","active":"1"},{"id":"10","name":"DUBAI","countryId":"6","location":"Dubai","supervisorId":"3","createdBy":"1","ts":"2017-07-05 00:00:00","active":"1"}],"countries":[{"id":"1","name":"UGANDA","createdBy":"1","ts":"2017-06-25 23:13:31","active":"1"},{"id":"2","name":"KENYA","createdBy":"1","ts":"2017-06-26 09:02:45","active":"1"},{"id":"3","name":"TZ","createdBy":"1","ts":"2017-06-28 11:11:53","active":"1"},{"id":"4","name":"CONGO","createdBy":"1","ts":"2017-06-28 11:26:11","active":"1"},{"id":"5","name":"CHINA","createdBy":"1","ts":"2017-06-28 11:30:01","active":"1"},{"id":"6","name":"UAE","createdBy":"1","ts":"2017-07-05 00:00:00","active":"1"}],"ids":[[{"id":"1","name":"Passport","createdBy":"1","ts":"2017-06-28 14:00:01","active":"1"},{"id":"2","name":"National ID","createdBy":"1","ts":"2017-06-28 14:00:01","active":"1"},{"id":"3","name":"STUDENTS ID","createdBy":"1","ts":"2017-06-28 16:21:46","active":"1"}]],"users":[{"id":"1","firstName":"You","surname":"Jinshu","email":"hudsonbogere@swipeit.co.ug","phone":"256783131266","userName":"you","branchId":"1","userTypeId":"1","password":"$2y$10$pPGbhJ1RXx\/ug.ED3LnsQuKHJTqwYsa\/iF0OqGOgsjflkHKIDTLVq","sessionId":"","ipAddress":"41.202.241.28","createdBy":null,"ts":"2017-06-23 15:08:12","active":"1"},{"id":"2","firstName":"Nansubuga","surname":"Dorothy","email":"henry@gmail.com","phone":"256752284441","userName":"dorah","branchId":"8","userTypeId":"3","password":"","sessionId":null,"ipAddress":null,"createdBy":"1","ts":"2017-06-26 19:11:07","active":"1"},{"id":"3","firstName":"Lydia","surname":"Amoi","email":"islam@gmail.com","phone":"256777608310","userName":"lydia","branchId":"5","userTypeId":"2","password":"$2y$10$m72Zz8Z.h4\/Zp6TFDhmbXeQ79kZ7JJ2U0yLUanc0dDVxbc.5UPkRG","sessionId":"seOf6fDNtQcTcqxA1TRuHWg2BtAdqMvD","ipAddress":"41.202.241.28","createdBy":"1","ts":"2017-06-26 19:41:01","active":"1"},{"id":"4","firstName":"Nabukera","surname":"Maria","email":"banerd@tfb.com","phone":"256774457813","userName":"maria","branchId":"6","userTypeId":"3","password":"$2y$10$wTpUE\/WJFMfQaBglrQocTO9ndV6dbxL2vzFDEJZ1hpVVp4binpXGO","sessionId":"","ipAddress":"41.202.241.28","createdBy":"1","ts":"2017-06-26 23:04:07","active":"1"}],"accounts":[{"id":"15","name":"KINSHASHA-RMB Account","branchId":"5","currency_id":"1"},{"id":"16","name":"KINSHASHA-USD Account","branchId":"5","currency_id":"2"},{"id":"17","name":"KINSHASHA-DIRHAM Account","branchId":"5","currency_id":"3"},{"id":"18","name":"KINSHASHA-UGX Account","branchId":"5","currency_id":"4"},{"id":"19","name":"KINSHASHA-KSH Account","branchId":"5","currency_id":"5"},{"id":"20","name":"OASIS MALL-RMB Account","branchId":"6","currency_id":"1"},{"id":"21","name":"OASIS MALL-USD Account","branchId":"6","currency_id":"2"},{"id":"22","name":"OASIS MALL-DIRHAM Account","branchId":"6","currency_id":"3"},{"id":"23","name":"OASIS MALL-UGX Account","branchId":"6","currency_id":"4"},{"id":"24","name":"OASIS MALL-KSH Account","branchId":"6","currency_id":"5"}],"currencies":[{"id":"1","name":"RMB","symbol":"\u00c2\u00a5","createdBy":"1","ts":"2017-06-27 22:45:12","active":"1"},{"id":"2","name":"USD","symbol":"$","createdBy":"1","ts":"2017-06-27 22:45:12","active":"1"},{"id":"3","name":"DIRHAM","symbol":"","createdBy":"1","ts":"2017-06-28 11:40:09","active":"1"},{"id":"4","name":"UGX","symbol":"\/=","createdBy":"1","ts":"2017-06-28 11:46:50","active":"1"},{"id":"5","name":"KSH","symbol":"","createdBy":"1","ts":"2017-06-28 11:46:50","active":"1"}],"superaccount":[{"id":"1","name":"RMB Account","branchId":"0","type_id":"4","currency_id":"1","balance":"0","createdBy":"1","active":"1","ts":"2017-06-27 22:45:12"}],"accountTypes":[{"id":"1","type":"Transfer","description":"","createdBy":"1","ts":"2017-06-28 14:31:12","active":"1"},{"id":"2","type":"Suspense","description":"","createdBy":"1","ts":"2017-06-28 14:31:12","active":"1"},{"id":"4","type":"Super","description":"","createdBy":"1","ts":"2017-06-28 14:31:12","active":"1"}],"userTypes":[{"id":"1","name":"E-Value Admin","level":"1","ts":"2017-06-27 22:45:12","active":"1"},{"id":"2","name":"Super User","level":"2","ts":"2017-06-27 22:45:12","active":"1"},{"id":"3","name":"Agent","level":"3","ts":"2017-06-27 22:45:12","active":"1"},{"id":"4","name":"System Admin","level":"4","ts":"2017-06-27 22:45:12","active":"1"}]},"success":1}
2017-07-05 15:52:14 ---- New Request ----
2017-07-05 15:52:14 Controller : Transfers
2017-07-05 15:52:14 Method : transfercashoutAction
2017-07-05 15:52:14 Controller File : controllers/Transfers.class.php, Exists
2017-07-05 15:52:14 Class constructed
2017-07-05 15:52:14 Class constructed
2017-07-05 15:52:14 Passcode : ******
Transaction Ref : 0060442
UserID : 3
Session ID : seOf6fDNtQcTcqxA1TRuHWg2BtAdqMvD
2017-07-05 15:52:14 SELECT SQL : SELECT sessionId FROM users WHERE  id = '3' 
2017-07-05 15:52:14 SELECT SQL : SELECT * FROM transfers WHERE  transferRef = '0060442' 
2017-07-05 15:52:14 SELECT SQL : SELECT name FROM countries WHERE  id = '4' 
2017-07-05 15:52:14 SELECT SQL : SELECT name FROM branches WHERE  id = '6' 
2017-07-05 15:52:14 SELECT SQL : SELECT name FROM currencies WHERE  id = '4' 
2017-07-05 15:52:14 Response : {"success":1,"data":{"id":"2","fromBranch":"6","toBranch":"0","amount":"599","currency":"4","charge":null,"transferRef":"0060442","passcode":"$2y$10$FRiC4TEiCjAfstueRBsTleEloLt.Mnp1ZktldDQ1pCoNnbOugw816","userIdSource":"4","userIdDestination":null,"ts":"2017-07-05 12:47:20","withdrawTs":null,"status":"Pending","senderFname":"","senderSurname":"lumu","senderPhone":"0776000064","senderIdType":"0","senderId":"0","senderEmail":"","receiverFname":"Henry","receiverSurname":"Bbosa","receiverPhone":"07787887","receiverIdType":null,"receiverId":null,"receiverEmail":"","receiverAccountNumber":null,"destinationCountryId":"4","sourceIpAddress":"41.202.241.28","destinationIpAddress":null,"fromBranchName":"OASIS MALL","fromCountry":"CONGO","currencyName":"UGX"}}
2017-07-05 15:52:37 ---- New Request ----
2017-07-05 15:52:37 Controller : Transfers
2017-07-05 15:52:37 Method : completetransfercashoutAction
2017-07-05 15:52:37 Controller File : controllers/Transfers.class.php, Exists
2017-07-05 15:52:37 Class constructed
2017-07-05 15:52:37 Class constructed
2017-07-05 15:52:37 Password : ******
Transaction Ref : 0060442
UserID : 3
Session ID : seOf6fDNtQcTcqxA1TRuHWg2BtAdqMvD
ID Number : 1230034
ID Type : 
Charge : 
Charge Currency : 
2017-07-05 15:52:37 SELECT SQL : SELECT * FROM users WHERE  id = '3' 
2017-07-05 15:52:37 SELECT SQL : SELECT * FROM transfers WHERE  transferRef = '0060442'AND status = 'Pending' 
2017-07-05 15:52:37 SELECT SQL : SELECT id,destinationIpAddress FROM transfers WHERE  transferRef = '0060442' 
2017-07-05 15:52:37 INSERT SQL : INSERT INTO audit_trails  (ts,userId,tableName,recordId,field,oldValue,newValue)  VALUES(NOW(),'3','transfers','2','destinationIpAddress','','41.202.241.28')
2017-07-05 15:52:37 audit_trails Insert ID : 152
2017-07-05 15:52:37 SELECT SQL : SELECT id,receiverIdType FROM transfers WHERE  transferRef = '0060442' 
2017-07-05 15:52:37 INSERT SQL : INSERT INTO audit_trails  (ts,userId,tableName,recordId,field,oldValue,newValue)  VALUES(NOW(),'3','transfers','2','receiverIdType','','0')
2017-07-05 15:52:37 audit_trails Insert ID : 153
2017-07-05 15:52:37 SELECT SQL : SELECT id,receiverId FROM transfers WHERE  transferRef = '0060442' 
2017-07-05 15:52:37 INSERT SQL : INSERT INTO audit_trails  (ts,userId,tableName,recordId,field,oldValue,newValue)  VALUES(NOW(),'3','transfers','2','receiverId','','1230034')
2017-07-05 15:52:37 audit_trails Insert ID : 154
2017-07-05 15:52:37 SELECT SQL : SELECT id,toBranch FROM transfers WHERE  transferRef = '0060442' 
2017-07-05 15:52:37 INSERT SQL : INSERT INTO audit_trails  (ts,userId,tableName,recordId,field,oldValue,newValue)  VALUES(NOW(),'3','transfers','2','toBranch','0','5')
2017-07-05 15:52:37 audit_trails Insert ID : 155
2017-07-05 15:52:37 SELECT SQL : SELECT id,Status FROM transfers WHERE  transferRef = '0060442' 
2017-07-05 15:52:37 INSERT SQL : INSERT INTO audit_trails  (ts,userId,tableName,recordId,field,oldValue,newValue)  VALUES(NOW(),'3','transfers','2','Status','Pending','Success')
2017-07-05 15:52:37 audit_trails Insert ID : 156
2017-07-05 15:52:37 SELECT SQL : SELECT id,userIdDestination FROM transfers WHERE  transferRef = '0060442' 
2017-07-05 15:52:37 INSERT SQL : INSERT INTO audit_trails  (ts,userId,tableName,recordId,field,oldValue,newValue)  VALUES(NOW(),'3','transfers','2','userIdDestination','','3')
2017-07-05 15:52:37 audit_trails Insert ID : 157
2017-07-05 15:52:37 SELECT SQL : SELECT id,withdrawTs FROM transfers WHERE  transferRef = '0060442' 
2017-07-05 15:52:37 INSERT SQL : INSERT INTO audit_trails  (ts,userId,tableName,recordId,field,oldValue,newValue)  VALUES(NOW(),'3','transfers','2','withdrawTs','','2017-07-05 15:07:37')
2017-07-05 15:52:37 audit_trails Insert ID : 158
2017-07-05 15:52:37 UPDATE SQL : UPDATE transfers SET destinationIpAddress = '41.202.241.28',receiverIdType = '0',receiverId = '1230034',toBranch = '5',Status = 'Success',userIdDestination = '3',withdrawTs = '2017-07-05 15:07:37' WHERE  transferRef = '0060442'
2017-07-05 15:52:37 SELECT SQL : SELECT * FROM settings WHERE  name = 'SuspenseAccount' 
2017-07-05 15:52:37 SELECT SQL : SELECT * FROM account_transfers WHERE  transferRef = '0060442' 
2017-07-05 15:52:37 SELECT SQL : SELECT id FROM accounts WHERE  branchId = '5'AND currency_id = '4' 
2017-07-05 15:52:37 INSERT SQL : INSERT INTO account_transfers  (ts,type,amount,amountB4Xchange,amountAfterXchange,exchangeRate,currencyAfterXchange,charge,chargeCurrency,fromId,toId,userId,createdBy,transferRef)  VALUES(NOW(),'transfer','599','599','599','3600','4','0','0','25','18','3','3','0060442')
2017-07-05 15:52:37 SELECT SQL : SELECT * FROM balances WHERE  branchId = '0'AND accountId = '25' 
2017-07-05 15:52:37 SELECT SQL : SELECT * FROM balances WHERE  branchId = '0'AND accountId = '25'AND date = '2017-07-05' 
2017-07-05 15:52:37 UPDATE SQL : UPDATE balances SET closingBalance = '2145801' WHERE  branchId = '0'AND accountId = '25'AND date = '2017-07-05'
2017-07-05 15:52:37 Balance Update Status 2:1
 2017-07-05 15:52:37 SELECT SQL : SELECT * FROM balances WHERE  branchId = '5'AND accountId = '18' 
2017-07-05 15:52:37 Response : {"success":1,"data":"Transfer cashed out successfully"}
2017-07-05 15:54:51 ---- New Request ----
2017-07-05 15:54:51 Controller : Transfers
2017-07-05 15:54:51 Method : createtransferAction
2017-07-05 15:54:51 Controller File : controllers/Transfers.class.php, Exists
2017-07-05 15:54:51 Class constructed
2017-07-05 15:54:51 Class constructed
2017-07-05 15:54:51 Transfer Creation Params ;Amount :560500\currencyid : 1
Country : 5
Charge : 0
sfname : 
ssurname : SAAd
Account Number : 
semail : 
sphone : 0776000064
sidtype : 0
sid : 0
rfname : You
rsurname : Jing
remail : 
rphone : 07787887
Receiver Branch : 0
passcode : ******
password : ******
userid : 3
sessionid : seOf6fDNtQcTcqxA1TRuHWg2BtAdqMvD
Exchange Rate : 6.82
AmountAfterXchange : 3822610
Charge Currency : 2017-07-05 15:54:51 SELECT SQL : SELECT * FROM settings WHERE  name = 'SuspenseAccount' 
2017-07-05 15:54:51 SELECT SQL : SELECT * FROM users WHERE  id = '3' 
2017-07-05 15:54:51 INSERT SQL : INSERT INTO transfers  (ts,userIdSource,amount,currency,destinationCountryId,toBranch,senderFname,senderSurname,senderEmail,senderPhone,senderIdType,senderId,receiverFname,receiverSurname,receiverEmail,receiverPhone,fromBranch,passcode,status,sourceIpAddress)  VALUES(NOW(),'3','560500','1','5','0','','SAAd','','0776000064','0','0','You','Jing','','07787887','5','$2y$10$WpZWJ.16P9MVcCU/0Jyxk.6gsCkjvyBerYJGO8iRHJYocF0.dXWdW','Pending','41.202.241.28')
2017-07-05 15:54:51 SELECT SQL : SELECT id,transferRef FROM transfers WHERE  id = '3' 
2017-07-05 15:54:51 INSERT SQL : INSERT INTO audit_trails  (ts,userId,tableName,recordId,field,oldValue,newValue)  VALUES(NOW(),'3','transfers','3','transferRef','','0050533')
2017-07-05 15:54:51 audit_trails Insert ID : 159
2017-07-05 15:54:51 UPDATE SQL : UPDATE transfers SET transferRef = '0050533' WHERE  id = '3'
2017-07-05 15:54:51 SELECT SQL : SELECT id FROM accounts WHERE  branchId = '5'AND currency_id = '1' 
2017-07-05 15:54:51 INSERT SQL : INSERT INTO account_transfers  (ts,amountB4Xchange,amountAfterXchange,currencyB4Xchange,currencyAfterXchange,exchangeRate,type,amount,charge,fromId,toId,transferRef,userId)  VALUES(NOW(),'560500','560500','2','1','6.82','transfer','560500','0','15','25','0050533','3')
2017-07-05 15:54:51 SELECT SQL : SELECT * FROM balances WHERE  branchId = '5'AND accountId = '15' 
2017-07-05 15:54:51 SELECT SQL : SELECT * FROM balances WHERE  branchId = '5'AND accountId = '15'AND date = '2017-07-05' 
2017-07-05 15:54:51 UPDATE SQL : UPDATE balances SET closingBalance = '-3890972' WHERE  branchId = '5'AND accountId = '15'AND date = '2017-07-05'
2017-07-05 15:54:51 Balance Update Status 2:1
 2017-07-05 15:54:51 SELECT SQL : SELECT * FROM balances WHERE  branchId = '0'AND accountId = '25' 
2017-07-05 15:54:51 SELECT SQL : SELECT * FROM balances WHERE  branchId = '0'AND accountId = '25'AND date = '2017-07-05' 
2017-07-05 15:54:51 UPDATE SQL : UPDATE balances SET closingBalance = '5968410' WHERE  branchId = '0'AND accountId = '25'AND date = '2017-07-05'
2017-07-05 15:54:51 Balance Update Status 2:1
 2017-07-05 15:54:51 SELECT SQL : SELECT * FROM transfers WHERE  fromBranch = '5' OR toBranch = '5' OR destinationCountryId = '5' 
2017-07-05 15:54:51 Response : {"success":1,"data":"0050533"}
2017-07-05 15:55:05 ---- New Request ----
2017-07-05 15:55:05 Controller : Users
2017-07-05 15:55:05 Method : logoutAction
2017-07-05 15:55:05 Controller File : controllers/Users.class.php, Exists
2017-07-05 15:55:05 Class constructed
2017-07-05 15:55:05 Logout Params ;Session ID :seOf6fDNtQcTcqxA1TRuHWg2BtAdqMvD\User ID : 3
2017-07-05 15:55:05 UPDATE SQL : UPDATE users SET sessionId = '',ipAddress = '41.202.241.28' WHERE  id = '3'
2017-07-05 15:55:05 Response : {"success":1}
2017-07-05 15:55:17 ---- New Request ----
2017-07-05 15:55:17 Controller : Users
2017-07-05 15:55:17 Method : loginAction
2017-07-05 15:55:17 Controller File : controllers/Users.class.php, Exists
2017-07-05 15:55:17 Class constructed
2017-07-05 15:55:17 Login Params ;Username :maria
Password : ******
2017-07-05 15:55:17 SELECT SQL : SELECT id,firstName,surname,userName,userTypeId,sessionId,password,active FROM users WHERE  userName = 'maria' 
2017-07-05 15:55:17 UPDATE SQL : UPDATE users SET sessionId = 'b4gEEkgqT2lt6F8pQzRb0NLGGAskFmwl',ipAddress = '41.202.241.28' WHERE  id = '4'
2017-07-05 15:55:17 Response : {"success":1,"data":{"id":"4","firstName":"Nabukera","surname":"Maria","userName":"maria","userTypeId":"3","sessionId":"b4gEEkgqT2lt6F8pQzRb0NLGGAskFmwl"}}
2017-07-05 15:55:18 ---- New Request ----
2017-07-05 15:55:18 Controller : Users
2017-07-05 15:55:18 Method : formsdetailsAction
2017-07-05 15:55:18 Controller File : controllers/Users.class.php, Exists
2017-07-05 15:55:18 Class constructed
2017-07-05 15:55:18 Details Params :
SessionID :b4gEEkgqT2lt6F8pQzRb0NLGGAskFmwl
User ID : 4
2017-07-05 15:55:18 SELECT SQL : SELECT * FROM branches WHERE  active = '1' 
2017-07-05 15:55:18 SELECT SQL : SELECT * FROM countries WHERE  active = '1' 
2017-07-05 15:55:18 SELECT SQL : SELECT * FROM identification WHERE  active = '1' 
2017-07-05 15:55:18 SELECT SQL : SELECT * FROM users WHERE  active = '1' 
2017-07-05 15:55:18 SELECT SQL : SELECT id,name,branchId,currency_id FROM accounts WHERE  active = '1'AND type_id = '1' 
2017-07-05 15:55:18 SELECT SQL : SELECT * FROM balances WHERE  branchId = '5'AND accountId = '15' 
2017-07-05 15:55:18 SELECT SQL : SELECT * FROM balances WHERE  branchId = '5'AND accountId = '15'AND date = '2017-07-05' 
2017-07-05 15:55:18 UPDATE SQL : UPDATE balances SET closingBalance = '-3890970' WHERE  branchId = '5'AND accountId = '15'AND date = '2017-07-05'
2017-07-05 15:55:18 Balance Update Status 2:1
 2017-07-05 15:55:18 SELECT SQL : SELECT * FROM balances WHERE  branchId = '5'AND accountId = '16' 
2017-07-05 15:55:18 SELECT SQL : SELECT * FROM balances WHERE  branchId = '5'AND accountId = '16'AND date = '2017-07-05' 
2017-07-05 15:55:18 UPDATE SQL : UPDATE balances SET closingBalance = '1400' WHERE  branchId = '5'AND accountId = '16'AND date = '2017-07-05'
2017-07-05 15:55:18 Balance Update Status 2:1
 2017-07-05 15:55:18 SELECT SQL : SELECT * FROM balances WHERE  branchId = '5'AND accountId = '17' 
2017-07-05 15:55:18 SELECT SQL : SELECT * FROM balances WHERE  branchId = '5'AND accountId = '18' 
2017-07-05 15:55:18 SELECT SQL : SELECT * FROM balances WHERE  branchId = '5'AND accountId = '19' 
2017-07-05 15:55:18 SELECT SQL : SELECT * FROM balances WHERE  branchId = '6'AND accountId = '20' 
2017-07-05 15:55:18 SELECT SQL : SELECT * FROM balances WHERE  branchId = '6'AND accountId = '21' 
2017-07-05 15:55:18 SELECT SQL : SELECT * FROM balances WHERE  branchId = '6'AND accountId = '22' 
2017-07-05 15:55:18 SELECT SQL : SELECT * FROM balances WHERE  branchId = '6'AND accountId = '23' 
2017-07-05 15:55:18 SELECT SQL : SELECT * FROM balances WHERE  branchId = '6'AND accountId = '23'AND date = '2017-07-05' 
2017-07-05 15:55:18 UPDATE SQL : UPDATE balances SET closingBalance = '-2156400' WHERE  branchId = '6'AND accountId = '23'AND date = '2017-07-05'
2017-07-05 15:55:18 Balance Update Status 2:1
 2017-07-05 15:55:18 SELECT SQL : SELECT * FROM balances WHERE  branchId = '6'AND accountId = '24' 
2017-07-05 15:55:18 SELECT SQL : SELECT * FROM currencies WHERE  active = '1' 
2017-07-05 15:55:18 SELECT SQL : SELECT * FROM accounts WHERE  active = '1'AND type_id = '4' 
2017-07-05 15:55:18 SELECT SQL : SELECT * FROM account_types WHERE  active = '1' 
2017-07-05 15:55:18 SELECT SQL : SELECT * FROM user_types WHERE  active = '1' 
2017-07-05 15:55:18 Response : {"data":{"branches":[{"id":"5","name":"KINSHASHA","countryId":"4","location":"Patrice Avenue","supervisorId":"3","createdBy":"4","ts":"2017-06-30 00:06:55","active":"1"},{"id":"6","name":"OASIS MALL","countryId":"1","location":"Yusufu Lule Rd","supervisorId":"3","createdBy":"2","ts":"2017-06-30 00:12:08","active":"1"},{"id":"7","name":"GOMA","countryId":"4","location":"Goma","supervisorId":"3","createdBy":"1","ts":"2017-07-05 00:00:00","active":"1"},{"id":"8","name":"NAIROBI","countryId":"2","location":"Nairobi","supervisorId":"3","createdBy":"1","ts":"2017-07-05 00:00:00","active":"1"},{"id":"9","name":"MOMBASA","countryId":"2","location":"Mombasa","supervisorId":"3","createdBy":"1","ts":"2017-07-05 00:00:00","active":"1"},{"id":"10","name":"DUBAI","countryId":"6","location":"Dubai","supervisorId":"3","createdBy":"1","ts":"2017-07-05 00:00:00","active":"1"}],"countries":[{"id":"1","name":"UGANDA","createdBy":"1","ts":"2017-06-25 23:13:31","active":"1"},{"id":"2","name":"KENYA","createdBy":"1","ts":"2017-06-26 09:02:45","active":"1"},{"id":"3","name":"TZ","createdBy":"1","ts":"2017-06-28 11:11:53","active":"1"},{"id":"4","name":"CONGO","createdBy":"1","ts":"2017-06-28 11:26:11","active":"1"},{"id":"5","name":"CHINA","createdBy":"1","ts":"2017-06-28 11:30:01","active":"1"},{"id":"6","name":"UAE","createdBy":"1","ts":"2017-07-05 00:00:00","active":"1"}],"ids":[[{"id":"1","name":"Passport","createdBy":"1","ts":"2017-06-28 14:00:01","active":"1"},{"id":"2","name":"National ID","createdBy":"1","ts":"2017-06-28 14:00:01","active":"1"},{"id":"3","name":"STUDENTS ID","createdBy":"1","ts":"2017-06-28 16:21:46","active":"1"}]],"users":[{"id":"1","firstName":"You","surname":"Jinshu","email":"hudsonbogere@swipeit.co.ug","phone":"256783131266","userName":"you","branchId":"1","userTypeId":"1","password":"$2y$10$pPGbhJ1RXx\/ug.ED3LnsQuKHJTqwYsa\/iF0OqGOgsjflkHKIDTLVq","sessionId":"","ipAddress":"41.202.241.28","createdBy":null,"ts":"2017-06-23 15:08:12","active":"1"},{"id":"2","firstName":"Nansubuga","surname":"Dorothy","email":"henry@gmail.com","phone":"256752284441","userName":"dorah","branchId":"8","userTypeId":"3","password":"$2y$10$m72Zz8Z.h4\/Zp6TFDhmbXeQ79kZ7JJ2U0yLUanc0dDVxbc.5UPkRG","sessionId":null,"ipAddress":null,"createdBy":"1","ts":"2017-06-26 19:11:07","active":"1"},{"id":"3","firstName":"Lydia","surname":"Amoi","email":"islam@gmail.com","phone":"256777608310","userName":"lydia","branchId":"5","userTypeId":"2","password":"$2y$10$m72Zz8Z.h4\/Zp6TFDhmbXeQ79kZ7JJ2U0yLUanc0dDVxbc.5UPkRG","sessionId":"","ipAddress":"41.202.241.28","createdBy":"1","ts":"2017-06-26 19:41:01","active":"1"},{"id":"4","firstName":"Nabukera","surname":"Maria","email":"banerd@tfb.com","phone":"256774457813","userName":"maria","branchId":"6","userTypeId":"3","password":"$2y$10$wTpUE\/WJFMfQaBglrQocTO9ndV6dbxL2vzFDEJZ1hpVVp4binpXGO","sessionId":"b4gEEkgqT2lt6F8pQzRb0NLGGAskFmwl","ipAddress":"41.202.241.28","createdBy":"1","ts":"2017-06-26 23:04:07","active":"1"}],"accounts":[{"id":"15","name":"KINSHASHA-RMB Account","branchId":"5","currency_id":"1"},{"id":"16","name":"KINSHASHA-USD Account","branchId":"5","currency_id":"2"},{"id":"17","name":"KINSHASHA-DIRHAM Account","branchId":"5","currency_id":"3"},{"id":"18","name":"KINSHASHA-UGX Account","branchId":"5","currency_id":"4"},{"id":"19","name":"KINSHASHA-KSH Account","branchId":"5","currency_id":"5"},{"id":"20","name":"OASIS MALL-RMB Account","branchId":"6","currency_id":"1"},{"id":"21","name":"OASIS MALL-USD Account","branchId":"6","currency_id":"2"},{"id":"22","name":"OASIS MALL-DIRHAM Account","branchId":"6","currency_id":"3"},{"id":"23","name":"OASIS MALL-UGX Account","branchId":"6","currency_id":"4"},{"id":"24","name":"OASIS MALL-KSH Account","branchId":"6","currency_id":"5"}],"currencies":[{"id":"1","name":"RMB","symbol":"\u00c2\u00a5","createdBy":"1","ts":"2017-06-27 22:45:12","active":"1"},{"id":"2","name":"USD","symbol":"$","createdBy":"1","ts":"2017-06-27 22:45:12","active":"1"},{"id":"3","name":"DIRHAM","symbol":"","createdBy":"1","ts":"2017-06-28 11:40:09","active":"1"},{"id":"4","name":"UGX","symbol":"\/=","createdBy":"1","ts":"2017-06-28 11:46:50","active":"1"},{"id":"5","name":"KSH","symbol":"","createdBy":"1","ts":"2017-06-28 11:46:50","active":"1"}],"superaccount":[{"id":"1","name":"RMB Account","branchId":"0","type_id":"4","currency_id":"1","balance":"0","createdBy":"1","active":"1","ts":"2017-06-27 22:45:12"}],"accountTypes":[{"id":"1","type":"Transfer","description":"","createdBy":"1","ts":"2017-06-28 14:31:12","active":"1"},{"id":"2","type":"Suspense","description":"","createdBy":"1","ts":"2017-06-28 14:31:12","active":"1"},{"id":"4","type":"Super","description":"","createdBy":"1","ts":"2017-06-28 14:31:12","active":"1"}],"userTypes":[{"id":"1","name":"E-Value Admin","level":"1","ts":"2017-06-27 22:45:12","active":"1"},{"id":"2","name":"Super User","level":"2","ts":"2017-06-27 22:45:12","active":"1"},{"id":"3","name":"Agent","level":"3","ts":"2017-06-27 22:45:12","active":"1"},{"id":"4","name":"System Admin","level":"4","ts":"2017-06-27 22:45:12","active":"1"}]},"success":1}
2017-07-05 15:55:28 ---- New Request ----
2017-07-05 15:55:28 Controller : Transfers
2017-07-05 15:55:28 Method : transfercashoutAction
2017-07-05 15:55:28 Controller File : controllers/Transfers.class.php, Exists
2017-07-05 15:55:28 Class constructed
2017-07-05 15:55:28 Class constructed
2017-07-05 15:55:28 Passcode : ******
Transaction Ref : 0050533
UserID : 4
Session ID : b4gEEkgqT2lt6F8pQzRb0NLGGAskFmwl
2017-07-05 15:55:28 SELECT SQL : SELECT sessionId FROM users WHERE  id = '4' 
2017-07-05 15:55:28 SELECT SQL : SELECT * FROM transfers WHERE  transferRef = '0050533' 
2017-07-05 15:55:28 SELECT SQL : SELECT name FROM countries WHERE  id = '5' 
2017-07-05 15:55:28 SELECT SQL : SELECT name FROM branches WHERE  id = '5' 
2017-07-05 15:55:28 SELECT SQL : SELECT name FROM currencies WHERE  id = '1' 
2017-07-05 15:55:28 Response : {"success":1,"data":{"id":"3","fromBranch":"5","toBranch":"0","amount":"560500","currency":"1","charge":null,"transferRef":"0050533","passcode":"$2y$10$WpZWJ.16P9MVcCU\/0Jyxk.6gsCkjvyBerYJGO8iRHJYocF0.dXWdW","userIdSource":"3","userIdDestination":null,"ts":"2017-07-05 12:54:51","withdrawTs":null,"status":"Pending","senderFname":"","senderSurname":"SAAd","senderPhone":"0776000064","senderIdType":"0","senderId":"0","senderEmail":"","receiverFname":"You","receiverSurname":"Jing","receiverPhone":"07787887","receiverIdType":null,"receiverId":null,"receiverEmail":"","receiverAccountNumber":null,"destinationCountryId":"5","sourceIpAddress":"41.202.241.28","destinationIpAddress":null,"fromBranchName":"KINSHASHA","fromCountry":"CHINA","currencyName":"RMB"}}
2017-07-05 15:55:48 ---- New Request ----
2017-07-05 15:55:48 Controller : Transfers
2017-07-05 15:55:48 Method : completetransfercashoutAction
2017-07-05 15:55:48 Controller File : controllers/Transfers.class.php, Exists
2017-07-05 15:55:48 Class constructed
2017-07-05 15:55:48 Class constructed
2017-07-05 15:55:48 Password : ******
Transaction Ref : 0050533
UserID : 4
Session ID : b4gEEkgqT2lt6F8pQzRb0NLGGAskFmwl
ID Number : 33411k
ID Type : 
Charge : 
Charge Currency : 
2017-07-05 15:55:48 SELECT SQL : SELECT * FROM users WHERE  id = '4' 
2017-07-05 15:55:48 SELECT SQL : SELECT * FROM transfers WHERE  transferRef = '0050533'AND status = 'Pending' 
2017-07-05 15:55:48 SELECT SQL : SELECT id,destinationIpAddress FROM transfers WHERE  transferRef = '0050533' 
2017-07-05 15:55:48 INSERT SQL : INSERT INTO audit_trails  (ts,userId,tableName,recordId,field,oldValue,newValue)  VALUES(NOW(),'4','transfers','3','destinationIpAddress','','41.202.241.28')
2017-07-05 15:55:48 audit_trails Insert ID : 160
2017-07-05 15:55:48 SELECT SQL : SELECT id,receiverIdType FROM transfers WHERE  transferRef = '0050533' 
2017-07-05 15:55:48 INSERT SQL : INSERT INTO audit_trails  (ts,userId,tableName,recordId,field,oldValue,newValue)  VALUES(NOW(),'4','transfers','3','receiverIdType','','0')
2017-07-05 15:55:48 audit_trails Insert ID : 161
2017-07-05 15:55:48 SELECT SQL : SELECT id,receiverId FROM transfers WHERE  transferRef = '0050533' 
2017-07-05 15:55:48 INSERT SQL : INSERT INTO audit_trails  (ts,userId,tableName,recordId,field,oldValue,newValue)  VALUES(NOW(),'4','transfers','3','receiverId','','33411k')
2017-07-05 15:55:48 audit_trails Insert ID : 162
2017-07-05 15:55:48 SELECT SQL : SELECT id,toBranch FROM transfers WHERE  transferRef = '0050533' 
2017-07-05 15:55:48 INSERT SQL : INSERT INTO audit_trails  (ts,userId,tableName,recordId,field,oldValue,newValue)  VALUES(NOW(),'4','transfers','3','toBranch','0','6')
2017-07-05 15:55:48 audit_trails Insert ID : 163
2017-07-05 15:55:48 SELECT SQL : SELECT id,Status FROM transfers WHERE  transferRef = '0050533' 
2017-07-05 15:55:48 INSERT SQL : INSERT INTO audit_trails  (ts,userId,tableName,recordId,field,oldValue,newValue)  VALUES(NOW(),'4','transfers','3','Status','Pending','Success')
2017-07-05 15:55:48 audit_trails Insert ID : 164
2017-07-05 15:55:48 SELECT SQL : SELECT id,userIdDestination FROM transfers WHERE  transferRef = '0050533' 
2017-07-05 15:55:48 INSERT SQL : INSERT INTO audit_trails  (ts,userId,tableName,recordId,field,oldValue,newValue)  VALUES(NOW(),'4','transfers','3','userIdDestination','','4')
2017-07-05 15:55:48 audit_trails Insert ID : 165
2017-07-05 15:55:48 SELECT SQL : SELECT id,withdrawTs FROM transfers WHERE  transferRef = '0050533' 
2017-07-05 15:55:48 INSERT SQL : INSERT INTO audit_trails  (ts,userId,tableName,recordId,field,oldValue,newValue)  VALUES(NOW(),'4','transfers','3','withdrawTs','','2017-07-05 15:07:48')
2017-07-05 15:55:48 audit_trails Insert ID : 166
2017-07-05 15:55:48 UPDATE SQL : UPDATE transfers SET destinationIpAddress = '41.202.241.28',receiverIdType = '0',receiverId = '33411k',toBranch = '6',Status = 'Success',userIdDestination = '4',withdrawTs = '2017-07-05 15:07:48' WHERE  transferRef = '0050533'
2017-07-05 15:55:48 SELECT SQL : SELECT * FROM settings WHERE  name = 'SuspenseAccount' 
2017-07-05 15:55:48 SELECT SQL : SELECT * FROM account_transfers WHERE  transferRef = '0050533' 
2017-07-05 15:55:48 SELECT SQL : SELECT id FROM accounts WHERE  branchId = '6'AND currency_id = '1' 
2017-07-05 15:55:48 INSERT SQL : INSERT INTO account_transfers  (ts,type,amount,amountB4Xchange,amountAfterXchange,exchangeRate,currencyAfterXchange,charge,chargeCurrency,fromId,toId,userId,createdBy,transferRef)  VALUES(NOW(),'transfer','560500','560500','560500','6.82','1','0','0','25','20','4','4','0050533')
2017-07-05 15:55:48 SELECT SQL : SELECT * FROM balances WHERE  branchId = '0'AND accountId = '25' 
2017-07-05 15:55:48 SELECT SQL : SELECT * FROM balances WHERE  branchId = '0'AND accountId = '25'AND date = '2017-07-05' 
2017-07-05 15:55:48 UPDATE SQL : UPDATE balances SET closingBalance = '5407910' WHERE  branchId = '0'AND accountId = '25'AND date = '2017-07-05'
2017-07-05 15:55:48 Balance Update Status 2:1
 2017-07-05 15:55:48 SELECT SQL : SELECT * FROM balances WHERE  branchId = '6'AND accountId = '20' 
2017-07-05 15:55:48 Response : {"success":1,"data":"Transfer cashed out successfully"}
