2017-08-16 11:19:00 ---- New Request ----
2017-08-16 11:19:00 Controller : Users
2017-08-16 11:19:00 Method : logoutAction
2017-08-16 11:19:00 Controller File : controllers/Users.class.php, Exists
2017-08-16 11:19:00 Class constructed
2017-08-16 11:19:00 Logout Params ;Session ID :fiYEwuhRttUBRIV2RwK8ZwkXWxiN7ImQ\User ID : 3
2017-08-16 11:19:00 UPDATE SQL : UPDATE users SET sessionId = '',ipAddress = '::1' WHERE  id = '3' 
2017-08-16 11:19:00 Response : {"success":1}
2017-08-16 11:38:08 ---- New Request ----
2017-08-16 11:38:08 Controller : Users
2017-08-16 11:38:08 Method : loginAction
2017-08-16 11:38:08 Controller File : controllers/Users.class.php, Exists
2017-08-16 11:38:08 Class constructed
2017-08-16 11:38:08 Login Params ;Username :lydia
Password : ******
2017-08-16 11:38:08 SELECT SQL : SELECT id,firstName,surname,userName,userTypeId,sessionId,password,active,branchId FROM users WHERE  userName = 'lydia'  
2017-08-16 11:38:08 SELECT SQL : SELECT name FROM branches WHERE  id = '6'  
2017-08-16 11:38:08 UPDATE SQL : UPDATE users SET sessionId = 'n510JahLBR6MZZ6JU2YvkFPVcZFHl2Z5',ipAddress = '::1' WHERE  id = '3' 
2017-08-16 11:38:08 Response : {"success":1,"data":{"id":"3","firstName":"Lydia","surname":"Amoi","userName":"lydia","userTypeId":"2","sessionId":"n510JahLBR6MZZ6JU2YvkFPVcZFHl2Z5","branchId":"6","branchName":"OASIS MALL"}}
2017-08-16 11:38:08 ---- New Request ----
2017-08-16 11:38:08 Controller : Users
2017-08-16 11:38:08 Method : formsdetailsAction
2017-08-16 11:38:08 Controller File : controllers/Users.class.php, Exists
2017-08-16 11:38:08 Class constructed
2017-08-16 11:38:08 Details Params :
SessionID :n510JahLBR6MZZ6JU2YvkFPVcZFHl2Z5
User ID : 3
2017-08-16 11:38:08 SELECT SQL : SELECT * FROM branches WHERE  active = '1'  
2017-08-16 11:38:08 SELECT SQL : SELECT * FROM countries WHERE  active = '1'  
2017-08-16 11:38:08 SELECT SQL : SELECT * FROM identification WHERE  active = '1'  
2017-08-16 11:38:08 SELECT SQL : SELECT * FROM users WHERE  active = '1'  
2017-08-16 11:38:08 SELECT SQL : SELECT id,name,branchId,currency_id FROM accounts WHERE  active = '1' AND type_id = '1'  
2017-08-16 11:38:08 Balance Update Params :
Branch Id : 5
Account ID : 16
Amount : 0
2017-08-16 11:38:08 SELECT SQL : SELECT * FROM balances WHERE  branchId = '5' AND accountId = '16'  
2017-08-16 11:38:08 SELECT SQL : SELECT * FROM balances WHERE  branchId = '5' AND accountId = '16' AND date = '2017-08-16'  
2017-08-16 11:38:08 UPDATE SQL : UPDATE balances SET closingBalance = '144123739' WHERE  branchId = '5' AND accountId = '16' AND date = '2017-08-16' 
2017-08-16 11:38:08 Balance Update Status 2:1
 2017-08-16 11:38:08 Balance Update Params :
Branch Id : 6
Account ID : 20
Amount : 0
2017-08-16 11:38:08 SELECT SQL : SELECT * FROM balances WHERE  branchId = '6' AND accountId = '20'  
2017-08-16 11:38:08 SELECT SQL : SELECT * FROM balances WHERE  branchId = '6' AND accountId = '20' AND date = '2017-08-16'  
2017-08-16 11:38:08 UPDATE SQL : UPDATE balances SET closingBalance = '3260000' WHERE  branchId = '6' AND accountId = '20' AND date = '2017-08-16' 
2017-08-16 11:38:08 Balance Update Status 2:1
 2017-08-16 11:38:08 Balance Update Params :
Branch Id : 6
Account ID : 21
Amount : 0
2017-08-16 11:38:08 SELECT SQL : SELECT * FROM balances WHERE  branchId = '6' AND accountId = '21'  
2017-08-16 11:38:08 SELECT SQL : SELECT * FROM balances WHERE  branchId = '6' AND accountId = '21' AND date = '2017-08-16'  
2017-08-16 11:38:08 UPDATE SQL : UPDATE balances SET closingBalance = '1882492' WHERE  branchId = '6' AND accountId = '21' AND date = '2017-08-16' 
2017-08-16 11:38:08 Balance Update Status 2:1
 2017-08-16 11:38:08 Balance Update Params :
Branch Id : 6
Account ID : 22
Amount : 0
2017-08-16 11:38:08 SELECT SQL : SELECT * FROM balances WHERE  branchId = '6' AND accountId = '22'  
2017-08-16 11:38:08 SELECT SQL : SELECT * FROM balances WHERE  branchId = '6' AND accountId = '22' AND date = '2017-08-16'  
2017-08-16 11:38:08 UPDATE SQL : UPDATE balances SET closingBalance = '-3000' WHERE  branchId = '6' AND accountId = '22' AND date = '2017-08-16' 
2017-08-16 11:38:09 Balance Update Status 2:1
 2017-08-16 11:38:09 Balance Update Params :
Branch Id : 6
Account ID : 23
Amount : 0
2017-08-16 11:38:09 SELECT SQL : SELECT * FROM balances WHERE  branchId = '6' AND accountId = '23'  
2017-08-16 11:38:09 SELECT SQL : SELECT * FROM balances WHERE  branchId = '6' AND accountId = '23' AND date = '2017-08-16'  
2017-08-16 11:38:09 UPDATE SQL : UPDATE balances SET closingBalance = '95199318' WHERE  branchId = '6' AND accountId = '23' AND date = '2017-08-16' 
2017-08-16 11:38:09 Balance Update Status 2:1
 2017-08-16 11:38:09 Balance Update Params :
Branch Id : 6
Account ID : 24
Amount : 0
2017-08-16 11:38:09 SELECT SQL : SELECT * FROM balances WHERE  branchId = '6' AND accountId = '24'  
2017-08-16 11:38:09 SELECT SQL : SELECT * FROM balances WHERE  branchId = '6' AND accountId = '24' AND date = '2017-08-16'  
2017-08-16 11:38:09 UPDATE SQL : UPDATE balances SET closingBalance = '1847000' WHERE  branchId = '6' AND accountId = '24' AND date = '2017-08-16' 
2017-08-16 11:38:09 Balance Update Status 2:1
 2017-08-16 11:38:09 Balance Update Params :
Branch Id : 11
Account ID : 27
Amount : 0
2017-08-16 11:38:09 SELECT SQL : SELECT * FROM balances WHERE  branchId = '11' AND accountId = '27'  
2017-08-16 11:38:09 Balance Update Params :
Branch Id : 11
Account ID : 28
Amount : 0
2017-08-16 11:38:09 SELECT SQL : SELECT * FROM balances WHERE  branchId = '11' AND accountId = '28'  
2017-08-16 11:38:09 Balance Update Params :
Branch Id : 12
Account ID : 33
Amount : 0
2017-08-16 11:38:09 SELECT SQL : SELECT * FROM balances WHERE  branchId = '12' AND accountId = '33'  
2017-08-16 11:38:09 SELECT SQL : SELECT * FROM balances WHERE  branchId = '12' AND accountId = '33' AND date = '2017-08-16'  
2017-08-16 11:38:09 UPDATE SQL : UPDATE balances SET closingBalance = '25154' WHERE  branchId = '12' AND accountId = '33' AND date = '2017-08-16' 
2017-08-16 11:38:09 Balance Update Status 2:1
 2017-08-16 11:38:09 Balance Update Params :
Branch Id : 12
Account ID : 36
Amount : 0
2017-08-16 11:38:09 SELECT SQL : SELECT * FROM balances WHERE  branchId = '12' AND accountId = '36'  
2017-08-16 11:38:09 SELECT SQL : SELECT * FROM balances WHERE  branchId = '12' AND accountId = '36' AND date = '2017-08-16'  
2017-08-16 11:38:09 UPDATE SQL : UPDATE balances SET closingBalance = '7637' WHERE  branchId = '12' AND accountId = '36' AND date = '2017-08-16' 
2017-08-16 11:38:09 Balance Update Status 2:1
 2017-08-16 11:38:09 Balance Update Params :
Branch Id : 7
Account ID : 37
Amount : 0
2017-08-16 11:38:09 SELECT SQL : SELECT * FROM balances WHERE  branchId = '7' AND accountId = '37'  
2017-08-16 11:38:09 SELECT SQL : SELECT * FROM balances WHERE  branchId = '7' AND accountId = '37' AND date = '2017-08-16'  
2017-08-16 11:38:09 UPDATE SQL : UPDATE balances SET closingBalance = '100158' WHERE  branchId = '7' AND accountId = '37' AND date = '2017-08-16' 
2017-08-16 11:38:09 Balance Update Status 2:1
 2017-08-16 11:38:09 Balance Update Params :
Branch Id : 13
Account ID : 38
Amount : 0
2017-08-16 11:38:09 SELECT SQL : SELECT * FROM balances WHERE  branchId = '13' AND accountId = '38'  
2017-08-16 11:38:09 Balance Update Params :
Branch Id : 13
Account ID : 39
Amount : 0
2017-08-16 11:38:09 SELECT SQL : SELECT * FROM balances WHERE  branchId = '13' AND accountId = '39'  
2017-08-16 11:38:09 SELECT SQL : SELECT * FROM balances WHERE  branchId = '13' AND accountId = '39' AND date = '2017-08-16'  
2017-08-16 11:38:09 UPDATE SQL : UPDATE balances SET closingBalance = '-6840000001.9444' WHERE  branchId = '13' AND accountId = '39' AND date = '2017-08-16' 
2017-08-16 11:38:09 Balance Update Status 2:1
 2017-08-16 11:38:09 SELECT SQL : SELECT * FROM currencies WHERE  active = '1'  
2017-08-16 11:38:09 SELECT SQL : SELECT * FROM accounts WHERE  active = '1' AND type_id = '4'  
2017-08-16 11:38:09 SELECT SQL : SELECT * FROM account_types WHERE  active = '1'  
2017-08-16 11:38:09 SELECT SQL : SELECT * FROM user_types WHERE  active = '1'  
2017-08-16 11:38:09 Response : {"data":{"branches":[{"id":"5","name":"KINSHASHA","countryId":"4","location":"Patrice Avenue","supervisorId":"3","createdBy":"4","ts":"2017-06-30 00:06:55","active":"1"},{"id":"6","name":"OASIS MALL","countryId":"1","location":"Yusufu Lule Rd","supervisorId":"3","createdBy":"2","ts":"2017-06-30 00:12:08","active":"1"},{"id":"7","name":"GOMA","countryId":"4","location":"Goma","supervisorId":"3","createdBy":"1","ts":"2017-07-05 00:00:00","active":"1"},{"id":"9","name":"MOMBASA","countryId":"2","location":"Mombasa","supervisorId":"3","createdBy":"1","ts":"2017-07-05 00:00:00","active":"1"},{"id":"10","name":"DUBAI","countryId":"6","location":"Dubai","supervisorId":"3","createdBy":"1","ts":"2017-07-05 00:00:00","active":"1"},{"id":"11","name":"CHINA","countryId":"5","location":"China","supervisorId":"3","createdBy":"3","ts":"2017-07-05 13:23:17","active":"1"},{"id":"12","name":"NAIROBI","countryId":"2","location":"Nairobi","supervisorId":"3","createdBy":"3","ts":"2017-07-06 14:12:35","active":"1"},{"id":"13","name":"KAMPALA ROAD","countryId":"1","location":"kampala road","supervisorId":"3","createdBy":"3","ts":"2017-07-06 14:12:35","active":"1"}],"countries":[{"id":"1","name":"UGANDA","createdBy":"1","ts":"2017-06-25 23:13:31","active":"1"},{"id":"2","name":"KENYA","createdBy":"1","ts":"2017-06-26 09:02:45","active":"1"},{"id":"3","name":"TZ","createdBy":"1","ts":"2017-06-28 11:11:53","active":"1"},{"id":"4","name":"CONGO","createdBy":"1","ts":"2017-06-28 11:26:11","active":"1"},{"id":"5","name":"CHINA","createdBy":"1","ts":"2017-06-28 11:30:01","active":"1"},{"id":"6","name":"UAE","createdBy":"1","ts":"2017-07-05 00:00:00","active":"1"}],"ids":[[{"id":"1","name":"Passport","createdBy":"1","ts":"2017-06-28 14:00:01","active":"1"},{"id":"2","name":"National ID","createdBy":"1","ts":"2017-06-28 14:00:01","active":"1"},{"id":"3","name":"STUDENTS ID","createdBy":"1","ts":"2017-06-28 16:21:46","active":"1"}]],"users":[{"id":"1","firstName":"You","surname":"Jinshu","email":"hudsonbogere@swipeit.co.ug","phone":"256783131266","userName":"you","branchId":"0","userTypeId":"1","password":"$2y$10$pPGbhJ1RXx\/ug.ED3LnsQuKHJTqwYsa\/iF0OqGOgsjflkHKIDTLVq","sessionId":"HZybfPRB27XLgaKYEuNTiBgx1eiBDwsQ","ipAddress":"::1","createdBy":null,"ts":"2017-06-23 15:08:12","active":"1"},{"id":"2","firstName":"Nansubuga","surname":"Dorothy","email":"henry@gmail.com","phone":"256752284441","userName":"dorah","branchId":"12","userTypeId":"3","password":"$2y$10$F9t92sYKf2rDJ.JzCmrrT.Jt1Ix37Fuo.uZKpXPn69dgDUTZ8xLXi","sessionId":"","ipAddress":"105.231.196.253","createdBy":"1","ts":"2017-06-26 19:11:07","active":"1"},{"id":"3","firstName":"Lydia","surname":"Amoi","email":"islam@gmail.com","phone":"256777608310","userName":"lydia","branchId":"6","userTypeId":"2","password":"$2y$10$m72Zz8Z.h4\/Zp6TFDhmbXeQ79kZ7JJ2U0yLUanc0dDVxbc.5UPkRG","sessionId":"n510JahLBR6MZZ6JU2YvkFPVcZFHl2Z5","ipAddress":"::1","createdBy":"1","ts":"2017-06-26 19:41:01","active":"1"},{"id":"4","firstName":"Nabukera","surname":"Maria","email":"banerd@tfb.com","phone":"256774457813","userName":"maria","branchId":"5","userTypeId":"5","password":"$2y$10$wTpUE\/WJFMfQaBglrQocTO9ndV6dbxL2vzFDEJZ1hpVVp4binpXGO","sessionId":"ABnK2MkuYxBVnps1FX5gZgwJ1611ffjh","ipAddress":"::1","createdBy":"1","ts":"2017-06-26 23:04:07","active":"1"},{"id":"5","firstName":"Henry","surname":"Bbosa","email":null,"phone":null,"userName":"Henry","branchId":"11","userTypeId":"3","password":"$2y$10$m72Zz8Z.h4\/Zp6TFDhmbXeQ79kZ7JJ2U0yLUanc0dDVxbc.5UPkRG","sessionId":"","ipAddress":"::1","createdBy":"1","ts":"2017-07-05 00:00:00","active":"1"},{"id":"6","firstName":"Edwin","surname":"Kakeeto","email":"edwin@edwin.com","phone":"0777777557","userName":"edwin","branchId":"7","userTypeId":"3","password":"$2y$10$wTpUE\/WJFMfQaBglrQocTO9ndV6dbxL2vzFDEJZ1hpVVp4binpXGO","sessionId":"KRX8Yh2iqId0EWTdOh43HSfBIE4fr5lp","ipAddress":"41.243.17.77","createdBy":"3","ts":"2017-07-10 07:37:50","active":"1"},{"id":"7","firstName":"Trish","surname":"Baby","email":"patricia@gmail.com","phone":"0777777557","userName":"trish","branchId":"13","userTypeId":"3","password":"$2y$10$m72Zz8Z.h4\/Zp6TFDhmbXeQ79kZ7JJ2U0yLUanc0dDVxbc.5UPkRG","sessionId":"","ipAddress":"::1","createdBy":null,"ts":null,"active":"1"},{"id":"8","firstName":"cedric","surname":"cedric","email":"cedric@gmail.com","phone":"+256754813912","userName":"cedric","branchId":"7","userTypeId":"3","password":"$2y$10$m72Zz8Z.h4\/Zp6TFDhmbXeQ79kZ7JJ2U0yLUanc0dDVxbc.5UPkRG","sessionId":"tjlhVkegBNlQMx8mIYqyQFhY0t61DfLy","ipAddress":"::1","createdBy":null,"ts":null,"active":"1"},{"id":"9","firstName":"Bravia","surname":"Muzira","email":"muzira@gmail.com","phone":"+256771889211","userName":"Braviah","branchId":"6","userTypeId":"3","password":"$2y$10$m72Zz8Z.h4\/Zp6TFDhmbXeQ79kZ7JJ2U0yLUanc0dDVxbc.5UPkRG","sessionId":"CNHdx868gWwwaWl34QWYmNGxDsy1g0Dy","ipAddress":"41.210.154.223","createdBy":null,"ts":null,"active":"1"}],"accounts":[{"id":"16","name":"KINSHASHA-USD Account","branchId":"5","currency_id":"2"},{"id":"20","name":"OASIS MALL-RMB Account","branchId":"6","currency_id":"1"},{"id":"21","name":"OASIS MALL-USD Account","branchId":"6","currency_id":"2"},{"id":"22","name":"OASIS MALL-DIRHAM Account","branchId":"6","currency_id":"3"},{"id":"23","name":"OASIS MALL-UGX Account","branchId":"6","currency_id":"4"},{"id":"24","name":"OASIS MALL-KSH Account","branchId":"6","currency_id":"5"},{"id":"27","name":"CHINA-RMB Account","branchId":"11","currency_id":"1"},{"id":"28","name":"CHINA-USD Account","branchId":"11","currency_id":"2"},{"id":"33","name":"NAIROBI-USD Account","branchId":"12","currency_id":"2"},{"id":"36","name":"NAIROBI-KSH Account","branchId":"12","currency_id":"5"},{"id":"37","name":"GOMA-USD ACCOUNT","branchId":"7","currency_id":"2"},{"id":"38","name":"KAMPALA ROAD -USD ACCOUNT","branchId":"13","currency_id":"2"},{"id":"39","name":"KAMPALA ROAD- UGX ACCOUNT ","branchId":"13","currency_id":"4"}],"currencies":[{"id":"1","name":"RMB","symbol":"\u00a5","createdBy":"1","ts":"2017-06-27 22:45:12","active":"1"},{"id":"2","name":"USD","symbol":"$","createdBy":"1","ts":"2017-06-27 22:45:12","active":"1"},{"id":"3","name":"DIRHAM","symbol":"","createdBy":"1","ts":"2017-06-28 11:40:09","active":"1"},{"id":"4","name":"UGX","symbol":"\/=","createdBy":"1","ts":"2017-06-28 11:46:50","active":"1"},{"id":"5","name":"KSH","symbol":"","createdBy":"1","ts":"2017-06-28 11:46:50","active":"1"}],"superaccount":[{"id":"1","name":"RMB Account","branchId":"0","type_id":"4","currency_id":"1","balance":"0","createdBy":"1","active":"1","ts":"2017-06-27 22:45:12"}],"accountTypes":[{"id":"1","type":"Transfer","description":"","createdBy":"1","ts":"2017-06-28 14:31:12","active":"1"},{"id":"2","type":"Suspense","description":"","createdBy":"1","ts":"2017-06-28 14:31:12","active":"1"},{"id":"4","type":"Super","description":"","createdBy":"1","ts":"2017-06-28 14:31:12","active":"1"}],"userTypes":[{"id":"1","name":"E-Value Admin","level":"1","ts":"2017-06-27 22:45:12","active":"1"},{"id":"2","name":"Super User","level":"2","ts":"2017-06-27 22:45:12","active":"1"},{"id":"3","name":"Agent","level":"3","ts":"2017-06-27 22:45:12","active":"1"},{"id":"4","name":"System Admin","level":"4","ts":"2017-06-27 22:45:12","active":"1"},{"id":"5","name":"superAgent","level":"3","ts":"2017-06-27 22:45:12","active":"1"}]},"success":1}
2017-08-16 11:38:25 ---- New Request ----
2017-08-16 11:38:25 Controller : Exchange
2017-08-16 11:38:25 Method : createexchangeAction
2017-08-16 11:38:25 Controller File : controllers/Exchange.class.php, Exists
2017-08-16 11:38:25 Class constructed
2017-08-16 11:38:25 Class constructed
2017-08-16 11:38:25 Exchange Params:
FromCurrency : 2
ToCurrency : 4
AmountBe4 : 4500
Amount After : 15750000
Exhange Rate : 3500
UserID : 3
Session ID : n510JahLBR6MZZ6JU2YvkFPVcZFHl2Z5
2017-08-16 11:38:25 SELECT SQL : SELECT * FROM users WHERE  id = '3'  
2017-08-16 11:38:25 INSERT SQL : INSERT INTO currency_exchange  (ts,fromCurrencyId,toCurrencyId,AmountBeforeXchange,amountAfterXchange,exhangeRate,userId,branchId)  VALUES(NOW(),'2','4','4500','15750000','3500','3','6')
2017-08-16 11:38:25 SELECT SQL : SELECT id FROM accounts WHERE  branchId = '6' AND currency_id = '2'  
2017-08-16 11:38:25 SELECT SQL : SELECT * FROM settings WHERE  name = 'SuspenseAccount'  
2017-08-16 11:38:25 INSERT SQL : INSERT INTO account_transfers  (ts,type,amount,amountB4Xchange,amountAfterXchange,fromId,toId,userId,createdBy,transferRef)  VALUES(NOW(),'transfer','4500','4500','4500','21','25','3','3','ex5')
2017-08-16 11:38:25 Balance Update Params :
Branch Id : 6
Account ID : 21
Amount : -4500
2017-08-16 11:38:25 SELECT SQL : SELECT * FROM balances WHERE  branchId = '6' AND accountId = '21'  
2017-08-16 11:38:25 SELECT SQL : SELECT * FROM balances WHERE  branchId = '6' AND accountId = '21' AND date = '2017-08-16'  
2017-08-16 11:38:25 UPDATE SQL : UPDATE balances SET closingBalance = '1877992' WHERE  branchId = '6' AND accountId = '21' AND date = '2017-08-16' 
2017-08-16 11:38:25 Balance Update Status 2:1
 2017-08-16 11:38:25 Balance Update Params :
Branch Id : 0
Account ID : 25
Amount : 4500
2017-08-16 11:38:25 SELECT SQL : SELECT * FROM balances WHERE  branchId = '0' AND accountId = '25'  
2017-08-16 11:38:25 SELECT SQL : SELECT * FROM balances WHERE  branchId = '0' AND accountId = '25' AND date = '2017-08-16'  
2017-08-16 11:38:25 SELECT SQL : SELECT closingBalance FROM balances WHERE  branchId = '0' AND accountId = '25'  ORDER BY date DESC LIMIT 1
2017-08-16 11:38:25 INSERT SQL : INSERT INTO balances  (ts,branchId,accountId,openingBalance,closingBalance,date)  VALUES(NOW(),'0','25','11298635','11298635','2017-08-16')
2017-08-16 11:38:25 Balance Create Insert ID Today 2:120
 2017-08-16 11:38:25 SELECT SQL : SELECT id FROM accounts WHERE  branchId = '6' AND currency_id = '4'  
2017-08-16 11:38:25 INSERT SQL : INSERT INTO account_transfers  (ts,type,amount,amountB4Xchange,amountAfterXchange,fromId,toId,userId,createdBy,transferRef)  VALUES(NOW(),'transfer','15750000','15750000','15750000','25','23','3','3','ex5')
2017-08-16 11:38:25 Balance Update Params :
Branch Id : 6
Account ID : 23
Amount : 15750000
2017-08-16 11:38:25 SELECT SQL : SELECT * FROM balances WHERE  branchId = '6' AND accountId = '23'  
2017-08-16 11:38:25 SELECT SQL : SELECT * FROM balances WHERE  branchId = '6' AND accountId = '23' AND date = '2017-08-16'  
2017-08-16 11:38:25 UPDATE SQL : UPDATE balances SET closingBalance = '110949318' WHERE  branchId = '6' AND accountId = '23' AND date = '2017-08-16' 
2017-08-16 11:38:25 Balance Update Status 2:1
 2017-08-16 11:38:25 Balance Update Params :
Branch Id : 0
Account ID : 25
Amount : -15750000
2017-08-16 11:38:25 SELECT SQL : SELECT * FROM balances WHERE  branchId = '0' AND accountId = '25'  
2017-08-16 11:38:25 SELECT SQL : SELECT * FROM balances WHERE  branchId = '0' AND accountId = '25' AND date = '2017-08-16'  
2017-08-16 11:38:25 UPDATE SQL : UPDATE balances SET closingBalance = '-4451365' WHERE  branchId = '0' AND accountId = '25' AND date = '2017-08-16' 
2017-08-16 11:38:25 Balance Update Status 2:1
 2017-08-16 11:38:25 INSERT SQL : INSERT INTO branch_transaction  (ts,from_currency_id,to_currency_id,amount,exchange_rate,amount_from_rate,user_id,branch_id,transaction_type_id)  VALUES(NOW(),'2','4','4500','3500','15750000','3','6','7')
2017-08-16 11:38:25 Response : {"success":1,"data":"Your request was successfully processed."}
2017-08-16 11:40:13 ---- New Request ----
2017-08-16 11:40:13 Controller : Users
2017-08-16 11:40:13 Method : formsdetailsAction
2017-08-16 11:40:13 Controller File : controllers/Users.class.php, Exists
2017-08-16 11:40:13 Class constructed
2017-08-16 11:40:13 Details Params :
SessionID :n510JahLBR6MZZ6JU2YvkFPVcZFHl2Z5
User ID : 3
2017-08-16 11:40:13 SELECT SQL : SELECT * FROM branches WHERE  active = '1'  
2017-08-16 11:40:13 SELECT SQL : SELECT * FROM countries WHERE  active = '1'  
2017-08-16 11:40:13 SELECT SQL : SELECT * FROM identification WHERE  active = '1'  
2017-08-16 11:40:13 SELECT SQL : SELECT * FROM users WHERE  active = '1'  
2017-08-16 11:40:13 SELECT SQL : SELECT id,name,branchId,currency_id FROM accounts WHERE  active = '1' AND type_id = '1'  
2017-08-16 11:40:13 Balance Update Params :
Branch Id : 5
Account ID : 16
Amount : 0
2017-08-16 11:40:13 SELECT SQL : SELECT * FROM balances WHERE  branchId = '5' AND accountId = '16'  
2017-08-16 11:40:13 SELECT SQL : SELECT * FROM balances WHERE  branchId = '5' AND accountId = '16' AND date = '2017-08-16'  
2017-08-16 11:40:13 UPDATE SQL : UPDATE balances SET closingBalance = '144123739' WHERE  branchId = '5' AND accountId = '16' AND date = '2017-08-16' 
2017-08-16 11:40:13 Balance Update Status 2:1
 2017-08-16 11:40:13 Balance Update Params :
Branch Id : 6
Account ID : 20
Amount : 0
2017-08-16 11:40:13 SELECT SQL : SELECT * FROM balances WHERE  branchId = '6' AND accountId = '20'  
2017-08-16 11:40:13 SELECT SQL : SELECT * FROM balances WHERE  branchId = '6' AND accountId = '20' AND date = '2017-08-16'  
2017-08-16 11:40:13 UPDATE SQL : UPDATE balances SET closingBalance = '3260000' WHERE  branchId = '6' AND accountId = '20' AND date = '2017-08-16' 
2017-08-16 11:40:13 Balance Update Status 2:1
 2017-08-16 11:40:13 Balance Update Params :
Branch Id : 6
Account ID : 21
Amount : 0
2017-08-16 11:40:13 SELECT SQL : SELECT * FROM balances WHERE  branchId = '6' AND accountId = '21'  
2017-08-16 11:40:13 SELECT SQL : SELECT * FROM balances WHERE  branchId = '6' AND accountId = '21' AND date = '2017-08-16'  
2017-08-16 11:40:13 UPDATE SQL : UPDATE balances SET closingBalance = '1877992' WHERE  branchId = '6' AND accountId = '21' AND date = '2017-08-16' 
2017-08-16 11:40:13 Balance Update Status 2:1
 2017-08-16 11:40:13 Balance Update Params :
Branch Id : 6
Account ID : 22
Amount : 0
2017-08-16 11:40:13 SELECT SQL : SELECT * FROM balances WHERE  branchId = '6' AND accountId = '22'  
2017-08-16 11:40:13 SELECT SQL : SELECT * FROM balances WHERE  branchId = '6' AND accountId = '22' AND date = '2017-08-16'  
2017-08-16 11:40:13 UPDATE SQL : UPDATE balances SET closingBalance = '-3000' WHERE  branchId = '6' AND accountId = '22' AND date = '2017-08-16' 
2017-08-16 11:40:13 Balance Update Status 2:1
 2017-08-16 11:40:13 Balance Update Params :
Branch Id : 6
Account ID : 23
Amount : 0
2017-08-16 11:40:13 SELECT SQL : SELECT * FROM balances WHERE  branchId = '6' AND accountId = '23'  
2017-08-16 11:40:13 SELECT SQL : SELECT * FROM balances WHERE  branchId = '6' AND accountId = '23' AND date = '2017-08-16'  
2017-08-16 11:40:13 UPDATE SQL : UPDATE balances SET closingBalance = '110949318' WHERE  branchId = '6' AND accountId = '23' AND date = '2017-08-16' 
2017-08-16 11:40:13 Balance Update Status 2:1
 2017-08-16 11:40:13 Balance Update Params :
Branch Id : 6
Account ID : 24
Amount : 0
2017-08-16 11:40:13 SELECT SQL : SELECT * FROM balances WHERE  branchId = '6' AND accountId = '24'  
2017-08-16 11:40:13 SELECT SQL : SELECT * FROM balances WHERE  branchId = '6' AND accountId = '24' AND date = '2017-08-16'  
2017-08-16 11:40:13 UPDATE SQL : UPDATE balances SET closingBalance = '1847000' WHERE  branchId = '6' AND accountId = '24' AND date = '2017-08-16' 
2017-08-16 11:40:14 Balance Update Status 2:1
 2017-08-16 11:40:14 Balance Update Params :
Branch Id : 11
Account ID : 27
Amount : 0
2017-08-16 11:40:14 SELECT SQL : SELECT * FROM balances WHERE  branchId = '11' AND accountId = '27'  
2017-08-16 11:40:14 Balance Update Params :
Branch Id : 11
Account ID : 28
Amount : 0
2017-08-16 11:40:14 SELECT SQL : SELECT * FROM balances WHERE  branchId = '11' AND accountId = '28'  
2017-08-16 11:40:14 Balance Update Params :
Branch Id : 12
Account ID : 33
Amount : 0
2017-08-16 11:40:14 SELECT SQL : SELECT * FROM balances WHERE  branchId = '12' AND accountId = '33'  
2017-08-16 11:40:14 SELECT SQL : SELECT * FROM balances WHERE  branchId = '12' AND accountId = '33' AND date = '2017-08-16'  
2017-08-16 11:40:14 UPDATE SQL : UPDATE balances SET closingBalance = '25154' WHERE  branchId = '12' AND accountId = '33' AND date = '2017-08-16' 
2017-08-16 11:40:14 Balance Update Status 2:1
 2017-08-16 11:40:14 Balance Update Params :
Branch Id : 12
Account ID : 36
Amount : 0
2017-08-16 11:40:14 SELECT SQL : SELECT * FROM balances WHERE  branchId = '12' AND accountId = '36'  
2017-08-16 11:40:14 SELECT SQL : SELECT * FROM balances WHERE  branchId = '12' AND accountId = '36' AND date = '2017-08-16'  
2017-08-16 11:40:14 UPDATE SQL : UPDATE balances SET closingBalance = '7637' WHERE  branchId = '12' AND accountId = '36' AND date = '2017-08-16' 
2017-08-16 11:40:14 Balance Update Status 2:1
 2017-08-16 11:40:14 Balance Update Params :
Branch Id : 7
Account ID : 37
Amount : 0
2017-08-16 11:40:14 SELECT SQL : SELECT * FROM balances WHERE  branchId = '7' AND accountId = '37'  
2017-08-16 11:40:14 SELECT SQL : SELECT * FROM balances WHERE  branchId = '7' AND accountId = '37' AND date = '2017-08-16'  
2017-08-16 11:40:14 UPDATE SQL : UPDATE balances SET closingBalance = '100158' WHERE  branchId = '7' AND accountId = '37' AND date = '2017-08-16' 
2017-08-16 11:40:14 Balance Update Status 2:1
 2017-08-16 11:40:14 Balance Update Params :
Branch Id : 13
Account ID : 38
Amount : 0
2017-08-16 11:40:14 SELECT SQL : SELECT * FROM balances WHERE  branchId = '13' AND accountId = '38'  
2017-08-16 11:40:14 Balance Update Params :
Branch Id : 13
Account ID : 39
Amount : 0
2017-08-16 11:40:14 SELECT SQL : SELECT * FROM balances WHERE  branchId = '13' AND accountId = '39'  
2017-08-16 11:40:14 SELECT SQL : SELECT * FROM balances WHERE  branchId = '13' AND accountId = '39' AND date = '2017-08-16'  
2017-08-16 11:40:14 UPDATE SQL : UPDATE balances SET closingBalance = '-6840000001.9444' WHERE  branchId = '13' AND accountId = '39' AND date = '2017-08-16' 
2017-08-16 11:40:14 Balance Update Status 2:1
 2017-08-16 11:40:14 SELECT SQL : SELECT * FROM currencies WHERE  active = '1'  
2017-08-16 11:40:14 SELECT SQL : SELECT * FROM accounts WHERE  active = '1' AND type_id = '4'  
2017-08-16 11:40:14 SELECT SQL : SELECT * FROM account_types WHERE  active = '1'  
2017-08-16 11:40:14 SELECT SQL : SELECT * FROM user_types WHERE  active = '1'  
2017-08-16 11:40:14 Response : {"data":{"branches":[{"id":"5","name":"KINSHASHA","countryId":"4","location":"Patrice Avenue","supervisorId":"3","createdBy":"4","ts":"2017-06-30 00:06:55","active":"1"},{"id":"6","name":"OASIS MALL","countryId":"1","location":"Yusufu Lule Rd","supervisorId":"3","createdBy":"2","ts":"2017-06-30 00:12:08","active":"1"},{"id":"7","name":"GOMA","countryId":"4","location":"Goma","supervisorId":"3","createdBy":"1","ts":"2017-07-05 00:00:00","active":"1"},{"id":"9","name":"MOMBASA","countryId":"2","location":"Mombasa","supervisorId":"3","createdBy":"1","ts":"2017-07-05 00:00:00","active":"1"},{"id":"10","name":"DUBAI","countryId":"6","location":"Dubai","supervisorId":"3","createdBy":"1","ts":"2017-07-05 00:00:00","active":"1"},{"id":"11","name":"CHINA","countryId":"5","location":"China","supervisorId":"3","createdBy":"3","ts":"2017-07-05 13:23:17","active":"1"},{"id":"12","name":"NAIROBI","countryId":"2","location":"Nairobi","supervisorId":"3","createdBy":"3","ts":"2017-07-06 14:12:35","active":"1"},{"id":"13","name":"KAMPALA ROAD","countryId":"1","location":"kampala road","supervisorId":"3","createdBy":"3","ts":"2017-07-06 14:12:35","active":"1"}],"countries":[{"id":"1","name":"UGANDA","createdBy":"1","ts":"2017-06-25 23:13:31","active":"1"},{"id":"2","name":"KENYA","createdBy":"1","ts":"2017-06-26 09:02:45","active":"1"},{"id":"3","name":"TZ","createdBy":"1","ts":"2017-06-28 11:11:53","active":"1"},{"id":"4","name":"CONGO","createdBy":"1","ts":"2017-06-28 11:26:11","active":"1"},{"id":"5","name":"CHINA","createdBy":"1","ts":"2017-06-28 11:30:01","active":"1"},{"id":"6","name":"UAE","createdBy":"1","ts":"2017-07-05 00:00:00","active":"1"}],"ids":[[{"id":"1","name":"Passport","createdBy":"1","ts":"2017-06-28 14:00:01","active":"1"},{"id":"2","name":"National ID","createdBy":"1","ts":"2017-06-28 14:00:01","active":"1"},{"id":"3","name":"STUDENTS ID","createdBy":"1","ts":"2017-06-28 16:21:46","active":"1"}]],"users":[{"id":"1","firstName":"You","surname":"Jinshu","email":"hudsonbogere@swipeit.co.ug","phone":"256783131266","userName":"you","branchId":"0","userTypeId":"1","password":"$2y$10$pPGbhJ1RXx\/ug.ED3LnsQuKHJTqwYsa\/iF0OqGOgsjflkHKIDTLVq","sessionId":"HZybfPRB27XLgaKYEuNTiBgx1eiBDwsQ","ipAddress":"::1","createdBy":null,"ts":"2017-06-23 15:08:12","active":"1"},{"id":"2","firstName":"Nansubuga","surname":"Dorothy","email":"henry@gmail.com","phone":"256752284441","userName":"dorah","branchId":"12","userTypeId":"3","password":"$2y$10$F9t92sYKf2rDJ.JzCmrrT.Jt1Ix37Fuo.uZKpXPn69dgDUTZ8xLXi","sessionId":"","ipAddress":"105.231.196.253","createdBy":"1","ts":"2017-06-26 19:11:07","active":"1"},{"id":"3","firstName":"Lydia","surname":"Amoi","email":"islam@gmail.com","phone":"256777608310","userName":"lydia","branchId":"6","userTypeId":"2","password":"$2y$10$m72Zz8Z.h4\/Zp6TFDhmbXeQ79kZ7JJ2U0yLUanc0dDVxbc.5UPkRG","sessionId":"n510JahLBR6MZZ6JU2YvkFPVcZFHl2Z5","ipAddress":"::1","createdBy":"1","ts":"2017-06-26 19:41:01","active":"1"},{"id":"4","firstName":"Nabukera","surname":"Maria","email":"banerd@tfb.com","phone":"256774457813","userName":"maria","branchId":"5","userTypeId":"5","password":"$2y$10$wTpUE\/WJFMfQaBglrQocTO9ndV6dbxL2vzFDEJZ1hpVVp4binpXGO","sessionId":"ABnK2MkuYxBVnps1FX5gZgwJ1611ffjh","ipAddress":"::1","createdBy":"1","ts":"2017-06-26 23:04:07","active":"1"},{"id":"5","firstName":"Henry","surname":"Bbosa","email":null,"phone":null,"userName":"Henry","branchId":"11","userTypeId":"3","password":"$2y$10$m72Zz8Z.h4\/Zp6TFDhmbXeQ79kZ7JJ2U0yLUanc0dDVxbc.5UPkRG","sessionId":"","ipAddress":"::1","createdBy":"1","ts":"2017-07-05 00:00:00","active":"1"},{"id":"6","firstName":"Edwin","surname":"Kakeeto","email":"edwin@edwin.com","phone":"0777777557","userName":"edwin","branchId":"7","userTypeId":"3","password":"$2y$10$wTpUE\/WJFMfQaBglrQocTO9ndV6dbxL2vzFDEJZ1hpVVp4binpXGO","sessionId":"KRX8Yh2iqId0EWTdOh43HSfBIE4fr5lp","ipAddress":"41.243.17.77","createdBy":"3","ts":"2017-07-10 07:37:50","active":"1"},{"id":"7","firstName":"Trish","surname":"Baby","email":"patricia@gmail.com","phone":"0777777557","userName":"trish","branchId":"13","userTypeId":"3","password":"$2y$10$m72Zz8Z.h4\/Zp6TFDhmbXeQ79kZ7JJ2U0yLUanc0dDVxbc.5UPkRG","sessionId":"","ipAddress":"::1","createdBy":null,"ts":null,"active":"1"},{"id":"8","firstName":"cedric","surname":"cedric","email":"cedric@gmail.com","phone":"+256754813912","userName":"cedric","branchId":"7","userTypeId":"3","password":"$2y$10$m72Zz8Z.h4\/Zp6TFDhmbXeQ79kZ7JJ2U0yLUanc0dDVxbc.5UPkRG","sessionId":"tjlhVkegBNlQMx8mIYqyQFhY0t61DfLy","ipAddress":"::1","createdBy":null,"ts":null,"active":"1"},{"id":"9","firstName":"Bravia","surname":"Muzira","email":"muzira@gmail.com","phone":"+256771889211","userName":"Braviah","branchId":"6","userTypeId":"3","password":"$2y$10$m72Zz8Z.h4\/Zp6TFDhmbXeQ79kZ7JJ2U0yLUanc0dDVxbc.5UPkRG","sessionId":"CNHdx868gWwwaWl34QWYmNGxDsy1g0Dy","ipAddress":"41.210.154.223","createdBy":null,"ts":null,"active":"1"}],"accounts":[{"id":"16","name":"KINSHASHA-USD Account","branchId":"5","currency_id":"2"},{"id":"20","name":"OASIS MALL-RMB Account","branchId":"6","currency_id":"1"},{"id":"21","name":"OASIS MALL-USD Account","branchId":"6","currency_id":"2"},{"id":"22","name":"OASIS MALL-DIRHAM Account","branchId":"6","currency_id":"3"},{"id":"23","name":"OASIS MALL-UGX Account","branchId":"6","currency_id":"4"},{"id":"24","name":"OASIS MALL-KSH Account","branchId":"6","currency_id":"5"},{"id":"27","name":"CHINA-RMB Account","branchId":"11","currency_id":"1"},{"id":"28","name":"CHINA-USD Account","branchId":"11","currency_id":"2"},{"id":"33","name":"NAIROBI-USD Account","branchId":"12","currency_id":"2"},{"id":"36","name":"NAIROBI-KSH Account","branchId":"12","currency_id":"5"},{"id":"37","name":"GOMA-USD ACCOUNT","branchId":"7","currency_id":"2"},{"id":"38","name":"KAMPALA ROAD -USD ACCOUNT","branchId":"13","currency_id":"2"},{"id":"39","name":"KAMPALA ROAD- UGX ACCOUNT ","branchId":"13","currency_id":"4"}],"currencies":[{"id":"1","name":"RMB","symbol":"\u00a5","createdBy":"1","ts":"2017-06-27 22:45:12","active":"1"},{"id":"2","name":"USD","symbol":"$","createdBy":"1","ts":"2017-06-27 22:45:12","active":"1"},{"id":"3","name":"DIRHAM","symbol":"","createdBy":"1","ts":"2017-06-28 11:40:09","active":"1"},{"id":"4","name":"UGX","symbol":"\/=","createdBy":"1","ts":"2017-06-28 11:46:50","active":"1"},{"id":"5","name":"KSH","symbol":"","createdBy":"1","ts":"2017-06-28 11:46:50","active":"1"}],"superaccount":[{"id":"1","name":"RMB Account","branchId":"0","type_id":"4","currency_id":"1","balance":"0","createdBy":"1","active":"1","ts":"2017-06-27 22:45:12"}],"accountTypes":[{"id":"1","type":"Transfer","description":"","createdBy":"1","ts":"2017-06-28 14:31:12","active":"1"},{"id":"2","type":"Suspense","description":"","createdBy":"1","ts":"2017-06-28 14:31:12","active":"1"},{"id":"4","type":"Super","description":"","createdBy":"1","ts":"2017-06-28 14:31:12","active":"1"}],"userTypes":[{"id":"1","name":"E-Value Admin","level":"1","ts":"2017-06-27 22:45:12","active":"1"},{"id":"2","name":"Super User","level":"2","ts":"2017-06-27 22:45:12","active":"1"},{"id":"3","name":"Agent","level":"3","ts":"2017-06-27 22:45:12","active":"1"},{"id":"4","name":"System Admin","level":"4","ts":"2017-06-27 22:45:12","active":"1"},{"id":"5","name":"superAgent","level":"3","ts":"2017-06-27 22:45:12","active":"1"}]},"success":1}
2017-08-16 11:40:30 ---- New Request ----
2017-08-16 11:40:30 Controller : Exchange
2017-08-16 11:40:30 Method : createexchangeAction
2017-08-16 11:40:30 Controller File : controllers/Exchange.class.php, Exists
2017-08-16 11:40:30 Class constructed
2017-08-16 11:40:30 Class constructed
2017-08-16 11:40:30 Exchange Params:
FromCurrency : 2
ToCurrency : 4
AmountBe4 : 5000
Amount After : 18000000
Exhange Rate : 3600
UserID : 3
Session ID : n510JahLBR6MZZ6JU2YvkFPVcZFHl2Z5
2017-08-16 11:40:30 SELECT SQL : SELECT * FROM users WHERE  id = '3'  
2017-08-16 11:40:30 INSERT SQL : INSERT INTO currency_exchange  (ts,fromCurrencyId,toCurrencyId,AmountBeforeXchange,amountAfterXchange,exhangeRate,userId,branchId)  VALUES(NOW(),'2','4','5000','18000000','3600','3','6')
2017-08-16 11:40:30 SELECT SQL : SELECT id FROM accounts WHERE  branchId = '6' AND currency_id = '2'  
2017-08-16 11:40:30 SELECT SQL : SELECT * FROM settings WHERE  name = 'SuspenseAccount'  
2017-08-16 11:40:30 INSERT SQL : INSERT INTO account_transfers  (ts,type,amount,amountB4Xchange,amountAfterXchange,fromId,toId,userId,createdBy,transferRef)  VALUES(NOW(),'transfer','5000','5000','5000','21','25','3','3','ex6')
2017-08-16 11:40:30 Balance Update Params :
Branch Id : 6
Account ID : 21
Amount : -5000
2017-08-16 11:40:30 SELECT SQL : SELECT * FROM balances WHERE  branchId = '6' AND accountId = '21'  
2017-08-16 11:40:30 SELECT SQL : SELECT * FROM balances WHERE  branchId = '6' AND accountId = '21' AND date = '2017-08-16'  
2017-08-16 11:40:30 UPDATE SQL : UPDATE balances SET closingBalance = '1872992' WHERE  branchId = '6' AND accountId = '21' AND date = '2017-08-16' 
2017-08-16 11:40:30 Balance Update Status 2:1
 2017-08-16 11:40:30 Balance Update Params :
Branch Id : 0
Account ID : 25
Amount : 5000
2017-08-16 11:40:30 SELECT SQL : SELECT * FROM balances WHERE  branchId = '0' AND accountId = '25'  
2017-08-16 11:40:30 SELECT SQL : SELECT * FROM balances WHERE  branchId = '0' AND accountId = '25' AND date = '2017-08-16'  
2017-08-16 11:40:30 UPDATE SQL : UPDATE balances SET closingBalance = '-4446365' WHERE  branchId = '0' AND accountId = '25' AND date = '2017-08-16' 
2017-08-16 11:40:30 Balance Update Status 2:1
 2017-08-16 11:40:30 SELECT SQL : SELECT id FROM accounts WHERE  branchId = '6' AND currency_id = '4'  
2017-08-16 11:40:30 INSERT SQL : INSERT INTO account_transfers  (ts,type,amount,amountB4Xchange,amountAfterXchange,fromId,toId,userId,createdBy,transferRef)  VALUES(NOW(),'transfer','18000000','18000000','18000000','25','23','3','3','ex6')
2017-08-16 11:40:30 Balance Update Params :
Branch Id : 6
Account ID : 23
Amount : 18000000
2017-08-16 11:40:30 SELECT SQL : SELECT * FROM balances WHERE  branchId = '6' AND accountId = '23'  
2017-08-16 11:40:30 SELECT SQL : SELECT * FROM balances WHERE  branchId = '6' AND accountId = '23' AND date = '2017-08-16'  
2017-08-16 11:40:30 UPDATE SQL : UPDATE balances SET closingBalance = '128949318' WHERE  branchId = '6' AND accountId = '23' AND date = '2017-08-16' 
2017-08-16 11:40:30 Balance Update Status 2:1
 2017-08-16 11:40:30 Balance Update Params :
Branch Id : 0
Account ID : 25
Amount : -18000000
2017-08-16 11:40:30 SELECT SQL : SELECT * FROM balances WHERE  branchId = '0' AND accountId = '25'  
2017-08-16 11:40:30 SELECT SQL : SELECT * FROM balances WHERE  branchId = '0' AND accountId = '25' AND date = '2017-08-16'  
2017-08-16 11:40:30 UPDATE SQL : UPDATE balances SET closingBalance = '-22446365' WHERE  branchId = '0' AND accountId = '25' AND date = '2017-08-16' 
2017-08-16 11:40:30 Balance Update Status 2:1
 2017-08-16 11:40:30 INSERT SQL : INSERT INTO branch_transaction  (ts,from_currency_id,to_currency_id,amount,exchange_rate,amount_from_rate,user_id,branch_id,transaction_type_id)  VALUES(NOW(),'2','4','5000','3600','18000000','3','6','7')
2017-08-16 11:40:30 Response : {"success":1,"data":"Your request was successfully processed."}
2017-08-16 11:42:56 ---- New Request ----
2017-08-16 11:42:56 Controller : Transfers
2017-08-16 11:42:56 Method : createtransferAction
2017-08-16 11:42:56 Controller File : controllers/Transfers.class.php, Exists
2017-08-16 11:42:56 Class constructed
2017-08-16 11:42:56 Class constructed
2017-08-16 11:42:56 Transfer Creation Params ;Amount :3400\currencyid : 4
Country : 0
Charge : 500
sfname : 
ssurname : henry
Account Number : 
semail : 
sphone : 068949
sidtype : 0
sid : 0
rfname : 
rsurname : joe
remail : 
rphone : 092883
Receiver Branch : 0
passcode : ******
password : ******
userid : 3
sessionid : n510JahLBR6MZZ6JU2YvkFPVcZFHl2Z5
Exchange Rate : 3600
AmountAfterXchange : 12240000
Charge Currency : 42017-08-16 11:42:56 SELECT SQL : SELECT * FROM settings WHERE  name = 'SuspenseAccount'  
2017-08-16 11:42:56 SELECT SQL : SELECT * FROM users WHERE  id = '3'  
2017-08-16 11:42:56 INSERT SQL : INSERT INTO transfers  (ts,userIdSource,amount,currency,destinationCountryId,toBranch,senderFname,senderSurname,senderEmail,senderPhone,senderIdType,senderId,receiverFname,receiverSurname,receiverEmail,receiverPhone,amountAfterExchange,from_currency,charge,charge_currency_id,fromBranch,passcode,status,sourceIpAddress)  VALUES(NOW(),'3','3400','4','0','0','','henry','','068949','0','0','','joe','','092883','12240000','2','500','4','6','$2y$10$c3MtBHPYUsbMuT6osFwnDuAnSeH1ULCZgfdZBmdSyNZVqohV3s8pG','Pending','::1')
2017-08-16 11:42:56 SELECT SQL : SELECT id,transferRef FROM transfers WHERE  id = '18'  
2017-08-16 11:42:56 INSERT SQL : INSERT INTO audit_trails  (ts,userId,tableName,recordId,field,oldValue,newValue)  VALUES(NOW(),'3','transfers','18','transferRef','','00600318')
2017-08-16 11:42:56 audit_trails Insert ID : 38
2017-08-16 11:42:56 UPDATE SQL : UPDATE transfers SET transferRef = '00600318' WHERE  id = '18' 
2017-08-16 11:42:56 SELECT SQL : SELECT id FROM accounts WHERE  branchId = '6' AND currency_id = '2'  
2017-08-16 11:42:56 INSERT SQL : INSERT INTO account_transfers  (ts,amountAfterXchange,amountB4Xchange,currencyB4Xchange,currencyAfterXchange,exchangeRate,charge,chargeCurrency,type,amount,fromId,toId,transferRef,userId)  VALUES(NOW(),'12240000','3400','2','4','3600','500','4','transfer','3400','25','21','00600318','3')
2017-08-16 11:42:56 INSERT SQL : INSERT INTO branch_transaction  (ts,transaction_type_id,branch_id,amount,from_currency_id,to_currency_id,charge,charge_currency_id,sender_name,receiver_name,date)  VALUES(NOW(),'1','6','3400','2','4','500','4','henry','joe','0')
2017-08-16 11:42:56 Balance Update Params :
Branch Id : 6
Account ID : 21
Amount : 3400
2017-08-16 11:42:56 SELECT SQL : SELECT * FROM balances WHERE  branchId = '6' AND accountId = '21'  
2017-08-16 11:42:56 SELECT SQL : SELECT * FROM balances WHERE  branchId = '6' AND accountId = '21' AND date = '2017-08-16'  
2017-08-16 11:42:56 UPDATE SQL : UPDATE balances SET closingBalance = '1876392' WHERE  branchId = '6' AND accountId = '21' AND date = '2017-08-16' 
2017-08-16 11:42:56 Balance Update Status 2:1
 2017-08-16 11:42:56 Balance Update Params :
Branch Id : 0
Account ID : 25
Amount : -3400
2017-08-16 11:42:56 SELECT SQL : SELECT * FROM balances WHERE  branchId = '0' AND accountId = '25'  
2017-08-16 11:42:56 SELECT SQL : SELECT * FROM balances WHERE  branchId = '0' AND accountId = '25' AND date = '2017-08-16'  
2017-08-16 11:42:56 UPDATE SQL : UPDATE balances SET closingBalance = '-22449765' WHERE  branchId = '0' AND accountId = '25' AND date = '2017-08-16' 
2017-08-16 11:42:56 Balance Update Status 2:1
 2017-08-16 11:42:56 SELECT SQL : SELECT id FROM accounts WHERE  branchId = '6' AND currency_id = '4'  
2017-08-16 11:42:56 Balance Update Params :
Branch Id : 6
Account ID : 23
Amount : 500
2017-08-16 11:42:56 SELECT SQL : SELECT * FROM balances WHERE  branchId = '6' AND accountId = '23'  
2017-08-16 11:42:56 SELECT SQL : SELECT * FROM balances WHERE  branchId = '6' AND accountId = '23' AND date = '2017-08-16'  
2017-08-16 11:42:56 UPDATE SQL : UPDATE balances SET closingBalance = '128949818' WHERE  branchId = '6' AND accountId = '23' AND date = '2017-08-16' 
2017-08-16 11:42:56 Balance Update Status 2:1
 2017-08-16 11:42:56 INSERT SQL : INSERT INTO account_transfers  (ts,type,amount,charge,fromId,toId,transferRef,userId,amountAfterXchange,amountB4Xchange)  VALUES(NOW(),'transfer','500','0','25','23','0','3','500','500')
2017-08-16 11:42:56 SELECT SQL : SELECT * FROM transfers WHERE  fromBranch = '6'  OR toBranch = '6'  OR destinationCountryId = '0'  
2017-08-16 11:42:56 Response : {"success":1,"data":"00600318"}
2017-08-16 11:55:49 ---- New Request ----
2017-08-16 11:55:49 Controller : Users
2017-08-16 11:55:49 Method : formsdetailsAction
2017-08-16 11:55:49 Controller File : controllers/Users.class.php, Exists
2017-08-16 11:55:49 Class constructed
2017-08-16 11:55:49 Details Params :
SessionID :n510JahLBR6MZZ6JU2YvkFPVcZFHl2Z5
User ID : 3
2017-08-16 11:55:49 SELECT SQL : SELECT * FROM branches WHERE  active = '1'  
2017-08-16 11:55:49 SELECT SQL : SELECT * FROM countries WHERE  active = '1'  
2017-08-16 11:55:49 SELECT SQL : SELECT * FROM identification WHERE  active = '1'  
2017-08-16 11:55:49 SELECT SQL : SELECT * FROM users WHERE  active = '1'  
2017-08-16 11:55:49 SELECT SQL : SELECT id,name,branchId,currency_id FROM accounts WHERE  active = '1' AND type_id = '1'  
2017-08-16 11:55:49 Balance Update Params :
Branch Id : 5
Account ID : 16
Amount : 0
2017-08-16 11:55:49 SELECT SQL : SELECT * FROM balances WHERE  branchId = '5' AND accountId = '16'  
2017-08-16 11:55:49 SELECT SQL : SELECT * FROM balances WHERE  branchId = '5' AND accountId = '16' AND date = '2017-08-16'  
2017-08-16 11:55:49 UPDATE SQL : UPDATE balances SET closingBalance = '144123739' WHERE  branchId = '5' AND accountId = '16' AND date = '2017-08-16' 
2017-08-16 11:55:49 Balance Update Status 2:1
 2017-08-16 11:55:49 Balance Update Params :
Branch Id : 6
Account ID : 20
Amount : 0
2017-08-16 11:55:49 SELECT SQL : SELECT * FROM balances WHERE  branchId = '6' AND accountId = '20'  
2017-08-16 11:55:49 SELECT SQL : SELECT * FROM balances WHERE  branchId = '6' AND accountId = '20' AND date = '2017-08-16'  
2017-08-16 11:55:49 UPDATE SQL : UPDATE balances SET closingBalance = '3260000' WHERE  branchId = '6' AND accountId = '20' AND date = '2017-08-16' 
2017-08-16 11:55:49 Balance Update Status 2:1
 2017-08-16 11:55:49 Balance Update Params :
Branch Id : 6
Account ID : 21
Amount : 0
2017-08-16 11:55:49 SELECT SQL : SELECT * FROM balances WHERE  branchId = '6' AND accountId = '21'  
2017-08-16 11:55:49 SELECT SQL : SELECT * FROM balances WHERE  branchId = '6' AND accountId = '21' AND date = '2017-08-16'  
2017-08-16 11:55:49 UPDATE SQL : UPDATE balances SET closingBalance = '1876392' WHERE  branchId = '6' AND accountId = '21' AND date = '2017-08-16' 
2017-08-16 11:55:49 Balance Update Status 2:1
 2017-08-16 11:55:49 Balance Update Params :
Branch Id : 6
Account ID : 22
Amount : 0
2017-08-16 11:55:49 SELECT SQL : SELECT * FROM balances WHERE  branchId = '6' AND accountId = '22'  
2017-08-16 11:55:49 SELECT SQL : SELECT * FROM balances WHERE  branchId = '6' AND accountId = '22' AND date = '2017-08-16'  
2017-08-16 11:55:49 UPDATE SQL : UPDATE balances SET closingBalance = '-3000' WHERE  branchId = '6' AND accountId = '22' AND date = '2017-08-16' 
2017-08-16 11:55:49 Balance Update Status 2:1
 2017-08-16 11:55:49 Balance Update Params :
Branch Id : 6
Account ID : 23
Amount : 0
2017-08-16 11:55:49 SELECT SQL : SELECT * FROM balances WHERE  branchId = '6' AND accountId = '23'  
2017-08-16 11:55:49 SELECT SQL : SELECT * FROM balances WHERE  branchId = '6' AND accountId = '23' AND date = '2017-08-16'  
2017-08-16 11:55:49 UPDATE SQL : UPDATE balances SET closingBalance = '128949818' WHERE  branchId = '6' AND accountId = '23' AND date = '2017-08-16' 
2017-08-16 11:55:49 Balance Update Status 2:1
 2017-08-16 11:55:49 Balance Update Params :
Branch Id : 6
Account ID : 24
Amount : 0
2017-08-16 11:55:49 SELECT SQL : SELECT * FROM balances WHERE  branchId = '6' AND accountId = '24'  
2017-08-16 11:55:49 SELECT SQL : SELECT * FROM balances WHERE  branchId = '6' AND accountId = '24' AND date = '2017-08-16'  
2017-08-16 11:55:49 UPDATE SQL : UPDATE balances SET closingBalance = '1847000' WHERE  branchId = '6' AND accountId = '24' AND date = '2017-08-16' 
2017-08-16 11:55:49 Balance Update Status 2:1
 2017-08-16 11:55:49 Balance Update Params :
Branch Id : 11
Account ID : 27
Amount : 0
2017-08-16 11:55:49 SELECT SQL : SELECT * FROM balances WHERE  branchId = '11' AND accountId = '27'  
2017-08-16 11:55:49 Balance Update Params :
Branch Id : 11
Account ID : 28
Amount : 0
2017-08-16 11:55:49 SELECT SQL : SELECT * FROM balances WHERE  branchId = '11' AND accountId = '28'  
2017-08-16 11:55:49 Balance Update Params :
Branch Id : 12
Account ID : 33
Amount : 0
2017-08-16 11:55:49 SELECT SQL : SELECT * FROM balances WHERE  branchId = '12' AND accountId = '33'  
2017-08-16 11:55:49 SELECT SQL : SELECT * FROM balances WHERE  branchId = '12' AND accountId = '33' AND date = '2017-08-16'  
2017-08-16 11:55:49 UPDATE SQL : UPDATE balances SET closingBalance = '25154' WHERE  branchId = '12' AND accountId = '33' AND date = '2017-08-16' 
2017-08-16 11:55:49 Balance Update Status 2:1
 2017-08-16 11:55:49 Balance Update Params :
Branch Id : 12
Account ID : 36
Amount : 0
2017-08-16 11:55:49 SELECT SQL : SELECT * FROM balances WHERE  branchId = '12' AND accountId = '36'  
2017-08-16 11:55:49 SELECT SQL : SELECT * FROM balances WHERE  branchId = '12' AND accountId = '36' AND date = '2017-08-16'  
2017-08-16 11:55:49 UPDATE SQL : UPDATE balances SET closingBalance = '7637' WHERE  branchId = '12' AND accountId = '36' AND date = '2017-08-16' 
2017-08-16 11:55:49 Balance Update Status 2:1
 2017-08-16 11:55:49 Balance Update Params :
Branch Id : 7
Account ID : 37
Amount : 0
2017-08-16 11:55:49 SELECT SQL : SELECT * FROM balances WHERE  branchId = '7' AND accountId = '37'  
2017-08-16 11:55:49 SELECT SQL : SELECT * FROM balances WHERE  branchId = '7' AND accountId = '37' AND date = '2017-08-16'  
2017-08-16 11:55:49 UPDATE SQL : UPDATE balances SET closingBalance = '100158' WHERE  branchId = '7' AND accountId = '37' AND date = '2017-08-16' 
2017-08-16 11:55:49 Balance Update Status 2:1
 2017-08-16 11:55:49 Balance Update Params :
Branch Id : 13
Account ID : 38
Amount : 0
2017-08-16 11:55:49 SELECT SQL : SELECT * FROM balances WHERE  branchId = '13' AND accountId = '38'  
2017-08-16 11:55:49 Balance Update Params :
Branch Id : 13
Account ID : 39
Amount : 0
2017-08-16 11:55:49 SELECT SQL : SELECT * FROM balances WHERE  branchId = '13' AND accountId = '39'  
2017-08-16 11:55:49 SELECT SQL : SELECT * FROM balances WHERE  branchId = '13' AND accountId = '39' AND date = '2017-08-16'  
2017-08-16 11:55:49 UPDATE SQL : UPDATE balances SET closingBalance = '-6840000001.9444' WHERE  branchId = '13' AND accountId = '39' AND date = '2017-08-16' 
2017-08-16 11:55:50 Balance Update Status 2:1
 2017-08-16 11:55:50 SELECT SQL : SELECT * FROM currencies WHERE  active = '1'  
2017-08-16 11:55:50 SELECT SQL : SELECT * FROM accounts WHERE  active = '1' AND type_id = '4'  
2017-08-16 11:55:50 SELECT SQL : SELECT * FROM account_types WHERE  active = '1'  
2017-08-16 11:55:50 SELECT SQL : SELECT * FROM user_types WHERE  active = '1'  
2017-08-16 11:55:50 Response : {"data":{"branches":[{"id":"5","name":"KINSHASHA","countryId":"4","location":"Patrice Avenue","supervisorId":"3","createdBy":"4","ts":"2017-06-30 00:06:55","active":"1"},{"id":"6","name":"OASIS MALL","countryId":"1","location":"Yusufu Lule Rd","supervisorId":"3","createdBy":"2","ts":"2017-06-30 00:12:08","active":"1"},{"id":"7","name":"GOMA","countryId":"4","location":"Goma","supervisorId":"3","createdBy":"1","ts":"2017-07-05 00:00:00","active":"1"},{"id":"9","name":"MOMBASA","countryId":"2","location":"Mombasa","supervisorId":"3","createdBy":"1","ts":"2017-07-05 00:00:00","active":"1"},{"id":"10","name":"DUBAI","countryId":"6","location":"Dubai","supervisorId":"3","createdBy":"1","ts":"2017-07-05 00:00:00","active":"1"},{"id":"11","name":"CHINA","countryId":"5","location":"China","supervisorId":"3","createdBy":"3","ts":"2017-07-05 13:23:17","active":"1"},{"id":"12","name":"NAIROBI","countryId":"2","location":"Nairobi","supervisorId":"3","createdBy":"3","ts":"2017-07-06 14:12:35","active":"1"},{"id":"13","name":"KAMPALA ROAD","countryId":"1","location":"kampala road","supervisorId":"3","createdBy":"3","ts":"2017-07-06 14:12:35","active":"1"}],"countries":[{"id":"1","name":"UGANDA","createdBy":"1","ts":"2017-06-25 23:13:31","active":"1"},{"id":"2","name":"KENYA","createdBy":"1","ts":"2017-06-26 09:02:45","active":"1"},{"id":"3","name":"TZ","createdBy":"1","ts":"2017-06-28 11:11:53","active":"1"},{"id":"4","name":"CONGO","createdBy":"1","ts":"2017-06-28 11:26:11","active":"1"},{"id":"5","name":"CHINA","createdBy":"1","ts":"2017-06-28 11:30:01","active":"1"},{"id":"6","name":"UAE","createdBy":"1","ts":"2017-07-05 00:00:00","active":"1"}],"ids":[[{"id":"1","name":"Passport","createdBy":"1","ts":"2017-06-28 14:00:01","active":"1"},{"id":"2","name":"National ID","createdBy":"1","ts":"2017-06-28 14:00:01","active":"1"},{"id":"3","name":"STUDENTS ID","createdBy":"1","ts":"2017-06-28 16:21:46","active":"1"}]],"users":[{"id":"1","firstName":"You","surname":"Jinshu","email":"hudsonbogere@swipeit.co.ug","phone":"256783131266","userName":"you","branchId":"0","userTypeId":"1","password":"$2y$10$pPGbhJ1RXx\/ug.ED3LnsQuKHJTqwYsa\/iF0OqGOgsjflkHKIDTLVq","sessionId":"HZybfPRB27XLgaKYEuNTiBgx1eiBDwsQ","ipAddress":"::1","createdBy":null,"ts":"2017-06-23 15:08:12","active":"1"},{"id":"2","firstName":"Nansubuga","surname":"Dorothy","email":"henry@gmail.com","phone":"256752284441","userName":"dorah","branchId":"12","userTypeId":"3","password":"$2y$10$F9t92sYKf2rDJ.JzCmrrT.Jt1Ix37Fuo.uZKpXPn69dgDUTZ8xLXi","sessionId":"","ipAddress":"105.231.196.253","createdBy":"1","ts":"2017-06-26 19:11:07","active":"1"},{"id":"3","firstName":"Lydia","surname":"Amoi","email":"islam@gmail.com","phone":"256777608310","userName":"lydia","branchId":"6","userTypeId":"2","password":"$2y$10$m72Zz8Z.h4\/Zp6TFDhmbXeQ79kZ7JJ2U0yLUanc0dDVxbc.5UPkRG","sessionId":"n510JahLBR6MZZ6JU2YvkFPVcZFHl2Z5","ipAddress":"::1","createdBy":"1","ts":"2017-06-26 19:41:01","active":"1"},{"id":"4","firstName":"Nabukera","surname":"Maria","email":"banerd@tfb.com","phone":"256774457813","userName":"maria","branchId":"5","userTypeId":"5","password":"$2y$10$wTpUE\/WJFMfQaBglrQocTO9ndV6dbxL2vzFDEJZ1hpVVp4binpXGO","sessionId":"ABnK2MkuYxBVnps1FX5gZgwJ1611ffjh","ipAddress":"::1","createdBy":"1","ts":"2017-06-26 23:04:07","active":"1"},{"id":"5","firstName":"Henry","surname":"Bbosa","email":null,"phone":null,"userName":"Henry","branchId":"11","userTypeId":"3","password":"$2y$10$m72Zz8Z.h4\/Zp6TFDhmbXeQ79kZ7JJ2U0yLUanc0dDVxbc.5UPkRG","sessionId":"","ipAddress":"::1","createdBy":"1","ts":"2017-07-05 00:00:00","active":"1"},{"id":"6","firstName":"Edwin","surname":"Kakeeto","email":"edwin@edwin.com","phone":"0777777557","userName":"edwin","branchId":"7","userTypeId":"3","password":"$2y$10$wTpUE\/WJFMfQaBglrQocTO9ndV6dbxL2vzFDEJZ1hpVVp4binpXGO","sessionId":"KRX8Yh2iqId0EWTdOh43HSfBIE4fr5lp","ipAddress":"41.243.17.77","createdBy":"3","ts":"2017-07-10 07:37:50","active":"1"},{"id":"7","firstName":"Trish","surname":"Baby","email":"patricia@gmail.com","phone":"0777777557","userName":"trish","branchId":"13","userTypeId":"3","password":"$2y$10$m72Zz8Z.h4\/Zp6TFDhmbXeQ79kZ7JJ2U0yLUanc0dDVxbc.5UPkRG","sessionId":"","ipAddress":"::1","createdBy":null,"ts":null,"active":"1"},{"id":"8","firstName":"cedric","surname":"cedric","email":"cedric@gmail.com","phone":"+256754813912","userName":"cedric","branchId":"7","userTypeId":"3","password":"$2y$10$m72Zz8Z.h4\/Zp6TFDhmbXeQ79kZ7JJ2U0yLUanc0dDVxbc.5UPkRG","sessionId":"tjlhVkegBNlQMx8mIYqyQFhY0t61DfLy","ipAddress":"::1","createdBy":null,"ts":null,"active":"1"},{"id":"9","firstName":"Bravia","surname":"Muzira","email":"muzira@gmail.com","phone":"+256771889211","userName":"Braviah","branchId":"6","userTypeId":"3","password":"$2y$10$m72Zz8Z.h4\/Zp6TFDhmbXeQ79kZ7JJ2U0yLUanc0dDVxbc.5UPkRG","sessionId":"CNHdx868gWwwaWl34QWYmNGxDsy1g0Dy","ipAddress":"41.210.154.223","createdBy":null,"ts":null,"active":"1"}],"accounts":[{"id":"16","name":"KINSHASHA-USD Account","branchId":"5","currency_id":"2"},{"id":"20","name":"OASIS MALL-RMB Account","branchId":"6","currency_id":"1"},{"id":"21","name":"OASIS MALL-USD Account","branchId":"6","currency_id":"2"},{"id":"22","name":"OASIS MALL-DIRHAM Account","branchId":"6","currency_id":"3"},{"id":"23","name":"OASIS MALL-UGX Account","branchId":"6","currency_id":"4"},{"id":"24","name":"OASIS MALL-KSH Account","branchId":"6","currency_id":"5"},{"id":"27","name":"CHINA-RMB Account","branchId":"11","currency_id":"1"},{"id":"28","name":"CHINA-USD Account","branchId":"11","currency_id":"2"},{"id":"33","name":"NAIROBI-USD Account","branchId":"12","currency_id":"2"},{"id":"36","name":"NAIROBI-KSH Account","branchId":"12","currency_id":"5"},{"id":"37","name":"GOMA-USD ACCOUNT","branchId":"7","currency_id":"2"},{"id":"38","name":"KAMPALA ROAD -USD ACCOUNT","branchId":"13","currency_id":"2"},{"id":"39","name":"KAMPALA ROAD- UGX ACCOUNT ","branchId":"13","currency_id":"4"}],"currencies":[{"id":"1","name":"RMB","symbol":"\u00a5","createdBy":"1","ts":"2017-06-27 22:45:12","active":"1"},{"id":"2","name":"USD","symbol":"$","createdBy":"1","ts":"2017-06-27 22:45:12","active":"1"},{"id":"3","name":"DIRHAM","symbol":"","createdBy":"1","ts":"2017-06-28 11:40:09","active":"1"},{"id":"4","name":"UGX","symbol":"\/=","createdBy":"1","ts":"2017-06-28 11:46:50","active":"1"},{"id":"5","name":"KSH","symbol":"","createdBy":"1","ts":"2017-06-28 11:46:50","active":"1"}],"superaccount":[{"id":"1","name":"RMB Account","branchId":"0","type_id":"4","currency_id":"1","balance":"0","createdBy":"1","active":"1","ts":"2017-06-27 22:45:12"}],"accountTypes":[{"id":"1","type":"Transfer","description":"","createdBy":"1","ts":"2017-06-28 14:31:12","active":"1"},{"id":"2","type":"Suspense","description":"","createdBy":"1","ts":"2017-06-28 14:31:12","active":"1"},{"id":"4","type":"Super","description":"","createdBy":"1","ts":"2017-06-28 14:31:12","active":"1"}],"userTypes":[{"id":"1","name":"E-Value Admin","level":"1","ts":"2017-06-27 22:45:12","active":"1"},{"id":"2","name":"Super User","level":"2","ts":"2017-06-27 22:45:12","active":"1"},{"id":"3","name":"Agent","level":"3","ts":"2017-06-27 22:45:12","active":"1"},{"id":"4","name":"System Admin","level":"4","ts":"2017-06-27 22:45:12","active":"1"},{"id":"5","name":"superAgent","level":"3","ts":"2017-06-27 22:45:12","active":"1"}]},"success":1}
2017-08-16 11:56:28 ---- New Request ----
2017-08-16 11:56:28 Controller : Transfers
2017-08-16 11:56:28 Method : createtransferAction
2017-08-16 11:56:28 Controller File : controllers/Transfers.class.php, Exists
2017-08-16 11:56:28 Class constructed
2017-08-16 11:56:28 Class constructed
2017-08-16 11:56:28 Transfer Creation Params ;Amount :50060\currencyid : 4
Country : 0
Charge : 4000
sfname : 
ssurname : bbosa
Account Number : 
semail : 
sphone : 07896898
sidtype : 0
sid : 0
rfname : 
rsurname : lujj
remail : 
rphone : 69590
Receiver Branch : 0
passcode : ******
password : ******
userid : 3
sessionid : n510JahLBR6MZZ6JU2YvkFPVcZFHl2Z5
Exchange Rate : 2300
AmountAfterXchange : 115138000
Charge Currency : 42017-08-16 11:56:28 SELECT SQL : SELECT * FROM settings WHERE  name = 'SuspenseAccount'  
2017-08-16 11:56:28 SELECT SQL : SELECT * FROM users WHERE  id = '3'  
2017-08-16 11:56:28 INSERT SQL : INSERT INTO transfers  (ts,userIdSource,amount,currency,destinationCountryId,toBranch,senderFname,senderSurname,senderEmail,senderPhone,senderIdType,senderId,receiverFname,receiverSurname,receiverEmail,receiverPhone,amountAfterExchange,from_currency,charge,charge_currency_id,fromBranch,passcode,status,sourceIpAddress)  VALUES(NOW(),'3','50060','4','0','0','','bbosa','','07896898','0','0','','lujj','','69590','115138000','2','4000','4','6','$2y$10$mNODcggS49epNEHJD8VA9ejA6gDfbWcRGhZjqpsLXRHclqlS8kXqu','Pending','::1')
2017-08-16 11:56:29 SELECT SQL : SELECT id,transferRef FROM transfers WHERE  id = '19'  
2017-08-16 11:56:29 INSERT SQL : INSERT INTO audit_trails  (ts,userId,tableName,recordId,field,oldValue,newValue)  VALUES(NOW(),'3','transfers','19','transferRef','','00600319')
2017-08-16 11:56:29 audit_trails Insert ID : 39
2017-08-16 11:56:29 UPDATE SQL : UPDATE transfers SET transferRef = '00600319' WHERE  id = '19' 
2017-08-16 11:56:29 SELECT SQL : SELECT id FROM accounts WHERE  branchId = '6' AND currency_id = '2'  
2017-08-16 11:56:29 INSERT SQL : INSERT INTO account_transfers  (ts,amountAfterXchange,amountB4Xchange,currencyB4Xchange,currencyAfterXchange,exchangeRate,charge,chargeCurrency,type,amount,fromId,toId,transferRef,userId)  VALUES(NOW(),'115138000','50060','2','4','2300','4000','4','transfer','50060','25','21','00600319','3')
2017-08-16 11:56:29 INSERT SQL : INSERT INTO branch_transaction  (ts,transaction_type_id,branch_id,amount,from_currency_id,to_currency_id,charge,charge_currency_id,sender_name,receiver_name,date)  VALUES(NOW(),'1','6','50060','2','4','4000','4','bbosa','lujj','2017-08-16')
2017-08-16 11:56:29 Balance Update Params :
Branch Id : 6
Account ID : 21
Amount : 50060
2017-08-16 11:56:29 SELECT SQL : SELECT * FROM balances WHERE  branchId = '6' AND accountId = '21'  
2017-08-16 11:56:29 SELECT SQL : SELECT * FROM balances WHERE  branchId = '6' AND accountId = '21' AND date = '2017-08-16'  
2017-08-16 11:56:29 UPDATE SQL : UPDATE balances SET closingBalance = '1926452' WHERE  branchId = '6' AND accountId = '21' AND date = '2017-08-16' 
2017-08-16 11:56:29 Balance Update Status 2:1
 2017-08-16 11:56:29 Balance Update Params :
Branch Id : 0
Account ID : 25
Amount : -50060
2017-08-16 11:56:29 SELECT SQL : SELECT * FROM balances WHERE  branchId = '0' AND accountId = '25'  
2017-08-16 11:56:29 SELECT SQL : SELECT * FROM balances WHERE  branchId = '0' AND accountId = '25' AND date = '2017-08-16'  
2017-08-16 11:56:29 UPDATE SQL : UPDATE balances SET closingBalance = '-22499825' WHERE  branchId = '0' AND accountId = '25' AND date = '2017-08-16' 
2017-08-16 11:56:29 Balance Update Status 2:1
 2017-08-16 11:56:29 SELECT SQL : SELECT id FROM accounts WHERE  branchId = '6' AND currency_id = '4'  
2017-08-16 11:56:29 Balance Update Params :
Branch Id : 6
Account ID : 23
Amount : 4000
2017-08-16 11:56:29 SELECT SQL : SELECT * FROM balances WHERE  branchId = '6' AND accountId = '23'  
2017-08-16 11:56:29 SELECT SQL : SELECT * FROM balances WHERE  branchId = '6' AND accountId = '23' AND date = '2017-08-16'  
2017-08-16 11:56:29 UPDATE SQL : UPDATE balances SET closingBalance = '128953818' WHERE  branchId = '6' AND accountId = '23' AND date = '2017-08-16' 
2017-08-16 11:56:29 Balance Update Status 2:1
 2017-08-16 11:56:29 INSERT SQL : INSERT INTO account_transfers  (ts,type,amount,charge,fromId,toId,transferRef,userId,amountAfterXchange,amountB4Xchange)  VALUES(NOW(),'transfer','4000','0','25','23','0','3','4000','4000')
2017-08-16 11:56:29 SELECT SQL : SELECT * FROM transfers WHERE  fromBranch = '6'  OR toBranch = '6'  OR destinationCountryId = '0'  
2017-08-16 11:56:29 Response : {"success":1,"data":"00600319"}
