2017-08-02 18:52:00 ---- New Request ----
2017-08-02 18:52:00 Controller : Transfers
2017-08-02 18:52:00 Method : getallaccountbalancesAction
2017-08-02 18:52:00 Controller File : controllers/Transfers.class.php, Exists
2017-08-02 18:52:00 Class constructed
2017-08-02 18:52:00 Class constructed
2017-08-02 18:52:00 UserID : 4
SessionId : ejcFgYuVfSD4fUwqQHznfzOl1zLxBLRi
Branch ID : 5
2017-08-02 18:52:00 SELECT SQL : SELECT sessionId FROM users WHERE  id = '4'  
2017-08-02 18:52:00 SELECT SQL : SELECT name,id FROM accounts WHERE  active = '1' AND branchId = '5'  
2017-08-02 18:52:00 SELECT SQL : SELECT name FROM branches WHERE  id = '5'  
2017-08-02 18:52:00 Response : {"success":1,"data":[{"name":"KINSHASHA-USD Account","id":"16","balance":115555}],"branchName":"KINSHASHA"}
2017-08-02 18:52:02 ---- New Request ----
2017-08-02 18:52:02 Controller : Reports
2017-08-02 18:52:02 Method : gettransferlogsAction
2017-08-02 18:52:02 Controller File : controllers/Reports.class.php, Exists
2017-08-02 18:52:02 Class constructed
2017-08-02 18:52:02 Class constructed
2017-08-02 18:52:02 UserID : 4
SessionId : ejcFgYuVfSD4fUwqQHznfzOl1zLxBLRi
Branch ID : 5
Date : 
Account ID : 
2017-08-02 18:52:02 SELECT SQL : SELECT sessionId,branchId,userTypeId FROM users WHERE  id = '4'  
2017-08-02 18:52:02 SELECT SQL : SELECT id,fromBranch,toBranch,amount,currency,charge,transferRef,userIdSource,userIdDestination,ts,withdrawTs,status,senderFname,senderSurname,senderPhone,senderEmail,receiverFname,receiverSurname,receiverPhone,receiverAccountNumber,destinationCountryId FROM transfers WHERE  active = '1'  OR fromBranch = '5'  OR toBranch = '5'  ORDER BY ts DESC LIMIT 20
2017-08-02 18:52:02 SELECT SQL : SELECT name FROM branches WHERE  id = '6'  
2017-08-02 18:52:02 SELECT SQL : SELECT name FROM branches WHERE  id = '0'  
2017-08-02 18:52:02 SELECT SQL : SELECT name FROM currencies WHERE  id = '2'  
2017-08-02 18:52:02 SELECT SQL : SELECT userName FROM users WHERE  id = '9'  
2017-08-02 18:52:02 SELECT SQL : SELECT userName FROM users WHERE  id = ''  
2017-08-02 18:52:02 SELECT SQL : SELECT name FROM countries WHERE  id = '0'  
2017-08-02 18:52:02 SELECT SQL : SELECT name FROM branches WHERE  id = '5'  
2017-08-02 18:52:02 SELECT SQL : SELECT name FROM branches WHERE  id = '0'  
2017-08-02 18:52:02 SELECT SQL : SELECT name FROM currencies WHERE  id = '1'  
2017-08-02 18:52:02 SELECT SQL : SELECT userName FROM users WHERE  id = '4'  
2017-08-02 18:52:02 SELECT SQL : SELECT userName FROM users WHERE  id = ''  
2017-08-02 18:52:02 SELECT SQL : SELECT name FROM countries WHERE  id = '0'  
2017-08-02 18:52:02 SELECT SQL : SELECT name FROM branches WHERE  id = '12'  
2017-08-02 18:52:02 SELECT SQL : SELECT name FROM branches WHERE  id = '0'  
2017-08-02 18:52:02 SELECT SQL : SELECT name FROM currencies WHERE  id = '1'  
2017-08-02 18:52:02 SELECT SQL : SELECT userName FROM users WHERE  id = '2'  
2017-08-02 18:52:02 SELECT SQL : SELECT userName FROM users WHERE  id = ''  
2017-08-02 18:52:02 SELECT SQL : SELECT name FROM countries WHERE  id = '0'  
2017-08-02 18:52:02 SELECT SQL : SELECT name FROM branches WHERE  id = '12'  
2017-08-02 18:52:02 SELECT SQL : SELECT name FROM branches WHERE  id = '0'  
2017-08-02 18:52:02 SELECT SQL : SELECT name FROM currencies WHERE  id = '1'  
2017-08-02 18:52:02 SELECT SQL : SELECT userName FROM users WHERE  id = '2'  
2017-08-02 18:52:02 SELECT SQL : SELECT userName FROM users WHERE  id = ''  
2017-08-02 18:52:02 SELECT SQL : SELECT name FROM countries WHERE  id = '0'  
2017-08-02 18:52:02 SELECT SQL : SELECT name FROM branches WHERE  id = '12'  
2017-08-02 18:52:02 SELECT SQL : SELECT name FROM branches WHERE  id = '0'  
2017-08-02 18:52:02 SELECT SQL : SELECT name FROM currencies WHERE  id = '1'  
2017-08-02 18:52:02 SELECT SQL : SELECT userName FROM users WHERE  id = '2'  
2017-08-02 18:52:02 SELECT SQL : SELECT userName FROM users WHERE  id = ''  
2017-08-02 18:52:02 SELECT SQL : SELECT name FROM countries WHERE  id = '0'  
2017-08-02 18:52:02 SELECT SQL : SELECT name FROM branches WHERE  id = '5'  
2017-08-02 18:52:02 SELECT SQL : SELECT name FROM branches WHERE  id = '0'  
2017-08-02 18:52:02 SELECT SQL : SELECT name FROM currencies WHERE  id = '1'  
2017-08-02 18:52:02 SELECT SQL : SELECT userName FROM users WHERE  id = '4'  
2017-08-02 18:52:02 SELECT SQL : SELECT userName FROM users WHERE  id = ''  
2017-08-02 18:52:02 SELECT SQL : SELECT name FROM countries WHERE  id = '0'  
2017-08-02 18:52:02 SELECT SQL : SELECT name FROM branches WHERE  id = '5'  
2017-08-02 18:52:02 SELECT SQL : SELECT name FROM branches WHERE  id = '0'  
2017-08-02 18:52:02 SELECT SQL : SELECT name FROM currencies WHERE  id = '1'  
2017-08-02 18:52:02 SELECT SQL : SELECT userName FROM users WHERE  id = '4'  
2017-08-02 18:52:02 SELECT SQL : SELECT userName FROM users WHERE  id = ''  
2017-08-02 18:52:02 SELECT SQL : SELECT name FROM countries WHERE  id = '0'  
2017-08-02 18:52:02 SELECT SQL : SELECT name FROM branches WHERE  id = '5'  
2017-08-02 18:52:02 SELECT SQL : SELECT name FROM branches WHERE  id = '0'  
2017-08-02 18:52:02 SELECT SQL : SELECT name FROM currencies WHERE  id = '1'  
2017-08-02 18:52:02 SELECT SQL : SELECT userName FROM users WHERE  id = '4'  
2017-08-02 18:52:02 SELECT SQL : SELECT userName FROM users WHERE  id = ''  
2017-08-02 18:52:02 SELECT SQL : SELECT name FROM countries WHERE  id = '0'  
2017-08-02 18:52:02 SELECT SQL : SELECT name FROM branches WHERE  id = '12'  
2017-08-02 18:52:02 SELECT SQL : SELECT name FROM branches WHERE  id = '0'  
2017-08-02 18:52:02 SELECT SQL : SELECT name FROM currencies WHERE  id = '1'  
2017-08-02 18:52:02 SELECT SQL : SELECT userName FROM users WHERE  id = '2'  
2017-08-02 18:52:02 SELECT SQL : SELECT userName FROM users WHERE  id = ''  
2017-08-02 18:52:02 SELECT SQL : SELECT name FROM countries WHERE  id = '0'  
2017-08-02 18:52:02 SELECT SQL : SELECT name FROM branches WHERE  id = '12'  
2017-08-02 18:52:02 SELECT SQL : SELECT name FROM branches WHERE  id = '0'  
2017-08-02 18:52:02 SELECT SQL : SELECT name FROM currencies WHERE  id = '1'  
2017-08-02 18:52:02 SELECT SQL : SELECT userName FROM users WHERE  id = '2'  
2017-08-02 18:52:02 SELECT SQL : SELECT userName FROM users WHERE  id = ''  
2017-08-02 18:52:02 SELECT SQL : SELECT name FROM countries WHERE  id = '0'  
2017-08-02 18:52:02 SELECT SQL : SELECT name FROM branches WHERE  id = '12'  
2017-08-02 18:52:02 SELECT SQL : SELECT name FROM branches WHERE  id = '0'  
2017-08-02 18:52:02 SELECT SQL : SELECT name FROM currencies WHERE  id = '1'  
2017-08-02 18:52:02 SELECT SQL : SELECT userName FROM users WHERE  id = '2'  
2017-08-02 18:52:02 SELECT SQL : SELECT userName FROM users WHERE  id = ''  
2017-08-02 18:52:02 SELECT SQL : SELECT name FROM countries WHERE  id = '0'  
2017-08-02 18:52:02 SELECT SQL : SELECT name FROM branches WHERE  id = '5'  
2017-08-02 18:52:02 Response : {"success":1,"branchName":"KINSHASHA","data":[{"id":"11","fromBranch":"6","toBranch":"0","amount":"700000","currency":"USD","charge":"50000","transferRef":"00600911","userIdSource":"9","userIdDestination":null,"ts":"2017-08-02 07:08:27","withdrawTs":null,"status":"Pending","senderFname":"","senderSurname":"Jimmy","senderPhone":"0789898989","senderEmail":"","receiverFname":"","receiverSurname":"James","receiverPhone":"0771889211","receiverAccountNumber":null,"destinationCountryId":"0","fromBranchName":"OASIS MALL","toBranchName":null,"agentSource":"Braviah","agentDestination":null,"destinationCountry":null},{"id":"10","fromBranch":"5","toBranch":"0","amount":"50000","currency":"RMB","charge":"0.015","transferRef":"00500410","userIdSource":"4","userIdDestination":null,"ts":"2017-08-01 20:54:35","withdrawTs":null,"status":"Pending","senderFname":"","senderSurname":"Lin Xiao","senderPhone":"0852222222","senderEmail":"","receiverFname":"","receiverSurname":"Lin jing","receiverPhone":"","receiverAccountNumber":"6217 0018 2000 3506","destinationCountryId":"0","fromBranchName":"KINSHASHA","toBranchName":null,"agentSource":"maria","agentDestination":null,"destinationCountry":null},{"id":"9","fromBranch":"12","toBranch":"0","amount":"20734","currency":"RMB","charge":null,"transferRef":"0120029","userIdSource":"2","userIdDestination":null,"ts":"2017-08-01 14:48:20","withdrawTs":null,"status":"Pending","senderFname":"","senderSurname":"Abdul","senderPhone":"0722846889","senderEmail":"","receiverFname":"","receiverSurname":"MohamedMohamed Hassan","receiverPhone":"0722846889","receiverAccountNumber":"6228480086791851875","destinationCountryId":"0","fromBranchName":"NAIROBI","toBranchName":null,"agentSource":"dorah","agentDestination":null,"destinationCountry":null},{"id":"8","fromBranch":"12","toBranch":"0","amount":"157000","currency":"RMB","charge":null,"transferRef":"0120028","userIdSource":"2","userIdDestination":null,"ts":"2017-08-01 14:44:43","withdrawTs":null,"status":"Pending","senderFname":"","senderSurname":"Liping","senderPhone":"0790943036","senderEmail":"","receiverFname":"","receiverSurname":"Jiang Liping","receiverPhone":"0790943036","receiverAccountNumber":"6013820500485835627","destinationCountryId":"0","fromBranchName":"NAIROBI","toBranchName":null,"agentSource":"dorah","agentDestination":null,"destinationCountry":null},{"id":"7","fromBranch":"12","toBranch":"0","amount":"100000","currency":"RMB","charge":null,"transferRef":"0120027","userIdSource":"2","userIdDestination":null,"ts":"2017-08-01 14:41:38","withdrawTs":null,"status":"Pending","senderFname":"","senderSurname":"Xu zhongxing","senderPhone":"0727746669","senderEmail":"","receiverFname":"","receiverSurname":"Geng Guoli","receiverPhone":"0727746669","receiverAccountNumber":"6228433429001769719","destinationCountryId":"0","fromBranchName":"NAIROBI","toBranchName":null,"agentSource":"dorah","agentDestination":null,"destinationCountry":null},{"id":"6","fromBranch":"5","toBranch":"0","amount":"5000","currency":"RMB","charge":"0.015","transferRef":"0050046","userIdSource":"4","userIdDestination":null,"ts":"2017-08-01 11:43:42","withdrawTs":null,"status":"Pending","senderFname":"","senderSurname":"Yu liang","senderPhone":"","senderEmail":"","receiverFname":"","receiverSurname":"Ma Ling","receiverPhone":"","receiverAccountNumber":"6228480084433891714","destinationCountryId":"0","fromBranchName":"KINSHASHA","toBranchName":null,"agentSource":"maria","agentDestination":null,"destinationCountry":null},{"id":"5","fromBranch":"5","toBranch":"0","amount":"5000","currency":"RMB","charge":"0.015","transferRef":"0050045","userIdSource":"4","userIdDestination":null,"ts":"2017-08-01 11:41:31","withdrawTs":null,"status":"Pending","senderFname":"","senderSurname":"Yu liang","senderPhone":"","senderEmail":"","receiverFname":"","receiverSurname":"Wu Ying Lan","receiverPhone":"","receiverAccountNumber":"4563516202017029846","destinationCountryId":"0","fromBranchName":"KINSHASHA","toBranchName":null,"agentSource":"maria","agentDestination":null,"destinationCountry":null},{"id":"4","fromBranch":"5","toBranch":"0","amount":"55555","currency":"RMB","charge":"0.015","transferRef":"0050044","userIdSource":"4","userIdDestination":null,"ts":"2017-08-01 11:38:11","withdrawTs":null,"status":"Pending","senderFname":"","senderSurname":"Yu liang","senderPhone":"","senderEmail":"","receiverFname":"","receiverSurname":"Zhan Guo Ju","receiverPhone":"","receiverAccountNumber":"622908376586044016","destinationCountryId":"0","fromBranchName":"KINSHASHA","toBranchName":null,"agentSource":"maria","agentDestination":null,"destinationCountry":null},{"id":"3","fromBranch":"12","toBranch":"0","amount":"350000","currency":"RMB","charge":"1700","transferRef":"0120023","userIdSource":"2","userIdDestination":null,"ts":"2017-07-31 14:15:29","withdrawTs":null,"status":"Pending","senderFname":"","senderSurname":"Donald Mbeche","senderPhone":"0722301322","senderEmail":"","receiverFname":"","receiverSurname":"Qunce Zhu","receiverPhone":"+8613160809877","receiverAccountNumber":"6217857000001342201","destinationCountryId":"0","fromBranchName":"NAIROBI","toBranchName":null,"agentSource":"dorah","agentDestination":null,"destinationCountry":null},{"id":"2","fromBranch":"12","toBranch":"0","amount":"2583300","currency":"RMB","charge":"1700","transferRef":"0120022","userIdSource":"2","userIdDestination":null,"ts":"2017-07-31 14:10:52","withdrawTs":null,"status":"Pending","senderFname":"","senderSurname":"John Chinese","senderPhone":"0736229235","senderEmail":"","receiverFname":"","receiverSurname":"Xiaodong Jiang","receiverPhone":"0736229235","receiverAccountNumber":"6226682105342133","destinationCountryId":"0","fromBranchName":"NAIROBI","toBranchName":null,"agentSource":"dorah","agentDestination":null,"destinationCountry":null},{"id":"1","fromBranch":"12","toBranch":"0","amount":"1798300","currency":"RMB","charge":"1700","transferRef":"0120021","userIdSource":"2","userIdDestination":null,"ts":"2017-07-31 14:05:57","withdrawTs":null,"status":"Pending","senderFname":"","senderSurname":"John Chinese","senderPhone":"0736229235","senderEmail":"","receiverFname":"","receiverSurname":"Susheng Yan","receiverPhone":"0736229235","receiverAccountNumber":"4367420060740475558","destinationCountryId":"0","fromBranchName":"NAIROBI","toBranchName":null,"agentSource":"dorah","agentDestination":null,"destinationCountry":null}]}
2017-08-02 18:58:15 ---- New Request ----
2017-08-02 18:58:15 Controller : Transfers
2017-08-02 18:58:15 Method : getallaccountbalancesAction
2017-08-02 18:58:15 Controller File : controllers/Transfers.class.php, Exists
2017-08-02 18:58:15 Class constructed
2017-08-02 18:58:15 Class constructed
2017-08-02 18:58:15 UserID : 4
SessionId : ejcFgYuVfSD4fUwqQHznfzOl1zLxBLRi
Branch ID : 5
2017-08-02 18:58:15 SELECT SQL : SELECT sessionId FROM users WHERE  id = '4'  
2017-08-02 18:58:15 SELECT SQL : SELECT name,id FROM accounts WHERE  active = '1' AND branchId = '5'  
2017-08-02 18:58:15 SELECT SQL : SELECT name FROM branches WHERE  id = '5'  
2017-08-02 18:58:15 Response : {"success":1,"data":[{"name":"KINSHASHA-USD Account","id":"16","balance":115555}],"branchName":"KINSHASHA"}
