2017-07-18 10:14:35 ---- New Request ----
2017-07-18 10:14:35 Controller : Users
2017-07-18 10:14:35 Method : formsdetailsAction
2017-07-18 10:14:35 Controller File : controllers/Users.class.php, Exists
2017-07-18 10:14:35 Class constructed
2017-07-18 10:14:35 Details Params :
SessionID :M5zjz2ExBB8s4X1wYnfdRrCdHUkn04ca
User ID : 2
2017-07-18 10:14:35 SELECT SQL : SELECT * FROM branches WHERE  active = '1'  
2017-07-18 10:14:35 SELECT SQL : SELECT * FROM countries WHERE  active = '1'  
2017-07-18 10:14:35 SELECT SQL : SELECT * FROM identification WHERE  active = '1'  
2017-07-18 10:14:35 SELECT SQL : SELECT * FROM users WHERE  active = '1'  
2017-07-18 10:14:35 SELECT SQL : SELECT id,name,branchId,currency_id FROM accounts WHERE  active = '1' AND type_id = '1'  
2017-07-18 10:14:35 Balance Update Params :
Branch Id : 5
Account ID : 16
Amount : 0
2017-07-18 10:14:35 SELECT SQL : SELECT * FROM balances WHERE  branchId = '5' AND accountId = '16'  
2017-07-18 10:14:35 SELECT SQL : SELECT * FROM balances WHERE  branchId = '5' AND accountId = '16' AND date = '2017-07-18'  
2017-07-18 10:14:35 UPDATE SQL : UPDATE balances SET closingBalance = '431989' WHERE  branchId = '5' AND accountId = '16' AND date = '2017-07-18' 
2017-07-18 10:14:35 Balance Update Status 2:1
 2017-07-18 10:14:35 Balance Update Params :
Branch Id : 6
Account ID : 20
Amount : 0
2017-07-18 10:14:35 SELECT SQL : SELECT * FROM balances WHERE  branchId = '6' AND accountId = '20'  
2017-07-18 10:14:35 Balance Update Params :
Branch Id : 6
Account ID : 21
Amount : 0
2017-07-18 10:14:35 SELECT SQL : SELECT * FROM balances WHERE  branchId = '6' AND accountId = '21'  
2017-07-18 10:14:35 SELECT SQL : SELECT * FROM balances WHERE  branchId = '6' AND accountId = '21' AND date = '2017-07-18'  
2017-07-18 10:14:35 UPDATE SQL : UPDATE balances SET closingBalance = '199110' WHERE  branchId = '6' AND accountId = '21' AND date = '2017-07-18' 
2017-07-18 10:14:35 Balance Update Status 2:1
 2017-07-18 10:14:35 Balance Update Params :
Branch Id : 6
Account ID : 22
Amount : 0
2017-07-18 10:14:35 SELECT SQL : SELECT * FROM balances WHERE  branchId = '6' AND accountId = '22'  
2017-07-18 10:14:35 Balance Update Params :
Branch Id : 6
Account ID : 23
Amount : 0
2017-07-18 10:14:35 SELECT SQL : SELECT * FROM balances WHERE  branchId = '6' AND accountId = '23'  
2017-07-18 10:14:35 SELECT SQL : SELECT * FROM balances WHERE  branchId = '6' AND accountId = '23' AND date = '2017-07-18'  
2017-07-18 10:14:35 UPDATE SQL : UPDATE balances SET closingBalance = '115059519' WHERE  branchId = '6' AND accountId = '23' AND date = '2017-07-18' 
2017-07-18 10:14:35 Balance Update Status 2:1
 2017-07-18 10:14:35 Balance Update Params :
Branch Id : 6
Account ID : 24
Amount : 0
2017-07-18 10:14:35 SELECT SQL : SELECT * FROM balances WHERE  branchId = '6' AND accountId = '24'  
2017-07-18 10:14:35 Balance Update Params :
Branch Id : 11
Account ID : 27
Amount : 0
2017-07-18 10:14:35 SELECT SQL : SELECT * FROM balances WHERE  branchId = '11' AND accountId = '27'  
2017-07-18 10:14:35 SELECT SQL : SELECT * FROM balances WHERE  branchId = '11' AND accountId = '27' AND date = '2017-07-18'  
2017-07-18 10:14:35 UPDATE SQL : UPDATE balances SET closingBalance = '-1072373.0692236' WHERE  branchId = '11' AND accountId = '27' AND date = '2017-07-18' 
2017-07-18 10:14:35 Balance Update Status 2:1
 2017-07-18 10:14:35 Balance Update Params :
Branch Id : 11
Account ID : 28
Amount : 0
2017-07-18 10:14:35 SELECT SQL : SELECT * FROM balances WHERE  branchId = '11' AND accountId = '28'  
2017-07-18 10:14:35 Balance Update Params :
Branch Id : 12
Account ID : 33
Amount : 0
2017-07-18 10:14:35 SELECT SQL : SELECT * FROM balances WHERE  branchId = '12' AND accountId = '33'  
2017-07-18 10:14:35 SELECT SQL : SELECT * FROM balances WHERE  branchId = '12' AND accountId = '33' AND date = '2017-07-18'  
2017-07-18 10:14:35 UPDATE SQL : UPDATE balances SET closingBalance = '-22821' WHERE  branchId = '12' AND accountId = '33' AND date = '2017-07-18' 
2017-07-18 10:14:35 Balance Update Status 2:1
 2017-07-18 10:14:35 Balance Update Params :
Branch Id : 12
Account ID : 36
Amount : 0
2017-07-18 10:14:35 SELECT SQL : SELECT * FROM balances WHERE  branchId = '12' AND accountId = '36'  
2017-07-18 10:14:35 SELECT SQL : SELECT * FROM balances WHERE  branchId = '12' AND accountId = '36' AND date = '2017-07-18'  
2017-07-18 10:14:35 UPDATE SQL : UPDATE balances SET closingBalance = '31290743' WHERE  branchId = '12' AND accountId = '36' AND date = '2017-07-18' 
2017-07-18 10:14:35 Balance Update Status 2:1
 2017-07-18 10:14:35 Balance Update Params :
Branch Id : 7
Account ID : 37
Amount : 0
2017-07-18 10:14:35 SELECT SQL : SELECT * FROM balances WHERE  branchId = '7' AND accountId = '37'  
2017-07-18 10:14:35 SELECT SQL : SELECT * FROM balances WHERE  branchId = '7' AND accountId = '37' AND date = '2017-07-18'  
2017-07-18 10:14:35 UPDATE SQL : UPDATE balances SET closingBalance = '104495' WHERE  branchId = '7' AND accountId = '37' AND date = '2017-07-18' 
2017-07-18 10:14:35 Balance Update Status 2:1
 2017-07-18 10:14:35 Balance Update Params :
Branch Id : 13
Account ID : 38
Amount : 0
2017-07-18 10:14:35 SELECT SQL : SELECT * FROM balances WHERE  branchId = '13' AND accountId = '38'  
2017-07-18 10:14:35 Balance Update Params :
Branch Id : 13
Account ID : 39
Amount : 0
2017-07-18 10:14:35 SELECT SQL : SELECT * FROM balances WHERE  branchId = '13' AND accountId = '39'  
2017-07-18 10:14:35 SELECT SQL : SELECT * FROM currencies WHERE  active = '1'  
2017-07-18 10:14:35 SELECT SQL : SELECT * FROM accounts WHERE  active = '1' AND type_id = '4'  
2017-07-18 10:14:35 SELECT SQL : SELECT * FROM account_types WHERE  active = '1'  
2017-07-18 10:14:35 SELECT SQL : SELECT * FROM user_types WHERE  active = '1'  
2017-07-18 10:14:35 Response : {"data":{"branches":[{"id":"5","name":"KINSHASHA","countryId":"4","location":"Patrice Avenue","supervisorId":"3","createdBy":"4","ts":"2017-06-30 00:06:55","active":"1"},{"id":"6","name":"OASIS MALL","countryId":"1","location":"Yusufu Lule Rd","supervisorId":"3","createdBy":"2","ts":"2017-06-30 00:12:08","active":"1"},{"id":"7","name":"GOMA","countryId":"4","location":"Goma","supervisorId":"3","createdBy":"1","ts":"2017-07-05 00:00:00","active":"1"},{"id":"9","name":"MOMBASA","countryId":"2","location":"Mombasa","supervisorId":"3","createdBy":"1","ts":"2017-07-05 00:00:00","active":"1"},{"id":"10","name":"DUBAI","countryId":"6","location":"Dubai","supervisorId":"3","createdBy":"1","ts":"2017-07-05 00:00:00","active":"1"},{"id":"11","name":"CHINA","countryId":"5","location":"China","supervisorId":"3","createdBy":"3","ts":"2017-07-05 13:23:17","active":"1"},{"id":"12","name":"NAIROBI","countryId":"2","location":"Nairobi","supervisorId":"3","createdBy":"3","ts":"2017-07-06 14:12:35","active":"1"},{"id":"13","name":"KAMPALA ROAD","countryId":"1","location":"kampala road","supervisorId":"3","createdBy":"3","ts":"2017-07-06 14:12:35","active":"1"}],"countries":[{"id":"1","name":"UGANDA","createdBy":"1","ts":"2017-06-25 23:13:31","active":"1"},{"id":"2","name":"KENYA","createdBy":"1","ts":"2017-06-26 09:02:45","active":"1"},{"id":"3","name":"TZ","createdBy":"1","ts":"2017-06-28 11:11:53","active":"1"},{"id":"4","name":"CONGO","createdBy":"1","ts":"2017-06-28 11:26:11","active":"1"},{"id":"5","name":"CHINA","createdBy":"1","ts":"2017-06-28 11:30:01","active":"1"},{"id":"6","name":"UAE","createdBy":"1","ts":"2017-07-05 00:00:00","active":"1"}],"ids":[[{"id":"1","name":"Passport","createdBy":"1","ts":"2017-06-28 14:00:01","active":"1"},{"id":"2","name":"National ID","createdBy":"1","ts":"2017-06-28 14:00:01","active":"1"},{"id":"3","name":"STUDENTS ID","createdBy":"1","ts":"2017-06-28 16:21:46","active":"1"}]],"users":[{"id":"1","firstName":"You","surname":"Jinshu","email":"hudsonbogere@swipeit.co.ug","phone":"256783131266","userName":"you","branchId":"0","userTypeId":"1","password":"$2y$10$pPGbhJ1RXx\/ug.ED3LnsQuKHJTqwYsa\/iF0OqGOgsjflkHKIDTLVq","sessionId":"KSTms8GEe36Gy41kXds63LMk2kJjROlO","ipAddress":"41.210.145.81","createdBy":null,"ts":"2017-06-23 15:08:12","active":"1"},{"id":"2","firstName":"Nansubuga","surname":"Dorothy","email":"henry@gmail.com","phone":"256752284441","userName":"dorah","branchId":"12","userTypeId":"3","password":"$2y$10$m72Zz8Z.h4\/Zp6TFDhmbXeQ79kZ7JJ2U0yLUanc0dDVxbc.5UPkRG","sessionId":"MdDBmpHTV3NyPm2IqMunbi4ON7p4uIvC","ipAddress":"160.242.141.153","createdBy":"1","ts":"2017-06-26 19:11:07","active":"1"},{"id":"3","firstName":"Lydia","surname":"Amoi","email":"islam@gmail.com","phone":"256777608310","userName":"lydia","branchId":"6","userTypeId":"2","password":"$2y$10$m72Zz8Z.h4\/Zp6TFDhmbXeQ79kZ7JJ2U0yLUanc0dDVxbc.5UPkRG","sessionId":"zQyIu6vPVJkCkxJLBmOHCIU1xjFI1jQ3","ipAddress":"197.157.34.184","createdBy":"1","ts":"2017-06-26 19:41:01","active":"1"},{"id":"4","firstName":"Nabukera","surname":"Maria","email":"banerd@tfb.com","phone":"256774457813","userName":"maria","branchId":"5","userTypeId":"3","password":"$2y$10$wTpUE\/WJFMfQaBglrQocTO9ndV6dbxL2vzFDEJZ1hpVVp4binpXGO","sessionId":"MAml7WA5DnxHYfhRP6pzKk5ziFbmlQmE","ipAddress":"197.157.209.152","createdBy":"1","ts":"2017-06-26 23:04:07","active":"1"},{"id":"5","firstName":"Henry","surname":"Bbosa","email":null,"phone":null,"userName":"henry","branchId":"11","userTypeId":"3","password":"$2y$10$m72Zz8Z.h4\/Zp6TFDhmbXeQ79kZ7JJ2U0yLUanc0dDVxbc.5UPkRG","sessionId":"B7Jvxy4i7CF1ccrrfFPeNdDXCEWHWJYa","ipAddress":"197.157.0.30","createdBy":"1","ts":"2017-07-05 00:00:00","active":"1"},{"id":"6","firstName":"Edwin","surname":"Kakeeto","email":"edwin@edwin.com","phone":"0777777557","userName":"edwin","branchId":"7","userTypeId":"3","password":"$2y$10$m72Zz8Z.h4\/Zp6TFDhmbXeQ79kZ7JJ2U0yLUanc0dDVxbc.5UPkRG","sessionId":"","ipAddress":"160.242.142.203","createdBy":"3","ts":"2017-07-10 07:37:50","active":"1"},{"id":"7","firstName":"Trish","surname":"Baby","email":"patricia@gmail.com","phone":"0777777557","userName":"trish","branchId":"13","userTypeId":"3","password":"$2y$10$m72Zz8Z.h4\/Zp6TFDhmbXeQ79kZ7JJ2U0yLUanc0dDVxbc.5UPkRG","sessionId":"","ipAddress":"160.242.141.153","createdBy":null,"ts":null,"active":"1"}],"accounts":[{"id":"16","name":"KINSHASHA-USD Account","branchId":"5","currency_id":"2"},{"id":"20","name":"OASIS MALL-RMB Account","branchId":"6","currency_id":"1"},{"id":"21","name":"OASIS MALL-USD Account","branchId":"6","currency_id":"2"},{"id":"22","name":"OASIS MALL-DIRHAM Account","branchId":"6","currency_id":"3"},{"id":"23","name":"OASIS MALL-UGX Account","branchId":"6","currency_id":"4"},{"id":"24","name":"OASIS MALL-KSH Account","branchId":"6","currency_id":"5"},{"id":"27","name":"CHINA-RMB Account","branchId":"11","currency_id":"1"},{"id":"28","name":"CHINA-USD Account","branchId":"11","currency_id":"2"},{"id":"33","name":"NAIROBI-USD Account","branchId":"12","currency_id":"2"},{"id":"36","name":"NAIROBI-KSH Account","branchId":"12","currency_id":"5"},{"id":"37","name":"GOMA-USD ACCOUNT","branchId":"7","currency_id":"2"},{"id":"38","name":"KAMPALA ROAD -USD ACCOUNT","branchId":"13","currency_id":"2"},{"id":"39","name":"KAMPALA ROAD- UGX ACCOUNT ","branchId":"13","currency_id":"4"}],"currencies":[{"id":"1","name":"RMB","symbol":"\u00c2\u00a5","createdBy":"1","ts":"2017-06-27 22:45:12","active":"1"},{"id":"2","name":"USD","symbol":"$","createdBy":"1","ts":"2017-06-27 22:45:12","active":"1"},{"id":"3","name":"DIRHAM","symbol":"","createdBy":"1","ts":"2017-06-28 11:40:09","active":"1"},{"id":"4","name":"UGX","symbol":"\/=","createdBy":"1","ts":"2017-06-28 11:46:50","active":"1"},{"id":"5","name":"KSH","symbol":"","createdBy":"1","ts":"2017-06-28 11:46:50","active":"1"}],"superaccount":[{"id":"1","name":"RMB Account","branchId":"0","type_id":"4","currency_id":"1","balance":"0","createdBy":"1","active":"1","ts":"2017-06-27 22:45:12"}],"accountTypes":[{"id":"1","type":"Transfer","description":"","createdBy":"1","ts":"2017-06-28 14:31:12","active":"1"},{"id":"2","type":"Suspense","description":"","createdBy":"1","ts":"2017-06-28 14:31:12","active":"1"},{"id":"4","type":"Super","description":"","createdBy":"1","ts":"2017-06-28 14:31:12","active":"1"}],"userTypes":[{"id":"1","name":"E-Value Admin","level":"1","ts":"2017-06-27 22:45:12","active":"1"},{"id":"2","name":"Super User","level":"2","ts":"2017-06-27 22:45:12","active":"1"},{"id":"3","name":"Agent","level":"3","ts":"2017-06-27 22:45:12","active":"1"},{"id":"4","name":"System Admin","level":"4","ts":"2017-06-27 22:45:12","active":"1"}]},"success":1}
2017-07-18 10:14:43 ---- New Request ----
2017-07-18 10:14:43 Controller : Users
2017-07-18 10:14:43 Method : logoutAction
2017-07-18 10:14:43 Controller File : controllers/Users.class.php, Exists
2017-07-18 10:14:43 Class constructed
2017-07-18 10:14:43 Logout Params ;Session ID :M5zjz2ExBB8s4X1wYnfdRrCdHUkn04ca\User ID : 2
2017-07-18 10:14:43 UPDATE SQL : UPDATE users SET sessionId = '',ipAddress = '105.231.97.122' WHERE  id = '2' 
2017-07-18 10:14:43 Response : {"success":1}
2017-07-18 10:14:58 ---- New Request ----
2017-07-18 10:14:58 Controller : Users
2017-07-18 10:14:58 Method : loginAction
2017-07-18 10:14:58 Controller File : controllers/Users.class.php, Exists
2017-07-18 10:14:58 Class constructed
2017-07-18 10:14:58 Login Params ;Username :dorah
Password : ******
2017-07-18 10:14:58 SELECT SQL : SELECT id,firstName,surname,userName,userTypeId,sessionId,password,active,branchId FROM users WHERE  userName = 'dorah'  
2017-07-18 10:14:58 SELECT SQL : SELECT name FROM branches WHERE  id = '12'  
2017-07-18 10:14:58 UPDATE SQL : UPDATE users SET sessionId = 'JOTZBYXbXh8eyROWm0BfrDJplzhYZrq8',ipAddress = '105.231.97.122' WHERE  id = '2' 
2017-07-18 10:14:58 Response : {"success":1,"data":{"id":"2","firstName":"Nansubuga","surname":"Dorothy","userName":"dorah","userTypeId":"3","sessionId":"JOTZBYXbXh8eyROWm0BfrDJplzhYZrq8","branchId":"12","branchName":"NAIROBI"}}
2017-07-18 10:15:00 ---- New Request ----
2017-07-18 10:15:00 Controller : Users
2017-07-18 10:15:00 Method : formsdetailsAction
2017-07-18 10:15:00 Controller File : controllers/Users.class.php, Exists
2017-07-18 10:15:00 Class constructed
2017-07-18 10:15:00 Details Params :
SessionID :JOTZBYXbXh8eyROWm0BfrDJplzhYZrq8
User ID : 2
2017-07-18 10:15:00 SELECT SQL : SELECT * FROM branches WHERE  active = '1'  
2017-07-18 10:15:00 SELECT SQL : SELECT * FROM countries WHERE  active = '1'  
2017-07-18 10:15:00 SELECT SQL : SELECT * FROM identification WHERE  active = '1'  
2017-07-18 10:15:00 SELECT SQL : SELECT * FROM users WHERE  active = '1'  
2017-07-18 10:15:00 SELECT SQL : SELECT id,name,branchId,currency_id FROM accounts WHERE  active = '1' AND type_id = '1'  
2017-07-18 10:15:00 Balance Update Params :
Branch Id : 5
Account ID : 16
Amount : 0
2017-07-18 10:15:00 SELECT SQL : SELECT * FROM balances WHERE  branchId = '5' AND accountId = '16'  
2017-07-18 10:15:00 SELECT SQL : SELECT * FROM balances WHERE  branchId = '5' AND accountId = '16' AND date = '2017-07-18'  
2017-07-18 10:15:00 UPDATE SQL : UPDATE balances SET closingBalance = '431989' WHERE  branchId = '5' AND accountId = '16' AND date = '2017-07-18' 
2017-07-18 10:15:00 Balance Update Status 2:1
 2017-07-18 10:15:00 Balance Update Params :
Branch Id : 6
Account ID : 20
Amount : 0
2017-07-18 10:15:00 SELECT SQL : SELECT * FROM balances WHERE  branchId = '6' AND accountId = '20'  
2017-07-18 10:15:00 Balance Update Params :
Branch Id : 6
Account ID : 21
Amount : 0
2017-07-18 10:15:00 SELECT SQL : SELECT * FROM balances WHERE  branchId = '6' AND accountId = '21'  
2017-07-18 10:15:00 SELECT SQL : SELECT * FROM balances WHERE  branchId = '6' AND accountId = '21' AND date = '2017-07-18'  
2017-07-18 10:15:00 UPDATE SQL : UPDATE balances SET closingBalance = '199110' WHERE  branchId = '6' AND accountId = '21' AND date = '2017-07-18' 
2017-07-18 10:15:00 Balance Update Status 2:1
 2017-07-18 10:15:00 Balance Update Params :
Branch Id : 6
Account ID : 22
Amount : 0
2017-07-18 10:15:00 SELECT SQL : SELECT * FROM balances WHERE  branchId = '6' AND accountId = '22'  
2017-07-18 10:15:00 Balance Update Params :
Branch Id : 6
Account ID : 23
Amount : 0
2017-07-18 10:15:00 SELECT SQL : SELECT * FROM balances WHERE  branchId = '6' AND accountId = '23'  
2017-07-18 10:15:00 SELECT SQL : SELECT * FROM balances WHERE  branchId = '6' AND accountId = '23' AND date = '2017-07-18'  
2017-07-18 10:15:00 UPDATE SQL : UPDATE balances SET closingBalance = '115059519' WHERE  branchId = '6' AND accountId = '23' AND date = '2017-07-18' 
2017-07-18 10:15:00 Balance Update Status 2:1
 2017-07-18 10:15:00 Balance Update Params :
Branch Id : 6
Account ID : 24
Amount : 0
2017-07-18 10:15:00 SELECT SQL : SELECT * FROM balances WHERE  branchId = '6' AND accountId = '24'  
2017-07-18 10:15:00 Balance Update Params :
Branch Id : 11
Account ID : 27
Amount : 0
2017-07-18 10:15:00 SELECT SQL : SELECT * FROM balances WHERE  branchId = '11' AND accountId = '27'  
2017-07-18 10:15:00 SELECT SQL : SELECT * FROM balances WHERE  branchId = '11' AND accountId = '27' AND date = '2017-07-18'  
2017-07-18 10:15:00 UPDATE SQL : UPDATE balances SET closingBalance = '-1072373.0692236' WHERE  branchId = '11' AND accountId = '27' AND date = '2017-07-18' 
2017-07-18 10:15:00 Balance Update Status 2:1
 2017-07-18 10:15:00 Balance Update Params :
Branch Id : 11
Account ID : 28
Amount : 0
2017-07-18 10:15:00 SELECT SQL : SELECT * FROM balances WHERE  branchId = '11' AND accountId = '28'  
2017-07-18 10:15:00 Balance Update Params :
Branch Id : 12
Account ID : 33
Amount : 0
2017-07-18 10:15:00 SELECT SQL : SELECT * FROM balances WHERE  branchId = '12' AND accountId = '33'  
2017-07-18 10:15:00 SELECT SQL : SELECT * FROM balances WHERE  branchId = '12' AND accountId = '33' AND date = '2017-07-18'  
2017-07-18 10:15:00 UPDATE SQL : UPDATE balances SET closingBalance = '-22821' WHERE  branchId = '12' AND accountId = '33' AND date = '2017-07-18' 
2017-07-18 10:15:00 Balance Update Status 2:1
 2017-07-18 10:15:00 Balance Update Params :
Branch Id : 12
Account ID : 36
Amount : 0
2017-07-18 10:15:00 SELECT SQL : SELECT * FROM balances WHERE  branchId = '12' AND accountId = '36'  
2017-07-18 10:15:00 SELECT SQL : SELECT * FROM balances WHERE  branchId = '12' AND accountId = '36' AND date = '2017-07-18'  
2017-07-18 10:15:00 UPDATE SQL : UPDATE balances SET closingBalance = '31290743' WHERE  branchId = '12' AND accountId = '36' AND date = '2017-07-18' 
2017-07-18 10:15:00 Balance Update Status 2:1
 2017-07-18 10:15:00 Balance Update Params :
Branch Id : 7
Account ID : 37
Amount : 0
2017-07-18 10:15:00 SELECT SQL : SELECT * FROM balances WHERE  branchId = '7' AND accountId = '37'  
2017-07-18 10:15:00 SELECT SQL : SELECT * FROM balances WHERE  branchId = '7' AND accountId = '37' AND date = '2017-07-18'  
2017-07-18 10:15:00 UPDATE SQL : UPDATE balances SET closingBalance = '104495' WHERE  branchId = '7' AND accountId = '37' AND date = '2017-07-18' 
2017-07-18 10:15:00 Balance Update Status 2:1
 2017-07-18 10:15:00 Balance Update Params :
Branch Id : 13
Account ID : 38
Amount : 0
2017-07-18 10:15:00 SELECT SQL : SELECT * FROM balances WHERE  branchId = '13' AND accountId = '38'  
2017-07-18 10:15:00 Balance Update Params :
Branch Id : 13
Account ID : 39
Amount : 0
2017-07-18 10:15:00 SELECT SQL : SELECT * FROM balances WHERE  branchId = '13' AND accountId = '39'  
2017-07-18 10:15:00 SELECT SQL : SELECT * FROM currencies WHERE  active = '1'  
2017-07-18 10:15:00 SELECT SQL : SELECT * FROM accounts WHERE  active = '1' AND type_id = '4'  
2017-07-18 10:15:00 SELECT SQL : SELECT * FROM account_types WHERE  active = '1'  
2017-07-18 10:15:00 SELECT SQL : SELECT * FROM user_types WHERE  active = '1'  
2017-07-18 10:15:00 Response : {"data":{"branches":[{"id":"5","name":"KINSHASHA","countryId":"4","location":"Patrice Avenue","supervisorId":"3","createdBy":"4","ts":"2017-06-30 00:06:55","active":"1"},{"id":"6","name":"OASIS MALL","countryId":"1","location":"Yusufu Lule Rd","supervisorId":"3","createdBy":"2","ts":"2017-06-30 00:12:08","active":"1"},{"id":"7","name":"GOMA","countryId":"4","location":"Goma","supervisorId":"3","createdBy":"1","ts":"2017-07-05 00:00:00","active":"1"},{"id":"9","name":"MOMBASA","countryId":"2","location":"Mombasa","supervisorId":"3","createdBy":"1","ts":"2017-07-05 00:00:00","active":"1"},{"id":"10","name":"DUBAI","countryId":"6","location":"Dubai","supervisorId":"3","createdBy":"1","ts":"2017-07-05 00:00:00","active":"1"},{"id":"11","name":"CHINA","countryId":"5","location":"China","supervisorId":"3","createdBy":"3","ts":"2017-07-05 13:23:17","active":"1"},{"id":"12","name":"NAIROBI","countryId":"2","location":"Nairobi","supervisorId":"3","createdBy":"3","ts":"2017-07-06 14:12:35","active":"1"},{"id":"13","name":"KAMPALA ROAD","countryId":"1","location":"kampala road","supervisorId":"3","createdBy":"3","ts":"2017-07-06 14:12:35","active":"1"}],"countries":[{"id":"1","name":"UGANDA","createdBy":"1","ts":"2017-06-25 23:13:31","active":"1"},{"id":"2","name":"KENYA","createdBy":"1","ts":"2017-06-26 09:02:45","active":"1"},{"id":"3","name":"TZ","createdBy":"1","ts":"2017-06-28 11:11:53","active":"1"},{"id":"4","name":"CONGO","createdBy":"1","ts":"2017-06-28 11:26:11","active":"1"},{"id":"5","name":"CHINA","createdBy":"1","ts":"2017-06-28 11:30:01","active":"1"},{"id":"6","name":"UAE","createdBy":"1","ts":"2017-07-05 00:00:00","active":"1"}],"ids":[[{"id":"1","name":"Passport","createdBy":"1","ts":"2017-06-28 14:00:01","active":"1"},{"id":"2","name":"National ID","createdBy":"1","ts":"2017-06-28 14:00:01","active":"1"},{"id":"3","name":"STUDENTS ID","createdBy":"1","ts":"2017-06-28 16:21:46","active":"1"}]],"users":[{"id":"1","firstName":"You","surname":"Jinshu","email":"hudsonbogere@swipeit.co.ug","phone":"256783131266","userName":"you","branchId":"0","userTypeId":"1","password":"$2y$10$pPGbhJ1RXx\/ug.ED3LnsQuKHJTqwYsa\/iF0OqGOgsjflkHKIDTLVq","sessionId":"KSTms8GEe36Gy41kXds63LMk2kJjROlO","ipAddress":"41.210.145.81","createdBy":null,"ts":"2017-06-23 15:08:12","active":"1"},{"id":"2","firstName":"Nansubuga","surname":"Dorothy","email":"henry@gmail.com","phone":"256752284441","userName":"dorah","branchId":"12","userTypeId":"3","password":"$2y$10$m72Zz8Z.h4\/Zp6TFDhmbXeQ79kZ7JJ2U0yLUanc0dDVxbc.5UPkRG","sessionId":"JOTZBYXbXh8eyROWm0BfrDJplzhYZrq8","ipAddress":"105.231.97.122","createdBy":"1","ts":"2017-06-26 19:11:07","active":"1"},{"id":"3","firstName":"Lydia","surname":"Amoi","email":"islam@gmail.com","phone":"256777608310","userName":"lydia","branchId":"6","userTypeId":"2","password":"$2y$10$m72Zz8Z.h4\/Zp6TFDhmbXeQ79kZ7JJ2U0yLUanc0dDVxbc.5UPkRG","sessionId":"zQyIu6vPVJkCkxJLBmOHCIU1xjFI1jQ3","ipAddress":"197.157.34.184","createdBy":"1","ts":"2017-06-26 19:41:01","active":"1"},{"id":"4","firstName":"Nabukera","surname":"Maria","email":"banerd@tfb.com","phone":"256774457813","userName":"maria","branchId":"5","userTypeId":"3","password":"$2y$10$wTpUE\/WJFMfQaBglrQocTO9ndV6dbxL2vzFDEJZ1hpVVp4binpXGO","sessionId":"MAml7WA5DnxHYfhRP6pzKk5ziFbmlQmE","ipAddress":"197.157.209.152","createdBy":"1","ts":"2017-06-26 23:04:07","active":"1"},{"id":"5","firstName":"Henry","surname":"Bbosa","email":null,"phone":null,"userName":"henry","branchId":"11","userTypeId":"3","password":"$2y$10$m72Zz8Z.h4\/Zp6TFDhmbXeQ79kZ7JJ2U0yLUanc0dDVxbc.5UPkRG","sessionId":"B7Jvxy4i7CF1ccrrfFPeNdDXCEWHWJYa","ipAddress":"197.157.0.30","createdBy":"1","ts":"2017-07-05 00:00:00","active":"1"},{"id":"6","firstName":"Edwin","surname":"Kakeeto","email":"edwin@edwin.com","phone":"0777777557","userName":"edwin","branchId":"7","userTypeId":"3","password":"$2y$10$m72Zz8Z.h4\/Zp6TFDhmbXeQ79kZ7JJ2U0yLUanc0dDVxbc.5UPkRG","sessionId":"","ipAddress":"160.242.142.203","createdBy":"3","ts":"2017-07-10 07:37:50","active":"1"},{"id":"7","firstName":"Trish","surname":"Baby","email":"patricia@gmail.com","phone":"0777777557","userName":"trish","branchId":"13","userTypeId":"3","password":"$2y$10$m72Zz8Z.h4\/Zp6TFDhmbXeQ79kZ7JJ2U0yLUanc0dDVxbc.5UPkRG","sessionId":"","ipAddress":"160.242.141.153","createdBy":null,"ts":null,"active":"1"}],"accounts":[{"id":"16","name":"KINSHASHA-USD Account","branchId":"5","currency_id":"2"},{"id":"20","name":"OASIS MALL-RMB Account","branchId":"6","currency_id":"1"},{"id":"21","name":"OASIS MALL-USD Account","branchId":"6","currency_id":"2"},{"id":"22","name":"OASIS MALL-DIRHAM Account","branchId":"6","currency_id":"3"},{"id":"23","name":"OASIS MALL-UGX Account","branchId":"6","currency_id":"4"},{"id":"24","name":"OASIS MALL-KSH Account","branchId":"6","currency_id":"5"},{"id":"27","name":"CHINA-RMB Account","branchId":"11","currency_id":"1"},{"id":"28","name":"CHINA-USD Account","branchId":"11","currency_id":"2"},{"id":"33","name":"NAIROBI-USD Account","branchId":"12","currency_id":"2"},{"id":"36","name":"NAIROBI-KSH Account","branchId":"12","currency_id":"5"},{"id":"37","name":"GOMA-USD ACCOUNT","branchId":"7","currency_id":"2"},{"id":"38","name":"KAMPALA ROAD -USD ACCOUNT","branchId":"13","currency_id":"2"},{"id":"39","name":"KAMPALA ROAD- UGX ACCOUNT ","branchId":"13","currency_id":"4"}],"currencies":[{"id":"1","name":"RMB","symbol":"\u00c2\u00a5","createdBy":"1","ts":"2017-06-27 22:45:12","active":"1"},{"id":"2","name":"USD","symbol":"$","createdBy":"1","ts":"2017-06-27 22:45:12","active":"1"},{"id":"3","name":"DIRHAM","symbol":"","createdBy":"1","ts":"2017-06-28 11:40:09","active":"1"},{"id":"4","name":"UGX","symbol":"\/=","createdBy":"1","ts":"2017-06-28 11:46:50","active":"1"},{"id":"5","name":"KSH","symbol":"","createdBy":"1","ts":"2017-06-28 11:46:50","active":"1"}],"superaccount":[{"id":"1","name":"RMB Account","branchId":"0","type_id":"4","currency_id":"1","balance":"0","createdBy":"1","active":"1","ts":"2017-06-27 22:45:12"}],"accountTypes":[{"id":"1","type":"Transfer","description":"","createdBy":"1","ts":"2017-06-28 14:31:12","active":"1"},{"id":"2","type":"Suspense","description":"","createdBy":"1","ts":"2017-06-28 14:31:12","active":"1"},{"id":"4","type":"Super","description":"","createdBy":"1","ts":"2017-06-28 14:31:12","active":"1"}],"userTypes":[{"id":"1","name":"E-Value Admin","level":"1","ts":"2017-06-27 22:45:12","active":"1"},{"id":"2","name":"Super User","level":"2","ts":"2017-06-27 22:45:12","active":"1"},{"id":"3","name":"Agent","level":"3","ts":"2017-06-27 22:45:12","active":"1"},{"id":"4","name":"System Admin","level":"4","ts":"2017-06-27 22:45:12","active":"1"}]},"success":1}
2017-07-18 10:15:17 ---- New Request ----
2017-07-18 10:15:17 Controller : Transfers
2017-07-18 10:15:17 Method : getallaccountbalancesAction
2017-07-18 10:15:17 Controller File : controllers/Transfers.class.php, Exists
2017-07-18 10:15:17 Class constructed
2017-07-18 10:15:17 Class constructed
2017-07-18 10:15:17 UserID : 2
SessionId : JOTZBYXbXh8eyROWm0BfrDJplzhYZrq8
Branch ID : 12
2017-07-18 10:15:17 SELECT SQL : SELECT sessionId FROM users WHERE  id = '2'  
2017-07-18 10:15:17 SELECT SQL : SELECT name,id FROM accounts WHERE  active = '1' AND branchId = '12'  
2017-07-18 10:15:17 SELECT SQL : SELECT name FROM branches WHERE  id = '12'  
2017-07-18 10:15:17 Response : {"success":1,"data":[{"name":"NAIROBI-USD Account","id":"33","balance":-22821},{"name":"NAIROBI-KSH Account","id":"36","balance":31409403}],"branchName":"NAIROBI"}
2017-07-18 10:15:34 ---- New Request ----
2017-07-18 10:15:34 Controller : Transfers
2017-07-18 10:15:34 Method : getbalancesAction
2017-07-18 10:15:34 Controller File : controllers/Transfers.class.php, Exists
2017-07-18 10:15:34 Class constructed
2017-07-18 10:15:34 Class constructed
2017-07-18 10:15:34 UserID : 2
SessionId : JOTZBYXbXh8eyROWm0BfrDJplzhYZrq8
Branch ID : 12
Date : 
2017-07-18 10:15:34 SELECT SQL : SELECT sessionId,branchId,userTypeId FROM users WHERE  id = '2'  
2017-07-18 10:15:34 SELECT SQL : SELECT closingBalance,openingBalance,accountId,branchId,date FROM balances WHERE  date = '2017-07-18' AND branchId = '12'  
2017-07-18 10:15:34 SELECT SQL : SELECT name FROM accounts WHERE  id = '33'  
2017-07-18 10:15:34 SELECT SQL : SELECT name FROM branches WHERE  id = '12'  
2017-07-18 10:15:34 SELECT SQL : SELECT name FROM accounts WHERE  id = '36'  
2017-07-18 10:15:34 SELECT SQL : SELECT name FROM branches WHERE  id = '12'  
2017-07-18 10:15:34 Response : {"success":1,"data":[{"closingBalance":"-22821","openingBalance":"-22821","accountId":"33","branchId":"12","date":"2017-07-18","accountName":"NAIROBI-USD Account","branchName":"NAIROBI"},{"closingBalance":"31290743","openingBalance":"31290743","accountId":"36","branchId":"12","date":"2017-07-18","accountName":"NAIROBI-KSH Account","branchName":"NAIROBI"}]}
2017-07-18 10:15:53 ---- New Request ----
2017-07-18 10:15:53 Controller : Reports
2017-07-18 10:15:53 Method : gettransferlogsAction
2017-07-18 10:15:53 Controller File : controllers/Reports.class.php, Exists
2017-07-18 10:15:53 Class constructed
2017-07-18 10:15:53 Class constructed
2017-07-18 10:15:53 UserID : 2
SessionId : JOTZBYXbXh8eyROWm0BfrDJplzhYZrq8
Branch ID : 12
Date : 
Account ID : 
2017-07-18 10:15:53 SELECT SQL : SELECT sessionId,branchId,userTypeId FROM users WHERE  id = '2'  
2017-07-18 10:15:53 SELECT SQL : SELECT id,fromBranch,toBranch,amount,currency,charge,transferRef,userIdSource,userIdDestination,ts,withdrawTs,status,senderFname,senderSurname,senderPhone,senderEmail,receiverFname,receiverSurname,receiverPhone,receiverAccountNumber,destinationCountryId FROM transfers WHERE  fromBranch = '12'  OR toBranch = '12'  ORDER BY ts DESC LIMIT 20
2017-07-18 10:15:53 SELECT SQL : SELECT name FROM branches WHERE  id = '12'  
2017-07-18 10:15:53 SELECT SQL : SELECT name FROM branches WHERE  id = '0'  
2017-07-18 10:15:53 SELECT SQL : SELECT name FROM currencies WHERE  id = '0'  
2017-07-18 10:15:53 SELECT SQL : SELECT userName FROM users WHERE  id = '2'  
2017-07-18 10:15:53 SELECT SQL : SELECT userName FROM users WHERE  id = ''  
2017-07-18 10:15:53 SELECT SQL : SELECT name FROM countries WHERE  id = '5'  
2017-07-18 10:15:53 SELECT SQL : SELECT name FROM branches WHERE  id = '12'  
2017-07-18 10:15:53 SELECT SQL : SELECT name FROM branches WHERE  id = '0'  
2017-07-18 10:15:53 SELECT SQL : SELECT name FROM currencies WHERE  id = '0'  
2017-07-18 10:15:53 SELECT SQL : SELECT userName FROM users WHERE  id = '2'  
2017-07-18 10:15:53 SELECT SQL : SELECT userName FROM users WHERE  id = ''  
2017-07-18 10:15:53 SELECT SQL : SELECT name FROM countries WHERE  id = '5'  
2017-07-18 10:15:53 SELECT SQL : SELECT name FROM branches WHERE  id = '12'  
2017-07-18 10:15:53 SELECT SQL : SELECT name FROM branches WHERE  id = '0'  
2017-07-18 10:15:53 SELECT SQL : SELECT name FROM currencies WHERE  id = '0'  
2017-07-18 10:15:53 SELECT SQL : SELECT userName FROM users WHERE  id = '2'  
2017-07-18 10:15:53 SELECT SQL : SELECT userName FROM users WHERE  id = ''  
2017-07-18 10:15:53 SELECT SQL : SELECT name FROM countries WHERE  id = '5'  
2017-07-18 10:15:53 SELECT SQL : SELECT name FROM branches WHERE  id = '12'  
2017-07-18 10:15:53 SELECT SQL : SELECT name FROM branches WHERE  id = '0'  
2017-07-18 10:15:53 SELECT SQL : SELECT name FROM currencies WHERE  id = '0'  
2017-07-18 10:15:53 SELECT SQL : SELECT userName FROM users WHERE  id = '2'  
2017-07-18 10:15:53 SELECT SQL : SELECT userName FROM users WHERE  id = ''  
2017-07-18 10:15:53 SELECT SQL : SELECT name FROM countries WHERE  id = '5'  
2017-07-18 10:15:53 SELECT SQL : SELECT name FROM branches WHERE  id = '12'  
2017-07-18 10:15:53 SELECT SQL : SELECT name FROM branches WHERE  id = '0'  
2017-07-18 10:15:53 SELECT SQL : SELECT name FROM currencies WHERE  id = '0'  
2017-07-18 10:15:53 SELECT SQL : SELECT userName FROM users WHERE  id = '2'  
2017-07-18 10:15:53 SELECT SQL : SELECT userName FROM users WHERE  id = ''  
2017-07-18 10:15:53 SELECT SQL : SELECT name FROM countries WHERE  id = '5'  
2017-07-18 10:15:53 SELECT SQL : SELECT name FROM branches WHERE  id = '12'  
2017-07-18 10:15:53 SELECT SQL : SELECT name FROM branches WHERE  id = '0'  
2017-07-18 10:15:53 SELECT SQL : SELECT name FROM currencies WHERE  id = '0'  
2017-07-18 10:15:53 SELECT SQL : SELECT userName FROM users WHERE  id = '2'  
2017-07-18 10:15:53 SELECT SQL : SELECT userName FROM users WHERE  id = ''  
2017-07-18 10:15:53 SELECT SQL : SELECT name FROM countries WHERE  id = '5'  
2017-07-18 10:15:53 SELECT SQL : SELECT name FROM branches WHERE  id = '12'  
2017-07-18 10:15:53 SELECT SQL : SELECT name FROM branches WHERE  id = '0'  
2017-07-18 10:15:53 SELECT SQL : SELECT name FROM currencies WHERE  id = '0'  
2017-07-18 10:15:53 SELECT SQL : SELECT userName FROM users WHERE  id = '2'  
2017-07-18 10:15:53 SELECT SQL : SELECT userName FROM users WHERE  id = ''  
2017-07-18 10:15:53 SELECT SQL : SELECT name FROM countries WHERE  id = '5'  
2017-07-18 10:15:53 SELECT SQL : SELECT name FROM branches WHERE  id = '12'  
2017-07-18 10:15:53 SELECT SQL : SELECT name FROM branches WHERE  id = '0'  
2017-07-18 10:15:53 SELECT SQL : SELECT name FROM currencies WHERE  id = '0'  
2017-07-18 10:15:53 SELECT SQL : SELECT userName FROM users WHERE  id = '2'  
2017-07-18 10:15:53 SELECT SQL : SELECT userName FROM users WHERE  id = ''  
2017-07-18 10:15:53 SELECT SQL : SELECT name FROM countries WHERE  id = '5'  
2017-07-18 10:15:53 SELECT SQL : SELECT name FROM branches WHERE  id = '12'  
2017-07-18 10:15:53 SELECT SQL : SELECT name FROM branches WHERE  id = '0'  
2017-07-18 10:15:53 SELECT SQL : SELECT name FROM currencies WHERE  id = '0'  
2017-07-18 10:15:53 SELECT SQL : SELECT userName FROM users WHERE  id = '2'  
2017-07-18 10:15:53 SELECT SQL : SELECT userName FROM users WHERE  id = ''  
2017-07-18 10:15:53 SELECT SQL : SELECT name FROM countries WHERE  id = '5'  
2017-07-18 10:15:53 SELECT SQL : SELECT name FROM branches WHERE  id = '12'  
2017-07-18 10:15:53 SELECT SQL : SELECT name FROM branches WHERE  id = '11'  
2017-07-18 10:15:53 SELECT SQL : SELECT name FROM currencies WHERE  id = '11'  
2017-07-18 10:15:53 SELECT SQL : SELECT userName FROM users WHERE  id = '2'  
2017-07-18 10:15:53 SELECT SQL : SELECT userName FROM users WHERE  id = '5'  
2017-07-18 10:15:53 SELECT SQL : SELECT name FROM countries WHERE  id = '5'  
2017-07-18 10:15:53 SELECT SQL : SELECT name FROM branches WHERE  id = '6'  
2017-07-18 10:15:53 SELECT SQL : SELECT name FROM branches WHERE  id = '12'  
2017-07-18 10:15:53 SELECT SQL : SELECT name FROM currencies WHERE  id = '12'  
2017-07-18 10:15:53 SELECT SQL : SELECT userName FROM users WHERE  id = '3'  
2017-07-18 10:15:53 SELECT SQL : SELECT userName FROM users WHERE  id = '2'  
2017-07-18 10:15:53 SELECT SQL : SELECT name FROM countries WHERE  id = '2'  
2017-07-18 10:15:53 SELECT SQL : SELECT name FROM branches WHERE  id = '12'  
2017-07-18 10:15:53 SELECT SQL : SELECT name FROM branches WHERE  id = '11'  
2017-07-18 10:15:53 SELECT SQL : SELECT name FROM currencies WHERE  id = '11'  
2017-07-18 10:15:53 SELECT SQL : SELECT userName FROM users WHERE  id = '2'  
2017-07-18 10:15:53 SELECT SQL : SELECT userName FROM users WHERE  id = '5'  
2017-07-18 10:15:53 SELECT SQL : SELECT name FROM countries WHERE  id = '5'  
2017-07-18 10:15:53 SELECT SQL : SELECT name FROM branches WHERE  id = '11'  
2017-07-18 10:15:53 SELECT SQL : SELECT name FROM branches WHERE  id = '12'  
2017-07-18 10:15:53 SELECT SQL : SELECT name FROM currencies WHERE  id = '12'  
2017-07-18 10:15:53 SELECT SQL : SELECT userName FROM users WHERE  id = '5'  
2017-07-18 10:15:53 SELECT SQL : SELECT userName FROM users WHERE  id = '2'  
2017-07-18 10:15:53 SELECT SQL : SELECT name FROM countries WHERE  id = '2'  
2017-07-18 10:15:53 SELECT SQL : SELECT name FROM branches WHERE  id = '12'  
2017-07-18 10:15:53 SELECT SQL : SELECT name FROM branches WHERE  id = '11'  
2017-07-18 10:15:53 SELECT SQL : SELECT name FROM currencies WHERE  id = '11'  
2017-07-18 10:15:53 SELECT SQL : SELECT userName FROM users WHERE  id = '2'  
2017-07-18 10:15:53 SELECT SQL : SELECT userName FROM users WHERE  id = '5'  
2017-07-18 10:15:53 SELECT SQL : SELECT name FROM countries WHERE  id = '5'  
2017-07-18 10:15:53 SELECT SQL : SELECT name FROM branches WHERE  id = '12'  
2017-07-18 10:15:53 SELECT SQL : SELECT name FROM branches WHERE  id = '11'  
2017-07-18 10:15:53 SELECT SQL : SELECT name FROM currencies WHERE  id = '11'  
2017-07-18 10:15:53 SELECT SQL : SELECT userName FROM users WHERE  id = '2'  
2017-07-18 10:15:53 SELECT SQL : SELECT userName FROM users WHERE  id = '5'  
2017-07-18 10:15:53 SELECT SQL : SELECT name FROM countries WHERE  id = '5'  
2017-07-18 10:15:53 Response : {"success":1,"data":[{"id":"30","fromBranch":"12","toBranch":"0","amount":"1572","currency":null,"charge":null,"transferRef":"01205230","userIdSource":"2","userIdDestination":null,"ts":"2017-07-14 19:18:10","withdrawTs":null,"status":"Pending","senderFname":"","senderSurname":"Khalid","senderPhone":"+254736675907","senderEmail":"","receiverFname":"Muhamedmuhamed","receiverSurname":"Hassan","receiverPhone":"+254790533658","receiverAccountNumber":"","destinationCountryId":"5","fromBranchName":"NAIROBI","toBranchName":null,"agentSource":"dorah","agentDestination":null,"destinationCountry":null},{"id":"29","fromBranch":"12","toBranch":"0","amount":"20080","currency":null,"charge":null,"transferRef":"01205229","userIdSource":"2","userIdDestination":null,"ts":"2017-07-14 18:00:00","withdrawTs":null,"status":"Pending","senderFname":"","senderSurname":"Khalid","senderPhone":"+254736675907","senderEmail":"","receiverFname":"Muhamedmuhamed","receiverSurname":"Hassan","receiverPhone":"+254790533658","receiverAccountNumber":"6228480086791851875","destinationCountryId":"5","fromBranchName":"NAIROBI","toBranchName":null,"agentSource":"dorah","agentDestination":null,"destinationCountry":null},{"id":"28","fromBranch":"12","toBranch":"0","amount":"62000","currency":null,"charge":null,"transferRef":"01205228","userIdSource":"2","userIdDestination":null,"ts":"2017-07-14 17:51:37","withdrawTs":null,"status":"Pending","senderFname":"","senderSurname":"Dorah","senderPhone":"+254736675907","senderEmail":"","receiverFname":"Norah","receiverSurname":"Li","receiverPhone":"+254790533658","receiverAccountNumber":"6217856400003523280","destinationCountryId":"5","fromBranchName":"NAIROBI","toBranchName":null,"agentSource":"dorah","agentDestination":null,"destinationCountry":null},{"id":"27","fromBranch":"12","toBranch":"0","amount":"5998300","currency":null,"charge":"1700","transferRef":"01205227","userIdSource":"2","userIdDestination":null,"ts":"2017-07-14 17:46:22","withdrawTs":null,"status":"Pending","senderFname":"","senderSurname":"Gu","senderPhone":"+254736675907","senderEmail":"","receiverFname":"Xiang","receiverSurname":"Gu","receiverPhone":"+254790533658","receiverAccountNumber":"6217866400003582680","destinationCountryId":"5","fromBranchName":"NAIROBI","toBranchName":null,"agentSource":"dorah","agentDestination":null,"destinationCountry":null},{"id":"26","fromBranch":"12","toBranch":"0","amount":"5998300","currency":null,"charge":"1700","transferRef":"01205226","userIdSource":"2","userIdDestination":null,"ts":"2017-07-14 17:46:21","withdrawTs":null,"status":"Pending","senderFname":"","senderSurname":"Gu","senderPhone":"+254736675907","senderEmail":"","receiverFname":"Xiang","receiverSurname":"Gu","receiverPhone":"+254790533658","receiverAccountNumber":"6217866400003582680","destinationCountryId":"5","fromBranchName":"NAIROBI","toBranchName":null,"agentSource":"dorah","agentDestination":null,"destinationCountry":null},{"id":"25","fromBranch":"12","toBranch":"0","amount":"5998300","currency":null,"charge":"1700","transferRef":"01205225","userIdSource":"2","userIdDestination":null,"ts":"2017-07-14 17:46:21","withdrawTs":null,"status":"Pending","senderFname":"","senderSurname":"Gu","senderPhone":"+254736675907","senderEmail":"","receiverFname":"Xiang","receiverSurname":"Gu","receiverPhone":"+254790533658","receiverAccountNumber":"6217866400003582680","destinationCountryId":"5","fromBranchName":"NAIROBI","toBranchName":null,"agentSource":"dorah","agentDestination":null,"destinationCountry":null},{"id":"24","fromBranch":"12","toBranch":"0","amount":"5998300","currency":null,"charge":"1700","transferRef":"01205224","userIdSource":"2","userIdDestination":null,"ts":"2017-07-14 17:46:20","withdrawTs":null,"status":"Pending","senderFname":"","senderSurname":"Gu","senderPhone":"+254736675907","senderEmail":"","receiverFname":"Xiang","receiverSurname":"Gu","receiverPhone":"+254790533658","receiverAccountNumber":"6217866400003582680","destinationCountryId":"5","fromBranchName":"NAIROBI","toBranchName":null,"agentSource":"dorah","agentDestination":null,"destinationCountry":null},{"id":"23","fromBranch":"12","toBranch":"0","amount":"1998300","currency":null,"charge":"1700","transferRef":"01205223","userIdSource":"2","userIdDestination":null,"ts":"2017-07-14 17:38:38","withdrawTs":null,"status":"Pending","senderFname":"","senderSurname":"Dorah","senderPhone":"+254736675907","senderEmail":"","receiverFname":"Wei","receiverSurname":"Kevin","receiverPhone":"+254790533658","receiverAccountNumber":"6228490058001234877","destinationCountryId":"5","fromBranchName":"NAIROBI","toBranchName":null,"agentSource":"dorah","agentDestination":null,"destinationCountry":null},{"id":"22","fromBranch":"12","toBranch":"0","amount":"419144","currency":null,"charge":"1700","transferRef":"01205222","userIdSource":"2","userIdDestination":null,"ts":"2017-07-14 17:32:19","withdrawTs":null,"status":"Pending","senderFname":"","senderSurname":"Dorah","senderPhone":"+254736675907","senderEmail":"","receiverFname":"Chen","receiverSurname":"Gan","receiverPhone":"+254790533658","receiverAccountNumber":"6217560800000333848","destinationCountryId":"5","fromBranchName":"NAIROBI","toBranchName":null,"agentSource":"dorah","agentDestination":null,"destinationCountry":null},{"id":"6","fromBranch":"12","toBranch":"11","amount":"310000","currency":null,"charge":"1700","transferRef":"0120526","userIdSource":"2","userIdDestination":"5","ts":"2017-07-13 07:08:30","withdrawTs":"2017-07-13 10:07:27","status":"Success","senderFname":"","senderSurname":"DORAH","senderPhone":"0776000064","senderEmail":"","receiverFname":"JI","receiverSurname":"ZHONGXIANG","receiverPhone":"0776000064","receiverAccountNumber":"6214830284870333","destinationCountryId":"5","fromBranchName":"NAIROBI","toBranchName":"CHINA","agentSource":"dorah","agentDestination":"henry","destinationCountry":null},{"id":"5","fromBranch":"6","toBranch":"12","amount":"43000","currency":null,"charge":null,"transferRef":"0060235","userIdSource":"3","userIdDestination":"2","ts":"2017-07-13 07:05:29","withdrawTs":"2017-07-13 10:07:54","status":"Success","senderFname":"","senderSurname":"LIN","senderPhone":"0776000064","senderEmail":"","receiverFname":"GAN","receiverSurname":"WEI","receiverPhone":"0776000064","receiverAccountNumber":null,"destinationCountryId":"2","fromBranchName":"OASIS MALL","toBranchName":"NAIROBI","agentSource":"lydia","agentDestination":"dorah","destinationCountry":null},{"id":"4","fromBranch":"12","toBranch":"11","amount":"27800","currency":null,"charge":"1700","transferRef":"0120524","userIdSource":"2","userIdDestination":"5","ts":"2017-07-13 06:54:47","withdrawTs":"2017-07-13 09:07:20","status":"Success","senderFname":"","senderSurname":"LIN","senderPhone":"0776000064","senderEmail":"","receiverFname":"FENG","receiverSurname":"YANQING","receiverPhone":"0776000064","receiverAccountNumber":"6217900100010491556","destinationCountryId":"5","fromBranchName":"NAIROBI","toBranchName":"CHINA","agentSource":"dorah","agentDestination":"henry","destinationCountry":null},{"id":"3","fromBranch":"11","toBranch":"12","amount":"8500","currency":null,"charge":null,"transferRef":"0110253","userIdSource":"5","userIdDestination":"2","ts":"2017-07-13 06:45:58","withdrawTs":"2017-07-13 09:07:16","status":"Success","senderFname":"","senderSurname":"LIN","senderPhone":"0776000064","senderEmail":"","receiverFname":"LIN","receiverSurname":"HUIFENG","receiverPhone":"0776000064","receiverAccountNumber":null,"destinationCountryId":"2","fromBranchName":"CHINA","toBranchName":"NAIROBI","agentSource":"henry","agentDestination":"dorah","destinationCountry":null},{"id":"2","fromBranch":"12","toBranch":"11","amount":"1554000","currency":null,"charge":"1700","transferRef":"0120522","userIdSource":"2","userIdDestination":"5","ts":"2017-07-13 06:38:06","withdrawTs":"2017-07-13 09:07:39","status":"Success","senderFname":"","senderSurname":"DORAH","senderPhone":"0776000064","senderEmail":"","receiverFname":"LIN","receiverSurname":"CHUNXIANG","receiverPhone":"0776000064","receiverAccountNumber":"6013820500995515933","destinationCountryId":"5","fromBranchName":"NAIROBI","toBranchName":"CHINA","agentSource":"dorah","agentDestination":"henry","destinationCountry":null},{"id":"1","fromBranch":"12","toBranch":"11","amount":"2998300","currency":null,"charge":"1700","transferRef":"0120521","userIdSource":"2","userIdDestination":"5","ts":"2017-07-13 06:36:47","withdrawTs":"2017-07-13 09:07:42","status":"Success","senderFname":"","senderSurname":"DORAH","senderPhone":"0776000064","senderEmail":"","receiverFname":"LU","receiverSurname":"LILI","receiverPhone":"0776000064","receiverAccountNumber":"6228490058001234877","destinationCountryId":"5","fromBranchName":"NAIROBI","toBranchName":"CHINA","agentSource":"dorah","agentDestination":"henry","destinationCountry":null}]}
2017-07-18 10:45:55 ---- New Request ----
2017-07-18 10:45:55 Controller : Users
2017-07-18 10:45:55 Method : loginAction
2017-07-18 10:45:55 Controller File : controllers/Users.class.php, Exists
2017-07-18 10:45:55 Class constructed
2017-07-18 10:45:55 Login Params ;Username :lydia
Password : ******
2017-07-18 10:45:55 SELECT SQL : SELECT id,firstName,surname,userName,userTypeId,sessionId,password,active,branchId FROM users WHERE  userName = 'lydia'  
2017-07-18 10:45:55 SELECT SQL : SELECT name FROM branches WHERE  id = '6'  
2017-07-18 10:45:55 UPDATE SQL : UPDATE users SET sessionId = 'W22UCpQ40vBvzCMPUqJOTzyFBsZYNHm6',ipAddress = '160.242.141.153' WHERE  id = '3' 
2017-07-18 10:45:55 Response : {"success":1,"data":{"id":"3","firstName":"Lydia","surname":"Amoi","userName":"lydia","userTypeId":"2","sessionId":"W22UCpQ40vBvzCMPUqJOTzyFBsZYNHm6","branchId":"6","branchName":"OASIS MALL"}}
2017-07-18 10:46:02 ---- New Request ----
2017-07-18 10:46:02 Controller : Users
2017-07-18 10:46:02 Method : formsdetailsAction
2017-07-18 10:46:02 Controller File : controllers/Users.class.php, Exists
2017-07-18 10:46:02 Class constructed
2017-07-18 10:46:02 Details Params :
SessionID :W22UCpQ40vBvzCMPUqJOTzyFBsZYNHm6
User ID : 3
2017-07-18 10:46:02 SELECT SQL : SELECT * FROM branches WHERE  active = '1'  
2017-07-18 10:46:02 SELECT SQL : SELECT * FROM countries WHERE  active = '1'  
2017-07-18 10:46:02 SELECT SQL : SELECT * FROM identification WHERE  active = '1'  
2017-07-18 10:46:02 SELECT SQL : SELECT * FROM users WHERE  active = '1'  
2017-07-18 10:46:02 SELECT SQL : SELECT id,name,branchId,currency_id FROM accounts WHERE  active = '1' AND type_id = '1'  
2017-07-18 10:46:02 Balance Update Params :
Branch Id : 5
Account ID : 16
Amount : 0
2017-07-18 10:46:02 SELECT SQL : SELECT * FROM balances WHERE  branchId = '5' AND accountId = '16'  
2017-07-18 10:46:02 Balance Update Params :
Branch Id : 6
Account ID : 20
Amount : 0
2017-07-18 10:46:02 SELECT SQL : SELECT * FROM balances WHERE  branchId = '6' AND accountId = '20'  
2017-07-18 10:46:02 Balance Update Params :
Branch Id : 6
Account ID : 21
Amount : 0
2017-07-18 10:46:02 SELECT SQL : SELECT * FROM balances WHERE  branchId = '6' AND accountId = '21'  
2017-07-18 10:46:02 Balance Update Params :
Branch Id : 6
Account ID : 22
Amount : 0
2017-07-18 10:46:02 SELECT SQL : SELECT * FROM balances WHERE  branchId = '6' AND accountId = '22'  
2017-07-18 10:46:02 Balance Update Params :
Branch Id : 6
Account ID : 23
Amount : 0
2017-07-18 10:46:02 SELECT SQL : SELECT * FROM balances WHERE  branchId = '6' AND accountId = '23'  
2017-07-18 10:46:02 Balance Update Params :
Branch Id : 6
Account ID : 24
Amount : 0
2017-07-18 10:46:02 SELECT SQL : SELECT * FROM balances WHERE  branchId = '6' AND accountId = '24'  
2017-07-18 10:46:02 Balance Update Params :
Branch Id : 11
Account ID : 27
Amount : 0
2017-07-18 10:46:02 SELECT SQL : SELECT * FROM balances WHERE  branchId = '11' AND accountId = '27'  
2017-07-18 10:46:02 Balance Update Params :
Branch Id : 11
Account ID : 28
Amount : 0
2017-07-18 10:46:02 SELECT SQL : SELECT * FROM balances WHERE  branchId = '11' AND accountId = '28'  
2017-07-18 10:46:02 Balance Update Params :
Branch Id : 12
Account ID : 33
Amount : 0
2017-07-18 10:46:02 SELECT SQL : SELECT * FROM balances WHERE  branchId = '12' AND accountId = '33'  
2017-07-18 10:46:02 Balance Update Params :
Branch Id : 12
Account ID : 36
Amount : 0
2017-07-18 10:46:02 SELECT SQL : SELECT * FROM balances WHERE  branchId = '12' AND accountId = '36'  
2017-07-18 10:46:02 Balance Update Params :
Branch Id : 7
Account ID : 37
Amount : 0
2017-07-18 10:46:02 SELECT SQL : SELECT * FROM balances WHERE  branchId = '7' AND accountId = '37'  
2017-07-18 10:46:02 Balance Update Params :
Branch Id : 13
Account ID : 38
Amount : 0
2017-07-18 10:46:02 SELECT SQL : SELECT * FROM balances WHERE  branchId = '13' AND accountId = '38'  
2017-07-18 10:46:02 Balance Update Params :
Branch Id : 13
Account ID : 39
Amount : 0
2017-07-18 10:46:02 SELECT SQL : SELECT * FROM balances WHERE  branchId = '13' AND accountId = '39'  
2017-07-18 10:46:02 SELECT SQL : SELECT * FROM currencies WHERE  active = '1'  
2017-07-18 10:46:02 SELECT SQL : SELECT * FROM accounts WHERE  active = '1' AND type_id = '4'  
2017-07-18 10:46:02 SELECT SQL : SELECT * FROM account_types WHERE  active = '1'  
2017-07-18 10:46:02 SELECT SQL : SELECT * FROM user_types WHERE  active = '1'  
2017-07-18 10:46:02 Response : {"data":{"branches":[{"id":"5","name":"KINSHASHA","countryId":"4","location":"Patrice Avenue","supervisorId":"3","createdBy":"4","ts":"2017-06-30 00:06:55","active":"1"},{"id":"6","name":"OASIS MALL","countryId":"1","location":"Yusufu Lule Rd","supervisorId":"3","createdBy":"2","ts":"2017-06-30 00:12:08","active":"1"},{"id":"7","name":"GOMA","countryId":"4","location":"Goma","supervisorId":"3","createdBy":"1","ts":"2017-07-05 00:00:00","active":"1"},{"id":"9","name":"MOMBASA","countryId":"2","location":"Mombasa","supervisorId":"3","createdBy":"1","ts":"2017-07-05 00:00:00","active":"1"},{"id":"10","name":"DUBAI","countryId":"6","location":"Dubai","supervisorId":"3","createdBy":"1","ts":"2017-07-05 00:00:00","active":"1"},{"id":"11","name":"CHINA","countryId":"5","location":"China","supervisorId":"3","createdBy":"3","ts":"2017-07-05 13:23:17","active":"1"},{"id":"12","name":"NAIROBI","countryId":"2","location":"Nairobi","supervisorId":"3","createdBy":"3","ts":"2017-07-06 14:12:35","active":"1"},{"id":"13","name":"KAMPALA ROAD","countryId":"1","location":"kampala road","supervisorId":"3","createdBy":"3","ts":"2017-07-06 14:12:35","active":"1"}],"countries":[{"id":"1","name":"UGANDA","createdBy":"1","ts":"2017-06-25 23:13:31","active":"1"},{"id":"2","name":"KENYA","createdBy":"1","ts":"2017-06-26 09:02:45","active":"1"},{"id":"3","name":"TZ","createdBy":"1","ts":"2017-06-28 11:11:53","active":"1"},{"id":"4","name":"CONGO","createdBy":"1","ts":"2017-06-28 11:26:11","active":"1"},{"id":"5","name":"CHINA","createdBy":"1","ts":"2017-06-28 11:30:01","active":"1"},{"id":"6","name":"UAE","createdBy":"1","ts":"2017-07-05 00:00:00","active":"1"}],"ids":[[{"id":"1","name":"Passport","createdBy":"1","ts":"2017-06-28 14:00:01","active":"1"},{"id":"2","name":"National ID","createdBy":"1","ts":"2017-06-28 14:00:01","active":"1"},{"id":"3","name":"STUDENTS ID","createdBy":"1","ts":"2017-06-28 16:21:46","active":"1"}]],"users":[{"id":"1","firstName":"You","surname":"Jinshu","email":"hudsonbogere@swipeit.co.ug","phone":"256783131266","userName":"you","branchId":"0","userTypeId":"1","password":"$2y$10$pPGbhJ1RXx\/ug.ED3LnsQuKHJTqwYsa\/iF0OqGOgsjflkHKIDTLVq","sessionId":"KSTms8GEe36Gy41kXds63LMk2kJjROlO","ipAddress":"41.210.145.81","createdBy":null,"ts":"2017-06-23 15:08:12","active":"1"},{"id":"2","firstName":"Nansubuga","surname":"Dorothy","email":"henry@gmail.com","phone":"256752284441","userName":"dorah","branchId":"12","userTypeId":"3","password":"$2y$10$m72Zz8Z.h4\/Zp6TFDhmbXeQ79kZ7JJ2U0yLUanc0dDVxbc.5UPkRG","sessionId":"JOTZBYXbXh8eyROWm0BfrDJplzhYZrq8","ipAddress":"105.231.97.122","createdBy":"1","ts":"2017-06-26 19:11:07","active":"1"},{"id":"3","firstName":"Lydia","surname":"Amoi","email":"islam@gmail.com","phone":"256777608310","userName":"lydia","branchId":"6","userTypeId":"2","password":"$2y$10$m72Zz8Z.h4\/Zp6TFDhmbXeQ79kZ7JJ2U0yLUanc0dDVxbc.5UPkRG","sessionId":"W22UCpQ40vBvzCMPUqJOTzyFBsZYNHm6","ipAddress":"160.242.141.153","createdBy":"1","ts":"2017-06-26 19:41:01","active":"1"},{"id":"4","firstName":"Nabukera","surname":"Maria","email":"banerd@tfb.com","phone":"256774457813","userName":"maria","branchId":"5","userTypeId":"3","password":"$2y$10$wTpUE\/WJFMfQaBglrQocTO9ndV6dbxL2vzFDEJZ1hpVVp4binpXGO","sessionId":"MAml7WA5DnxHYfhRP6pzKk5ziFbmlQmE","ipAddress":"197.157.209.152","createdBy":"1","ts":"2017-06-26 23:04:07","active":"1"},{"id":"5","firstName":"Henry","surname":"Bbosa","email":null,"phone":null,"userName":"henry","branchId":"11","userTypeId":"3","password":"$2y$10$m72Zz8Z.h4\/Zp6TFDhmbXeQ79kZ7JJ2U0yLUanc0dDVxbc.5UPkRG","sessionId":"B7Jvxy4i7CF1ccrrfFPeNdDXCEWHWJYa","ipAddress":"197.157.0.30","createdBy":"1","ts":"2017-07-05 00:00:00","active":"1"},{"id":"6","firstName":"Edwin","surname":"Kakeeto","email":"edwin@edwin.com","phone":"0777777557","userName":"edwin","branchId":"7","userTypeId":"3","password":"$2y$10$m72Zz8Z.h4\/Zp6TFDhmbXeQ79kZ7JJ2U0yLUanc0dDVxbc.5UPkRG","sessionId":"","ipAddress":"160.242.142.203","createdBy":"3","ts":"2017-07-10 07:37:50","active":"1"},{"id":"7","firstName":"Trish","surname":"Baby","email":"patricia@gmail.com","phone":"0777777557","userName":"trish","branchId":"13","userTypeId":"3","password":"$2y$10$m72Zz8Z.h4\/Zp6TFDhmbXeQ79kZ7JJ2U0yLUanc0dDVxbc.5UPkRG","sessionId":"","ipAddress":"160.242.141.153","createdBy":null,"ts":null,"active":"1"}],"accounts":[{"id":"16","name":"KINSHASHA-USD Account","branchId":"5","currency_id":"2"},{"id":"20","name":"OASIS MALL-RMB Account","branchId":"6","currency_id":"1"},{"id":"21","name":"OASIS MALL-USD Account","branchId":"6","currency_id":"2"},{"id":"22","name":"OASIS MALL-DIRHAM Account","branchId":"6","currency_id":"3"},{"id":"23","name":"OASIS MALL-UGX Account","branchId":"6","currency_id":"4"},{"id":"24","name":"OASIS MALL-KSH Account","branchId":"6","currency_id":"5"},{"id":"27","name":"CHINA-RMB Account","branchId":"11","currency_id":"1"},{"id":"28","name":"CHINA-USD Account","branchId":"11","currency_id":"2"},{"id":"33","name":"NAIROBI-USD Account","branchId":"12","currency_id":"2"},{"id":"36","name":"NAIROBI-KSH Account","branchId":"12","currency_id":"5"},{"id":"37","name":"GOMA-USD ACCOUNT","branchId":"7","currency_id":"2"},{"id":"38","name":"KAMPALA ROAD -USD ACCOUNT","branchId":"13","currency_id":"2"},{"id":"39","name":"KAMPALA ROAD- UGX ACCOUNT ","branchId":"13","currency_id":"4"}],"currencies":[{"id":"1","name":"RMB","symbol":"\u00c2\u00a5","createdBy":"1","ts":"2017-06-27 22:45:12","active":"1"},{"id":"2","name":"USD","symbol":"$","createdBy":"1","ts":"2017-06-27 22:45:12","active":"1"},{"id":"3","name":"DIRHAM","symbol":"","createdBy":"1","ts":"2017-06-28 11:40:09","active":"1"},{"id":"4","name":"UGX","symbol":"\/=","createdBy":"1","ts":"2017-06-28 11:46:50","active":"1"},{"id":"5","name":"KSH","symbol":"","createdBy":"1","ts":"2017-06-28 11:46:50","active":"1"}],"superaccount":[{"id":"1","name":"RMB Account","branchId":"0","type_id":"4","currency_id":"1","balance":"0","createdBy":"1","active":"1","ts":"2017-06-27 22:45:12"}],"accountTypes":[{"id":"1","type":"Transfer","description":"","createdBy":"1","ts":"2017-06-28 14:31:12","active":"1"},{"id":"2","type":"Suspense","description":"","createdBy":"1","ts":"2017-06-28 14:31:12","active":"1"},{"id":"4","type":"Super","description":"","createdBy":"1","ts":"2017-06-28 14:31:12","active":"1"}],"userTypes":[{"id":"1","name":"E-Value Admin","level":"1","ts":"2017-06-27 22:45:12","active":"1"},{"id":"2","name":"Super User","level":"2","ts":"2017-06-27 22:45:12","active":"1"},{"id":"3","name":"Agent","level":"3","ts":"2017-06-27 22:45:12","active":"1"},{"id":"4","name":"System Admin","level":"4","ts":"2017-06-27 22:45:12","active":"1"}]},"success":1}
2017-07-18 10:50:36 ---- New Request ----
2017-07-18 10:50:36 Controller : Transfers
2017-07-18 10:50:36 Method : credittransferaccountAction
2017-07-18 10:50:36 Controller File : controllers/Transfers.class.php, Exists
2017-07-18 10:50:36 Class constructed
2017-07-18 10:50:36 Class constructed
2017-07-18 10:50:36 Credit Transfer Account Params:
Amount : 204913
Exchange Rate : 1
AccountId : 21
Amount After Xchange : 204913
Password : 
Userid : 3
SessionID : W22UCpQ40vBvzCMPUqJOTzyFBsZYNHm6
2017-07-18 10:50:36 SELECT SQL : SELECT * FROM users WHERE  id = '3'  
2017-07-18 10:50:36 SELECT SQL : SELECT * FROM settings WHERE  name = 'RNBAccount'  
2017-07-18 10:50:36 INSERT SQL : INSERT INTO account_transfers  (ts,type,amount,createdBy,toId,fromId,userId,exchangeRate,amountAfterXchange)  VALUES(NOW(),'transfer','204913','3','21','1','3','1','204913')
2017-07-18 10:50:36 SELECT SQL : SELECT * FROM accounts WHERE  id = '21'  
2017-07-18 10:50:36 Balance Update Params :
Branch Id : 6
Account ID : 21
Amount : 204913
2017-07-18 10:50:36 SELECT SQL : SELECT * FROM balances WHERE  branchId = '6' AND accountId = '21'  
2017-07-18 10:50:36 INSERT SQL : INSERT INTO balances  (ts,branchId,accountId,openingBalance,closingBalance,date)  VALUES(NOW(),'6','21','204913','204913','2017-07-18')
2017-07-18 10:50:36 Balance Create Insert ID :1
 2017-07-18 10:50:36 Response : {"success":1,"data":"Your request was processed successfully"}
2017-07-18 10:52:00 ---- New Request ----
2017-07-18 10:52:00 Controller : Transfers
2017-07-18 10:52:00 Method : credittransferaccountAction
2017-07-18 10:52:00 Controller File : controllers/Transfers.class.php, Exists
2017-07-18 10:52:00 Class constructed
2017-07-18 10:52:00 Class constructed
2017-07-18 10:52:00 Credit Transfer Account Params:
Amount : 20422518
Exchange Rate : 1
AccountId : 23
Amount After Xchange : 20422518
Password : 
Userid : 3
SessionID : W22UCpQ40vBvzCMPUqJOTzyFBsZYNHm6
2017-07-18 10:52:00 SELECT SQL : SELECT * FROM users WHERE  id = '3'  
2017-07-18 10:52:00 SELECT SQL : SELECT * FROM settings WHERE  name = 'RNBAccount'  
2017-07-18 10:52:00 INSERT SQL : INSERT INTO account_transfers  (ts,type,amount,createdBy,toId,fromId,userId,exchangeRate,amountAfterXchange)  VALUES(NOW(),'transfer','20422518','3','23','1','3','1','20422518')
2017-07-18 10:52:00 SELECT SQL : SELECT * FROM accounts WHERE  id = '23'  
2017-07-18 10:52:00 Balance Update Params :
Branch Id : 6
Account ID : 23
Amount : 20422518
2017-07-18 10:52:00 SELECT SQL : SELECT * FROM balances WHERE  branchId = '6' AND accountId = '23'  
2017-07-18 10:52:00 INSERT SQL : INSERT INTO balances  (ts,branchId,accountId,openingBalance,closingBalance,date)  VALUES(NOW(),'6','23','20422518','20422518','2017-07-18')
2017-07-18 10:52:00 Balance Create Insert ID :2
 2017-07-18 10:52:00 Response : {"success":1,"data":"Your request was processed successfully"}
2017-07-18 10:53:00 ---- New Request ----
2017-07-18 10:53:00 Controller : Transfers
2017-07-18 10:53:00 Method : credittransferaccountAction
2017-07-18 10:53:00 Controller File : controllers/Transfers.class.php, Exists
2017-07-18 10:53:00 Class constructed
2017-07-18 10:53:00 Class constructed
2017-07-18 10:53:00 Credit Transfer Account Params:
Amount : 70921
Exchange Rate : 1
AccountId : 37
Amount After Xchange : 70921
Password : 
Userid : 3
SessionID : W22UCpQ40vBvzCMPUqJOTzyFBsZYNHm6
2017-07-18 10:53:00 SELECT SQL : SELECT * FROM users WHERE  id = '3'  
2017-07-18 10:53:00 SELECT SQL : SELECT * FROM settings WHERE  name = 'RNBAccount'  
2017-07-18 10:53:00 INSERT SQL : INSERT INTO account_transfers  (ts,type,amount,createdBy,toId,fromId,userId,exchangeRate,amountAfterXchange)  VALUES(NOW(),'transfer','70921','3','37','1','3','1','70921')
2017-07-18 10:53:00 SELECT SQL : SELECT * FROM accounts WHERE  id = '37'  
2017-07-18 10:53:00 Balance Update Params :
Branch Id : 7
Account ID : 37
Amount : 70921
2017-07-18 10:53:00 SELECT SQL : SELECT * FROM balances WHERE  branchId = '7' AND accountId = '37'  
2017-07-18 10:53:00 INSERT SQL : INSERT INTO balances  (ts,branchId,accountId,openingBalance,closingBalance,date)  VALUES(NOW(),'7','37','70921','70921','2017-07-18')
2017-07-18 10:53:00 Balance Create Insert ID :3
 2017-07-18 10:53:00 Response : {"success":1,"data":"Your request was processed successfully"}
2017-07-18 10:53:57 ---- New Request ----
2017-07-18 10:53:57 Controller : Transfers
2017-07-18 10:53:57 Method : credittransferaccountAction
2017-07-18 10:53:57 Controller File : controllers/Transfers.class.php, Exists
2017-07-18 10:53:57 Class constructed
2017-07-18 10:53:57 Class constructed
2017-07-18 10:53:57 Credit Transfer Account Params:
Amount : 79
Exchange Rate : 1
AccountId : 33
Amount After Xchange : 79
Password : 
Userid : 3
SessionID : W22UCpQ40vBvzCMPUqJOTzyFBsZYNHm6
2017-07-18 10:53:57 SELECT SQL : SELECT * FROM users WHERE  id = '3'  
2017-07-18 10:53:57 SELECT SQL : SELECT * FROM settings WHERE  name = 'RNBAccount'  
2017-07-18 10:53:57 INSERT SQL : INSERT INTO account_transfers  (ts,type,amount,createdBy,toId,fromId,userId,exchangeRate,amountAfterXchange)  VALUES(NOW(),'transfer','79','3','33','1','3','1','79')
2017-07-18 10:53:57 SELECT SQL : SELECT * FROM accounts WHERE  id = '33'  
2017-07-18 10:53:57 Balance Update Params :
Branch Id : 12
Account ID : 33
Amount : 79
2017-07-18 10:53:57 SELECT SQL : SELECT * FROM balances WHERE  branchId = '12' AND accountId = '33'  
2017-07-18 10:53:57 INSERT SQL : INSERT INTO balances  (ts,branchId,accountId,openingBalance,closingBalance,date)  VALUES(NOW(),'12','33','79','79','2017-07-18')
2017-07-18 10:53:57 Balance Create Insert ID :4
 2017-07-18 10:53:57 Response : {"success":1,"data":"Your request was processed successfully"}
2017-07-18 10:54:30 ---- New Request ----
2017-07-18 10:54:30 Controller : Transfers
2017-07-18 10:54:30 Method : credittransferaccountAction
2017-07-18 10:54:30 Controller File : controllers/Transfers.class.php, Exists
2017-07-18 10:54:30 Class constructed
2017-07-18 10:54:30 Class constructed
2017-07-18 10:54:30 Credit Transfer Account Params:
Amount : 263126
Exchange Rate : 1
AccountId : 36
Amount After Xchange : 263126
Password : 
Userid : 3
SessionID : W22UCpQ40vBvzCMPUqJOTzyFBsZYNHm6
2017-07-18 10:54:30 SELECT SQL : SELECT * FROM users WHERE  id = '3'  
2017-07-18 10:54:30 SELECT SQL : SELECT * FROM settings WHERE  name = 'RNBAccount'  
2017-07-18 10:54:30 INSERT SQL : INSERT INTO account_transfers  (ts,type,amount,createdBy,toId,fromId,userId,exchangeRate,amountAfterXchange)  VALUES(NOW(),'transfer','263126','3','36','1','3','1','263126')
2017-07-18 10:54:30 SELECT SQL : SELECT * FROM accounts WHERE  id = '36'  
2017-07-18 10:54:30 Balance Update Params :
Branch Id : 12
Account ID : 36
Amount : 263126
2017-07-18 10:54:30 SELECT SQL : SELECT * FROM balances WHERE  branchId = '12' AND accountId = '36'  
2017-07-18 10:54:30 INSERT SQL : INSERT INTO balances  (ts,branchId,accountId,openingBalance,closingBalance,date)  VALUES(NOW(),'12','36','263126','263126','2017-07-18')
2017-07-18 10:54:30 Balance Create Insert ID :5
 2017-07-18 10:54:30 Response : {"success":1,"data":"Your request was processed successfully"}
2017-07-18 10:55:31 ---- New Request ----
2017-07-18 10:55:31 Controller : Transfers
2017-07-18 10:55:31 Method : credittransferaccountAction
2017-07-18 10:55:31 Controller File : controllers/Transfers.class.php, Exists
2017-07-18 10:55:31 Class constructed
2017-07-18 10:55:31 Class constructed
2017-07-18 10:55:31 Credit Transfer Account Params:
Amount : 263126
Exchange Rate : 1
AccountId : 16
Amount After Xchange : 263126
Password : 
Userid : 3
SessionID : W22UCpQ40vBvzCMPUqJOTzyFBsZYNHm6
2017-07-18 10:55:31 SELECT SQL : SELECT * FROM users WHERE  id = '3'  
2017-07-18 10:55:31 SELECT SQL : SELECT * FROM settings WHERE  name = 'RNBAccount'  
2017-07-18 10:55:31 INSERT SQL : INSERT INTO account_transfers  (ts,type,amount,createdBy,toId,fromId,userId,exchangeRate,amountAfterXchange)  VALUES(NOW(),'transfer','263126','3','16','1','3','1','263126')
2017-07-18 10:55:31 SELECT SQL : SELECT * FROM accounts WHERE  id = '16'  
2017-07-18 10:55:31 Balance Update Params :
Branch Id : 5
Account ID : 16
Amount : 263126
2017-07-18 10:55:31 SELECT SQL : SELECT * FROM balances WHERE  branchId = '5' AND accountId = '16'  
2017-07-18 10:55:31 INSERT SQL : INSERT INTO balances  (ts,branchId,accountId,openingBalance,closingBalance,date)  VALUES(NOW(),'5','16','263126','263126','2017-07-18')
2017-07-18 10:55:31 Balance Create Insert ID :6
 2017-07-18 10:55:31 Response : {"success":1,"data":"Your request was processed successfully"}
2017-07-18 10:55:52 ---- New Request ----
2017-07-18 10:55:52 Controller : Transfers
2017-07-18 10:55:52 Method : getbalancesAction
2017-07-18 10:55:52 Controller File : controllers/Transfers.class.php, Exists
2017-07-18 10:55:52 Class constructed
2017-07-18 10:55:52 Class constructed
2017-07-18 10:55:52 UserID : 3
SessionId : W22UCpQ40vBvzCMPUqJOTzyFBsZYNHm6
Branch ID : 5
Date : 
2017-07-18 10:55:52 SELECT SQL : SELECT sessionId,branchId,userTypeId FROM users WHERE  id = '3'  
2017-07-18 10:55:52 SELECT SQL : SELECT closingBalance,openingBalance,accountId,branchId,date FROM balances WHERE  date = '2017-07-18' AND branchId = '5'  
2017-07-18 10:55:52 SELECT SQL : SELECT name FROM accounts WHERE  id = '16'  
2017-07-18 10:55:52 SELECT SQL : SELECT name FROM branches WHERE  id = '5'  
2017-07-18 10:55:52 Response : {"success":1,"data":[{"closingBalance":"263126","openingBalance":"263126","accountId":"16","branchId":"5","date":"2017-07-18","accountName":"KINSHASHA-USD Account","branchName":"KINSHASHA"}]}
2017-07-18 10:56:09 ---- New Request ----
2017-07-18 10:56:09 Controller : Transfers
2017-07-18 10:56:09 Method : getbalancesAction
2017-07-18 10:56:09 Controller File : controllers/Transfers.class.php, Exists
2017-07-18 10:56:09 Class constructed
2017-07-18 10:56:09 Class constructed
2017-07-18 10:56:09 UserID : 3
SessionId : W22UCpQ40vBvzCMPUqJOTzyFBsZYNHm6
Branch ID : 12
Date : 
2017-07-18 10:56:09 SELECT SQL : SELECT sessionId,branchId,userTypeId FROM users WHERE  id = '3'  
2017-07-18 10:56:09 SELECT SQL : SELECT closingBalance,openingBalance,accountId,branchId,date FROM balances WHERE  date = '2017-07-18' AND branchId = '12'  
2017-07-18 10:56:09 SELECT SQL : SELECT name FROM accounts WHERE  id = '33'  
2017-07-18 10:56:09 SELECT SQL : SELECT name FROM branches WHERE  id = '12'  
2017-07-18 10:56:09 SELECT SQL : SELECT name FROM accounts WHERE  id = '36'  
2017-07-18 10:56:09 SELECT SQL : SELECT name FROM branches WHERE  id = '12'  
2017-07-18 10:56:09 Response : {"success":1,"data":[{"closingBalance":"79","openingBalance":"79","accountId":"33","branchId":"12","date":"2017-07-18","accountName":"NAIROBI-USD Account","branchName":"NAIROBI"},{"closingBalance":"263126","openingBalance":"263126","accountId":"36","branchId":"12","date":"2017-07-18","accountName":"NAIROBI-KSH Account","branchName":"NAIROBI"}]}
2017-07-18 10:59:27 ---- New Request ----
2017-07-18 10:59:27 Controller : Transfers
2017-07-18 10:59:27 Method : getbalancesAction
2017-07-18 10:59:27 Controller File : controllers/Transfers.class.php, Exists
2017-07-18 10:59:27 Class constructed
2017-07-18 10:59:27 Class constructed
2017-07-18 10:59:27 UserID : 3
SessionId : W22UCpQ40vBvzCMPUqJOTzyFBsZYNHm6
Branch ID : 7
Date : 
2017-07-18 10:59:27 SELECT SQL : SELECT sessionId,branchId,userTypeId FROM users WHERE  id = '3'  
2017-07-18 10:59:27 SELECT SQL : SELECT closingBalance,openingBalance,accountId,branchId,date FROM balances WHERE  date = '2017-07-18' AND branchId = '7'  
2017-07-18 10:59:27 SELECT SQL : SELECT name FROM accounts WHERE  id = '37'  
2017-07-18 10:59:27 SELECT SQL : SELECT name FROM branches WHERE  id = '7'  
2017-07-18 10:59:27 Response : {"success":1,"data":[{"closingBalance":"70921","openingBalance":"70921","accountId":"37","branchId":"7","date":"2017-07-18","accountName":"GOMA-USD ACCOUNT","branchName":"GOMA"}]}
2017-07-18 10:59:35 ---- New Request ----
2017-07-18 10:59:35 Controller : Transfers
2017-07-18 10:59:35 Method : getbalancesAction
2017-07-18 10:59:35 Controller File : controllers/Transfers.class.php, Exists
2017-07-18 10:59:35 Class constructed
2017-07-18 10:59:35 Class constructed
2017-07-18 10:59:35 UserID : 3
SessionId : W22UCpQ40vBvzCMPUqJOTzyFBsZYNHm6
Branch ID : 12
Date : 
2017-07-18 10:59:35 SELECT SQL : SELECT sessionId,branchId,userTypeId FROM users WHERE  id = '3'  
2017-07-18 10:59:35 SELECT SQL : SELECT closingBalance,openingBalance,accountId,branchId,date FROM balances WHERE  date = '2017-07-18' AND branchId = '12'  
2017-07-18 10:59:35 SELECT SQL : SELECT name FROM accounts WHERE  id = '33'  
2017-07-18 10:59:35 SELECT SQL : SELECT name FROM branches WHERE  id = '12'  
2017-07-18 10:59:35 SELECT SQL : SELECT name FROM accounts WHERE  id = '36'  
2017-07-18 10:59:35 SELECT SQL : SELECT name FROM branches WHERE  id = '12'  
2017-07-18 10:59:35 Response : {"success":1,"data":[{"closingBalance":"79","openingBalance":"79","accountId":"33","branchId":"12","date":"2017-07-18","accountName":"NAIROBI-USD Account","branchName":"NAIROBI"},{"closingBalance":"396743","openingBalance":"396743","accountId":"36","branchId":"12","date":"2017-07-18","accountName":"NAIROBI-KSH Account","branchName":"NAIROBI"}]}
