2017-08-01 17:38:02 ---- New Request ----
2017-08-01 17:38:02 Controller : Users
2017-08-01 17:38:02 Method : loginAction
2017-08-01 17:38:02 Controller File : controllers/Users.class.php, Exists
2017-08-01 17:38:02 Class constructed
2017-08-01 17:38:02 Login Params ;Username :dorah
Password : ******
2017-08-01 17:38:02 SELECT SQL : SELECT id,firstName,surname,userName,userTypeId,sessionId,password,active,branchId FROM users WHERE  userName = 'dorah'  
2017-08-01 17:38:02 Response : {"success":0,"errormsg":"Login Failed. Wrong Password."}
2017-08-01 17:38:23 ---- New Request ----
2017-08-01 17:38:23 Controller : Users
2017-08-01 17:38:23 Method : loginAction
2017-08-01 17:38:23 Controller File : controllers/Users.class.php, Exists
2017-08-01 17:38:23 Class constructed
2017-08-01 17:38:23 Login Params ;Username :dorah
Password : ******
2017-08-01 17:38:23 SELECT SQL : SELECT id,firstName,surname,userName,userTypeId,sessionId,password,active,branchId FROM users WHERE  userName = 'dorah'  
2017-08-01 17:38:23 SELECT SQL : SELECT name FROM branches WHERE  id = '12'  
2017-08-01 17:38:23 UPDATE SQL : UPDATE users SET sessionId = 'XcJDr4HMvpKpJrgJDGmmbKVfJYjCCcVx',ipAddress = '105.231.196.253' WHERE  id = '2' 
2017-08-01 17:38:23 Response : {"success":1,"data":{"id":"2","firstName":"Nansubuga","surname":"Dorothy","userName":"dorah","userTypeId":"3","sessionId":"XcJDr4HMvpKpJrgJDGmmbKVfJYjCCcVx","branchId":"12","branchName":"NAIROBI"}}
2017-08-01 17:38:25 ---- New Request ----
2017-08-01 17:38:25 Controller : Users
2017-08-01 17:38:25 Method : formsdetailsAction
2017-08-01 17:38:25 Controller File : controllers/Users.class.php, Exists
2017-08-01 17:38:25 Class constructed
2017-08-01 17:38:25 Details Params :
SessionID :XcJDr4HMvpKpJrgJDGmmbKVfJYjCCcVx
User ID : 2
2017-08-01 17:38:25 SELECT SQL : SELECT * FROM branches WHERE  active = '1'  
2017-08-01 17:38:25 SELECT SQL : SELECT * FROM countries WHERE  active = '1'  
2017-08-01 17:38:25 SELECT SQL : SELECT * FROM identification WHERE  active = '1'  
2017-08-01 17:38:25 SELECT SQL : SELECT * FROM users WHERE  active = '1'  
2017-08-01 17:38:25 SELECT SQL : SELECT id,name,branchId,currency_id FROM accounts WHERE  active = '1' AND type_id = '1'  
2017-08-01 17:38:25 Balance Update Params :
Branch Id : 5
Account ID : 16
Amount : 0
2017-08-01 17:38:25 SELECT SQL : SELECT * FROM balances WHERE  branchId = '5' AND accountId = '16'  
2017-08-01 17:38:25 SELECT SQL : SELECT * FROM balances WHERE  branchId = '5' AND accountId = '16' AND date = '2017-08-01'  
2017-08-01 17:38:25 UPDATE SQL : UPDATE balances SET closingBalance = '120739' WHERE  branchId = '5' AND accountId = '16' AND date = '2017-08-01' 
2017-08-01 17:38:25 Balance Update Status 2:1
 2017-08-01 17:38:25 Balance Update Params :
Branch Id : 6
Account ID : 20
Amount : 0
2017-08-01 17:38:25 SELECT SQL : SELECT * FROM balances WHERE  branchId = '6' AND accountId = '20'  
2017-08-01 17:38:25 Balance Update Params :
Branch Id : 6
Account ID : 21
Amount : 0
2017-08-01 17:38:25 SELECT SQL : SELECT * FROM balances WHERE  branchId = '6' AND accountId = '21'  
2017-08-01 17:38:25 SELECT SQL : SELECT * FROM balances WHERE  branchId = '6' AND accountId = '21' AND date = '2017-08-01'  
2017-08-01 17:38:25 UPDATE SQL : UPDATE balances SET closingBalance = '190247' WHERE  branchId = '6' AND accountId = '21' AND date = '2017-08-01' 
2017-08-01 17:38:25 Balance Update Status 2:1
 2017-08-01 17:38:25 Balance Update Params :
Branch Id : 6
Account ID : 22
Amount : 0
2017-08-01 17:38:25 SELECT SQL : SELECT * FROM balances WHERE  branchId = '6' AND accountId = '22'  
2017-08-01 17:38:25 Balance Update Params :
Branch Id : 6
Account ID : 23
Amount : 0
2017-08-01 17:38:25 SELECT SQL : SELECT * FROM balances WHERE  branchId = '6' AND accountId = '23'  
2017-08-01 17:38:25 SELECT SQL : SELECT * FROM balances WHERE  branchId = '6' AND accountId = '23' AND date = '2017-08-01'  
2017-08-01 17:38:25 UPDATE SQL : UPDATE balances SET closingBalance = '102274518' WHERE  branchId = '6' AND accountId = '23' AND date = '2017-08-01' 
2017-08-01 17:38:25 Balance Update Status 2:1
 2017-08-01 17:38:25 Balance Update Params :
Branch Id : 6
Account ID : 24
Amount : 0
2017-08-01 17:38:25 SELECT SQL : SELECT * FROM balances WHERE  branchId = '6' AND accountId = '24'  
2017-08-01 17:38:25 Balance Update Params :
Branch Id : 11
Account ID : 27
Amount : 0
2017-08-01 17:38:25 SELECT SQL : SELECT * FROM balances WHERE  branchId = '11' AND accountId = '27'  
2017-08-01 17:38:25 Balance Update Params :
Branch Id : 11
Account ID : 28
Amount : 0
2017-08-01 17:38:25 SELECT SQL : SELECT * FROM balances WHERE  branchId = '11' AND accountId = '28'  
2017-08-01 17:38:25 Balance Update Params :
Branch Id : 12
Account ID : 33
Amount : 0
2017-08-01 17:38:25 SELECT SQL : SELECT * FROM balances WHERE  branchId = '12' AND accountId = '33'  
2017-08-01 17:38:25 SELECT SQL : SELECT * FROM balances WHERE  branchId = '12' AND accountId = '33' AND date = '2017-08-01'  
2017-08-01 17:38:25 UPDATE SQL : UPDATE balances SET closingBalance = '0' WHERE  branchId = '12' AND accountId = '33' AND date = '2017-08-01' 
2017-08-01 17:38:25 Balance Update Status 2:1
 2017-08-01 17:38:25 Balance Update Params :
Branch Id : 12
Account ID : 36
Amount : 0
2017-08-01 17:38:25 SELECT SQL : SELECT * FROM balances WHERE  branchId = '12' AND accountId = '36'  
2017-08-01 17:38:25 SELECT SQL : SELECT * FROM balances WHERE  branchId = '12' AND accountId = '36' AND date = '2017-08-01'  
2017-08-01 17:38:25 UPDATE SQL : UPDATE balances SET closingBalance = '10312' WHERE  branchId = '12' AND accountId = '36' AND date = '2017-08-01' 
2017-08-01 17:38:25 Balance Update Status 2:1
 2017-08-01 17:38:25 Balance Update Params :
Branch Id : 7
Account ID : 37
Amount : 0
2017-08-01 17:38:25 SELECT SQL : SELECT * FROM balances WHERE  branchId = '7' AND accountId = '37'  
2017-08-01 17:38:25 SELECT SQL : SELECT * FROM balances WHERE  branchId = '7' AND accountId = '37' AND date = '2017-08-01'  
2017-08-01 17:38:25 UPDATE SQL : UPDATE balances SET closingBalance = '96158' WHERE  branchId = '7' AND accountId = '37' AND date = '2017-08-01' 
2017-08-01 17:38:25 Balance Update Status 2:1
 2017-08-01 17:38:25 Balance Update Params :
Branch Id : 13
Account ID : 38
Amount : 0
2017-08-01 17:38:25 SELECT SQL : SELECT * FROM balances WHERE  branchId = '13' AND accountId = '38'  
2017-08-01 17:38:25 Balance Update Params :
Branch Id : 13
Account ID : 39
Amount : 0
2017-08-01 17:38:25 SELECT SQL : SELECT * FROM balances WHERE  branchId = '13' AND accountId = '39'  
2017-08-01 17:38:25 SELECT SQL : SELECT * FROM currencies WHERE  active = '1'  
2017-08-01 17:38:25 SELECT SQL : SELECT * FROM accounts WHERE  active = '1' AND type_id = '4'  
2017-08-01 17:38:25 SELECT SQL : SELECT * FROM account_types WHERE  active = '1'  
2017-08-01 17:38:25 SELECT SQL : SELECT * FROM user_types WHERE  active = '1'  
2017-08-01 17:38:25 Response : {"data":{"branches":[{"id":"5","name":"KINSHASHA","countryId":"4","location":"Patrice Avenue","supervisorId":"3","createdBy":"4","ts":"2017-06-30 00:06:55","active":"1"},{"id":"6","name":"OASIS MALL","countryId":"1","location":"Yusufu Lule Rd","supervisorId":"3","createdBy":"2","ts":"2017-06-30 00:12:08","active":"1"},{"id":"7","name":"GOMA","countryId":"4","location":"Goma","supervisorId":"3","createdBy":"1","ts":"2017-07-05 00:00:00","active":"1"},{"id":"9","name":"MOMBASA","countryId":"2","location":"Mombasa","supervisorId":"3","createdBy":"1","ts":"2017-07-05 00:00:00","active":"1"},{"id":"10","name":"DUBAI","countryId":"6","location":"Dubai","supervisorId":"3","createdBy":"1","ts":"2017-07-05 00:00:00","active":"1"},{"id":"11","name":"CHINA","countryId":"5","location":"China","supervisorId":"3","createdBy":"3","ts":"2017-07-05 13:23:17","active":"1"},{"id":"12","name":"NAIROBI","countryId":"2","location":"Nairobi","supervisorId":"3","createdBy":"3","ts":"2017-07-06 14:12:35","active":"1"},{"id":"13","name":"KAMPALA ROAD","countryId":"1","location":"kampala road","supervisorId":"3","createdBy":"3","ts":"2017-07-06 14:12:35","active":"1"}],"countries":[{"id":"1","name":"UGANDA","createdBy":"1","ts":"2017-06-25 23:13:31","active":"1"},{"id":"2","name":"KENYA","createdBy":"1","ts":"2017-06-26 09:02:45","active":"1"},{"id":"3","name":"TZ","createdBy":"1","ts":"2017-06-28 11:11:53","active":"1"},{"id":"4","name":"CONGO","createdBy":"1","ts":"2017-06-28 11:26:11","active":"1"},{"id":"5","name":"CHINA","createdBy":"1","ts":"2017-06-28 11:30:01","active":"1"},{"id":"6","name":"UAE","createdBy":"1","ts":"2017-07-05 00:00:00","active":"1"}],"ids":[[{"id":"1","name":"Passport","createdBy":"1","ts":"2017-06-28 14:00:01","active":"1"},{"id":"2","name":"National ID","createdBy":"1","ts":"2017-06-28 14:00:01","active":"1"},{"id":"3","name":"STUDENTS ID","createdBy":"1","ts":"2017-06-28 16:21:46","active":"1"}]],"users":[{"id":"1","firstName":"You","surname":"Jinshu","email":"hudsonbogere@swipeit.co.ug","phone":"256783131266","userName":"you","branchId":"0","userTypeId":"1","password":"$2y$10$pPGbhJ1RXx\/ug.ED3LnsQuKHJTqwYsa\/iF0OqGOgsjflkHKIDTLVq","sessionId":"","ipAddress":"41.75.173.102","createdBy":null,"ts":"2017-06-23 15:08:12","active":"1"},{"id":"2","firstName":"Nansubuga","surname":"Dorothy","email":"henry@gmail.com","phone":"256752284441","userName":"dorah","branchId":"12","userTypeId":"3","password":"$2y$10$F9t92sYKf2rDJ.JzCmrrT.Jt1Ix37Fuo.uZKpXPn69dgDUTZ8xLXi","sessionId":"XcJDr4HMvpKpJrgJDGmmbKVfJYjCCcVx","ipAddress":"105.231.196.253","createdBy":"1","ts":"2017-06-26 19:11:07","active":"1"},{"id":"3","firstName":"Lydia","surname":"Amoi","email":"islam@gmail.com","phone":"256777608310","userName":"lydia","branchId":"6","userTypeId":"2","password":"$2y$10$m72Zz8Z.h4\/Zp6TFDhmbXeQ79kZ7JJ2U0yLUanc0dDVxbc.5UPkRG","sessionId":"IYuFkvTHh5RbN5NYMDtmU0jca6HNa1W5","ipAddress":"41.75.173.62","createdBy":"1","ts":"2017-06-26 19:41:01","active":"1"},{"id":"4","firstName":"Nabukera","surname":"Maria","email":"banerd@tfb.com","phone":"256774457813","userName":"maria","branchId":"5","userTypeId":"5","password":"$2y$10$wTpUE\/WJFMfQaBglrQocTO9ndV6dbxL2vzFDEJZ1hpVVp4binpXGO","sessionId":"X1jcW1FRNaTIW0WCFDn8jWegighrxLJn","ipAddress":"41.243.11.229","createdBy":"1","ts":"2017-06-26 23:04:07","active":"1"},{"id":"5","firstName":"Henry","surname":"Bbosa","email":null,"phone":null,"userName":"Henry","branchId":"11","userTypeId":"3","password":"$2y$10$m72Zz8Z.h4\/Zp6TFDhmbXeQ79kZ7JJ2U0yLUanc0dDVxbc.5UPkRG","sessionId":"AkjEl2mQ2ff3mYds70qVEh1wGCOWmrsn","ipAddress":"160.242.137.6","createdBy":"1","ts":"2017-07-05 00:00:00","active":"1"},{"id":"6","firstName":"Edwin","surname":"Kakeeto","email":"edwin@edwin.com","phone":"0777777557","userName":"edwin","branchId":"7","userTypeId":"3","password":"$2y$10$wTpUE\/WJFMfQaBglrQocTO9ndV6dbxL2vzFDEJZ1hpVVp4binpXGO","sessionId":"KRX8Yh2iqId0EWTdOh43HSfBIE4fr5lp","ipAddress":"41.243.17.77","createdBy":"3","ts":"2017-07-10 07:37:50","active":"1"},{"id":"7","firstName":"Trish","surname":"Baby","email":"patricia@gmail.com","phone":"0777777557","userName":"trish","branchId":"13","userTypeId":"3","password":"$2y$10$m72Zz8Z.h4\/Zp6TFDhmbXeQ79kZ7JJ2U0yLUanc0dDVxbc.5UPkRG","sessionId":"k10XSropsYs2ikmovFMksbhRyqwut0dT","ipAddress":"160.242.137.6","createdBy":null,"ts":null,"active":"1"},{"id":"8","firstName":"cedric","surname":"cedric","email":"cedric@gmail.com","phone":"+256754813912","userName":"cedric","branchId":"7","userTypeId":"3","password":"$2y$10$m72Zz8Z.h4\/Zp6TFDhmbXeQ79kZ7JJ2U0yLUanc0dDVxbc.5UPkRG","sessionId":"","ipAddress":"160.242.141.153","createdBy":null,"ts":null,"active":"1"},{"id":"9","firstName":"Bravia","surname":"Muzira","email":"muzira@gmail.com","phone":"+256771889211","userName":"Braviah","branchId":"6","userTypeId":"3","password":"$2y$10$m72Zz8Z.h4\/Zp6TFDhmbXeQ79kZ7JJ2U0yLUanc0dDVxbc.5UPkRG","sessionId":"TRYLds7vSBteucLM5ABcqCX8rZHYmIY6","ipAddress":"41.210.154.98","createdBy":null,"ts":null,"active":"1"}],"accounts":[{"id":"16","name":"KINSHASHA-USD Account","branchId":"5","currency_id":"2"},{"id":"20","name":"OASIS MALL-RMB Account","branchId":"6","currency_id":"1"},{"id":"21","name":"OASIS MALL-USD Account","branchId":"6","currency_id":"2"},{"id":"22","name":"OASIS MALL-DIRHAM Account","branchId":"6","currency_id":"3"},{"id":"23","name":"OASIS MALL-UGX Account","branchId":"6","currency_id":"4"},{"id":"24","name":"OASIS MALL-KSH Account","branchId":"6","currency_id":"5"},{"id":"27","name":"CHINA-RMB Account","branchId":"11","currency_id":"1"},{"id":"28","name":"CHINA-USD Account","branchId":"11","currency_id":"2"},{"id":"33","name":"NAIROBI-USD Account","branchId":"12","currency_id":"2"},{"id":"36","name":"NAIROBI-KSH Account","branchId":"12","currency_id":"5"},{"id":"37","name":"GOMA-USD ACCOUNT","branchId":"7","currency_id":"2"},{"id":"38","name":"KAMPALA ROAD -USD ACCOUNT","branchId":"13","currency_id":"2"},{"id":"39","name":"KAMPALA ROAD- UGX ACCOUNT ","branchId":"13","currency_id":"4"}],"currencies":[{"id":"1","name":"RMB","symbol":"\u00c2\u00a5","createdBy":"1","ts":"2017-06-27 22:45:12","active":"1"},{"id":"2","name":"USD","symbol":"$","createdBy":"1","ts":"2017-06-27 22:45:12","active":"1"},{"id":"3","name":"DIRHAM","symbol":"","createdBy":"1","ts":"2017-06-28 11:40:09","active":"1"},{"id":"4","name":"UGX","symbol":"\/=","createdBy":"1","ts":"2017-06-28 11:46:50","active":"1"},{"id":"5","name":"KSH","symbol":"","createdBy":"1","ts":"2017-06-28 11:46:50","active":"1"}],"superaccount":[{"id":"1","name":"RMB Account","branchId":"0","type_id":"4","currency_id":"1","balance":"0","createdBy":"1","active":"1","ts":"2017-06-27 22:45:12"}],"accountTypes":[{"id":"1","type":"Transfer","description":"","createdBy":"1","ts":"2017-06-28 14:31:12","active":"1"},{"id":"2","type":"Suspense","description":"","createdBy":"1","ts":"2017-06-28 14:31:12","active":"1"},{"id":"4","type":"Super","description":"","createdBy":"1","ts":"2017-06-28 14:31:12","active":"1"}],"userTypes":[{"id":"1","name":"E-Value Admin","level":"1","ts":"2017-06-27 22:45:12","active":"1"},{"id":"2","name":"Super User","level":"2","ts":"2017-06-27 22:45:12","active":"1"},{"id":"3","name":"Agent","level":"3","ts":"2017-06-27 22:45:12","active":"1"},{"id":"4","name":"System Admin","level":"4","ts":"2017-06-27 22:45:12","active":"1"},{"id":"5","name":"superAgent","level":"3","ts":"2017-06-27 22:45:12","active":"1"}]},"success":1}
2017-08-01 17:41:38 ---- New Request ----
2017-08-01 17:41:38 Controller : Transfers
2017-08-01 17:41:38 Method : createtransferAction
2017-08-01 17:41:38 Controller File : controllers/Transfers.class.php, Exists
2017-08-01 17:41:38 Class constructed
2017-08-01 17:41:38 Class constructed
2017-08-01 17:41:38 Transfer Creation Params ;Amount :100000\currencyid : 1
Country : 0
Charge : 0
sfname : 
ssurname : Xu zhongxing
Account Number : 6228433429001769719
semail : 
sphone : 0727746669
sidtype : 0
sid : 0
rfname : 
rsurname : Geng Guoli
remail : 
rphone : 0727746669
Receiver Branch : 0
passcode : ******
password : ******
userid : 2
sessionid : XcJDr4HMvpKpJrgJDGmmbKVfJYjCCcVx
Exchange Rate : 6.68
AmountAfterXchange : 668000
Charge Currency : 2017-08-01 17:41:38 SELECT SQL : SELECT * FROM settings WHERE  name = 'SuspenseAccount'  
2017-08-01 17:41:38 SELECT SQL : SELECT * FROM settings WHERE  name = 'ToChinaAccount'  
2017-08-01 17:41:38 SELECT SQL : SELECT * FROM users WHERE  id = '2'  
2017-08-01 17:41:38 INSERT SQL : INSERT INTO transfers  (ts,userIdSource,amount,currency,destinationCountryId,toBranch,senderFname,senderSurname,senderEmail,senderPhone,senderIdType,senderId,receiverFname,receiverSurname,receiverEmail,receiverPhone,receiverAccountNumber,fromBranch,passcode,status,sourceIpAddress)  VALUES(NOW(),'2','100000','1','0','0','','Xu zhongxing','','0727746669','0','0','','Geng Guoli','','0727746669','6228433429001769719','12','$2y$10$i08RI/KdFAXT9G3OMBIOMepmPiE122rIqU1xFxZSngzG9UAilZHR.','Pending','105.231.196.253')
2017-08-01 17:41:38 SELECT SQL : SELECT id,transferRef FROM transfers WHERE  id = '7'  
2017-08-01 17:41:38 INSERT SQL : INSERT INTO audit_trails  (ts,userId,tableName,recordId,field,oldValue,newValue)  VALUES(NOW(),'2','transfers','7','transferRef','','0120027')
2017-08-01 17:41:38 audit_trails Insert ID : 7
2017-08-01 17:41:38 UPDATE SQL : UPDATE transfers SET transferRef = '0120027' WHERE  id = '7' 
2017-08-01 17:41:38 SELECT SQL : SELECT id FROM accounts WHERE  branchId = '12' AND currency_id = '2'  
2017-08-01 17:41:38 INSERT SQL : INSERT INTO account_transfers  (ts,amountAfterXchange,amountB4Xchange,currencyB4Xchange,currencyAfterXchange,exchangeRate,type,amount,charge,fromId,toId,transferRef,userId)  VALUES(NOW(),'668000','100000','2','1','6.68','transfer','100000','0','26','33','0120027','2')
2017-08-01 17:41:38 Balance Update Params :
Branch Id : 12
Account ID : 33
Amount : 100000
2017-08-01 17:41:38 SELECT SQL : SELECT * FROM balances WHERE  branchId = '12' AND accountId = '33'  
2017-08-01 17:41:38 SELECT SQL : SELECT * FROM balances WHERE  branchId = '12' AND accountId = '33' AND date = '2017-08-01'  
2017-08-01 17:41:38 UPDATE SQL : UPDATE balances SET closingBalance = '100000' WHERE  branchId = '12' AND accountId = '33' AND date = '2017-08-01' 
2017-08-01 17:41:38 Balance Update Status 2:1
 2017-08-01 17:41:38 Balance Update Params :
Branch Id : 0
Account ID : 26
Amount : -100000
2017-08-01 17:41:38 SELECT SQL : SELECT * FROM balances WHERE  branchId = '0' AND accountId = '26'  
2017-08-01 17:41:38 SELECT SQL : SELECT * FROM balances WHERE  branchId = '0' AND accountId = '26' AND date = '2017-08-01'  
2017-08-01 17:41:38 UPDATE SQL : UPDATE balances SET closingBalance = '-4897155' WHERE  branchId = '0' AND accountId = '26' AND date = '2017-08-01' 
2017-08-01 17:41:38 Balance Update Status 2:1
 2017-08-01 17:41:38 SELECT SQL : SELECT id FROM accounts WHERE  branchId = '12' AND currency_id = ''  
2017-08-01 17:41:38 Balance Update Params :
Branch Id : 12
Account ID : 0
Amount : 0
2017-08-01 17:41:38 SELECT SQL : SELECT * FROM balances WHERE  branchId = '12' AND accountId = '0'  
2017-08-01 17:41:38 SELECT SQL : SELECT * FROM transfers WHERE  fromBranch = '12'  OR toBranch = '12'  OR destinationCountryId = '0'  
2017-08-01 17:41:38 Response : {"success":1,"data":"0120027"}
2017-08-01 17:41:53 ---- New Request ----
2017-08-01 17:41:53 Controller : Users
2017-08-01 17:41:53 Method : logoutAction
2017-08-01 17:41:53 Controller File : controllers/Users.class.php, Exists
2017-08-01 17:41:53 Class constructed
2017-08-01 17:41:53 Logout Params ;Session ID :XcJDr4HMvpKpJrgJDGmmbKVfJYjCCcVx\User ID : 2
2017-08-01 17:41:53 UPDATE SQL : UPDATE users SET sessionId = '',ipAddress = '105.231.196.253' WHERE  id = '2' 
2017-08-01 17:41:53 Response : {"success":1}
2017-08-01 17:41:53 ---- New Request ----
2017-08-01 17:41:53 Controller : Users
2017-08-01 17:41:53 Method : logoutAction
2017-08-01 17:41:53 Controller File : controllers/Users.class.php, Exists
2017-08-01 17:41:53 Class constructed
2017-08-01 17:41:53 Logout Params ;Session ID :XcJDr4HMvpKpJrgJDGmmbKVfJYjCCcVx\User ID : 2
2017-08-01 17:41:53 UPDATE SQL : UPDATE users SET sessionId = '',ipAddress = '105.231.196.253' WHERE  id = '2' 
2017-08-01 17:41:53 Response : {"success":1}
2017-08-01 17:42:07 ---- New Request ----
2017-08-01 17:42:07 Controller : Users
2017-08-01 17:42:07 Method : loginAction
2017-08-01 17:42:07 Controller File : controllers/Users.class.php, Exists
2017-08-01 17:42:07 Class constructed
2017-08-01 17:42:07 Login Params ;Username :dorah
Password : ******
2017-08-01 17:42:07 SELECT SQL : SELECT id,firstName,surname,userName,userTypeId,sessionId,password,active,branchId FROM users WHERE  userName = 'dorah'  
2017-08-01 17:42:07 SELECT SQL : SELECT name FROM branches WHERE  id = '12'  
2017-08-01 17:42:07 UPDATE SQL : UPDATE users SET sessionId = 'McHewltIsEhHtD2gkw0nRZ5vUFPSuI5Y',ipAddress = '105.231.196.253' WHERE  id = '2' 
2017-08-01 17:42:07 Response : {"success":1,"data":{"id":"2","firstName":"Nansubuga","surname":"Dorothy","userName":"dorah","userTypeId":"3","sessionId":"McHewltIsEhHtD2gkw0nRZ5vUFPSuI5Y","branchId":"12","branchName":"NAIROBI"}}
2017-08-01 17:42:08 ---- New Request ----
2017-08-01 17:42:08 Controller : Users
2017-08-01 17:42:08 Method : formsdetailsAction
2017-08-01 17:42:08 Controller File : controllers/Users.class.php, Exists
2017-08-01 17:42:08 Class constructed
2017-08-01 17:42:08 Details Params :
SessionID :McHewltIsEhHtD2gkw0nRZ5vUFPSuI5Y
User ID : 2
2017-08-01 17:42:08 SELECT SQL : SELECT * FROM branches WHERE  active = '1'  
2017-08-01 17:42:08 SELECT SQL : SELECT * FROM countries WHERE  active = '1'  
2017-08-01 17:42:08 SELECT SQL : SELECT * FROM identification WHERE  active = '1'  
2017-08-01 17:42:08 SELECT SQL : SELECT * FROM users WHERE  active = '1'  
2017-08-01 17:42:09 SELECT SQL : SELECT id,name,branchId,currency_id FROM accounts WHERE  active = '1' AND type_id = '1'  
2017-08-01 17:42:09 Balance Update Params :
Branch Id : 5
Account ID : 16
Amount : 0
2017-08-01 17:42:09 SELECT SQL : SELECT * FROM balances WHERE  branchId = '5' AND accountId = '16'  
2017-08-01 17:42:09 SELECT SQL : SELECT * FROM balances WHERE  branchId = '5' AND accountId = '16' AND date = '2017-08-01'  
2017-08-01 17:42:09 UPDATE SQL : UPDATE balances SET closingBalance = '120739' WHERE  branchId = '5' AND accountId = '16' AND date = '2017-08-01' 
2017-08-01 17:42:09 Balance Update Status 2:1
 2017-08-01 17:42:09 Balance Update Params :
Branch Id : 6
Account ID : 20
Amount : 0
2017-08-01 17:42:09 SELECT SQL : SELECT * FROM balances WHERE  branchId = '6' AND accountId = '20'  
2017-08-01 17:42:09 Balance Update Params :
Branch Id : 6
Account ID : 21
Amount : 0
2017-08-01 17:42:09 SELECT SQL : SELECT * FROM balances WHERE  branchId = '6' AND accountId = '21'  
2017-08-01 17:42:09 SELECT SQL : SELECT * FROM balances WHERE  branchId = '6' AND accountId = '21' AND date = '2017-08-01'  
2017-08-01 17:42:09 UPDATE SQL : UPDATE balances SET closingBalance = '190247' WHERE  branchId = '6' AND accountId = '21' AND date = '2017-08-01' 
2017-08-01 17:42:09 Balance Update Status 2:1
 2017-08-01 17:42:09 Balance Update Params :
Branch Id : 6
Account ID : 22
Amount : 0
2017-08-01 17:42:09 SELECT SQL : SELECT * FROM balances WHERE  branchId = '6' AND accountId = '22'  
2017-08-01 17:42:09 Balance Update Params :
Branch Id : 6
Account ID : 23
Amount : 0
2017-08-01 17:42:09 SELECT SQL : SELECT * FROM balances WHERE  branchId = '6' AND accountId = '23'  
2017-08-01 17:42:09 SELECT SQL : SELECT * FROM balances WHERE  branchId = '6' AND accountId = '23' AND date = '2017-08-01'  
2017-08-01 17:42:09 UPDATE SQL : UPDATE balances SET closingBalance = '102274518' WHERE  branchId = '6' AND accountId = '23' AND date = '2017-08-01' 
2017-08-01 17:42:09 Balance Update Status 2:1
 2017-08-01 17:42:09 Balance Update Params :
Branch Id : 6
Account ID : 24
Amount : 0
2017-08-01 17:42:09 SELECT SQL : SELECT * FROM balances WHERE  branchId = '6' AND accountId = '24'  
2017-08-01 17:42:09 Balance Update Params :
Branch Id : 11
Account ID : 27
Amount : 0
2017-08-01 17:42:09 SELECT SQL : SELECT * FROM balances WHERE  branchId = '11' AND accountId = '27'  
2017-08-01 17:42:09 Balance Update Params :
Branch Id : 11
Account ID : 28
Amount : 0
2017-08-01 17:42:09 SELECT SQL : SELECT * FROM balances WHERE  branchId = '11' AND accountId = '28'  
2017-08-01 17:42:09 Balance Update Params :
Branch Id : 12
Account ID : 33
Amount : 0
2017-08-01 17:42:09 SELECT SQL : SELECT * FROM balances WHERE  branchId = '12' AND accountId = '33'  
2017-08-01 17:42:09 SELECT SQL : SELECT * FROM balances WHERE  branchId = '12' AND accountId = '33' AND date = '2017-08-01'  
2017-08-01 17:42:09 UPDATE SQL : UPDATE balances SET closingBalance = '100000' WHERE  branchId = '12' AND accountId = '33' AND date = '2017-08-01' 
2017-08-01 17:42:09 Balance Update Status 2:1
 2017-08-01 17:42:09 Balance Update Params :
Branch Id : 12
Account ID : 36
Amount : 0
2017-08-01 17:42:09 SELECT SQL : SELECT * FROM balances WHERE  branchId = '12' AND accountId = '36'  
2017-08-01 17:42:09 SELECT SQL : SELECT * FROM balances WHERE  branchId = '12' AND accountId = '36' AND date = '2017-08-01'  
2017-08-01 17:42:09 UPDATE SQL : UPDATE balances SET closingBalance = '10312' WHERE  branchId = '12' AND accountId = '36' AND date = '2017-08-01' 
2017-08-01 17:42:09 Balance Update Status 2:1
 2017-08-01 17:42:09 Balance Update Params :
Branch Id : 7
Account ID : 37
Amount : 0
2017-08-01 17:42:09 SELECT SQL : SELECT * FROM balances WHERE  branchId = '7' AND accountId = '37'  
2017-08-01 17:42:09 SELECT SQL : SELECT * FROM balances WHERE  branchId = '7' AND accountId = '37' AND date = '2017-08-01'  
2017-08-01 17:42:09 UPDATE SQL : UPDATE balances SET closingBalance = '96158' WHERE  branchId = '7' AND accountId = '37' AND date = '2017-08-01' 
2017-08-01 17:42:09 Balance Update Status 2:1
 2017-08-01 17:42:09 Balance Update Params :
Branch Id : 13
Account ID : 38
Amount : 0
2017-08-01 17:42:09 SELECT SQL : SELECT * FROM balances WHERE  branchId = '13' AND accountId = '38'  
2017-08-01 17:42:09 Balance Update Params :
Branch Id : 13
Account ID : 39
Amount : 0
2017-08-01 17:42:09 SELECT SQL : SELECT * FROM balances WHERE  branchId = '13' AND accountId = '39'  
2017-08-01 17:42:09 SELECT SQL : SELECT * FROM currencies WHERE  active = '1'  
2017-08-01 17:42:09 SELECT SQL : SELECT * FROM accounts WHERE  active = '1' AND type_id = '4'  
2017-08-01 17:42:09 SELECT SQL : SELECT * FROM account_types WHERE  active = '1'  
2017-08-01 17:42:09 SELECT SQL : SELECT * FROM user_types WHERE  active = '1'  
2017-08-01 17:42:09 Response : {"data":{"branches":[{"id":"5","name":"KINSHASHA","countryId":"4","location":"Patrice Avenue","supervisorId":"3","createdBy":"4","ts":"2017-06-30 00:06:55","active":"1"},{"id":"6","name":"OASIS MALL","countryId":"1","location":"Yusufu Lule Rd","supervisorId":"3","createdBy":"2","ts":"2017-06-30 00:12:08","active":"1"},{"id":"7","name":"GOMA","countryId":"4","location":"Goma","supervisorId":"3","createdBy":"1","ts":"2017-07-05 00:00:00","active":"1"},{"id":"9","name":"MOMBASA","countryId":"2","location":"Mombasa","supervisorId":"3","createdBy":"1","ts":"2017-07-05 00:00:00","active":"1"},{"id":"10","name":"DUBAI","countryId":"6","location":"Dubai","supervisorId":"3","createdBy":"1","ts":"2017-07-05 00:00:00","active":"1"},{"id":"11","name":"CHINA","countryId":"5","location":"China","supervisorId":"3","createdBy":"3","ts":"2017-07-05 13:23:17","active":"1"},{"id":"12","name":"NAIROBI","countryId":"2","location":"Nairobi","supervisorId":"3","createdBy":"3","ts":"2017-07-06 14:12:35","active":"1"},{"id":"13","name":"KAMPALA ROAD","countryId":"1","location":"kampala road","supervisorId":"3","createdBy":"3","ts":"2017-07-06 14:12:35","active":"1"}],"countries":[{"id":"1","name":"UGANDA","createdBy":"1","ts":"2017-06-25 23:13:31","active":"1"},{"id":"2","name":"KENYA","createdBy":"1","ts":"2017-06-26 09:02:45","active":"1"},{"id":"3","name":"TZ","createdBy":"1","ts":"2017-06-28 11:11:53","active":"1"},{"id":"4","name":"CONGO","createdBy":"1","ts":"2017-06-28 11:26:11","active":"1"},{"id":"5","name":"CHINA","createdBy":"1","ts":"2017-06-28 11:30:01","active":"1"},{"id":"6","name":"UAE","createdBy":"1","ts":"2017-07-05 00:00:00","active":"1"}],"ids":[[{"id":"1","name":"Passport","createdBy":"1","ts":"2017-06-28 14:00:01","active":"1"},{"id":"2","name":"National ID","createdBy":"1","ts":"2017-06-28 14:00:01","active":"1"},{"id":"3","name":"STUDENTS ID","createdBy":"1","ts":"2017-06-28 16:21:46","active":"1"}]],"users":[{"id":"1","firstName":"You","surname":"Jinshu","email":"hudsonbogere@swipeit.co.ug","phone":"256783131266","userName":"you","branchId":"0","userTypeId":"1","password":"$2y$10$pPGbhJ1RXx\/ug.ED3LnsQuKHJTqwYsa\/iF0OqGOgsjflkHKIDTLVq","sessionId":"","ipAddress":"41.75.173.102","createdBy":null,"ts":"2017-06-23 15:08:12","active":"1"},{"id":"2","firstName":"Nansubuga","surname":"Dorothy","email":"henry@gmail.com","phone":"256752284441","userName":"dorah","branchId":"12","userTypeId":"3","password":"$2y$10$F9t92sYKf2rDJ.JzCmrrT.Jt1Ix37Fuo.uZKpXPn69dgDUTZ8xLXi","sessionId":"McHewltIsEhHtD2gkw0nRZ5vUFPSuI5Y","ipAddress":"105.231.196.253","createdBy":"1","ts":"2017-06-26 19:11:07","active":"1"},{"id":"3","firstName":"Lydia","surname":"Amoi","email":"islam@gmail.com","phone":"256777608310","userName":"lydia","branchId":"6","userTypeId":"2","password":"$2y$10$m72Zz8Z.h4\/Zp6TFDhmbXeQ79kZ7JJ2U0yLUanc0dDVxbc.5UPkRG","sessionId":"IYuFkvTHh5RbN5NYMDtmU0jca6HNa1W5","ipAddress":"41.75.173.62","createdBy":"1","ts":"2017-06-26 19:41:01","active":"1"},{"id":"4","firstName":"Nabukera","surname":"Maria","email":"banerd@tfb.com","phone":"256774457813","userName":"maria","branchId":"5","userTypeId":"5","password":"$2y$10$wTpUE\/WJFMfQaBglrQocTO9ndV6dbxL2vzFDEJZ1hpVVp4binpXGO","sessionId":"X1jcW1FRNaTIW0WCFDn8jWegighrxLJn","ipAddress":"41.243.11.229","createdBy":"1","ts":"2017-06-26 23:04:07","active":"1"},{"id":"5","firstName":"Henry","surname":"Bbosa","email":null,"phone":null,"userName":"Henry","branchId":"11","userTypeId":"3","password":"$2y$10$m72Zz8Z.h4\/Zp6TFDhmbXeQ79kZ7JJ2U0yLUanc0dDVxbc.5UPkRG","sessionId":"AkjEl2mQ2ff3mYds70qVEh1wGCOWmrsn","ipAddress":"160.242.137.6","createdBy":"1","ts":"2017-07-05 00:00:00","active":"1"},{"id":"6","firstName":"Edwin","surname":"Kakeeto","email":"edwin@edwin.com","phone":"0777777557","userName":"edwin","branchId":"7","userTypeId":"3","password":"$2y$10$wTpUE\/WJFMfQaBglrQocTO9ndV6dbxL2vzFDEJZ1hpVVp4binpXGO","sessionId":"KRX8Yh2iqId0EWTdOh43HSfBIE4fr5lp","ipAddress":"41.243.17.77","createdBy":"3","ts":"2017-07-10 07:37:50","active":"1"},{"id":"7","firstName":"Trish","surname":"Baby","email":"patricia@gmail.com","phone":"0777777557","userName":"trish","branchId":"13","userTypeId":"3","password":"$2y$10$m72Zz8Z.h4\/Zp6TFDhmbXeQ79kZ7JJ2U0yLUanc0dDVxbc.5UPkRG","sessionId":"k10XSropsYs2ikmovFMksbhRyqwut0dT","ipAddress":"160.242.137.6","createdBy":null,"ts":null,"active":"1"},{"id":"8","firstName":"cedric","surname":"cedric","email":"cedric@gmail.com","phone":"+256754813912","userName":"cedric","branchId":"7","userTypeId":"3","password":"$2y$10$m72Zz8Z.h4\/Zp6TFDhmbXeQ79kZ7JJ2U0yLUanc0dDVxbc.5UPkRG","sessionId":"","ipAddress":"160.242.141.153","createdBy":null,"ts":null,"active":"1"},{"id":"9","firstName":"Bravia","surname":"Muzira","email":"muzira@gmail.com","phone":"+256771889211","userName":"Braviah","branchId":"6","userTypeId":"3","password":"$2y$10$m72Zz8Z.h4\/Zp6TFDhmbXeQ79kZ7JJ2U0yLUanc0dDVxbc.5UPkRG","sessionId":"TRYLds7vSBteucLM5ABcqCX8rZHYmIY6","ipAddress":"41.210.154.98","createdBy":null,"ts":null,"active":"1"}],"accounts":[{"id":"16","name":"KINSHASHA-USD Account","branchId":"5","currency_id":"2"},{"id":"20","name":"OASIS MALL-RMB Account","branchId":"6","currency_id":"1"},{"id":"21","name":"OASIS MALL-USD Account","branchId":"6","currency_id":"2"},{"id":"22","name":"OASIS MALL-DIRHAM Account","branchId":"6","currency_id":"3"},{"id":"23","name":"OASIS MALL-UGX Account","branchId":"6","currency_id":"4"},{"id":"24","name":"OASIS MALL-KSH Account","branchId":"6","currency_id":"5"},{"id":"27","name":"CHINA-RMB Account","branchId":"11","currency_id":"1"},{"id":"28","name":"CHINA-USD Account","branchId":"11","currency_id":"2"},{"id":"33","name":"NAIROBI-USD Account","branchId":"12","currency_id":"2"},{"id":"36","name":"NAIROBI-KSH Account","branchId":"12","currency_id":"5"},{"id":"37","name":"GOMA-USD ACCOUNT","branchId":"7","currency_id":"2"},{"id":"38","name":"KAMPALA ROAD -USD ACCOUNT","branchId":"13","currency_id":"2"},{"id":"39","name":"KAMPALA ROAD- UGX ACCOUNT ","branchId":"13","currency_id":"4"}],"currencies":[{"id":"1","name":"RMB","symbol":"\u00c2\u00a5","createdBy":"1","ts":"2017-06-27 22:45:12","active":"1"},{"id":"2","name":"USD","symbol":"$","createdBy":"1","ts":"2017-06-27 22:45:12","active":"1"},{"id":"3","name":"DIRHAM","symbol":"","createdBy":"1","ts":"2017-06-28 11:40:09","active":"1"},{"id":"4","name":"UGX","symbol":"\/=","createdBy":"1","ts":"2017-06-28 11:46:50","active":"1"},{"id":"5","name":"KSH","symbol":"","createdBy":"1","ts":"2017-06-28 11:46:50","active":"1"}],"superaccount":[{"id":"1","name":"RMB Account","branchId":"0","type_id":"4","currency_id":"1","balance":"0","createdBy":"1","active":"1","ts":"2017-06-27 22:45:12"}],"accountTypes":[{"id":"1","type":"Transfer","description":"","createdBy":"1","ts":"2017-06-28 14:31:12","active":"1"},{"id":"2","type":"Suspense","description":"","createdBy":"1","ts":"2017-06-28 14:31:12","active":"1"},{"id":"4","type":"Super","description":"","createdBy":"1","ts":"2017-06-28 14:31:12","active":"1"}],"userTypes":[{"id":"1","name":"E-Value Admin","level":"1","ts":"2017-06-27 22:45:12","active":"1"},{"id":"2","name":"Super User","level":"2","ts":"2017-06-27 22:45:12","active":"1"},{"id":"3","name":"Agent","level":"3","ts":"2017-06-27 22:45:12","active":"1"},{"id":"4","name":"System Admin","level":"4","ts":"2017-06-27 22:45:12","active":"1"},{"id":"5","name":"superAgent","level":"3","ts":"2017-06-27 22:45:12","active":"1"}]},"success":1}
2017-08-01 17:44:43 ---- New Request ----
2017-08-01 17:44:43 Controller : Transfers
2017-08-01 17:44:43 Method : createtransferAction
2017-08-01 17:44:43 Controller File : controllers/Transfers.class.php, Exists
2017-08-01 17:44:43 Class constructed
2017-08-01 17:44:43 Class constructed
2017-08-01 17:44:43 Transfer Creation Params ;Amount :157000\currencyid : 1
Country : 0
Charge : 0
sfname : 
ssurname : Liping
Account Number : 6013820500485835627
semail : 
sphone : 0790943036
sidtype : 0
sid : 0
rfname : 
rsurname : Jiang Liping
remail : 
rphone : 0790943036
Receiver Branch : 0
passcode : ******
password : ******
userid : 2
sessionid : McHewltIsEhHtD2gkw0nRZ5vUFPSuI5Y
Exchange Rate : 15.7
AmountAfterXchange : 10000
Charge Currency : 2017-08-01 17:44:43 SELECT SQL : SELECT * FROM settings WHERE  name = 'SuspenseAccount'  
2017-08-01 17:44:43 SELECT SQL : SELECT * FROM settings WHERE  name = 'ToChinaAccount'  
2017-08-01 17:44:43 SELECT SQL : SELECT * FROM users WHERE  id = '2'  
2017-08-01 17:44:43 INSERT SQL : INSERT INTO transfers  (ts,userIdSource,amount,currency,destinationCountryId,toBranch,senderFname,senderSurname,senderEmail,senderPhone,senderIdType,senderId,receiverFname,receiverSurname,receiverEmail,receiverPhone,receiverAccountNumber,fromBranch,passcode,status,sourceIpAddress)  VALUES(NOW(),'2','157000','1','0','0','','Liping','','0790943036','0','0','','Jiang Liping','','0790943036','6013820500485835627','12','$2y$10$OMEJ5Z14FPxk5tr.iHQpUOWwpTc56B14hXKKRShOJ/nFCS9UQR.Vy','Pending','105.231.196.253')
2017-08-01 17:44:43 SELECT SQL : SELECT id,transferRef FROM transfers WHERE  id = '8'  
2017-08-01 17:44:43 INSERT SQL : INSERT INTO audit_trails  (ts,userId,tableName,recordId,field,oldValue,newValue)  VALUES(NOW(),'2','transfers','8','transferRef','','0120028')
2017-08-01 17:44:43 audit_trails Insert ID : 8
2017-08-01 17:44:43 UPDATE SQL : UPDATE transfers SET transferRef = '0120028' WHERE  id = '8' 
2017-08-01 17:44:43 SELECT SQL : SELECT id FROM accounts WHERE  branchId = '12' AND currency_id = '5'  
2017-08-01 17:44:43 INSERT SQL : INSERT INTO account_transfers  (ts,amountAfterXchange,amountB4Xchange,currencyB4Xchange,currencyAfterXchange,exchangeRate,type,amount,charge,fromId,toId,transferRef,userId)  VALUES(NOW(),'10000','157000','5','1','15.7','transfer','157000','0','26','36','0120028','2')
2017-08-01 17:44:43 Balance Update Params :
Branch Id : 12
Account ID : 36
Amount : 157000
2017-08-01 17:44:43 SELECT SQL : SELECT * FROM balances WHERE  branchId = '12' AND accountId = '36'  
2017-08-01 17:44:43 SELECT SQL : SELECT * FROM balances WHERE  branchId = '12' AND accountId = '36' AND date = '2017-08-01'  
2017-08-01 17:44:43 UPDATE SQL : UPDATE balances SET closingBalance = '167312' WHERE  branchId = '12' AND accountId = '36' AND date = '2017-08-01' 
2017-08-01 17:44:43 Balance Update Status 2:1
 2017-08-01 17:44:43 Balance Update Params :
Branch Id : 0
Account ID : 26
Amount : -157000
2017-08-01 17:44:43 SELECT SQL : SELECT * FROM balances WHERE  branchId = '0' AND accountId = '26'  
2017-08-01 17:44:43 SELECT SQL : SELECT * FROM balances WHERE  branchId = '0' AND accountId = '26' AND date = '2017-08-01'  
2017-08-01 17:44:43 UPDATE SQL : UPDATE balances SET closingBalance = '-5054155' WHERE  branchId = '0' AND accountId = '26' AND date = '2017-08-01' 
2017-08-01 17:44:43 Balance Update Status 2:1
 2017-08-01 17:44:43 SELECT SQL : SELECT id FROM accounts WHERE  branchId = '12' AND currency_id = ''  
2017-08-01 17:44:43 Balance Update Params :
Branch Id : 12
Account ID : 0
Amount : 0
2017-08-01 17:44:43 SELECT SQL : SELECT * FROM balances WHERE  branchId = '12' AND accountId = '0'  
2017-08-01 17:44:43 SELECT SQL : SELECT * FROM transfers WHERE  fromBranch = '12'  OR toBranch = '12'  OR destinationCountryId = '0'  
2017-08-01 17:44:43 Response : {"success":1,"data":"0120028"}
2017-08-01 17:44:59 ---- New Request ----
2017-08-01 17:44:59 Controller : Users
2017-08-01 17:44:59 Method : logoutAction
2017-08-01 17:44:59 Controller File : controllers/Users.class.php, Exists
2017-08-01 17:44:59 Class constructed
2017-08-01 17:44:59 Logout Params ;Session ID :McHewltIsEhHtD2gkw0nRZ5vUFPSuI5Y\User ID : 2
2017-08-01 17:44:59 UPDATE SQL : UPDATE users SET sessionId = '',ipAddress = '105.231.196.253' WHERE  id = '2' 
2017-08-01 17:44:59 Response : {"success":1}
2017-08-01 17:45:11 ---- New Request ----
2017-08-01 17:45:11 Controller : Users
2017-08-01 17:45:11 Method : loginAction
2017-08-01 17:45:11 Controller File : controllers/Users.class.php, Exists
2017-08-01 17:45:11 Class constructed
2017-08-01 17:45:11 Login Params ;Username :dorah
Password : ******
2017-08-01 17:45:11 SELECT SQL : SELECT id,firstName,surname,userName,userTypeId,sessionId,password,active,branchId FROM users WHERE  userName = 'dorah'  
2017-08-01 17:45:11 SELECT SQL : SELECT name FROM branches WHERE  id = '12'  
2017-08-01 17:45:11 UPDATE SQL : UPDATE users SET sessionId = 'kbTMDA0YSTc8HwpuOcO8nm7i4JhYudMl',ipAddress = '105.231.196.253' WHERE  id = '2' 
2017-08-01 17:45:11 Response : {"success":1,"data":{"id":"2","firstName":"Nansubuga","surname":"Dorothy","userName":"dorah","userTypeId":"3","sessionId":"kbTMDA0YSTc8HwpuOcO8nm7i4JhYudMl","branchId":"12","branchName":"NAIROBI"}}
2017-08-01 17:45:13 ---- New Request ----
2017-08-01 17:45:13 Controller : Users
2017-08-01 17:45:13 Method : formsdetailsAction
2017-08-01 17:45:13 Controller File : controllers/Users.class.php, Exists
2017-08-01 17:45:13 Class constructed
2017-08-01 17:45:13 Details Params :
SessionID :kbTMDA0YSTc8HwpuOcO8nm7i4JhYudMl
User ID : 2
2017-08-01 17:45:13 SELECT SQL : SELECT * FROM branches WHERE  active = '1'  
2017-08-01 17:45:13 SELECT SQL : SELECT * FROM countries WHERE  active = '1'  
2017-08-01 17:45:13 SELECT SQL : SELECT * FROM identification WHERE  active = '1'  
2017-08-01 17:45:13 SELECT SQL : SELECT * FROM users WHERE  active = '1'  
2017-08-01 17:45:13 SELECT SQL : SELECT id,name,branchId,currency_id FROM accounts WHERE  active = '1' AND type_id = '1'  
2017-08-01 17:45:13 Balance Update Params :
Branch Id : 5
Account ID : 16
Amount : 0
2017-08-01 17:45:13 SELECT SQL : SELECT * FROM balances WHERE  branchId = '5' AND accountId = '16'  
2017-08-01 17:45:13 SELECT SQL : SELECT * FROM balances WHERE  branchId = '5' AND accountId = '16' AND date = '2017-08-01'  
2017-08-01 17:45:13 UPDATE SQL : UPDATE balances SET closingBalance = '120739' WHERE  branchId = '5' AND accountId = '16' AND date = '2017-08-01' 
2017-08-01 17:45:13 Balance Update Status 2:1
 2017-08-01 17:45:13 Balance Update Params :
Branch Id : 6
Account ID : 20
Amount : 0
2017-08-01 17:45:13 SELECT SQL : SELECT * FROM balances WHERE  branchId = '6' AND accountId = '20'  
2017-08-01 17:45:13 Balance Update Params :
Branch Id : 6
Account ID : 21
Amount : 0
2017-08-01 17:45:13 SELECT SQL : SELECT * FROM balances WHERE  branchId = '6' AND accountId = '21'  
2017-08-01 17:45:13 SELECT SQL : SELECT * FROM balances WHERE  branchId = '6' AND accountId = '21' AND date = '2017-08-01'  
2017-08-01 17:45:13 UPDATE SQL : UPDATE balances SET closingBalance = '190247' WHERE  branchId = '6' AND accountId = '21' AND date = '2017-08-01' 
2017-08-01 17:45:13 Balance Update Status 2:1
 2017-08-01 17:45:13 Balance Update Params :
Branch Id : 6
Account ID : 22
Amount : 0
2017-08-01 17:45:13 SELECT SQL : SELECT * FROM balances WHERE  branchId = '6' AND accountId = '22'  
2017-08-01 17:45:13 Balance Update Params :
Branch Id : 6
Account ID : 23
Amount : 0
2017-08-01 17:45:13 SELECT SQL : SELECT * FROM balances WHERE  branchId = '6' AND accountId = '23'  
2017-08-01 17:45:13 SELECT SQL : SELECT * FROM balances WHERE  branchId = '6' AND accountId = '23' AND date = '2017-08-01'  
2017-08-01 17:45:13 UPDATE SQL : UPDATE balances SET closingBalance = '102274518' WHERE  branchId = '6' AND accountId = '23' AND date = '2017-08-01' 
2017-08-01 17:45:13 Balance Update Status 2:1
 2017-08-01 17:45:13 Balance Update Params :
Branch Id : 6
Account ID : 24
Amount : 0
2017-08-01 17:45:13 SELECT SQL : SELECT * FROM balances WHERE  branchId = '6' AND accountId = '24'  
2017-08-01 17:45:13 Balance Update Params :
Branch Id : 11
Account ID : 27
Amount : 0
2017-08-01 17:45:13 SELECT SQL : SELECT * FROM balances WHERE  branchId = '11' AND accountId = '27'  
2017-08-01 17:45:13 Balance Update Params :
Branch Id : 11
Account ID : 28
Amount : 0
2017-08-01 17:45:13 SELECT SQL : SELECT * FROM balances WHERE  branchId = '11' AND accountId = '28'  
2017-08-01 17:45:13 Balance Update Params :
Branch Id : 12
Account ID : 33
Amount : 0
2017-08-01 17:45:13 SELECT SQL : SELECT * FROM balances WHERE  branchId = '12' AND accountId = '33'  
2017-08-01 17:45:13 SELECT SQL : SELECT * FROM balances WHERE  branchId = '12' AND accountId = '33' AND date = '2017-08-01'  
2017-08-01 17:45:13 UPDATE SQL : UPDATE balances SET closingBalance = '100000' WHERE  branchId = '12' AND accountId = '33' AND date = '2017-08-01' 
2017-08-01 17:45:13 Balance Update Status 2:1
 2017-08-01 17:45:13 Balance Update Params :
Branch Id : 12
Account ID : 36
Amount : 0
2017-08-01 17:45:13 SELECT SQL : SELECT * FROM balances WHERE  branchId = '12' AND accountId = '36'  
2017-08-01 17:45:13 SELECT SQL : SELECT * FROM balances WHERE  branchId = '12' AND accountId = '36' AND date = '2017-08-01'  
2017-08-01 17:45:13 UPDATE SQL : UPDATE balances SET closingBalance = '167312' WHERE  branchId = '12' AND accountId = '36' AND date = '2017-08-01' 
2017-08-01 17:45:13 Balance Update Status 2:1
 2017-08-01 17:45:13 Balance Update Params :
Branch Id : 7
Account ID : 37
Amount : 0
2017-08-01 17:45:13 SELECT SQL : SELECT * FROM balances WHERE  branchId = '7' AND accountId = '37'  
2017-08-01 17:45:13 SELECT SQL : SELECT * FROM balances WHERE  branchId = '7' AND accountId = '37' AND date = '2017-08-01'  
2017-08-01 17:45:13 UPDATE SQL : UPDATE balances SET closingBalance = '96158' WHERE  branchId = '7' AND accountId = '37' AND date = '2017-08-01' 
2017-08-01 17:45:13 Balance Update Status 2:1
 2017-08-01 17:45:13 Balance Update Params :
Branch Id : 13
Account ID : 38
Amount : 0
2017-08-01 17:45:13 SELECT SQL : SELECT * FROM balances WHERE  branchId = '13' AND accountId = '38'  
2017-08-01 17:45:13 Balance Update Params :
Branch Id : 13
Account ID : 39
Amount : 0
2017-08-01 17:45:13 SELECT SQL : SELECT * FROM balances WHERE  branchId = '13' AND accountId = '39'  
2017-08-01 17:45:13 SELECT SQL : SELECT * FROM currencies WHERE  active = '1'  
2017-08-01 17:45:13 SELECT SQL : SELECT * FROM accounts WHERE  active = '1' AND type_id = '4'  
2017-08-01 17:45:13 SELECT SQL : SELECT * FROM account_types WHERE  active = '1'  
2017-08-01 17:45:13 SELECT SQL : SELECT * FROM user_types WHERE  active = '1'  
2017-08-01 17:45:13 Response : {"data":{"branches":[{"id":"5","name":"KINSHASHA","countryId":"4","location":"Patrice Avenue","supervisorId":"3","createdBy":"4","ts":"2017-06-30 00:06:55","active":"1"},{"id":"6","name":"OASIS MALL","countryId":"1","location":"Yusufu Lule Rd","supervisorId":"3","createdBy":"2","ts":"2017-06-30 00:12:08","active":"1"},{"id":"7","name":"GOMA","countryId":"4","location":"Goma","supervisorId":"3","createdBy":"1","ts":"2017-07-05 00:00:00","active":"1"},{"id":"9","name":"MOMBASA","countryId":"2","location":"Mombasa","supervisorId":"3","createdBy":"1","ts":"2017-07-05 00:00:00","active":"1"},{"id":"10","name":"DUBAI","countryId":"6","location":"Dubai","supervisorId":"3","createdBy":"1","ts":"2017-07-05 00:00:00","active":"1"},{"id":"11","name":"CHINA","countryId":"5","location":"China","supervisorId":"3","createdBy":"3","ts":"2017-07-05 13:23:17","active":"1"},{"id":"12","name":"NAIROBI","countryId":"2","location":"Nairobi","supervisorId":"3","createdBy":"3","ts":"2017-07-06 14:12:35","active":"1"},{"id":"13","name":"KAMPALA ROAD","countryId":"1","location":"kampala road","supervisorId":"3","createdBy":"3","ts":"2017-07-06 14:12:35","active":"1"}],"countries":[{"id":"1","name":"UGANDA","createdBy":"1","ts":"2017-06-25 23:13:31","active":"1"},{"id":"2","name":"KENYA","createdBy":"1","ts":"2017-06-26 09:02:45","active":"1"},{"id":"3","name":"TZ","createdBy":"1","ts":"2017-06-28 11:11:53","active":"1"},{"id":"4","name":"CONGO","createdBy":"1","ts":"2017-06-28 11:26:11","active":"1"},{"id":"5","name":"CHINA","createdBy":"1","ts":"2017-06-28 11:30:01","active":"1"},{"id":"6","name":"UAE","createdBy":"1","ts":"2017-07-05 00:00:00","active":"1"}],"ids":[[{"id":"1","name":"Passport","createdBy":"1","ts":"2017-06-28 14:00:01","active":"1"},{"id":"2","name":"National ID","createdBy":"1","ts":"2017-06-28 14:00:01","active":"1"},{"id":"3","name":"STUDENTS ID","createdBy":"1","ts":"2017-06-28 16:21:46","active":"1"}]],"users":[{"id":"1","firstName":"You","surname":"Jinshu","email":"hudsonbogere@swipeit.co.ug","phone":"256783131266","userName":"you","branchId":"0","userTypeId":"1","password":"$2y$10$pPGbhJ1RXx\/ug.ED3LnsQuKHJTqwYsa\/iF0OqGOgsjflkHKIDTLVq","sessionId":"","ipAddress":"41.75.173.102","createdBy":null,"ts":"2017-06-23 15:08:12","active":"1"},{"id":"2","firstName":"Nansubuga","surname":"Dorothy","email":"henry@gmail.com","phone":"256752284441","userName":"dorah","branchId":"12","userTypeId":"3","password":"$2y$10$F9t92sYKf2rDJ.JzCmrrT.Jt1Ix37Fuo.uZKpXPn69dgDUTZ8xLXi","sessionId":"kbTMDA0YSTc8HwpuOcO8nm7i4JhYudMl","ipAddress":"105.231.196.253","createdBy":"1","ts":"2017-06-26 19:11:07","active":"1"},{"id":"3","firstName":"Lydia","surname":"Amoi","email":"islam@gmail.com","phone":"256777608310","userName":"lydia","branchId":"6","userTypeId":"2","password":"$2y$10$m72Zz8Z.h4\/Zp6TFDhmbXeQ79kZ7JJ2U0yLUanc0dDVxbc.5UPkRG","sessionId":"IYuFkvTHh5RbN5NYMDtmU0jca6HNa1W5","ipAddress":"41.75.173.62","createdBy":"1","ts":"2017-06-26 19:41:01","active":"1"},{"id":"4","firstName":"Nabukera","surname":"Maria","email":"banerd@tfb.com","phone":"256774457813","userName":"maria","branchId":"5","userTypeId":"5","password":"$2y$10$wTpUE\/WJFMfQaBglrQocTO9ndV6dbxL2vzFDEJZ1hpVVp4binpXGO","sessionId":"X1jcW1FRNaTIW0WCFDn8jWegighrxLJn","ipAddress":"41.243.11.229","createdBy":"1","ts":"2017-06-26 23:04:07","active":"1"},{"id":"5","firstName":"Henry","surname":"Bbosa","email":null,"phone":null,"userName":"Henry","branchId":"11","userTypeId":"3","password":"$2y$10$m72Zz8Z.h4\/Zp6TFDhmbXeQ79kZ7JJ2U0yLUanc0dDVxbc.5UPkRG","sessionId":"AkjEl2mQ2ff3mYds70qVEh1wGCOWmrsn","ipAddress":"160.242.137.6","createdBy":"1","ts":"2017-07-05 00:00:00","active":"1"},{"id":"6","firstName":"Edwin","surname":"Kakeeto","email":"edwin@edwin.com","phone":"0777777557","userName":"edwin","branchId":"7","userTypeId":"3","password":"$2y$10$wTpUE\/WJFMfQaBglrQocTO9ndV6dbxL2vzFDEJZ1hpVVp4binpXGO","sessionId":"KRX8Yh2iqId0EWTdOh43HSfBIE4fr5lp","ipAddress":"41.243.17.77","createdBy":"3","ts":"2017-07-10 07:37:50","active":"1"},{"id":"7","firstName":"Trish","surname":"Baby","email":"patricia@gmail.com","phone":"0777777557","userName":"trish","branchId":"13","userTypeId":"3","password":"$2y$10$m72Zz8Z.h4\/Zp6TFDhmbXeQ79kZ7JJ2U0yLUanc0dDVxbc.5UPkRG","sessionId":"k10XSropsYs2ikmovFMksbhRyqwut0dT","ipAddress":"160.242.137.6","createdBy":null,"ts":null,"active":"1"},{"id":"8","firstName":"cedric","surname":"cedric","email":"cedric@gmail.com","phone":"+256754813912","userName":"cedric","branchId":"7","userTypeId":"3","password":"$2y$10$m72Zz8Z.h4\/Zp6TFDhmbXeQ79kZ7JJ2U0yLUanc0dDVxbc.5UPkRG","sessionId":"","ipAddress":"160.242.141.153","createdBy":null,"ts":null,"active":"1"},{"id":"9","firstName":"Bravia","surname":"Muzira","email":"muzira@gmail.com","phone":"+256771889211","userName":"Braviah","branchId":"6","userTypeId":"3","password":"$2y$10$m72Zz8Z.h4\/Zp6TFDhmbXeQ79kZ7JJ2U0yLUanc0dDVxbc.5UPkRG","sessionId":"TRYLds7vSBteucLM5ABcqCX8rZHYmIY6","ipAddress":"41.210.154.98","createdBy":null,"ts":null,"active":"1"}],"accounts":[{"id":"16","name":"KINSHASHA-USD Account","branchId":"5","currency_id":"2"},{"id":"20","name":"OASIS MALL-RMB Account","branchId":"6","currency_id":"1"},{"id":"21","name":"OASIS MALL-USD Account","branchId":"6","currency_id":"2"},{"id":"22","name":"OASIS MALL-DIRHAM Account","branchId":"6","currency_id":"3"},{"id":"23","name":"OASIS MALL-UGX Account","branchId":"6","currency_id":"4"},{"id":"24","name":"OASIS MALL-KSH Account","branchId":"6","currency_id":"5"},{"id":"27","name":"CHINA-RMB Account","branchId":"11","currency_id":"1"},{"id":"28","name":"CHINA-USD Account","branchId":"11","currency_id":"2"},{"id":"33","name":"NAIROBI-USD Account","branchId":"12","currency_id":"2"},{"id":"36","name":"NAIROBI-KSH Account","branchId":"12","currency_id":"5"},{"id":"37","name":"GOMA-USD ACCOUNT","branchId":"7","currency_id":"2"},{"id":"38","name":"KAMPALA ROAD -USD ACCOUNT","branchId":"13","currency_id":"2"},{"id":"39","name":"KAMPALA ROAD- UGX ACCOUNT ","branchId":"13","currency_id":"4"}],"currencies":[{"id":"1","name":"RMB","symbol":"\u00c2\u00a5","createdBy":"1","ts":"2017-06-27 22:45:12","active":"1"},{"id":"2","name":"USD","symbol":"$","createdBy":"1","ts":"2017-06-27 22:45:12","active":"1"},{"id":"3","name":"DIRHAM","symbol":"","createdBy":"1","ts":"2017-06-28 11:40:09","active":"1"},{"id":"4","name":"UGX","symbol":"\/=","createdBy":"1","ts":"2017-06-28 11:46:50","active":"1"},{"id":"5","name":"KSH","symbol":"","createdBy":"1","ts":"2017-06-28 11:46:50","active":"1"}],"superaccount":[{"id":"1","name":"RMB Account","branchId":"0","type_id":"4","currency_id":"1","balance":"0","createdBy":"1","active":"1","ts":"2017-06-27 22:45:12"}],"accountTypes":[{"id":"1","type":"Transfer","description":"","createdBy":"1","ts":"2017-06-28 14:31:12","active":"1"},{"id":"2","type":"Suspense","description":"","createdBy":"1","ts":"2017-06-28 14:31:12","active":"1"},{"id":"4","type":"Super","description":"","createdBy":"1","ts":"2017-06-28 14:31:12","active":"1"}],"userTypes":[{"id":"1","name":"E-Value Admin","level":"1","ts":"2017-06-27 22:45:12","active":"1"},{"id":"2","name":"Super User","level":"2","ts":"2017-06-27 22:45:12","active":"1"},{"id":"3","name":"Agent","level":"3","ts":"2017-06-27 22:45:12","active":"1"},{"id":"4","name":"System Admin","level":"4","ts":"2017-06-27 22:45:12","active":"1"},{"id":"5","name":"superAgent","level":"3","ts":"2017-06-27 22:45:12","active":"1"}]},"success":1}
2017-08-01 17:48:19 ---- New Request ----
2017-08-01 17:48:19 Controller : Transfers
2017-08-01 17:48:19 Method : createtransferAction
2017-08-01 17:48:19 Controller File : controllers/Transfers.class.php, Exists
2017-08-01 17:48:19 Class constructed
2017-08-01 17:48:19 Class constructed
2017-08-01 17:48:19 Transfer Creation Params ;Amount :20734\currencyid : 1
Country : 0
Charge : 0
sfname : 
ssurname : Abdul
Account Number : 6228480086791851875
semail : 
sphone : 0722846889
sidtype : 0
sid : 0
rfname : 
rsurname : MohamedMohamed Hassan
remail : 
rphone : 0722846889
Receiver Branch : 0
passcode : ******
password : ******
userid : 2
sessionid : kbTMDA0YSTc8HwpuOcO8nm7i4JhYudMl
Exchange Rate : 6.67
AmountAfterXchange : 138295.78
Charge Currency : 2017-08-01 17:48:19 SELECT SQL : SELECT * FROM settings WHERE  name = 'SuspenseAccount'  
2017-08-01 17:48:19 SELECT SQL : SELECT * FROM settings WHERE  name = 'ToChinaAccount'  
2017-08-01 17:48:19 SELECT SQL : SELECT * FROM users WHERE  id = '2'  
2017-08-01 17:48:20 INSERT SQL : INSERT INTO transfers  (ts,userIdSource,amount,currency,destinationCountryId,toBranch,senderFname,senderSurname,senderEmail,senderPhone,senderIdType,senderId,receiverFname,receiverSurname,receiverEmail,receiverPhone,receiverAccountNumber,fromBranch,passcode,status,sourceIpAddress)  VALUES(NOW(),'2','20734','1','0','0','','Abdul','','0722846889','0','0','','MohamedMohamed Hassan','','0722846889','6228480086791851875','12','$2y$10$V5HzohTTV1CivhG0681PmOlBc7Sv2Iwn1zoir7jluzO8pt88IoPHm','Pending','105.231.196.253')
2017-08-01 17:48:20 SELECT SQL : SELECT id,transferRef FROM transfers WHERE  id = '9'  
2017-08-01 17:48:20 INSERT SQL : INSERT INTO audit_trails  (ts,userId,tableName,recordId,field,oldValue,newValue)  VALUES(NOW(),'2','transfers','9','transferRef','','0120029')
2017-08-01 17:48:20 audit_trails Insert ID : 9
2017-08-01 17:48:20 UPDATE SQL : UPDATE transfers SET transferRef = '0120029' WHERE  id = '9' 
2017-08-01 17:48:20 SELECT SQL : SELECT id FROM accounts WHERE  branchId = '12' AND currency_id = '2'  
2017-08-01 17:48:20 INSERT SQL : INSERT INTO account_transfers  (ts,amountAfterXchange,amountB4Xchange,currencyB4Xchange,currencyAfterXchange,exchangeRate,type,amount,charge,fromId,toId,transferRef,userId)  VALUES(NOW(),'138295.78','20734','2','1','6.67','transfer','20734','0','26','33','0120029','2')
2017-08-01 17:48:20 Balance Update Params :
Branch Id : 12
Account ID : 33
Amount : 20734
2017-08-01 17:48:20 SELECT SQL : SELECT * FROM balances WHERE  branchId = '12' AND accountId = '33'  
2017-08-01 17:48:20 SELECT SQL : SELECT * FROM balances WHERE  branchId = '12' AND accountId = '33' AND date = '2017-08-01'  
2017-08-01 17:48:20 UPDATE SQL : UPDATE balances SET closingBalance = '120734' WHERE  branchId = '12' AND accountId = '33' AND date = '2017-08-01' 
2017-08-01 17:48:20 Balance Update Status 2:1
 2017-08-01 17:48:20 Balance Update Params :
Branch Id : 0
Account ID : 26
Amount : -20734
2017-08-01 17:48:20 SELECT SQL : SELECT * FROM balances WHERE  branchId = '0' AND accountId = '26'  
2017-08-01 17:48:20 SELECT SQL : SELECT * FROM balances WHERE  branchId = '0' AND accountId = '26' AND date = '2017-08-01'  
2017-08-01 17:48:20 UPDATE SQL : UPDATE balances SET closingBalance = '-5074889' WHERE  branchId = '0' AND accountId = '26' AND date = '2017-08-01' 
2017-08-01 17:48:20 Balance Update Status 2:1
 2017-08-01 17:48:20 SELECT SQL : SELECT id FROM accounts WHERE  branchId = '12' AND currency_id = ''  
2017-08-01 17:48:20 Balance Update Params :
Branch Id : 12
Account ID : 0
Amount : 0
2017-08-01 17:48:20 SELECT SQL : SELECT * FROM balances WHERE  branchId = '12' AND accountId = '0'  
2017-08-01 17:48:20 SELECT SQL : SELECT * FROM transfers WHERE  fromBranch = '12'  OR toBranch = '12'  OR destinationCountryId = '0'  
2017-08-01 17:48:20 Response : {"success":1,"data":"0120029"}
2017-08-01 17:48:35 ---- New Request ----
2017-08-01 17:48:35 Controller : Transfers
2017-08-01 17:48:35 Method : getallaccountbalancesAction
2017-08-01 17:48:35 Controller File : controllers/Transfers.class.php, Exists
2017-08-01 17:48:35 Class constructed
2017-08-01 17:48:35 Class constructed
2017-08-01 17:48:35 UserID : 2
SessionId : kbTMDA0YSTc8HwpuOcO8nm7i4JhYudMl
Branch ID : 12
2017-08-01 17:48:35 SELECT SQL : SELECT sessionId FROM users WHERE  id = '2'  
2017-08-01 17:48:35 SELECT SQL : SELECT name,id FROM accounts WHERE  active = '1' AND branchId = '12'  
2017-08-01 17:48:35 SELECT SQL : SELECT name FROM branches WHERE  id = '12'  
2017-08-01 17:48:35 Response : {"success":1,"data":[{"name":"NAIROBI-USD Account","id":"33","balance":119852},{"name":"NAIROBI-KSH Account","id":"36","balance":165445}],"branchName":"NAIROBI"}
2017-08-01 17:48:50 ---- New Request ----
2017-08-01 17:48:50 Controller : Transfers
2017-08-01 17:48:50 Method : getbalancesAction
2017-08-01 17:48:50 Controller File : controllers/Transfers.class.php, Exists
2017-08-01 17:48:50 Class constructed
2017-08-01 17:48:50 Class constructed
2017-08-01 17:48:50 UserID : 2
SessionId : kbTMDA0YSTc8HwpuOcO8nm7i4JhYudMl
Branch ID : 
Date : 
2017-08-01 17:48:50 SELECT SQL : SELECT sessionId,branchId,userTypeId FROM users WHERE  id = '2'  
2017-08-01 17:48:50 SELECT SQL : SELECT closingBalance,openingBalance,accountId,branchId,date FROM balances WHERE  date = '2017-08-01' AND branchId = '12'  
2017-08-01 17:48:50 SELECT SQL : SELECT name FROM accounts WHERE  id = '33'  
2017-08-01 17:48:50 SELECT SQL : SELECT name FROM branches WHERE  id = '12'  
2017-08-01 17:48:50 SELECT SQL : SELECT name FROM accounts WHERE  id = '36'  
2017-08-01 17:48:50 SELECT SQL : SELECT name FROM branches WHERE  id = '12'  
2017-08-01 17:48:50 Response : {"success":1,"data":[{"closingBalance":"120734","openingBalance":"0","accountId":"33","branchId":"12","date":"2017-08-01","accountName":"NAIROBI-USD Account","branchName":"NAIROBI"},{"closingBalance":"167312","openingBalance":"10312","accountId":"36","branchId":"12","date":"2017-08-01","accountName":"NAIROBI-KSH Account","branchName":"NAIROBI"}]}
2017-08-01 17:49:38 ---- New Request ----
2017-08-01 17:49:38 Controller : Exchange
2017-08-01 17:49:38 Method : createexchangeAction
2017-08-01 17:49:38 Controller File : controllers/Exchange.class.php, Exists
2017-08-01 17:49:38 Class constructed
2017-08-01 17:49:38 Class constructed
2017-08-01 17:49:38 Exchange Params:
FromCurrency : 2
ToCurrency : 5
AmountBe4 : 1250
Amount After : 129625
Exhange Rate : 103.7
UserID : 2
Session ID : kbTMDA0YSTc8HwpuOcO8nm7i4JhYudMl
2017-08-01 17:49:38 SELECT SQL : SELECT * FROM users WHERE  id = '2'  
2017-08-01 17:49:38 INSERT SQL : INSERT INTO currency_exchange  (ts,fromCurrencyId,toCurrencyId,AmountBeforeXchange,amountAfterXchange,exhangeRate,userId,branchId)  VALUES(NOW(),'2','5','1250','129625','103.7','2','12')
2017-08-01 17:49:38 SELECT SQL : SELECT id FROM accounts WHERE  branchId = '12' AND currency_id = '2'  
2017-08-01 17:49:38 SELECT SQL : SELECT * FROM settings WHERE  name = 'SuspenseAccount'  
2017-08-01 17:49:38 INSERT SQL : INSERT INTO account_transfers  (ts,type,amount,amountB4Xchange,amountAfterXchange,fromId,toId,userId,createdBy,transferRef)  VALUES(NOW(),'transfer','1250','1250','1250','33','25','2','2','ex2')
2017-08-01 17:49:38 Balance Update Params :
Branch Id : 12
Account ID : 33
Amount : -1250
2017-08-01 17:49:38 SELECT SQL : SELECT * FROM balances WHERE  branchId = '12' AND accountId = '33'  
2017-08-01 17:49:38 SELECT SQL : SELECT * FROM balances WHERE  branchId = '12' AND accountId = '33' AND date = '2017-08-01'  
2017-08-01 17:49:38 UPDATE SQL : UPDATE balances SET closingBalance = '119484' WHERE  branchId = '12' AND accountId = '33' AND date = '2017-08-01' 
2017-08-01 17:49:38 Balance Update Status 2:1
 2017-08-01 17:49:38 Balance Update Params :
Branch Id : 0
Account ID : 25
Amount : 1250
2017-08-01 17:49:38 SELECT SQL : SELECT * FROM balances WHERE  branchId = '0' AND accountId = '25'  
2017-08-01 17:49:38 SELECT SQL : SELECT * FROM balances WHERE  branchId = '0' AND accountId = '25' AND date = '2017-08-01'  
2017-08-01 17:49:38 SELECT SQL : SELECT closingBalance FROM balances WHERE  branchId = '0' AND accountId = '25'  ORDER BY date DESC LIMIT 1
2017-08-01 17:49:38 INSERT SQL : INSERT INTO balances  (ts,branchId,accountId,openingBalance,closingBalance,date)  VALUES(NOW(),'0','25','4683005','4683005','2017-08-01')
2017-08-01 17:49:38 Balance Create Insert ID Today 2:22
 2017-08-01 17:49:38 SELECT SQL : SELECT id FROM accounts WHERE  branchId = '12' AND currency_id = '5'  
2017-08-01 17:49:38 INSERT SQL : INSERT INTO account_transfers  (ts,type,amount,amountB4Xchange,amountAfterXchange,fromId,toId,userId,createdBy,transferRef)  VALUES(NOW(),'transfer','129625','129625','129625','25','36','2','2','ex2')
2017-08-01 17:49:38 Balance Update Params :
Branch Id : 12
Account ID : 36
Amount : 129625
2017-08-01 17:49:38 SELECT SQL : SELECT * FROM balances WHERE  branchId = '12' AND accountId = '36'  
2017-08-01 17:49:38 SELECT SQL : SELECT * FROM balances WHERE  branchId = '12' AND accountId = '36' AND date = '2017-08-01'  
2017-08-01 17:49:38 UPDATE SQL : UPDATE balances SET closingBalance = '296937' WHERE  branchId = '12' AND accountId = '36' AND date = '2017-08-01' 
2017-08-01 17:49:38 Balance Update Status 2:1
 2017-08-01 17:49:38 Balance Update Params :
Branch Id : 0
Account ID : 25
Amount : -129625
2017-08-01 17:49:38 SELECT SQL : SELECT * FROM balances WHERE  branchId = '0' AND accountId = '25'  
2017-08-01 17:49:38 SELECT SQL : SELECT * FROM balances WHERE  branchId = '0' AND accountId = '25' AND date = '2017-08-01'  
2017-08-01 17:49:38 UPDATE SQL : UPDATE balances SET closingBalance = '4553380' WHERE  branchId = '0' AND accountId = '25' AND date = '2017-08-01' 
2017-08-01 17:49:38 Balance Update Status 2:1
 2017-08-01 17:49:38 Response : {"success":1,"data":"Your request was successfully processed."}
2017-08-01 17:49:57 ---- New Request ----
2017-08-01 17:49:57 Controller : Transfers
2017-08-01 17:49:57 Method : getallaccountbalancesAction
2017-08-01 17:49:57 Controller File : controllers/Transfers.class.php, Exists
2017-08-01 17:49:57 Class constructed
2017-08-01 17:49:57 Class constructed
2017-08-01 17:49:57 UserID : 2
SessionId : kbTMDA0YSTc8HwpuOcO8nm7i4JhYudMl
Branch ID : 12
2017-08-01 17:49:57 SELECT SQL : SELECT sessionId FROM users WHERE  id = '2'  
2017-08-01 17:49:57 SELECT SQL : SELECT name,id FROM accounts WHERE  active = '1' AND branchId = '12'  
2017-08-01 17:49:57 SELECT SQL : SELECT name FROM branches WHERE  id = '12'  
2017-08-01 17:49:57 Response : {"success":1,"data":[{"name":"NAIROBI-USD Account","id":"33","balance":118602},{"name":"NAIROBI-KSH Account","id":"36","balance":295070}],"branchName":"NAIROBI"}
2017-08-01 17:50:12 ---- New Request ----
2017-08-01 17:50:12 Controller : Transfers
2017-08-01 17:50:12 Method : getbalancesAction
2017-08-01 17:50:12 Controller File : controllers/Transfers.class.php, Exists
2017-08-01 17:50:12 Class constructed
2017-08-01 17:50:12 Class constructed
2017-08-01 17:50:12 UserID : 2
SessionId : kbTMDA0YSTc8HwpuOcO8nm7i4JhYudMl
Branch ID : 
Date : 
2017-08-01 17:50:12 SELECT SQL : SELECT sessionId,branchId,userTypeId FROM users WHERE  id = '2'  
2017-08-01 17:50:12 SELECT SQL : SELECT closingBalance,openingBalance,accountId,branchId,date FROM balances WHERE  date = '2017-08-01' AND branchId = '12'  
2017-08-01 17:50:12 SELECT SQL : SELECT name FROM accounts WHERE  id = '33'  
2017-08-01 17:50:12 SELECT SQL : SELECT name FROM branches WHERE  id = '12'  
2017-08-01 17:50:12 SELECT SQL : SELECT name FROM accounts WHERE  id = '36'  
2017-08-01 17:50:12 SELECT SQL : SELECT name FROM branches WHERE  id = '12'  
2017-08-01 17:50:12 Response : {"success":1,"data":[{"closingBalance":"119484","openingBalance":"0","accountId":"33","branchId":"12","date":"2017-08-01","accountName":"NAIROBI-USD Account","branchName":"NAIROBI"},{"closingBalance":"296937","openingBalance":"10312","accountId":"36","branchId":"12","date":"2017-08-01","accountName":"NAIROBI-KSH Account","branchName":"NAIROBI"}]}
2017-08-01 17:51:53 ---- New Request ----
2017-08-01 17:51:53 Controller : Transfers
2017-08-01 17:51:53 Method : createexpenseAction
2017-08-01 17:51:53 Controller File : controllers/Transfers.class.php, Exists
2017-08-01 17:51:53 Class constructed
2017-08-01 17:51:53 Class constructed
2017-08-01 17:51:53 UserID : 2
SessionId : kbTMDA0YSTc8HwpuOcO8nm7i4JhYudMl
Currency ID : 2
Reason : Paid to Binh USD 14330
Amount : 14330
2017-08-01 17:51:53 SELECT SQL : SELECT sessionId,branchId FROM users WHERE  id = '2'  
2017-08-01 17:51:53 INSERT SQL : INSERT INTO expenses  (ts,amount,currencyId,description,createdBy,branchId)  VALUES(NOW(),'14330','2','Paid to Binh USD 14330','2','12')
2017-08-01 17:51:53 SELECT SQL : SELECT id FROM accounts WHERE  branchId = '12' AND currency_id = '2'  
2017-08-01 17:51:53 INSERT SQL : INSERT INTO account_transfers  (ts,type,amount,charge,fromId,toId,transferRef,userId,amountAfterXchange,amountB4Xchange)  VALUES(NOW(),'transfer','14330','0','33','0','0','2','14330','14330')
2017-08-01 17:51:53 Balance Update Params :
Branch Id : 12
Account ID : 33
Amount : -14330
2017-08-01 17:51:53 SELECT SQL : SELECT * FROM balances WHERE  branchId = '12' AND accountId = '33'  
2017-08-01 17:51:53 SELECT SQL : SELECT * FROM balances WHERE  branchId = '12' AND accountId = '33' AND date = '2017-08-01'  
2017-08-01 17:51:53 UPDATE SQL : UPDATE balances SET closingBalance = '105154' WHERE  branchId = '12' AND accountId = '33' AND date = '2017-08-01' 
2017-08-01 17:51:53 Balance Update Status 2:1
 2017-08-01 17:51:53 Response : {"success":1,"data":"Your request was processed successfuly"}
2017-08-01 17:52:01 ---- New Request ----
2017-08-01 17:52:01 Controller : Transfers
2017-08-01 17:52:01 Method : getallaccountbalancesAction
2017-08-01 17:52:01 Controller File : controllers/Transfers.class.php, Exists
2017-08-01 17:52:01 Class constructed
2017-08-01 17:52:01 Class constructed
2017-08-01 17:52:01 UserID : 2
SessionId : kbTMDA0YSTc8HwpuOcO8nm7i4JhYudMl
Branch ID : 12
2017-08-01 17:52:01 SELECT SQL : SELECT sessionId FROM users WHERE  id = '2'  
2017-08-01 17:52:01 SELECT SQL : SELECT name,id FROM accounts WHERE  active = '1' AND branchId = '12'  
2017-08-01 17:52:01 SELECT SQL : SELECT name FROM branches WHERE  id = '12'  
2017-08-01 17:52:01 Response : {"success":1,"data":[{"name":"NAIROBI-USD Account","id":"33","balance":104272},{"name":"NAIROBI-KSH Account","id":"36","balance":295070}],"branchName":"NAIROBI"}
2017-08-01 17:52:46 ---- New Request ----
2017-08-01 17:52:46 Controller : Transfers
2017-08-01 17:52:46 Method : createexpenseAction
2017-08-01 17:52:46 Controller File : controllers/Transfers.class.php, Exists
2017-08-01 17:52:46 Class constructed
2017-08-01 17:52:46 Class constructed
2017-08-01 17:52:46 UserID : 2
SessionId : kbTMDA0YSTc8HwpuOcO8nm7i4JhYudMl
Currency ID : 2
Reason : Paid to Gan wei  USD 80,000
Amount : 80000
2017-08-01 17:52:46 SELECT SQL : SELECT sessionId,branchId FROM users WHERE  id = '2'  
2017-08-01 17:52:46 INSERT SQL : INSERT INTO expenses  (ts,amount,currencyId,description,createdBy,branchId)  VALUES(NOW(),'80000','2','Paid to Gan wei  USD 80,000','2','12')
2017-08-01 17:52:46 SELECT SQL : SELECT id FROM accounts WHERE  branchId = '12' AND currency_id = '2'  
2017-08-01 17:52:46 INSERT SQL : INSERT INTO account_transfers  (ts,type,amount,charge,fromId,toId,transferRef,userId,amountAfterXchange,amountB4Xchange)  VALUES(NOW(),'transfer','80000','0','33','0','0','2','80000','80000')
2017-08-01 17:52:46 Balance Update Params :
Branch Id : 12
Account ID : 33
Amount : -80000
2017-08-01 17:52:46 SELECT SQL : SELECT * FROM balances WHERE  branchId = '12' AND accountId = '33'  
2017-08-01 17:52:46 SELECT SQL : SELECT * FROM balances WHERE  branchId = '12' AND accountId = '33' AND date = '2017-08-01'  
2017-08-01 17:52:46 UPDATE SQL : UPDATE balances SET closingBalance = '25154' WHERE  branchId = '12' AND accountId = '33' AND date = '2017-08-01' 
2017-08-01 17:52:46 Balance Update Status 2:1
 2017-08-01 17:52:46 Response : {"success":1,"data":"Your request was processed successfuly"}
2017-08-01 17:54:11 ---- New Request ----
2017-08-01 17:54:11 Controller : Transfers
2017-08-01 17:54:11 Method : createexpenseAction
2017-08-01 17:54:11 Controller File : controllers/Transfers.class.php, Exists
2017-08-01 17:54:11 Class constructed
2017-08-01 17:54:11 Class constructed
2017-08-01 17:54:11 UserID : 2
SessionId : kbTMDA0YSTc8HwpuOcO8nm7i4JhYudMl
Currency ID : 5
Reason : Paid to Binh ksh 100 as one dollar\n(1*100)
Amount : 100
2017-08-01 17:54:11 SELECT SQL : SELECT sessionId,branchId FROM users WHERE  id = '2'  
2017-08-01 17:54:11 INSERT SQL : INSERT INTO expenses  (ts,amount,currencyId,description,createdBy,branchId)  VALUES(NOW(),'100','5','Paid to Binh ksh 100 as one dollar\n(1*100)','2','12')
2017-08-01 17:54:11 SELECT SQL : SELECT id FROM accounts WHERE  branchId = '12' AND currency_id = '5'  
2017-08-01 17:54:11 INSERT SQL : INSERT INTO account_transfers  (ts,type,amount,charge,fromId,toId,transferRef,userId,amountAfterXchange,amountB4Xchange)  VALUES(NOW(),'transfer','100','0','36','0','0','2','100','100')
2017-08-01 17:54:11 Balance Update Params :
Branch Id : 12
Account ID : 36
Amount : -100
2017-08-01 17:54:11 SELECT SQL : SELECT * FROM balances WHERE  branchId = '12' AND accountId = '36'  
2017-08-01 17:54:11 SELECT SQL : SELECT * FROM balances WHERE  branchId = '12' AND accountId = '36' AND date = '2017-08-01'  
2017-08-01 17:54:11 UPDATE SQL : UPDATE balances SET closingBalance = '296837' WHERE  branchId = '12' AND accountId = '36' AND date = '2017-08-01' 
2017-08-01 17:54:11 Balance Update Status 2:1
 2017-08-01 17:54:11 Response : {"success":1,"data":"Your request was processed successfuly"}
2017-08-01 17:54:27 ---- New Request ----
2017-08-01 17:54:27 Controller : Transfers
2017-08-01 17:54:27 Method : getallaccountbalancesAction
2017-08-01 17:54:27 Controller File : controllers/Transfers.class.php, Exists
2017-08-01 17:54:27 Class constructed
2017-08-01 17:54:27 Class constructed
2017-08-01 17:54:27 UserID : 2
SessionId : kbTMDA0YSTc8HwpuOcO8nm7i4JhYudMl
Branch ID : 12
2017-08-01 17:54:27 SELECT SQL : SELECT sessionId FROM users WHERE  id = '2'  
2017-08-01 17:54:27 SELECT SQL : SELECT name,id FROM accounts WHERE  active = '1' AND branchId = '12'  
2017-08-01 17:54:27 SELECT SQL : SELECT name FROM branches WHERE  id = '12'  
2017-08-01 17:54:27 Response : {"success":1,"data":[{"name":"NAIROBI-USD Account","id":"33","balance":24272},{"name":"NAIROBI-KSH Account","id":"36","balance":294970}],"branchName":"NAIROBI"}
2017-08-01 17:54:32 ---- New Request ----
2017-08-01 17:54:32 Controller : Transfers
2017-08-01 17:54:32 Method : getbalancesAction
2017-08-01 17:54:32 Controller File : controllers/Transfers.class.php, Exists
2017-08-01 17:54:32 Class constructed
2017-08-01 17:54:32 Class constructed
2017-08-01 17:54:32 UserID : 2
SessionId : kbTMDA0YSTc8HwpuOcO8nm7i4JhYudMl
Branch ID : 
Date : 
2017-08-01 17:54:32 SELECT SQL : SELECT sessionId,branchId,userTypeId FROM users WHERE  id = '2'  
2017-08-01 17:54:32 SELECT SQL : SELECT closingBalance,openingBalance,accountId,branchId,date FROM balances WHERE  date = '2017-08-01' AND branchId = '12'  
2017-08-01 17:54:32 SELECT SQL : SELECT name FROM accounts WHERE  id = '33'  
2017-08-01 17:54:32 SELECT SQL : SELECT name FROM branches WHERE  id = '12'  
2017-08-01 17:54:32 SELECT SQL : SELECT name FROM accounts WHERE  id = '36'  
2017-08-01 17:54:32 SELECT SQL : SELECT name FROM branches WHERE  id = '12'  
2017-08-01 17:54:32 Response : {"success":1,"data":[{"closingBalance":"25154","openingBalance":"0","accountId":"33","branchId":"12","date":"2017-08-01","accountName":"NAIROBI-USD Account","branchName":"NAIROBI"},{"closingBalance":"296837","openingBalance":"10312","accountId":"36","branchId":"12","date":"2017-08-01","accountName":"NAIROBI-KSH Account","branchName":"NAIROBI"}]}
2017-08-01 17:55:31 ---- New Request ----
2017-08-01 17:55:31 Controller : Transfers
2017-08-01 17:55:31 Method : createexpenseAction
2017-08-01 17:55:31 Controller File : controllers/Transfers.class.php, Exists
2017-08-01 17:55:31 Class constructed
2017-08-01 17:55:31 Class constructed
2017-08-01 17:55:31 UserID : 2
SessionId : kbTMDA0YSTc8HwpuOcO8nm7i4JhYudMl
Currency ID : 5
Reason : Transport to Town to change dollars and deposit rent fees
Amount : 1200
2017-08-01 17:55:31 SELECT SQL : SELECT sessionId,branchId FROM users WHERE  id = '2'  
2017-08-01 17:55:31 INSERT SQL : INSERT INTO expenses  (ts,amount,currencyId,description,createdBy,branchId)  VALUES(NOW(),'1200','5','Transport to Town to change dollars and deposit rent fees','2','12')
2017-08-01 17:55:31 SELECT SQL : SELECT id FROM accounts WHERE  branchId = '12' AND currency_id = '5'  
2017-08-01 17:55:31 INSERT SQL : INSERT INTO account_transfers  (ts,type,amount,charge,fromId,toId,transferRef,userId,amountAfterXchange,amountB4Xchange)  VALUES(NOW(),'transfer','1200','0','36','0','0','2','1200','1200')
2017-08-01 17:55:31 Balance Update Params :
Branch Id : 12
Account ID : 36
Amount : -1200
2017-08-01 17:55:31 SELECT SQL : SELECT * FROM balances WHERE  branchId = '12' AND accountId = '36'  
2017-08-01 17:55:31 SELECT SQL : SELECT * FROM balances WHERE  branchId = '12' AND accountId = '36' AND date = '2017-08-01'  
2017-08-01 17:55:31 UPDATE SQL : UPDATE balances SET closingBalance = '295637' WHERE  branchId = '12' AND accountId = '36' AND date = '2017-08-01' 
2017-08-01 17:55:31 Balance Update Status 2:1
 2017-08-01 17:55:31 Response : {"success":1,"data":"Your request was processed successfuly"}
2017-08-01 17:56:27 ---- New Request ----
2017-08-01 17:56:27 Controller : Transfers
2017-08-01 17:56:27 Method : createexpenseAction
2017-08-01 17:56:27 Controller File : controllers/Transfers.class.php, Exists
2017-08-01 17:56:27 Class constructed
2017-08-01 17:56:27 Class constructed
2017-08-01 17:56:27 UserID : 2
SessionId : kbTMDA0YSTc8HwpuOcO8nm7i4JhYudMl
Currency ID : 5
Reason : Rent payment for 3months @96,000
Amount : 288000
2017-08-01 17:56:27 SELECT SQL : SELECT sessionId,branchId FROM users WHERE  id = '2'  
2017-08-01 17:56:27 INSERT SQL : INSERT INTO expenses  (ts,amount,currencyId,description,createdBy,branchId)  VALUES(NOW(),'288000','5','Rent payment for 3months @96,000','2','12')
2017-08-01 17:56:27 SELECT SQL : SELECT id FROM accounts WHERE  branchId = '12' AND currency_id = '5'  
2017-08-01 17:56:27 INSERT SQL : INSERT INTO account_transfers  (ts,type,amount,charge,fromId,toId,transferRef,userId,amountAfterXchange,amountB4Xchange)  VALUES(NOW(),'transfer','288000','0','36','0','0','2','288000','288000')
2017-08-01 17:56:27 Balance Update Params :
Branch Id : 12
Account ID : 36
Amount : -288000
2017-08-01 17:56:27 SELECT SQL : SELECT * FROM balances WHERE  branchId = '12' AND accountId = '36'  
2017-08-01 17:56:27 SELECT SQL : SELECT * FROM balances WHERE  branchId = '12' AND accountId = '36' AND date = '2017-08-01'  
2017-08-01 17:56:27 UPDATE SQL : UPDATE balances SET closingBalance = '7637' WHERE  branchId = '12' AND accountId = '36' AND date = '2017-08-01' 
2017-08-01 17:56:27 Balance Update Status 2:1
 2017-08-01 17:56:27 Response : {"success":1,"data":"Your request was processed successfuly"}
2017-08-01 17:56:34 ---- New Request ----
2017-08-01 17:56:34 Controller : Transfers
2017-08-01 17:56:34 Method : getallaccountbalancesAction
2017-08-01 17:56:34 Controller File : controllers/Transfers.class.php, Exists
2017-08-01 17:56:34 Class constructed
2017-08-01 17:56:34 Class constructed
2017-08-01 17:56:34 UserID : 2
SessionId : kbTMDA0YSTc8HwpuOcO8nm7i4JhYudMl
Branch ID : 12
2017-08-01 17:56:34 SELECT SQL : SELECT sessionId FROM users WHERE  id = '2'  
2017-08-01 17:56:34 SELECT SQL : SELECT name,id FROM accounts WHERE  active = '1' AND branchId = '12'  
2017-08-01 17:56:34 SELECT SQL : SELECT name FROM branches WHERE  id = '12'  
2017-08-01 17:56:34 Response : {"success":1,"data":[{"name":"NAIROBI-USD Account","id":"33","balance":24272},{"name":"NAIROBI-KSH Account","id":"36","balance":5770}],"branchName":"NAIROBI"}
2017-08-01 17:56:39 ---- New Request ----
2017-08-01 17:56:39 Controller : Transfers
2017-08-01 17:56:39 Method : getbalancesAction
2017-08-01 17:56:39 Controller File : controllers/Transfers.class.php, Exists
2017-08-01 17:56:39 Class constructed
2017-08-01 17:56:39 Class constructed
2017-08-01 17:56:39 UserID : 2
SessionId : kbTMDA0YSTc8HwpuOcO8nm7i4JhYudMl
Branch ID : 
Date : 
2017-08-01 17:56:39 SELECT SQL : SELECT sessionId,branchId,userTypeId FROM users WHERE  id = '2'  
2017-08-01 17:56:39 SELECT SQL : SELECT closingBalance,openingBalance,accountId,branchId,date FROM balances WHERE  date = '2017-08-01' AND branchId = '12'  
2017-08-01 17:56:39 SELECT SQL : SELECT name FROM accounts WHERE  id = '33'  
2017-08-01 17:56:39 SELECT SQL : SELECT name FROM branches WHERE  id = '12'  
2017-08-01 17:56:39 SELECT SQL : SELECT name FROM accounts WHERE  id = '36'  
2017-08-01 17:56:39 SELECT SQL : SELECT name FROM branches WHERE  id = '12'  
2017-08-01 17:56:39 Response : {"success":1,"data":[{"closingBalance":"25154","openingBalance":"0","accountId":"33","branchId":"12","date":"2017-08-01","accountName":"NAIROBI-USD Account","branchName":"NAIROBI"},{"closingBalance":"7637","openingBalance":"10312","accountId":"36","branchId":"12","date":"2017-08-01","accountName":"NAIROBI-KSH Account","branchName":"NAIROBI"}]}
2017-08-01 17:57:50 ---- New Request ----
2017-08-01 17:57:50 Controller : Users
2017-08-01 17:57:50 Method : logoutAction
2017-08-01 17:57:50 Controller File : controllers/Users.class.php, Exists
2017-08-01 17:57:50 Class constructed
2017-08-01 17:57:50 Logout Params ;Session ID :kbTMDA0YSTc8HwpuOcO8nm7i4JhYudMl\User ID : 2
2017-08-01 17:57:50 UPDATE SQL : UPDATE users SET sessionId = '',ipAddress = '105.231.196.253' WHERE  id = '2' 
2017-08-01 17:57:50 Response : {"success":1}
2017-08-01 17:57:50 ---- New Request ----
2017-08-01 17:57:50 Controller : Users
2017-08-01 17:57:50 Method : logoutAction
2017-08-01 17:57:50 Controller File : controllers/Users.class.php, Exists
2017-08-01 17:57:50 Class constructed
2017-08-01 17:57:50 Logout Params ;Session ID :kbTMDA0YSTc8HwpuOcO8nm7i4JhYudMl\User ID : 2
2017-08-01 17:57:50 UPDATE SQL : UPDATE users SET sessionId = '',ipAddress = '105.231.196.253' WHERE  id = '2' 
2017-08-01 17:57:50 Response : {"success":1}
