2017-07-25 09:24:25 ---- New Request ----
2017-07-25 09:24:25 Controller : Users
2017-07-25 09:24:25 Method : loginAction
2017-07-25 09:24:25 Controller File : controllers/Users.class.php, Exists
2017-07-25 09:24:25 Class constructed
2017-07-25 09:24:25 Login Params ;Username :lydia
Password : ******
2017-07-25 09:24:25 SELECT SQL : SELECT id,firstName,surname,userName,userTypeId,sessionId,password,active,branchId FROM users WHERE  userName = 'lydia'  
2017-07-25 09:24:25 SELECT SQL : SELECT name FROM branches WHERE  id = '6'  
2017-07-25 09:24:25 UPDATE SQL : UPDATE users SET sessionId = '5inVyIoSA1kZausJGusSSUpyS3l6fMan',ipAddress = '197.157.0.49' WHERE  id = '3' 
2017-07-25 09:24:25 Response : {"success":1,"data":{"id":"3","firstName":"Lydia","surname":"Amoi","userName":"lydia","userTypeId":"2","sessionId":"5inVyIoSA1kZausJGusSSUpyS3l6fMan","branchId":"6","branchName":"OASIS MALL"}}
2017-07-25 09:24:29 ---- New Request ----
2017-07-25 09:24:29 Controller : Users
2017-07-25 09:24:29 Method : formsdetailsAction
2017-07-25 09:24:29 Controller File : controllers/Users.class.php, Exists
2017-07-25 09:24:29 Class constructed
2017-07-25 09:24:29 Details Params :
SessionID :UQuW8zJFac8OYpm1JyGmBnAXNJRuiRva
User ID : 5
2017-07-25 09:24:29 SELECT SQL : SELECT * FROM branches WHERE  active = '1'  
2017-07-25 09:24:29 SELECT SQL : SELECT * FROM countries WHERE  active = '1'  
2017-07-25 09:24:29 SELECT SQL : SELECT * FROM identification WHERE  active = '1'  
2017-07-25 09:24:29 SELECT SQL : SELECT * FROM users WHERE  active = '1'  
2017-07-25 09:24:29 SELECT SQL : SELECT id,name,branchId,currency_id FROM accounts WHERE  active = '1' AND type_id = '1'  
2017-07-25 09:24:29 Balance Update Params :
Branch Id : 5
Account ID : 16
Amount : 0
2017-07-25 09:24:29 SELECT SQL : SELECT * FROM balances WHERE  branchId = '5' AND accountId = '16'  
2017-07-25 09:24:29 SELECT SQL : SELECT * FROM balances WHERE  branchId = '5' AND accountId = '16' AND date = '2017-07-25'  
2017-07-25 09:24:29 UPDATE SQL : UPDATE balances SET closingBalance = '315496' WHERE  branchId = '5' AND accountId = '16' AND date = '2017-07-25' 
2017-07-25 09:24:29 Balance Update Status 2:1
 2017-07-25 09:24:29 Balance Update Params :
Branch Id : 6
Account ID : 20
Amount : 0
2017-07-25 09:24:29 SELECT SQL : SELECT * FROM balances WHERE  branchId = '6' AND accountId = '20'  
2017-07-25 09:24:29 Balance Update Params :
Branch Id : 6
Account ID : 21
Amount : 0
2017-07-25 09:24:29 SELECT SQL : SELECT * FROM balances WHERE  branchId = '6' AND accountId = '21'  
2017-07-25 09:24:29 SELECT SQL : SELECT * FROM balances WHERE  branchId = '6' AND accountId = '21' AND date = '2017-07-25'  
2017-07-25 09:24:29 UPDATE SQL : UPDATE balances SET closingBalance = '-90986.84511788' WHERE  branchId = '6' AND accountId = '21' AND date = '2017-07-25' 
2017-07-25 09:24:29 Balance Update Status 2:1
 2017-07-25 09:24:29 Balance Update Params :
Branch Id : 6
Account ID : 22
Amount : 0
2017-07-25 09:24:29 SELECT SQL : SELECT * FROM balances WHERE  branchId = '6' AND accountId = '22'  
2017-07-25 09:24:29 Balance Update Params :
Branch Id : 6
Account ID : 23
Amount : 0
2017-07-25 09:24:29 SELECT SQL : SELECT * FROM balances WHERE  branchId = '6' AND accountId = '23'  
2017-07-25 09:24:29 SELECT SQL : SELECT * FROM balances WHERE  branchId = '6' AND accountId = '23' AND date = '2017-07-25'  
2017-07-25 09:24:29 UPDATE SQL : UPDATE balances SET closingBalance = '-112384482' WHERE  branchId = '6' AND accountId = '23' AND date = '2017-07-25' 
2017-07-25 09:24:29 Balance Update Status 2:1
 2017-07-25 09:24:29 Balance Update Params :
Branch Id : 6
Account ID : 24
Amount : 0
2017-07-25 09:24:29 SELECT SQL : SELECT * FROM balances WHERE  branchId = '6' AND accountId = '24'  
2017-07-25 09:24:29 Balance Update Params :
Branch Id : 11
Account ID : 27
Amount : 0
2017-07-25 09:24:29 SELECT SQL : SELECT * FROM balances WHERE  branchId = '11' AND accountId = '27'  
2017-07-25 09:24:29 SELECT SQL : SELECT * FROM balances WHERE  branchId = '11' AND accountId = '27' AND date = '2017-07-25'  
2017-07-25 09:24:29 UPDATE SQL : UPDATE balances SET closingBalance = '5228671.6461271' WHERE  branchId = '11' AND accountId = '27' AND date = '2017-07-25' 
2017-07-25 09:24:29 Balance Update Status 2:1
 2017-07-25 09:24:29 Balance Update Params :
Branch Id : 11
Account ID : 28
Amount : 0
2017-07-25 09:24:29 SELECT SQL : SELECT * FROM balances WHERE  branchId = '11' AND accountId = '28'  
2017-07-25 09:24:29 Balance Update Params :
Branch Id : 12
Account ID : 33
Amount : 0
2017-07-25 09:24:29 SELECT SQL : SELECT * FROM balances WHERE  branchId = '12' AND accountId = '33'  
2017-07-25 09:24:29 SELECT SQL : SELECT * FROM balances WHERE  branchId = '12' AND accountId = '33' AND date = '2017-07-25'  
2017-07-25 09:24:29 UPDATE SQL : UPDATE balances SET closingBalance = '24450' WHERE  branchId = '12' AND accountId = '33' AND date = '2017-07-25' 
2017-07-25 09:24:29 Balance Update Status 2:1
 2017-07-25 09:24:29 Balance Update Params :
Branch Id : 12
Account ID : 36
Amount : 0
2017-07-25 09:24:29 SELECT SQL : SELECT * FROM balances WHERE  branchId = '12' AND accountId = '36'  
2017-07-25 09:24:29 SELECT SQL : SELECT * FROM balances WHERE  branchId = '12' AND accountId = '36' AND date = '2017-07-25'  
2017-07-25 09:24:29 UPDATE SQL : UPDATE balances SET closingBalance = '4037' WHERE  branchId = '12' AND accountId = '36' AND date = '2017-07-25' 
2017-07-25 09:24:29 Balance Update Status 2:1
 2017-07-25 09:24:29 Balance Update Params :
Branch Id : 7
Account ID : 37
Amount : 0
2017-07-25 09:24:29 SELECT SQL : SELECT * FROM balances WHERE  branchId = '7' AND accountId = '37'  
2017-07-25 09:24:29 SELECT SQL : SELECT * FROM balances WHERE  branchId = '7' AND accountId = '37' AND date = '2017-07-25'  
2017-07-25 09:24:29 UPDATE SQL : UPDATE balances SET closingBalance = '47450' WHERE  branchId = '7' AND accountId = '37' AND date = '2017-07-25' 
2017-07-25 09:24:29 Balance Update Status 2:1
 2017-07-25 09:24:29 Balance Update Params :
Branch Id : 13
Account ID : 38
Amount : 0
2017-07-25 09:24:29 SELECT SQL : SELECT * FROM balances WHERE  branchId = '13' AND accountId = '38'  
2017-07-25 09:24:29 SELECT SQL : SELECT * FROM balances WHERE  branchId = '13' AND accountId = '38' AND date = '2017-07-25'  
2017-07-25 09:24:29 UPDATE SQL : UPDATE balances SET closingBalance = '2700' WHERE  branchId = '13' AND accountId = '38' AND date = '2017-07-25' 
2017-07-25 09:24:29 Balance Update Status 2:1
 2017-07-25 09:24:29 Balance Update Params :
Branch Id : 13
Account ID : 39
Amount : 0
2017-07-25 09:24:29 SELECT SQL : SELECT * FROM balances WHERE  branchId = '13' AND accountId = '39'  
2017-07-25 09:24:29 SELECT SQL : SELECT * FROM currencies WHERE  active = '1'  
2017-07-25 09:24:29 SELECT SQL : SELECT * FROM accounts WHERE  active = '1' AND type_id = '4'  
2017-07-25 09:24:29 SELECT SQL : SELECT * FROM account_types WHERE  active = '1'  
2017-07-25 09:24:29 SELECT SQL : SELECT * FROM user_types WHERE  active = '1'  
2017-07-25 09:24:29 Response : {"data":{"branches":[{"id":"5","name":"KINSHASHA","countryId":"4","location":"Patrice Avenue","supervisorId":"3","createdBy":"4","ts":"2017-06-30 00:06:55","active":"1"},{"id":"6","name":"OASIS MALL","countryId":"1","location":"Yusufu Lule Rd","supervisorId":"3","createdBy":"2","ts":"2017-06-30 00:12:08","active":"1"},{"id":"7","name":"GOMA","countryId":"4","location":"Goma","supervisorId":"3","createdBy":"1","ts":"2017-07-05 00:00:00","active":"1"},{"id":"9","name":"MOMBASA","countryId":"2","location":"Mombasa","supervisorId":"3","createdBy":"1","ts":"2017-07-05 00:00:00","active":"1"},{"id":"10","name":"DUBAI","countryId":"6","location":"Dubai","supervisorId":"3","createdBy":"1","ts":"2017-07-05 00:00:00","active":"1"},{"id":"11","name":"CHINA","countryId":"5","location":"China","supervisorId":"3","createdBy":"3","ts":"2017-07-05 13:23:17","active":"1"},{"id":"12","name":"NAIROBI","countryId":"2","location":"Nairobi","supervisorId":"3","createdBy":"3","ts":"2017-07-06 14:12:35","active":"1"},{"id":"13","name":"KAMPALA ROAD","countryId":"1","location":"kampala road","supervisorId":"3","createdBy":"3","ts":"2017-07-06 14:12:35","active":"1"}],"countries":[{"id":"1","name":"UGANDA","createdBy":"1","ts":"2017-06-25 23:13:31","active":"1"},{"id":"2","name":"KENYA","createdBy":"1","ts":"2017-06-26 09:02:45","active":"1"},{"id":"3","name":"TZ","createdBy":"1","ts":"2017-06-28 11:11:53","active":"1"},{"id":"4","name":"CONGO","createdBy":"1","ts":"2017-06-28 11:26:11","active":"1"},{"id":"5","name":"CHINA","createdBy":"1","ts":"2017-06-28 11:30:01","active":"1"},{"id":"6","name":"UAE","createdBy":"1","ts":"2017-07-05 00:00:00","active":"1"}],"ids":[[{"id":"1","name":"Passport","createdBy":"1","ts":"2017-06-28 14:00:01","active":"1"},{"id":"2","name":"National ID","createdBy":"1","ts":"2017-06-28 14:00:01","active":"1"},{"id":"3","name":"STUDENTS ID","createdBy":"1","ts":"2017-06-28 16:21:46","active":"1"}]],"users":[{"id":"1","firstName":"You","surname":"Jinshu","email":"hudsonbogere@swipeit.co.ug","phone":"256783131266","userName":"you","branchId":"0","userTypeId":"1","password":"$2y$10$pPGbhJ1RXx\/ug.ED3LnsQuKHJTqwYsa\/iF0OqGOgsjflkHKIDTLVq","sessionId":"KSTms8GEe36Gy41kXds63LMk2kJjROlO","ipAddress":"41.210.145.81","createdBy":null,"ts":"2017-06-23 15:08:12","active":"1"},{"id":"2","firstName":"Nansubuga","surname":"Dorothy","email":"henry@gmail.com","phone":"256752284441","userName":"dorah","branchId":"12","userTypeId":"3","password":"$2y$10$F9t92sYKf2rDJ.JzCmrrT.Jt1Ix37Fuo.uZKpXPn69dgDUTZ8xLXi","sessionId":"nY62cq2UAUOC3D6SdpTQEvK7LPJ00eiz","ipAddress":"105.230.77.140","createdBy":"1","ts":"2017-06-26 19:11:07","active":"1"},{"id":"3","firstName":"Lydia","surname":"Amoi","email":"islam@gmail.com","phone":"256777608310","userName":"lydia","branchId":"6","userTypeId":"2","password":"$2y$10$m72Zz8Z.h4\/Zp6TFDhmbXeQ79kZ7JJ2U0yLUanc0dDVxbc.5UPkRG","sessionId":"5inVyIoSA1kZausJGusSSUpyS3l6fMan","ipAddress":"197.157.0.49","createdBy":"1","ts":"2017-06-26 19:41:01","active":"1"},{"id":"4","firstName":"Nabukera","surname":"Maria","email":"banerd@tfb.com","phone":"256774457813","userName":"maria","branchId":"5","userTypeId":"5","password":"$2y$10$wTpUE\/WJFMfQaBglrQocTO9ndV6dbxL2vzFDEJZ1hpVVp4binpXGO","sessionId":"Fw4VNsaXVHfWoLXaYoDtY6d5ccs2wCCQ","ipAddress":"41.243.11.144","createdBy":"1","ts":"2017-06-26 23:04:07","active":"1"},{"id":"5","firstName":"Henry","surname":"Bbosa","email":null,"phone":null,"userName":"henry","branchId":"11","userTypeId":"3","password":"$2y$10$m72Zz8Z.h4\/Zp6TFDhmbXeQ79kZ7JJ2U0yLUanc0dDVxbc.5UPkRG","sessionId":"UQuW8zJFac8OYpm1JyGmBnAXNJRuiRva","ipAddress":"41.202.241.57","createdBy":"1","ts":"2017-07-05 00:00:00","active":"1"},{"id":"6","firstName":"Edwin","surname":"Kakeeto","email":"edwin@edwin.com","phone":"0777777557","userName":"edwin","branchId":"7","userTypeId":"3","password":"$2y$10$wTpUE\/WJFMfQaBglrQocTO9ndV6dbxL2vzFDEJZ1hpVVp4binpXGO","sessionId":"","ipAddress":"160.242.132.81","createdBy":"3","ts":"2017-07-10 07:37:50","active":"1"},{"id":"7","firstName":"Trish","surname":"Baby","email":"patricia@gmail.com","phone":"0777777557","userName":"trish","branchId":"13","userTypeId":"3","password":"$2y$10$m72Zz8Z.h4\/Zp6TFDhmbXeQ79kZ7JJ2U0yLUanc0dDVxbc.5UPkRG","sessionId":"","ipAddress":"160.242.141.153","createdBy":null,"ts":null,"active":"1"},{"id":"8","firstName":"cedric","surname":"cedric","email":"cedric@gmail.com","phone":"+256754813912","userName":"cedric","branchId":"7","userTypeId":"3","password":"$2y$10$m72Zz8Z.h4\/Zp6TFDhmbXeQ79kZ7JJ2U0yLUanc0dDVxbc.5UPkRG","sessionId":"","ipAddress":"160.242.141.153","createdBy":null,"ts":null,"active":"1"}],"accounts":[{"id":"16","name":"KINSHASHA-USD Account","branchId":"5","currency_id":"2"},{"id":"20","name":"OASIS MALL-RMB Account","branchId":"6","currency_id":"1"},{"id":"21","name":"OASIS MALL-USD Account","branchId":"6","currency_id":"2"},{"id":"22","name":"OASIS MALL-DIRHAM Account","branchId":"6","currency_id":"3"},{"id":"23","name":"OASIS MALL-UGX Account","branchId":"6","currency_id":"4"},{"id":"24","name":"OASIS MALL-KSH Account","branchId":"6","currency_id":"5"},{"id":"27","name":"CHINA-RMB Account","branchId":"11","currency_id":"1"},{"id":"28","name":"CHINA-USD Account","branchId":"11","currency_id":"2"},{"id":"33","name":"NAIROBI-USD Account","branchId":"12","currency_id":"2"},{"id":"36","name":"NAIROBI-KSH Account","branchId":"12","currency_id":"5"},{"id":"37","name":"GOMA-USD ACCOUNT","branchId":"7","currency_id":"2"},{"id":"38","name":"KAMPALA ROAD -USD ACCOUNT","branchId":"13","currency_id":"2"},{"id":"39","name":"KAMPALA ROAD- UGX ACCOUNT ","branchId":"13","currency_id":"4"}],"currencies":[{"id":"1","name":"RMB","symbol":"\u00c2\u00a5","createdBy":"1","ts":"2017-06-27 22:45:12","active":"1"},{"id":"2","name":"USD","symbol":"$","createdBy":"1","ts":"2017-06-27 22:45:12","active":"1"},{"id":"3","name":"DIRHAM","symbol":"","createdBy":"1","ts":"2017-06-28 11:40:09","active":"1"},{"id":"4","name":"UGX","symbol":"\/=","createdBy":"1","ts":"2017-06-28 11:46:50","active":"1"},{"id":"5","name":"KSH","symbol":"","createdBy":"1","ts":"2017-06-28 11:46:50","active":"1"}],"superaccount":[{"id":"1","name":"RMB Account","branchId":"0","type_id":"4","currency_id":"1","balance":"0","createdBy":"1","active":"1","ts":"2017-06-27 22:45:12"}],"accountTypes":[{"id":"1","type":"Transfer","description":"","createdBy":"1","ts":"2017-06-28 14:31:12","active":"1"},{"id":"2","type":"Suspense","description":"","createdBy":"1","ts":"2017-06-28 14:31:12","active":"1"},{"id":"4","type":"Super","description":"","createdBy":"1","ts":"2017-06-28 14:31:12","active":"1"}],"userTypes":[{"id":"1","name":"E-Value Admin","level":"1","ts":"2017-06-27 22:45:12","active":"1"},{"id":"2","name":"Super User","level":"2","ts":"2017-06-27 22:45:12","active":"1"},{"id":"3","name":"Agent","level":"3","ts":"2017-06-27 22:45:12","active":"1"},{"id":"4","name":"System Admin","level":"4","ts":"2017-06-27 22:45:12","active":"1"},{"id":"5","name":"superAgent","level":"3","ts":"2017-06-27 22:45:12","active":"1"}]},"success":1}
2017-07-25 09:24:43 ---- New Request ----
2017-07-25 09:24:43 Controller : Users
2017-07-25 09:24:43 Method : logoutAction
2017-07-25 09:24:43 Controller File : controllers/Users.class.php, Exists
2017-07-25 09:24:44 Class constructed
2017-07-25 09:24:44 Logout Params ;Session ID :UQuW8zJFac8OYpm1JyGmBnAXNJRuiRva\User ID : 5
2017-07-25 09:24:44 UPDATE SQL : UPDATE users SET sessionId = '',ipAddress = '197.157.0.49' WHERE  id = '5' 
2017-07-25 09:24:44 Response : {"success":1}
2017-07-25 09:25:21 ---- New Request ----
2017-07-25 09:25:21 Controller : Users
2017-07-25 09:25:21 Method : loginAction
2017-07-25 09:25:21 Controller File : controllers/Users.class.php, Exists
2017-07-25 09:25:21 Class constructed
2017-07-25 09:25:21 Login Params ;Username :lydia
Password : ******
2017-07-25 09:25:21 SELECT SQL : SELECT id,firstName,surname,userName,userTypeId,sessionId,password,active,branchId FROM users WHERE  userName = 'lydia'  
2017-07-25 09:25:22 SELECT SQL : SELECT name FROM branches WHERE  id = '6'  
2017-07-25 09:25:22 UPDATE SQL : UPDATE users SET sessionId = 'jRZ8Ej0d6PUdb84vnXkVSF64r41DiGNp',ipAddress = '197.157.0.49' WHERE  id = '3' 
2017-07-25 09:25:22 Response : {"success":1,"data":{"id":"3","firstName":"Lydia","surname":"Amoi","userName":"lydia","userTypeId":"2","sessionId":"jRZ8Ej0d6PUdb84vnXkVSF64r41DiGNp","branchId":"6","branchName":"OASIS MALL"}}
2017-07-25 09:25:23 ---- New Request ----
2017-07-25 09:25:23 Controller : Users
2017-07-25 09:25:23 Method : formsdetailsAction
2017-07-25 09:25:23 Controller File : controllers/Users.class.php, Exists
2017-07-25 09:25:23 Class constructed
2017-07-25 09:25:23 Details Params :
SessionID :jRZ8Ej0d6PUdb84vnXkVSF64r41DiGNp
User ID : 3
2017-07-25 09:25:23 SELECT SQL : SELECT * FROM branches WHERE  active = '1'  
2017-07-25 09:25:23 SELECT SQL : SELECT * FROM countries WHERE  active = '1'  
2017-07-25 09:25:23 SELECT SQL : SELECT * FROM identification WHERE  active = '1'  
2017-07-25 09:25:23 SELECT SQL : SELECT * FROM users WHERE  active = '1'  
2017-07-25 09:25:23 SELECT SQL : SELECT id,name,branchId,currency_id FROM accounts WHERE  active = '1' AND type_id = '1'  
2017-07-25 09:25:23 Balance Update Params :
Branch Id : 5
Account ID : 16
Amount : 0
2017-07-25 09:25:23 SELECT SQL : SELECT * FROM balances WHERE  branchId = '5' AND accountId = '16'  
2017-07-25 09:25:23 SELECT SQL : SELECT * FROM balances WHERE  branchId = '5' AND accountId = '16' AND date = '2017-07-25'  
2017-07-25 09:25:23 UPDATE SQL : UPDATE balances SET closingBalance = '315496' WHERE  branchId = '5' AND accountId = '16' AND date = '2017-07-25' 
2017-07-25 09:25:23 Balance Update Status 2:1
 2017-07-25 09:25:23 Balance Update Params :
Branch Id : 6
Account ID : 20
Amount : 0
2017-07-25 09:25:23 SELECT SQL : SELECT * FROM balances WHERE  branchId = '6' AND accountId = '20'  
2017-07-25 09:25:23 Balance Update Params :
Branch Id : 6
Account ID : 21
Amount : 0
2017-07-25 09:25:23 SELECT SQL : SELECT * FROM balances WHERE  branchId = '6' AND accountId = '21'  
2017-07-25 09:25:23 SELECT SQL : SELECT * FROM balances WHERE  branchId = '6' AND accountId = '21' AND date = '2017-07-25'  
2017-07-25 09:25:23 UPDATE SQL : UPDATE balances SET closingBalance = '-90986.84511788' WHERE  branchId = '6' AND accountId = '21' AND date = '2017-07-25' 
2017-07-25 09:25:23 Balance Update Status 2:1
 2017-07-25 09:25:23 Balance Update Params :
Branch Id : 6
Account ID : 22
Amount : 0
2017-07-25 09:25:23 SELECT SQL : SELECT * FROM balances WHERE  branchId = '6' AND accountId = '22'  
2017-07-25 09:25:23 Balance Update Params :
Branch Id : 6
Account ID : 23
Amount : 0
2017-07-25 09:25:23 SELECT SQL : SELECT * FROM balances WHERE  branchId = '6' AND accountId = '23'  
2017-07-25 09:25:23 SELECT SQL : SELECT * FROM balances WHERE  branchId = '6' AND accountId = '23' AND date = '2017-07-25'  
2017-07-25 09:25:23 UPDATE SQL : UPDATE balances SET closingBalance = '-112384482' WHERE  branchId = '6' AND accountId = '23' AND date = '2017-07-25' 
2017-07-25 09:25:23 Balance Update Status 2:1
 2017-07-25 09:25:23 Balance Update Params :
Branch Id : 6
Account ID : 24
Amount : 0
2017-07-25 09:25:23 SELECT SQL : SELECT * FROM balances WHERE  branchId = '6' AND accountId = '24'  
2017-07-25 09:25:23 Balance Update Params :
Branch Id : 11
Account ID : 27
Amount : 0
2017-07-25 09:25:23 SELECT SQL : SELECT * FROM balances WHERE  branchId = '11' AND accountId = '27'  
2017-07-25 09:25:23 SELECT SQL : SELECT * FROM balances WHERE  branchId = '11' AND accountId = '27' AND date = '2017-07-25'  
2017-07-25 09:25:23 UPDATE SQL : UPDATE balances SET closingBalance = '5228671.6461271' WHERE  branchId = '11' AND accountId = '27' AND date = '2017-07-25' 
2017-07-25 09:25:23 Balance Update Status 2:1
 2017-07-25 09:25:23 Balance Update Params :
Branch Id : 11
Account ID : 28
Amount : 0
2017-07-25 09:25:23 SELECT SQL : SELECT * FROM balances WHERE  branchId = '11' AND accountId = '28'  
2017-07-25 09:25:23 Balance Update Params :
Branch Id : 12
Account ID : 33
Amount : 0
2017-07-25 09:25:23 SELECT SQL : SELECT * FROM balances WHERE  branchId = '12' AND accountId = '33'  
2017-07-25 09:25:23 SELECT SQL : SELECT * FROM balances WHERE  branchId = '12' AND accountId = '33' AND date = '2017-07-25'  
2017-07-25 09:25:23 UPDATE SQL : UPDATE balances SET closingBalance = '24450' WHERE  branchId = '12' AND accountId = '33' AND date = '2017-07-25' 
2017-07-25 09:25:23 Balance Update Status 2:1
 2017-07-25 09:25:23 Balance Update Params :
Branch Id : 12
Account ID : 36
Amount : 0
2017-07-25 09:25:23 SELECT SQL : SELECT * FROM balances WHERE  branchId = '12' AND accountId = '36'  
2017-07-25 09:25:23 SELECT SQL : SELECT * FROM balances WHERE  branchId = '12' AND accountId = '36' AND date = '2017-07-25'  
2017-07-25 09:25:23 UPDATE SQL : UPDATE balances SET closingBalance = '4037' WHERE  branchId = '12' AND accountId = '36' AND date = '2017-07-25' 
2017-07-25 09:25:23 Balance Update Status 2:1
 2017-07-25 09:25:23 Balance Update Params :
Branch Id : 7
Account ID : 37
Amount : 0
2017-07-25 09:25:23 SELECT SQL : SELECT * FROM balances WHERE  branchId = '7' AND accountId = '37'  
2017-07-25 09:25:23 SELECT SQL : SELECT * FROM balances WHERE  branchId = '7' AND accountId = '37' AND date = '2017-07-25'  
2017-07-25 09:25:23 UPDATE SQL : UPDATE balances SET closingBalance = '47450' WHERE  branchId = '7' AND accountId = '37' AND date = '2017-07-25' 
2017-07-25 09:25:23 Balance Update Status 2:1
 2017-07-25 09:25:23 Balance Update Params :
Branch Id : 13
Account ID : 38
Amount : 0
2017-07-25 09:25:23 SELECT SQL : SELECT * FROM balances WHERE  branchId = '13' AND accountId = '38'  
2017-07-25 09:25:23 SELECT SQL : SELECT * FROM balances WHERE  branchId = '13' AND accountId = '38' AND date = '2017-07-25'  
2017-07-25 09:25:23 UPDATE SQL : UPDATE balances SET closingBalance = '2700' WHERE  branchId = '13' AND accountId = '38' AND date = '2017-07-25' 
2017-07-25 09:25:23 Balance Update Status 2:1
 2017-07-25 09:25:23 Balance Update Params :
Branch Id : 13
Account ID : 39
Amount : 0
2017-07-25 09:25:23 SELECT SQL : SELECT * FROM balances WHERE  branchId = '13' AND accountId = '39'  
2017-07-25 09:25:23 SELECT SQL : SELECT * FROM currencies WHERE  active = '1'  
2017-07-25 09:25:23 SELECT SQL : SELECT * FROM accounts WHERE  active = '1' AND type_id = '4'  
2017-07-25 09:25:23 SELECT SQL : SELECT * FROM account_types WHERE  active = '1'  
2017-07-25 09:25:23 SELECT SQL : SELECT * FROM user_types WHERE  active = '1'  
2017-07-25 09:25:23 Response : {"data":{"branches":[{"id":"5","name":"KINSHASHA","countryId":"4","location":"Patrice Avenue","supervisorId":"3","createdBy":"4","ts":"2017-06-30 00:06:55","active":"1"},{"id":"6","name":"OASIS MALL","countryId":"1","location":"Yusufu Lule Rd","supervisorId":"3","createdBy":"2","ts":"2017-06-30 00:12:08","active":"1"},{"id":"7","name":"GOMA","countryId":"4","location":"Goma","supervisorId":"3","createdBy":"1","ts":"2017-07-05 00:00:00","active":"1"},{"id":"9","name":"MOMBASA","countryId":"2","location":"Mombasa","supervisorId":"3","createdBy":"1","ts":"2017-07-05 00:00:00","active":"1"},{"id":"10","name":"DUBAI","countryId":"6","location":"Dubai","supervisorId":"3","createdBy":"1","ts":"2017-07-05 00:00:00","active":"1"},{"id":"11","name":"CHINA","countryId":"5","location":"China","supervisorId":"3","createdBy":"3","ts":"2017-07-05 13:23:17","active":"1"},{"id":"12","name":"NAIROBI","countryId":"2","location":"Nairobi","supervisorId":"3","createdBy":"3","ts":"2017-07-06 14:12:35","active":"1"},{"id":"13","name":"KAMPALA ROAD","countryId":"1","location":"kampala road","supervisorId":"3","createdBy":"3","ts":"2017-07-06 14:12:35","active":"1"}],"countries":[{"id":"1","name":"UGANDA","createdBy":"1","ts":"2017-06-25 23:13:31","active":"1"},{"id":"2","name":"KENYA","createdBy":"1","ts":"2017-06-26 09:02:45","active":"1"},{"id":"3","name":"TZ","createdBy":"1","ts":"2017-06-28 11:11:53","active":"1"},{"id":"4","name":"CONGO","createdBy":"1","ts":"2017-06-28 11:26:11","active":"1"},{"id":"5","name":"CHINA","createdBy":"1","ts":"2017-06-28 11:30:01","active":"1"},{"id":"6","name":"UAE","createdBy":"1","ts":"2017-07-05 00:00:00","active":"1"}],"ids":[[{"id":"1","name":"Passport","createdBy":"1","ts":"2017-06-28 14:00:01","active":"1"},{"id":"2","name":"National ID","createdBy":"1","ts":"2017-06-28 14:00:01","active":"1"},{"id":"3","name":"STUDENTS ID","createdBy":"1","ts":"2017-06-28 16:21:46","active":"1"}]],"users":[{"id":"1","firstName":"You","surname":"Jinshu","email":"hudsonbogere@swipeit.co.ug","phone":"256783131266","userName":"you","branchId":"0","userTypeId":"1","password":"$2y$10$pPGbhJ1RXx\/ug.ED3LnsQuKHJTqwYsa\/iF0OqGOgsjflkHKIDTLVq","sessionId":"KSTms8GEe36Gy41kXds63LMk2kJjROlO","ipAddress":"41.210.145.81","createdBy":null,"ts":"2017-06-23 15:08:12","active":"1"},{"id":"2","firstName":"Nansubuga","surname":"Dorothy","email":"henry@gmail.com","phone":"256752284441","userName":"dorah","branchId":"12","userTypeId":"3","password":"$2y$10$F9t92sYKf2rDJ.JzCmrrT.Jt1Ix37Fuo.uZKpXPn69dgDUTZ8xLXi","sessionId":"nY62cq2UAUOC3D6SdpTQEvK7LPJ00eiz","ipAddress":"105.230.77.140","createdBy":"1","ts":"2017-06-26 19:11:07","active":"1"},{"id":"3","firstName":"Lydia","surname":"Amoi","email":"islam@gmail.com","phone":"256777608310","userName":"lydia","branchId":"6","userTypeId":"2","password":"$2y$10$m72Zz8Z.h4\/Zp6TFDhmbXeQ79kZ7JJ2U0yLUanc0dDVxbc.5UPkRG","sessionId":"jRZ8Ej0d6PUdb84vnXkVSF64r41DiGNp","ipAddress":"197.157.0.49","createdBy":"1","ts":"2017-06-26 19:41:01","active":"1"},{"id":"4","firstName":"Nabukera","surname":"Maria","email":"banerd@tfb.com","phone":"256774457813","userName":"maria","branchId":"5","userTypeId":"5","password":"$2y$10$wTpUE\/WJFMfQaBglrQocTO9ndV6dbxL2vzFDEJZ1hpVVp4binpXGO","sessionId":"Fw4VNsaXVHfWoLXaYoDtY6d5ccs2wCCQ","ipAddress":"41.243.11.144","createdBy":"1","ts":"2017-06-26 23:04:07","active":"1"},{"id":"5","firstName":"Henry","surname":"Bbosa","email":null,"phone":null,"userName":"henry","branchId":"11","userTypeId":"3","password":"$2y$10$m72Zz8Z.h4\/Zp6TFDhmbXeQ79kZ7JJ2U0yLUanc0dDVxbc.5UPkRG","sessionId":"","ipAddress":"197.157.0.49","createdBy":"1","ts":"2017-07-05 00:00:00","active":"1"},{"id":"6","firstName":"Edwin","surname":"Kakeeto","email":"edwin@edwin.com","phone":"0777777557","userName":"edwin","branchId":"7","userTypeId":"3","password":"$2y$10$wTpUE\/WJFMfQaBglrQocTO9ndV6dbxL2vzFDEJZ1hpVVp4binpXGO","sessionId":"","ipAddress":"160.242.132.81","createdBy":"3","ts":"2017-07-10 07:37:50","active":"1"},{"id":"7","firstName":"Trish","surname":"Baby","email":"patricia@gmail.com","phone":"0777777557","userName":"trish","branchId":"13","userTypeId":"3","password":"$2y$10$m72Zz8Z.h4\/Zp6TFDhmbXeQ79kZ7JJ2U0yLUanc0dDVxbc.5UPkRG","sessionId":"","ipAddress":"160.242.141.153","createdBy":null,"ts":null,"active":"1"},{"id":"8","firstName":"cedric","surname":"cedric","email":"cedric@gmail.com","phone":"+256754813912","userName":"cedric","branchId":"7","userTypeId":"3","password":"$2y$10$m72Zz8Z.h4\/Zp6TFDhmbXeQ79kZ7JJ2U0yLUanc0dDVxbc.5UPkRG","sessionId":"","ipAddress":"160.242.141.153","createdBy":null,"ts":null,"active":"1"}],"accounts":[{"id":"16","name":"KINSHASHA-USD Account","branchId":"5","currency_id":"2"},{"id":"20","name":"OASIS MALL-RMB Account","branchId":"6","currency_id":"1"},{"id":"21","name":"OASIS MALL-USD Account","branchId":"6","currency_id":"2"},{"id":"22","name":"OASIS MALL-DIRHAM Account","branchId":"6","currency_id":"3"},{"id":"23","name":"OASIS MALL-UGX Account","branchId":"6","currency_id":"4"},{"id":"24","name":"OASIS MALL-KSH Account","branchId":"6","currency_id":"5"},{"id":"27","name":"CHINA-RMB Account","branchId":"11","currency_id":"1"},{"id":"28","name":"CHINA-USD Account","branchId":"11","currency_id":"2"},{"id":"33","name":"NAIROBI-USD Account","branchId":"12","currency_id":"2"},{"id":"36","name":"NAIROBI-KSH Account","branchId":"12","currency_id":"5"},{"id":"37","name":"GOMA-USD ACCOUNT","branchId":"7","currency_id":"2"},{"id":"38","name":"KAMPALA ROAD -USD ACCOUNT","branchId":"13","currency_id":"2"},{"id":"39","name":"KAMPALA ROAD- UGX ACCOUNT ","branchId":"13","currency_id":"4"}],"currencies":[{"id":"1","name":"RMB","symbol":"\u00c2\u00a5","createdBy":"1","ts":"2017-06-27 22:45:12","active":"1"},{"id":"2","name":"USD","symbol":"$","createdBy":"1","ts":"2017-06-27 22:45:12","active":"1"},{"id":"3","name":"DIRHAM","symbol":"","createdBy":"1","ts":"2017-06-28 11:40:09","active":"1"},{"id":"4","name":"UGX","symbol":"\/=","createdBy":"1","ts":"2017-06-28 11:46:50","active":"1"},{"id":"5","name":"KSH","symbol":"","createdBy":"1","ts":"2017-06-28 11:46:50","active":"1"}],"superaccount":[{"id":"1","name":"RMB Account","branchId":"0","type_id":"4","currency_id":"1","balance":"0","createdBy":"1","active":"1","ts":"2017-06-27 22:45:12"}],"accountTypes":[{"id":"1","type":"Transfer","description":"","createdBy":"1","ts":"2017-06-28 14:31:12","active":"1"},{"id":"2","type":"Suspense","description":"","createdBy":"1","ts":"2017-06-28 14:31:12","active":"1"},{"id":"4","type":"Super","description":"","createdBy":"1","ts":"2017-06-28 14:31:12","active":"1"}],"userTypes":[{"id":"1","name":"E-Value Admin","level":"1","ts":"2017-06-27 22:45:12","active":"1"},{"id":"2","name":"Super User","level":"2","ts":"2017-06-27 22:45:12","active":"1"},{"id":"3","name":"Agent","level":"3","ts":"2017-06-27 22:45:12","active":"1"},{"id":"4","name":"System Admin","level":"4","ts":"2017-06-27 22:45:12","active":"1"},{"id":"5","name":"superAgent","level":"3","ts":"2017-06-27 22:45:12","active":"1"}]},"success":1}
2017-07-25 09:26:15 ---- New Request ----
2017-07-25 09:26:15 Controller : Transfers
2017-07-25 09:26:15 Method : createtransferAction
2017-07-25 09:26:15 Controller File : controllers/Transfers.class.php, Exists
2017-07-25 09:26:15 Class constructed
2017-07-25 09:26:15 Class constructed
2017-07-25 09:26:15 Transfer Creation Params ;Amount :2000\currencyid : 1
Country : 5
Charge : 0
sfname : 
ssurname : jiang
Account Number : 62270021916844126
semail : 
sphone : 0776000064
sidtype : 0
sid : 0
rfname : cuiyong
rsurname : jiang
remail : 
rphone : 0776000064
Receiver Branch : 0
passcode : ******
password : ******
userid : 3
sessionid : jRZ8Ej0d6PUdb84vnXkVSF64r41DiGNp
Exchange Rate : 6.76
AmountAfterXchange : 13520
Charge Currency : 2017-07-25 09:26:15 SELECT SQL : SELECT * FROM settings WHERE  name = 'SuspenseAccount'  
2017-07-25 09:26:15 SELECT SQL : SELECT * FROM settings WHERE  name = 'ToChinaAccount'  
2017-07-25 09:26:15 SELECT SQL : SELECT * FROM users WHERE  id = '3'  
2017-07-25 09:26:15 INSERT SQL : INSERT INTO transfers  (ts,userIdSource,amount,currency,destinationCountryId,toBranch,senderFname,senderSurname,senderEmail,senderPhone,senderIdType,senderId,receiverFname,receiverSurname,receiverEmail,receiverPhone,receiverAccountNumber,fromBranch,passcode,status,sourceIpAddress)  VALUES(NOW(),'3','2000','1','5','0','','jiang','','0776000064','0','0','cuiyong','jiang','','0776000064','62270021916844126','6','$2y$10$iJDlK8o.iT2MLsXTDcFLJODJ7OUmzwfUZntynHIEuEG2zAN2brydq','Pending','197.157.0.49')
2017-07-25 09:26:15 SELECT SQL : SELECT id,transferRef FROM transfers WHERE  id = '74'  
2017-07-25 09:26:15 INSERT SQL : INSERT INTO audit_trails  (ts,userId,tableName,recordId,field,oldValue,newValue)  VALUES(NOW(),'3','transfers','74','transferRef','','00605374')
2017-07-25 09:26:15 audit_trails Insert ID : 538
2017-07-25 09:26:15 UPDATE SQL : UPDATE transfers SET transferRef = '00605374' WHERE  id = '74' 
2017-07-25 09:26:15 SELECT SQL : SELECT id FROM accounts WHERE  branchId = '6' AND currency_id = '2'  
2017-07-25 09:26:15 INSERT SQL : INSERT INTO account_transfers  (ts,amountAfterXchange,amountB4Xchange,currencyB4Xchange,currencyAfterXchange,exchangeRate,type,amount,charge,fromId,toId,transferRef,userId)  VALUES(NOW(),'13520','2000','2','1','6.76','transfer','2000','0','26','21','00605374','3')
2017-07-25 09:26:15 Balance Update Params :
Branch Id : 6
Account ID : 21
Amount : 2000
2017-07-25 09:26:15 SELECT SQL : SELECT * FROM balances WHERE  branchId = '6' AND accountId = '21'  
2017-07-25 09:26:15 SELECT SQL : SELECT * FROM balances WHERE  branchId = '6' AND accountId = '21' AND date = '2017-07-25'  
2017-07-25 09:26:15 UPDATE SQL : UPDATE balances SET closingBalance = '-88986.84511788' WHERE  branchId = '6' AND accountId = '21' AND date = '2017-07-25' 
2017-07-25 09:26:15 Balance Update Status 2:1
 2017-07-25 09:26:15 Balance Update Params :
Branch Id : 0
Account ID : 26
Amount : -2000
2017-07-25 09:26:15 SELECT SQL : SELECT * FROM balances WHERE  branchId = '0' AND accountId = '26'  
2017-07-25 09:26:15 SELECT SQL : SELECT * FROM balances WHERE  branchId = '0' AND accountId = '26' AND date = '2017-07-25'  
2017-07-25 09:26:15 SELECT SQL : SELECT closingBalance FROM balances WHERE  branchId = '0' AND accountId = '26'  ORDER BY date DESC LIMIT 1
2017-07-25 09:26:15 INSERT SQL : INSERT INTO balances  (ts,branchId,accountId,openingBalance,closingBalance,date)  VALUES(NOW(),'0','26','-2774573','-2774573','2017-07-25')
2017-07-25 09:26:15 Balance Create Insert ID Today 2:63
 2017-07-25 09:26:15 SELECT SQL : SELECT id FROM accounts WHERE  branchId = '6' AND currency_id = ''  
2017-07-25 09:26:15 Balance Update Params :
Branch Id : 6
Account ID : 0
Amount : 0
2017-07-25 09:26:15 SELECT SQL : SELECT * FROM balances WHERE  branchId = '6' AND accountId = '0'  
2017-07-25 09:26:15 SELECT SQL : SELECT * FROM transfers WHERE  fromBranch = '6'  OR toBranch = '6'  OR destinationCountryId = '5'  
2017-07-25 09:26:15 Response : {"success":1,"data":"00605374"}
2017-07-25 09:26:21 ---- New Request ----
2017-07-25 09:26:21 Controller : Users
2017-07-25 09:26:21 Method : logoutAction
2017-07-25 09:26:21 Controller File : controllers/Users.class.php, Exists
2017-07-25 09:26:21 Class constructed
2017-07-25 09:26:21 Logout Params ;Session ID :jRZ8Ej0d6PUdb84vnXkVSF64r41DiGNp\User ID : 3
2017-07-25 09:26:21 UPDATE SQL : UPDATE users SET sessionId = '',ipAddress = '197.157.0.49' WHERE  id = '3' 
2017-07-25 09:26:21 Response : {"success":1}
2017-07-25 09:26:29 ---- New Request ----
2017-07-25 09:26:29 Controller : Users
2017-07-25 09:26:29 Method : loginAction
2017-07-25 09:26:29 Controller File : controllers/Users.class.php, Exists
2017-07-25 09:26:29 Class constructed
2017-07-25 09:26:29 Login Params ;Username :henry
Password : ******
2017-07-25 09:26:29 SELECT SQL : SELECT id,firstName,surname,userName,userTypeId,sessionId,password,active,branchId FROM users WHERE  userName = 'henry'  
2017-07-25 09:26:30 SELECT SQL : SELECT name FROM branches WHERE  id = '11'  
2017-07-25 09:26:30 UPDATE SQL : UPDATE users SET sessionId = 'zmnz03oj3MTZiqw38u0J0kfhNzy5RJhQ',ipAddress = '197.157.0.49' WHERE  id = '5' 
2017-07-25 09:26:30 Response : {"success":1,"data":{"id":"5","firstName":"Henry","surname":"Bbosa","userName":"henry","userTypeId":"3","sessionId":"zmnz03oj3MTZiqw38u0J0kfhNzy5RJhQ","branchId":"11","branchName":"CHINA"}}
2017-07-25 09:26:31 ---- New Request ----
2017-07-25 09:26:31 Controller : Users
2017-07-25 09:26:31 Method : formsdetailsAction
2017-07-25 09:26:31 Controller File : controllers/Users.class.php, Exists
2017-07-25 09:26:31 Class constructed
2017-07-25 09:26:31 Details Params :
SessionID :zmnz03oj3MTZiqw38u0J0kfhNzy5RJhQ
User ID : 5
2017-07-25 09:26:31 SELECT SQL : SELECT * FROM branches WHERE  active = '1'  
2017-07-25 09:26:31 SELECT SQL : SELECT * FROM countries WHERE  active = '1'  
2017-07-25 09:26:31 SELECT SQL : SELECT * FROM identification WHERE  active = '1'  
2017-07-25 09:26:31 SELECT SQL : SELECT * FROM users WHERE  active = '1'  
2017-07-25 09:26:31 SELECT SQL : SELECT id,name,branchId,currency_id FROM accounts WHERE  active = '1' AND type_id = '1'  
2017-07-25 09:26:31 Balance Update Params :
Branch Id : 5
Account ID : 16
Amount : 0
2017-07-25 09:26:31 SELECT SQL : SELECT * FROM balances WHERE  branchId = '5' AND accountId = '16'  
2017-07-25 09:26:31 SELECT SQL : SELECT * FROM balances WHERE  branchId = '5' AND accountId = '16' AND date = '2017-07-25'  
2017-07-25 09:26:31 UPDATE SQL : UPDATE balances SET closingBalance = '315496' WHERE  branchId = '5' AND accountId = '16' AND date = '2017-07-25' 
2017-07-25 09:26:31 Balance Update Status 2:1
 2017-07-25 09:26:31 Balance Update Params :
Branch Id : 6
Account ID : 20
Amount : 0
2017-07-25 09:26:31 SELECT SQL : SELECT * FROM balances WHERE  branchId = '6' AND accountId = '20'  
2017-07-25 09:26:31 Balance Update Params :
Branch Id : 6
Account ID : 21
Amount : 0
2017-07-25 09:26:31 SELECT SQL : SELECT * FROM balances WHERE  branchId = '6' AND accountId = '21'  
2017-07-25 09:26:31 SELECT SQL : SELECT * FROM balances WHERE  branchId = '6' AND accountId = '21' AND date = '2017-07-25'  
2017-07-25 09:26:31 UPDATE SQL : UPDATE balances SET closingBalance = '-88986.84511788' WHERE  branchId = '6' AND accountId = '21' AND date = '2017-07-25' 
2017-07-25 09:26:31 Balance Update Status 2:1
 2017-07-25 09:26:31 Balance Update Params :
Branch Id : 6
Account ID : 22
Amount : 0
2017-07-25 09:26:31 SELECT SQL : SELECT * FROM balances WHERE  branchId = '6' AND accountId = '22'  
2017-07-25 09:26:31 Balance Update Params :
Branch Id : 6
Account ID : 23
Amount : 0
2017-07-25 09:26:31 SELECT SQL : SELECT * FROM balances WHERE  branchId = '6' AND accountId = '23'  
2017-07-25 09:26:31 SELECT SQL : SELECT * FROM balances WHERE  branchId = '6' AND accountId = '23' AND date = '2017-07-25'  
2017-07-25 09:26:31 UPDATE SQL : UPDATE balances SET closingBalance = '-112384482' WHERE  branchId = '6' AND accountId = '23' AND date = '2017-07-25' 
2017-07-25 09:26:31 Balance Update Status 2:1
 2017-07-25 09:26:31 Balance Update Params :
Branch Id : 6
Account ID : 24
Amount : 0
2017-07-25 09:26:31 SELECT SQL : SELECT * FROM balances WHERE  branchId = '6' AND accountId = '24'  
2017-07-25 09:26:31 Balance Update Params :
Branch Id : 11
Account ID : 27
Amount : 0
2017-07-25 09:26:31 SELECT SQL : SELECT * FROM balances WHERE  branchId = '11' AND accountId = '27'  
2017-07-25 09:26:31 SELECT SQL : SELECT * FROM balances WHERE  branchId = '11' AND accountId = '27' AND date = '2017-07-25'  
2017-07-25 09:26:31 UPDATE SQL : UPDATE balances SET closingBalance = '5228671.6461271' WHERE  branchId = '11' AND accountId = '27' AND date = '2017-07-25' 
2017-07-25 09:26:31 Balance Update Status 2:1
 2017-07-25 09:26:31 Balance Update Params :
Branch Id : 11
Account ID : 28
Amount : 0
2017-07-25 09:26:31 SELECT SQL : SELECT * FROM balances WHERE  branchId = '11' AND accountId = '28'  
2017-07-25 09:26:31 Balance Update Params :
Branch Id : 12
Account ID : 33
Amount : 0
2017-07-25 09:26:31 SELECT SQL : SELECT * FROM balances WHERE  branchId = '12' AND accountId = '33'  
2017-07-25 09:26:31 SELECT SQL : SELECT * FROM balances WHERE  branchId = '12' AND accountId = '33' AND date = '2017-07-25'  
2017-07-25 09:26:31 UPDATE SQL : UPDATE balances SET closingBalance = '24450' WHERE  branchId = '12' AND accountId = '33' AND date = '2017-07-25' 
2017-07-25 09:26:31 Balance Update Status 2:1
 2017-07-25 09:26:31 Balance Update Params :
Branch Id : 12
Account ID : 36
Amount : 0
2017-07-25 09:26:31 SELECT SQL : SELECT * FROM balances WHERE  branchId = '12' AND accountId = '36'  
2017-07-25 09:26:31 SELECT SQL : SELECT * FROM balances WHERE  branchId = '12' AND accountId = '36' AND date = '2017-07-25'  
2017-07-25 09:26:31 UPDATE SQL : UPDATE balances SET closingBalance = '4037' WHERE  branchId = '12' AND accountId = '36' AND date = '2017-07-25' 
2017-07-25 09:26:31 Balance Update Status 2:1
 2017-07-25 09:26:31 Balance Update Params :
Branch Id : 7
Account ID : 37
Amount : 0
2017-07-25 09:26:31 SELECT SQL : SELECT * FROM balances WHERE  branchId = '7' AND accountId = '37'  
2017-07-25 09:26:31 SELECT SQL : SELECT * FROM balances WHERE  branchId = '7' AND accountId = '37' AND date = '2017-07-25'  
2017-07-25 09:26:31 UPDATE SQL : UPDATE balances SET closingBalance = '47450' WHERE  branchId = '7' AND accountId = '37' AND date = '2017-07-25' 
2017-07-25 09:26:31 Balance Update Status 2:1
 2017-07-25 09:26:31 Balance Update Params :
Branch Id : 13
Account ID : 38
Amount : 0
2017-07-25 09:26:31 SELECT SQL : SELECT * FROM balances WHERE  branchId = '13' AND accountId = '38'  
2017-07-25 09:26:31 SELECT SQL : SELECT * FROM balances WHERE  branchId = '13' AND accountId = '38' AND date = '2017-07-25'  
2017-07-25 09:26:31 UPDATE SQL : UPDATE balances SET closingBalance = '2700' WHERE  branchId = '13' AND accountId = '38' AND date = '2017-07-25' 
2017-07-25 09:26:31 Balance Update Status 2:1
 2017-07-25 09:26:31 Balance Update Params :
Branch Id : 13
Account ID : 39
Amount : 0
2017-07-25 09:26:31 SELECT SQL : SELECT * FROM balances WHERE  branchId = '13' AND accountId = '39'  
2017-07-25 09:26:31 SELECT SQL : SELECT * FROM currencies WHERE  active = '1'  
2017-07-25 09:26:31 SELECT SQL : SELECT * FROM accounts WHERE  active = '1' AND type_id = '4'  
2017-07-25 09:26:31 SELECT SQL : SELECT * FROM account_types WHERE  active = '1'  
2017-07-25 09:26:31 SELECT SQL : SELECT * FROM user_types WHERE  active = '1'  
2017-07-25 09:26:31 Response : {"data":{"branches":[{"id":"5","name":"KINSHASHA","countryId":"4","location":"Patrice Avenue","supervisorId":"3","createdBy":"4","ts":"2017-06-30 00:06:55","active":"1"},{"id":"6","name":"OASIS MALL","countryId":"1","location":"Yusufu Lule Rd","supervisorId":"3","createdBy":"2","ts":"2017-06-30 00:12:08","active":"1"},{"id":"7","name":"GOMA","countryId":"4","location":"Goma","supervisorId":"3","createdBy":"1","ts":"2017-07-05 00:00:00","active":"1"},{"id":"9","name":"MOMBASA","countryId":"2","location":"Mombasa","supervisorId":"3","createdBy":"1","ts":"2017-07-05 00:00:00","active":"1"},{"id":"10","name":"DUBAI","countryId":"6","location":"Dubai","supervisorId":"3","createdBy":"1","ts":"2017-07-05 00:00:00","active":"1"},{"id":"11","name":"CHINA","countryId":"5","location":"China","supervisorId":"3","createdBy":"3","ts":"2017-07-05 13:23:17","active":"1"},{"id":"12","name":"NAIROBI","countryId":"2","location":"Nairobi","supervisorId":"3","createdBy":"3","ts":"2017-07-06 14:12:35","active":"1"},{"id":"13","name":"KAMPALA ROAD","countryId":"1","location":"kampala road","supervisorId":"3","createdBy":"3","ts":"2017-07-06 14:12:35","active":"1"}],"countries":[{"id":"1","name":"UGANDA","createdBy":"1","ts":"2017-06-25 23:13:31","active":"1"},{"id":"2","name":"KENYA","createdBy":"1","ts":"2017-06-26 09:02:45","active":"1"},{"id":"3","name":"TZ","createdBy":"1","ts":"2017-06-28 11:11:53","active":"1"},{"id":"4","name":"CONGO","createdBy":"1","ts":"2017-06-28 11:26:11","active":"1"},{"id":"5","name":"CHINA","createdBy":"1","ts":"2017-06-28 11:30:01","active":"1"},{"id":"6","name":"UAE","createdBy":"1","ts":"2017-07-05 00:00:00","active":"1"}],"ids":[[{"id":"1","name":"Passport","createdBy":"1","ts":"2017-06-28 14:00:01","active":"1"},{"id":"2","name":"National ID","createdBy":"1","ts":"2017-06-28 14:00:01","active":"1"},{"id":"3","name":"STUDENTS ID","createdBy":"1","ts":"2017-06-28 16:21:46","active":"1"}]],"users":[{"id":"1","firstName":"You","surname":"Jinshu","email":"hudsonbogere@swipeit.co.ug","phone":"256783131266","userName":"you","branchId":"0","userTypeId":"1","password":"$2y$10$pPGbhJ1RXx\/ug.ED3LnsQuKHJTqwYsa\/iF0OqGOgsjflkHKIDTLVq","sessionId":"KSTms8GEe36Gy41kXds63LMk2kJjROlO","ipAddress":"41.210.145.81","createdBy":null,"ts":"2017-06-23 15:08:12","active":"1"},{"id":"2","firstName":"Nansubuga","surname":"Dorothy","email":"henry@gmail.com","phone":"256752284441","userName":"dorah","branchId":"12","userTypeId":"3","password":"$2y$10$F9t92sYKf2rDJ.JzCmrrT.Jt1Ix37Fuo.uZKpXPn69dgDUTZ8xLXi","sessionId":"nY62cq2UAUOC3D6SdpTQEvK7LPJ00eiz","ipAddress":"105.230.77.140","createdBy":"1","ts":"2017-06-26 19:11:07","active":"1"},{"id":"3","firstName":"Lydia","surname":"Amoi","email":"islam@gmail.com","phone":"256777608310","userName":"lydia","branchId":"6","userTypeId":"2","password":"$2y$10$m72Zz8Z.h4\/Zp6TFDhmbXeQ79kZ7JJ2U0yLUanc0dDVxbc.5UPkRG","sessionId":"","ipAddress":"197.157.0.49","createdBy":"1","ts":"2017-06-26 19:41:01","active":"1"},{"id":"4","firstName":"Nabukera","surname":"Maria","email":"banerd@tfb.com","phone":"256774457813","userName":"maria","branchId":"5","userTypeId":"5","password":"$2y$10$wTpUE\/WJFMfQaBglrQocTO9ndV6dbxL2vzFDEJZ1hpVVp4binpXGO","sessionId":"Fw4VNsaXVHfWoLXaYoDtY6d5ccs2wCCQ","ipAddress":"41.243.11.144","createdBy":"1","ts":"2017-06-26 23:04:07","active":"1"},{"id":"5","firstName":"Henry","surname":"Bbosa","email":null,"phone":null,"userName":"henry","branchId":"11","userTypeId":"3","password":"$2y$10$m72Zz8Z.h4\/Zp6TFDhmbXeQ79kZ7JJ2U0yLUanc0dDVxbc.5UPkRG","sessionId":"zmnz03oj3MTZiqw38u0J0kfhNzy5RJhQ","ipAddress":"197.157.0.49","createdBy":"1","ts":"2017-07-05 00:00:00","active":"1"},{"id":"6","firstName":"Edwin","surname":"Kakeeto","email":"edwin@edwin.com","phone":"0777777557","userName":"edwin","branchId":"7","userTypeId":"3","password":"$2y$10$wTpUE\/WJFMfQaBglrQocTO9ndV6dbxL2vzFDEJZ1hpVVp4binpXGO","sessionId":"","ipAddress":"160.242.132.81","createdBy":"3","ts":"2017-07-10 07:37:50","active":"1"},{"id":"7","firstName":"Trish","surname":"Baby","email":"patricia@gmail.com","phone":"0777777557","userName":"trish","branchId":"13","userTypeId":"3","password":"$2y$10$m72Zz8Z.h4\/Zp6TFDhmbXeQ79kZ7JJ2U0yLUanc0dDVxbc.5UPkRG","sessionId":"","ipAddress":"160.242.141.153","createdBy":null,"ts":null,"active":"1"},{"id":"8","firstName":"cedric","surname":"cedric","email":"cedric@gmail.com","phone":"+256754813912","userName":"cedric","branchId":"7","userTypeId":"3","password":"$2y$10$m72Zz8Z.h4\/Zp6TFDhmbXeQ79kZ7JJ2U0yLUanc0dDVxbc.5UPkRG","sessionId":"","ipAddress":"160.242.141.153","createdBy":null,"ts":null,"active":"1"}],"accounts":[{"id":"16","name":"KINSHASHA-USD Account","branchId":"5","currency_id":"2"},{"id":"20","name":"OASIS MALL-RMB Account","branchId":"6","currency_id":"1"},{"id":"21","name":"OASIS MALL-USD Account","branchId":"6","currency_id":"2"},{"id":"22","name":"OASIS MALL-DIRHAM Account","branchId":"6","currency_id":"3"},{"id":"23","name":"OASIS MALL-UGX Account","branchId":"6","currency_id":"4"},{"id":"24","name":"OASIS MALL-KSH Account","branchId":"6","currency_id":"5"},{"id":"27","name":"CHINA-RMB Account","branchId":"11","currency_id":"1"},{"id":"28","name":"CHINA-USD Account","branchId":"11","currency_id":"2"},{"id":"33","name":"NAIROBI-USD Account","branchId":"12","currency_id":"2"},{"id":"36","name":"NAIROBI-KSH Account","branchId":"12","currency_id":"5"},{"id":"37","name":"GOMA-USD ACCOUNT","branchId":"7","currency_id":"2"},{"id":"38","name":"KAMPALA ROAD -USD ACCOUNT","branchId":"13","currency_id":"2"},{"id":"39","name":"KAMPALA ROAD- UGX ACCOUNT ","branchId":"13","currency_id":"4"}],"currencies":[{"id":"1","name":"RMB","symbol":"\u00c2\u00a5","createdBy":"1","ts":"2017-06-27 22:45:12","active":"1"},{"id":"2","name":"USD","symbol":"$","createdBy":"1","ts":"2017-06-27 22:45:12","active":"1"},{"id":"3","name":"DIRHAM","symbol":"","createdBy":"1","ts":"2017-06-28 11:40:09","active":"1"},{"id":"4","name":"UGX","symbol":"\/=","createdBy":"1","ts":"2017-06-28 11:46:50","active":"1"},{"id":"5","name":"KSH","symbol":"","createdBy":"1","ts":"2017-06-28 11:46:50","active":"1"}],"superaccount":[{"id":"1","name":"RMB Account","branchId":"0","type_id":"4","currency_id":"1","balance":"0","createdBy":"1","active":"1","ts":"2017-06-27 22:45:12"}],"accountTypes":[{"id":"1","type":"Transfer","description":"","createdBy":"1","ts":"2017-06-28 14:31:12","active":"1"},{"id":"2","type":"Suspense","description":"","createdBy":"1","ts":"2017-06-28 14:31:12","active":"1"},{"id":"4","type":"Super","description":"","createdBy":"1","ts":"2017-06-28 14:31:12","active":"1"}],"userTypes":[{"id":"1","name":"E-Value Admin","level":"1","ts":"2017-06-27 22:45:12","active":"1"},{"id":"2","name":"Super User","level":"2","ts":"2017-06-27 22:45:12","active":"1"},{"id":"3","name":"Agent","level":"3","ts":"2017-06-27 22:45:12","active":"1"},{"id":"4","name":"System Admin","level":"4","ts":"2017-06-27 22:45:12","active":"1"},{"id":"5","name":"superAgent","level":"3","ts":"2017-06-27 22:45:12","active":"1"}]},"success":1}
2017-07-25 09:26:37 ---- New Request ----
2017-07-25 09:26:37 Controller : Transfers
2017-07-25 09:26:37 Method : transfercashoutAction
2017-07-25 09:26:37 Controller File : controllers/Transfers.class.php, Exists
2017-07-25 09:26:37 Class constructed
2017-07-25 09:26:37 Class constructed
2017-07-25 09:26:37 Passcode : ******
Transaction Ref : 00605374
UserID : 5
Session ID : zmnz03oj3MTZiqw38u0J0kfhNzy5RJhQ
2017-07-25 09:26:37 SELECT SQL : SELECT sessionId FROM users WHERE  id = '5'  
2017-07-25 09:26:37 SELECT SQL : SELECT * FROM transfers WHERE  transferRef = '00605374'  
2017-07-25 09:26:37 SELECT SQL : SELECT name FROM countries WHERE  id = '5'  
2017-07-25 09:26:37 SELECT SQL : SELECT name FROM branches WHERE  id = '6'  
2017-07-25 09:26:37 SELECT SQL : SELECT name FROM currencies WHERE  id = '1'  
2017-07-25 09:26:37 Response : {"success":1,"data":{"id":"74","fromBranch":"6","toBranch":"0","amount":"2000","currency":"1","charge":null,"transferRef":"00605374","passcode":"$2y$10$iJDlK8o.iT2MLsXTDcFLJODJ7OUmzwfUZntynHIEuEG2zAN2brydq","userIdSource":"3","userIdDestination":null,"ts":"2017-07-25 06:26:15","withdrawTs":null,"status":"Pending","senderFname":"","senderSurname":"jiang","senderPhone":"0776000064","senderIdType":"0","senderId":"0","senderEmail":"","receiverFname":"cuiyong","receiverSurname":"jiang","receiverPhone":"0776000064","receiverIdType":null,"receiverId":null,"receiverEmail":"","receiverAccountNumber":"62270021916844126","destinationCountryId":"5","sourceIpAddress":"197.157.0.49","destinationIpAddress":null,"fromBranchName":"OASIS MALL","fromCountry":"CHINA","currencyName":"RMB"}}
2017-07-25 09:26:52 ---- New Request ----
2017-07-25 09:26:52 Controller : Transfers
2017-07-25 09:26:52 Method : completetransfercashoutAction
2017-07-25 09:26:52 Controller File : controllers/Transfers.class.php, Exists
2017-07-25 09:26:52 Class constructed
2017-07-25 09:26:52 Class constructed
2017-07-25 09:26:52 Password : ******
Transaction Ref : 00605374
UserID : 5
Session ID : zmnz03oj3MTZiqw38u0J0kfhNzy5RJhQ
ID Number : 
ID Type : 
Charge : 
Charge Currency : 
2017-07-25 09:26:52 SELECT SQL : SELECT * FROM users WHERE  id = '5'  
2017-07-25 09:26:52 SELECT SQL : SELECT * FROM transfers WHERE  transferRef = '00605374' AND status = 'Pending'  
2017-07-25 09:26:52 SELECT SQL : SELECT id,destinationIpAddress FROM transfers WHERE  transferRef = '00605374'  
2017-07-25 09:26:52 INSERT SQL : INSERT INTO audit_trails  (ts,userId,tableName,recordId,field,oldValue,newValue)  VALUES(NOW(),'5','transfers','74','destinationIpAddress','','197.157.0.49')
2017-07-25 09:26:52 audit_trails Insert ID : 539
2017-07-25 09:26:52 SELECT SQL : SELECT id,receiverIdType FROM transfers WHERE  transferRef = '00605374'  
2017-07-25 09:26:52 INSERT SQL : INSERT INTO audit_trails  (ts,userId,tableName,recordId,field,oldValue,newValue)  VALUES(NOW(),'5','transfers','74','receiverIdType','','0')
2017-07-25 09:26:52 audit_trails Insert ID : 540
2017-07-25 09:26:52 SELECT SQL : SELECT id,receiverId FROM transfers WHERE  transferRef = '00605374'  
2017-07-25 09:26:52 INSERT SQL : INSERT INTO audit_trails  (ts,userId,tableName,recordId,field,oldValue,newValue)  VALUES(NOW(),'5','transfers','74','receiverId','','')
2017-07-25 09:26:52 audit_trails Insert ID : 541
2017-07-25 09:26:52 SELECT SQL : SELECT id,toBranch FROM transfers WHERE  transferRef = '00605374'  
2017-07-25 09:26:52 INSERT SQL : INSERT INTO audit_trails  (ts,userId,tableName,recordId,field,oldValue,newValue)  VALUES(NOW(),'5','transfers','74','toBranch','0','11')
2017-07-25 09:26:52 audit_trails Insert ID : 542
2017-07-25 09:26:52 SELECT SQL : SELECT id,Status FROM transfers WHERE  transferRef = '00605374'  
2017-07-25 09:26:52 INSERT SQL : INSERT INTO audit_trails  (ts,userId,tableName,recordId,field,oldValue,newValue)  VALUES(NOW(),'5','transfers','74','Status','Pending','Success')
2017-07-25 09:26:52 audit_trails Insert ID : 543
2017-07-25 09:26:52 SELECT SQL : SELECT id,userIdDestination FROM transfers WHERE  transferRef = '00605374'  
2017-07-25 09:26:52 INSERT SQL : INSERT INTO audit_trails  (ts,userId,tableName,recordId,field,oldValue,newValue)  VALUES(NOW(),'5','transfers','74','userIdDestination','','5')
2017-07-25 09:26:52 audit_trails Insert ID : 544
2017-07-25 09:26:52 SELECT SQL : SELECT id,withdrawTs FROM transfers WHERE  transferRef = '00605374'  
2017-07-25 09:26:52 INSERT SQL : INSERT INTO audit_trails  (ts,userId,tableName,recordId,field,oldValue,newValue)  VALUES(NOW(),'5','transfers','74','withdrawTs','','2017-07-25 09:07:52')
2017-07-25 09:26:52 audit_trails Insert ID : 545
2017-07-25 09:26:52 UPDATE SQL : UPDATE transfers SET destinationIpAddress = '197.157.0.49',receiverIdType = '0',receiverId = '',toBranch = '11',Status = 'Success',userIdDestination = '5',withdrawTs = '2017-07-25 09:07:52' WHERE  transferRef = '00605374' 
2017-07-25 09:26:52 SELECT SQL : SELECT * FROM settings WHERE  name = 'SuspenseAccount'  
2017-07-25 09:26:52 SELECT SQL : SELECT * FROM settings WHERE  name = 'ToChinaAccount'  
2017-07-25 09:26:52 SELECT SQL : SELECT * FROM account_transfers WHERE  transferRef = '00605374'  
2017-07-25 09:26:52 SELECT SQL : SELECT id FROM accounts WHERE  branchId = '11' AND currency_id = '1'  
2017-07-25 09:26:52 Transfer Amount : 13520
2017-07-25 09:26:52 INSERT SQL : INSERT INTO account_transfers  (ts,type,amount,amountB4Xchange,amountAfterXchange,exchangeRate,charge,chargeCurrency,fromId,toId,userId,createdBy,transferRef)  VALUES(NOW(),'transfer','2000','2000','13520','6.76','0','0','27','26','5','5','00605374')
2017-07-25 09:26:52 Balance Update Params :
Branch Id : 0
Account ID : 26
Amount : 2000
2017-07-25 09:26:52 SELECT SQL : SELECT * FROM balances WHERE  branchId = '0' AND accountId = '26'  
2017-07-25 09:26:52 SELECT SQL : SELECT * FROM balances WHERE  branchId = '0' AND accountId = '26' AND date = '2017-07-25'  
2017-07-25 09:26:52 UPDATE SQL : UPDATE balances SET closingBalance = '-2772573' WHERE  branchId = '0' AND accountId = '26' AND date = '2017-07-25' 
2017-07-25 09:26:52 Balance Update Status 2:1
 2017-07-25 09:26:52 Balance Update Params :
Branch Id : 11
Account ID : 27
Amount : -13520
2017-07-25 09:26:52 SELECT SQL : SELECT * FROM balances WHERE  branchId = '11' AND accountId = '27'  
2017-07-25 09:26:52 SELECT SQL : SELECT * FROM balances WHERE  branchId = '11' AND accountId = '27' AND date = '2017-07-25'  
2017-07-25 09:26:52 UPDATE SQL : UPDATE balances SET closingBalance = '5215151.6461271' WHERE  branchId = '11' AND accountId = '27' AND date = '2017-07-25' 
2017-07-25 09:26:52 Balance Update Status 2:1
 2017-07-25 09:26:52 Response : {"success":1,"data":"Transfer cashed out successfully"}
2017-07-25 09:26:55 ---- New Request ----
2017-07-25 09:26:55 Controller : Users
2017-07-25 09:26:55 Method : logoutAction
2017-07-25 09:26:55 Controller File : controllers/Users.class.php, Exists
2017-07-25 09:26:55 Class constructed
2017-07-25 09:26:55 Logout Params ;Session ID :zmnz03oj3MTZiqw38u0J0kfhNzy5RJhQ\User ID : 5
2017-07-25 09:26:55 UPDATE SQL : UPDATE users SET sessionId = '',ipAddress = '197.157.0.49' WHERE  id = '5' 
2017-07-25 09:26:55 Response : {"success":1}
