2017-07-20 13:44:31 ---- New Request ----
2017-07-20 13:44:31 Controller : Users
2017-07-20 13:44:31 Method : formsdetailsAction
2017-07-20 13:44:31 Controller File : controllers/Users.class.php, Exists
2017-07-20 13:44:31 Class constructed
2017-07-20 13:44:31 Details Params :
SessionID :DxfhU2UOZDgZu4elchR2k4Vj206obYKV
User ID : 2
2017-07-20 13:44:31 SELECT SQL : SELECT * FROM branches WHERE  active = '1'  
2017-07-20 13:44:31 SELECT SQL : SELECT * FROM countries WHERE  active = '1'  
2017-07-20 13:44:31 SELECT SQL : SELECT * FROM identification WHERE  active = '1'  
2017-07-20 13:44:31 SELECT SQL : SELECT * FROM users WHERE  active = '1'  
2017-07-20 13:44:31 SELECT SQL : SELECT id,name,branchId,currency_id FROM accounts WHERE  active = '1' AND type_id = '1'  
2017-07-20 13:44:31 Balance Update Params :
Branch Id : 5
Account ID : 16
Amount : 0
2017-07-20 13:44:31 SELECT SQL : SELECT * FROM balances WHERE  branchId = '5' AND accountId = '16'  
2017-07-20 13:44:31 SELECT SQL : SELECT * FROM balances WHERE  branchId = '5' AND accountId = '16' AND date = '2017-07-20'  
2017-07-20 13:44:31 UPDATE SQL : UPDATE balances SET closingBalance = '293496' WHERE  branchId = '5' AND accountId = '16' AND date = '2017-07-20' 
2017-07-20 13:44:31 Balance Update Status 2:1
 2017-07-20 13:44:31 Balance Update Params :
Branch Id : 6
Account ID : 20
Amount : 0
2017-07-20 13:44:31 SELECT SQL : SELECT * FROM balances WHERE  branchId = '6' AND accountId = '20'  
2017-07-20 13:44:31 Balance Update Params :
Branch Id : 6
Account ID : 21
Amount : 0
2017-07-20 13:44:31 SELECT SQL : SELECT * FROM balances WHERE  branchId = '6' AND accountId = '21'  
2017-07-20 13:44:31 SELECT SQL : SELECT * FROM balances WHERE  branchId = '6' AND accountId = '21' AND date = '2017-07-20'  
2017-07-20 13:44:31 UPDATE SQL : UPDATE balances SET closingBalance = '627698.05028101' WHERE  branchId = '6' AND accountId = '21' AND date = '2017-07-20' 
2017-07-20 13:44:31 Balance Update Status 2:1
 2017-07-20 13:44:31 Balance Update Params :
Branch Id : 6
Account ID : 22
Amount : 0
2017-07-20 13:44:31 SELECT SQL : SELECT * FROM balances WHERE  branchId = '6' AND accountId = '22'  
2017-07-20 13:44:31 Balance Update Params :
Branch Id : 6
Account ID : 23
Amount : 0
2017-07-20 13:44:31 SELECT SQL : SELECT * FROM balances WHERE  branchId = '6' AND accountId = '23'  
2017-07-20 13:44:31 SELECT SQL : SELECT * FROM balances WHERE  branchId = '6' AND accountId = '23' AND date = '2017-07-20'  
2017-07-20 13:44:31 UPDATE SQL : UPDATE balances SET closingBalance = '-113664482' WHERE  branchId = '6' AND accountId = '23' AND date = '2017-07-20' 
2017-07-20 13:44:31 Balance Update Status 2:1
 2017-07-20 13:44:31 Balance Update Params :
Branch Id : 6
Account ID : 24
Amount : 0
2017-07-20 13:44:31 SELECT SQL : SELECT * FROM balances WHERE  branchId = '6' AND accountId = '24'  
2017-07-20 13:44:31 Balance Update Params :
Branch Id : 11
Account ID : 27
Amount : 0
2017-07-20 13:44:31 SELECT SQL : SELECT * FROM balances WHERE  branchId = '11' AND accountId = '27'  
2017-07-20 13:44:31 SELECT SQL : SELECT * FROM balances WHERE  branchId = '11' AND accountId = '27' AND date = '2017-07-20'  
2017-07-20 13:44:31 UPDATE SQL : UPDATE balances SET closingBalance = '-3725432.8225704' WHERE  branchId = '11' AND accountId = '27' AND date = '2017-07-20' 
2017-07-20 13:44:31 Balance Update Status 2:1
 2017-07-20 13:44:31 Balance Update Params :
Branch Id : 11
Account ID : 28
Amount : 0
2017-07-20 13:44:31 SELECT SQL : SELECT * FROM balances WHERE  branchId = '11' AND accountId = '28'  
2017-07-20 13:44:31 Balance Update Params :
Branch Id : 12
Account ID : 33
Amount : 0
2017-07-20 13:44:31 SELECT SQL : SELECT * FROM balances WHERE  branchId = '12' AND accountId = '33'  
2017-07-20 13:44:31 SELECT SQL : SELECT * FROM balances WHERE  branchId = '12' AND accountId = '33' AND date = '2017-07-20'  
2017-07-20 13:44:31 UPDATE SQL : UPDATE balances SET closingBalance = '1079' WHERE  branchId = '12' AND accountId = '33' AND date = '2017-07-20' 
2017-07-20 13:44:31 Balance Update Status 2:1
 2017-07-20 13:44:31 Balance Update Params :
Branch Id : 12
Account ID : 36
Amount : 0
2017-07-20 13:44:31 SELECT SQL : SELECT * FROM balances WHERE  branchId = '12' AND accountId = '36'  
2017-07-20 13:44:31 SELECT SQL : SELECT * FROM balances WHERE  branchId = '12' AND accountId = '36' AND date = '2017-07-20'  
2017-07-20 13:44:31 UPDATE SQL : UPDATE balances SET closingBalance = '3867148' WHERE  branchId = '12' AND accountId = '36' AND date = '2017-07-20' 
2017-07-20 13:44:31 Balance Update Status 2:1
 2017-07-20 13:44:31 Balance Update Params :
Branch Id : 7
Account ID : 37
Amount : 0
2017-07-20 13:44:31 SELECT SQL : SELECT * FROM balances WHERE  branchId = '7' AND accountId = '37'  
2017-07-20 13:44:31 SELECT SQL : SELECT * FROM balances WHERE  branchId = '7' AND accountId = '37' AND date = '2017-07-20'  
2017-07-20 13:44:31 UPDATE SQL : UPDATE balances SET closingBalance = '47450' WHERE  branchId = '7' AND accountId = '37' AND date = '2017-07-20' 
2017-07-20 13:44:31 Balance Update Status 2:1
 2017-07-20 13:44:31 Balance Update Params :
Branch Id : 13
Account ID : 38
Amount : 0
2017-07-20 13:44:31 SELECT SQL : SELECT * FROM balances WHERE  branchId = '13' AND accountId = '38'  
2017-07-20 13:44:31 SELECT SQL : SELECT * FROM balances WHERE  branchId = '13' AND accountId = '38' AND date = '2017-07-20'  
2017-07-20 13:44:31 UPDATE SQL : UPDATE balances SET closingBalance = '2700' WHERE  branchId = '13' AND accountId = '38' AND date = '2017-07-20' 
2017-07-20 13:44:31 Balance Update Status 2:1
 2017-07-20 13:44:31 Balance Update Params :
Branch Id : 13
Account ID : 39
Amount : 0
2017-07-20 13:44:31 SELECT SQL : SELECT * FROM balances WHERE  branchId = '13' AND accountId = '39'  
2017-07-20 13:44:31 SELECT SQL : SELECT * FROM currencies WHERE  active = '1'  
2017-07-20 13:44:31 SELECT SQL : SELECT * FROM accounts WHERE  active = '1' AND type_id = '4'  
2017-07-20 13:44:31 SELECT SQL : SELECT * FROM account_types WHERE  active = '1'  
2017-07-20 13:44:31 SELECT SQL : SELECT * FROM user_types WHERE  active = '1'  
2017-07-20 13:44:31 Response : {"data":{"branches":[{"id":"5","name":"KINSHASHA","countryId":"4","location":"Patrice Avenue","supervisorId":"3","createdBy":"4","ts":"2017-06-30 00:06:55","active":"1"},{"id":"6","name":"OASIS MALL","countryId":"1","location":"Yusufu Lule Rd","supervisorId":"3","createdBy":"2","ts":"2017-06-30 00:12:08","active":"1"},{"id":"7","name":"GOMA","countryId":"4","location":"Goma","supervisorId":"3","createdBy":"1","ts":"2017-07-05 00:00:00","active":"1"},{"id":"9","name":"MOMBASA","countryId":"2","location":"Mombasa","supervisorId":"3","createdBy":"1","ts":"2017-07-05 00:00:00","active":"1"},{"id":"10","name":"DUBAI","countryId":"6","location":"Dubai","supervisorId":"3","createdBy":"1","ts":"2017-07-05 00:00:00","active":"1"},{"id":"11","name":"CHINA","countryId":"5","location":"China","supervisorId":"3","createdBy":"3","ts":"2017-07-05 13:23:17","active":"1"},{"id":"12","name":"NAIROBI","countryId":"2","location":"Nairobi","supervisorId":"3","createdBy":"3","ts":"2017-07-06 14:12:35","active":"1"},{"id":"13","name":"KAMPALA ROAD","countryId":"1","location":"kampala road","supervisorId":"3","createdBy":"3","ts":"2017-07-06 14:12:35","active":"1"}],"countries":[{"id":"1","name":"UGANDA","createdBy":"1","ts":"2017-06-25 23:13:31","active":"1"},{"id":"2","name":"KENYA","createdBy":"1","ts":"2017-06-26 09:02:45","active":"1"},{"id":"3","name":"TZ","createdBy":"1","ts":"2017-06-28 11:11:53","active":"1"},{"id":"4","name":"CONGO","createdBy":"1","ts":"2017-06-28 11:26:11","active":"1"},{"id":"5","name":"CHINA","createdBy":"1","ts":"2017-06-28 11:30:01","active":"1"},{"id":"6","name":"UAE","createdBy":"1","ts":"2017-07-05 00:00:00","active":"1"}],"ids":[[{"id":"1","name":"Passport","createdBy":"1","ts":"2017-06-28 14:00:01","active":"1"},{"id":"2","name":"National ID","createdBy":"1","ts":"2017-06-28 14:00:01","active":"1"},{"id":"3","name":"STUDENTS ID","createdBy":"1","ts":"2017-06-28 16:21:46","active":"1"}]],"users":[{"id":"1","firstName":"You","surname":"Jinshu","email":"hudsonbogere@swipeit.co.ug","phone":"256783131266","userName":"you","branchId":"0","userTypeId":"1","password":"$2y$10$pPGbhJ1RXx\/ug.ED3LnsQuKHJTqwYsa\/iF0OqGOgsjflkHKIDTLVq","sessionId":"KSTms8GEe36Gy41kXds63LMk2kJjROlO","ipAddress":"41.210.145.81","createdBy":null,"ts":"2017-06-23 15:08:12","active":"1"},{"id":"2","firstName":"Nansubuga","surname":"Dorothy","email":"henry@gmail.com","phone":"256752284441","userName":"dorah","branchId":"12","userTypeId":"3","password":"$2y$10$F9t92sYKf2rDJ.JzCmrrT.Jt1Ix37Fuo.uZKpXPn69dgDUTZ8xLXi","sessionId":"DxfhU2UOZDgZu4elchR2k4Vj206obYKV","ipAddress":"154.77.4.206","createdBy":"1","ts":"2017-06-26 19:11:07","active":"1"},{"id":"3","firstName":"Lydia","surname":"Amoi","email":"islam@gmail.com","phone":"256777608310","userName":"lydia","branchId":"6","userTypeId":"2","password":"$2y$10$m72Zz8Z.h4\/Zp6TFDhmbXeQ79kZ7JJ2U0yLUanc0dDVxbc.5UPkRG","sessionId":"","ipAddress":"197.157.0.46","createdBy":"1","ts":"2017-06-26 19:41:01","active":"1"},{"id":"4","firstName":"Nabukera","surname":"Maria","email":"banerd@tfb.com","phone":"256774457813","userName":"maria","branchId":"5","userTypeId":"3","password":"$2y$10$wTpUE\/WJFMfQaBglrQocTO9ndV6dbxL2vzFDEJZ1hpVVp4binpXGO","sessionId":"rlwjPHNyG6kNuWcT7RLiz3gIRGkmcp0H","ipAddress":"41.243.11.143","createdBy":"1","ts":"2017-06-26 23:04:07","active":"1"},{"id":"5","firstName":"Henry","surname":"Bbosa","email":null,"phone":null,"userName":"henry","branchId":"11","userTypeId":"3","password":"$2y$10$m72Zz8Z.h4\/Zp6TFDhmbXeQ79kZ7JJ2U0yLUanc0dDVxbc.5UPkRG","sessionId":"","ipAddress":"197.157.0.46","createdBy":"1","ts":"2017-07-05 00:00:00","active":"1"},{"id":"6","firstName":"Edwin","surname":"Kakeeto","email":"edwin@edwin.com","phone":"0777777557","userName":"edwin","branchId":"7","userTypeId":"3","password":"$2y$10$m72Zz8Z.h4\/Zp6TFDhmbXeQ79kZ7JJ2U0yLUanc0dDVxbc.5UPkRG","sessionId":"","ipAddress":"160.242.142.203","createdBy":"3","ts":"2017-07-10 07:37:50","active":"1"},{"id":"7","firstName":"Trish","surname":"Baby","email":"patricia@gmail.com","phone":"0777777557","userName":"trish","branchId":"13","userTypeId":"3","password":"$2y$10$m72Zz8Z.h4\/Zp6TFDhmbXeQ79kZ7JJ2U0yLUanc0dDVxbc.5UPkRG","sessionId":"","ipAddress":"160.242.141.153","createdBy":null,"ts":null,"active":"1"},{"id":"8","firstName":"cedric","surname":"cedric","email":"cedric@gmail.com","phone":"+256754813912","userName":"cedric","branchId":"7","userTypeId":"3","password":"$2y$10$m72Zz8Z.h4\/Zp6TFDhmbXeQ79kZ7JJ2U0yLUanc0dDVxbc.5UPkRG","sessionId":"","ipAddress":"160.242.141.153","createdBy":null,"ts":null,"active":"1"}],"accounts":[{"id":"16","name":"KINSHASHA-USD Account","branchId":"5","currency_id":"2"},{"id":"20","name":"OASIS MALL-RMB Account","branchId":"6","currency_id":"1"},{"id":"21","name":"OASIS MALL-USD Account","branchId":"6","currency_id":"2"},{"id":"22","name":"OASIS MALL-DIRHAM Account","branchId":"6","currency_id":"3"},{"id":"23","name":"OASIS MALL-UGX Account","branchId":"6","currency_id":"4"},{"id":"24","name":"OASIS MALL-KSH Account","branchId":"6","currency_id":"5"},{"id":"27","name":"CHINA-RMB Account","branchId":"11","currency_id":"1"},{"id":"28","name":"CHINA-USD Account","branchId":"11","currency_id":"2"},{"id":"33","name":"NAIROBI-USD Account","branchId":"12","currency_id":"2"},{"id":"36","name":"NAIROBI-KSH Account","branchId":"12","currency_id":"5"},{"id":"37","name":"GOMA-USD ACCOUNT","branchId":"7","currency_id":"2"},{"id":"38","name":"KAMPALA ROAD -USD ACCOUNT","branchId":"13","currency_id":"2"},{"id":"39","name":"KAMPALA ROAD- UGX ACCOUNT ","branchId":"13","currency_id":"4"}],"currencies":[{"id":"1","name":"RMB","symbol":"\u00c2\u00a5","createdBy":"1","ts":"2017-06-27 22:45:12","active":"1"},{"id":"2","name":"USD","symbol":"$","createdBy":"1","ts":"2017-06-27 22:45:12","active":"1"},{"id":"3","name":"DIRHAM","symbol":"","createdBy":"1","ts":"2017-06-28 11:40:09","active":"1"},{"id":"4","name":"UGX","symbol":"\/=","createdBy":"1","ts":"2017-06-28 11:46:50","active":"1"},{"id":"5","name":"KSH","symbol":"","createdBy":"1","ts":"2017-06-28 11:46:50","active":"1"}],"superaccount":[{"id":"1","name":"RMB Account","branchId":"0","type_id":"4","currency_id":"1","balance":"0","createdBy":"1","active":"1","ts":"2017-06-27 22:45:12"}],"accountTypes":[{"id":"1","type":"Transfer","description":"","createdBy":"1","ts":"2017-06-28 14:31:12","active":"1"},{"id":"2","type":"Suspense","description":"","createdBy":"1","ts":"2017-06-28 14:31:12","active":"1"},{"id":"4","type":"Super","description":"","createdBy":"1","ts":"2017-06-28 14:31:12","active":"1"}],"userTypes":[{"id":"1","name":"E-Value Admin","level":"1","ts":"2017-06-27 22:45:12","active":"1"},{"id":"2","name":"Super User","level":"2","ts":"2017-06-27 22:45:12","active":"1"},{"id":"3","name":"Agent","level":"3","ts":"2017-06-27 22:45:12","active":"1"},{"id":"4","name":"System Admin","level":"4","ts":"2017-06-27 22:45:12","active":"1"}]},"success":1}
2017-07-20 13:44:38 ---- New Request ----
2017-07-20 13:44:38 Controller : Users
2017-07-20 13:44:38 Method : logoutAction
2017-07-20 13:44:38 Controller File : controllers/Users.class.php, Exists
2017-07-20 13:44:38 Class constructed
2017-07-20 13:44:38 Logout Params ;Session ID :DxfhU2UOZDgZu4elchR2k4Vj206obYKV\User ID : 2
2017-07-20 13:44:38 UPDATE SQL : UPDATE users SET sessionId = '',ipAddress = '147.75.210.248' WHERE  id = '2' 
2017-07-20 13:44:38 Response : {"success":1}
2017-07-20 13:45:41 ---- New Request ----
2017-07-20 13:45:41 Controller : Users
2017-07-20 13:45:41 Method : loginAction
2017-07-20 13:45:41 Controller File : controllers/Users.class.php, Exists
2017-07-20 13:45:41 Class constructed
2017-07-20 13:45:41 Login Params ;Username :dorah
Password : ******
2017-07-20 13:45:41 SELECT SQL : SELECT id,firstName,surname,userName,userTypeId,sessionId,password,active,branchId FROM users WHERE  userName = 'dorah'  
2017-07-20 13:45:41 SELECT SQL : SELECT name FROM branches WHERE  id = '12'  
2017-07-20 13:45:41 UPDATE SQL : UPDATE users SET sessionId = 'oik13CaSXcwTbJwBGeLD1ONyWWQ2nV2n',ipAddress = '147.75.210.248' WHERE  id = '2' 
2017-07-20 13:45:41 Response : {"success":1,"data":{"id":"2","firstName":"Nansubuga","surname":"Dorothy","userName":"dorah","userTypeId":"3","sessionId":"oik13CaSXcwTbJwBGeLD1ONyWWQ2nV2n","branchId":"12","branchName":"NAIROBI"}}
2017-07-20 13:45:44 ---- New Request ----
2017-07-20 13:45:44 Controller : Users
2017-07-20 13:45:44 Method : formsdetailsAction
2017-07-20 13:45:44 Controller File : controllers/Users.class.php, Exists
2017-07-20 13:45:44 Class constructed
2017-07-20 13:45:44 Details Params :
SessionID :oik13CaSXcwTbJwBGeLD1ONyWWQ2nV2n
User ID : 2
2017-07-20 13:45:44 SELECT SQL : SELECT * FROM branches WHERE  active = '1'  
2017-07-20 13:45:44 SELECT SQL : SELECT * FROM countries WHERE  active = '1'  
2017-07-20 13:45:44 SELECT SQL : SELECT * FROM identification WHERE  active = '1'  
2017-07-20 13:45:44 SELECT SQL : SELECT * FROM users WHERE  active = '1'  
2017-07-20 13:45:44 SELECT SQL : SELECT id,name,branchId,currency_id FROM accounts WHERE  active = '1' AND type_id = '1'  
2017-07-20 13:45:44 Balance Update Params :
Branch Id : 5
Account ID : 16
Amount : 0
2017-07-20 13:45:44 SELECT SQL : SELECT * FROM balances WHERE  branchId = '5' AND accountId = '16'  
2017-07-20 13:45:44 SELECT SQL : SELECT * FROM balances WHERE  branchId = '5' AND accountId = '16' AND date = '2017-07-20'  
2017-07-20 13:45:44 UPDATE SQL : UPDATE balances SET closingBalance = '293496' WHERE  branchId = '5' AND accountId = '16' AND date = '2017-07-20' 
2017-07-20 13:45:44 Balance Update Status 2:1
 2017-07-20 13:45:44 Balance Update Params :
Branch Id : 6
Account ID : 20
Amount : 0
2017-07-20 13:45:44 SELECT SQL : SELECT * FROM balances WHERE  branchId = '6' AND accountId = '20'  
2017-07-20 13:45:44 Balance Update Params :
Branch Id : 6
Account ID : 21
Amount : 0
2017-07-20 13:45:44 SELECT SQL : SELECT * FROM balances WHERE  branchId = '6' AND accountId = '21'  
2017-07-20 13:45:44 SELECT SQL : SELECT * FROM balances WHERE  branchId = '6' AND accountId = '21' AND date = '2017-07-20'  
2017-07-20 13:45:44 UPDATE SQL : UPDATE balances SET closingBalance = '627698.05028101' WHERE  branchId = '6' AND accountId = '21' AND date = '2017-07-20' 
2017-07-20 13:45:44 Balance Update Status 2:1
 2017-07-20 13:45:44 Balance Update Params :
Branch Id : 6
Account ID : 22
Amount : 0
2017-07-20 13:45:44 SELECT SQL : SELECT * FROM balances WHERE  branchId = '6' AND accountId = '22'  
2017-07-20 13:45:44 Balance Update Params :
Branch Id : 6
Account ID : 23
Amount : 0
2017-07-20 13:45:44 SELECT SQL : SELECT * FROM balances WHERE  branchId = '6' AND accountId = '23'  
2017-07-20 13:45:44 SELECT SQL : SELECT * FROM balances WHERE  branchId = '6' AND accountId = '23' AND date = '2017-07-20'  
2017-07-20 13:45:44 UPDATE SQL : UPDATE balances SET closingBalance = '-113664482' WHERE  branchId = '6' AND accountId = '23' AND date = '2017-07-20' 
2017-07-20 13:45:44 Balance Update Status 2:1
 2017-07-20 13:45:44 Balance Update Params :
Branch Id : 6
Account ID : 24
Amount : 0
2017-07-20 13:45:44 SELECT SQL : SELECT * FROM balances WHERE  branchId = '6' AND accountId = '24'  
2017-07-20 13:45:44 Balance Update Params :
Branch Id : 11
Account ID : 27
Amount : 0
2017-07-20 13:45:44 SELECT SQL : SELECT * FROM balances WHERE  branchId = '11' AND accountId = '27'  
2017-07-20 13:45:44 SELECT SQL : SELECT * FROM balances WHERE  branchId = '11' AND accountId = '27' AND date = '2017-07-20'  
2017-07-20 13:45:44 UPDATE SQL : UPDATE balances SET closingBalance = '-3725432.8225704' WHERE  branchId = '11' AND accountId = '27' AND date = '2017-07-20' 
2017-07-20 13:45:44 Balance Update Status 2:1
 2017-07-20 13:45:44 Balance Update Params :
Branch Id : 11
Account ID : 28
Amount : 0
2017-07-20 13:45:44 SELECT SQL : SELECT * FROM balances WHERE  branchId = '11' AND accountId = '28'  
2017-07-20 13:45:44 Balance Update Params :
Branch Id : 12
Account ID : 33
Amount : 0
2017-07-20 13:45:44 SELECT SQL : SELECT * FROM balances WHERE  branchId = '12' AND accountId = '33'  
2017-07-20 13:45:44 SELECT SQL : SELECT * FROM balances WHERE  branchId = '12' AND accountId = '33' AND date = '2017-07-20'  
2017-07-20 13:45:44 UPDATE SQL : UPDATE balances SET closingBalance = '1079' WHERE  branchId = '12' AND accountId = '33' AND date = '2017-07-20' 
2017-07-20 13:45:44 Balance Update Status 2:1
 2017-07-20 13:45:44 Balance Update Params :
Branch Id : 12
Account ID : 36
Amount : 0
2017-07-20 13:45:44 SELECT SQL : SELECT * FROM balances WHERE  branchId = '12' AND accountId = '36'  
2017-07-20 13:45:44 SELECT SQL : SELECT * FROM balances WHERE  branchId = '12' AND accountId = '36' AND date = '2017-07-20'  
2017-07-20 13:45:44 UPDATE SQL : UPDATE balances SET closingBalance = '3867148' WHERE  branchId = '12' AND accountId = '36' AND date = '2017-07-20' 
2017-07-20 13:45:44 Balance Update Status 2:1
 2017-07-20 13:45:44 Balance Update Params :
Branch Id : 7
Account ID : 37
Amount : 0
2017-07-20 13:45:44 SELECT SQL : SELECT * FROM balances WHERE  branchId = '7' AND accountId = '37'  
2017-07-20 13:45:44 SELECT SQL : SELECT * FROM balances WHERE  branchId = '7' AND accountId = '37' AND date = '2017-07-20'  
2017-07-20 13:45:44 UPDATE SQL : UPDATE balances SET closingBalance = '47450' WHERE  branchId = '7' AND accountId = '37' AND date = '2017-07-20' 
2017-07-20 13:45:44 Balance Update Status 2:1
 2017-07-20 13:45:44 Balance Update Params :
Branch Id : 13
Account ID : 38
Amount : 0
2017-07-20 13:45:44 SELECT SQL : SELECT * FROM balances WHERE  branchId = '13' AND accountId = '38'  
2017-07-20 13:45:44 SELECT SQL : SELECT * FROM balances WHERE  branchId = '13' AND accountId = '38' AND date = '2017-07-20'  
2017-07-20 13:45:44 UPDATE SQL : UPDATE balances SET closingBalance = '2700' WHERE  branchId = '13' AND accountId = '38' AND date = '2017-07-20' 
2017-07-20 13:45:44 Balance Update Status 2:1
 2017-07-20 13:45:44 Balance Update Params :
Branch Id : 13
Account ID : 39
Amount : 0
2017-07-20 13:45:44 SELECT SQL : SELECT * FROM balances WHERE  branchId = '13' AND accountId = '39'  
2017-07-20 13:45:44 SELECT SQL : SELECT * FROM currencies WHERE  active = '1'  
2017-07-20 13:45:44 SELECT SQL : SELECT * FROM accounts WHERE  active = '1' AND type_id = '4'  
2017-07-20 13:45:44 SELECT SQL : SELECT * FROM account_types WHERE  active = '1'  
2017-07-20 13:45:44 SELECT SQL : SELECT * FROM user_types WHERE  active = '1'  
2017-07-20 13:45:44 Response : {"data":{"branches":[{"id":"5","name":"KINSHASHA","countryId":"4","location":"Patrice Avenue","supervisorId":"3","createdBy":"4","ts":"2017-06-30 00:06:55","active":"1"},{"id":"6","name":"OASIS MALL","countryId":"1","location":"Yusufu Lule Rd","supervisorId":"3","createdBy":"2","ts":"2017-06-30 00:12:08","active":"1"},{"id":"7","name":"GOMA","countryId":"4","location":"Goma","supervisorId":"3","createdBy":"1","ts":"2017-07-05 00:00:00","active":"1"},{"id":"9","name":"MOMBASA","countryId":"2","location":"Mombasa","supervisorId":"3","createdBy":"1","ts":"2017-07-05 00:00:00","active":"1"},{"id":"10","name":"DUBAI","countryId":"6","location":"Dubai","supervisorId":"3","createdBy":"1","ts":"2017-07-05 00:00:00","active":"1"},{"id":"11","name":"CHINA","countryId":"5","location":"China","supervisorId":"3","createdBy":"3","ts":"2017-07-05 13:23:17","active":"1"},{"id":"12","name":"NAIROBI","countryId":"2","location":"Nairobi","supervisorId":"3","createdBy":"3","ts":"2017-07-06 14:12:35","active":"1"},{"id":"13","name":"KAMPALA ROAD","countryId":"1","location":"kampala road","supervisorId":"3","createdBy":"3","ts":"2017-07-06 14:12:35","active":"1"}],"countries":[{"id":"1","name":"UGANDA","createdBy":"1","ts":"2017-06-25 23:13:31","active":"1"},{"id":"2","name":"KENYA","createdBy":"1","ts":"2017-06-26 09:02:45","active":"1"},{"id":"3","name":"TZ","createdBy":"1","ts":"2017-06-28 11:11:53","active":"1"},{"id":"4","name":"CONGO","createdBy":"1","ts":"2017-06-28 11:26:11","active":"1"},{"id":"5","name":"CHINA","createdBy":"1","ts":"2017-06-28 11:30:01","active":"1"},{"id":"6","name":"UAE","createdBy":"1","ts":"2017-07-05 00:00:00","active":"1"}],"ids":[[{"id":"1","name":"Passport","createdBy":"1","ts":"2017-06-28 14:00:01","active":"1"},{"id":"2","name":"National ID","createdBy":"1","ts":"2017-06-28 14:00:01","active":"1"},{"id":"3","name":"STUDENTS ID","createdBy":"1","ts":"2017-06-28 16:21:46","active":"1"}]],"users":[{"id":"1","firstName":"You","surname":"Jinshu","email":"hudsonbogere@swipeit.co.ug","phone":"256783131266","userName":"you","branchId":"0","userTypeId":"1","password":"$2y$10$pPGbhJ1RXx\/ug.ED3LnsQuKHJTqwYsa\/iF0OqGOgsjflkHKIDTLVq","sessionId":"KSTms8GEe36Gy41kXds63LMk2kJjROlO","ipAddress":"41.210.145.81","createdBy":null,"ts":"2017-06-23 15:08:12","active":"1"},{"id":"2","firstName":"Nansubuga","surname":"Dorothy","email":"henry@gmail.com","phone":"256752284441","userName":"dorah","branchId":"12","userTypeId":"3","password":"$2y$10$F9t92sYKf2rDJ.JzCmrrT.Jt1Ix37Fuo.uZKpXPn69dgDUTZ8xLXi","sessionId":"oik13CaSXcwTbJwBGeLD1ONyWWQ2nV2n","ipAddress":"147.75.210.248","createdBy":"1","ts":"2017-06-26 19:11:07","active":"1"},{"id":"3","firstName":"Lydia","surname":"Amoi","email":"islam@gmail.com","phone":"256777608310","userName":"lydia","branchId":"6","userTypeId":"2","password":"$2y$10$m72Zz8Z.h4\/Zp6TFDhmbXeQ79kZ7JJ2U0yLUanc0dDVxbc.5UPkRG","sessionId":"","ipAddress":"197.157.0.46","createdBy":"1","ts":"2017-06-26 19:41:01","active":"1"},{"id":"4","firstName":"Nabukera","surname":"Maria","email":"banerd@tfb.com","phone":"256774457813","userName":"maria","branchId":"5","userTypeId":"3","password":"$2y$10$wTpUE\/WJFMfQaBglrQocTO9ndV6dbxL2vzFDEJZ1hpVVp4binpXGO","sessionId":"rlwjPHNyG6kNuWcT7RLiz3gIRGkmcp0H","ipAddress":"41.243.11.143","createdBy":"1","ts":"2017-06-26 23:04:07","active":"1"},{"id":"5","firstName":"Henry","surname":"Bbosa","email":null,"phone":null,"userName":"henry","branchId":"11","userTypeId":"3","password":"$2y$10$m72Zz8Z.h4\/Zp6TFDhmbXeQ79kZ7JJ2U0yLUanc0dDVxbc.5UPkRG","sessionId":"","ipAddress":"197.157.0.46","createdBy":"1","ts":"2017-07-05 00:00:00","active":"1"},{"id":"6","firstName":"Edwin","surname":"Kakeeto","email":"edwin@edwin.com","phone":"0777777557","userName":"edwin","branchId":"7","userTypeId":"3","password":"$2y$10$m72Zz8Z.h4\/Zp6TFDhmbXeQ79kZ7JJ2U0yLUanc0dDVxbc.5UPkRG","sessionId":"","ipAddress":"160.242.142.203","createdBy":"3","ts":"2017-07-10 07:37:50","active":"1"},{"id":"7","firstName":"Trish","surname":"Baby","email":"patricia@gmail.com","phone":"0777777557","userName":"trish","branchId":"13","userTypeId":"3","password":"$2y$10$m72Zz8Z.h4\/Zp6TFDhmbXeQ79kZ7JJ2U0yLUanc0dDVxbc.5UPkRG","sessionId":"","ipAddress":"160.242.141.153","createdBy":null,"ts":null,"active":"1"},{"id":"8","firstName":"cedric","surname":"cedric","email":"cedric@gmail.com","phone":"+256754813912","userName":"cedric","branchId":"7","userTypeId":"3","password":"$2y$10$m72Zz8Z.h4\/Zp6TFDhmbXeQ79kZ7JJ2U0yLUanc0dDVxbc.5UPkRG","sessionId":"","ipAddress":"160.242.141.153","createdBy":null,"ts":null,"active":"1"}],"accounts":[{"id":"16","name":"KINSHASHA-USD Account","branchId":"5","currency_id":"2"},{"id":"20","name":"OASIS MALL-RMB Account","branchId":"6","currency_id":"1"},{"id":"21","name":"OASIS MALL-USD Account","branchId":"6","currency_id":"2"},{"id":"22","name":"OASIS MALL-DIRHAM Account","branchId":"6","currency_id":"3"},{"id":"23","name":"OASIS MALL-UGX Account","branchId":"6","currency_id":"4"},{"id":"24","name":"OASIS MALL-KSH Account","branchId":"6","currency_id":"5"},{"id":"27","name":"CHINA-RMB Account","branchId":"11","currency_id":"1"},{"id":"28","name":"CHINA-USD Account","branchId":"11","currency_id":"2"},{"id":"33","name":"NAIROBI-USD Account","branchId":"12","currency_id":"2"},{"id":"36","name":"NAIROBI-KSH Account","branchId":"12","currency_id":"5"},{"id":"37","name":"GOMA-USD ACCOUNT","branchId":"7","currency_id":"2"},{"id":"38","name":"KAMPALA ROAD -USD ACCOUNT","branchId":"13","currency_id":"2"},{"id":"39","name":"KAMPALA ROAD- UGX ACCOUNT ","branchId":"13","currency_id":"4"}],"currencies":[{"id":"1","name":"RMB","symbol":"\u00c2\u00a5","createdBy":"1","ts":"2017-06-27 22:45:12","active":"1"},{"id":"2","name":"USD","symbol":"$","createdBy":"1","ts":"2017-06-27 22:45:12","active":"1"},{"id":"3","name":"DIRHAM","symbol":"","createdBy":"1","ts":"2017-06-28 11:40:09","active":"1"},{"id":"4","name":"UGX","symbol":"\/=","createdBy":"1","ts":"2017-06-28 11:46:50","active":"1"},{"id":"5","name":"KSH","symbol":"","createdBy":"1","ts":"2017-06-28 11:46:50","active":"1"}],"superaccount":[{"id":"1","name":"RMB Account","branchId":"0","type_id":"4","currency_id":"1","balance":"0","createdBy":"1","active":"1","ts":"2017-06-27 22:45:12"}],"accountTypes":[{"id":"1","type":"Transfer","description":"","createdBy":"1","ts":"2017-06-28 14:31:12","active":"1"},{"id":"2","type":"Suspense","description":"","createdBy":"1","ts":"2017-06-28 14:31:12","active":"1"},{"id":"4","type":"Super","description":"","createdBy":"1","ts":"2017-06-28 14:31:12","active":"1"}],"userTypes":[{"id":"1","name":"E-Value Admin","level":"1","ts":"2017-06-27 22:45:12","active":"1"},{"id":"2","name":"Super User","level":"2","ts":"2017-06-27 22:45:12","active":"1"},{"id":"3","name":"Agent","level":"3","ts":"2017-06-27 22:45:12","active":"1"},{"id":"4","name":"System Admin","level":"4","ts":"2017-06-27 22:45:12","active":"1"}]},"success":1}
2017-07-20 13:45:56 ---- New Request ----
2017-07-20 13:45:56 Controller : Transfers
2017-07-20 13:45:56 Method : getallaccountbalancesAction
2017-07-20 13:45:56 Controller File : controllers/Transfers.class.php, Exists
2017-07-20 13:45:56 Class constructed
2017-07-20 13:45:56 Class constructed
2017-07-20 13:45:56 UserID : 2
SessionId : oik13CaSXcwTbJwBGeLD1ONyWWQ2nV2n
Branch ID : 12
2017-07-20 13:45:56 SELECT SQL : SELECT sessionId FROM users WHERE  id = '2'  
2017-07-20 13:45:56 SELECT SQL : SELECT name,id FROM accounts WHERE  active = '1' AND branchId = '12'  
2017-07-20 13:45:56 SELECT SQL : SELECT name FROM branches WHERE  id = '12'  
2017-07-20 13:45:56 Response : {"success":1,"data":[{"name":"NAIROBI-USD Account","id":"33","balance":1079},{"name":"NAIROBI-KSH Account","id":"36","balance":3867148}],"branchName":"NAIROBI"}
2017-07-20 13:46:01 ---- New Request ----
2017-07-20 13:46:01 Controller : Transfers
2017-07-20 13:46:01 Method : getallaccountbalancesAction
2017-07-20 13:46:01 Controller File : controllers/Transfers.class.php, Exists
2017-07-20 13:46:01 Class constructed
2017-07-20 13:46:01 Class constructed
2017-07-20 13:46:01 UserID : 2
SessionId : oik13CaSXcwTbJwBGeLD1ONyWWQ2nV2n
Branch ID : 12
2017-07-20 13:46:01 SELECT SQL : SELECT sessionId FROM users WHERE  id = '2'  
2017-07-20 13:46:01 SELECT SQL : SELECT name,id FROM accounts WHERE  active = '1' AND branchId = '12'  
2017-07-20 13:46:01 SELECT SQL : SELECT name FROM branches WHERE  id = '12'  
2017-07-20 13:46:01 Response : {"success":1,"data":[{"name":"NAIROBI-USD Account","id":"33","balance":1079},{"name":"NAIROBI-KSH Account","id":"36","balance":3867148}],"branchName":"NAIROBI"}
2017-07-20 13:46:09 ---- New Request ----
2017-07-20 13:46:09 Controller : Reports
2017-07-20 13:46:09 Method : gettransferlogsAction
2017-07-20 13:46:09 Controller File : controllers/Reports.class.php, Exists
2017-07-20 13:46:09 Class constructed
2017-07-20 13:46:09 Class constructed
2017-07-20 13:46:09 UserID : 2
SessionId : oik13CaSXcwTbJwBGeLD1ONyWWQ2nV2n
Branch ID : 12
Date : 
Account ID : 
2017-07-20 13:46:09 SELECT SQL : SELECT sessionId,branchId,userTypeId FROM users WHERE  id = '2'  
2017-07-20 13:46:09 SELECT SQL : SELECT id,fromBranch,toBranch,amount,currency,charge,transferRef,userIdSource,userIdDestination,ts,withdrawTs,status,senderFname,senderSurname,senderPhone,senderEmail,receiverFname,receiverSurname,receiverPhone,receiverAccountNumber,destinationCountryId FROM transfers WHERE  fromBranch = '12'  OR toBranch = '12'  ORDER BY ts DESC LIMIT 20
2017-07-20 13:46:09 SELECT SQL : SELECT name FROM branches WHERE  id = '12'  
2017-07-20 13:46:09 SELECT SQL : SELECT name FROM branches WHERE  id = '11'  
2017-07-20 13:46:09 SELECT SQL : SELECT name FROM currencies WHERE  id = '1'  
2017-07-20 13:46:09 SELECT SQL : SELECT userName FROM users WHERE  id = '2'  
2017-07-20 13:46:09 SELECT SQL : SELECT userName FROM users WHERE  id = '5'  
2017-07-20 13:46:09 SELECT SQL : SELECT name FROM countries WHERE  id = '5'  
2017-07-20 13:46:09 SELECT SQL : SELECT name FROM branches WHERE  id = '12'  
2017-07-20 13:46:09 SELECT SQL : SELECT name FROM branches WHERE  id = '11'  
2017-07-20 13:46:09 SELECT SQL : SELECT name FROM currencies WHERE  id = '1'  
2017-07-20 13:46:09 SELECT SQL : SELECT userName FROM users WHERE  id = '2'  
2017-07-20 13:46:09 SELECT SQL : SELECT userName FROM users WHERE  id = '5'  
2017-07-20 13:46:09 SELECT SQL : SELECT name FROM countries WHERE  id = '5'  
2017-07-20 13:46:09 SELECT SQL : SELECT name FROM branches WHERE  id = '12'  
2017-07-20 13:46:09 SELECT SQL : SELECT name FROM branches WHERE  id = '11'  
2017-07-20 13:46:09 SELECT SQL : SELECT name FROM currencies WHERE  id = '1'  
2017-07-20 13:46:09 SELECT SQL : SELECT userName FROM users WHERE  id = '2'  
2017-07-20 13:46:09 SELECT SQL : SELECT userName FROM users WHERE  id = '5'  
2017-07-20 13:46:09 SELECT SQL : SELECT name FROM countries WHERE  id = '5'  
2017-07-20 13:46:09 SELECT SQL : SELECT name FROM branches WHERE  id = '12'  
2017-07-20 13:46:09 SELECT SQL : SELECT name FROM branches WHERE  id = '11'  
2017-07-20 13:46:09 SELECT SQL : SELECT name FROM currencies WHERE  id = '1'  
2017-07-20 13:46:09 SELECT SQL : SELECT userName FROM users WHERE  id = '2'  
2017-07-20 13:46:09 SELECT SQL : SELECT userName FROM users WHERE  id = '5'  
2017-07-20 13:46:09 SELECT SQL : SELECT name FROM countries WHERE  id = '5'  
2017-07-20 13:46:09 SELECT SQL : SELECT name FROM branches WHERE  id = '12'  
2017-07-20 13:46:09 SELECT SQL : SELECT name FROM branches WHERE  id = '11'  
2017-07-20 13:46:09 SELECT SQL : SELECT name FROM currencies WHERE  id = '1'  
2017-07-20 13:46:09 SELECT SQL : SELECT userName FROM users WHERE  id = '2'  
2017-07-20 13:46:09 SELECT SQL : SELECT userName FROM users WHERE  id = '5'  
2017-07-20 13:46:09 SELECT SQL : SELECT name FROM countries WHERE  id = '5'  
2017-07-20 13:46:09 SELECT SQL : SELECT name FROM branches WHERE  id = '12'  
2017-07-20 13:46:09 SELECT SQL : SELECT name FROM branches WHERE  id = '11'  
2017-07-20 13:46:09 SELECT SQL : SELECT name FROM currencies WHERE  id = '1'  
2017-07-20 13:46:09 SELECT SQL : SELECT userName FROM users WHERE  id = '2'  
2017-07-20 13:46:09 SELECT SQL : SELECT userName FROM users WHERE  id = '5'  
2017-07-20 13:46:09 SELECT SQL : SELECT name FROM countries WHERE  id = '5'  
2017-07-20 13:46:09 SELECT SQL : SELECT name FROM branches WHERE  id = '12'  
2017-07-20 13:46:09 Response : {"success":1,"branchName":"NAIROBI","data":[{"id":"11","fromBranch":"12","toBranch":"11","amount":"312600","currency":"RMB","charge":"1700","transferRef":"01205211","userIdSource":"2","userIdDestination":"5","ts":"2017-07-19 13:31:06","withdrawTs":"2017-07-19 17:07:15","status":"Success","senderFname":"","senderSurname":"Poker","senderPhone":"+254727428993","senderEmail":"","receiverFname":"Dan","receiverSurname":"Li","receiverPhone":"+254727428993","receiverAccountNumber":"6222083400007292010","destinationCountryId":"5","fromBranchName":"NAIROBI","toBranchName":"CHINA","agentSource":"dorah","agentDestination":"henry","destinationCountry":null},{"id":"5","fromBranch":"12","toBranch":"11","amount":"1000","currency":"RMB","charge":null,"transferRef":"0120525","userIdSource":"2","userIdDestination":"5","ts":"2017-07-19 09:52:58","withdrawTs":"2017-07-19 17:07:51","status":"Success","senderFname":"","senderSurname":"Lu","senderPhone":"+254721472501","senderEmail":"","receiverFname":"Hong","receiverSurname":"Xian","receiverPhone":"+254721472501","receiverAccountNumber":"6226901405767348","destinationCountryId":"5","fromBranchName":"NAIROBI","toBranchName":"CHINA","agentSource":"dorah","agentDestination":"henry","destinationCountry":null},{"id":"4","fromBranch":"12","toBranch":"11","amount":"208660","currency":"RMB","charge":null,"transferRef":"0120524","userIdSource":"2","userIdDestination":"5","ts":"2017-07-19 09:45:18","withdrawTs":"2017-07-19 17:07:41","status":"Success","senderFname":"","senderSurname":"Lu","senderPhone":"+254721472501","senderEmail":"","receiverFname":"Xian","receiverSurname":"Hong","receiverPhone":"+254721472501","receiverAccountNumber":"6226901405767348","destinationCountryId":"5","fromBranchName":"NAIROBI","toBranchName":"CHINA","agentSource":"dorah","agentDestination":"henry","destinationCountry":null},{"id":"3","fromBranch":"12","toBranch":"11","amount":"281340","currency":"RMB","charge":"1700","transferRef":"0120523","userIdSource":"2","userIdDestination":"5","ts":"2017-07-19 09:24:19","withdrawTs":"2017-07-19 17:07:18","status":"Success","senderFname":"","senderSurname":"Lu","senderPhone":"+254721472501","senderEmail":"","receiverFname":"Hong","receiverSurname":"Xian","receiverPhone":"+254721472501","receiverAccountNumber":"6217004229998141175","destinationCountryId":"5","fromBranchName":"NAIROBI","toBranchName":"CHINA","agentSource":"dorah","agentDestination":"henry","destinationCountry":null},{"id":"2","fromBranch":"12","toBranch":"11","amount":"398300","currency":"RMB","charge":"1700","transferRef":"0120522","userIdSource":"2","userIdDestination":"5","ts":"2017-07-19 07:59:23","withdrawTs":"2017-07-19 17:07:40","status":"Success","senderFname":"","senderSurname":"Wu","senderPhone":"+254713072228","senderEmail":"","receiverFname":"Shuai","receiverSurname":"Shao","receiverPhone":"+254713072228","receiverAccountNumber":"6217850100001899163","destinationCountryId":"5","fromBranchName":"NAIROBI","toBranchName":"CHINA","agentSource":"dorah","agentDestination":"henry","destinationCountry":null},{"id":"1","fromBranch":"12","toBranch":"11","amount":"2657100","currency":"RMB","charge":"1700","transferRef":"0120521","userIdSource":"2","userIdDestination":"5","ts":"2017-07-19 07:33:59","withdrawTs":"2017-07-19 17:07:04","status":"Success","senderFname":"","senderSurname":"Vincent","senderPhone":"+254731325666","senderEmail":"","receiverFname":"Xiong","receiverSurname":"Tao","receiverPhone":"+254731325666","receiverAccountNumber":"6222022319000895880","destinationCountryId":"5","fromBranchName":"NAIROBI","toBranchName":"CHINA","agentSource":"dorah","agentDestination":"henry","destinationCountry":null}]}
2017-07-20 13:47:32 ---- New Request ----
2017-07-20 13:47:32 Controller : Exchange
2017-07-20 13:47:32 Method : createexchangeAction
2017-07-20 13:47:32 Controller File : controllers/Exchange.class.php, Exists
2017-07-20 13:47:32 Class constructed
2017-07-20 13:47:32 Class constructed
2017-07-20 13:47:32 Exchange Params:
FromCurrency : 5
ToCurrency : 2
AmountBe4 : 3549600
Amount After : 34000
Exhange Rate : 104.4
UserID : 2
Session ID : oik13CaSXcwTbJwBGeLD1ONyWWQ2nV2n
2017-07-20 13:47:32 SELECT SQL : SELECT * FROM users WHERE  id = '2'  
2017-07-20 13:47:32 INSERT SQL : INSERT INTO currency_exhane  (ts,fromCurrencyId,toCurrencyId,AmountBeforeXchange,amountAfterXchange,exhangeRate,userId)  VALUES(NOW(),'5','2','3549600','34000','104.4','2')
2017-07-20 13:47:32 Response : {"success":0,"errormsg":"Sorry your transaction failed. Reason: System unavailable. Contact admin"}
