2017-08-17 12:02:25 ---- New Request ----
2017-08-17 12:02:25 Controller : Users
2017-08-17 12:02:25 Method : loginAction
2017-08-17 12:02:25 Controller File : controllers/Users.class.php, Exists
2017-08-17 12:02:25 Class constructed
2017-08-17 12:02:25 Login Params ;Username :lydia
Password : ******
2017-08-17 12:02:25 SELECT SQL : SELECT id,firstName,surname,userName,userTypeId,sessionId,password,active,branchId FROM users WHERE  userName = 'lydia'  
2017-08-17 12:02:25 SELECT SQL : SELECT name FROM branches WHERE  id = '6'  
2017-08-17 12:02:25 UPDATE SQL : UPDATE users SET sessionId = 'j3Y7d8HyaaG3FBQmGSl0oDfGrBhKk6B4',ipAddress = '::1' WHERE  id = '3' 
2017-08-17 12:02:25 Response : {"success":1,"data":{"id":"3","firstName":"Lydia","surname":"Amoi","userName":"lydia","userTypeId":"2","sessionId":"j3Y7d8HyaaG3FBQmGSl0oDfGrBhKk6B4","branchId":"6","branchName":"OASIS MALL"}}
2017-08-17 12:02:25 ---- New Request ----
2017-08-17 12:02:25 Controller : Users
2017-08-17 12:02:25 Method : formsdetailsAction
2017-08-17 12:02:25 Controller File : controllers/Users.class.php, Exists
2017-08-17 12:02:25 Class constructed
2017-08-17 12:02:25 Details Params :
SessionID :j3Y7d8HyaaG3FBQmGSl0oDfGrBhKk6B4
User ID : 3
2017-08-17 12:02:25 SELECT SQL : SELECT * FROM branches WHERE  active = '1'  
2017-08-17 12:02:25 SELECT SQL : SELECT * FROM countries WHERE  active = '1'  
2017-08-17 12:02:25 SELECT SQL : SELECT * FROM identification WHERE  active = '1'  
2017-08-17 12:02:25 SELECT SQL : SELECT * FROM users WHERE  active = '1'  
2017-08-17 12:02:25 SELECT SQL : SELECT id,name,branchId,currency_id FROM accounts WHERE  active = '1' AND type_id = '1'  
2017-08-17 12:02:25 Balance Update Params :
Branch Id : 5
Account ID : 16
Amount : 0
2017-08-17 12:02:25 SELECT SQL : SELECT * FROM balances WHERE  branchId = '5' AND accountId = '16'  
2017-08-17 12:02:25 SELECT SQL : SELECT * FROM balances WHERE  branchId = '5' AND accountId = '16' AND date = '2017-08-17'  
2017-08-17 12:02:25 The final amount: 0
 2017-08-17 12:02:25 UPDATE SQL : UPDATE balances SET closingBalance = '144746669' WHERE  branchId = '5' AND accountId = '16' AND date = '2017-08-17' 
2017-08-17 12:02:25 Balance Update Status 2:1
 2017-08-17 12:02:25 Balance Update Params :
Branch Id : 6
Account ID : 20
Amount : 0
2017-08-17 12:02:25 SELECT SQL : SELECT * FROM balances WHERE  branchId = '6' AND accountId = '20'  
2017-08-17 12:02:25 SELECT SQL : SELECT * FROM balances WHERE  branchId = '6' AND accountId = '20' AND date = '2017-08-17'  
2017-08-17 12:02:25 The final amount: 0
 2017-08-17 12:02:25 UPDATE SQL : UPDATE balances SET closingBalance = '3260000' WHERE  branchId = '6' AND accountId = '20' AND date = '2017-08-17' 
2017-08-17 12:02:25 Balance Update Status 2:1
 2017-08-17 12:02:25 Balance Update Params :
Branch Id : 6
Account ID : 21
Amount : 0
2017-08-17 12:02:25 SELECT SQL : SELECT * FROM balances WHERE  branchId = '6' AND accountId = '21'  
2017-08-17 12:02:25 SELECT SQL : SELECT * FROM balances WHERE  branchId = '6' AND accountId = '21' AND date = '2017-08-17'  
2017-08-17 12:02:25 The final amount: 0
 2017-08-17 12:02:25 UPDATE SQL : UPDATE balances SET closingBalance = '-3204507' WHERE  branchId = '6' AND accountId = '21' AND date = '2017-08-17' 
2017-08-17 12:02:25 Balance Update Status 2:1
 2017-08-17 12:02:25 Balance Update Params :
Branch Id : 6
Account ID : 22
Amount : 0
2017-08-17 12:02:25 SELECT SQL : SELECT * FROM balances WHERE  branchId = '6' AND accountId = '22'  
2017-08-17 12:02:25 SELECT SQL : SELECT * FROM balances WHERE  branchId = '6' AND accountId = '22' AND date = '2017-08-17'  
2017-08-17 12:02:25 The final amount: 0
 2017-08-17 12:02:25 UPDATE SQL : UPDATE balances SET closingBalance = '-3000' WHERE  branchId = '6' AND accountId = '22' AND date = '2017-08-17' 
2017-08-17 12:02:26 Balance Update Status 2:1
 2017-08-17 12:02:26 Balance Update Params :
Branch Id : 6
Account ID : 23
Amount : 0
2017-08-17 12:02:26 SELECT SQL : SELECT * FROM balances WHERE  branchId = '6' AND accountId = '23'  
2017-08-17 12:02:26 SELECT SQL : SELECT * FROM balances WHERE  branchId = '6' AND accountId = '23' AND date = '2017-08-17'  
2017-08-17 12:02:26 The final amount: 0
 2017-08-17 12:02:26 UPDATE SQL : UPDATE balances SET closingBalance = '16602422628' WHERE  branchId = '6' AND accountId = '23' AND date = '2017-08-17' 
2017-08-17 12:02:26 Balance Update Status 2:1
 2017-08-17 12:02:26 Balance Update Params :
Branch Id : 6
Account ID : 24
Amount : 0
2017-08-17 12:02:26 SELECT SQL : SELECT * FROM balances WHERE  branchId = '6' AND accountId = '24'  
2017-08-17 12:02:26 SELECT SQL : SELECT * FROM balances WHERE  branchId = '6' AND accountId = '24' AND date = '2017-08-17'  
2017-08-17 12:02:26 The final amount: 0
 2017-08-17 12:02:26 UPDATE SQL : UPDATE balances SET closingBalance = '1847000' WHERE  branchId = '6' AND accountId = '24' AND date = '2017-08-17' 
2017-08-17 12:02:26 Balance Update Status 2:1
 2017-08-17 12:02:26 Balance Update Params :
Branch Id : 11
Account ID : 27
Amount : 0
2017-08-17 12:02:26 SELECT SQL : SELECT * FROM balances WHERE  branchId = '11' AND accountId = '27'  
2017-08-17 12:02:26 Balance Update Params :
Branch Id : 11
Account ID : 28
Amount : 0
2017-08-17 12:02:26 SELECT SQL : SELECT * FROM balances WHERE  branchId = '11' AND accountId = '28'  
2017-08-17 12:02:26 Balance Update Params :
Branch Id : 12
Account ID : 33
Amount : 0
2017-08-17 12:02:26 SELECT SQL : SELECT * FROM balances WHERE  branchId = '12' AND accountId = '33'  
2017-08-17 12:02:26 SELECT SQL : SELECT * FROM balances WHERE  branchId = '12' AND accountId = '33' AND date = '2017-08-17'  
2017-08-17 12:02:26 The final amount: 0
 2017-08-17 12:02:26 UPDATE SQL : UPDATE balances SET closingBalance = '25154' WHERE  branchId = '12' AND accountId = '33' AND date = '2017-08-17' 
2017-08-17 12:02:26 Balance Update Status 2:1
 2017-08-17 12:02:26 Balance Update Params :
Branch Id : 12
Account ID : 36
Amount : 0
2017-08-17 12:02:26 SELECT SQL : SELECT * FROM balances WHERE  branchId = '12' AND accountId = '36'  
2017-08-17 12:02:26 SELECT SQL : SELECT * FROM balances WHERE  branchId = '12' AND accountId = '36' AND date = '2017-08-17'  
2017-08-17 12:02:26 The final amount: 0
 2017-08-17 12:02:26 UPDATE SQL : UPDATE balances SET closingBalance = '7637' WHERE  branchId = '12' AND accountId = '36' AND date = '2017-08-17' 
2017-08-17 12:02:26 Balance Update Status 2:1
 2017-08-17 12:02:26 Balance Update Params :
Branch Id : 7
Account ID : 37
Amount : 0
2017-08-17 12:02:26 SELECT SQL : SELECT * FROM balances WHERE  branchId = '7' AND accountId = '37'  
2017-08-17 12:02:26 SELECT SQL : SELECT * FROM balances WHERE  branchId = '7' AND accountId = '37' AND date = '2017-08-17'  
2017-08-17 12:02:26 The final amount: 0
 2017-08-17 12:02:26 UPDATE SQL : UPDATE balances SET closingBalance = '100158' WHERE  branchId = '7' AND accountId = '37' AND date = '2017-08-17' 
2017-08-17 12:02:26 Balance Update Status 2:1
 2017-08-17 12:02:26 Balance Update Params :
Branch Id : 13
Account ID : 38
Amount : 0
2017-08-17 12:02:26 SELECT SQL : SELECT * FROM balances WHERE  branchId = '13' AND accountId = '38'  
2017-08-17 12:02:26 Balance Update Params :
Branch Id : 13
Account ID : 39
Amount : 0
2017-08-17 12:02:26 SELECT SQL : SELECT * FROM balances WHERE  branchId = '13' AND accountId = '39'  
2017-08-17 12:02:26 SELECT SQL : SELECT * FROM balances WHERE  branchId = '13' AND accountId = '39' AND date = '2017-08-17'  
2017-08-17 12:02:26 The final amount: 0
 2017-08-17 12:02:26 UPDATE SQL : UPDATE balances SET closingBalance = '-6840000011.9444' WHERE  branchId = '13' AND accountId = '39' AND date = '2017-08-17' 
2017-08-17 12:02:26 Balance Update Status 2:1
 2017-08-17 12:02:26 SELECT SQL : SELECT * FROM currencies WHERE  active = '1'  
2017-08-17 12:02:26 SELECT SQL : SELECT * FROM accounts WHERE  active = '1' AND type_id = '4'  
2017-08-17 12:02:26 SELECT SQL : SELECT * FROM account_types WHERE  active = '1'  
2017-08-17 12:02:26 SELECT SQL : SELECT * FROM user_types WHERE  active = '1'  
2017-08-17 12:02:26 Response : {"data":{"branches":[{"id":"5","name":"KINSHASHA","countryId":"4","location":"Patrice Avenue","supervisorId":"3","createdBy":"4","ts":"2017-06-30 00:06:55","active":"1"},{"id":"6","name":"OASIS MALL","countryId":"1","location":"Yusufu Lule Rd","supervisorId":"3","createdBy":"2","ts":"2017-06-30 00:12:08","active":"1"},{"id":"7","name":"GOMA","countryId":"4","location":"Goma","supervisorId":"3","createdBy":"1","ts":"2017-07-05 00:00:00","active":"1"},{"id":"9","name":"MOMBASA","countryId":"2","location":"Mombasa","supervisorId":"3","createdBy":"1","ts":"2017-07-05 00:00:00","active":"1"},{"id":"10","name":"DUBAI","countryId":"6","location":"Dubai","supervisorId":"3","createdBy":"1","ts":"2017-07-05 00:00:00","active":"1"},{"id":"11","name":"CHINA","countryId":"5","location":"China","supervisorId":"3","createdBy":"3","ts":"2017-07-05 13:23:17","active":"1"},{"id":"12","name":"NAIROBI","countryId":"2","location":"Nairobi","supervisorId":"3","createdBy":"3","ts":"2017-07-06 14:12:35","active":"1"},{"id":"13","name":"KAMPALA ROAD","countryId":"1","location":"kampala road","supervisorId":"3","createdBy":"3","ts":"2017-07-06 14:12:35","active":"1"}],"countries":[{"id":"1","name":"UGANDA","createdBy":"1","ts":"2017-06-25 23:13:31","active":"1"},{"id":"2","name":"KENYA","createdBy":"1","ts":"2017-06-26 09:02:45","active":"1"},{"id":"3","name":"TZ","createdBy":"1","ts":"2017-06-28 11:11:53","active":"1"},{"id":"4","name":"CONGO","createdBy":"1","ts":"2017-06-28 11:26:11","active":"1"},{"id":"5","name":"CHINA","createdBy":"1","ts":"2017-06-28 11:30:01","active":"1"},{"id":"6","name":"UAE","createdBy":"1","ts":"2017-07-05 00:00:00","active":"1"}],"ids":[[{"id":"1","name":"Passport","createdBy":"1","ts":"2017-06-28 14:00:01","active":"1"},{"id":"2","name":"National ID","createdBy":"1","ts":"2017-06-28 14:00:01","active":"1"},{"id":"3","name":"STUDENTS ID","createdBy":"1","ts":"2017-06-28 16:21:46","active":"1"}]],"users":[{"id":"1","firstName":"You","surname":"Jinshu","email":"hudsonbogere@swipeit.co.ug","phone":"256783131266","userName":"you","branchId":"0","userTypeId":"1","password":"$2y$10$pPGbhJ1RXx\/ug.ED3LnsQuKHJTqwYsa\/iF0OqGOgsjflkHKIDTLVq","sessionId":"","ipAddress":"::1","createdBy":null,"ts":"2017-06-23 15:08:12","active":"1"},{"id":"2","firstName":"Nansubuga","surname":"Dorothy","email":"henry@gmail.com","phone":"256752284441","userName":"dorah","branchId":"12","userTypeId":"3","password":"$2y$10$F9t92sYKf2rDJ.JzCmrrT.Jt1Ix37Fuo.uZKpXPn69dgDUTZ8xLXi","sessionId":"","ipAddress":"105.231.196.253","createdBy":"1","ts":"2017-06-26 19:11:07","active":"1"},{"id":"3","firstName":"Lydia","surname":"Amoi","email":"islam@gmail.com","phone":"256777608310","userName":"lydia","branchId":"6","userTypeId":"2","password":"$2y$10$m72Zz8Z.h4\/Zp6TFDhmbXeQ79kZ7JJ2U0yLUanc0dDVxbc.5UPkRG","sessionId":"j3Y7d8HyaaG3FBQmGSl0oDfGrBhKk6B4","ipAddress":"::1","createdBy":"1","ts":"2017-06-26 19:41:01","active":"1"},{"id":"4","firstName":"Nabukera","surname":"Maria","email":"banerd@tfb.com","phone":"256774457813","userName":"maria","branchId":"5","userTypeId":"5","password":"$2y$10$wTpUE\/WJFMfQaBglrQocTO9ndV6dbxL2vzFDEJZ1hpVVp4binpXGO","sessionId":"0gfU8cX1iQPWdEAYmB7GM0gm6PgiiI1e","ipAddress":"::1","createdBy":"1","ts":"2017-06-26 23:04:07","active":"1"},{"id":"5","firstName":"Henry","surname":"Bbosa","email":null,"phone":null,"userName":"Henry","branchId":"11","userTypeId":"3","password":"$2y$10$m72Zz8Z.h4\/Zp6TFDhmbXeQ79kZ7JJ2U0yLUanc0dDVxbc.5UPkRG","sessionId":"","ipAddress":"::1","createdBy":"1","ts":"2017-07-05 00:00:00","active":"1"},{"id":"6","firstName":"Edwin","surname":"Kakeeto","email":"edwin@edwin.com","phone":"0777777557","userName":"edwin","branchId":"7","userTypeId":"3","password":"$2y$10$wTpUE\/WJFMfQaBglrQocTO9ndV6dbxL2vzFDEJZ1hpVVp4binpXGO","sessionId":"KRX8Yh2iqId0EWTdOh43HSfBIE4fr5lp","ipAddress":"41.243.17.77","createdBy":"3","ts":"2017-07-10 07:37:50","active":"1"},{"id":"7","firstName":"Trish","surname":"Baby","email":"patricia@gmail.com","phone":"0777777557","userName":"trish","branchId":"13","userTypeId":"3","password":"$2y$10$m72Zz8Z.h4\/Zp6TFDhmbXeQ79kZ7JJ2U0yLUanc0dDVxbc.5UPkRG","sessionId":"","ipAddress":"::1","createdBy":null,"ts":null,"active":"1"},{"id":"8","firstName":"cedric","surname":"cedric","email":"cedric@gmail.com","phone":"+256754813912","userName":"cedric","branchId":"7","userTypeId":"3","password":"$2y$10$m72Zz8Z.h4\/Zp6TFDhmbXeQ79kZ7JJ2U0yLUanc0dDVxbc.5UPkRG","sessionId":"tjlhVkegBNlQMx8mIYqyQFhY0t61DfLy","ipAddress":"::1","createdBy":null,"ts":null,"active":"1"},{"id":"9","firstName":"Bravia","surname":"Muzira","email":"muzira@gmail.com","phone":"+256771889211","userName":"Braviah","branchId":"6","userTypeId":"3","password":"$2y$10$m72Zz8Z.h4\/Zp6TFDhmbXeQ79kZ7JJ2U0yLUanc0dDVxbc.5UPkRG","sessionId":"CNHdx868gWwwaWl34QWYmNGxDsy1g0Dy","ipAddress":"41.210.154.223","createdBy":null,"ts":null,"active":"1"}],"accounts":[{"id":"16","name":"KINSHASHA-USD Account","branchId":"5","currency_id":"2"},{"id":"20","name":"OASIS MALL-RMB Account","branchId":"6","currency_id":"1"},{"id":"21","name":"OASIS MALL-USD Account","branchId":"6","currency_id":"2"},{"id":"22","name":"OASIS MALL-DIRHAM Account","branchId":"6","currency_id":"3"},{"id":"23","name":"OASIS MALL-UGX Account","branchId":"6","currency_id":"4"},{"id":"24","name":"OASIS MALL-KSH Account","branchId":"6","currency_id":"5"},{"id":"27","name":"CHINA-RMB Account","branchId":"11","currency_id":"1"},{"id":"28","name":"CHINA-USD Account","branchId":"11","currency_id":"2"},{"id":"33","name":"NAIROBI-USD Account","branchId":"12","currency_id":"2"},{"id":"36","name":"NAIROBI-KSH Account","branchId":"12","currency_id":"5"},{"id":"37","name":"GOMA-USD ACCOUNT","branchId":"7","currency_id":"2"},{"id":"38","name":"KAMPALA ROAD -USD ACCOUNT","branchId":"13","currency_id":"2"},{"id":"39","name":"KAMPALA ROAD- UGX ACCOUNT ","branchId":"13","currency_id":"4"}],"currencies":[{"id":"1","name":"RMB","symbol":"\u00a5","createdBy":"1","ts":"2017-06-27 22:45:12","active":"1"},{"id":"2","name":"USD","symbol":"$","createdBy":"1","ts":"2017-06-27 22:45:12","active":"1"},{"id":"3","name":"DIRHAM","symbol":"","createdBy":"1","ts":"2017-06-28 11:40:09","active":"1"},{"id":"4","name":"UGX","symbol":"\/=","createdBy":"1","ts":"2017-06-28 11:46:50","active":"1"},{"id":"5","name":"KSH","symbol":"","createdBy":"1","ts":"2017-06-28 11:46:50","active":"1"}],"superaccount":[{"id":"1","name":"RMB Account","branchId":"0","type_id":"4","currency_id":"1","balance":"0","createdBy":"1","active":"1","ts":"2017-06-27 22:45:12"}],"accountTypes":[{"id":"1","type":"Transfer","description":"","createdBy":"1","ts":"2017-06-28 14:31:12","active":"1"},{"id":"2","type":"Suspense","description":"","createdBy":"1","ts":"2017-06-28 14:31:12","active":"1"},{"id":"4","type":"Super","description":"","createdBy":"1","ts":"2017-06-28 14:31:12","active":"1"}],"userTypes":[{"id":"1","name":"E-Value Admin","level":"1","ts":"2017-06-27 22:45:12","active":"1"},{"id":"2","name":"Super User","level":"2","ts":"2017-06-27 22:45:12","active":"1"},{"id":"3","name":"Agent","level":"3","ts":"2017-06-27 22:45:12","active":"1"},{"id":"4","name":"System Admin","level":"4","ts":"2017-06-27 22:45:12","active":"1"},{"id":"5","name":"superAgent","level":"3","ts":"2017-06-27 22:45:12","active":"1"}]},"success":1}
2017-08-17 12:03:25 ---- New Request ----
2017-08-17 12:03:25 Controller : Transfers
2017-08-17 12:03:25 Method : createtransferAction
2017-08-17 12:03:25 Controller File : controllers/Transfers.class.php, Exists
2017-08-17 12:03:25 Class constructed
2017-08-17 12:03:25 Class constructed
2017-08-17 12:03:25 Transfer Creation Params ;Amount :5778\currencyid : 2
Country : 0
Charge : 0
sfname : 
ssurname : yo
Account Number : 
semail : 
sphone : 07948933
sidtype : 0
sid : 0
rfname : 
rsurname : uudi
remail : 
rphone : 059659
Receiver Branch : 0
passcode : ******
password : ******
userid : 3
sessionid : j3Y7d8HyaaG3FBQmGSl0oDfGrBhKk6B4
Exchange Rate : 3600
AmountAfterXchange : 1.605
Charge Currency : 42017-08-17 12:03:25 SELECT SQL : SELECT * FROM settings WHERE  name = 'SuspenseAccount'  
2017-08-17 12:03:25 SELECT SQL : SELECT * FROM users WHERE  id = '3'  
2017-08-17 12:03:25 INSERT SQL : INSERT INTO transfers  (ts,userIdSource,amount,currency,destinationCountryId,toBranch,senderFname,senderSurname,senderEmail,senderPhone,senderIdType,senderId,receiverFname,receiverSurname,receiverEmail,receiverPhone,amountAfterExchange,from_currency,fromBranch,passcode,status,sourceIpAddress)  VALUES('2017-08-17 12:08:03','3','5778','2','0','0','','yo','','07948933','0','0','','uudi','','059659','1.605','4','6','$2y$10$DwK/PUVQ.o.aAtZGJ7qr6up1YLa0bpG7DC/WWceRcfaj3sT3Y0zD6','Pending','::1')
2017-08-17 12:03:25 SELECT SQL : SELECT id,transferRef FROM transfers WHERE  id = '25'  
2017-08-17 12:03:25 INSERT SQL : INSERT INTO audit_trails  (ts,userId,tableName,recordId,field,oldValue,newValue)  VALUES('2017-08-17 12:08:03','3','transfers','25','transferRef','','00600325')
2017-08-17 12:03:25 audit_trails Insert ID : 45
2017-08-17 12:03:25 UPDATE SQL : UPDATE transfers SET transferRef = '00600325' WHERE  id = '25' 
2017-08-17 12:03:25 SELECT SQL : SELECT id FROM accounts WHERE  branchId = '6' AND currency_id = '4'  
2017-08-17 12:03:25 INSERT SQL : INSERT INTO account_transfers  (ts,amountAfterXchange,amountB4Xchange,currencyB4Xchange,currencyAfterXchange,exchangeRate,type,amount,charge,fromId,toId,transferRef,userId)  VALUES('2017-08-17 12:08:03','1.605','5778','4','2','3600','transfer','5778','0','25','23','00600325','3')
2017-08-17 12:03:26 INSERT SQL : INSERT INTO branch_transaction  (ts,transaction_type_id,branch_id,amount,from_currency_id,to_currency_id,charge,charge_currency_id,sender_name,receiver_name,date)  VALUES('2017-08-17 12:08:03','1','6','5778','4','2','0','4','yo','uudi','2017-08-17')
2017-08-17 12:03:26 Balance Update Params :
Branch Id : 6
Account ID : 23
Amount : 5778
2017-08-17 12:03:26 SELECT SQL : SELECT * FROM balances WHERE  branchId = '6' AND accountId = '23'  
2017-08-17 12:03:26 SELECT SQL : SELECT * FROM balances WHERE  branchId = '6' AND accountId = '23' AND date = '2017-08-17'  
2017-08-17 12:03:26 The final amount: 5778
 2017-08-17 12:03:26 UPDATE SQL : UPDATE balances SET closingBalance = '16602428406' WHERE  branchId = '6' AND accountId = '23' AND date = '2017-08-17' 
2017-08-17 12:03:26 Balance Update Status 2:1
 2017-08-17 12:03:26 Balance Update Params :
Branch Id : 0
Account ID : 25
Amount : -5778
2017-08-17 12:03:26 SELECT SQL : SELECT * FROM balances WHERE  branchId = '0' AND accountId = '25'  
2017-08-17 12:03:26 SELECT SQL : SELECT * FROM balances WHERE  branchId = '0' AND accountId = '25' AND date = '2017-08-17'  
2017-08-17 12:03:26 SELECT SQL : SELECT closingBalance FROM balances WHERE  branchId = '0' AND accountId = '25'  ORDER BY date DESC LIMIT 1
2017-08-17 12:03:26 INSERT SQL : INSERT INTO balances  (ts,branchId,accountId,openingBalance,closingBalance,date)  VALUES('2017-08-17 12:08:03','0','25','-16491583344','-16491583344','2017-08-17')
2017-08-17 12:03:26 Balance Create Insert ID Today 2:132
 2017-08-17 12:03:26 SELECT SQL : SELECT id FROM accounts WHERE  branchId = '6' AND currency_id = '4'  
2017-08-17 12:03:26 Balance Update Params :
Branch Id : 6
Account ID : 23
Amount : 0
2017-08-17 12:03:26 SELECT SQL : SELECT * FROM balances WHERE  branchId = '6' AND accountId = '23'  
2017-08-17 12:03:26 SELECT SQL : SELECT * FROM balances WHERE  branchId = '6' AND accountId = '23' AND date = '2017-08-17'  
2017-08-17 12:03:26 The final amount: 0
 2017-08-17 12:03:26 UPDATE SQL : UPDATE balances SET closingBalance = '16602428406' WHERE  branchId = '6' AND accountId = '23' AND date = '2017-08-17' 
2017-08-17 12:03:26 Balance Update Status 2:1
 2017-08-17 12:03:26 SELECT SQL : SELECT * FROM transfers WHERE  fromBranch = '6'  OR toBranch = '6'  OR destinationCountryId = '0'  
2017-08-17 12:03:26 Response : {"success":1,"data":"00600325"}
2017-08-17 12:04:10 ---- New Request ----
2017-08-17 12:04:10 Controller : Transfers
2017-08-17 12:04:10 Method : createtransferAction
2017-08-17 12:04:10 Controller File : controllers/Transfers.class.php, Exists
2017-08-17 12:04:10 Class constructed
2017-08-17 12:04:10 Class constructed
2017-08-17 12:04:10 Transfer Creation Params ;Amount :489549\currencyid : 2
Country : 0
Charge : 
sfname : 
ssurname : dg
Account Number : 
semail : 
sphone : 06979
sidtype : 0
sid : 0
rfname : 
rsurname : itiyit
remail : 
rphone : 05079
Receiver Branch : 0
passcode : 
password : ******
userid : 3
sessionid : j3Y7d8HyaaG3FBQmGSl0oDfGrBhKk6B4
Exchange Rate : 293
AmountAfterXchange : 1670.8156996587031
Charge Currency : 42017-08-17 12:04:10 SELECT SQL : SELECT * FROM settings WHERE  name = 'SuspenseAccount'  
2017-08-17 12:04:10 SELECT SQL : SELECT * FROM users WHERE  id = '3'  
2017-08-17 12:04:11 INSERT SQL : INSERT INTO transfers  (ts,userIdSource,amount,currency,destinationCountryId,toBranch,senderFname,senderSurname,senderEmail,senderPhone,senderIdType,senderId,receiverFname,receiverSurname,receiverEmail,receiverPhone,amountAfterExchange,from_currency,fromBranch,passcode,status,sourceIpAddress)  VALUES('2017-08-17 12:08:04','3','489549','2','0','0','','dg','','06979','0','0','','itiyit','','05079','1670.8156996587031','4','6','$2y$10$m3myulNT93gOHVqax/sFxuOy2.3zf3nwsoWKjrBx6uT/mdRzJDSfW','Pending','::1')
2017-08-17 12:04:11 SELECT SQL : SELECT id,transferRef FROM transfers WHERE  id = '26'  
2017-08-17 12:04:11 INSERT SQL : INSERT INTO audit_trails  (ts,userId,tableName,recordId,field,oldValue,newValue)  VALUES('2017-08-17 12:08:04','3','transfers','26','transferRef','','00600326')
2017-08-17 12:04:11 audit_trails Insert ID : 46
2017-08-17 12:04:11 UPDATE SQL : UPDATE transfers SET transferRef = '00600326' WHERE  id = '26' 
2017-08-17 12:04:11 SELECT SQL : SELECT id FROM accounts WHERE  branchId = '6' AND currency_id = '4'  
2017-08-17 12:04:11 INSERT SQL : INSERT INTO account_transfers  (ts,amountAfterXchange,amountB4Xchange,currencyB4Xchange,currencyAfterXchange,exchangeRate,type,amount,charge,fromId,toId,transferRef,userId)  VALUES('2017-08-17 12:08:04','1670.8156996587031','489549','4','2','293','transfer','489549','0','25','23','00600326','3')
2017-08-17 12:04:11 INSERT SQL : INSERT INTO branch_transaction  (ts,transaction_type_id,branch_id,amount,from_currency_id,to_currency_id,charge,charge_currency_id,sender_name,receiver_name,date)  VALUES('2017-08-17 12:08:04','1','6','489549','4','2','','4','dg','itiyit','2017-08-17')
2017-08-17 12:04:11 Balance Update Params :
Branch Id : 6
Account ID : 23
Amount : 489549
2017-08-17 12:04:11 SELECT SQL : SELECT * FROM balances WHERE  branchId = '6' AND accountId = '23'  
2017-08-17 12:04:11 SELECT SQL : SELECT * FROM balances WHERE  branchId = '6' AND accountId = '23' AND date = '2017-08-17'  
2017-08-17 12:04:11 The final amount: 489549
 2017-08-17 12:04:11 UPDATE SQL : UPDATE balances SET closingBalance = '16602917955' WHERE  branchId = '6' AND accountId = '23' AND date = '2017-08-17' 
2017-08-17 12:04:11 Balance Update Status 2:1
 2017-08-17 12:04:11 Balance Update Params :
Branch Id : 0
Account ID : 25
Amount : -489549
2017-08-17 12:04:11 SELECT SQL : SELECT * FROM balances WHERE  branchId = '0' AND accountId = '25'  
2017-08-17 12:04:11 SELECT SQL : SELECT * FROM balances WHERE  branchId = '0' AND accountId = '25' AND date = '2017-08-17'  
2017-08-17 12:04:11 The final amount: -489549
 2017-08-17 12:04:11 UPDATE SQL : UPDATE balances SET closingBalance = '-16492072893' WHERE  branchId = '0' AND accountId = '25' AND date = '2017-08-17' 
2017-08-17 12:04:11 Balance Update Status 2:1
 2017-08-17 12:04:11 SELECT SQL : SELECT id FROM accounts WHERE  branchId = '6' AND currency_id = '4'  
2017-08-17 12:04:11 Balance Update Params :
Branch Id : 6
Account ID : 23
Amount : 0
2017-08-17 12:04:11 SELECT SQL : SELECT * FROM balances WHERE  branchId = '6' AND accountId = '23'  
2017-08-17 12:04:11 SELECT SQL : SELECT * FROM balances WHERE  branchId = '6' AND accountId = '23' AND date = '2017-08-17'  
2017-08-17 12:04:11 The final amount: 0
 2017-08-17 12:04:11 UPDATE SQL : UPDATE balances SET closingBalance = '16602917955' WHERE  branchId = '6' AND accountId = '23' AND date = '2017-08-17' 
2017-08-17 12:04:11 Balance Update Status 2:1
 2017-08-17 12:04:11 SELECT SQL : SELECT * FROM transfers WHERE  fromBranch = '6'  OR toBranch = '6'  OR destinationCountryId = '0'  
2017-08-17 12:04:11 Response : {"success":1,"data":"00600326"}
2017-08-17 12:04:30 ---- New Request ----
2017-08-17 12:04:30 Controller : Transfers
2017-08-17 12:04:30 Method : transfercashoutAction
2017-08-17 12:04:30 Controller File : controllers/Transfers.class.php, Exists
2017-08-17 12:04:30 Class constructed
2017-08-17 12:04:30 Class constructed
2017-08-17 12:04:30 Passcode : ******
Transaction Ref : lydia
UserID : 3
Session ID : j3Y7d8HyaaG3FBQmGSl0oDfGrBhKk6B4
2017-08-17 12:04:30 SELECT SQL : SELECT sessionId FROM users WHERE  id = '3'  
2017-08-17 12:04:30 SELECT SQL : SELECT * FROM transfers WHERE  transferRef = 'lydia'  
2017-08-17 12:04:30 Response : {"success":0,"errormsg":"Sorry your request failed. Reason : Transaction with reference does not exist"}
2017-08-17 12:04:31 ---- New Request ----
2017-08-17 12:04:31 Controller : Transfers
2017-08-17 12:04:31 Method : transfercashoutAction
2017-08-17 12:04:31 Controller File : controllers/Transfers.class.php, Exists
2017-08-17 12:04:32 Class constructed
2017-08-17 12:04:32 Class constructed
2017-08-17 12:04:32 Passcode : ******
Transaction Ref : lydia
UserID : 3
Session ID : j3Y7d8HyaaG3FBQmGSl0oDfGrBhKk6B4
2017-08-17 12:04:32 SELECT SQL : SELECT sessionId FROM users WHERE  id = '3'  
2017-08-17 12:04:32 SELECT SQL : SELECT * FROM transfers WHERE  transferRef = 'lydia'  
2017-08-17 12:04:32 Response : {"success":0,"errormsg":"Sorry your request failed. Reason : Transaction with reference does not exist"}
2017-08-17 12:04:32 ---- New Request ----
2017-08-17 12:04:32 Controller : Transfers
2017-08-17 12:04:32 Method : transfercashoutAction
2017-08-17 12:04:32 Controller File : controllers/Transfers.class.php, Exists
2017-08-17 12:04:32 Class constructed
2017-08-17 12:04:32 Class constructed
2017-08-17 12:04:32 Passcode : ******
Transaction Ref : lydia
UserID : 3
Session ID : j3Y7d8HyaaG3FBQmGSl0oDfGrBhKk6B4
2017-08-17 12:04:32 SELECT SQL : SELECT sessionId FROM users WHERE  id = '3'  
2017-08-17 12:04:32 SELECT SQL : SELECT * FROM transfers WHERE  transferRef = 'lydia'  
2017-08-17 12:04:32 Response : {"success":0,"errormsg":"Sorry your request failed. Reason : Transaction with reference does not exist"}
2017-08-17 12:04:32 ---- New Request ----
2017-08-17 12:04:32 Controller : Transfers
2017-08-17 12:04:32 Method : transfercashoutAction
2017-08-17 12:04:32 Controller File : controllers/Transfers.class.php, Exists
2017-08-17 12:04:32 Class constructed
2017-08-17 12:04:32 Class constructed
2017-08-17 12:04:32 Passcode : ******
Transaction Ref : lydia
UserID : 3
Session ID : j3Y7d8HyaaG3FBQmGSl0oDfGrBhKk6B4
2017-08-17 12:04:32 SELECT SQL : SELECT sessionId FROM users WHERE  id = '3'  
2017-08-17 12:04:32 SELECT SQL : SELECT * FROM transfers WHERE  transferRef = 'lydia'  
2017-08-17 12:04:32 Response : {"success":0,"errormsg":"Sorry your request failed. Reason : Transaction with reference does not exist"}
