2017-08-16 13:39:27 ---- New Request ----
2017-08-16 13:39:27 Controller : Users
2017-08-16 13:39:27 Method : formsdetailsAction
2017-08-16 13:39:27 Controller File : controllers/Users.class.php, Exists
2017-08-16 13:39:27 Class constructed
2017-08-16 13:39:27 Details Params :
SessionID :sW2MgN12Sok40cFqnecjkdnIKTasLoKD
User ID : 3
2017-08-16 13:39:27 SELECT SQL : SELECT * FROM branches WHERE  active = '1'  
2017-08-16 13:39:27 SELECT SQL : SELECT * FROM countries WHERE  active = '1'  
2017-08-16 13:39:27 SELECT SQL : SELECT * FROM identification WHERE  active = '1'  
2017-08-16 13:39:27 SELECT SQL : SELECT * FROM users WHERE  active = '1'  
2017-08-16 13:39:27 SELECT SQL : SELECT id,name,branchId,currency_id FROM accounts WHERE  active = '1' AND type_id = '1'  
2017-08-16 13:39:27 Balance Update Params :
Branch Id : 5
Account ID : 16
Amount : 0
2017-08-16 13:39:27 SELECT SQL : SELECT * FROM balances WHERE  branchId = '5' AND accountId = '16'  
2017-08-16 13:39:27 SELECT SQL : SELECT * FROM balances WHERE  branchId = '5' AND accountId = '16' AND date = '2017-08-16'  
2017-08-16 13:39:27 UPDATE SQL : UPDATE balances SET closingBalance = '144123739' WHERE  branchId = '5' AND accountId = '16' AND date = '2017-08-16' 
2017-08-16 13:39:28 Balance Update Status 2:1
 2017-08-16 13:39:28 Balance Update Params :
Branch Id : 6
Account ID : 20
Amount : 0
2017-08-16 13:39:28 SELECT SQL : SELECT * FROM balances WHERE  branchId = '6' AND accountId = '20'  
2017-08-16 13:39:28 SELECT SQL : SELECT * FROM balances WHERE  branchId = '6' AND accountId = '20' AND date = '2017-08-16'  
2017-08-16 13:39:28 UPDATE SQL : UPDATE balances SET closingBalance = '3260000' WHERE  branchId = '6' AND accountId = '20' AND date = '2017-08-16' 
2017-08-16 13:39:28 Balance Update Status 2:1
 2017-08-16 13:39:28 Balance Update Params :
Branch Id : 6
Account ID : 21
Amount : 0
2017-08-16 13:39:28 SELECT SQL : SELECT * FROM balances WHERE  branchId = '6' AND accountId = '21'  
2017-08-16 13:39:28 SELECT SQL : SELECT * FROM balances WHERE  branchId = '6' AND accountId = '21' AND date = '2017-08-16'  
2017-08-16 13:39:28 UPDATE SQL : UPDATE balances SET closingBalance = '-3221507' WHERE  branchId = '6' AND accountId = '21' AND date = '2017-08-16' 
2017-08-16 13:39:28 Balance Update Status 2:1
 2017-08-16 13:39:28 Balance Update Params :
Branch Id : 6
Account ID : 22
Amount : 0
2017-08-16 13:39:28 SELECT SQL : SELECT * FROM balances WHERE  branchId = '6' AND accountId = '22'  
2017-08-16 13:39:28 SELECT SQL : SELECT * FROM balances WHERE  branchId = '6' AND accountId = '22' AND date = '2017-08-16'  
2017-08-16 13:39:28 UPDATE SQL : UPDATE balances SET closingBalance = '-3000' WHERE  branchId = '6' AND accountId = '22' AND date = '2017-08-16' 
2017-08-16 13:39:28 Balance Update Status 2:1
 2017-08-16 13:39:28 Balance Update Params :
Branch Id : 6
Account ID : 23
Amount : 0
2017-08-16 13:39:28 SELECT SQL : SELECT * FROM balances WHERE  branchId = '6' AND accountId = '23'  
2017-08-16 13:39:28 SELECT SQL : SELECT * FROM balances WHERE  branchId = '6' AND accountId = '23' AND date = '2017-08-16'  
2017-08-16 13:39:28 UPDATE SQL : UPDATE balances SET closingBalance = '16602422618' WHERE  branchId = '6' AND accountId = '23' AND date = '2017-08-16' 
2017-08-16 13:39:28 Balance Update Status 2:1
 2017-08-16 13:39:28 Balance Update Params :
Branch Id : 6
Account ID : 24
Amount : 0
2017-08-16 13:39:28 SELECT SQL : SELECT * FROM balances WHERE  branchId = '6' AND accountId = '24'  
2017-08-16 13:39:28 SELECT SQL : SELECT * FROM balances WHERE  branchId = '6' AND accountId = '24' AND date = '2017-08-16'  
2017-08-16 13:39:28 UPDATE SQL : UPDATE balances SET closingBalance = '1847000' WHERE  branchId = '6' AND accountId = '24' AND date = '2017-08-16' 
2017-08-16 13:39:28 Balance Update Status 2:1
 2017-08-16 13:39:28 Balance Update Params :
Branch Id : 11
Account ID : 27
Amount : 0
2017-08-16 13:39:28 SELECT SQL : SELECT * FROM balances WHERE  branchId = '11' AND accountId = '27'  
2017-08-16 13:39:28 Balance Update Params :
Branch Id : 11
Account ID : 28
Amount : 0
2017-08-16 13:39:28 SELECT SQL : SELECT * FROM balances WHERE  branchId = '11' AND accountId = '28'  
2017-08-16 13:39:28 Balance Update Params :
Branch Id : 12
Account ID : 33
Amount : 0
2017-08-16 13:39:28 SELECT SQL : SELECT * FROM balances WHERE  branchId = '12' AND accountId = '33'  
2017-08-16 13:39:28 SELECT SQL : SELECT * FROM balances WHERE  branchId = '12' AND accountId = '33' AND date = '2017-08-16'  
2017-08-16 13:39:28 UPDATE SQL : UPDATE balances SET closingBalance = '25154' WHERE  branchId = '12' AND accountId = '33' AND date = '2017-08-16' 
2017-08-16 13:39:28 Balance Update Status 2:1
 2017-08-16 13:39:28 Balance Update Params :
Branch Id : 12
Account ID : 36
Amount : 0
2017-08-16 13:39:28 SELECT SQL : SELECT * FROM balances WHERE  branchId = '12' AND accountId = '36'  
2017-08-16 13:39:28 SELECT SQL : SELECT * FROM balances WHERE  branchId = '12' AND accountId = '36' AND date = '2017-08-16'  
2017-08-16 13:39:28 UPDATE SQL : UPDATE balances SET closingBalance = '7637' WHERE  branchId = '12' AND accountId = '36' AND date = '2017-08-16' 
2017-08-16 13:39:28 Balance Update Status 2:1
 2017-08-16 13:39:28 Balance Update Params :
Branch Id : 7
Account ID : 37
Amount : 0
2017-08-16 13:39:28 SELECT SQL : SELECT * FROM balances WHERE  branchId = '7' AND accountId = '37'  
2017-08-16 13:39:28 SELECT SQL : SELECT * FROM balances WHERE  branchId = '7' AND accountId = '37' AND date = '2017-08-16'  
2017-08-16 13:39:28 UPDATE SQL : UPDATE balances SET closingBalance = '100158' WHERE  branchId = '7' AND accountId = '37' AND date = '2017-08-16' 
2017-08-16 13:39:28 Balance Update Status 2:1
 2017-08-16 13:39:28 Balance Update Params :
Branch Id : 13
Account ID : 38
Amount : 0
2017-08-16 13:39:28 SELECT SQL : SELECT * FROM balances WHERE  branchId = '13' AND accountId = '38'  
2017-08-16 13:39:28 Balance Update Params :
Branch Id : 13
Account ID : 39
Amount : 0
2017-08-16 13:39:28 SELECT SQL : SELECT * FROM balances WHERE  branchId = '13' AND accountId = '39'  
2017-08-16 13:39:28 SELECT SQL : SELECT * FROM balances WHERE  branchId = '13' AND accountId = '39' AND date = '2017-08-16'  
2017-08-16 13:39:28 UPDATE SQL : UPDATE balances SET closingBalance = '-6840000001.9444' WHERE  branchId = '13' AND accountId = '39' AND date = '2017-08-16' 
2017-08-16 13:39:28 Balance Update Status 2:1
 2017-08-16 13:39:28 SELECT SQL : SELECT * FROM currencies WHERE  active = '1'  
2017-08-16 13:39:28 SELECT SQL : SELECT * FROM accounts WHERE  active = '1' AND type_id = '4'  
2017-08-16 13:39:28 SELECT SQL : SELECT * FROM account_types WHERE  active = '1'  
2017-08-16 13:39:28 SELECT SQL : SELECT * FROM user_types WHERE  active = '1'  
2017-08-16 13:39:28 Response : {"data":{"branches":[{"id":"5","name":"KINSHASHA","countryId":"4","location":"Patrice Avenue","supervisorId":"3","createdBy":"4","ts":"2017-06-30 00:06:55","active":"1"},{"id":"6","name":"OASIS MALL","countryId":"1","location":"Yusufu Lule Rd","supervisorId":"3","createdBy":"2","ts":"2017-06-30 00:12:08","active":"1"},{"id":"7","name":"GOMA","countryId":"4","location":"Goma","supervisorId":"3","createdBy":"1","ts":"2017-07-05 00:00:00","active":"1"},{"id":"9","name":"MOMBASA","countryId":"2","location":"Mombasa","supervisorId":"3","createdBy":"1","ts":"2017-07-05 00:00:00","active":"1"},{"id":"10","name":"DUBAI","countryId":"6","location":"Dubai","supervisorId":"3","createdBy":"1","ts":"2017-07-05 00:00:00","active":"1"},{"id":"11","name":"CHINA","countryId":"5","location":"China","supervisorId":"3","createdBy":"3","ts":"2017-07-05 13:23:17","active":"1"},{"id":"12","name":"NAIROBI","countryId":"2","location":"Nairobi","supervisorId":"3","createdBy":"3","ts":"2017-07-06 14:12:35","active":"1"},{"id":"13","name":"KAMPALA ROAD","countryId":"1","location":"kampala road","supervisorId":"3","createdBy":"3","ts":"2017-07-06 14:12:35","active":"1"}],"countries":[{"id":"1","name":"UGANDA","createdBy":"1","ts":"2017-06-25 23:13:31","active":"1"},{"id":"2","name":"KENYA","createdBy":"1","ts":"2017-06-26 09:02:45","active":"1"},{"id":"3","name":"TZ","createdBy":"1","ts":"2017-06-28 11:11:53","active":"1"},{"id":"4","name":"CONGO","createdBy":"1","ts":"2017-06-28 11:26:11","active":"1"},{"id":"5","name":"CHINA","createdBy":"1","ts":"2017-06-28 11:30:01","active":"1"},{"id":"6","name":"UAE","createdBy":"1","ts":"2017-07-05 00:00:00","active":"1"}],"ids":[[{"id":"1","name":"Passport","createdBy":"1","ts":"2017-06-28 14:00:01","active":"1"},{"id":"2","name":"National ID","createdBy":"1","ts":"2017-06-28 14:00:01","active":"1"},{"id":"3","name":"STUDENTS ID","createdBy":"1","ts":"2017-06-28 16:21:46","active":"1"}]],"users":[{"id":"1","firstName":"You","surname":"Jinshu","email":"hudsonbogere@swipeit.co.ug","phone":"256783131266","userName":"you","branchId":"0","userTypeId":"1","password":"$2y$10$pPGbhJ1RXx\/ug.ED3LnsQuKHJTqwYsa\/iF0OqGOgsjflkHKIDTLVq","sessionId":"HZybfPRB27XLgaKYEuNTiBgx1eiBDwsQ","ipAddress":"::1","createdBy":null,"ts":"2017-06-23 15:08:12","active":"1"},{"id":"2","firstName":"Nansubuga","surname":"Dorothy","email":"henry@gmail.com","phone":"256752284441","userName":"dorah","branchId":"12","userTypeId":"3","password":"$2y$10$F9t92sYKf2rDJ.JzCmrrT.Jt1Ix37Fuo.uZKpXPn69dgDUTZ8xLXi","sessionId":"","ipAddress":"105.231.196.253","createdBy":"1","ts":"2017-06-26 19:11:07","active":"1"},{"id":"3","firstName":"Lydia","surname":"Amoi","email":"islam@gmail.com","phone":"256777608310","userName":"lydia","branchId":"6","userTypeId":"2","password":"$2y$10$m72Zz8Z.h4\/Zp6TFDhmbXeQ79kZ7JJ2U0yLUanc0dDVxbc.5UPkRG","sessionId":"sW2MgN12Sok40cFqnecjkdnIKTasLoKD","ipAddress":"::1","createdBy":"1","ts":"2017-06-26 19:41:01","active":"1"},{"id":"4","firstName":"Nabukera","surname":"Maria","email":"banerd@tfb.com","phone":"256774457813","userName":"maria","branchId":"5","userTypeId":"5","password":"$2y$10$wTpUE\/WJFMfQaBglrQocTO9ndV6dbxL2vzFDEJZ1hpVVp4binpXGO","sessionId":"ABnK2MkuYxBVnps1FX5gZgwJ1611ffjh","ipAddress":"::1","createdBy":"1","ts":"2017-06-26 23:04:07","active":"1"},{"id":"5","firstName":"Henry","surname":"Bbosa","email":null,"phone":null,"userName":"Henry","branchId":"11","userTypeId":"3","password":"$2y$10$m72Zz8Z.h4\/Zp6TFDhmbXeQ79kZ7JJ2U0yLUanc0dDVxbc.5UPkRG","sessionId":"","ipAddress":"::1","createdBy":"1","ts":"2017-07-05 00:00:00","active":"1"},{"id":"6","firstName":"Edwin","surname":"Kakeeto","email":"edwin@edwin.com","phone":"0777777557","userName":"edwin","branchId":"7","userTypeId":"3","password":"$2y$10$wTpUE\/WJFMfQaBglrQocTO9ndV6dbxL2vzFDEJZ1hpVVp4binpXGO","sessionId":"KRX8Yh2iqId0EWTdOh43HSfBIE4fr5lp","ipAddress":"41.243.17.77","createdBy":"3","ts":"2017-07-10 07:37:50","active":"1"},{"id":"7","firstName":"Trish","surname":"Baby","email":"patricia@gmail.com","phone":"0777777557","userName":"trish","branchId":"13","userTypeId":"3","password":"$2y$10$m72Zz8Z.h4\/Zp6TFDhmbXeQ79kZ7JJ2U0yLUanc0dDVxbc.5UPkRG","sessionId":"","ipAddress":"::1","createdBy":null,"ts":null,"active":"1"},{"id":"8","firstName":"cedric","surname":"cedric","email":"cedric@gmail.com","phone":"+256754813912","userName":"cedric","branchId":"7","userTypeId":"3","password":"$2y$10$m72Zz8Z.h4\/Zp6TFDhmbXeQ79kZ7JJ2U0yLUanc0dDVxbc.5UPkRG","sessionId":"tjlhVkegBNlQMx8mIYqyQFhY0t61DfLy","ipAddress":"::1","createdBy":null,"ts":null,"active":"1"},{"id":"9","firstName":"Bravia","surname":"Muzira","email":"muzira@gmail.com","phone":"+256771889211","userName":"Braviah","branchId":"6","userTypeId":"3","password":"$2y$10$m72Zz8Z.h4\/Zp6TFDhmbXeQ79kZ7JJ2U0yLUanc0dDVxbc.5UPkRG","sessionId":"CNHdx868gWwwaWl34QWYmNGxDsy1g0Dy","ipAddress":"41.210.154.223","createdBy":null,"ts":null,"active":"1"}],"accounts":[{"id":"16","name":"KINSHASHA-USD Account","branchId":"5","currency_id":"2"},{"id":"20","name":"OASIS MALL-RMB Account","branchId":"6","currency_id":"1"},{"id":"21","name":"OASIS MALL-USD Account","branchId":"6","currency_id":"2"},{"id":"22","name":"OASIS MALL-DIRHAM Account","branchId":"6","currency_id":"3"},{"id":"23","name":"OASIS MALL-UGX Account","branchId":"6","currency_id":"4"},{"id":"24","name":"OASIS MALL-KSH Account","branchId":"6","currency_id":"5"},{"id":"27","name":"CHINA-RMB Account","branchId":"11","currency_id":"1"},{"id":"28","name":"CHINA-USD Account","branchId":"11","currency_id":"2"},{"id":"33","name":"NAIROBI-USD Account","branchId":"12","currency_id":"2"},{"id":"36","name":"NAIROBI-KSH Account","branchId":"12","currency_id":"5"},{"id":"37","name":"GOMA-USD ACCOUNT","branchId":"7","currency_id":"2"},{"id":"38","name":"KAMPALA ROAD -USD ACCOUNT","branchId":"13","currency_id":"2"},{"id":"39","name":"KAMPALA ROAD- UGX ACCOUNT ","branchId":"13","currency_id":"4"}],"currencies":[{"id":"1","name":"RMB","symbol":"\u00a5","createdBy":"1","ts":"2017-06-27 22:45:12","active":"1"},{"id":"2","name":"USD","symbol":"$","createdBy":"1","ts":"2017-06-27 22:45:12","active":"1"},{"id":"3","name":"DIRHAM","symbol":"","createdBy":"1","ts":"2017-06-28 11:40:09","active":"1"},{"id":"4","name":"UGX","symbol":"\/=","createdBy":"1","ts":"2017-06-28 11:46:50","active":"1"},{"id":"5","name":"KSH","symbol":"","createdBy":"1","ts":"2017-06-28 11:46:50","active":"1"}],"superaccount":[{"id":"1","name":"RMB Account","branchId":"0","type_id":"4","currency_id":"1","balance":"0","createdBy":"1","active":"1","ts":"2017-06-27 22:45:12"}],"accountTypes":[{"id":"1","type":"Transfer","description":"","createdBy":"1","ts":"2017-06-28 14:31:12","active":"1"},{"id":"2","type":"Suspense","description":"","createdBy":"1","ts":"2017-06-28 14:31:12","active":"1"},{"id":"4","type":"Super","description":"","createdBy":"1","ts":"2017-06-28 14:31:12","active":"1"}],"userTypes":[{"id":"1","name":"E-Value Admin","level":"1","ts":"2017-06-27 22:45:12","active":"1"},{"id":"2","name":"Super User","level":"2","ts":"2017-06-27 22:45:12","active":"1"},{"id":"3","name":"Agent","level":"3","ts":"2017-06-27 22:45:12","active":"1"},{"id":"4","name":"System Admin","level":"4","ts":"2017-06-27 22:45:12","active":"1"},{"id":"5","name":"superAgent","level":"3","ts":"2017-06-27 22:45:12","active":"1"}]},"success":1}
2017-08-16 13:39:35 ---- New Request ----
2017-08-16 13:39:35 Controller : Reports
2017-08-16 13:39:35 Method : getreportdataAction
2017-08-16 13:39:35 Controller File : controllers/Reports.class.php, Exists
2017-08-16 13:39:35 Class constructed
2017-08-16 13:39:35 Class constructed
2017-08-16 13:39:35 kyakabi2017-08-16 13:39:35 kyakabi12017-08-16 13:39:35 kyakabi22017-08-16 13:39:35 kyakabi32017-08-16 13:39:35 UserID : 3
SessionId : sW2MgN12Sok40cFqnecjkdnIKTasLoKD
Branch ID : 6
2017-08-16 13:39:35 SELECT SQL : SELECT * FROM branches  
2017-08-16 13:39:35 SELECT SQL : SELECT * FROM branch_transaction WHERE  branch_id = '5' AND date = '2017-08-16'  
2017-08-16 13:39:35 SELECT SQL : SELECT * FROM accounts WHERE  branchId = '5'  
2017-08-16 13:39:35 SELECT SQL : SELECT * FROM balances WHERE  branchId = '5' AND date = '2017-08-16'  
2017-08-16 13:39:35 SELECT SQL : SELECT * FROM branch_transaction WHERE  branch_id = '6' AND date = '2017-08-16'  
2017-08-16 13:39:35 SELECT SQL : SELECT * FROM accounts WHERE  branchId = '6'  
2017-08-16 13:39:35 SELECT SQL : SELECT * FROM balances WHERE  branchId = '6' AND date = '2017-08-16'  
2017-08-16 13:39:35 SELECT SQL : SELECT * FROM branch_transaction WHERE  branch_id = '7' AND date = '2017-08-16'  
2017-08-16 13:39:35 SELECT SQL : SELECT * FROM accounts WHERE  branchId = '7'  
2017-08-16 13:39:35 SELECT SQL : SELECT * FROM balances WHERE  branchId = '7' AND date = '2017-08-16'  
2017-08-16 13:39:35 SELECT SQL : SELECT * FROM branch_transaction WHERE  branch_id = '9' AND date = '2017-08-16'  
2017-08-16 13:39:35 SELECT SQL : SELECT * FROM accounts WHERE  branchId = '9'  
2017-08-16 13:39:35 SELECT SQL : SELECT * FROM balances WHERE  branchId = '9' AND date = '2017-08-16'  
2017-08-16 13:39:35 SELECT SQL : SELECT * FROM branch_transaction WHERE  branch_id = '10' AND date = '2017-08-16'  
2017-08-16 13:39:35 SELECT SQL : SELECT * FROM accounts WHERE  branchId = '10'  
2017-08-16 13:39:35 SELECT SQL : SELECT * FROM balances WHERE  branchId = '10' AND date = '2017-08-16'  
2017-08-16 13:39:35 SELECT SQL : SELECT * FROM branch_transaction WHERE  branch_id = '11' AND date = '2017-08-16'  
2017-08-16 13:39:35 SELECT SQL : SELECT * FROM accounts WHERE  branchId = '11'  
2017-08-16 13:39:35 SELECT SQL : SELECT * FROM balances WHERE  branchId = '11' AND date = '2017-08-16'  
2017-08-16 13:39:35 SELECT SQL : SELECT * FROM branch_transaction WHERE  branch_id = '12' AND date = '2017-08-16'  
2017-08-16 13:39:35 SELECT SQL : SELECT * FROM accounts WHERE  branchId = '12'  
2017-08-16 13:39:35 SELECT SQL : SELECT * FROM balances WHERE  branchId = '12' AND date = '2017-08-16'  
2017-08-16 13:39:35 SELECT SQL : SELECT * FROM branch_transaction WHERE  branch_id = '13' AND date = '2017-08-16'  
2017-08-16 13:39:35 SELECT SQL : SELECT * FROM accounts WHERE  branchId = '13'  
2017-08-16 13:39:35 SELECT SQL : SELECT * FROM balances WHERE  branchId = '13' AND date = '2017-08-16'  
2017-08-16 13:39:35 Response : {"success":1,"today":"2017-08-16","data":[{"branch":{"id":"5","name":"KINSHASHA","countryId":"4","location":"Patrice Avenue","supervisorId":"3","createdBy":"4","ts":"2017-06-30 00:06:55","active":"1"},"transactions_today":[0],"accounts":[{"id":"16","name":"KINSHASHA-USD Account","branchId":"5","type_id":"1","currency_id":"2","balance":"0","createdBy":"4","active":"1","ts":"2017-06-30 00:06:55"}],"balances":[{"id":"110","branchId":"5","accountId":"16","openingBalance":"144123739","closingBalance":"144123739","date":"2017-08-16","ts":"2017-08-15 23:16:18"}]},{"branch":{"id":"6","name":"OASIS MALL","countryId":"1","location":"Yusufu Lule Rd","supervisorId":"3","createdBy":"2","ts":"2017-06-30 00:12:08","active":"1"},"transactions_today":[{"id":"21","branch_id":"6","user_id":"0","transaction_type_id":"1","amount":"50060","exchange_rate":"0","from_currency_id":"2","to_currency_id":"4","currency_id":"0","sender_name":"bbosa","receiver_name":"lujj","date":"2017-08-16","ts":"2017-08-16 04:56:29","status":"","account_number":"","account_id":"0","amount_from_rate":"","from_account_id":"0","to_account_id":"0","charge":"4000","charge_currency_id":"4","details":""},{"id":"23","branch_id":"6","user_id":"3","transaction_type_id":"7","amount":"4569000","exchange_rate":"3200","from_currency_id":"2","to_currency_id":"4","currency_id":"0","sender_name":"","receiver_name":"","date":"2017-08-16","ts":"2017-08-16 05:03:50","status":"","account_number":"","account_id":"0","amount_from_rate":"14620800000","from_account_id":"0","to_account_id":"0","charge":"","charge_currency_id":"0","details":""}],"accounts":[{"id":"20","name":"OASIS MALL-RMB Account","branchId":"6","type_id":"1","currency_id":"1","balance":"0","createdBy":"2","active":"1","ts":"2017-06-30 00:12:08"},{"id":"21","name":"OASIS MALL-USD Account","branchId":"6","type_id":"1","currency_id":"2","balance":"0","createdBy":"2","active":"1","ts":"2017-06-30 00:12:09"},{"id":"22","name":"OASIS MALL-DIRHAM Account","branchId":"6","type_id":"1","currency_id":"3","balance":"0","createdBy":"2","active":"1","ts":"2017-06-30 00:12:09"},{"id":"23","name":"OASIS MALL-UGX Account","branchId":"6","type_id":"1","currency_id":"4","balance":"0","createdBy":"2","active":"1","ts":"2017-06-30 00:12:09"},{"id":"24","name":"OASIS MALL-KSH Account","branchId":"6","type_id":"1","currency_id":"5","balance":"0","createdBy":"2","active":"1","ts":"2017-06-30 00:12:09"}],"balances":[{"id":"111","branchId":"6","accountId":"20","openingBalance":"3260000","closingBalance":"3260000","date":"2017-08-16","ts":"2017-08-15 23:16:18"},{"id":"112","branchId":"6","accountId":"21","openingBalance":"1882492","closingBalance":"-3221507","date":"2017-08-16","ts":"2017-08-15 23:16:18"},{"id":"113","branchId":"6","accountId":"22","openingBalance":"-3000","closingBalance":"-3000","date":"2017-08-16","ts":"2017-08-15 23:16:18"},{"id":"114","branchId":"6","accountId":"23","openingBalance":"95199318","closingBalance":"16602422618","date":"2017-08-16","ts":"2017-08-15 23:16:18"},{"id":"115","branchId":"6","accountId":"24","openingBalance":"1847000","closingBalance":"1847000","date":"2017-08-16","ts":"2017-08-15 23:16:18"}]},{"branch":{"id":"7","name":"GOMA","countryId":"4","location":"Goma","supervisorId":"3","createdBy":"1","ts":"2017-07-05 00:00:00","active":"1"},"transactions_today":[0],"accounts":[{"id":"37","name":"GOMA-USD ACCOUNT","branchId":"7","type_id":"1","currency_id":"2","balance":"0","createdBy":"3","active":"1","ts":"2017-07-12 10:48:28"}],"balances":[{"id":"118","branchId":"7","accountId":"37","openingBalance":"100158","closingBalance":"100158","date":"2017-08-16","ts":"2017-08-15 23:16:19"}]},{"branch":{"id":"9","name":"MOMBASA","countryId":"2","location":"Mombasa","supervisorId":"3","createdBy":"1","ts":"2017-07-05 00:00:00","active":"1"},"transactions_today":[0],"accounts":[0],"balances":[0]},{"branch":{"id":"10","name":"DUBAI","countryId":"6","location":"Dubai","supervisorId":"3","createdBy":"1","ts":"2017-07-05 00:00:00","active":"1"},"transactions_today":[0],"accounts":[0],"balances":[0]},{"branch":{"id":"11","name":"CHINA","countryId":"5","location":"China","supervisorId":"3","createdBy":"3","ts":"2017-07-05 13:23:17","active":"1"},"transactions_today":[0],"accounts":[{"id":"27","name":"CHINA-RMB Account","branchId":"11","type_id":"1","currency_id":"1","balance":"0","createdBy":"3","active":"1","ts":"2017-07-05 13:23:17"},{"id":"28","name":"CHINA-USD Account","branchId":"11","type_id":"1","currency_id":"2","balance":"0","createdBy":"3","active":"1","ts":"2017-07-05 13:23:17"}],"balances":[0]},{"branch":{"id":"12","name":"NAIROBI","countryId":"2","location":"Nairobi","supervisorId":"3","createdBy":"3","ts":"2017-07-06 14:12:35","active":"1"},"transactions_today":[0],"accounts":[{"id":"33","name":"NAIROBI-USD Account","branchId":"12","type_id":"1","currency_id":"2","balance":"0","createdBy":"3","active":"1","ts":"2017-07-06 14:12:35"},{"id":"36","name":"NAIROBI-KSH Account","branchId":"12","type_id":"1","currency_id":"5","balance":"0","createdBy":"3","active":"1","ts":"2017-07-06 14:12:35"}],"balances":[{"id":"116","branchId":"12","accountId":"33","openingBalance":"25154","closingBalance":"25154","date":"2017-08-16","ts":"2017-08-15 23:16:19"},{"id":"117","branchId":"12","accountId":"36","openingBalance":"7637","closingBalance":"7637","date":"2017-08-16","ts":"2017-08-15 23:16:19"}]},{"branch":{"id":"13","name":"KAMPALA ROAD","countryId":"1","location":"kampala road","supervisorId":"3","createdBy":"3","ts":"2017-07-06 14:12:35","active":"1"},"transactions_today":[0],"accounts":[{"id":"38","name":"KAMPALA ROAD -USD ACCOUNT","branchId":"13","type_id":"1","currency_id":"2","balance":"0","createdBy":"3","active":"1","ts":"2017-07-12 10:48:28"},{"id":"39","name":"KAMPALA ROAD- UGX ACCOUNT ","branchId":"13","type_id":"1","currency_id":"4","balance":"0","createdBy":"3","active":"1","ts":"2017-07-12 10:48:28"}],"balances":[{"id":"119","branchId":"13","accountId":"39","openingBalance":"-6840000001.9444","closingBalance":"-6840000001.9444","date":"2017-08-16","ts":"2017-08-15 23:16:19"}]}]}
2017-08-16 13:41:54 ---- New Request ----
2017-08-16 13:41:54 Controller : Users
2017-08-16 13:41:54 Method : formsdetailsAction
2017-08-16 13:41:54 Controller File : controllers/Users.class.php, Exists
2017-08-16 13:41:54 Class constructed
2017-08-16 13:41:54 Details Params :
SessionID :sW2MgN12Sok40cFqnecjkdnIKTasLoKD
User ID : 3
2017-08-16 13:41:54 SELECT SQL : SELECT * FROM branches WHERE  active = '1'  
2017-08-16 13:41:54 SELECT SQL : SELECT * FROM countries WHERE  active = '1'  
2017-08-16 13:41:54 SELECT SQL : SELECT * FROM identification WHERE  active = '1'  
2017-08-16 13:41:54 SELECT SQL : SELECT * FROM users WHERE  active = '1'  
2017-08-16 13:41:54 SELECT SQL : SELECT id,name,branchId,currency_id FROM accounts WHERE  active = '1' AND type_id = '1'  
2017-08-16 13:41:54 Balance Update Params :
Branch Id : 5
Account ID : 16
Amount : 0
2017-08-16 13:41:54 SELECT SQL : SELECT * FROM balances WHERE  branchId = '5' AND accountId = '16'  
2017-08-16 13:41:54 SELECT SQL : SELECT * FROM balances WHERE  branchId = '5' AND accountId = '16' AND date = '2017-08-16'  
2017-08-16 13:41:54 UPDATE SQL : UPDATE balances SET closingBalance = '144123739' WHERE  branchId = '5' AND accountId = '16' AND date = '2017-08-16' 
2017-08-16 13:41:54 Balance Update Status 2:1
 2017-08-16 13:41:54 Balance Update Params :
Branch Id : 6
Account ID : 20
Amount : 0
2017-08-16 13:41:54 SELECT SQL : SELECT * FROM balances WHERE  branchId = '6' AND accountId = '20'  
2017-08-16 13:41:54 SELECT SQL : SELECT * FROM balances WHERE  branchId = '6' AND accountId = '20' AND date = '2017-08-16'  
2017-08-16 13:41:54 UPDATE SQL : UPDATE balances SET closingBalance = '3260000' WHERE  branchId = '6' AND accountId = '20' AND date = '2017-08-16' 
2017-08-16 13:41:54 Balance Update Status 2:1
 2017-08-16 13:41:54 Balance Update Params :
Branch Id : 6
Account ID : 21
Amount : 0
2017-08-16 13:41:54 SELECT SQL : SELECT * FROM balances WHERE  branchId = '6' AND accountId = '21'  
2017-08-16 13:41:54 SELECT SQL : SELECT * FROM balances WHERE  branchId = '6' AND accountId = '21' AND date = '2017-08-16'  
2017-08-16 13:41:54 UPDATE SQL : UPDATE balances SET closingBalance = '-3221507' WHERE  branchId = '6' AND accountId = '21' AND date = '2017-08-16' 
2017-08-16 13:41:54 Balance Update Status 2:1
 2017-08-16 13:41:54 Balance Update Params :
Branch Id : 6
Account ID : 22
Amount : 0
2017-08-16 13:41:54 SELECT SQL : SELECT * FROM balances WHERE  branchId = '6' AND accountId = '22'  
2017-08-16 13:41:54 SELECT SQL : SELECT * FROM balances WHERE  branchId = '6' AND accountId = '22' AND date = '2017-08-16'  
2017-08-16 13:41:54 UPDATE SQL : UPDATE balances SET closingBalance = '-3000' WHERE  branchId = '6' AND accountId = '22' AND date = '2017-08-16' 
2017-08-16 13:41:54 Balance Update Status 2:1
 2017-08-16 13:41:54 Balance Update Params :
Branch Id : 6
Account ID : 23
Amount : 0
2017-08-16 13:41:54 SELECT SQL : SELECT * FROM balances WHERE  branchId = '6' AND accountId = '23'  
2017-08-16 13:41:54 SELECT SQL : SELECT * FROM balances WHERE  branchId = '6' AND accountId = '23' AND date = '2017-08-16'  
2017-08-16 13:41:54 UPDATE SQL : UPDATE balances SET closingBalance = '16602422618' WHERE  branchId = '6' AND accountId = '23' AND date = '2017-08-16' 
2017-08-16 13:41:54 Balance Update Status 2:1
 2017-08-16 13:41:54 Balance Update Params :
Branch Id : 6
Account ID : 24
Amount : 0
2017-08-16 13:41:54 SELECT SQL : SELECT * FROM balances WHERE  branchId = '6' AND accountId = '24'  
2017-08-16 13:41:54 SELECT SQL : SELECT * FROM balances WHERE  branchId = '6' AND accountId = '24' AND date = '2017-08-16'  
2017-08-16 13:41:54 UPDATE SQL : UPDATE balances SET closingBalance = '1847000' WHERE  branchId = '6' AND accountId = '24' AND date = '2017-08-16' 
2017-08-16 13:41:54 Balance Update Status 2:1
 2017-08-16 13:41:54 Balance Update Params :
Branch Id : 11
Account ID : 27
Amount : 0
2017-08-16 13:41:54 SELECT SQL : SELECT * FROM balances WHERE  branchId = '11' AND accountId = '27'  
2017-08-16 13:41:54 Balance Update Params :
Branch Id : 11
Account ID : 28
Amount : 0
2017-08-16 13:41:54 SELECT SQL : SELECT * FROM balances WHERE  branchId = '11' AND accountId = '28'  
2017-08-16 13:41:54 Balance Update Params :
Branch Id : 12
Account ID : 33
Amount : 0
2017-08-16 13:41:54 SELECT SQL : SELECT * FROM balances WHERE  branchId = '12' AND accountId = '33'  
2017-08-16 13:41:54 SELECT SQL : SELECT * FROM balances WHERE  branchId = '12' AND accountId = '33' AND date = '2017-08-16'  
2017-08-16 13:41:54 UPDATE SQL : UPDATE balances SET closingBalance = '25154' WHERE  branchId = '12' AND accountId = '33' AND date = '2017-08-16' 
2017-08-16 13:41:54 Balance Update Status 2:1
 2017-08-16 13:41:54 Balance Update Params :
Branch Id : 12
Account ID : 36
Amount : 0
2017-08-16 13:41:54 SELECT SQL : SELECT * FROM balances WHERE  branchId = '12' AND accountId = '36'  
2017-08-16 13:41:54 SELECT SQL : SELECT * FROM balances WHERE  branchId = '12' AND accountId = '36' AND date = '2017-08-16'  
2017-08-16 13:41:54 UPDATE SQL : UPDATE balances SET closingBalance = '7637' WHERE  branchId = '12' AND accountId = '36' AND date = '2017-08-16' 
2017-08-16 13:41:54 Balance Update Status 2:1
 2017-08-16 13:41:54 Balance Update Params :
Branch Id : 7
Account ID : 37
Amount : 0
2017-08-16 13:41:54 SELECT SQL : SELECT * FROM balances WHERE  branchId = '7' AND accountId = '37'  
2017-08-16 13:41:54 SELECT SQL : SELECT * FROM balances WHERE  branchId = '7' AND accountId = '37' AND date = '2017-08-16'  
2017-08-16 13:41:54 UPDATE SQL : UPDATE balances SET closingBalance = '100158' WHERE  branchId = '7' AND accountId = '37' AND date = '2017-08-16' 
2017-08-16 13:41:54 Balance Update Status 2:1
 2017-08-16 13:41:54 Balance Update Params :
Branch Id : 13
Account ID : 38
Amount : 0
2017-08-16 13:41:54 SELECT SQL : SELECT * FROM balances WHERE  branchId = '13' AND accountId = '38'  
2017-08-16 13:41:54 Balance Update Params :
Branch Id : 13
Account ID : 39
Amount : 0
2017-08-16 13:41:54 SELECT SQL : SELECT * FROM balances WHERE  branchId = '13' AND accountId = '39'  
2017-08-16 13:41:54 SELECT SQL : SELECT * FROM balances WHERE  branchId = '13' AND accountId = '39' AND date = '2017-08-16'  
2017-08-16 13:41:54 UPDATE SQL : UPDATE balances SET closingBalance = '-6840000001.9444' WHERE  branchId = '13' AND accountId = '39' AND date = '2017-08-16' 
2017-08-16 13:41:54 Balance Update Status 2:1
 2017-08-16 13:41:54 SELECT SQL : SELECT * FROM currencies WHERE  active = '1'  
2017-08-16 13:41:54 SELECT SQL : SELECT * FROM accounts WHERE  active = '1' AND type_id = '4'  
2017-08-16 13:41:54 SELECT SQL : SELECT * FROM account_types WHERE  active = '1'  
2017-08-16 13:41:54 SELECT SQL : SELECT * FROM user_types WHERE  active = '1'  
2017-08-16 13:41:54 Response : {"data":{"branches":[{"id":"5","name":"KINSHASHA","countryId":"4","location":"Patrice Avenue","supervisorId":"3","createdBy":"4","ts":"2017-06-30 00:06:55","active":"1"},{"id":"6","name":"OASIS MALL","countryId":"1","location":"Yusufu Lule Rd","supervisorId":"3","createdBy":"2","ts":"2017-06-30 00:12:08","active":"1"},{"id":"7","name":"GOMA","countryId":"4","location":"Goma","supervisorId":"3","createdBy":"1","ts":"2017-07-05 00:00:00","active":"1"},{"id":"9","name":"MOMBASA","countryId":"2","location":"Mombasa","supervisorId":"3","createdBy":"1","ts":"2017-07-05 00:00:00","active":"1"},{"id":"10","name":"DUBAI","countryId":"6","location":"Dubai","supervisorId":"3","createdBy":"1","ts":"2017-07-05 00:00:00","active":"1"},{"id":"11","name":"CHINA","countryId":"5","location":"China","supervisorId":"3","createdBy":"3","ts":"2017-07-05 13:23:17","active":"1"},{"id":"12","name":"NAIROBI","countryId":"2","location":"Nairobi","supervisorId":"3","createdBy":"3","ts":"2017-07-06 14:12:35","active":"1"},{"id":"13","name":"KAMPALA ROAD","countryId":"1","location":"kampala road","supervisorId":"3","createdBy":"3","ts":"2017-07-06 14:12:35","active":"1"}],"countries":[{"id":"1","name":"UGANDA","createdBy":"1","ts":"2017-06-25 23:13:31","active":"1"},{"id":"2","name":"KENYA","createdBy":"1","ts":"2017-06-26 09:02:45","active":"1"},{"id":"3","name":"TZ","createdBy":"1","ts":"2017-06-28 11:11:53","active":"1"},{"id":"4","name":"CONGO","createdBy":"1","ts":"2017-06-28 11:26:11","active":"1"},{"id":"5","name":"CHINA","createdBy":"1","ts":"2017-06-28 11:30:01","active":"1"},{"id":"6","name":"UAE","createdBy":"1","ts":"2017-07-05 00:00:00","active":"1"}],"ids":[[{"id":"1","name":"Passport","createdBy":"1","ts":"2017-06-28 14:00:01","active":"1"},{"id":"2","name":"National ID","createdBy":"1","ts":"2017-06-28 14:00:01","active":"1"},{"id":"3","name":"STUDENTS ID","createdBy":"1","ts":"2017-06-28 16:21:46","active":"1"}]],"users":[{"id":"1","firstName":"You","surname":"Jinshu","email":"hudsonbogere@swipeit.co.ug","phone":"256783131266","userName":"you","branchId":"0","userTypeId":"1","password":"$2y$10$pPGbhJ1RXx\/ug.ED3LnsQuKHJTqwYsa\/iF0OqGOgsjflkHKIDTLVq","sessionId":"HZybfPRB27XLgaKYEuNTiBgx1eiBDwsQ","ipAddress":"::1","createdBy":null,"ts":"2017-06-23 15:08:12","active":"1"},{"id":"2","firstName":"Nansubuga","surname":"Dorothy","email":"henry@gmail.com","phone":"256752284441","userName":"dorah","branchId":"12","userTypeId":"3","password":"$2y$10$F9t92sYKf2rDJ.JzCmrrT.Jt1Ix37Fuo.uZKpXPn69dgDUTZ8xLXi","sessionId":"","ipAddress":"105.231.196.253","createdBy":"1","ts":"2017-06-26 19:11:07","active":"1"},{"id":"3","firstName":"Lydia","surname":"Amoi","email":"islam@gmail.com","phone":"256777608310","userName":"lydia","branchId":"6","userTypeId":"2","password":"$2y$10$m72Zz8Z.h4\/Zp6TFDhmbXeQ79kZ7JJ2U0yLUanc0dDVxbc.5UPkRG","sessionId":"sW2MgN12Sok40cFqnecjkdnIKTasLoKD","ipAddress":"::1","createdBy":"1","ts":"2017-06-26 19:41:01","active":"1"},{"id":"4","firstName":"Nabukera","surname":"Maria","email":"banerd@tfb.com","phone":"256774457813","userName":"maria","branchId":"5","userTypeId":"5","password":"$2y$10$wTpUE\/WJFMfQaBglrQocTO9ndV6dbxL2vzFDEJZ1hpVVp4binpXGO","sessionId":"ABnK2MkuYxBVnps1FX5gZgwJ1611ffjh","ipAddress":"::1","createdBy":"1","ts":"2017-06-26 23:04:07","active":"1"},{"id":"5","firstName":"Henry","surname":"Bbosa","email":null,"phone":null,"userName":"Henry","branchId":"11","userTypeId":"3","password":"$2y$10$m72Zz8Z.h4\/Zp6TFDhmbXeQ79kZ7JJ2U0yLUanc0dDVxbc.5UPkRG","sessionId":"","ipAddress":"::1","createdBy":"1","ts":"2017-07-05 00:00:00","active":"1"},{"id":"6","firstName":"Edwin","surname":"Kakeeto","email":"edwin@edwin.com","phone":"0777777557","userName":"edwin","branchId":"7","userTypeId":"3","password":"$2y$10$wTpUE\/WJFMfQaBglrQocTO9ndV6dbxL2vzFDEJZ1hpVVp4binpXGO","sessionId":"KRX8Yh2iqId0EWTdOh43HSfBIE4fr5lp","ipAddress":"41.243.17.77","createdBy":"3","ts":"2017-07-10 07:37:50","active":"1"},{"id":"7","firstName":"Trish","surname":"Baby","email":"patricia@gmail.com","phone":"0777777557","userName":"trish","branchId":"13","userTypeId":"3","password":"$2y$10$m72Zz8Z.h4\/Zp6TFDhmbXeQ79kZ7JJ2U0yLUanc0dDVxbc.5UPkRG","sessionId":"","ipAddress":"::1","createdBy":null,"ts":null,"active":"1"},{"id":"8","firstName":"cedric","surname":"cedric","email":"cedric@gmail.com","phone":"+256754813912","userName":"cedric","branchId":"7","userTypeId":"3","password":"$2y$10$m72Zz8Z.h4\/Zp6TFDhmbXeQ79kZ7JJ2U0yLUanc0dDVxbc.5UPkRG","sessionId":"tjlhVkegBNlQMx8mIYqyQFhY0t61DfLy","ipAddress":"::1","createdBy":null,"ts":null,"active":"1"},{"id":"9","firstName":"Bravia","surname":"Muzira","email":"muzira@gmail.com","phone":"+256771889211","userName":"Braviah","branchId":"6","userTypeId":"3","password":"$2y$10$m72Zz8Z.h4\/Zp6TFDhmbXeQ79kZ7JJ2U0yLUanc0dDVxbc.5UPkRG","sessionId":"CNHdx868gWwwaWl34QWYmNGxDsy1g0Dy","ipAddress":"41.210.154.223","createdBy":null,"ts":null,"active":"1"}],"accounts":[{"id":"16","name":"KINSHASHA-USD Account","branchId":"5","currency_id":"2"},{"id":"20","name":"OASIS MALL-RMB Account","branchId":"6","currency_id":"1"},{"id":"21","name":"OASIS MALL-USD Account","branchId":"6","currency_id":"2"},{"id":"22","name":"OASIS MALL-DIRHAM Account","branchId":"6","currency_id":"3"},{"id":"23","name":"OASIS MALL-UGX Account","branchId":"6","currency_id":"4"},{"id":"24","name":"OASIS MALL-KSH Account","branchId":"6","currency_id":"5"},{"id":"27","name":"CHINA-RMB Account","branchId":"11","currency_id":"1"},{"id":"28","name":"CHINA-USD Account","branchId":"11","currency_id":"2"},{"id":"33","name":"NAIROBI-USD Account","branchId":"12","currency_id":"2"},{"id":"36","name":"NAIROBI-KSH Account","branchId":"12","currency_id":"5"},{"id":"37","name":"GOMA-USD ACCOUNT","branchId":"7","currency_id":"2"},{"id":"38","name":"KAMPALA ROAD -USD ACCOUNT","branchId":"13","currency_id":"2"},{"id":"39","name":"KAMPALA ROAD- UGX ACCOUNT ","branchId":"13","currency_id":"4"}],"currencies":[{"id":"1","name":"RMB","symbol":"\u00a5","createdBy":"1","ts":"2017-06-27 22:45:12","active":"1"},{"id":"2","name":"USD","symbol":"$","createdBy":"1","ts":"2017-06-27 22:45:12","active":"1"},{"id":"3","name":"DIRHAM","symbol":"","createdBy":"1","ts":"2017-06-28 11:40:09","active":"1"},{"id":"4","name":"UGX","symbol":"\/=","createdBy":"1","ts":"2017-06-28 11:46:50","active":"1"},{"id":"5","name":"KSH","symbol":"","createdBy":"1","ts":"2017-06-28 11:46:50","active":"1"}],"superaccount":[{"id":"1","name":"RMB Account","branchId":"0","type_id":"4","currency_id":"1","balance":"0","createdBy":"1","active":"1","ts":"2017-06-27 22:45:12"}],"accountTypes":[{"id":"1","type":"Transfer","description":"","createdBy":"1","ts":"2017-06-28 14:31:12","active":"1"},{"id":"2","type":"Suspense","description":"","createdBy":"1","ts":"2017-06-28 14:31:12","active":"1"},{"id":"4","type":"Super","description":"","createdBy":"1","ts":"2017-06-28 14:31:12","active":"1"}],"userTypes":[{"id":"1","name":"E-Value Admin","level":"1","ts":"2017-06-27 22:45:12","active":"1"},{"id":"2","name":"Super User","level":"2","ts":"2017-06-27 22:45:12","active":"1"},{"id":"3","name":"Agent","level":"3","ts":"2017-06-27 22:45:12","active":"1"},{"id":"4","name":"System Admin","level":"4","ts":"2017-06-27 22:45:12","active":"1"},{"id":"5","name":"superAgent","level":"3","ts":"2017-06-27 22:45:12","active":"1"}]},"success":1}
2017-08-16 13:41:58 ---- New Request ----
2017-08-16 13:41:58 Controller : Reports
2017-08-16 13:41:58 Method : getreportdataAction
2017-08-16 13:41:58 Controller File : controllers/Reports.class.php, Exists
2017-08-16 13:41:58 Class constructed
2017-08-16 13:41:58 Class constructed
2017-08-16 13:41:58 kyakabi2017-08-16 13:41:58 kyakabi12017-08-16 13:41:58 kyakabi22017-08-16 13:41:58 kyakabi32017-08-16 13:41:58 UserID : 3
SessionId : sW2MgN12Sok40cFqnecjkdnIKTasLoKD
Branch ID : 6
2017-08-16 13:41:58 SELECT SQL : SELECT * FROM branches  
2017-08-16 13:41:58 SELECT SQL : SELECT * FROM branch_transaction WHERE  branch_id = '5' AND date = '2017-08-16'  
2017-08-16 13:41:58 SELECT SQL : SELECT * FROM accounts WHERE  branchId = '5'  
2017-08-16 13:41:58 SELECT SQL : SELECT * FROM balances WHERE  branchId = '5' AND date = '2017-08-16'  
2017-08-16 13:41:58 SELECT SQL : SELECT * FROM branch_transaction WHERE  branch_id = '6' AND date = '2017-08-16'  
2017-08-16 13:41:58 SELECT SQL : SELECT * FROM accounts WHERE  branchId = '6'  
2017-08-16 13:41:58 SELECT SQL : SELECT * FROM balances WHERE  branchId = '6' AND date = '2017-08-16'  
2017-08-16 13:41:58 SELECT SQL : SELECT * FROM branch_transaction WHERE  branch_id = '7' AND date = '2017-08-16'  
2017-08-16 13:41:58 SELECT SQL : SELECT * FROM accounts WHERE  branchId = '7'  
2017-08-16 13:41:58 SELECT SQL : SELECT * FROM balances WHERE  branchId = '7' AND date = '2017-08-16'  
2017-08-16 13:41:58 SELECT SQL : SELECT * FROM branch_transaction WHERE  branch_id = '9' AND date = '2017-08-16'  
2017-08-16 13:41:58 SELECT SQL : SELECT * FROM accounts WHERE  branchId = '9'  
2017-08-16 13:41:58 SELECT SQL : SELECT * FROM balances WHERE  branchId = '9' AND date = '2017-08-16'  
2017-08-16 13:41:58 SELECT SQL : SELECT * FROM branch_transaction WHERE  branch_id = '10' AND date = '2017-08-16'  
2017-08-16 13:41:58 SELECT SQL : SELECT * FROM accounts WHERE  branchId = '10'  
2017-08-16 13:41:58 SELECT SQL : SELECT * FROM balances WHERE  branchId = '10' AND date = '2017-08-16'  
2017-08-16 13:41:58 SELECT SQL : SELECT * FROM branch_transaction WHERE  branch_id = '11' AND date = '2017-08-16'  
2017-08-16 13:41:58 SELECT SQL : SELECT * FROM accounts WHERE  branchId = '11'  
2017-08-16 13:41:58 SELECT SQL : SELECT * FROM balances WHERE  branchId = '11' AND date = '2017-08-16'  
2017-08-16 13:41:58 SELECT SQL : SELECT * FROM branch_transaction WHERE  branch_id = '12' AND date = '2017-08-16'  
2017-08-16 13:41:58 SELECT SQL : SELECT * FROM accounts WHERE  branchId = '12'  
2017-08-16 13:41:58 SELECT SQL : SELECT * FROM balances WHERE  branchId = '12' AND date = '2017-08-16'  
2017-08-16 13:41:58 SELECT SQL : SELECT * FROM branch_transaction WHERE  branch_id = '13' AND date = '2017-08-16'  
2017-08-16 13:41:58 SELECT SQL : SELECT * FROM accounts WHERE  branchId = '13'  
2017-08-16 13:41:58 SELECT SQL : SELECT * FROM balances WHERE  branchId = '13' AND date = '2017-08-16'  
2017-08-16 13:41:58 Response : {"success":1,"today":"2017-08-16","data":[{"branch":{"id":"5","name":"KINSHASHA","countryId":"4","location":"Patrice Avenue","supervisorId":"3","createdBy":"4","ts":"2017-06-30 00:06:55","active":"1"},"transactions_today":[0],"accounts":[{"id":"16","name":"KINSHASHA-USD Account","branchId":"5","type_id":"1","currency_id":"2","balance":"0","createdBy":"4","active":"1","ts":"2017-06-30 00:06:55"}],"balances":[{"id":"110","branchId":"5","accountId":"16","openingBalance":"144123739","closingBalance":"144123739","date":"2017-08-16","ts":"2017-08-15 23:16:18"}]},{"branch":{"id":"6","name":"OASIS MALL","countryId":"1","location":"Yusufu Lule Rd","supervisorId":"3","createdBy":"2","ts":"2017-06-30 00:12:08","active":"1"},"transactions_today":[{"id":"21","branch_id":"6","user_id":"0","transaction_type_id":"1","amount":"50060","exchange_rate":"0","from_currency_id":"2","to_currency_id":"4","currency_id":"0","sender_name":"bbosa","receiver_name":"lujj","date":"2017-08-16","ts":"2017-08-16 04:56:29","status":"","account_number":"","account_id":"0","amount_from_rate":"","from_account_id":"0","to_account_id":"0","charge":"4000","charge_currency_id":"4","details":""},{"id":"23","branch_id":"6","user_id":"3","transaction_type_id":"7","amount":"4569000","exchange_rate":"3200","from_currency_id":"2","to_currency_id":"4","currency_id":"0","sender_name":"","receiver_name":"","date":"2017-08-16","ts":"2017-08-16 05:03:50","status":"","account_number":"","account_id":"0","amount_from_rate":"14620800000","from_account_id":"0","to_account_id":"0","charge":"","charge_currency_id":"0","details":""}],"accounts":[{"id":"20","name":"OASIS MALL-RMB Account","branchId":"6","type_id":"1","currency_id":"1","balance":"0","createdBy":"2","active":"1","ts":"2017-06-30 00:12:08"},{"id":"21","name":"OASIS MALL-USD Account","branchId":"6","type_id":"1","currency_id":"2","balance":"0","createdBy":"2","active":"1","ts":"2017-06-30 00:12:09"},{"id":"22","name":"OASIS MALL-DIRHAM Account","branchId":"6","type_id":"1","currency_id":"3","balance":"0","createdBy":"2","active":"1","ts":"2017-06-30 00:12:09"},{"id":"23","name":"OASIS MALL-UGX Account","branchId":"6","type_id":"1","currency_id":"4","balance":"0","createdBy":"2","active":"1","ts":"2017-06-30 00:12:09"},{"id":"24","name":"OASIS MALL-KSH Account","branchId":"6","type_id":"1","currency_id":"5","balance":"0","createdBy":"2","active":"1","ts":"2017-06-30 00:12:09"}],"balances":[{"id":"111","branchId":"6","accountId":"20","openingBalance":"3260000","closingBalance":"3260000","date":"2017-08-16","ts":"2017-08-15 23:16:18"},{"id":"112","branchId":"6","accountId":"21","openingBalance":"1882492","closingBalance":"-3221507","date":"2017-08-16","ts":"2017-08-15 23:16:18"},{"id":"113","branchId":"6","accountId":"22","openingBalance":"-3000","closingBalance":"-3000","date":"2017-08-16","ts":"2017-08-15 23:16:18"},{"id":"114","branchId":"6","accountId":"23","openingBalance":"95199318","closingBalance":"16602422618","date":"2017-08-16","ts":"2017-08-15 23:16:18"},{"id":"115","branchId":"6","accountId":"24","openingBalance":"1847000","closingBalance":"1847000","date":"2017-08-16","ts":"2017-08-15 23:16:18"}]},{"branch":{"id":"7","name":"GOMA","countryId":"4","location":"Goma","supervisorId":"3","createdBy":"1","ts":"2017-07-05 00:00:00","active":"1"},"transactions_today":[0],"accounts":[{"id":"37","name":"GOMA-USD ACCOUNT","branchId":"7","type_id":"1","currency_id":"2","balance":"0","createdBy":"3","active":"1","ts":"2017-07-12 10:48:28"}],"balances":[{"id":"118","branchId":"7","accountId":"37","openingBalance":"100158","closingBalance":"100158","date":"2017-08-16","ts":"2017-08-15 23:16:19"}]},{"branch":{"id":"9","name":"MOMBASA","countryId":"2","location":"Mombasa","supervisorId":"3","createdBy":"1","ts":"2017-07-05 00:00:00","active":"1"},"transactions_today":[0],"accounts":[0],"balances":[0]},{"branch":{"id":"10","name":"DUBAI","countryId":"6","location":"Dubai","supervisorId":"3","createdBy":"1","ts":"2017-07-05 00:00:00","active":"1"},"transactions_today":[0],"accounts":[0],"balances":[0]},{"branch":{"id":"11","name":"CHINA","countryId":"5","location":"China","supervisorId":"3","createdBy":"3","ts":"2017-07-05 13:23:17","active":"1"},"transactions_today":[0],"accounts":[{"id":"27","name":"CHINA-RMB Account","branchId":"11","type_id":"1","currency_id":"1","balance":"0","createdBy":"3","active":"1","ts":"2017-07-05 13:23:17"},{"id":"28","name":"CHINA-USD Account","branchId":"11","type_id":"1","currency_id":"2","balance":"0","createdBy":"3","active":"1","ts":"2017-07-05 13:23:17"}],"balances":[0]},{"branch":{"id":"12","name":"NAIROBI","countryId":"2","location":"Nairobi","supervisorId":"3","createdBy":"3","ts":"2017-07-06 14:12:35","active":"1"},"transactions_today":[0],"accounts":[{"id":"33","name":"NAIROBI-USD Account","branchId":"12","type_id":"1","currency_id":"2","balance":"0","createdBy":"3","active":"1","ts":"2017-07-06 14:12:35"},{"id":"36","name":"NAIROBI-KSH Account","branchId":"12","type_id":"1","currency_id":"5","balance":"0","createdBy":"3","active":"1","ts":"2017-07-06 14:12:35"}],"balances":[{"id":"116","branchId":"12","accountId":"33","openingBalance":"25154","closingBalance":"25154","date":"2017-08-16","ts":"2017-08-15 23:16:19"},{"id":"117","branchId":"12","accountId":"36","openingBalance":"7637","closingBalance":"7637","date":"2017-08-16","ts":"2017-08-15 23:16:19"}]},{"branch":{"id":"13","name":"KAMPALA ROAD","countryId":"1","location":"kampala road","supervisorId":"3","createdBy":"3","ts":"2017-07-06 14:12:35","active":"1"},"transactions_today":[0],"accounts":[{"id":"38","name":"KAMPALA ROAD -USD ACCOUNT","branchId":"13","type_id":"1","currency_id":"2","balance":"0","createdBy":"3","active":"1","ts":"2017-07-12 10:48:28"},{"id":"39","name":"KAMPALA ROAD- UGX ACCOUNT ","branchId":"13","type_id":"1","currency_id":"4","balance":"0","createdBy":"3","active":"1","ts":"2017-07-12 10:48:28"}],"balances":[{"id":"119","branchId":"13","accountId":"39","openingBalance":"-6840000001.9444","closingBalance":"-6840000001.9444","date":"2017-08-16","ts":"2017-08-15 23:16:19"}]}]}
