2017-07-22 11:13:07 ---- New Request ----
2017-07-22 11:13:07 Controller : Users
2017-07-22 11:13:07 Method : loginAction
2017-07-22 11:13:07 Controller File : controllers/Users.class.php, Exists
2017-07-22 11:13:07 Class constructed
2017-07-22 11:13:07 Login Params ;Username :lydia
Password : ******
2017-07-22 11:13:07 SELECT SQL : SELECT id,firstName,surname,userName,userTypeId,sessionId,password,active,branchId FROM users WHERE  userName = 'lydia'  
2017-07-22 11:13:08 SELECT SQL : SELECT name FROM branches WHERE  id = '6'  
2017-07-22 11:13:08 UPDATE SQL : UPDATE users SET sessionId = 'REA23jEDQbNEoNyKdV30niOgpECMJbPC',ipAddress = '41.202.241.27' WHERE  id = '3' 
2017-07-22 11:13:08 Response : {"success":1,"data":{"id":"3","firstName":"Lydia","surname":"Amoi","userName":"lydia","userTypeId":"2","sessionId":"REA23jEDQbNEoNyKdV30niOgpECMJbPC","branchId":"6","branchName":"OASIS MALL"}}
2017-07-22 11:13:10 ---- New Request ----
2017-07-22 11:13:10 Controller : Users
2017-07-22 11:13:10 Method : formsdetailsAction
2017-07-22 11:13:10 Controller File : controllers/Users.class.php, Exists
2017-07-22 11:13:10 Class constructed
2017-07-22 11:13:10 Details Params :
SessionID :REA23jEDQbNEoNyKdV30niOgpECMJbPC
User ID : 3
2017-07-22 11:13:10 SELECT SQL : SELECT * FROM branches WHERE  active = '1'  
2017-07-22 11:13:10 SELECT SQL : SELECT * FROM countries WHERE  active = '1'  
2017-07-22 11:13:10 SELECT SQL : SELECT * FROM identification WHERE  active = '1'  
2017-07-22 11:13:10 SELECT SQL : SELECT * FROM users WHERE  active = '1'  
2017-07-22 11:13:10 SELECT SQL : SELECT id,name,branchId,currency_id FROM accounts WHERE  active = '1' AND type_id = '1'  
2017-07-22 11:13:10 Balance Update Params :
Branch Id : 5
Account ID : 16
Amount : 0
2017-07-22 11:13:10 SELECT SQL : SELECT * FROM balances WHERE  branchId = '5' AND accountId = '16'  
2017-07-22 11:13:10 SELECT SQL : SELECT * FROM balances WHERE  branchId = '5' AND accountId = '16' AND date = '2017-07-22'  
2017-07-22 11:13:10 UPDATE SQL : UPDATE balances SET closingBalance = '293496' WHERE  branchId = '5' AND accountId = '16' AND date = '2017-07-22' 
2017-07-22 11:13:10 Balance Update Status 2:1
 2017-07-22 11:13:10 Balance Update Params :
Branch Id : 6
Account ID : 20
Amount : 0
2017-07-22 11:13:10 SELECT SQL : SELECT * FROM balances WHERE  branchId = '6' AND accountId = '20'  
2017-07-22 11:13:10 Balance Update Params :
Branch Id : 6
Account ID : 21
Amount : 0
2017-07-22 11:13:10 SELECT SQL : SELECT * FROM balances WHERE  branchId = '6' AND accountId = '21'  
2017-07-22 11:13:10 SELECT SQL : SELECT * FROM balances WHERE  branchId = '6' AND accountId = '21' AND date = '2017-07-22'  
2017-07-22 11:13:10 UPDATE SQL : UPDATE balances SET closingBalance = '627698.05028101' WHERE  branchId = '6' AND accountId = '21' AND date = '2017-07-22' 
2017-07-22 11:13:10 Balance Update Status 2:1
 2017-07-22 11:13:10 Balance Update Params :
Branch Id : 6
Account ID : 22
Amount : 0
2017-07-22 11:13:10 SELECT SQL : SELECT * FROM balances WHERE  branchId = '6' AND accountId = '22'  
2017-07-22 11:13:10 Balance Update Params :
Branch Id : 6
Account ID : 23
Amount : 0
2017-07-22 11:13:10 SELECT SQL : SELECT * FROM balances WHERE  branchId = '6' AND accountId = '23'  
2017-07-22 11:13:10 SELECT SQL : SELECT * FROM balances WHERE  branchId = '6' AND accountId = '23' AND date = '2017-07-22'  
2017-07-22 11:13:10 UPDATE SQL : UPDATE balances SET closingBalance = '-113664482' WHERE  branchId = '6' AND accountId = '23' AND date = '2017-07-22' 
2017-07-22 11:13:10 Balance Update Status 2:1
 2017-07-22 11:13:10 Balance Update Params :
Branch Id : 6
Account ID : 24
Amount : 0
2017-07-22 11:13:10 SELECT SQL : SELECT * FROM balances WHERE  branchId = '6' AND accountId = '24'  
2017-07-22 11:13:10 Balance Update Params :
Branch Id : 11
Account ID : 27
Amount : 0
2017-07-22 11:13:10 SELECT SQL : SELECT * FROM balances WHERE  branchId = '11' AND accountId = '27'  
2017-07-22 11:13:10 SELECT SQL : SELECT * FROM balances WHERE  branchId = '11' AND accountId = '27' AND date = '2017-07-22'  
2017-07-22 11:13:10 UPDATE SQL : UPDATE balances SET closingBalance = '4202913.1774296' WHERE  branchId = '11' AND accountId = '27' AND date = '2017-07-22' 
2017-07-22 11:13:10 Balance Update Status 2:1
 2017-07-22 11:13:10 Balance Update Params :
Branch Id : 11
Account ID : 28
Amount : 0
2017-07-22 11:13:10 SELECT SQL : SELECT * FROM balances WHERE  branchId = '11' AND accountId = '28'  
2017-07-22 11:13:10 Balance Update Params :
Branch Id : 12
Account ID : 33
Amount : 0
2017-07-22 11:13:10 SELECT SQL : SELECT * FROM balances WHERE  branchId = '12' AND accountId = '33'  
2017-07-22 11:13:10 SELECT SQL : SELECT * FROM balances WHERE  branchId = '12' AND accountId = '33' AND date = '2017-07-22'  
2017-07-22 11:13:10 UPDATE SQL : UPDATE balances SET closingBalance = '13600' WHERE  branchId = '12' AND accountId = '33' AND date = '2017-07-22' 
2017-07-22 11:13:10 Balance Update Status 2:1
 2017-07-22 11:13:10 Balance Update Params :
Branch Id : 12
Account ID : 36
Amount : 0
2017-07-22 11:13:10 SELECT SQL : SELECT * FROM balances WHERE  branchId = '12' AND accountId = '36'  
2017-07-22 11:13:10 SELECT SQL : SELECT * FROM balances WHERE  branchId = '12' AND accountId = '36' AND date = '2017-07-22'  
2017-07-22 11:13:10 UPDATE SQL : UPDATE balances SET closingBalance = '7470' WHERE  branchId = '12' AND accountId = '36' AND date = '2017-07-22' 
2017-07-22 11:13:10 Balance Update Status 2:1
 2017-07-22 11:13:10 Balance Update Params :
Branch Id : 7
Account ID : 37
Amount : 0
2017-07-22 11:13:10 SELECT SQL : SELECT * FROM balances WHERE  branchId = '7' AND accountId = '37'  
2017-07-22 11:13:10 SELECT SQL : SELECT * FROM balances WHERE  branchId = '7' AND accountId = '37' AND date = '2017-07-22'  
2017-07-22 11:13:10 UPDATE SQL : UPDATE balances SET closingBalance = '47450' WHERE  branchId = '7' AND accountId = '37' AND date = '2017-07-22' 
2017-07-22 11:13:10 Balance Update Status 2:1
 2017-07-22 11:13:10 Balance Update Params :
Branch Id : 13
Account ID : 38
Amount : 0
2017-07-22 11:13:10 SELECT SQL : SELECT * FROM balances WHERE  branchId = '13' AND accountId = '38'  
2017-07-22 11:13:10 SELECT SQL : SELECT * FROM balances WHERE  branchId = '13' AND accountId = '38' AND date = '2017-07-22'  
2017-07-22 11:13:10 UPDATE SQL : UPDATE balances SET closingBalance = '2700' WHERE  branchId = '13' AND accountId = '38' AND date = '2017-07-22' 
2017-07-22 11:13:10 Balance Update Status 2:1
 2017-07-22 11:13:10 Balance Update Params :
Branch Id : 13
Account ID : 39
Amount : 0
2017-07-22 11:13:10 SELECT SQL : SELECT * FROM balances WHERE  branchId = '13' AND accountId = '39'  
2017-07-22 11:13:10 SELECT SQL : SELECT * FROM currencies WHERE  active = '1'  
2017-07-22 11:13:10 SELECT SQL : SELECT * FROM accounts WHERE  active = '1' AND type_id = '4'  
2017-07-22 11:13:10 SELECT SQL : SELECT * FROM account_types WHERE  active = '1'  
2017-07-22 11:13:10 SELECT SQL : SELECT * FROM user_types WHERE  active = '1'  
2017-07-22 11:13:10 Response : {"data":{"branches":[{"id":"5","name":"KINSHASHA","countryId":"4","location":"Patrice Avenue","supervisorId":"3","createdBy":"4","ts":"2017-06-30 00:06:55","active":"1"},{"id":"6","name":"OASIS MALL","countryId":"1","location":"Yusufu Lule Rd","supervisorId":"3","createdBy":"2","ts":"2017-06-30 00:12:08","active":"1"},{"id":"7","name":"GOMA","countryId":"4","location":"Goma","supervisorId":"3","createdBy":"1","ts":"2017-07-05 00:00:00","active":"1"},{"id":"9","name":"MOMBASA","countryId":"2","location":"Mombasa","supervisorId":"3","createdBy":"1","ts":"2017-07-05 00:00:00","active":"1"},{"id":"10","name":"DUBAI","countryId":"6","location":"Dubai","supervisorId":"3","createdBy":"1","ts":"2017-07-05 00:00:00","active":"1"},{"id":"11","name":"CHINA","countryId":"5","location":"China","supervisorId":"3","createdBy":"3","ts":"2017-07-05 13:23:17","active":"1"},{"id":"12","name":"NAIROBI","countryId":"2","location":"Nairobi","supervisorId":"3","createdBy":"3","ts":"2017-07-06 14:12:35","active":"1"},{"id":"13","name":"KAMPALA ROAD","countryId":"1","location":"kampala road","supervisorId":"3","createdBy":"3","ts":"2017-07-06 14:12:35","active":"1"}],"countries":[{"id":"1","name":"UGANDA","createdBy":"1","ts":"2017-06-25 23:13:31","active":"1"},{"id":"2","name":"KENYA","createdBy":"1","ts":"2017-06-26 09:02:45","active":"1"},{"id":"3","name":"TZ","createdBy":"1","ts":"2017-06-28 11:11:53","active":"1"},{"id":"4","name":"CONGO","createdBy":"1","ts":"2017-06-28 11:26:11","active":"1"},{"id":"5","name":"CHINA","createdBy":"1","ts":"2017-06-28 11:30:01","active":"1"},{"id":"6","name":"UAE","createdBy":"1","ts":"2017-07-05 00:00:00","active":"1"}],"ids":[[{"id":"1","name":"Passport","createdBy":"1","ts":"2017-06-28 14:00:01","active":"1"},{"id":"2","name":"National ID","createdBy":"1","ts":"2017-06-28 14:00:01","active":"1"},{"id":"3","name":"STUDENTS ID","createdBy":"1","ts":"2017-06-28 16:21:46","active":"1"}]],"users":[{"id":"1","firstName":"You","surname":"Jinshu","email":"hudsonbogere@swipeit.co.ug","phone":"256783131266","userName":"you","branchId":"0","userTypeId":"1","password":"$2y$10$pPGbhJ1RXx\/ug.ED3LnsQuKHJTqwYsa\/iF0OqGOgsjflkHKIDTLVq","sessionId":"KSTms8GEe36Gy41kXds63LMk2kJjROlO","ipAddress":"41.210.145.81","createdBy":null,"ts":"2017-06-23 15:08:12","active":"1"},{"id":"2","firstName":"Nansubuga","surname":"Dorothy","email":"henry@gmail.com","phone":"256752284441","userName":"dorah","branchId":"12","userTypeId":"3","password":"$2y$10$F9t92sYKf2rDJ.JzCmrrT.Jt1Ix37Fuo.uZKpXPn69dgDUTZ8xLXi","sessionId":"DCOMbd4DaUoq7aTkV8udF6dJIYtYtDr5","ipAddress":"154.76.127.59","createdBy":"1","ts":"2017-06-26 19:11:07","active":"1"},{"id":"3","firstName":"Lydia","surname":"Amoi","email":"islam@gmail.com","phone":"256777608310","userName":"lydia","branchId":"6","userTypeId":"2","password":"$2y$10$m72Zz8Z.h4\/Zp6TFDhmbXeQ79kZ7JJ2U0yLUanc0dDVxbc.5UPkRG","sessionId":"REA23jEDQbNEoNyKdV30niOgpECMJbPC","ipAddress":"41.202.241.27","createdBy":"1","ts":"2017-06-26 19:41:01","active":"1"},{"id":"4","firstName":"Nabukera","surname":"Maria","email":"banerd@tfb.com","phone":"256774457813","userName":"maria","branchId":"5","userTypeId":"3","password":"$2y$10$wTpUE\/WJFMfQaBglrQocTO9ndV6dbxL2vzFDEJZ1hpVVp4binpXGO","sessionId":"rlwjPHNyG6kNuWcT7RLiz3gIRGkmcp0H","ipAddress":"41.243.11.143","createdBy":"1","ts":"2017-06-26 23:04:07","active":"1"},{"id":"5","firstName":"Henry","surname":"Bbosa","email":null,"phone":null,"userName":"henry","branchId":"11","userTypeId":"3","password":"$2y$10$m72Zz8Z.h4\/Zp6TFDhmbXeQ79kZ7JJ2U0yLUanc0dDVxbc.5UPkRG","sessionId":"XoNbHIKsDwcXMwMeT2yPKZNjUTEE1ATD","ipAddress":"197.157.34.162","createdBy":"1","ts":"2017-07-05 00:00:00","active":"1"},{"id":"6","firstName":"Edwin","surname":"Kakeeto","email":"edwin@edwin.com","phone":"0777777557","userName":"edwin","branchId":"7","userTypeId":"3","password":"$2y$10$m72Zz8Z.h4\/Zp6TFDhmbXeQ79kZ7JJ2U0yLUanc0dDVxbc.5UPkRG","sessionId":"","ipAddress":"160.242.142.203","createdBy":"3","ts":"2017-07-10 07:37:50","active":"1"},{"id":"7","firstName":"Trish","surname":"Baby","email":"patricia@gmail.com","phone":"0777777557","userName":"trish","branchId":"13","userTypeId":"3","password":"$2y$10$m72Zz8Z.h4\/Zp6TFDhmbXeQ79kZ7JJ2U0yLUanc0dDVxbc.5UPkRG","sessionId":"","ipAddress":"160.242.141.153","createdBy":null,"ts":null,"active":"1"},{"id":"8","firstName":"cedric","surname":"cedric","email":"cedric@gmail.com","phone":"+256754813912","userName":"cedric","branchId":"7","userTypeId":"3","password":"$2y$10$m72Zz8Z.h4\/Zp6TFDhmbXeQ79kZ7JJ2U0yLUanc0dDVxbc.5UPkRG","sessionId":"","ipAddress":"160.242.141.153","createdBy":null,"ts":null,"active":"1"}],"accounts":[{"id":"16","name":"KINSHASHA-USD Account","branchId":"5","currency_id":"2"},{"id":"20","name":"OASIS MALL-RMB Account","branchId":"6","currency_id":"1"},{"id":"21","name":"OASIS MALL-USD Account","branchId":"6","currency_id":"2"},{"id":"22","name":"OASIS MALL-DIRHAM Account","branchId":"6","currency_id":"3"},{"id":"23","name":"OASIS MALL-UGX Account","branchId":"6","currency_id":"4"},{"id":"24","name":"OASIS MALL-KSH Account","branchId":"6","currency_id":"5"},{"id":"27","name":"CHINA-RMB Account","branchId":"11","currency_id":"1"},{"id":"28","name":"CHINA-USD Account","branchId":"11","currency_id":"2"},{"id":"33","name":"NAIROBI-USD Account","branchId":"12","currency_id":"2"},{"id":"36","name":"NAIROBI-KSH Account","branchId":"12","currency_id":"5"},{"id":"37","name":"GOMA-USD ACCOUNT","branchId":"7","currency_id":"2"},{"id":"38","name":"KAMPALA ROAD -USD ACCOUNT","branchId":"13","currency_id":"2"},{"id":"39","name":"KAMPALA ROAD- UGX ACCOUNT ","branchId":"13","currency_id":"4"}],"currencies":[{"id":"1","name":"RMB","symbol":"\u00c2\u00a5","createdBy":"1","ts":"2017-06-27 22:45:12","active":"1"},{"id":"2","name":"USD","symbol":"$","createdBy":"1","ts":"2017-06-27 22:45:12","active":"1"},{"id":"3","name":"DIRHAM","symbol":"","createdBy":"1","ts":"2017-06-28 11:40:09","active":"1"},{"id":"4","name":"UGX","symbol":"\/=","createdBy":"1","ts":"2017-06-28 11:46:50","active":"1"},{"id":"5","name":"KSH","symbol":"","createdBy":"1","ts":"2017-06-28 11:46:50","active":"1"}],"superaccount":[{"id":"1","name":"RMB Account","branchId":"0","type_id":"4","currency_id":"1","balance":"0","createdBy":"1","active":"1","ts":"2017-06-27 22:45:12"}],"accountTypes":[{"id":"1","type":"Transfer","description":"","createdBy":"1","ts":"2017-06-28 14:31:12","active":"1"},{"id":"2","type":"Suspense","description":"","createdBy":"1","ts":"2017-06-28 14:31:12","active":"1"},{"id":"4","type":"Super","description":"","createdBy":"1","ts":"2017-06-28 14:31:12","active":"1"}],"userTypes":[{"id":"1","name":"E-Value Admin","level":"1","ts":"2017-06-27 22:45:12","active":"1"},{"id":"2","name":"Super User","level":"2","ts":"2017-06-27 22:45:12","active":"1"},{"id":"3","name":"Agent","level":"3","ts":"2017-06-27 22:45:12","active":"1"},{"id":"4","name":"System Admin","level":"4","ts":"2017-06-27 22:45:12","active":"1"}]},"success":1}
2017-07-22 11:14:14 ---- New Request ----
2017-07-22 11:14:14 Controller : Transfers
2017-07-22 11:14:14 Method : transfercashoutAction
2017-07-22 11:14:14 Controller File : controllers/Transfers.class.php, Exists
2017-07-22 11:14:14 Class constructed
2017-07-22 11:14:14 Class constructed
2017-07-22 11:14:14 Passcode : ******
Transaction Ref : 01100541
UserID : 3
Session ID : REA23jEDQbNEoNyKdV30niOgpECMJbPC
2017-07-22 11:14:14 SELECT SQL : SELECT sessionId FROM users WHERE  id = '3'  
2017-07-22 11:14:14 SELECT SQL : SELECT * FROM transfers WHERE  transferRef = '01100541'  
2017-07-22 11:14:14 SELECT SQL : SELECT name FROM countries WHERE  id = '0'  
2017-07-22 11:14:14 SELECT SQL : SELECT name FROM branches WHERE  id = '11'  
2017-07-22 11:14:14 SELECT SQL : SELECT name FROM currencies WHERE  id = '2'  
2017-07-22 11:14:14 Response : {"success":1,"data":{"id":"41","fromBranch":"11","toBranch":"0","amount":"1372540","currency":"2","charge":null,"transferRef":"01100541","passcode":"$2y$10$jbbqpue4.wf7r2bOlwwTR.TQXAhEEt4IYUJ7Xdda50R3yknvMg0x2","userIdSource":"5","userIdDestination":null,"ts":"2017-07-21 09:19:23","withdrawTs":null,"status":"Pending","senderFname":"","senderSurname":"ZHITAI","senderPhone":"0776000064","senderIdType":"0","senderId":"0","senderEmail":"","receiverFname":"ZHITAI","receiverSurname":"ZHITAI","receiverPhone":"0776000064","receiverIdType":null,"receiverId":null,"receiverEmail":"","receiverAccountNumber":null,"destinationCountryId":"0","sourceIpAddress":"197.157.34.178","destinationIpAddress":null,"fromBranchName":"CHINA","fromCountry":null,"currencyName":"USD"}}
2017-07-22 11:14:36 ---- New Request ----
2017-07-22 11:14:36 Controller : Transfers
2017-07-22 11:14:36 Method : completetransfercashoutAction
2017-07-22 11:14:36 Controller File : controllers/Transfers.class.php, Exists
2017-07-22 11:14:36 Class constructed
2017-07-22 11:14:36 Class constructed
2017-07-22 11:14:36 Password : ******
Transaction Ref : 01100541
UserID : 3
Session ID : REA23jEDQbNEoNyKdV30niOgpECMJbPC
ID Number : 
ID Type : 
Charge : 
Charge Currency : 
2017-07-22 11:14:36 SELECT SQL : SELECT * FROM users WHERE  id = '3'  
2017-07-22 11:14:36 SELECT SQL : SELECT * FROM transfers WHERE  transferRef = '01100541' AND status = 'Pending'  
2017-07-22 11:14:36 SELECT SQL : SELECT id,destinationIpAddress FROM transfers WHERE  transferRef = '01100541'  
2017-07-22 11:14:36 INSERT SQL : INSERT INTO audit_trails  (ts,userId,tableName,recordId,field,oldValue,newValue)  VALUES(NOW(),'3','transfers','41','destinationIpAddress','','41.202.241.27')
2017-07-22 11:14:36 audit_trails Insert ID : 426
2017-07-22 11:14:36 SELECT SQL : SELECT id,receiverIdType FROM transfers WHERE  transferRef = '01100541'  
2017-07-22 11:14:36 INSERT SQL : INSERT INTO audit_trails  (ts,userId,tableName,recordId,field,oldValue,newValue)  VALUES(NOW(),'3','transfers','41','receiverIdType','','0')
2017-07-22 11:14:36 audit_trails Insert ID : 427
2017-07-22 11:14:36 SELECT SQL : SELECT id,receiverId FROM transfers WHERE  transferRef = '01100541'  
2017-07-22 11:14:36 INSERT SQL : INSERT INTO audit_trails  (ts,userId,tableName,recordId,field,oldValue,newValue)  VALUES(NOW(),'3','transfers','41','receiverId','','')
2017-07-22 11:14:36 audit_trails Insert ID : 428
2017-07-22 11:14:36 SELECT SQL : SELECT id,toBranch FROM transfers WHERE  transferRef = '01100541'  
2017-07-22 11:14:36 INSERT SQL : INSERT INTO audit_trails  (ts,userId,tableName,recordId,field,oldValue,newValue)  VALUES(NOW(),'3','transfers','41','toBranch','0','6')
2017-07-22 11:14:36 audit_trails Insert ID : 429
2017-07-22 11:14:36 SELECT SQL : SELECT id,Status FROM transfers WHERE  transferRef = '01100541'  
2017-07-22 11:14:36 INSERT SQL : INSERT INTO audit_trails  (ts,userId,tableName,recordId,field,oldValue,newValue)  VALUES(NOW(),'3','transfers','41','Status','Pending','Success')
2017-07-22 11:14:36 audit_trails Insert ID : 430
2017-07-22 11:14:36 SELECT SQL : SELECT id,userIdDestination FROM transfers WHERE  transferRef = '01100541'  
2017-07-22 11:14:36 INSERT SQL : INSERT INTO audit_trails  (ts,userId,tableName,recordId,field,oldValue,newValue)  VALUES(NOW(),'3','transfers','41','userIdDestination','','3')
2017-07-22 11:14:36 audit_trails Insert ID : 431
2017-07-22 11:14:36 SELECT SQL : SELECT id,withdrawTs FROM transfers WHERE  transferRef = '01100541'  
2017-07-22 11:14:36 INSERT SQL : INSERT INTO audit_trails  (ts,userId,tableName,recordId,field,oldValue,newValue)  VALUES(NOW(),'3','transfers','41','withdrawTs','','2017-07-22 11:07:36')
2017-07-22 11:14:36 audit_trails Insert ID : 432
2017-07-22 11:14:36 UPDATE SQL : UPDATE transfers SET destinationIpAddress = '41.202.241.27',receiverIdType = '0',receiverId = '',toBranch = '6',Status = 'Success',userIdDestination = '3',withdrawTs = '2017-07-22 11:07:36' WHERE  transferRef = '01100541' 
2017-07-22 11:14:36 SELECT SQL : SELECT * FROM settings WHERE  name = 'SuspenseAccount'  
2017-07-22 11:14:36 SELECT SQL : SELECT * FROM account_transfers WHERE  transferRef = '01100541'  
2017-07-22 11:14:36 SELECT SQL : SELECT id FROM accounts WHERE  branchId = '6' AND currency_id = '2'  
2017-07-22 11:14:36 Transfer Amount : 200000
2017-07-22 11:14:36 INSERT SQL : INSERT INTO account_transfers  (ts,type,amount,amountB4Xchange,amountAfterXchange,exchangeRate,charge,chargeCurrency,fromId,toId,userId,createdBy,transferRef)  VALUES(NOW(),'transfer','1372540','1372540','200000','6.8627','0','0','21','25','3','3','01100541')
2017-07-22 11:14:36 Balance Update Params :
Branch Id : 0
Account ID : 25
Amount : 1372540
2017-07-22 11:14:36 SELECT SQL : SELECT * FROM balances WHERE  branchId = '0' AND accountId = '25'  
2017-07-22 11:14:36 SELECT SQL : SELECT * FROM balances WHERE  branchId = '0' AND accountId = '25' AND date = '2017-07-22'  
2017-07-22 11:14:36 SELECT SQL : SELECT closingBalance FROM balances WHERE  branchId = '0' AND accountId = '25'  ORDER BY date DESC LIMIT 1
2017-07-22 11:14:36 INSERT SQL : INSERT INTO balances  (ts,branchId,accountId,openingBalance,closingBalance,date)  VALUES(NOW(),'0','25','-7863626','-7863626','2017-07-22')
2017-07-22 11:14:36 Balance Create Insert ID Today 2:40
 2017-07-22 11:14:36 Balance Update Params :
Branch Id : 6
Account ID : 21
Amount : -200000
2017-07-22 11:14:36 SELECT SQL : SELECT * FROM balances WHERE  branchId = '6' AND accountId = '21'  
2017-07-22 11:14:36 SELECT SQL : SELECT * FROM balances WHERE  branchId = '6' AND accountId = '21' AND date = '2017-07-22'  
2017-07-22 11:14:36 UPDATE SQL : UPDATE balances SET closingBalance = '427698.05028101' WHERE  branchId = '6' AND accountId = '21' AND date = '2017-07-22' 
2017-07-22 11:14:36 Balance Update Status 2:1
 2017-07-22 11:14:36 Response : {"success":1,"data":"Transfer cashed out successfully"}
2017-07-22 11:14:52 ---- New Request ----
2017-07-22 11:14:52 Controller : Transfers
2017-07-22 11:14:52 Method : transfercashoutAction
2017-07-22 11:14:52 Controller File : controllers/Transfers.class.php, Exists
2017-07-22 11:14:52 Class constructed
2017-07-22 11:14:52 Class constructed
2017-07-22 11:14:52 Passcode : ******
Transaction Ref : 01100542
UserID : 3
Session ID : REA23jEDQbNEoNyKdV30niOgpECMJbPC
2017-07-22 11:14:52 SELECT SQL : SELECT sessionId FROM users WHERE  id = '3'  
2017-07-22 11:14:52 SELECT SQL : SELECT * FROM transfers WHERE  transferRef = '01100542'  
2017-07-22 11:14:52 SELECT SQL : SELECT name FROM countries WHERE  id = '0'  
2017-07-22 11:14:52 SELECT SQL : SELECT name FROM branches WHERE  id = '11'  
2017-07-22 11:14:52 SELECT SQL : SELECT name FROM currencies WHERE  id = '2'  
2017-07-22 11:14:52 Response : {"success":1,"data":{"id":"42","fromBranch":"11","toBranch":"0","amount":"1211447","currency":"2","charge":null,"transferRef":"01100542","passcode":"$2y$10$ocPP0pxVCGcWILGwIoSNQe.W269RVB9yhdH.ciPM3Su0MwQZrnR06","userIdSource":"5","userIdDestination":null,"ts":"2017-07-21 09:20:55","withdrawTs":null,"status":"Pending","senderFname":"","senderSurname":"ZHITAI","senderPhone":"0776000064","senderIdType":"0","senderId":"0","senderEmail":"","receiverFname":"ZHITAI","receiverSurname":"ZHITAI","receiverPhone":"0776000064","receiverIdType":null,"receiverId":null,"receiverEmail":"","receiverAccountNumber":null,"destinationCountryId":"0","sourceIpAddress":"197.157.34.178","destinationIpAddress":null,"fromBranchName":"CHINA","fromCountry":null,"currencyName":"USD"}}
2017-07-22 11:14:58 ---- New Request ----
2017-07-22 11:14:58 Controller : Transfers
2017-07-22 11:14:58 Method : completetransfercashoutAction
2017-07-22 11:14:58 Controller File : controllers/Transfers.class.php, Exists
2017-07-22 11:14:58 Class constructed
2017-07-22 11:14:58 Class constructed
2017-07-22 11:14:58 Password : ******
Transaction Ref : 01100542
UserID : 3
Session ID : REA23jEDQbNEoNyKdV30niOgpECMJbPC
ID Number : 
ID Type : 
Charge : 
Charge Currency : 
2017-07-22 11:14:58 SELECT SQL : SELECT * FROM users WHERE  id = '3'  
2017-07-22 11:14:58 SELECT SQL : SELECT * FROM transfers WHERE  transferRef = '01100542' AND status = 'Pending'  
2017-07-22 11:14:58 SELECT SQL : SELECT id,destinationIpAddress FROM transfers WHERE  transferRef = '01100542'  
2017-07-22 11:14:58 INSERT SQL : INSERT INTO audit_trails  (ts,userId,tableName,recordId,field,oldValue,newValue)  VALUES(NOW(),'3','transfers','42','destinationIpAddress','','41.202.241.27')
2017-07-22 11:14:58 audit_trails Insert ID : 433
2017-07-22 11:14:58 SELECT SQL : SELECT id,receiverIdType FROM transfers WHERE  transferRef = '01100542'  
2017-07-22 11:14:58 INSERT SQL : INSERT INTO audit_trails  (ts,userId,tableName,recordId,field,oldValue,newValue)  VALUES(NOW(),'3','transfers','42','receiverIdType','','0')
2017-07-22 11:14:58 audit_trails Insert ID : 434
2017-07-22 11:14:58 SELECT SQL : SELECT id,receiverId FROM transfers WHERE  transferRef = '01100542'  
2017-07-22 11:14:58 INSERT SQL : INSERT INTO audit_trails  (ts,userId,tableName,recordId,field,oldValue,newValue)  VALUES(NOW(),'3','transfers','42','receiverId','','')
2017-07-22 11:14:58 audit_trails Insert ID : 435
2017-07-22 11:14:58 SELECT SQL : SELECT id,toBranch FROM transfers WHERE  transferRef = '01100542'  
2017-07-22 11:14:58 INSERT SQL : INSERT INTO audit_trails  (ts,userId,tableName,recordId,field,oldValue,newValue)  VALUES(NOW(),'3','transfers','42','toBranch','0','6')
2017-07-22 11:14:58 audit_trails Insert ID : 436
2017-07-22 11:14:58 SELECT SQL : SELECT id,Status FROM transfers WHERE  transferRef = '01100542'  
2017-07-22 11:14:58 INSERT SQL : INSERT INTO audit_trails  (ts,userId,tableName,recordId,field,oldValue,newValue)  VALUES(NOW(),'3','transfers','42','Status','Pending','Success')
2017-07-22 11:14:58 audit_trails Insert ID : 437
2017-07-22 11:14:58 SELECT SQL : SELECT id,userIdDestination FROM transfers WHERE  transferRef = '01100542'  
2017-07-22 11:14:58 INSERT SQL : INSERT INTO audit_trails  (ts,userId,tableName,recordId,field,oldValue,newValue)  VALUES(NOW(),'3','transfers','42','userIdDestination','','3')
2017-07-22 11:14:58 audit_trails Insert ID : 438
2017-07-22 11:14:58 SELECT SQL : SELECT id,withdrawTs FROM transfers WHERE  transferRef = '01100542'  
2017-07-22 11:14:58 INSERT SQL : INSERT INTO audit_trails  (ts,userId,tableName,recordId,field,oldValue,newValue)  VALUES(NOW(),'3','transfers','42','withdrawTs','','2017-07-22 11:07:58')
2017-07-22 11:14:58 audit_trails Insert ID : 439
2017-07-22 11:14:58 UPDATE SQL : UPDATE transfers SET destinationIpAddress = '41.202.241.27',receiverIdType = '0',receiverId = '',toBranch = '6',Status = 'Success',userIdDestination = '3',withdrawTs = '2017-07-22 11:07:58' WHERE  transferRef = '01100542' 
2017-07-22 11:14:58 SELECT SQL : SELECT * FROM settings WHERE  name = 'SuspenseAccount'  
2017-07-22 11:14:58 SELECT SQL : SELECT * FROM account_transfers WHERE  transferRef = '01100542'  
2017-07-22 11:14:58 SELECT SQL : SELECT id FROM accounts WHERE  branchId = '6' AND currency_id = '2'  
2017-07-22 11:14:58 Transfer Amount : 176783.8953988939
2017-07-22 11:14:58 INSERT SQL : INSERT INTO account_transfers  (ts,type,amount,amountB4Xchange,amountAfterXchange,exchangeRate,charge,chargeCurrency,fromId,toId,userId,createdBy,transferRef)  VALUES(NOW(),'transfer','1211447','1211447','176783.8953988939','6.8527','0','0','21','25','3','3','01100542')
2017-07-22 11:14:58 Balance Update Params :
Branch Id : 0
Account ID : 25
Amount : 1211447
2017-07-22 11:14:58 SELECT SQL : SELECT * FROM balances WHERE  branchId = '0' AND accountId = '25'  
2017-07-22 11:14:58 SELECT SQL : SELECT * FROM balances WHERE  branchId = '0' AND accountId = '25' AND date = '2017-07-22'  
2017-07-22 11:14:58 UPDATE SQL : UPDATE balances SET closingBalance = '-6652179' WHERE  branchId = '0' AND accountId = '25' AND date = '2017-07-22' 
2017-07-22 11:14:58 Balance Update Status 2:1
 2017-07-22 11:14:58 Balance Update Params :
Branch Id : 6
Account ID : 21
Amount : -176783.89539889
2017-07-22 11:14:58 SELECT SQL : SELECT * FROM balances WHERE  branchId = '6' AND accountId = '21'  
2017-07-22 11:14:58 SELECT SQL : SELECT * FROM balances WHERE  branchId = '6' AND accountId = '21' AND date = '2017-07-22'  
2017-07-22 11:14:58 UPDATE SQL : UPDATE balances SET closingBalance = '250914.15488212' WHERE  branchId = '6' AND accountId = '21' AND date = '2017-07-22' 
2017-07-22 11:14:58 Balance Update Status 2:1
 2017-07-22 11:14:58 Response : {"success":1,"data":"Transfer cashed out successfully"}
2017-07-22 11:15:07 ---- New Request ----
2017-07-22 11:15:07 Controller : Transfers
2017-07-22 11:15:07 Method : transfercashoutAction
2017-07-22 11:15:07 Controller File : controllers/Transfers.class.php, Exists
2017-07-22 11:15:07 Class constructed
2017-07-22 11:15:07 Class constructed
2017-07-22 11:15:07 Passcode : ******
Transaction Ref : 01100543
UserID : 3
Session ID : REA23jEDQbNEoNyKdV30niOgpECMJbPC
2017-07-22 11:15:07 SELECT SQL : SELECT sessionId FROM users WHERE  id = '3'  
2017-07-22 11:15:07 SELECT SQL : SELECT * FROM transfers WHERE  transferRef = '01100543'  
2017-07-22 11:15:07 SELECT SQL : SELECT name FROM countries WHERE  id = '0'  
2017-07-22 11:15:07 SELECT SQL : SELECT name FROM branches WHERE  id = '11'  
2017-07-22 11:15:07 SELECT SQL : SELECT name FROM currencies WHERE  id = '2'  
2017-07-22 11:15:07 Response : {"success":1,"data":{"id":"43","fromBranch":"11","toBranch":"0","amount":"1236060","currency":"2","charge":null,"transferRef":"01100543","passcode":"$2y$10$ZKxdbfgAog7rFI5YWCrP3.7geBFotAPjSdeTD\/BSHplYfVpwsD2va","userIdSource":"5","userIdDestination":null,"ts":"2017-07-21 09:22:53","withdrawTs":null,"status":"Pending","senderFname":"","senderSurname":"MERRYLIGHT","senderPhone":"0776000064","senderIdType":"0","senderId":"0","senderEmail":"","receiverFname":"MERRYLIGHT","receiverSurname":"MERRYLIGHT","receiverPhone":"0776000064","receiverIdType":null,"receiverId":null,"receiverEmail":"","receiverAccountNumber":null,"destinationCountryId":"0","sourceIpAddress":"197.157.34.178","destinationIpAddress":null,"fromBranchName":"CHINA","fromCountry":null,"currencyName":"USD"}}
2017-07-22 11:15:14 ---- New Request ----
2017-07-22 11:15:14 Controller : Transfers
2017-07-22 11:15:14 Method : completetransfercashoutAction
2017-07-22 11:15:14 Controller File : controllers/Transfers.class.php, Exists
2017-07-22 11:15:14 Class constructed
2017-07-22 11:15:14 Class constructed
2017-07-22 11:15:14 Password : ******
Transaction Ref : 01100543
UserID : 3
Session ID : REA23jEDQbNEoNyKdV30niOgpECMJbPC
ID Number : 
ID Type : 
Charge : 
Charge Currency : 
2017-07-22 11:15:14 SELECT SQL : SELECT * FROM users WHERE  id = '3'  
2017-07-22 11:15:14 SELECT SQL : SELECT * FROM transfers WHERE  transferRef = '01100543' AND status = 'Pending'  
2017-07-22 11:15:14 SELECT SQL : SELECT id,destinationIpAddress FROM transfers WHERE  transferRef = '01100543'  
2017-07-22 11:15:14 INSERT SQL : INSERT INTO audit_trails  (ts,userId,tableName,recordId,field,oldValue,newValue)  VALUES(NOW(),'3','transfers','43','destinationIpAddress','','41.202.241.27')
2017-07-22 11:15:14 audit_trails Insert ID : 440
2017-07-22 11:15:14 SELECT SQL : SELECT id,receiverIdType FROM transfers WHERE  transferRef = '01100543'  
2017-07-22 11:15:14 INSERT SQL : INSERT INTO audit_trails  (ts,userId,tableName,recordId,field,oldValue,newValue)  VALUES(NOW(),'3','transfers','43','receiverIdType','','0')
2017-07-22 11:15:14 audit_trails Insert ID : 441
2017-07-22 11:15:14 SELECT SQL : SELECT id,receiverId FROM transfers WHERE  transferRef = '01100543'  
2017-07-22 11:15:14 INSERT SQL : INSERT INTO audit_trails  (ts,userId,tableName,recordId,field,oldValue,newValue)  VALUES(NOW(),'3','transfers','43','receiverId','','')
2017-07-22 11:15:14 audit_trails Insert ID : 442
2017-07-22 11:15:14 SELECT SQL : SELECT id,toBranch FROM transfers WHERE  transferRef = '01100543'  
2017-07-22 11:15:14 INSERT SQL : INSERT INTO audit_trails  (ts,userId,tableName,recordId,field,oldValue,newValue)  VALUES(NOW(),'3','transfers','43','toBranch','0','6')
2017-07-22 11:15:14 audit_trails Insert ID : 443
2017-07-22 11:15:14 SELECT SQL : SELECT id,Status FROM transfers WHERE  transferRef = '01100543'  
2017-07-22 11:15:14 INSERT SQL : INSERT INTO audit_trails  (ts,userId,tableName,recordId,field,oldValue,newValue)  VALUES(NOW(),'3','transfers','43','Status','Pending','Success')
2017-07-22 11:15:14 audit_trails Insert ID : 444
2017-07-22 11:15:14 SELECT SQL : SELECT id,userIdDestination FROM transfers WHERE  transferRef = '01100543'  
2017-07-22 11:15:14 INSERT SQL : INSERT INTO audit_trails  (ts,userId,tableName,recordId,field,oldValue,newValue)  VALUES(NOW(),'3','transfers','43','userIdDestination','','3')
2017-07-22 11:15:14 audit_trails Insert ID : 445
2017-07-22 11:15:14 SELECT SQL : SELECT id,withdrawTs FROM transfers WHERE  transferRef = '01100543'  
2017-07-22 11:15:14 INSERT SQL : INSERT INTO audit_trails  (ts,userId,tableName,recordId,field,oldValue,newValue)  VALUES(NOW(),'3','transfers','43','withdrawTs','','2017-07-22 11:07:14')
2017-07-22 11:15:14 audit_trails Insert ID : 446
2017-07-22 11:15:14 UPDATE SQL : UPDATE transfers SET destinationIpAddress = '41.202.241.27',receiverIdType = '0',receiverId = '',toBranch = '6',Status = 'Success',userIdDestination = '3',withdrawTs = '2017-07-22 11:07:14' WHERE  transferRef = '01100543' 
2017-07-22 11:15:14 SELECT SQL : SELECT * FROM settings WHERE  name = 'SuspenseAccount'  
2017-07-22 11:15:14 SELECT SQL : SELECT * FROM account_transfers WHERE  transferRef = '01100543'  
2017-07-22 11:15:14 SELECT SQL : SELECT id FROM accounts WHERE  branchId = '6' AND currency_id = '2'  
2017-07-22 11:15:14 Transfer Amount : 180000
2017-07-22 11:15:14 INSERT SQL : INSERT INTO account_transfers  (ts,type,amount,amountB4Xchange,amountAfterXchange,exchangeRate,charge,chargeCurrency,fromId,toId,userId,createdBy,transferRef)  VALUES(NOW(),'transfer','1236060','1236060','180000','6.867','0','0','21','25','3','3','01100543')
2017-07-22 11:15:14 Balance Update Params :
Branch Id : 0
Account ID : 25
Amount : 1236060
2017-07-22 11:15:14 SELECT SQL : SELECT * FROM balances WHERE  branchId = '0' AND accountId = '25'  
2017-07-22 11:15:14 SELECT SQL : SELECT * FROM balances WHERE  branchId = '0' AND accountId = '25' AND date = '2017-07-22'  
2017-07-22 11:15:14 UPDATE SQL : UPDATE balances SET closingBalance = '-5416119' WHERE  branchId = '0' AND accountId = '25' AND date = '2017-07-22' 
2017-07-22 11:15:14 Balance Update Status 2:1
 2017-07-22 11:15:14 Balance Update Params :
Branch Id : 6
Account ID : 21
Amount : -180000
2017-07-22 11:15:14 SELECT SQL : SELECT * FROM balances WHERE  branchId = '6' AND accountId = '21'  
2017-07-22 11:15:14 SELECT SQL : SELECT * FROM balances WHERE  branchId = '6' AND accountId = '21' AND date = '2017-07-22'  
2017-07-22 11:15:14 UPDATE SQL : UPDATE balances SET closingBalance = '70914.15488212' WHERE  branchId = '6' AND accountId = '21' AND date = '2017-07-22' 
2017-07-22 11:15:14 Balance Update Status 2:1
 2017-07-22 11:15:14 Response : {"success":1,"data":"Transfer cashed out successfully"}
2017-07-22 11:15:23 ---- New Request ----
2017-07-22 11:15:23 Controller : Transfers
2017-07-22 11:15:23 Method : transfercashoutAction
2017-07-22 11:15:23 Controller File : controllers/Transfers.class.php, Exists
2017-07-22 11:15:23 Class constructed
2017-07-22 11:15:23 Class constructed
2017-07-22 11:15:23 Passcode : ******
Transaction Ref : 01100547
UserID : 3
Session ID : REA23jEDQbNEoNyKdV30niOgpECMJbPC
2017-07-22 11:15:23 SELECT SQL : SELECT sessionId FROM users WHERE  id = '3'  
2017-07-22 11:15:23 SELECT SQL : SELECT * FROM transfers WHERE  transferRef = '01100547'  
2017-07-22 11:15:23 Response : {"success":0,"errormsg":"Sorry your request failed. Reason : Transaction with reference does not exist"}
2017-07-22 11:15:30 ---- New Request ----
2017-07-22 11:15:30 Controller : Transfers
2017-07-22 11:15:30 Method : transfercashoutAction
2017-07-22 11:15:30 Controller File : controllers/Transfers.class.php, Exists
2017-07-22 11:15:30 Class constructed
2017-07-22 11:15:30 Class constructed
2017-07-22 11:15:30 Passcode : ******
Transaction Ref : 01100547
UserID : 3
Session ID : REA23jEDQbNEoNyKdV30niOgpECMJbPC
2017-07-22 11:15:30 SELECT SQL : SELECT sessionId FROM users WHERE  id = '3'  
2017-07-22 11:15:30 SELECT SQL : SELECT * FROM transfers WHERE  transferRef = '01100547'  
2017-07-22 11:15:30 Response : {"success":0,"errormsg":"Sorry your request failed. Reason : Transaction with reference does not exist"}
2017-07-22 11:15:32 ---- New Request ----
2017-07-22 11:15:32 Controller : Transfers
2017-07-22 11:15:32 Method : transfercashoutAction
2017-07-22 11:15:32 Controller File : controllers/Transfers.class.php, Exists
2017-07-22 11:15:32 Class constructed
2017-07-22 11:15:32 Class constructed
2017-07-22 11:15:32 Passcode : ******
Transaction Ref : 01100547
UserID : 3
Session ID : REA23jEDQbNEoNyKdV30niOgpECMJbPC
2017-07-22 11:15:32 SELECT SQL : SELECT sessionId FROM users WHERE  id = '3'  
2017-07-22 11:15:32 SELECT SQL : SELECT * FROM transfers WHERE  transferRef = '01100547'  
2017-07-22 11:15:32 Response : {"success":0,"errormsg":"Sorry your request failed. Reason : Transaction with reference does not exist"}
2017-07-22 11:15:48 ---- New Request ----
2017-07-22 11:15:48 Controller : Users
2017-07-22 11:15:48 Method : logoutAction
2017-07-22 11:15:48 Controller File : controllers/Users.class.php, Exists
2017-07-22 11:15:48 Class constructed
2017-07-22 11:15:48 Logout Params ;Session ID :REA23jEDQbNEoNyKdV30niOgpECMJbPC\User ID : 3
2017-07-22 11:15:48 UPDATE SQL : UPDATE users SET sessionId = '',ipAddress = '41.202.241.27' WHERE  id = '3' 
2017-07-22 11:15:48 Response : {"success":1}
2017-07-22 11:15:54 ---- New Request ----
2017-07-22 11:15:54 Controller : Users
2017-07-22 11:15:54 Method : loginAction
2017-07-22 11:15:54 Controller File : controllers/Users.class.php, Exists
2017-07-22 11:15:54 Class constructed
2017-07-22 11:15:54 Login Params ;Username :lydia
Password : ******
2017-07-22 11:15:54 SELECT SQL : SELECT id,firstName,surname,userName,userTypeId,sessionId,password,active,branchId FROM users WHERE  userName = 'lydia'  
2017-07-22 11:15:54 SELECT SQL : SELECT name FROM branches WHERE  id = '6'  
2017-07-22 11:15:54 UPDATE SQL : UPDATE users SET sessionId = 'NHOnMdpIvgVtlWxaKbmn0puoviJpYmgD',ipAddress = '41.202.241.27' WHERE  id = '3' 
2017-07-22 11:15:54 Response : {"success":1,"data":{"id":"3","firstName":"Lydia","surname":"Amoi","userName":"lydia","userTypeId":"2","sessionId":"NHOnMdpIvgVtlWxaKbmn0puoviJpYmgD","branchId":"6","branchName":"OASIS MALL"}}
2017-07-22 11:15:55 ---- New Request ----
2017-07-22 11:15:55 Controller : Users
2017-07-22 11:15:55 Method : formsdetailsAction
2017-07-22 11:15:55 Controller File : controllers/Users.class.php, Exists
2017-07-22 11:15:55 Class constructed
2017-07-22 11:15:55 Details Params :
SessionID :NHOnMdpIvgVtlWxaKbmn0puoviJpYmgD
User ID : 3
2017-07-22 11:15:55 SELECT SQL : SELECT * FROM branches WHERE  active = '1'  
2017-07-22 11:15:55 SELECT SQL : SELECT * FROM countries WHERE  active = '1'  
2017-07-22 11:15:55 SELECT SQL : SELECT * FROM identification WHERE  active = '1'  
2017-07-22 11:15:55 SELECT SQL : SELECT * FROM users WHERE  active = '1'  
2017-07-22 11:15:55 SELECT SQL : SELECT id,name,branchId,currency_id FROM accounts WHERE  active = '1' AND type_id = '1'  
2017-07-22 11:15:55 Balance Update Params :
Branch Id : 5
Account ID : 16
Amount : 0
2017-07-22 11:15:55 SELECT SQL : SELECT * FROM balances WHERE  branchId = '5' AND accountId = '16'  
2017-07-22 11:15:55 SELECT SQL : SELECT * FROM balances WHERE  branchId = '5' AND accountId = '16' AND date = '2017-07-22'  
2017-07-22 11:15:55 UPDATE SQL : UPDATE balances SET closingBalance = '293496' WHERE  branchId = '5' AND accountId = '16' AND date = '2017-07-22' 
2017-07-22 11:15:55 Balance Update Status 2:1
 2017-07-22 11:15:55 Balance Update Params :
Branch Id : 6
Account ID : 20
Amount : 0
2017-07-22 11:15:55 SELECT SQL : SELECT * FROM balances WHERE  branchId = '6' AND accountId = '20'  
2017-07-22 11:15:55 Balance Update Params :
Branch Id : 6
Account ID : 21
Amount : 0
2017-07-22 11:15:55 SELECT SQL : SELECT * FROM balances WHERE  branchId = '6' AND accountId = '21'  
2017-07-22 11:15:55 SELECT SQL : SELECT * FROM balances WHERE  branchId = '6' AND accountId = '21' AND date = '2017-07-22'  
2017-07-22 11:15:55 UPDATE SQL : UPDATE balances SET closingBalance = '70914.15488212' WHERE  branchId = '6' AND accountId = '21' AND date = '2017-07-22' 
2017-07-22 11:15:55 Balance Update Status 2:1
 2017-07-22 11:15:55 Balance Update Params :
Branch Id : 6
Account ID : 22
Amount : 0
2017-07-22 11:15:55 SELECT SQL : SELECT * FROM balances WHERE  branchId = '6' AND accountId = '22'  
2017-07-22 11:15:55 Balance Update Params :
Branch Id : 6
Account ID : 23
Amount : 0
2017-07-22 11:15:55 SELECT SQL : SELECT * FROM balances WHERE  branchId = '6' AND accountId = '23'  
2017-07-22 11:15:55 SELECT SQL : SELECT * FROM balances WHERE  branchId = '6' AND accountId = '23' AND date = '2017-07-22'  
2017-07-22 11:15:55 UPDATE SQL : UPDATE balances SET closingBalance = '-113664482' WHERE  branchId = '6' AND accountId = '23' AND date = '2017-07-22' 
2017-07-22 11:15:55 Balance Update Status 2:1
 2017-07-22 11:15:55 Balance Update Params :
Branch Id : 6
Account ID : 24
Amount : 0
2017-07-22 11:15:55 SELECT SQL : SELECT * FROM balances WHERE  branchId = '6' AND accountId = '24'  
2017-07-22 11:15:55 Balance Update Params :
Branch Id : 11
Account ID : 27
Amount : 0
2017-07-22 11:15:55 SELECT SQL : SELECT * FROM balances WHERE  branchId = '11' AND accountId = '27'  
2017-07-22 11:15:55 SELECT SQL : SELECT * FROM balances WHERE  branchId = '11' AND accountId = '27' AND date = '2017-07-22'  
2017-07-22 11:15:55 UPDATE SQL : UPDATE balances SET closingBalance = '4202913.1774296' WHERE  branchId = '11' AND accountId = '27' AND date = '2017-07-22' 
2017-07-22 11:15:55 Balance Update Status 2:1
 2017-07-22 11:15:55 Balance Update Params :
Branch Id : 11
Account ID : 28
Amount : 0
2017-07-22 11:15:55 SELECT SQL : SELECT * FROM balances WHERE  branchId = '11' AND accountId = '28'  
2017-07-22 11:15:55 Balance Update Params :
Branch Id : 12
Account ID : 33
Amount : 0
2017-07-22 11:15:55 SELECT SQL : SELECT * FROM balances WHERE  branchId = '12' AND accountId = '33'  
2017-07-22 11:15:55 SELECT SQL : SELECT * FROM balances WHERE  branchId = '12' AND accountId = '33' AND date = '2017-07-22'  
2017-07-22 11:15:55 UPDATE SQL : UPDATE balances SET closingBalance = '13600' WHERE  branchId = '12' AND accountId = '33' AND date = '2017-07-22' 
2017-07-22 11:15:55 Balance Update Status 2:1
 2017-07-22 11:15:55 Balance Update Params :
Branch Id : 12
Account ID : 36
Amount : 0
2017-07-22 11:15:55 SELECT SQL : SELECT * FROM balances WHERE  branchId = '12' AND accountId = '36'  
2017-07-22 11:15:55 SELECT SQL : SELECT * FROM balances WHERE  branchId = '12' AND accountId = '36' AND date = '2017-07-22'  
2017-07-22 11:15:55 UPDATE SQL : UPDATE balances SET closingBalance = '7470' WHERE  branchId = '12' AND accountId = '36' AND date = '2017-07-22' 
2017-07-22 11:15:55 Balance Update Status 2:1
 2017-07-22 11:15:55 Balance Update Params :
Branch Id : 7
Account ID : 37
Amount : 0
2017-07-22 11:15:55 SELECT SQL : SELECT * FROM balances WHERE  branchId = '7' AND accountId = '37'  
2017-07-22 11:15:55 SELECT SQL : SELECT * FROM balances WHERE  branchId = '7' AND accountId = '37' AND date = '2017-07-22'  
2017-07-22 11:15:55 UPDATE SQL : UPDATE balances SET closingBalance = '47450' WHERE  branchId = '7' AND accountId = '37' AND date = '2017-07-22' 
2017-07-22 11:15:55 Balance Update Status 2:1
 2017-07-22 11:15:55 Balance Update Params :
Branch Id : 13
Account ID : 38
Amount : 0
2017-07-22 11:15:55 SELECT SQL : SELECT * FROM balances WHERE  branchId = '13' AND accountId = '38'  
2017-07-22 11:15:55 SELECT SQL : SELECT * FROM balances WHERE  branchId = '13' AND accountId = '38' AND date = '2017-07-22'  
2017-07-22 11:15:55 UPDATE SQL : UPDATE balances SET closingBalance = '2700' WHERE  branchId = '13' AND accountId = '38' AND date = '2017-07-22' 
2017-07-22 11:15:55 Balance Update Status 2:1
 2017-07-22 11:15:55 Balance Update Params :
Branch Id : 13
Account ID : 39
Amount : 0
2017-07-22 11:15:55 SELECT SQL : SELECT * FROM balances WHERE  branchId = '13' AND accountId = '39'  
2017-07-22 11:15:55 SELECT SQL : SELECT * FROM currencies WHERE  active = '1'  
2017-07-22 11:15:55 SELECT SQL : SELECT * FROM accounts WHERE  active = '1' AND type_id = '4'  
2017-07-22 11:15:55 SELECT SQL : SELECT * FROM account_types WHERE  active = '1'  
2017-07-22 11:15:55 SELECT SQL : SELECT * FROM user_types WHERE  active = '1'  
2017-07-22 11:15:55 Response : {"data":{"branches":[{"id":"5","name":"KINSHASHA","countryId":"4","location":"Patrice Avenue","supervisorId":"3","createdBy":"4","ts":"2017-06-30 00:06:55","active":"1"},{"id":"6","name":"OASIS MALL","countryId":"1","location":"Yusufu Lule Rd","supervisorId":"3","createdBy":"2","ts":"2017-06-30 00:12:08","active":"1"},{"id":"7","name":"GOMA","countryId":"4","location":"Goma","supervisorId":"3","createdBy":"1","ts":"2017-07-05 00:00:00","active":"1"},{"id":"9","name":"MOMBASA","countryId":"2","location":"Mombasa","supervisorId":"3","createdBy":"1","ts":"2017-07-05 00:00:00","active":"1"},{"id":"10","name":"DUBAI","countryId":"6","location":"Dubai","supervisorId":"3","createdBy":"1","ts":"2017-07-05 00:00:00","active":"1"},{"id":"11","name":"CHINA","countryId":"5","location":"China","supervisorId":"3","createdBy":"3","ts":"2017-07-05 13:23:17","active":"1"},{"id":"12","name":"NAIROBI","countryId":"2","location":"Nairobi","supervisorId":"3","createdBy":"3","ts":"2017-07-06 14:12:35","active":"1"},{"id":"13","name":"KAMPALA ROAD","countryId":"1","location":"kampala road","supervisorId":"3","createdBy":"3","ts":"2017-07-06 14:12:35","active":"1"}],"countries":[{"id":"1","name":"UGANDA","createdBy":"1","ts":"2017-06-25 23:13:31","active":"1"},{"id":"2","name":"KENYA","createdBy":"1","ts":"2017-06-26 09:02:45","active":"1"},{"id":"3","name":"TZ","createdBy":"1","ts":"2017-06-28 11:11:53","active":"1"},{"id":"4","name":"CONGO","createdBy":"1","ts":"2017-06-28 11:26:11","active":"1"},{"id":"5","name":"CHINA","createdBy":"1","ts":"2017-06-28 11:30:01","active":"1"},{"id":"6","name":"UAE","createdBy":"1","ts":"2017-07-05 00:00:00","active":"1"}],"ids":[[{"id":"1","name":"Passport","createdBy":"1","ts":"2017-06-28 14:00:01","active":"1"},{"id":"2","name":"National ID","createdBy":"1","ts":"2017-06-28 14:00:01","active":"1"},{"id":"3","name":"STUDENTS ID","createdBy":"1","ts":"2017-06-28 16:21:46","active":"1"}]],"users":[{"id":"1","firstName":"You","surname":"Jinshu","email":"hudsonbogere@swipeit.co.ug","phone":"256783131266","userName":"you","branchId":"0","userTypeId":"1","password":"$2y$10$pPGbhJ1RXx\/ug.ED3LnsQuKHJTqwYsa\/iF0OqGOgsjflkHKIDTLVq","sessionId":"KSTms8GEe36Gy41kXds63LMk2kJjROlO","ipAddress":"41.210.145.81","createdBy":null,"ts":"2017-06-23 15:08:12","active":"1"},{"id":"2","firstName":"Nansubuga","surname":"Dorothy","email":"henry@gmail.com","phone":"256752284441","userName":"dorah","branchId":"12","userTypeId":"3","password":"$2y$10$F9t92sYKf2rDJ.JzCmrrT.Jt1Ix37Fuo.uZKpXPn69dgDUTZ8xLXi","sessionId":"DCOMbd4DaUoq7aTkV8udF6dJIYtYtDr5","ipAddress":"154.76.127.59","createdBy":"1","ts":"2017-06-26 19:11:07","active":"1"},{"id":"3","firstName":"Lydia","surname":"Amoi","email":"islam@gmail.com","phone":"256777608310","userName":"lydia","branchId":"6","userTypeId":"2","password":"$2y$10$m72Zz8Z.h4\/Zp6TFDhmbXeQ79kZ7JJ2U0yLUanc0dDVxbc.5UPkRG","sessionId":"NHOnMdpIvgVtlWxaKbmn0puoviJpYmgD","ipAddress":"41.202.241.27","createdBy":"1","ts":"2017-06-26 19:41:01","active":"1"},{"id":"4","firstName":"Nabukera","surname":"Maria","email":"banerd@tfb.com","phone":"256774457813","userName":"maria","branchId":"5","userTypeId":"3","password":"$2y$10$wTpUE\/WJFMfQaBglrQocTO9ndV6dbxL2vzFDEJZ1hpVVp4binpXGO","sessionId":"rlwjPHNyG6kNuWcT7RLiz3gIRGkmcp0H","ipAddress":"41.243.11.143","createdBy":"1","ts":"2017-06-26 23:04:07","active":"1"},{"id":"5","firstName":"Henry","surname":"Bbosa","email":null,"phone":null,"userName":"henry","branchId":"11","userTypeId":"3","password":"$2y$10$m72Zz8Z.h4\/Zp6TFDhmbXeQ79kZ7JJ2U0yLUanc0dDVxbc.5UPkRG","sessionId":"XoNbHIKsDwcXMwMeT2yPKZNjUTEE1ATD","ipAddress":"197.157.34.162","createdBy":"1","ts":"2017-07-05 00:00:00","active":"1"},{"id":"6","firstName":"Edwin","surname":"Kakeeto","email":"edwin@edwin.com","phone":"0777777557","userName":"edwin","branchId":"7","userTypeId":"3","password":"$2y$10$m72Zz8Z.h4\/Zp6TFDhmbXeQ79kZ7JJ2U0yLUanc0dDVxbc.5UPkRG","sessionId":"","ipAddress":"160.242.142.203","createdBy":"3","ts":"2017-07-10 07:37:50","active":"1"},{"id":"7","firstName":"Trish","surname":"Baby","email":"patricia@gmail.com","phone":"0777777557","userName":"trish","branchId":"13","userTypeId":"3","password":"$2y$10$m72Zz8Z.h4\/Zp6TFDhmbXeQ79kZ7JJ2U0yLUanc0dDVxbc.5UPkRG","sessionId":"","ipAddress":"160.242.141.153","createdBy":null,"ts":null,"active":"1"},{"id":"8","firstName":"cedric","surname":"cedric","email":"cedric@gmail.com","phone":"+256754813912","userName":"cedric","branchId":"7","userTypeId":"3","password":"$2y$10$m72Zz8Z.h4\/Zp6TFDhmbXeQ79kZ7JJ2U0yLUanc0dDVxbc.5UPkRG","sessionId":"","ipAddress":"160.242.141.153","createdBy":null,"ts":null,"active":"1"}],"accounts":[{"id":"16","name":"KINSHASHA-USD Account","branchId":"5","currency_id":"2"},{"id":"20","name":"OASIS MALL-RMB Account","branchId":"6","currency_id":"1"},{"id":"21","name":"OASIS MALL-USD Account","branchId":"6","currency_id":"2"},{"id":"22","name":"OASIS MALL-DIRHAM Account","branchId":"6","currency_id":"3"},{"id":"23","name":"OASIS MALL-UGX Account","branchId":"6","currency_id":"4"},{"id":"24","name":"OASIS MALL-KSH Account","branchId":"6","currency_id":"5"},{"id":"27","name":"CHINA-RMB Account","branchId":"11","currency_id":"1"},{"id":"28","name":"CHINA-USD Account","branchId":"11","currency_id":"2"},{"id":"33","name":"NAIROBI-USD Account","branchId":"12","currency_id":"2"},{"id":"36","name":"NAIROBI-KSH Account","branchId":"12","currency_id":"5"},{"id":"37","name":"GOMA-USD ACCOUNT","branchId":"7","currency_id":"2"},{"id":"38","name":"KAMPALA ROAD -USD ACCOUNT","branchId":"13","currency_id":"2"},{"id":"39","name":"KAMPALA ROAD- UGX ACCOUNT ","branchId":"13","currency_id":"4"}],"currencies":[{"id":"1","name":"RMB","symbol":"\u00c2\u00a5","createdBy":"1","ts":"2017-06-27 22:45:12","active":"1"},{"id":"2","name":"USD","symbol":"$","createdBy":"1","ts":"2017-06-27 22:45:12","active":"1"},{"id":"3","name":"DIRHAM","symbol":"","createdBy":"1","ts":"2017-06-28 11:40:09","active":"1"},{"id":"4","name":"UGX","symbol":"\/=","createdBy":"1","ts":"2017-06-28 11:46:50","active":"1"},{"id":"5","name":"KSH","symbol":"","createdBy":"1","ts":"2017-06-28 11:46:50","active":"1"}],"superaccount":[{"id":"1","name":"RMB Account","branchId":"0","type_id":"4","currency_id":"1","balance":"0","createdBy":"1","active":"1","ts":"2017-06-27 22:45:12"}],"accountTypes":[{"id":"1","type":"Transfer","description":"","createdBy":"1","ts":"2017-06-28 14:31:12","active":"1"},{"id":"2","type":"Suspense","description":"","createdBy":"1","ts":"2017-06-28 14:31:12","active":"1"},{"id":"4","type":"Super","description":"","createdBy":"1","ts":"2017-06-28 14:31:12","active":"1"}],"userTypes":[{"id":"1","name":"E-Value Admin","level":"1","ts":"2017-06-27 22:45:12","active":"1"},{"id":"2","name":"Super User","level":"2","ts":"2017-06-27 22:45:12","active":"1"},{"id":"3","name":"Agent","level":"3","ts":"2017-06-27 22:45:12","active":"1"},{"id":"4","name":"System Admin","level":"4","ts":"2017-06-27 22:45:12","active":"1"}]},"success":1}
2017-07-22 11:16:04 ---- New Request ----
2017-07-22 11:16:04 Controller : Transfers
2017-07-22 11:16:04 Method : transfercashoutAction
2017-07-22 11:16:04 Controller File : controllers/Transfers.class.php, Exists
2017-07-22 11:16:04 Class constructed
2017-07-22 11:16:04 Class constructed
2017-07-22 11:16:04 Passcode : ******
Transaction Ref : 01100547
UserID : 3
Session ID : NHOnMdpIvgVtlWxaKbmn0puoviJpYmgD
2017-07-22 11:16:04 SELECT SQL : SELECT sessionId FROM users WHERE  id = '3'  
2017-07-22 11:16:04 SELECT SQL : SELECT * FROM transfers WHERE  transferRef = '01100547'  
2017-07-22 11:16:04 Response : {"success":0,"errormsg":"Sorry your request failed. Reason : Transaction with reference does not exist"}
2017-07-22 11:16:08 ---- New Request ----
2017-07-22 11:16:08 Controller : Transfers
2017-07-22 11:16:08 Method : transfercashoutAction
2017-07-22 11:16:08 Controller File : controllers/Transfers.class.php, Exists
2017-07-22 11:16:08 Class constructed
2017-07-22 11:16:08 Class constructed
2017-07-22 11:16:08 Passcode : ******
Transaction Ref : 01100547
UserID : 3
Session ID : NHOnMdpIvgVtlWxaKbmn0puoviJpYmgD
2017-07-22 11:16:08 SELECT SQL : SELECT sessionId FROM users WHERE  id = '3'  
2017-07-22 11:16:08 SELECT SQL : SELECT * FROM transfers WHERE  transferRef = '01100547'  
2017-07-22 11:16:08 Response : {"success":0,"errormsg":"Sorry your request failed. Reason : Transaction with reference does not exist"}
