2017-07-29 06:16:31 ---- New Request ----
2017-07-29 06:16:31 Controller : Users
2017-07-29 06:16:31 Method : loginAction
2017-07-29 06:16:31 Controller File : controllers/Users.class.php, Exists
2017-07-29 06:16:31 Class constructed
2017-07-29 06:16:31 Login Params ;Username :lydia
Password : ******
2017-07-29 06:16:31 SELECT SQL : SELECT id,firstName,surname,userName,userTypeId,sessionId,password,active,branchId FROM users WHERE  userName = 'lydia'  
2017-07-29 06:16:31 SELECT SQL : SELECT name FROM branches WHERE  id = '6'  
2017-07-29 06:16:31 UPDATE SQL : UPDATE users SET sessionId = 'TTP5Uq4ff6shtdc8TF648hXGFETkW11M',ipAddress = '41.75.171.159' WHERE  id = '3' 
2017-07-29 06:16:31 Response : {"success":1,"data":{"id":"3","firstName":"Lydia","surname":"Amoi","userName":"lydia","userTypeId":"2","sessionId":"TTP5Uq4ff6shtdc8TF648hXGFETkW11M","branchId":"6","branchName":"OASIS MALL"}}
2017-07-29 06:16:40 ---- New Request ----
2017-07-29 06:16:40 Controller : Users
2017-07-29 06:16:40 Method : formsdetailsAction
2017-07-29 06:16:40 Controller File : controllers/Users.class.php, Exists
2017-07-29 06:16:40 Class constructed
2017-07-29 06:16:40 Details Params :
SessionID :TTP5Uq4ff6shtdc8TF648hXGFETkW11M
User ID : 3
2017-07-29 06:16:40 SELECT SQL : SELECT * FROM branches WHERE  active = '1'  
2017-07-29 06:16:40 SELECT SQL : SELECT * FROM countries WHERE  active = '1'  
2017-07-29 06:16:40 SELECT SQL : SELECT * FROM identification WHERE  active = '1'  
2017-07-29 06:16:40 SELECT SQL : SELECT * FROM users WHERE  active = '1'  
2017-07-29 06:16:40 SELECT SQL : SELECT id,name,branchId,currency_id FROM accounts WHERE  active = '1' AND type_id = '1'  
2017-07-29 06:16:40 Balance Update Params :
Branch Id : 5
Account ID : 16
Amount : 0
2017-07-29 06:16:40 SELECT SQL : SELECT * FROM balances WHERE  branchId = '5' AND accountId = '16'  
2017-07-29 06:16:40 SELECT SQL : SELECT * FROM balances WHERE  branchId = '5' AND accountId = '16' AND date = '2017-07-29'  
2017-07-29 06:16:40 SELECT SQL : SELECT closingBalance FROM balances WHERE  branchId = '5' AND accountId = '16'  ORDER BY date DESC LIMIT 1
2017-07-29 06:16:40 INSERT SQL : INSERT INTO balances  (ts,branchId,accountId,openingBalance,closingBalance,date)  VALUES(NOW(),'5','16','318246','318246','2017-07-29')
2017-07-29 06:16:40 Balance Create Insert ID Today 2:99
 2017-07-29 06:16:40 Balance Update Params :
Branch Id : 6
Account ID : 20
Amount : 0
2017-07-29 06:16:40 SELECT SQL : SELECT * FROM balances WHERE  branchId = '6' AND accountId = '20'  
2017-07-29 06:16:40 Balance Update Params :
Branch Id : 6
Account ID : 21
Amount : 0
2017-07-29 06:16:40 SELECT SQL : SELECT * FROM balances WHERE  branchId = '6' AND accountId = '21'  
2017-07-29 06:16:40 SELECT SQL : SELECT * FROM balances WHERE  branchId = '6' AND accountId = '21' AND date = '2017-07-29'  
2017-07-29 06:16:40 SELECT SQL : SELECT closingBalance FROM balances WHERE  branchId = '6' AND accountId = '21'  ORDER BY date DESC LIMIT 1
2017-07-29 06:16:40 INSERT SQL : INSERT INTO balances  (ts,branchId,accountId,openingBalance,closingBalance,date)  VALUES(NOW(),'6','21','2206846.1548821','2206846.1548821','2017-07-29')
2017-07-29 06:16:40 Balance Create Insert ID Today 2:100
 2017-07-29 06:16:40 Balance Update Params :
Branch Id : 6
Account ID : 22
Amount : 0
2017-07-29 06:16:40 SELECT SQL : SELECT * FROM balances WHERE  branchId = '6' AND accountId = '22'  
2017-07-29 06:16:40 Balance Update Params :
Branch Id : 6
Account ID : 23
Amount : 0
2017-07-29 06:16:40 SELECT SQL : SELECT * FROM balances WHERE  branchId = '6' AND accountId = '23'  
2017-07-29 06:16:40 SELECT SQL : SELECT * FROM balances WHERE  branchId = '6' AND accountId = '23' AND date = '2017-07-29'  
2017-07-29 06:16:40 SELECT SQL : SELECT closingBalance FROM balances WHERE  branchId = '6' AND accountId = '23'  ORDER BY date DESC LIMIT 1
2017-07-29 06:16:40 INSERT SQL : INSERT INTO balances  (ts,branchId,accountId,openingBalance,closingBalance,date)  VALUES(NOW(),'6','23','-109581482','-109581482','2017-07-29')
2017-07-29 06:16:40 Balance Create Insert ID Today 2:101
 2017-07-29 06:16:40 Balance Update Params :
Branch Id : 6
Account ID : 24
Amount : 0
2017-07-29 06:16:40 SELECT SQL : SELECT * FROM balances WHERE  branchId = '6' AND accountId = '24'  
2017-07-29 06:16:40 Balance Update Params :
Branch Id : 11
Account ID : 27
Amount : 0
2017-07-29 06:16:40 SELECT SQL : SELECT * FROM balances WHERE  branchId = '11' AND accountId = '27'  
2017-07-29 06:16:40 SELECT SQL : SELECT * FROM balances WHERE  branchId = '11' AND accountId = '27' AND date = '2017-07-29'  
2017-07-29 06:16:40 SELECT SQL : SELECT closingBalance FROM balances WHERE  branchId = '11' AND accountId = '27'  ORDER BY date DESC LIMIT 1
2017-07-29 06:16:40 INSERT SQL : INSERT INTO balances  (ts,branchId,accountId,openingBalance,closingBalance,date)  VALUES(NOW(),'11','27','5215151.6461271','5215151.6461271','2017-07-29')
2017-07-29 06:16:40 Balance Create Insert ID Today 2:102
 2017-07-29 06:16:40 Balance Update Params :
Branch Id : 11
Account ID : 28
Amount : 0
2017-07-29 06:16:40 SELECT SQL : SELECT * FROM balances WHERE  branchId = '11' AND accountId = '28'  
2017-07-29 06:16:40 SELECT SQL : SELECT * FROM balances WHERE  branchId = '11' AND accountId = '28' AND date = '2017-07-29'  
2017-07-29 06:16:40 SELECT SQL : SELECT closingBalance FROM balances WHERE  branchId = '11' AND accountId = '28'  ORDER BY date DESC LIMIT 1
2017-07-29 06:16:40 INSERT SQL : INSERT INTO balances  (ts,branchId,accountId,openingBalance,closingBalance,date)  VALUES(NOW(),'11','28','1.1666666666667','1.1666666666667','2017-07-29')
2017-07-29 06:16:40 Balance Create Insert ID Today 2:103
 2017-07-29 06:16:40 Balance Update Params :
Branch Id : 12
Account ID : 33
Amount : 0
2017-07-29 06:16:40 SELECT SQL : SELECT * FROM balances WHERE  branchId = '12' AND accountId = '33'  
2017-07-29 06:16:40 SELECT SQL : SELECT * FROM balances WHERE  branchId = '12' AND accountId = '33' AND date = '2017-07-29'  
2017-07-29 06:16:40 SELECT SQL : SELECT closingBalance FROM balances WHERE  branchId = '12' AND accountId = '33'  ORDER BY date DESC LIMIT 1
2017-07-29 06:16:40 INSERT SQL : INSERT INTO balances  (ts,branchId,accountId,openingBalance,closingBalance,date)  VALUES(NOW(),'12','33','32982','32982','2017-07-29')
2017-07-29 06:16:40 Balance Create Insert ID Today 2:104
 2017-07-29 06:16:40 Balance Update Params :
Branch Id : 12
Account ID : 36
Amount : 0
2017-07-29 06:16:40 SELECT SQL : SELECT * FROM balances WHERE  branchId = '12' AND accountId = '36'  
2017-07-29 06:16:40 SELECT SQL : SELECT * FROM balances WHERE  branchId = '12' AND accountId = '36' AND date = '2017-07-29'  
2017-07-29 06:16:40 SELECT SQL : SELECT closingBalance FROM balances WHERE  branchId = '12' AND accountId = '36'  ORDER BY date DESC LIMIT 1
2017-07-29 06:16:40 INSERT SQL : INSERT INTO balances  (ts,branchId,accountId,openingBalance,closingBalance,date)  VALUES(NOW(),'12','36','526917','526917','2017-07-29')
2017-07-29 06:16:40 Balance Create Insert ID Today 2:105
 2017-07-29 06:16:40 Balance Update Params :
Branch Id : 7
Account ID : 37
Amount : 0
2017-07-29 06:16:40 SELECT SQL : SELECT * FROM balances WHERE  branchId = '7' AND accountId = '37'  
2017-07-29 06:16:40 SELECT SQL : SELECT * FROM balances WHERE  branchId = '7' AND accountId = '37' AND date = '2017-07-29'  
2017-07-29 06:16:40 SELECT SQL : SELECT closingBalance FROM balances WHERE  branchId = '7' AND accountId = '37'  ORDER BY date DESC LIMIT 1
2017-07-29 06:16:40 INSERT SQL : INSERT INTO balances  (ts,branchId,accountId,openingBalance,closingBalance,date)  VALUES(NOW(),'7','37','97450','97450','2017-07-29')
2017-07-29 06:16:40 Balance Create Insert ID Today 2:106
 2017-07-29 06:16:40 Balance Update Params :
Branch Id : 13
Account ID : 38
Amount : 0
2017-07-29 06:16:40 SELECT SQL : SELECT * FROM balances WHERE  branchId = '13' AND accountId = '38'  
2017-07-29 06:16:40 SELECT SQL : SELECT * FROM balances WHERE  branchId = '13' AND accountId = '38' AND date = '2017-07-29'  
2017-07-29 06:16:40 SELECT SQL : SELECT closingBalance FROM balances WHERE  branchId = '13' AND accountId = '38'  ORDER BY date DESC LIMIT 1
2017-07-29 06:16:40 INSERT SQL : INSERT INTO balances  (ts,branchId,accountId,openingBalance,closingBalance,date)  VALUES(NOW(),'13','38','2700','2700','2017-07-29')
2017-07-29 06:16:40 Balance Create Insert ID Today 2:107
 2017-07-29 06:16:40 Balance Update Params :
Branch Id : 13
Account ID : 39
Amount : 0
2017-07-29 06:16:40 SELECT SQL : SELECT * FROM balances WHERE  branchId = '13' AND accountId = '39'  
2017-07-29 06:16:40 SELECT SQL : SELECT * FROM currencies WHERE  active = '1'  
2017-07-29 06:16:40 SELECT SQL : SELECT * FROM accounts WHERE  active = '1' AND type_id = '4'  
2017-07-29 06:16:40 SELECT SQL : SELECT * FROM account_types WHERE  active = '1'  
2017-07-29 06:16:40 SELECT SQL : SELECT * FROM user_types WHERE  active = '1'  
2017-07-29 06:16:40 Response : {"data":{"branches":[{"id":"5","name":"KINSHASHA","countryId":"4","location":"Patrice Avenue","supervisorId":"3","createdBy":"4","ts":"2017-06-30 00:06:55","active":"1"},{"id":"6","name":"OASIS MALL","countryId":"1","location":"Yusufu Lule Rd","supervisorId":"3","createdBy":"2","ts":"2017-06-30 00:12:08","active":"1"},{"id":"7","name":"GOMA","countryId":"4","location":"Goma","supervisorId":"3","createdBy":"1","ts":"2017-07-05 00:00:00","active":"1"},{"id":"9","name":"MOMBASA","countryId":"2","location":"Mombasa","supervisorId":"3","createdBy":"1","ts":"2017-07-05 00:00:00","active":"1"},{"id":"10","name":"DUBAI","countryId":"6","location":"Dubai","supervisorId":"3","createdBy":"1","ts":"2017-07-05 00:00:00","active":"1"},{"id":"11","name":"CHINA","countryId":"5","location":"China","supervisorId":"3","createdBy":"3","ts":"2017-07-05 13:23:17","active":"1"},{"id":"12","name":"NAIROBI","countryId":"2","location":"Nairobi","supervisorId":"3","createdBy":"3","ts":"2017-07-06 14:12:35","active":"1"},{"id":"13","name":"KAMPALA ROAD","countryId":"1","location":"kampala road","supervisorId":"3","createdBy":"3","ts":"2017-07-06 14:12:35","active":"1"}],"countries":[{"id":"1","name":"UGANDA","createdBy":"1","ts":"2017-06-25 23:13:31","active":"1"},{"id":"2","name":"KENYA","createdBy":"1","ts":"2017-06-26 09:02:45","active":"1"},{"id":"3","name":"TZ","createdBy":"1","ts":"2017-06-28 11:11:53","active":"1"},{"id":"4","name":"CONGO","createdBy":"1","ts":"2017-06-28 11:26:11","active":"1"},{"id":"5","name":"CHINA","createdBy":"1","ts":"2017-06-28 11:30:01","active":"1"},{"id":"6","name":"UAE","createdBy":"1","ts":"2017-07-05 00:00:00","active":"1"}],"ids":[[{"id":"1","name":"Passport","createdBy":"1","ts":"2017-06-28 14:00:01","active":"1"},{"id":"2","name":"National ID","createdBy":"1","ts":"2017-06-28 14:00:01","active":"1"},{"id":"3","name":"STUDENTS ID","createdBy":"1","ts":"2017-06-28 16:21:46","active":"1"}]],"users":[{"id":"1","firstName":"You","surname":"Jinshu","email":"hudsonbogere@swipeit.co.ug","phone":"256783131266","userName":"you","branchId":"0","userTypeId":"1","password":"$2y$10$pPGbhJ1RXx\/ug.ED3LnsQuKHJTqwYsa\/iF0OqGOgsjflkHKIDTLVq","sessionId":"CFnzjXc5wtIKgfgKgL2DASU3uZYEM42v","ipAddress":"160.242.139.228","createdBy":null,"ts":"2017-06-23 15:08:12","active":"1"},{"id":"2","firstName":"Nansubuga","surname":"Dorothy","email":"henry@gmail.com","phone":"256752284441","userName":"dorah","branchId":"12","userTypeId":"3","password":"$2y$10$F9t92sYKf2rDJ.JzCmrrT.Jt1Ix37Fuo.uZKpXPn69dgDUTZ8xLXi","sessionId":"Ogl3agRlNl0DUKZiPijhS274Cgw3bDzp","ipAddress":"154.76.149.96","createdBy":"1","ts":"2017-06-26 19:11:07","active":"1"},{"id":"3","firstName":"Lydia","surname":"Amoi","email":"islam@gmail.com","phone":"256777608310","userName":"lydia","branchId":"6","userTypeId":"2","password":"$2y$10$m72Zz8Z.h4\/Zp6TFDhmbXeQ79kZ7JJ2U0yLUanc0dDVxbc.5UPkRG","sessionId":"TTP5Uq4ff6shtdc8TF648hXGFETkW11M","ipAddress":"41.75.171.159","createdBy":"1","ts":"2017-06-26 19:41:01","active":"1"},{"id":"4","firstName":"Nabukera","surname":"Maria","email":"banerd@tfb.com","phone":"256774457813","userName":"maria","branchId":"5","userTypeId":"5","password":"$2y$10$wTpUE\/WJFMfQaBglrQocTO9ndV6dbxL2vzFDEJZ1hpVVp4binpXGO","sessionId":"xlTzklILlR5TcO35fKo4kxxXEMOGwsrt","ipAddress":"197.157.209.152","createdBy":"1","ts":"2017-06-26 23:04:07","active":"1"},{"id":"5","firstName":"Henry","surname":"Bbosa","email":null,"phone":null,"userName":"Henry","branchId":"11","userTypeId":"3","password":"$2y$10$m72Zz8Z.h4\/Zp6TFDhmbXeQ79kZ7JJ2U0yLUanc0dDVxbc.5UPkRG","sessionId":"","ipAddress":"41.75.169.68","createdBy":"1","ts":"2017-07-05 00:00:00","active":"1"},{"id":"6","firstName":"Edwin","surname":"Kakeeto","email":"edwin@edwin.com","phone":"0777777557","userName":"edwin","branchId":"7","userTypeId":"3","password":"$2y$10$wTpUE\/WJFMfQaBglrQocTO9ndV6dbxL2vzFDEJZ1hpVVp4binpXGO","sessionId":"KRX8Yh2iqId0EWTdOh43HSfBIE4fr5lp","ipAddress":"41.243.17.77","createdBy":"3","ts":"2017-07-10 07:37:50","active":"1"},{"id":"7","firstName":"Trish","surname":"Baby","email":"patricia@gmail.com","phone":"0777777557","userName":"trish","branchId":"13","userTypeId":"3","password":"$2y$10$m72Zz8Z.h4\/Zp6TFDhmbXeQ79kZ7JJ2U0yLUanc0dDVxbc.5UPkRG","sessionId":"k10XSropsYs2ikmovFMksbhRyqwut0dT","ipAddress":"160.242.137.6","createdBy":null,"ts":null,"active":"1"},{"id":"8","firstName":"cedric","surname":"cedric","email":"cedric@gmail.com","phone":"+256754813912","userName":"cedric","branchId":"7","userTypeId":"3","password":"$2y$10$m72Zz8Z.h4\/Zp6TFDhmbXeQ79kZ7JJ2U0yLUanc0dDVxbc.5UPkRG","sessionId":"","ipAddress":"160.242.141.153","createdBy":null,"ts":null,"active":"1"},{"id":"9","firstName":"Bravia","surname":"Muzira","email":"muzira@gmail.com","phone":"+256771889211","userName":"Braviah","branchId":"6","userTypeId":"3","password":"$2y$10$m72Zz8Z.h4\/Zp6TFDhmbXeQ79kZ7JJ2U0yLUanc0dDVxbc.5UPkRG","sessionId":null,"ipAddress":null,"createdBy":null,"ts":null,"active":"1"}],"accounts":[{"id":"16","name":"KINSHASHA-USD Account","branchId":"5","currency_id":"2"},{"id":"20","name":"OASIS MALL-RMB Account","branchId":"6","currency_id":"1"},{"id":"21","name":"OASIS MALL-USD Account","branchId":"6","currency_id":"2"},{"id":"22","name":"OASIS MALL-DIRHAM Account","branchId":"6","currency_id":"3"},{"id":"23","name":"OASIS MALL-UGX Account","branchId":"6","currency_id":"4"},{"id":"24","name":"OASIS MALL-KSH Account","branchId":"6","currency_id":"5"},{"id":"27","name":"CHINA-RMB Account","branchId":"11","currency_id":"1"},{"id":"28","name":"CHINA-USD Account","branchId":"11","currency_id":"2"},{"id":"33","name":"NAIROBI-USD Account","branchId":"12","currency_id":"2"},{"id":"36","name":"NAIROBI-KSH Account","branchId":"12","currency_id":"5"},{"id":"37","name":"GOMA-USD ACCOUNT","branchId":"7","currency_id":"2"},{"id":"38","name":"KAMPALA ROAD -USD ACCOUNT","branchId":"13","currency_id":"2"},{"id":"39","name":"KAMPALA ROAD- UGX ACCOUNT ","branchId":"13","currency_id":"4"}],"currencies":[{"id":"1","name":"RMB","symbol":"\u00c2\u00a5","createdBy":"1","ts":"2017-06-27 22:45:12","active":"1"},{"id":"2","name":"USD","symbol":"$","createdBy":"1","ts":"2017-06-27 22:45:12","active":"1"},{"id":"3","name":"DIRHAM","symbol":"","createdBy":"1","ts":"2017-06-28 11:40:09","active":"1"},{"id":"4","name":"UGX","symbol":"\/=","createdBy":"1","ts":"2017-06-28 11:46:50","active":"1"},{"id":"5","name":"KSH","symbol":"","createdBy":"1","ts":"2017-06-28 11:46:50","active":"1"}],"superaccount":[{"id":"1","name":"RMB Account","branchId":"0","type_id":"4","currency_id":"1","balance":"0","createdBy":"1","active":"1","ts":"2017-06-27 22:45:12"}],"accountTypes":[{"id":"1","type":"Transfer","description":"","createdBy":"1","ts":"2017-06-28 14:31:12","active":"1"},{"id":"2","type":"Suspense","description":"","createdBy":"1","ts":"2017-06-28 14:31:12","active":"1"},{"id":"4","type":"Super","description":"","createdBy":"1","ts":"2017-06-28 14:31:12","active":"1"}],"userTypes":[{"id":"1","name":"E-Value Admin","level":"1","ts":"2017-06-27 22:45:12","active":"1"},{"id":"2","name":"Super User","level":"2","ts":"2017-06-27 22:45:12","active":"1"},{"id":"3","name":"Agent","level":"3","ts":"2017-06-27 22:45:12","active":"1"},{"id":"4","name":"System Admin","level":"4","ts":"2017-06-27 22:45:12","active":"1"},{"id":"5","name":"superAgent","level":"3","ts":"2017-06-27 22:45:12","active":"1"}]},"success":1}
2017-07-29 06:17:25 ---- New Request ----
2017-07-29 06:17:25 Controller : Transfers
2017-07-29 06:17:25 Method : createtransferAction
2017-07-29 06:17:25 Controller File : controllers/Transfers.class.php, Exists
2017-07-29 06:17:25 Class constructed
2017-07-29 06:17:25 Class constructed
2017-07-29 06:17:25 Transfer Creation Params ;Amount :2000\currencyid : 4
Country : 0
Charge : 0
sfname : 
ssurname : Henru
Account Number : 
semail : 
sphone : 
sidtype : 0
sid : 0
rfname : 
rsurname : Kabali
remail : 
rphone : 
Receiver Branch : 0
passcode : ******
password : ******
userid : 3
sessionid : TTP5Uq4ff6shtdc8TF648hXGFETkW11M
Exchange Rate : 3600
AmountAfterXchange : 7200000
Charge Currency : 2017-07-29 06:17:25 SELECT SQL : SELECT * FROM settings WHERE  name = 'SuspenseAccount'  
2017-07-29 06:17:25 SELECT SQL : SELECT * FROM users WHERE  id = '3'  
2017-07-29 06:17:25 INSERT SQL : INSERT INTO transfers  (ts,userIdSource,amount,currency,destinationCountryId,toBranch,senderFname,senderSurname,senderEmail,senderPhone,senderIdType,senderId,receiverFname,receiverSurname,receiverEmail,receiverPhone,fromBranch,passcode,status,sourceIpAddress)  VALUES(NOW(),'3','2000','4','0','0','','Henru','','','0','0','','Kabali','','','6','$2y$10$oeeUm4qQfYZZNGBOj3MCRufDFfW9SGFar/MvxQmZxQwJFHkho7svC','Pending','41.75.171.159')
2017-07-29 06:17:25 SELECT SQL : SELECT id,transferRef FROM transfers WHERE  id = '101'  
2017-07-29 06:17:25 INSERT SQL : INSERT INTO audit_trails  (ts,userId,tableName,recordId,field,oldValue,newValue)  VALUES(NOW(),'3','transfers','101','transferRef','','006003101')
2017-07-29 06:17:25 audit_trails Insert ID : 579
2017-07-29 06:17:25 UPDATE SQL : UPDATE transfers SET transferRef = '006003101' WHERE  id = '101' 
2017-07-29 06:17:25 SELECT SQL : SELECT id FROM accounts WHERE  branchId = '6' AND currency_id = '2'  
2017-07-29 06:17:25 INSERT SQL : INSERT INTO account_transfers  (ts,amountAfterXchange,amountB4Xchange,currencyB4Xchange,currencyAfterXchange,exchangeRate,type,amount,charge,fromId,toId,transferRef,userId)  VALUES(NOW(),'7200000','2000','2','4','3600','transfer','2000','0','25','21','006003101','3')
2017-07-29 06:17:25 Balance Update Params :
Branch Id : 6
Account ID : 21
Amount : 2000
2017-07-29 06:17:25 SELECT SQL : SELECT * FROM balances WHERE  branchId = '6' AND accountId = '21'  
2017-07-29 06:17:25 SELECT SQL : SELECT * FROM balances WHERE  branchId = '6' AND accountId = '21' AND date = '2017-07-29'  
2017-07-29 06:17:25 UPDATE SQL : UPDATE balances SET closingBalance = '2208846.1548821' WHERE  branchId = '6' AND accountId = '21' AND date = '2017-07-29' 
2017-07-29 06:17:25 Balance Update Status 2:1
 2017-07-29 06:17:25 Balance Update Params :
Branch Id : 0
Account ID : 25
Amount : -2000
2017-07-29 06:17:25 SELECT SQL : SELECT * FROM balances WHERE  branchId = '0' AND accountId = '25'  
2017-07-29 06:17:25 SELECT SQL : SELECT * FROM balances WHERE  branchId = '0' AND accountId = '25' AND date = '2017-07-29'  
2017-07-29 06:17:25 SELECT SQL : SELECT closingBalance FROM balances WHERE  branchId = '0' AND accountId = '25'  ORDER BY date DESC LIMIT 1
2017-07-29 06:17:25 INSERT SQL : INSERT INTO balances  (ts,branchId,accountId,openingBalance,closingBalance,date)  VALUES(NOW(),'0','25','-7242078','-7242078','2017-07-29')
2017-07-29 06:17:25 Balance Create Insert ID Today 2:108
 2017-07-29 06:17:25 SELECT SQL : SELECT id FROM accounts WHERE  branchId = '6' AND currency_id = ''  
2017-07-29 06:17:25 Balance Update Params :
Branch Id : 6
Account ID : 0
Amount : 0
2017-07-29 06:17:25 SELECT SQL : SELECT * FROM balances WHERE  branchId = '6' AND accountId = '0'  
2017-07-29 06:17:25 SELECT SQL : SELECT * FROM transfers WHERE  fromBranch = '6'  OR toBranch = '6'  OR destinationCountryId = '0'  
2017-07-29 06:17:25 Response : {"success":1,"data":"006003101"}
2017-07-29 06:17:50 ---- New Request ----
2017-07-29 06:17:50 Controller : Users
2017-07-29 06:17:50 Method : logoutAction
2017-07-29 06:17:50 Controller File : controllers/Users.class.php, Exists
2017-07-29 06:17:50 Class constructed
2017-07-29 06:17:50 Logout Params ;Session ID :TTP5Uq4ff6shtdc8TF648hXGFETkW11M\User ID : 3
2017-07-29 06:17:50 UPDATE SQL : UPDATE users SET sessionId = '',ipAddress = '41.75.171.159' WHERE  id = '3' 
2017-07-29 06:17:50 Response : {"success":1}
2017-07-29 06:17:51 ---- New Request ----
2017-07-29 06:17:51 Controller : Users
2017-07-29 06:17:51 Method : logoutAction
2017-07-29 06:17:51 Controller File : controllers/Users.class.php, Exists
2017-07-29 06:17:51 Class constructed
2017-07-29 06:17:51 Logout Params ;Session ID :TTP5Uq4ff6shtdc8TF648hXGFETkW11M\User ID : 3
2017-07-29 06:17:51 UPDATE SQL : UPDATE users SET sessionId = '',ipAddress = '41.75.171.159' WHERE  id = '3' 
2017-07-29 06:17:51 Response : {"success":1}
2017-07-29 06:18:02 ---- New Request ----
2017-07-29 06:18:02 Controller : Users
2017-07-29 06:18:02 Method : loginAction
2017-07-29 06:18:02 Controller File : controllers/Users.class.php, Exists
2017-07-29 06:18:02 Class constructed
2017-07-29 06:18:02 Login Params ;Username :Henry
Password : ******
2017-07-29 06:18:02 SELECT SQL : SELECT id,firstName,surname,userName,userTypeId,sessionId,password,active,branchId FROM users WHERE  userName = 'Henry'  
2017-07-29 06:18:02 SELECT SQL : SELECT name FROM branches WHERE  id = '11'  
2017-07-29 06:18:02 UPDATE SQL : UPDATE users SET sessionId = 'VmkEluY7hO1X0Sbu1xKmZ7aez0yferPT',ipAddress = '41.75.171.159' WHERE  id = '5' 
2017-07-29 06:18:02 Response : {"success":1,"data":{"id":"5","firstName":"Henry","surname":"Bbosa","userName":"Henry","userTypeId":"3","sessionId":"VmkEluY7hO1X0Sbu1xKmZ7aez0yferPT","branchId":"11","branchName":"CHINA"}}
2017-07-29 06:18:05 ---- New Request ----
2017-07-29 06:18:05 Controller : Users
2017-07-29 06:18:05 Method : formsdetailsAction
2017-07-29 06:18:05 Controller File : controllers/Users.class.php, Exists
2017-07-29 06:18:05 Class constructed
2017-07-29 06:18:05 Details Params :
SessionID :VmkEluY7hO1X0Sbu1xKmZ7aez0yferPT
User ID : 5
2017-07-29 06:18:05 SELECT SQL : SELECT * FROM branches WHERE  active = '1'  
2017-07-29 06:18:05 SELECT SQL : SELECT * FROM countries WHERE  active = '1'  
2017-07-29 06:18:05 SELECT SQL : SELECT * FROM identification WHERE  active = '1'  
2017-07-29 06:18:05 SELECT SQL : SELECT * FROM users WHERE  active = '1'  
2017-07-29 06:18:05 SELECT SQL : SELECT id,name,branchId,currency_id FROM accounts WHERE  active = '1' AND type_id = '1'  
2017-07-29 06:18:05 Balance Update Params :
Branch Id : 5
Account ID : 16
Amount : 0
2017-07-29 06:18:05 SELECT SQL : SELECT * FROM balances WHERE  branchId = '5' AND accountId = '16'  
2017-07-29 06:18:05 SELECT SQL : SELECT * FROM balances WHERE  branchId = '5' AND accountId = '16' AND date = '2017-07-29'  
2017-07-29 06:18:05 UPDATE SQL : UPDATE balances SET closingBalance = '318246' WHERE  branchId = '5' AND accountId = '16' AND date = '2017-07-29' 
2017-07-29 06:18:05 Balance Update Status 2:1
 2017-07-29 06:18:05 Balance Update Params :
Branch Id : 6
Account ID : 20
Amount : 0
2017-07-29 06:18:05 SELECT SQL : SELECT * FROM balances WHERE  branchId = '6' AND accountId = '20'  
2017-07-29 06:18:05 Balance Update Params :
Branch Id : 6
Account ID : 21
Amount : 0
2017-07-29 06:18:05 SELECT SQL : SELECT * FROM balances WHERE  branchId = '6' AND accountId = '21'  
2017-07-29 06:18:05 SELECT SQL : SELECT * FROM balances WHERE  branchId = '6' AND accountId = '21' AND date = '2017-07-29'  
2017-07-29 06:18:05 UPDATE SQL : UPDATE balances SET closingBalance = '2208846.1548821' WHERE  branchId = '6' AND accountId = '21' AND date = '2017-07-29' 
2017-07-29 06:18:05 Balance Update Status 2:1
 2017-07-29 06:18:05 Balance Update Params :
Branch Id : 6
Account ID : 22
Amount : 0
2017-07-29 06:18:05 SELECT SQL : SELECT * FROM balances WHERE  branchId = '6' AND accountId = '22'  
2017-07-29 06:18:06 Balance Update Params :
Branch Id : 6
Account ID : 23
Amount : 0
2017-07-29 06:18:06 SELECT SQL : SELECT * FROM balances WHERE  branchId = '6' AND accountId = '23'  
2017-07-29 06:18:06 SELECT SQL : SELECT * FROM balances WHERE  branchId = '6' AND accountId = '23' AND date = '2017-07-29'  
2017-07-29 06:18:06 UPDATE SQL : UPDATE balances SET closingBalance = '-109581482' WHERE  branchId = '6' AND accountId = '23' AND date = '2017-07-29' 
2017-07-29 06:18:06 Balance Update Status 2:1
 2017-07-29 06:18:06 Balance Update Params :
Branch Id : 6
Account ID : 24
Amount : 0
2017-07-29 06:18:06 SELECT SQL : SELECT * FROM balances WHERE  branchId = '6' AND accountId = '24'  
2017-07-29 06:18:06 Balance Update Params :
Branch Id : 11
Account ID : 27
Amount : 0
2017-07-29 06:18:06 SELECT SQL : SELECT * FROM balances WHERE  branchId = '11' AND accountId = '27'  
2017-07-29 06:18:06 SELECT SQL : SELECT * FROM balances WHERE  branchId = '11' AND accountId = '27' AND date = '2017-07-29'  
2017-07-29 06:18:06 UPDATE SQL : UPDATE balances SET closingBalance = '5215151.6461271' WHERE  branchId = '11' AND accountId = '27' AND date = '2017-07-29' 
2017-07-29 06:18:06 Balance Update Status 2:1
 2017-07-29 06:18:06 Balance Update Params :
Branch Id : 11
Account ID : 28
Amount : 0
2017-07-29 06:18:06 SELECT SQL : SELECT * FROM balances WHERE  branchId = '11' AND accountId = '28'  
2017-07-29 06:18:06 SELECT SQL : SELECT * FROM balances WHERE  branchId = '11' AND accountId = '28' AND date = '2017-07-29'  
2017-07-29 06:18:06 UPDATE SQL : UPDATE balances SET closingBalance = '1.1666666666667' WHERE  branchId = '11' AND accountId = '28' AND date = '2017-07-29' 
2017-07-29 06:18:06 Balance Update Status 2:1
 2017-07-29 06:18:06 Balance Update Params :
Branch Id : 12
Account ID : 33
Amount : 0
2017-07-29 06:18:06 SELECT SQL : SELECT * FROM balances WHERE  branchId = '12' AND accountId = '33'  
2017-07-29 06:18:06 SELECT SQL : SELECT * FROM balances WHERE  branchId = '12' AND accountId = '33' AND date = '2017-07-29'  
2017-07-29 06:18:06 UPDATE SQL : UPDATE balances SET closingBalance = '32982' WHERE  branchId = '12' AND accountId = '33' AND date = '2017-07-29' 
2017-07-29 06:18:06 Balance Update Status 2:1
 2017-07-29 06:18:06 Balance Update Params :
Branch Id : 12
Account ID : 36
Amount : 0
2017-07-29 06:18:06 SELECT SQL : SELECT * FROM balances WHERE  branchId = '12' AND accountId = '36'  
2017-07-29 06:18:06 SELECT SQL : SELECT * FROM balances WHERE  branchId = '12' AND accountId = '36' AND date = '2017-07-29'  
2017-07-29 06:18:06 UPDATE SQL : UPDATE balances SET closingBalance = '526917' WHERE  branchId = '12' AND accountId = '36' AND date = '2017-07-29' 
2017-07-29 06:18:06 Balance Update Status 2:1
 2017-07-29 06:18:06 Balance Update Params :
Branch Id : 7
Account ID : 37
Amount : 0
2017-07-29 06:18:06 SELECT SQL : SELECT * FROM balances WHERE  branchId = '7' AND accountId = '37'  
2017-07-29 06:18:06 SELECT SQL : SELECT * FROM balances WHERE  branchId = '7' AND accountId = '37' AND date = '2017-07-29'  
2017-07-29 06:18:06 UPDATE SQL : UPDATE balances SET closingBalance = '97450' WHERE  branchId = '7' AND accountId = '37' AND date = '2017-07-29' 
2017-07-29 06:18:06 Balance Update Status 2:1
 2017-07-29 06:18:06 Balance Update Params :
Branch Id : 13
Account ID : 38
Amount : 0
2017-07-29 06:18:06 SELECT SQL : SELECT * FROM balances WHERE  branchId = '13' AND accountId = '38'  
2017-07-29 06:18:06 SELECT SQL : SELECT * FROM balances WHERE  branchId = '13' AND accountId = '38' AND date = '2017-07-29'  
2017-07-29 06:18:06 UPDATE SQL : UPDATE balances SET closingBalance = '2700' WHERE  branchId = '13' AND accountId = '38' AND date = '2017-07-29' 
2017-07-29 06:18:06 Balance Update Status 2:1
 2017-07-29 06:18:06 Balance Update Params :
Branch Id : 13
Account ID : 39
Amount : 0
2017-07-29 06:18:06 SELECT SQL : SELECT * FROM balances WHERE  branchId = '13' AND accountId = '39'  
2017-07-29 06:18:06 SELECT SQL : SELECT * FROM currencies WHERE  active = '1'  
2017-07-29 06:18:06 SELECT SQL : SELECT * FROM accounts WHERE  active = '1' AND type_id = '4'  
2017-07-29 06:18:06 SELECT SQL : SELECT * FROM account_types WHERE  active = '1'  
2017-07-29 06:18:06 SELECT SQL : SELECT * FROM user_types WHERE  active = '1'  
2017-07-29 06:18:06 Response : {"data":{"branches":[{"id":"5","name":"KINSHASHA","countryId":"4","location":"Patrice Avenue","supervisorId":"3","createdBy":"4","ts":"2017-06-30 00:06:55","active":"1"},{"id":"6","name":"OASIS MALL","countryId":"1","location":"Yusufu Lule Rd","supervisorId":"3","createdBy":"2","ts":"2017-06-30 00:12:08","active":"1"},{"id":"7","name":"GOMA","countryId":"4","location":"Goma","supervisorId":"3","createdBy":"1","ts":"2017-07-05 00:00:00","active":"1"},{"id":"9","name":"MOMBASA","countryId":"2","location":"Mombasa","supervisorId":"3","createdBy":"1","ts":"2017-07-05 00:00:00","active":"1"},{"id":"10","name":"DUBAI","countryId":"6","location":"Dubai","supervisorId":"3","createdBy":"1","ts":"2017-07-05 00:00:00","active":"1"},{"id":"11","name":"CHINA","countryId":"5","location":"China","supervisorId":"3","createdBy":"3","ts":"2017-07-05 13:23:17","active":"1"},{"id":"12","name":"NAIROBI","countryId":"2","location":"Nairobi","supervisorId":"3","createdBy":"3","ts":"2017-07-06 14:12:35","active":"1"},{"id":"13","name":"KAMPALA ROAD","countryId":"1","location":"kampala road","supervisorId":"3","createdBy":"3","ts":"2017-07-06 14:12:35","active":"1"}],"countries":[{"id":"1","name":"UGANDA","createdBy":"1","ts":"2017-06-25 23:13:31","active":"1"},{"id":"2","name":"KENYA","createdBy":"1","ts":"2017-06-26 09:02:45","active":"1"},{"id":"3","name":"TZ","createdBy":"1","ts":"2017-06-28 11:11:53","active":"1"},{"id":"4","name":"CONGO","createdBy":"1","ts":"2017-06-28 11:26:11","active":"1"},{"id":"5","name":"CHINA","createdBy":"1","ts":"2017-06-28 11:30:01","active":"1"},{"id":"6","name":"UAE","createdBy":"1","ts":"2017-07-05 00:00:00","active":"1"}],"ids":[[{"id":"1","name":"Passport","createdBy":"1","ts":"2017-06-28 14:00:01","active":"1"},{"id":"2","name":"National ID","createdBy":"1","ts":"2017-06-28 14:00:01","active":"1"},{"id":"3","name":"STUDENTS ID","createdBy":"1","ts":"2017-06-28 16:21:46","active":"1"}]],"users":[{"id":"1","firstName":"You","surname":"Jinshu","email":"hudsonbogere@swipeit.co.ug","phone":"256783131266","userName":"you","branchId":"0","userTypeId":"1","password":"$2y$10$pPGbhJ1RXx\/ug.ED3LnsQuKHJTqwYsa\/iF0OqGOgsjflkHKIDTLVq","sessionId":"CFnzjXc5wtIKgfgKgL2DASU3uZYEM42v","ipAddress":"160.242.139.228","createdBy":null,"ts":"2017-06-23 15:08:12","active":"1"},{"id":"2","firstName":"Nansubuga","surname":"Dorothy","email":"henry@gmail.com","phone":"256752284441","userName":"dorah","branchId":"12","userTypeId":"3","password":"$2y$10$F9t92sYKf2rDJ.JzCmrrT.Jt1Ix37Fuo.uZKpXPn69dgDUTZ8xLXi","sessionId":"Ogl3agRlNl0DUKZiPijhS274Cgw3bDzp","ipAddress":"154.76.149.96","createdBy":"1","ts":"2017-06-26 19:11:07","active":"1"},{"id":"3","firstName":"Lydia","surname":"Amoi","email":"islam@gmail.com","phone":"256777608310","userName":"lydia","branchId":"6","userTypeId":"2","password":"$2y$10$m72Zz8Z.h4\/Zp6TFDhmbXeQ79kZ7JJ2U0yLUanc0dDVxbc.5UPkRG","sessionId":"","ipAddress":"41.75.171.159","createdBy":"1","ts":"2017-06-26 19:41:01","active":"1"},{"id":"4","firstName":"Nabukera","surname":"Maria","email":"banerd@tfb.com","phone":"256774457813","userName":"maria","branchId":"5","userTypeId":"5","password":"$2y$10$wTpUE\/WJFMfQaBglrQocTO9ndV6dbxL2vzFDEJZ1hpVVp4binpXGO","sessionId":"xlTzklILlR5TcO35fKo4kxxXEMOGwsrt","ipAddress":"197.157.209.152","createdBy":"1","ts":"2017-06-26 23:04:07","active":"1"},{"id":"5","firstName":"Henry","surname":"Bbosa","email":null,"phone":null,"userName":"Henry","branchId":"11","userTypeId":"3","password":"$2y$10$m72Zz8Z.h4\/Zp6TFDhmbXeQ79kZ7JJ2U0yLUanc0dDVxbc.5UPkRG","sessionId":"VmkEluY7hO1X0Sbu1xKmZ7aez0yferPT","ipAddress":"41.75.171.159","createdBy":"1","ts":"2017-07-05 00:00:00","active":"1"},{"id":"6","firstName":"Edwin","surname":"Kakeeto","email":"edwin@edwin.com","phone":"0777777557","userName":"edwin","branchId":"7","userTypeId":"3","password":"$2y$10$wTpUE\/WJFMfQaBglrQocTO9ndV6dbxL2vzFDEJZ1hpVVp4binpXGO","sessionId":"KRX8Yh2iqId0EWTdOh43HSfBIE4fr5lp","ipAddress":"41.243.17.77","createdBy":"3","ts":"2017-07-10 07:37:50","active":"1"},{"id":"7","firstName":"Trish","surname":"Baby","email":"patricia@gmail.com","phone":"0777777557","userName":"trish","branchId":"13","userTypeId":"3","password":"$2y$10$m72Zz8Z.h4\/Zp6TFDhmbXeQ79kZ7JJ2U0yLUanc0dDVxbc.5UPkRG","sessionId":"k10XSropsYs2ikmovFMksbhRyqwut0dT","ipAddress":"160.242.137.6","createdBy":null,"ts":null,"active":"1"},{"id":"8","firstName":"cedric","surname":"cedric","email":"cedric@gmail.com","phone":"+256754813912","userName":"cedric","branchId":"7","userTypeId":"3","password":"$2y$10$m72Zz8Z.h4\/Zp6TFDhmbXeQ79kZ7JJ2U0yLUanc0dDVxbc.5UPkRG","sessionId":"","ipAddress":"160.242.141.153","createdBy":null,"ts":null,"active":"1"},{"id":"9","firstName":"Bravia","surname":"Muzira","email":"muzira@gmail.com","phone":"+256771889211","userName":"Braviah","branchId":"6","userTypeId":"3","password":"$2y$10$m72Zz8Z.h4\/Zp6TFDhmbXeQ79kZ7JJ2U0yLUanc0dDVxbc.5UPkRG","sessionId":null,"ipAddress":null,"createdBy":null,"ts":null,"active":"1"}],"accounts":[{"id":"16","name":"KINSHASHA-USD Account","branchId":"5","currency_id":"2"},{"id":"20","name":"OASIS MALL-RMB Account","branchId":"6","currency_id":"1"},{"id":"21","name":"OASIS MALL-USD Account","branchId":"6","currency_id":"2"},{"id":"22","name":"OASIS MALL-DIRHAM Account","branchId":"6","currency_id":"3"},{"id":"23","name":"OASIS MALL-UGX Account","branchId":"6","currency_id":"4"},{"id":"24","name":"OASIS MALL-KSH Account","branchId":"6","currency_id":"5"},{"id":"27","name":"CHINA-RMB Account","branchId":"11","currency_id":"1"},{"id":"28","name":"CHINA-USD Account","branchId":"11","currency_id":"2"},{"id":"33","name":"NAIROBI-USD Account","branchId":"12","currency_id":"2"},{"id":"36","name":"NAIROBI-KSH Account","branchId":"12","currency_id":"5"},{"id":"37","name":"GOMA-USD ACCOUNT","branchId":"7","currency_id":"2"},{"id":"38","name":"KAMPALA ROAD -USD ACCOUNT","branchId":"13","currency_id":"2"},{"id":"39","name":"KAMPALA ROAD- UGX ACCOUNT ","branchId":"13","currency_id":"4"}],"currencies":[{"id":"1","name":"RMB","symbol":"\u00c2\u00a5","createdBy":"1","ts":"2017-06-27 22:45:12","active":"1"},{"id":"2","name":"USD","symbol":"$","createdBy":"1","ts":"2017-06-27 22:45:12","active":"1"},{"id":"3","name":"DIRHAM","symbol":"","createdBy":"1","ts":"2017-06-28 11:40:09","active":"1"},{"id":"4","name":"UGX","symbol":"\/=","createdBy":"1","ts":"2017-06-28 11:46:50","active":"1"},{"id":"5","name":"KSH","symbol":"","createdBy":"1","ts":"2017-06-28 11:46:50","active":"1"}],"superaccount":[{"id":"1","name":"RMB Account","branchId":"0","type_id":"4","currency_id":"1","balance":"0","createdBy":"1","active":"1","ts":"2017-06-27 22:45:12"}],"accountTypes":[{"id":"1","type":"Transfer","description":"","createdBy":"1","ts":"2017-06-28 14:31:12","active":"1"},{"id":"2","type":"Suspense","description":"","createdBy":"1","ts":"2017-06-28 14:31:12","active":"1"},{"id":"4","type":"Super","description":"","createdBy":"1","ts":"2017-06-28 14:31:12","active":"1"}],"userTypes":[{"id":"1","name":"E-Value Admin","level":"1","ts":"2017-06-27 22:45:12","active":"1"},{"id":"2","name":"Super User","level":"2","ts":"2017-06-27 22:45:12","active":"1"},{"id":"3","name":"Agent","level":"3","ts":"2017-06-27 22:45:12","active":"1"},{"id":"4","name":"System Admin","level":"4","ts":"2017-06-27 22:45:12","active":"1"},{"id":"5","name":"superAgent","level":"3","ts":"2017-06-27 22:45:12","active":"1"}]},"success":1}
2017-07-29 06:18:25 ---- New Request ----
2017-07-29 06:18:25 Controller : Transfers
2017-07-29 06:18:25 Method : transfercashoutAction
2017-07-29 06:18:25 Controller File : controllers/Transfers.class.php, Exists
2017-07-29 06:18:25 Class constructed
2017-07-29 06:18:25 Class constructed
2017-07-29 06:18:25 Passcode : ******
Transaction Ref : 006003101
UserID : 5
Session ID : VmkEluY7hO1X0Sbu1xKmZ7aez0yferPT
2017-07-29 06:18:25 SELECT SQL : SELECT sessionId FROM users WHERE  id = '5'  
2017-07-29 06:18:25 SELECT SQL : SELECT * FROM transfers WHERE  transferRef = '006003101'  
2017-07-29 06:18:25 SELECT SQL : SELECT name FROM countries WHERE  id = '0'  
2017-07-29 06:18:25 SELECT SQL : SELECT name FROM branches WHERE  id = '6'  
2017-07-29 06:18:25 SELECT SQL : SELECT name FROM currencies WHERE  id = '4'  
2017-07-29 06:18:25 Response : {"success":1,"data":{"id":"101","fromBranch":"6","toBranch":"0","amount":"2000","currency":"4","charge":null,"transferRef":"006003101","passcode":"$2y$10$oeeUm4qQfYZZNGBOj3MCRufDFfW9SGFar\/MvxQmZxQwJFHkho7svC","userIdSource":"3","userIdDestination":null,"ts":"2017-07-29 03:17:25","withdrawTs":null,"status":"Pending","senderFname":"","senderSurname":"Henru","senderPhone":"","senderIdType":"0","senderId":"0","senderEmail":"","receiverFname":"","receiverSurname":"Kabali","receiverPhone":"","receiverIdType":null,"receiverId":null,"receiverEmail":"","receiverAccountNumber":null,"destinationCountryId":"0","sourceIpAddress":"41.75.171.159","destinationIpAddress":null,"active":"1","fromBranchName":"OASIS MALL","fromCountry":null,"currencyName":"UGX"}}
2017-07-29 06:18:50 ---- New Request ----
2017-07-29 06:18:50 Controller : Transfers
2017-07-29 06:18:50 Method : completetransfercashoutAction
2017-07-29 06:18:50 Controller File : controllers/Transfers.class.php, Exists
2017-07-29 06:18:50 Class constructed
2017-07-29 06:18:50 Class constructed
2017-07-29 06:18:50 Password : ******
Transaction Ref : 006003101
UserID : 5
Session ID : VmkEluY7hO1X0Sbu1xKmZ7aez0yferPT
ID Number : 
ID Type : 
Charge : 
Charge Currency : 
2017-07-29 06:18:50 SELECT SQL : SELECT * FROM users WHERE  id = '5'  
2017-07-29 06:18:50 SELECT SQL : SELECT * FROM transfers WHERE  transferRef = '006003101' AND status = 'Pending'  
2017-07-29 06:18:50 SELECT SQL : SELECT id,destinationIpAddress FROM transfers WHERE  transferRef = '006003101'  
2017-07-29 06:18:50 INSERT SQL : INSERT INTO audit_trails  (ts,userId,tableName,recordId,field,oldValue,newValue)  VALUES(NOW(),'5','transfers','101','destinationIpAddress','','41.75.171.159')
2017-07-29 06:18:50 audit_trails Insert ID : 580
2017-07-29 06:18:50 SELECT SQL : SELECT id,receiverIdType FROM transfers WHERE  transferRef = '006003101'  
2017-07-29 06:18:50 INSERT SQL : INSERT INTO audit_trails  (ts,userId,tableName,recordId,field,oldValue,newValue)  VALUES(NOW(),'5','transfers','101','receiverIdType','','0')
2017-07-29 06:18:50 audit_trails Insert ID : 581
2017-07-29 06:18:50 SELECT SQL : SELECT id,receiverId FROM transfers WHERE  transferRef = '006003101'  
2017-07-29 06:18:50 INSERT SQL : INSERT INTO audit_trails  (ts,userId,tableName,recordId,field,oldValue,newValue)  VALUES(NOW(),'5','transfers','101','receiverId','','')
2017-07-29 06:18:50 audit_trails Insert ID : 582
2017-07-29 06:18:50 SELECT SQL : SELECT id,toBranch FROM transfers WHERE  transferRef = '006003101'  
2017-07-29 06:18:50 INSERT SQL : INSERT INTO audit_trails  (ts,userId,tableName,recordId,field,oldValue,newValue)  VALUES(NOW(),'5','transfers','101','toBranch','0','11')
2017-07-29 06:18:50 audit_trails Insert ID : 583
2017-07-29 06:18:50 SELECT SQL : SELECT id,Status FROM transfers WHERE  transferRef = '006003101'  
2017-07-29 06:18:50 INSERT SQL : INSERT INTO audit_trails  (ts,userId,tableName,recordId,field,oldValue,newValue)  VALUES(NOW(),'5','transfers','101','Status','Pending','Success')
2017-07-29 06:18:50 audit_trails Insert ID : 584
2017-07-29 06:18:50 SELECT SQL : SELECT id,userIdDestination FROM transfers WHERE  transferRef = '006003101'  
2017-07-29 06:18:50 INSERT SQL : INSERT INTO audit_trails  (ts,userId,tableName,recordId,field,oldValue,newValue)  VALUES(NOW(),'5','transfers','101','userIdDestination','','5')
2017-07-29 06:18:50 audit_trails Insert ID : 585
2017-07-29 06:18:50 SELECT SQL : SELECT id,withdrawTs FROM transfers WHERE  transferRef = '006003101'  
2017-07-29 06:18:50 INSERT SQL : INSERT INTO audit_trails  (ts,userId,tableName,recordId,field,oldValue,newValue)  VALUES(NOW(),'5','transfers','101','withdrawTs','','2017-07-29 06:07:50')
2017-07-29 06:18:50 audit_trails Insert ID : 586
2017-07-29 06:18:50 UPDATE SQL : UPDATE transfers SET destinationIpAddress = '41.75.171.159',receiverIdType = '0',receiverId = '',toBranch = '11',Status = 'Success',userIdDestination = '5',withdrawTs = '2017-07-29 06:07:50' WHERE  transferRef = '006003101' 
2017-07-29 06:18:50 SELECT SQL : SELECT * FROM settings WHERE  name = 'SuspenseAccount'  
2017-07-29 06:18:50 SELECT SQL : SELECT * FROM account_transfers WHERE  transferRef = '006003101'  
2017-07-29 06:18:50 SELECT SQL : SELECT id FROM accounts WHERE  branchId = '11' AND currency_id = '4'  
2017-07-29 06:18:50 Response : {"success":0,"errormsg":"Sorry your transaction failed. Reason: Branch does not have an account for this currency"}
