2017-07-31 18:01:19 ---- New Request ----
2017-07-31 18:01:19 Controller : Users
2017-07-31 18:01:19 Method : loginAction
2017-07-31 18:01:19 Controller File : controllers/Users.class.php, Exists
2017-07-31 18:01:19 Class constructed
2017-07-31 18:01:19 Login Params ;Username :lydia
Password : ******
2017-07-31 18:01:19 SELECT SQL : SELECT id,firstName,surname,userName,userTypeId,sessionId,password,active,branchId FROM users WHERE  userName = 'lydia'  
2017-07-31 18:01:19 SELECT SQL : SELECT name FROM branches WHERE  id = '6'  
2017-07-31 18:01:19 UPDATE SQL : UPDATE users SET sessionId = 'aiq3IQymAd44VaglXkTYwEm6edKGoztH',ipAddress = '160.242.137.6' WHERE  id = '3' 
2017-07-31 18:01:19 Response : {"success":1,"data":{"id":"3","firstName":"Lydia","surname":"Amoi","userName":"lydia","userTypeId":"2","sessionId":"aiq3IQymAd44VaglXkTYwEm6edKGoztH","branchId":"6","branchName":"OASIS MALL"}}
2017-07-31 18:01:21 ---- New Request ----
2017-07-31 18:01:21 Controller : Users
2017-07-31 18:01:21 Method : formsdetailsAction
2017-07-31 18:01:21 Controller File : controllers/Users.class.php, Exists
2017-07-31 18:01:21 Class constructed
2017-07-31 18:01:21 Details Params :
SessionID :aiq3IQymAd44VaglXkTYwEm6edKGoztH
User ID : 3
2017-07-31 18:01:21 SELECT SQL : SELECT * FROM branches WHERE  active = '1'  
2017-07-31 18:01:21 SELECT SQL : SELECT * FROM countries WHERE  active = '1'  
2017-07-31 18:01:21 SELECT SQL : SELECT * FROM identification WHERE  active = '1'  
2017-07-31 18:01:21 SELECT SQL : SELECT * FROM users WHERE  active = '1'  
2017-07-31 18:01:21 SELECT SQL : SELECT id,name,branchId,currency_id FROM accounts WHERE  active = '1' AND type_id = '1'  
2017-07-31 18:01:22 Balance Update Params :
Branch Id : 5
Account ID : 16
Amount : 0
2017-07-31 18:01:22 SELECT SQL : SELECT * FROM balances WHERE  branchId = '5' AND accountId = '16'  
2017-07-31 18:01:22 SELECT SQL : SELECT * FROM balances WHERE  branchId = '5' AND accountId = '16' AND date = '2017-07-31'  
2017-07-31 18:01:22 UPDATE SQL : UPDATE balances SET closingBalance = '55184' WHERE  branchId = '5' AND accountId = '16' AND date = '2017-07-31' 
2017-07-31 18:01:22 Balance Update Status 2:1
 2017-07-31 18:01:22 Balance Update Params :
Branch Id : 6
Account ID : 20
Amount : 0
2017-07-31 18:01:22 SELECT SQL : SELECT * FROM balances WHERE  branchId = '6' AND accountId = '20'  
2017-07-31 18:01:22 Balance Update Params :
Branch Id : 6
Account ID : 21
Amount : 0
2017-07-31 18:01:22 SELECT SQL : SELECT * FROM balances WHERE  branchId = '6' AND accountId = '21'  
2017-07-31 18:01:22 SELECT SQL : SELECT * FROM balances WHERE  branchId = '6' AND accountId = '21' AND date = '2017-07-31'  
2017-07-31 18:01:22 UPDATE SQL : UPDATE balances SET closingBalance = '190247' WHERE  branchId = '6' AND accountId = '21' AND date = '2017-07-31' 
2017-07-31 18:01:22 Balance Update Status 2:1
 2017-07-31 18:01:22 Balance Update Params :
Branch Id : 6
Account ID : 22
Amount : 0
2017-07-31 18:01:22 SELECT SQL : SELECT * FROM balances WHERE  branchId = '6' AND accountId = '22'  
2017-07-31 18:01:22 Balance Update Params :
Branch Id : 6
Account ID : 23
Amount : 0
2017-07-31 18:01:22 SELECT SQL : SELECT * FROM balances WHERE  branchId = '6' AND accountId = '23'  
2017-07-31 18:01:22 SELECT SQL : SELECT * FROM balances WHERE  branchId = '6' AND accountId = '23' AND date = '2017-07-31'  
2017-07-31 18:01:22 UPDATE SQL : UPDATE balances SET closingBalance = '102274518' WHERE  branchId = '6' AND accountId = '23' AND date = '2017-07-31' 
2017-07-31 18:01:22 Balance Update Status 2:1
 2017-07-31 18:01:22 Balance Update Params :
Branch Id : 6
Account ID : 24
Amount : 0
2017-07-31 18:01:22 SELECT SQL : SELECT * FROM balances WHERE  branchId = '6' AND accountId = '24'  
2017-07-31 18:01:22 Balance Update Params :
Branch Id : 11
Account ID : 27
Amount : 0
2017-07-31 18:01:22 SELECT SQL : SELECT * FROM balances WHERE  branchId = '11' AND accountId = '27'  
2017-07-31 18:01:22 Balance Update Params :
Branch Id : 11
Account ID : 28
Amount : 0
2017-07-31 18:01:22 SELECT SQL : SELECT * FROM balances WHERE  branchId = '11' AND accountId = '28'  
2017-07-31 18:01:22 Balance Update Params :
Branch Id : 12
Account ID : 33
Amount : 0
2017-07-31 18:01:22 SELECT SQL : SELECT * FROM balances WHERE  branchId = '12' AND accountId = '33'  
2017-07-31 18:01:22 SELECT SQL : SELECT * FROM balances WHERE  branchId = '12' AND accountId = '33' AND date = '2017-07-31'  
2017-07-31 18:01:22 UPDATE SQL : UPDATE balances SET closingBalance = '0' WHERE  branchId = '12' AND accountId = '33' AND date = '2017-07-31' 
2017-07-31 18:01:22 Balance Update Status 2:1
 2017-07-31 18:01:22 Balance Update Params :
Branch Id : 12
Account ID : 36
Amount : 0
2017-07-31 18:01:22 SELECT SQL : SELECT * FROM balances WHERE  branchId = '12' AND accountId = '36'  
2017-07-31 18:01:22 SELECT SQL : SELECT * FROM balances WHERE  branchId = '12' AND accountId = '36' AND date = '2017-07-31'  
2017-07-31 18:01:22 UPDATE SQL : UPDATE balances SET closingBalance = '10312' WHERE  branchId = '12' AND accountId = '36' AND date = '2017-07-31' 
2017-07-31 18:01:22 Balance Update Status 2:1
 2017-07-31 18:01:22 Balance Update Params :
Branch Id : 7
Account ID : 37
Amount : 0
2017-07-31 18:01:22 SELECT SQL : SELECT * FROM balances WHERE  branchId = '7' AND accountId = '37'  
2017-07-31 18:01:22 SELECT SQL : SELECT * FROM balances WHERE  branchId = '7' AND accountId = '37' AND date = '2017-07-31'  
2017-07-31 18:01:22 UPDATE SQL : UPDATE balances SET closingBalance = '96158' WHERE  branchId = '7' AND accountId = '37' AND date = '2017-07-31' 
2017-07-31 18:01:22 Balance Update Status 2:1
 2017-07-31 18:01:22 Balance Update Params :
Branch Id : 13
Account ID : 38
Amount : 0
2017-07-31 18:01:22 SELECT SQL : SELECT * FROM balances WHERE  branchId = '13' AND accountId = '38'  
2017-07-31 18:01:22 Balance Update Params :
Branch Id : 13
Account ID : 39
Amount : 0
2017-07-31 18:01:22 SELECT SQL : SELECT * FROM balances WHERE  branchId = '13' AND accountId = '39'  
2017-07-31 18:01:22 SELECT SQL : SELECT * FROM currencies WHERE  active = '1'  
2017-07-31 18:01:22 SELECT SQL : SELECT * FROM accounts WHERE  active = '1' AND type_id = '4'  
2017-07-31 18:01:22 SELECT SQL : SELECT * FROM account_types WHERE  active = '1'  
2017-07-31 18:01:22 SELECT SQL : SELECT * FROM user_types WHERE  active = '1'  
2017-07-31 18:01:22 Response : {"data":{"branches":[{"id":"5","name":"KINSHASHA","countryId":"4","location":"Patrice Avenue","supervisorId":"3","createdBy":"4","ts":"2017-06-30 00:06:55","active":"1"},{"id":"6","name":"OASIS MALL","countryId":"1","location":"Yusufu Lule Rd","supervisorId":"3","createdBy":"2","ts":"2017-06-30 00:12:08","active":"1"},{"id":"7","name":"GOMA","countryId":"4","location":"Goma","supervisorId":"3","createdBy":"1","ts":"2017-07-05 00:00:00","active":"1"},{"id":"9","name":"MOMBASA","countryId":"2","location":"Mombasa","supervisorId":"3","createdBy":"1","ts":"2017-07-05 00:00:00","active":"1"},{"id":"10","name":"DUBAI","countryId":"6","location":"Dubai","supervisorId":"3","createdBy":"1","ts":"2017-07-05 00:00:00","active":"1"},{"id":"11","name":"CHINA","countryId":"5","location":"China","supervisorId":"3","createdBy":"3","ts":"2017-07-05 13:23:17","active":"1"},{"id":"12","name":"NAIROBI","countryId":"2","location":"Nairobi","supervisorId":"3","createdBy":"3","ts":"2017-07-06 14:12:35","active":"1"},{"id":"13","name":"KAMPALA ROAD","countryId":"1","location":"kampala road","supervisorId":"3","createdBy":"3","ts":"2017-07-06 14:12:35","active":"1"}],"countries":[{"id":"1","name":"UGANDA","createdBy":"1","ts":"2017-06-25 23:13:31","active":"1"},{"id":"2","name":"KENYA","createdBy":"1","ts":"2017-06-26 09:02:45","active":"1"},{"id":"3","name":"TZ","createdBy":"1","ts":"2017-06-28 11:11:53","active":"1"},{"id":"4","name":"CONGO","createdBy":"1","ts":"2017-06-28 11:26:11","active":"1"},{"id":"5","name":"CHINA","createdBy":"1","ts":"2017-06-28 11:30:01","active":"1"},{"id":"6","name":"UAE","createdBy":"1","ts":"2017-07-05 00:00:00","active":"1"}],"ids":[[{"id":"1","name":"Passport","createdBy":"1","ts":"2017-06-28 14:00:01","active":"1"},{"id":"2","name":"National ID","createdBy":"1","ts":"2017-06-28 14:00:01","active":"1"},{"id":"3","name":"STUDENTS ID","createdBy":"1","ts":"2017-06-28 16:21:46","active":"1"}]],"users":[{"id":"1","firstName":"You","surname":"Jinshu","email":"hudsonbogere@swipeit.co.ug","phone":"256783131266","userName":"you","branchId":"0","userTypeId":"1","password":"$2y$10$pPGbhJ1RXx\/ug.ED3LnsQuKHJTqwYsa\/iF0OqGOgsjflkHKIDTLVq","sessionId":"","ipAddress":"41.75.173.102","createdBy":null,"ts":"2017-06-23 15:08:12","active":"1"},{"id":"2","firstName":"Nansubuga","surname":"Dorothy","email":"henry@gmail.com","phone":"256752284441","userName":"dorah","branchId":"12","userTypeId":"3","password":"$2y$10$F9t92sYKf2rDJ.JzCmrrT.Jt1Ix37Fuo.uZKpXPn69dgDUTZ8xLXi","sessionId":"","ipAddress":"105.230.87.130","createdBy":"1","ts":"2017-06-26 19:11:07","active":"1"},{"id":"3","firstName":"Lydia","surname":"Amoi","email":"islam@gmail.com","phone":"256777608310","userName":"lydia","branchId":"6","userTypeId":"2","password":"$2y$10$m72Zz8Z.h4\/Zp6TFDhmbXeQ79kZ7JJ2U0yLUanc0dDVxbc.5UPkRG","sessionId":"aiq3IQymAd44VaglXkTYwEm6edKGoztH","ipAddress":"160.242.137.6","createdBy":"1","ts":"2017-06-26 19:41:01","active":"1"},{"id":"4","firstName":"Nabukera","surname":"Maria","email":"banerd@tfb.com","phone":"256774457813","userName":"maria","branchId":"5","userTypeId":"5","password":"$2y$10$wTpUE\/WJFMfQaBglrQocTO9ndV6dbxL2vzFDEJZ1hpVVp4binpXGO","sessionId":"x5fiXXtaZFBaTpEauSiyKTrIyR1RwL25","ipAddress":"41.75.173.102","createdBy":"1","ts":"2017-06-26 23:04:07","active":"1"},{"id":"5","firstName":"Henry","surname":"Bbosa","email":null,"phone":null,"userName":"Henry","branchId":"11","userTypeId":"3","password":"$2y$10$m72Zz8Z.h4\/Zp6TFDhmbXeQ79kZ7JJ2U0yLUanc0dDVxbc.5UPkRG","sessionId":"VmkEluY7hO1X0Sbu1xKmZ7aez0yferPT","ipAddress":"41.75.171.159","createdBy":"1","ts":"2017-07-05 00:00:00","active":"1"},{"id":"6","firstName":"Edwin","surname":"Kakeeto","email":"edwin@edwin.com","phone":"0777777557","userName":"edwin","branchId":"7","userTypeId":"3","password":"$2y$10$wTpUE\/WJFMfQaBglrQocTO9ndV6dbxL2vzFDEJZ1hpVVp4binpXGO","sessionId":"KRX8Yh2iqId0EWTdOh43HSfBIE4fr5lp","ipAddress":"41.243.17.77","createdBy":"3","ts":"2017-07-10 07:37:50","active":"1"},{"id":"7","firstName":"Trish","surname":"Baby","email":"patricia@gmail.com","phone":"0777777557","userName":"trish","branchId":"13","userTypeId":"3","password":"$2y$10$m72Zz8Z.h4\/Zp6TFDhmbXeQ79kZ7JJ2U0yLUanc0dDVxbc.5UPkRG","sessionId":"k10XSropsYs2ikmovFMksbhRyqwut0dT","ipAddress":"160.242.137.6","createdBy":null,"ts":null,"active":"1"},{"id":"8","firstName":"cedric","surname":"cedric","email":"cedric@gmail.com","phone":"+256754813912","userName":"cedric","branchId":"7","userTypeId":"3","password":"$2y$10$m72Zz8Z.h4\/Zp6TFDhmbXeQ79kZ7JJ2U0yLUanc0dDVxbc.5UPkRG","sessionId":"","ipAddress":"160.242.141.153","createdBy":null,"ts":null,"active":"1"},{"id":"9","firstName":"Bravia","surname":"Muzira","email":"muzira@gmail.com","phone":"+256771889211","userName":"Braviah","branchId":"6","userTypeId":"3","password":"$2y$10$m72Zz8Z.h4\/Zp6TFDhmbXeQ79kZ7JJ2U0yLUanc0dDVxbc.5UPkRG","sessionId":"TRYLds7vSBteucLM5ABcqCX8rZHYmIY6","ipAddress":"41.210.154.98","createdBy":null,"ts":null,"active":"1"}],"accounts":[{"id":"16","name":"KINSHASHA-USD Account","branchId":"5","currency_id":"2"},{"id":"20","name":"OASIS MALL-RMB Account","branchId":"6","currency_id":"1"},{"id":"21","name":"OASIS MALL-USD Account","branchId":"6","currency_id":"2"},{"id":"22","name":"OASIS MALL-DIRHAM Account","branchId":"6","currency_id":"3"},{"id":"23","name":"OASIS MALL-UGX Account","branchId":"6","currency_id":"4"},{"id":"24","name":"OASIS MALL-KSH Account","branchId":"6","currency_id":"5"},{"id":"27","name":"CHINA-RMB Account","branchId":"11","currency_id":"1"},{"id":"28","name":"CHINA-USD Account","branchId":"11","currency_id":"2"},{"id":"33","name":"NAIROBI-USD Account","branchId":"12","currency_id":"2"},{"id":"36","name":"NAIROBI-KSH Account","branchId":"12","currency_id":"5"},{"id":"37","name":"GOMA-USD ACCOUNT","branchId":"7","currency_id":"2"},{"id":"38","name":"KAMPALA ROAD -USD ACCOUNT","branchId":"13","currency_id":"2"},{"id":"39","name":"KAMPALA ROAD- UGX ACCOUNT ","branchId":"13","currency_id":"4"}],"currencies":[{"id":"1","name":"RMB","symbol":"\u00c2\u00a5","createdBy":"1","ts":"2017-06-27 22:45:12","active":"1"},{"id":"2","name":"USD","symbol":"$","createdBy":"1","ts":"2017-06-27 22:45:12","active":"1"},{"id":"3","name":"DIRHAM","symbol":"","createdBy":"1","ts":"2017-06-28 11:40:09","active":"1"},{"id":"4","name":"UGX","symbol":"\/=","createdBy":"1","ts":"2017-06-28 11:46:50","active":"1"},{"id":"5","name":"KSH","symbol":"","createdBy":"1","ts":"2017-06-28 11:46:50","active":"1"}],"superaccount":[{"id":"1","name":"RMB Account","branchId":"0","type_id":"4","currency_id":"1","balance":"0","createdBy":"1","active":"1","ts":"2017-06-27 22:45:12"}],"accountTypes":[{"id":"1","type":"Transfer","description":"","createdBy":"1","ts":"2017-06-28 14:31:12","active":"1"},{"id":"2","type":"Suspense","description":"","createdBy":"1","ts":"2017-06-28 14:31:12","active":"1"},{"id":"4","type":"Super","description":"","createdBy":"1","ts":"2017-06-28 14:31:12","active":"1"}],"userTypes":[{"id":"1","name":"E-Value Admin","level":"1","ts":"2017-06-27 22:45:12","active":"1"},{"id":"2","name":"Super User","level":"2","ts":"2017-06-27 22:45:12","active":"1"},{"id":"3","name":"Agent","level":"3","ts":"2017-06-27 22:45:12","active":"1"},{"id":"4","name":"System Admin","level":"4","ts":"2017-06-27 22:45:12","active":"1"},{"id":"5","name":"superAgent","level":"3","ts":"2017-06-27 22:45:12","active":"1"}]},"success":1}
2017-07-31 18:01:25 ---- New Request ----
2017-07-31 18:01:25 Controller : Transfers
2017-07-31 18:01:25 Method : getallaccountbalancesAction
2017-07-31 18:01:25 Controller File : controllers/Transfers.class.php, Exists
2017-07-31 18:01:25 Class constructed
2017-07-31 18:01:25 Class constructed
2017-07-31 18:01:25 UserID : 3
SessionId : aiq3IQymAd44VaglXkTYwEm6edKGoztH
Branch ID : 6
2017-07-31 18:01:25 SELECT SQL : SELECT sessionId FROM users WHERE  id = '3'  
2017-07-31 18:01:25 SELECT SQL : SELECT name,id FROM accounts WHERE  active = '1' AND branchId = '6'  
2017-07-31 18:01:25 SELECT SQL : SELECT name FROM branches WHERE  id = '6'  
2017-07-31 18:01:25 Response : {"success":1,"data":[{"name":"OASIS MALL-RMB Account","id":"20","balance":0},{"name":"OASIS MALL-USD Account","id":"21","balance":0},{"name":"OASIS MALL-DIRHAM Account","id":"22","balance":0},{"name":"OASIS MALL-UGX Account","id":"23","balance":0},{"name":"OASIS MALL-KSH Account","id":"24","balance":0}],"branchName":"OASIS MALL"}
2017-07-31 18:01:28 ---- New Request ----
2017-07-31 18:01:28 Controller : Transfers
2017-07-31 18:01:28 Method : getbalancesAction
2017-07-31 18:01:28 Controller File : controllers/Transfers.class.php, Exists
2017-07-31 18:01:28 Class constructed
2017-07-31 18:01:28 Class constructed
2017-07-31 18:01:28 UserID : 3
SessionId : aiq3IQymAd44VaglXkTYwEm6edKGoztH
Branch ID : 7
Date : 
2017-07-31 18:01:28 SELECT SQL : SELECT sessionId,branchId,userTypeId FROM users WHERE  id = '3'  
2017-07-31 18:01:28 SELECT SQL : SELECT closingBalance,openingBalance,accountId,branchId,date FROM balances WHERE  date = '2017-07-31' AND branchId = '7'  
2017-07-31 18:01:28 SELECT SQL : SELECT name FROM accounts WHERE  id = '37'  
2017-07-31 18:01:28 SELECT SQL : SELECT name FROM branches WHERE  id = '7'  
2017-07-31 18:01:28 Response : {"success":1,"data":[{"closingBalance":"96158","openingBalance":"96158","accountId":"37","branchId":"7","date":"2017-07-31","accountName":"GOMA-USD ACCOUNT","branchName":"GOMA"}]}
2017-07-31 18:01:39 ---- New Request ----
2017-07-31 18:01:39 Controller : Transfers
2017-07-31 18:01:39 Method : getbalancesAction
2017-07-31 18:01:39 Controller File : controllers/Transfers.class.php, Exists
2017-07-31 18:01:39 Class constructed
2017-07-31 18:01:39 Class constructed
2017-07-31 18:01:39 UserID : 3
SessionId : aiq3IQymAd44VaglXkTYwEm6edKGoztH
Branch ID : 6
Date : 
2017-07-31 18:01:39 SELECT SQL : SELECT sessionId,branchId,userTypeId FROM users WHERE  id = '3'  
2017-07-31 18:01:39 SELECT SQL : SELECT closingBalance,openingBalance,accountId,branchId,date FROM balances WHERE  date = '2017-07-31' AND branchId = '6'  
2017-07-31 18:01:39 SELECT SQL : SELECT name FROM accounts WHERE  id = '21'  
2017-07-31 18:01:39 SELECT SQL : SELECT name FROM branches WHERE  id = '6'  
2017-07-31 18:01:39 SELECT SQL : SELECT name FROM accounts WHERE  id = '23'  
2017-07-31 18:01:39 SELECT SQL : SELECT name FROM branches WHERE  id = '6'  
2017-07-31 18:01:39 Response : {"success":1,"data":[{"closingBalance":"190247","openingBalance":"190247","accountId":"21","branchId":"6","date":"2017-07-31","accountName":"OASIS MALL-USD Account","branchName":"OASIS MALL"},{"closingBalance":"102274518","openingBalance":"102274518","accountId":"23","branchId":"6","date":"2017-07-31","accountName":"OASIS MALL-UGX Account","branchName":"OASIS MALL"}]}
2017-07-31 18:01:49 ---- New Request ----
2017-07-31 18:01:49 Controller : Transfers
2017-07-31 18:01:49 Method : getbalancesAction
2017-07-31 18:01:49 Controller File : controllers/Transfers.class.php, Exists
2017-07-31 18:01:49 Class constructed
2017-07-31 18:01:49 Class constructed
2017-07-31 18:01:49 UserID : 3
SessionId : aiq3IQymAd44VaglXkTYwEm6edKGoztH
Branch ID : 5
Date : 
2017-07-31 18:01:49 SELECT SQL : SELECT sessionId,branchId,userTypeId FROM users WHERE  id = '3'  
2017-07-31 18:01:49 SELECT SQL : SELECT closingBalance,openingBalance,accountId,branchId,date FROM balances WHERE  date = '2017-07-31' AND branchId = '5'  
2017-07-31 18:01:49 SELECT SQL : SELECT name FROM accounts WHERE  id = '16'  
2017-07-31 18:01:49 SELECT SQL : SELECT name FROM branches WHERE  id = '5'  
2017-07-31 18:01:49 Response : {"success":1,"data":[{"closingBalance":"55184","openingBalance":"55184","accountId":"16","branchId":"5","date":"2017-07-31","accountName":"KINSHASHA-USD Account","branchName":"KINSHASHA"}]}
2017-07-31 18:01:56 ---- New Request ----
2017-07-31 18:01:56 Controller : Users
2017-07-31 18:01:56 Method : loginAction
2017-07-31 18:01:56 Controller File : controllers/Users.class.php, Exists
2017-07-31 18:01:56 Class constructed
2017-07-31 18:01:56 Login Params ;Username :lydia
Password : ******
2017-07-31 18:01:56 SELECT SQL : SELECT id,firstName,surname,userName,userTypeId,sessionId,password,active,branchId FROM users WHERE  userName = 'lydia'  
2017-07-31 18:01:56 SELECT SQL : SELECT name FROM branches WHERE  id = '6'  
2017-07-31 18:01:56 UPDATE SQL : UPDATE users SET sessionId = 'BAS77YbvuHrVvRpPCZEcBGjCcyjgaLXI',ipAddress = '160.242.137.6' WHERE  id = '3' 
2017-07-31 18:01:56 Response : {"success":1,"data":{"id":"3","firstName":"Lydia","surname":"Amoi","userName":"lydia","userTypeId":"2","sessionId":"BAS77YbvuHrVvRpPCZEcBGjCcyjgaLXI","branchId":"6","branchName":"OASIS MALL"}}
2017-07-31 18:01:58 ---- New Request ----
2017-07-31 18:01:58 Controller : Users
2017-07-31 18:01:58 Method : formsdetailsAction
2017-07-31 18:01:58 Controller File : controllers/Users.class.php, Exists
2017-07-31 18:01:58 Class constructed
2017-07-31 18:01:58 Details Params :
SessionID :BAS77YbvuHrVvRpPCZEcBGjCcyjgaLXI
User ID : 3
2017-07-31 18:01:58 SELECT SQL : SELECT * FROM branches WHERE  active = '1'  
2017-07-31 18:01:58 SELECT SQL : SELECT * FROM countries WHERE  active = '1'  
2017-07-31 18:01:58 SELECT SQL : SELECT * FROM identification WHERE  active = '1'  
2017-07-31 18:01:58 SELECT SQL : SELECT * FROM users WHERE  active = '1'  
2017-07-31 18:01:58 SELECT SQL : SELECT id,name,branchId,currency_id FROM accounts WHERE  active = '1' AND type_id = '1'  
2017-07-31 18:01:58 Balance Update Params :
Branch Id : 5
Account ID : 16
Amount : 0
2017-07-31 18:01:58 SELECT SQL : SELECT * FROM balances WHERE  branchId = '5' AND accountId = '16'  
2017-07-31 18:01:58 SELECT SQL : SELECT * FROM balances WHERE  branchId = '5' AND accountId = '16' AND date = '2017-07-31'  
2017-07-31 18:01:58 UPDATE SQL : UPDATE balances SET closingBalance = '55184' WHERE  branchId = '5' AND accountId = '16' AND date = '2017-07-31' 
2017-07-31 18:01:58 Balance Update Status 2:1
 2017-07-31 18:01:58 Balance Update Params :
Branch Id : 6
Account ID : 20
Amount : 0
2017-07-31 18:01:58 SELECT SQL : SELECT * FROM balances WHERE  branchId = '6' AND accountId = '20'  
2017-07-31 18:01:58 Balance Update Params :
Branch Id : 6
Account ID : 21
Amount : 0
2017-07-31 18:01:58 SELECT SQL : SELECT * FROM balances WHERE  branchId = '6' AND accountId = '21'  
2017-07-31 18:01:58 SELECT SQL : SELECT * FROM balances WHERE  branchId = '6' AND accountId = '21' AND date = '2017-07-31'  
2017-07-31 18:01:58 UPDATE SQL : UPDATE balances SET closingBalance = '190247' WHERE  branchId = '6' AND accountId = '21' AND date = '2017-07-31' 
2017-07-31 18:01:58 Balance Update Status 2:1
 2017-07-31 18:01:58 Balance Update Params :
Branch Id : 6
Account ID : 22
Amount : 0
2017-07-31 18:01:58 SELECT SQL : SELECT * FROM balances WHERE  branchId = '6' AND accountId = '22'  
2017-07-31 18:01:58 Balance Update Params :
Branch Id : 6
Account ID : 23
Amount : 0
2017-07-31 18:01:58 SELECT SQL : SELECT * FROM balances WHERE  branchId = '6' AND accountId = '23'  
2017-07-31 18:01:58 SELECT SQL : SELECT * FROM balances WHERE  branchId = '6' AND accountId = '23' AND date = '2017-07-31'  
2017-07-31 18:01:58 UPDATE SQL : UPDATE balances SET closingBalance = '102274518' WHERE  branchId = '6' AND accountId = '23' AND date = '2017-07-31' 
2017-07-31 18:01:58 Balance Update Status 2:1
 2017-07-31 18:01:58 Balance Update Params :
Branch Id : 6
Account ID : 24
Amount : 0
2017-07-31 18:01:58 SELECT SQL : SELECT * FROM balances WHERE  branchId = '6' AND accountId = '24'  
2017-07-31 18:01:58 Balance Update Params :
Branch Id : 11
Account ID : 27
Amount : 0
2017-07-31 18:01:58 SELECT SQL : SELECT * FROM balances WHERE  branchId = '11' AND accountId = '27'  
2017-07-31 18:01:58 Balance Update Params :
Branch Id : 11
Account ID : 28
Amount : 0
2017-07-31 18:01:58 SELECT SQL : SELECT * FROM balances WHERE  branchId = '11' AND accountId = '28'  
2017-07-31 18:01:58 Balance Update Params :
Branch Id : 12
Account ID : 33
Amount : 0
2017-07-31 18:01:58 SELECT SQL : SELECT * FROM balances WHERE  branchId = '12' AND accountId = '33'  
2017-07-31 18:01:58 SELECT SQL : SELECT * FROM balances WHERE  branchId = '12' AND accountId = '33' AND date = '2017-07-31'  
2017-07-31 18:01:58 UPDATE SQL : UPDATE balances SET closingBalance = '0' WHERE  branchId = '12' AND accountId = '33' AND date = '2017-07-31' 
2017-07-31 18:01:58 Balance Update Status 2:1
 2017-07-31 18:01:58 Balance Update Params :
Branch Id : 12
Account ID : 36
Amount : 0
2017-07-31 18:01:58 SELECT SQL : SELECT * FROM balances WHERE  branchId = '12' AND accountId = '36'  
2017-07-31 18:01:58 SELECT SQL : SELECT * FROM balances WHERE  branchId = '12' AND accountId = '36' AND date = '2017-07-31'  
2017-07-31 18:01:58 UPDATE SQL : UPDATE balances SET closingBalance = '10312' WHERE  branchId = '12' AND accountId = '36' AND date = '2017-07-31' 
2017-07-31 18:01:58 Balance Update Status 2:1
 2017-07-31 18:01:58 Balance Update Params :
Branch Id : 7
Account ID : 37
Amount : 0
2017-07-31 18:01:58 SELECT SQL : SELECT * FROM balances WHERE  branchId = '7' AND accountId = '37'  
2017-07-31 18:01:58 SELECT SQL : SELECT * FROM balances WHERE  branchId = '7' AND accountId = '37' AND date = '2017-07-31'  
2017-07-31 18:01:58 UPDATE SQL : UPDATE balances SET closingBalance = '96158' WHERE  branchId = '7' AND accountId = '37' AND date = '2017-07-31' 
2017-07-31 18:01:58 Balance Update Status 2:1
 2017-07-31 18:01:58 Balance Update Params :
Branch Id : 13
Account ID : 38
Amount : 0
2017-07-31 18:01:58 SELECT SQL : SELECT * FROM balances WHERE  branchId = '13' AND accountId = '38'  
2017-07-31 18:01:58 Balance Update Params :
Branch Id : 13
Account ID : 39
Amount : 0
2017-07-31 18:01:58 SELECT SQL : SELECT * FROM balances WHERE  branchId = '13' AND accountId = '39'  
2017-07-31 18:01:58 SELECT SQL : SELECT * FROM currencies WHERE  active = '1'  
2017-07-31 18:01:58 SELECT SQL : SELECT * FROM accounts WHERE  active = '1' AND type_id = '4'  
2017-07-31 18:01:58 SELECT SQL : SELECT * FROM account_types WHERE  active = '1'  
2017-07-31 18:01:58 SELECT SQL : SELECT * FROM user_types WHERE  active = '1'  
2017-07-31 18:01:58 Response : {"data":{"branches":[{"id":"5","name":"KINSHASHA","countryId":"4","location":"Patrice Avenue","supervisorId":"3","createdBy":"4","ts":"2017-06-30 00:06:55","active":"1"},{"id":"6","name":"OASIS MALL","countryId":"1","location":"Yusufu Lule Rd","supervisorId":"3","createdBy":"2","ts":"2017-06-30 00:12:08","active":"1"},{"id":"7","name":"GOMA","countryId":"4","location":"Goma","supervisorId":"3","createdBy":"1","ts":"2017-07-05 00:00:00","active":"1"},{"id":"9","name":"MOMBASA","countryId":"2","location":"Mombasa","supervisorId":"3","createdBy":"1","ts":"2017-07-05 00:00:00","active":"1"},{"id":"10","name":"DUBAI","countryId":"6","location":"Dubai","supervisorId":"3","createdBy":"1","ts":"2017-07-05 00:00:00","active":"1"},{"id":"11","name":"CHINA","countryId":"5","location":"China","supervisorId":"3","createdBy":"3","ts":"2017-07-05 13:23:17","active":"1"},{"id":"12","name":"NAIROBI","countryId":"2","location":"Nairobi","supervisorId":"3","createdBy":"3","ts":"2017-07-06 14:12:35","active":"1"},{"id":"13","name":"KAMPALA ROAD","countryId":"1","location":"kampala road","supervisorId":"3","createdBy":"3","ts":"2017-07-06 14:12:35","active":"1"}],"countries":[{"id":"1","name":"UGANDA","createdBy":"1","ts":"2017-06-25 23:13:31","active":"1"},{"id":"2","name":"KENYA","createdBy":"1","ts":"2017-06-26 09:02:45","active":"1"},{"id":"3","name":"TZ","createdBy":"1","ts":"2017-06-28 11:11:53","active":"1"},{"id":"4","name":"CONGO","createdBy":"1","ts":"2017-06-28 11:26:11","active":"1"},{"id":"5","name":"CHINA","createdBy":"1","ts":"2017-06-28 11:30:01","active":"1"},{"id":"6","name":"UAE","createdBy":"1","ts":"2017-07-05 00:00:00","active":"1"}],"ids":[[{"id":"1","name":"Passport","createdBy":"1","ts":"2017-06-28 14:00:01","active":"1"},{"id":"2","name":"National ID","createdBy":"1","ts":"2017-06-28 14:00:01","active":"1"},{"id":"3","name":"STUDENTS ID","createdBy":"1","ts":"2017-06-28 16:21:46","active":"1"}]],"users":[{"id":"1","firstName":"You","surname":"Jinshu","email":"hudsonbogere@swipeit.co.ug","phone":"256783131266","userName":"you","branchId":"0","userTypeId":"1","password":"$2y$10$pPGbhJ1RXx\/ug.ED3LnsQuKHJTqwYsa\/iF0OqGOgsjflkHKIDTLVq","sessionId":"","ipAddress":"41.75.173.102","createdBy":null,"ts":"2017-06-23 15:08:12","active":"1"},{"id":"2","firstName":"Nansubuga","surname":"Dorothy","email":"henry@gmail.com","phone":"256752284441","userName":"dorah","branchId":"12","userTypeId":"3","password":"$2y$10$F9t92sYKf2rDJ.JzCmrrT.Jt1Ix37Fuo.uZKpXPn69dgDUTZ8xLXi","sessionId":"","ipAddress":"105.230.87.130","createdBy":"1","ts":"2017-06-26 19:11:07","active":"1"},{"id":"3","firstName":"Lydia","surname":"Amoi","email":"islam@gmail.com","phone":"256777608310","userName":"lydia","branchId":"6","userTypeId":"2","password":"$2y$10$m72Zz8Z.h4\/Zp6TFDhmbXeQ79kZ7JJ2U0yLUanc0dDVxbc.5UPkRG","sessionId":"BAS77YbvuHrVvRpPCZEcBGjCcyjgaLXI","ipAddress":"160.242.137.6","createdBy":"1","ts":"2017-06-26 19:41:01","active":"1"},{"id":"4","firstName":"Nabukera","surname":"Maria","email":"banerd@tfb.com","phone":"256774457813","userName":"maria","branchId":"5","userTypeId":"5","password":"$2y$10$wTpUE\/WJFMfQaBglrQocTO9ndV6dbxL2vzFDEJZ1hpVVp4binpXGO","sessionId":"x5fiXXtaZFBaTpEauSiyKTrIyR1RwL25","ipAddress":"41.75.173.102","createdBy":"1","ts":"2017-06-26 23:04:07","active":"1"},{"id":"5","firstName":"Henry","surname":"Bbosa","email":null,"phone":null,"userName":"Henry","branchId":"11","userTypeId":"3","password":"$2y$10$m72Zz8Z.h4\/Zp6TFDhmbXeQ79kZ7JJ2U0yLUanc0dDVxbc.5UPkRG","sessionId":"VmkEluY7hO1X0Sbu1xKmZ7aez0yferPT","ipAddress":"41.75.171.159","createdBy":"1","ts":"2017-07-05 00:00:00","active":"1"},{"id":"6","firstName":"Edwin","surname":"Kakeeto","email":"edwin@edwin.com","phone":"0777777557","userName":"edwin","branchId":"7","userTypeId":"3","password":"$2y$10$wTpUE\/WJFMfQaBglrQocTO9ndV6dbxL2vzFDEJZ1hpVVp4binpXGO","sessionId":"KRX8Yh2iqId0EWTdOh43HSfBIE4fr5lp","ipAddress":"41.243.17.77","createdBy":"3","ts":"2017-07-10 07:37:50","active":"1"},{"id":"7","firstName":"Trish","surname":"Baby","email":"patricia@gmail.com","phone":"0777777557","userName":"trish","branchId":"13","userTypeId":"3","password":"$2y$10$m72Zz8Z.h4\/Zp6TFDhmbXeQ79kZ7JJ2U0yLUanc0dDVxbc.5UPkRG","sessionId":"k10XSropsYs2ikmovFMksbhRyqwut0dT","ipAddress":"160.242.137.6","createdBy":null,"ts":null,"active":"1"},{"id":"8","firstName":"cedric","surname":"cedric","email":"cedric@gmail.com","phone":"+256754813912","userName":"cedric","branchId":"7","userTypeId":"3","password":"$2y$10$m72Zz8Z.h4\/Zp6TFDhmbXeQ79kZ7JJ2U0yLUanc0dDVxbc.5UPkRG","sessionId":"","ipAddress":"160.242.141.153","createdBy":null,"ts":null,"active":"1"},{"id":"9","firstName":"Bravia","surname":"Muzira","email":"muzira@gmail.com","phone":"+256771889211","userName":"Braviah","branchId":"6","userTypeId":"3","password":"$2y$10$m72Zz8Z.h4\/Zp6TFDhmbXeQ79kZ7JJ2U0yLUanc0dDVxbc.5UPkRG","sessionId":"TRYLds7vSBteucLM5ABcqCX8rZHYmIY6","ipAddress":"41.210.154.98","createdBy":null,"ts":null,"active":"1"}],"accounts":[{"id":"16","name":"KINSHASHA-USD Account","branchId":"5","currency_id":"2"},{"id":"20","name":"OASIS MALL-RMB Account","branchId":"6","currency_id":"1"},{"id":"21","name":"OASIS MALL-USD Account","branchId":"6","currency_id":"2"},{"id":"22","name":"OASIS MALL-DIRHAM Account","branchId":"6","currency_id":"3"},{"id":"23","name":"OASIS MALL-UGX Account","branchId":"6","currency_id":"4"},{"id":"24","name":"OASIS MALL-KSH Account","branchId":"6","currency_id":"5"},{"id":"27","name":"CHINA-RMB Account","branchId":"11","currency_id":"1"},{"id":"28","name":"CHINA-USD Account","branchId":"11","currency_id":"2"},{"id":"33","name":"NAIROBI-USD Account","branchId":"12","currency_id":"2"},{"id":"36","name":"NAIROBI-KSH Account","branchId":"12","currency_id":"5"},{"id":"37","name":"GOMA-USD ACCOUNT","branchId":"7","currency_id":"2"},{"id":"38","name":"KAMPALA ROAD -USD ACCOUNT","branchId":"13","currency_id":"2"},{"id":"39","name":"KAMPALA ROAD- UGX ACCOUNT ","branchId":"13","currency_id":"4"}],"currencies":[{"id":"1","name":"RMB","symbol":"\u00c2\u00a5","createdBy":"1","ts":"2017-06-27 22:45:12","active":"1"},{"id":"2","name":"USD","symbol":"$","createdBy":"1","ts":"2017-06-27 22:45:12","active":"1"},{"id":"3","name":"DIRHAM","symbol":"","createdBy":"1","ts":"2017-06-28 11:40:09","active":"1"},{"id":"4","name":"UGX","symbol":"\/=","createdBy":"1","ts":"2017-06-28 11:46:50","active":"1"},{"id":"5","name":"KSH","symbol":"","createdBy":"1","ts":"2017-06-28 11:46:50","active":"1"}],"superaccount":[{"id":"1","name":"RMB Account","branchId":"0","type_id":"4","currency_id":"1","balance":"0","createdBy":"1","active":"1","ts":"2017-06-27 22:45:12"}],"accountTypes":[{"id":"1","type":"Transfer","description":"","createdBy":"1","ts":"2017-06-28 14:31:12","active":"1"},{"id":"2","type":"Suspense","description":"","createdBy":"1","ts":"2017-06-28 14:31:12","active":"1"},{"id":"4","type":"Super","description":"","createdBy":"1","ts":"2017-06-28 14:31:12","active":"1"}],"userTypes":[{"id":"1","name":"E-Value Admin","level":"1","ts":"2017-06-27 22:45:12","active":"1"},{"id":"2","name":"Super User","level":"2","ts":"2017-06-27 22:45:12","active":"1"},{"id":"3","name":"Agent","level":"3","ts":"2017-06-27 22:45:12","active":"1"},{"id":"4","name":"System Admin","level":"4","ts":"2017-06-27 22:45:12","active":"1"},{"id":"5","name":"superAgent","level":"3","ts":"2017-06-27 22:45:12","active":"1"}]},"success":1}
2017-07-31 18:25:08 ---- New Request ----
2017-07-31 18:25:08 Controller : Users
2017-07-31 18:25:08 Method : formsdetailsAction
2017-07-31 18:25:08 Controller File : controllers/Users.class.php, Exists
2017-07-31 18:25:08 Class constructed
2017-07-31 18:25:08 Details Params :
SessionID :
User ID : 
2017-07-31 18:25:08 SELECT SQL : SELECT * FROM branches WHERE  active = '1'  
2017-07-31 18:25:08 SELECT SQL : SELECT * FROM countries WHERE  active = '1'  
2017-07-31 18:25:08 SELECT SQL : SELECT * FROM identification WHERE  active = '1'  
2017-07-31 18:25:08 SELECT SQL : SELECT * FROM users WHERE  active = '1'  
2017-07-31 18:25:08 SELECT SQL : SELECT id,name,branchId,currency_id FROM accounts WHERE  active = '1' AND type_id = '1'  
2017-07-31 18:25:08 Balance Update Params :
Branch Id : 5
Account ID : 16
Amount : 0
2017-07-31 18:25:08 SELECT SQL : SELECT * FROM balances WHERE  branchId = '5' AND accountId = '16'  
2017-07-31 18:25:08 SELECT SQL : SELECT * FROM balances WHERE  branchId = '5' AND accountId = '16' AND date = '2017-07-31'  
2017-07-31 18:25:08 UPDATE SQL : UPDATE balances SET closingBalance = '55184' WHERE  branchId = '5' AND accountId = '16' AND date = '2017-07-31' 
2017-07-31 18:25:08 Balance Update Status 2:1
 2017-07-31 18:25:08 Balance Update Params :
Branch Id : 6
Account ID : 20
Amount : 0
2017-07-31 18:25:08 SELECT SQL : SELECT * FROM balances WHERE  branchId = '6' AND accountId = '20'  
2017-07-31 18:25:08 Balance Update Params :
Branch Id : 6
Account ID : 21
Amount : 0
2017-07-31 18:25:08 SELECT SQL : SELECT * FROM balances WHERE  branchId = '6' AND accountId = '21'  
2017-07-31 18:25:08 SELECT SQL : SELECT * FROM balances WHERE  branchId = '6' AND accountId = '21' AND date = '2017-07-31'  
2017-07-31 18:25:08 UPDATE SQL : UPDATE balances SET closingBalance = '190247' WHERE  branchId = '6' AND accountId = '21' AND date = '2017-07-31' 
2017-07-31 18:25:08 Balance Update Status 2:1
 2017-07-31 18:25:08 Balance Update Params :
Branch Id : 6
Account ID : 22
Amount : 0
2017-07-31 18:25:08 SELECT SQL : SELECT * FROM balances WHERE  branchId = '6' AND accountId = '22'  
2017-07-31 18:25:08 Balance Update Params :
Branch Id : 6
Account ID : 23
Amount : 0
2017-07-31 18:25:08 SELECT SQL : SELECT * FROM balances WHERE  branchId = '6' AND accountId = '23'  
2017-07-31 18:25:08 SELECT SQL : SELECT * FROM balances WHERE  branchId = '6' AND accountId = '23' AND date = '2017-07-31'  
2017-07-31 18:25:08 UPDATE SQL : UPDATE balances SET closingBalance = '102274518' WHERE  branchId = '6' AND accountId = '23' AND date = '2017-07-31' 
2017-07-31 18:25:08 Balance Update Status 2:1
 2017-07-31 18:25:08 Balance Update Params :
Branch Id : 6
Account ID : 24
Amount : 0
2017-07-31 18:25:08 SELECT SQL : SELECT * FROM balances WHERE  branchId = '6' AND accountId = '24'  
2017-07-31 18:25:08 Balance Update Params :
Branch Id : 11
Account ID : 27
Amount : 0
2017-07-31 18:25:08 SELECT SQL : SELECT * FROM balances WHERE  branchId = '11' AND accountId = '27'  
2017-07-31 18:25:08 Balance Update Params :
Branch Id : 11
Account ID : 28
Amount : 0
2017-07-31 18:25:08 SELECT SQL : SELECT * FROM balances WHERE  branchId = '11' AND accountId = '28'  
2017-07-31 18:25:08 Balance Update Params :
Branch Id : 12
Account ID : 33
Amount : 0
2017-07-31 18:25:08 SELECT SQL : SELECT * FROM balances WHERE  branchId = '12' AND accountId = '33'  
2017-07-31 18:25:08 SELECT SQL : SELECT * FROM balances WHERE  branchId = '12' AND accountId = '33' AND date = '2017-07-31'  
2017-07-31 18:25:08 UPDATE SQL : UPDATE balances SET closingBalance = '0' WHERE  branchId = '12' AND accountId = '33' AND date = '2017-07-31' 
2017-07-31 18:25:08 Balance Update Status 2:1
 2017-07-31 18:25:08 Balance Update Params :
Branch Id : 12
Account ID : 36
Amount : 0
2017-07-31 18:25:08 SELECT SQL : SELECT * FROM balances WHERE  branchId = '12' AND accountId = '36'  
2017-07-31 18:25:08 SELECT SQL : SELECT * FROM balances WHERE  branchId = '12' AND accountId = '36' AND date = '2017-07-31'  
2017-07-31 18:25:08 UPDATE SQL : UPDATE balances SET closingBalance = '10312' WHERE  branchId = '12' AND accountId = '36' AND date = '2017-07-31' 
2017-07-31 18:25:08 Balance Update Status 2:1
 2017-07-31 18:25:08 Balance Update Params :
Branch Id : 7
Account ID : 37
Amount : 0
2017-07-31 18:25:08 SELECT SQL : SELECT * FROM balances WHERE  branchId = '7' AND accountId = '37'  
2017-07-31 18:25:08 SELECT SQL : SELECT * FROM balances WHERE  branchId = '7' AND accountId = '37' AND date = '2017-07-31'  
2017-07-31 18:25:08 UPDATE SQL : UPDATE balances SET closingBalance = '96158' WHERE  branchId = '7' AND accountId = '37' AND date = '2017-07-31' 
2017-07-31 18:25:08 Balance Update Status 2:1
 2017-07-31 18:25:08 Balance Update Params :
Branch Id : 13
Account ID : 38
Amount : 0
2017-07-31 18:25:08 SELECT SQL : SELECT * FROM balances WHERE  branchId = '13' AND accountId = '38'  
2017-07-31 18:25:08 Balance Update Params :
Branch Id : 13
Account ID : 39
Amount : 0
2017-07-31 18:25:08 SELECT SQL : SELECT * FROM balances WHERE  branchId = '13' AND accountId = '39'  
2017-07-31 18:25:08 SELECT SQL : SELECT * FROM currencies WHERE  active = '1'  
2017-07-31 18:25:08 SELECT SQL : SELECT * FROM accounts WHERE  active = '1' AND type_id = '4'  
2017-07-31 18:25:08 SELECT SQL : SELECT * FROM account_types WHERE  active = '1'  
2017-07-31 18:25:08 SELECT SQL : SELECT * FROM user_types WHERE  active = '1'  
2017-07-31 18:25:08 Response : {"data":{"branches":[{"id":"5","name":"KINSHASHA","countryId":"4","location":"Patrice Avenue","supervisorId":"3","createdBy":"4","ts":"2017-06-30 00:06:55","active":"1"},{"id":"6","name":"OASIS MALL","countryId":"1","location":"Yusufu Lule Rd","supervisorId":"3","createdBy":"2","ts":"2017-06-30 00:12:08","active":"1"},{"id":"7","name":"GOMA","countryId":"4","location":"Goma","supervisorId":"3","createdBy":"1","ts":"2017-07-05 00:00:00","active":"1"},{"id":"9","name":"MOMBASA","countryId":"2","location":"Mombasa","supervisorId":"3","createdBy":"1","ts":"2017-07-05 00:00:00","active":"1"},{"id":"10","name":"DUBAI","countryId":"6","location":"Dubai","supervisorId":"3","createdBy":"1","ts":"2017-07-05 00:00:00","active":"1"},{"id":"11","name":"CHINA","countryId":"5","location":"China","supervisorId":"3","createdBy":"3","ts":"2017-07-05 13:23:17","active":"1"},{"id":"12","name":"NAIROBI","countryId":"2","location":"Nairobi","supervisorId":"3","createdBy":"3","ts":"2017-07-06 14:12:35","active":"1"},{"id":"13","name":"KAMPALA ROAD","countryId":"1","location":"kampala road","supervisorId":"3","createdBy":"3","ts":"2017-07-06 14:12:35","active":"1"}],"countries":[{"id":"1","name":"UGANDA","createdBy":"1","ts":"2017-06-25 23:13:31","active":"1"},{"id":"2","name":"KENYA","createdBy":"1","ts":"2017-06-26 09:02:45","active":"1"},{"id":"3","name":"TZ","createdBy":"1","ts":"2017-06-28 11:11:53","active":"1"},{"id":"4","name":"CONGO","createdBy":"1","ts":"2017-06-28 11:26:11","active":"1"},{"id":"5","name":"CHINA","createdBy":"1","ts":"2017-06-28 11:30:01","active":"1"},{"id":"6","name":"UAE","createdBy":"1","ts":"2017-07-05 00:00:00","active":"1"}],"ids":[[{"id":"1","name":"Passport","createdBy":"1","ts":"2017-06-28 14:00:01","active":"1"},{"id":"2","name":"National ID","createdBy":"1","ts":"2017-06-28 14:00:01","active":"1"},{"id":"3","name":"STUDENTS ID","createdBy":"1","ts":"2017-06-28 16:21:46","active":"1"}]],"users":[{"id":"1","firstName":"You","surname":"Jinshu","email":"hudsonbogere@swipeit.co.ug","phone":"256783131266","userName":"you","branchId":"0","userTypeId":"1","password":"$2y$10$pPGbhJ1RXx\/ug.ED3LnsQuKHJTqwYsa\/iF0OqGOgsjflkHKIDTLVq","sessionId":"","ipAddress":"41.75.173.102","createdBy":null,"ts":"2017-06-23 15:08:12","active":"1"},{"id":"2","firstName":"Nansubuga","surname":"Dorothy","email":"henry@gmail.com","phone":"256752284441","userName":"dorah","branchId":"12","userTypeId":"3","password":"$2y$10$F9t92sYKf2rDJ.JzCmrrT.Jt1Ix37Fuo.uZKpXPn69dgDUTZ8xLXi","sessionId":"","ipAddress":"105.230.87.130","createdBy":"1","ts":"2017-06-26 19:11:07","active":"1"},{"id":"3","firstName":"Lydia","surname":"Amoi","email":"islam@gmail.com","phone":"256777608310","userName":"lydia","branchId":"6","userTypeId":"2","password":"$2y$10$m72Zz8Z.h4\/Zp6TFDhmbXeQ79kZ7JJ2U0yLUanc0dDVxbc.5UPkRG","sessionId":"BAS77YbvuHrVvRpPCZEcBGjCcyjgaLXI","ipAddress":"160.242.137.6","createdBy":"1","ts":"2017-06-26 19:41:01","active":"1"},{"id":"4","firstName":"Nabukera","surname":"Maria","email":"banerd@tfb.com","phone":"256774457813","userName":"maria","branchId":"5","userTypeId":"5","password":"$2y$10$wTpUE\/WJFMfQaBglrQocTO9ndV6dbxL2vzFDEJZ1hpVVp4binpXGO","sessionId":"x5fiXXtaZFBaTpEauSiyKTrIyR1RwL25","ipAddress":"41.75.173.102","createdBy":"1","ts":"2017-06-26 23:04:07","active":"1"},{"id":"5","firstName":"Henry","surname":"Bbosa","email":null,"phone":null,"userName":"Henry","branchId":"11","userTypeId":"3","password":"$2y$10$m72Zz8Z.h4\/Zp6TFDhmbXeQ79kZ7JJ2U0yLUanc0dDVxbc.5UPkRG","sessionId":"VmkEluY7hO1X0Sbu1xKmZ7aez0yferPT","ipAddress":"41.75.171.159","createdBy":"1","ts":"2017-07-05 00:00:00","active":"1"},{"id":"6","firstName":"Edwin","surname":"Kakeeto","email":"edwin@edwin.com","phone":"0777777557","userName":"edwin","branchId":"7","userTypeId":"3","password":"$2y$10$wTpUE\/WJFMfQaBglrQocTO9ndV6dbxL2vzFDEJZ1hpVVp4binpXGO","sessionId":"KRX8Yh2iqId0EWTdOh43HSfBIE4fr5lp","ipAddress":"41.243.17.77","createdBy":"3","ts":"2017-07-10 07:37:50","active":"1"},{"id":"7","firstName":"Trish","surname":"Baby","email":"patricia@gmail.com","phone":"0777777557","userName":"trish","branchId":"13","userTypeId":"3","password":"$2y$10$m72Zz8Z.h4\/Zp6TFDhmbXeQ79kZ7JJ2U0yLUanc0dDVxbc.5UPkRG","sessionId":"k10XSropsYs2ikmovFMksbhRyqwut0dT","ipAddress":"160.242.137.6","createdBy":null,"ts":null,"active":"1"},{"id":"8","firstName":"cedric","surname":"cedric","email":"cedric@gmail.com","phone":"+256754813912","userName":"cedric","branchId":"7","userTypeId":"3","password":"$2y$10$m72Zz8Z.h4\/Zp6TFDhmbXeQ79kZ7JJ2U0yLUanc0dDVxbc.5UPkRG","sessionId":"","ipAddress":"160.242.141.153","createdBy":null,"ts":null,"active":"1"},{"id":"9","firstName":"Bravia","surname":"Muzira","email":"muzira@gmail.com","phone":"+256771889211","userName":"Braviah","branchId":"6","userTypeId":"3","password":"$2y$10$m72Zz8Z.h4\/Zp6TFDhmbXeQ79kZ7JJ2U0yLUanc0dDVxbc.5UPkRG","sessionId":"TRYLds7vSBteucLM5ABcqCX8rZHYmIY6","ipAddress":"41.210.154.98","createdBy":null,"ts":null,"active":"1"}],"accounts":[{"id":"16","name":"KINSHASHA-USD Account","branchId":"5","currency_id":"2"},{"id":"20","name":"OASIS MALL-RMB Account","branchId":"6","currency_id":"1"},{"id":"21","name":"OASIS MALL-USD Account","branchId":"6","currency_id":"2"},{"id":"22","name":"OASIS MALL-DIRHAM Account","branchId":"6","currency_id":"3"},{"id":"23","name":"OASIS MALL-UGX Account","branchId":"6","currency_id":"4"},{"id":"24","name":"OASIS MALL-KSH Account","branchId":"6","currency_id":"5"},{"id":"27","name":"CHINA-RMB Account","branchId":"11","currency_id":"1"},{"id":"28","name":"CHINA-USD Account","branchId":"11","currency_id":"2"},{"id":"33","name":"NAIROBI-USD Account","branchId":"12","currency_id":"2"},{"id":"36","name":"NAIROBI-KSH Account","branchId":"12","currency_id":"5"},{"id":"37","name":"GOMA-USD ACCOUNT","branchId":"7","currency_id":"2"},{"id":"38","name":"KAMPALA ROAD -USD ACCOUNT","branchId":"13","currency_id":"2"},{"id":"39","name":"KAMPALA ROAD- UGX ACCOUNT ","branchId":"13","currency_id":"4"}],"currencies":[{"id":"1","name":"RMB","symbol":"\u00c2\u00a5","createdBy":"1","ts":"2017-06-27 22:45:12","active":"1"},{"id":"2","name":"USD","symbol":"$","createdBy":"1","ts":"2017-06-27 22:45:12","active":"1"},{"id":"3","name":"DIRHAM","symbol":"","createdBy":"1","ts":"2017-06-28 11:40:09","active":"1"},{"id":"4","name":"UGX","symbol":"\/=","createdBy":"1","ts":"2017-06-28 11:46:50","active":"1"},{"id":"5","name":"KSH","symbol":"","createdBy":"1","ts":"2017-06-28 11:46:50","active":"1"}],"superaccount":[{"id":"1","name":"RMB Account","branchId":"0","type_id":"4","currency_id":"1","balance":"0","createdBy":"1","active":"1","ts":"2017-06-27 22:45:12"}],"accountTypes":[{"id":"1","type":"Transfer","description":"","createdBy":"1","ts":"2017-06-28 14:31:12","active":"1"},{"id":"2","type":"Suspense","description":"","createdBy":"1","ts":"2017-06-28 14:31:12","active":"1"},{"id":"4","type":"Super","description":"","createdBy":"1","ts":"2017-06-28 14:31:12","active":"1"}],"userTypes":[{"id":"1","name":"E-Value Admin","level":"1","ts":"2017-06-27 22:45:12","active":"1"},{"id":"2","name":"Super User","level":"2","ts":"2017-06-27 22:45:12","active":"1"},{"id":"3","name":"Agent","level":"3","ts":"2017-06-27 22:45:12","active":"1"},{"id":"4","name":"System Admin","level":"4","ts":"2017-06-27 22:45:12","active":"1"},{"id":"5","name":"superAgent","level":"3","ts":"2017-06-27 22:45:12","active":"1"}]},"success":1}
2017-07-31 18:58:49 ---- New Request ----
2017-07-31 18:58:49 Controller : Users
2017-07-31 18:58:49 Method : formsdetailsAction
2017-07-31 18:58:49 Controller File : controllers/Users.class.php, Exists
2017-07-31 18:58:49 Class constructed
2017-07-31 18:58:49 Details Params :
SessionID :xlTzklILlR5TcO35fKo4kxxXEMOGwsrt
User ID : 4
2017-07-31 18:58:49 SELECT SQL : SELECT * FROM branches WHERE  active = '1'  
2017-07-31 18:58:49 SELECT SQL : SELECT * FROM countries WHERE  active = '1'  
2017-07-31 18:58:49 SELECT SQL : SELECT * FROM identification WHERE  active = '1'  
2017-07-31 18:58:49 SELECT SQL : SELECT * FROM users WHERE  active = '1'  
2017-07-31 18:58:49 SELECT SQL : SELECT id,name,branchId,currency_id FROM accounts WHERE  active = '1' AND type_id = '1'  
2017-07-31 18:58:49 Balance Update Params :
Branch Id : 5
Account ID : 16
Amount : 0
2017-07-31 18:58:49 SELECT SQL : SELECT * FROM balances WHERE  branchId = '5' AND accountId = '16'  
2017-07-31 18:58:49 SELECT SQL : SELECT * FROM balances WHERE  branchId = '5' AND accountId = '16' AND date = '2017-07-31'  
2017-07-31 18:58:49 UPDATE SQL : UPDATE balances SET closingBalance = '55184' WHERE  branchId = '5' AND accountId = '16' AND date = '2017-07-31' 
2017-07-31 18:58:49 Balance Update Status 2:1
 2017-07-31 18:58:49 Balance Update Params :
Branch Id : 6
Account ID : 20
Amount : 0
2017-07-31 18:58:49 SELECT SQL : SELECT * FROM balances WHERE  branchId = '6' AND accountId = '20'  
2017-07-31 18:58:49 Balance Update Params :
Branch Id : 6
Account ID : 21
Amount : 0
2017-07-31 18:58:49 SELECT SQL : SELECT * FROM balances WHERE  branchId = '6' AND accountId = '21'  
2017-07-31 18:58:49 SELECT SQL : SELECT * FROM balances WHERE  branchId = '6' AND accountId = '21' AND date = '2017-07-31'  
2017-07-31 18:58:49 UPDATE SQL : UPDATE balances SET closingBalance = '190247' WHERE  branchId = '6' AND accountId = '21' AND date = '2017-07-31' 
2017-07-31 18:58:49 Balance Update Status 2:1
 2017-07-31 18:58:49 Balance Update Params :
Branch Id : 6
Account ID : 22
Amount : 0
2017-07-31 18:58:49 SELECT SQL : SELECT * FROM balances WHERE  branchId = '6' AND accountId = '22'  
2017-07-31 18:58:49 Balance Update Params :
Branch Id : 6
Account ID : 23
Amount : 0
2017-07-31 18:58:49 SELECT SQL : SELECT * FROM balances WHERE  branchId = '6' AND accountId = '23'  
2017-07-31 18:58:49 SELECT SQL : SELECT * FROM balances WHERE  branchId = '6' AND accountId = '23' AND date = '2017-07-31'  
2017-07-31 18:58:49 UPDATE SQL : UPDATE balances SET closingBalance = '102274518' WHERE  branchId = '6' AND accountId = '23' AND date = '2017-07-31' 
2017-07-31 18:58:49 Balance Update Status 2:1
 2017-07-31 18:58:49 Balance Update Params :
Branch Id : 6
Account ID : 24
Amount : 0
2017-07-31 18:58:49 SELECT SQL : SELECT * FROM balances WHERE  branchId = '6' AND accountId = '24'  
2017-07-31 18:58:49 Balance Update Params :
Branch Id : 11
Account ID : 27
Amount : 0
2017-07-31 18:58:49 SELECT SQL : SELECT * FROM balances WHERE  branchId = '11' AND accountId = '27'  
2017-07-31 18:58:49 Balance Update Params :
Branch Id : 11
Account ID : 28
Amount : 0
2017-07-31 18:58:49 SELECT SQL : SELECT * FROM balances WHERE  branchId = '11' AND accountId = '28'  
2017-07-31 18:58:49 Balance Update Params :
Branch Id : 12
Account ID : 33
Amount : 0
2017-07-31 18:58:49 SELECT SQL : SELECT * FROM balances WHERE  branchId = '12' AND accountId = '33'  
2017-07-31 18:58:49 SELECT SQL : SELECT * FROM balances WHERE  branchId = '12' AND accountId = '33' AND date = '2017-07-31'  
2017-07-31 18:58:49 UPDATE SQL : UPDATE balances SET closingBalance = '0' WHERE  branchId = '12' AND accountId = '33' AND date = '2017-07-31' 
2017-07-31 18:58:49 Balance Update Status 2:1
 2017-07-31 18:58:49 Balance Update Params :
Branch Id : 12
Account ID : 36
Amount : 0
2017-07-31 18:58:49 SELECT SQL : SELECT * FROM balances WHERE  branchId = '12' AND accountId = '36'  
2017-07-31 18:58:49 SELECT SQL : SELECT * FROM balances WHERE  branchId = '12' AND accountId = '36' AND date = '2017-07-31'  
2017-07-31 18:58:49 UPDATE SQL : UPDATE balances SET closingBalance = '10312' WHERE  branchId = '12' AND accountId = '36' AND date = '2017-07-31' 
2017-07-31 18:58:49 Balance Update Status 2:1
 2017-07-31 18:58:49 Balance Update Params :
Branch Id : 7
Account ID : 37
Amount : 0
2017-07-31 18:58:49 SELECT SQL : SELECT * FROM balances WHERE  branchId = '7' AND accountId = '37'  
2017-07-31 18:58:49 SELECT SQL : SELECT * FROM balances WHERE  branchId = '7' AND accountId = '37' AND date = '2017-07-31'  
2017-07-31 18:58:49 UPDATE SQL : UPDATE balances SET closingBalance = '96158' WHERE  branchId = '7' AND accountId = '37' AND date = '2017-07-31' 
2017-07-31 18:58:49 Balance Update Status 2:1
 2017-07-31 18:58:49 Balance Update Params :
Branch Id : 13
Account ID : 38
Amount : 0
2017-07-31 18:58:49 SELECT SQL : SELECT * FROM balances WHERE  branchId = '13' AND accountId = '38'  
2017-07-31 18:58:49 Balance Update Params :
Branch Id : 13
Account ID : 39
Amount : 0
2017-07-31 18:58:49 SELECT SQL : SELECT * FROM balances WHERE  branchId = '13' AND accountId = '39'  
2017-07-31 18:58:49 SELECT SQL : SELECT * FROM currencies WHERE  active = '1'  
2017-07-31 18:58:49 SELECT SQL : SELECT * FROM accounts WHERE  active = '1' AND type_id = '4'  
2017-07-31 18:58:49 SELECT SQL : SELECT * FROM account_types WHERE  active = '1'  
2017-07-31 18:58:49 SELECT SQL : SELECT * FROM user_types WHERE  active = '1'  
2017-07-31 18:58:49 Response : {"data":{"branches":[{"id":"5","name":"KINSHASHA","countryId":"4","location":"Patrice Avenue","supervisorId":"3","createdBy":"4","ts":"2017-06-30 00:06:55","active":"1"},{"id":"6","name":"OASIS MALL","countryId":"1","location":"Yusufu Lule Rd","supervisorId":"3","createdBy":"2","ts":"2017-06-30 00:12:08","active":"1"},{"id":"7","name":"GOMA","countryId":"4","location":"Goma","supervisorId":"3","createdBy":"1","ts":"2017-07-05 00:00:00","active":"1"},{"id":"9","name":"MOMBASA","countryId":"2","location":"Mombasa","supervisorId":"3","createdBy":"1","ts":"2017-07-05 00:00:00","active":"1"},{"id":"10","name":"DUBAI","countryId":"6","location":"Dubai","supervisorId":"3","createdBy":"1","ts":"2017-07-05 00:00:00","active":"1"},{"id":"11","name":"CHINA","countryId":"5","location":"China","supervisorId":"3","createdBy":"3","ts":"2017-07-05 13:23:17","active":"1"},{"id":"12","name":"NAIROBI","countryId":"2","location":"Nairobi","supervisorId":"3","createdBy":"3","ts":"2017-07-06 14:12:35","active":"1"},{"id":"13","name":"KAMPALA ROAD","countryId":"1","location":"kampala road","supervisorId":"3","createdBy":"3","ts":"2017-07-06 14:12:35","active":"1"}],"countries":[{"id":"1","name":"UGANDA","createdBy":"1","ts":"2017-06-25 23:13:31","active":"1"},{"id":"2","name":"KENYA","createdBy":"1","ts":"2017-06-26 09:02:45","active":"1"},{"id":"3","name":"TZ","createdBy":"1","ts":"2017-06-28 11:11:53","active":"1"},{"id":"4","name":"CONGO","createdBy":"1","ts":"2017-06-28 11:26:11","active":"1"},{"id":"5","name":"CHINA","createdBy":"1","ts":"2017-06-28 11:30:01","active":"1"},{"id":"6","name":"UAE","createdBy":"1","ts":"2017-07-05 00:00:00","active":"1"}],"ids":[[{"id":"1","name":"Passport","createdBy":"1","ts":"2017-06-28 14:00:01","active":"1"},{"id":"2","name":"National ID","createdBy":"1","ts":"2017-06-28 14:00:01","active":"1"},{"id":"3","name":"STUDENTS ID","createdBy":"1","ts":"2017-06-28 16:21:46","active":"1"}]],"users":[{"id":"1","firstName":"You","surname":"Jinshu","email":"hudsonbogere@swipeit.co.ug","phone":"256783131266","userName":"you","branchId":"0","userTypeId":"1","password":"$2y$10$pPGbhJ1RXx\/ug.ED3LnsQuKHJTqwYsa\/iF0OqGOgsjflkHKIDTLVq","sessionId":"","ipAddress":"41.75.173.102","createdBy":null,"ts":"2017-06-23 15:08:12","active":"1"},{"id":"2","firstName":"Nansubuga","surname":"Dorothy","email":"henry@gmail.com","phone":"256752284441","userName":"dorah","branchId":"12","userTypeId":"3","password":"$2y$10$F9t92sYKf2rDJ.JzCmrrT.Jt1Ix37Fuo.uZKpXPn69dgDUTZ8xLXi","sessionId":"","ipAddress":"105.230.87.130","createdBy":"1","ts":"2017-06-26 19:11:07","active":"1"},{"id":"3","firstName":"Lydia","surname":"Amoi","email":"islam@gmail.com","phone":"256777608310","userName":"lydia","branchId":"6","userTypeId":"2","password":"$2y$10$m72Zz8Z.h4\/Zp6TFDhmbXeQ79kZ7JJ2U0yLUanc0dDVxbc.5UPkRG","sessionId":"BAS77YbvuHrVvRpPCZEcBGjCcyjgaLXI","ipAddress":"160.242.137.6","createdBy":"1","ts":"2017-06-26 19:41:01","active":"1"},{"id":"4","firstName":"Nabukera","surname":"Maria","email":"banerd@tfb.com","phone":"256774457813","userName":"maria","branchId":"5","userTypeId":"5","password":"$2y$10$wTpUE\/WJFMfQaBglrQocTO9ndV6dbxL2vzFDEJZ1hpVVp4binpXGO","sessionId":"x5fiXXtaZFBaTpEauSiyKTrIyR1RwL25","ipAddress":"41.75.173.102","createdBy":"1","ts":"2017-06-26 23:04:07","active":"1"},{"id":"5","firstName":"Henry","surname":"Bbosa","email":null,"phone":null,"userName":"Henry","branchId":"11","userTypeId":"3","password":"$2y$10$m72Zz8Z.h4\/Zp6TFDhmbXeQ79kZ7JJ2U0yLUanc0dDVxbc.5UPkRG","sessionId":"VmkEluY7hO1X0Sbu1xKmZ7aez0yferPT","ipAddress":"41.75.171.159","createdBy":"1","ts":"2017-07-05 00:00:00","active":"1"},{"id":"6","firstName":"Edwin","surname":"Kakeeto","email":"edwin@edwin.com","phone":"0777777557","userName":"edwin","branchId":"7","userTypeId":"3","password":"$2y$10$wTpUE\/WJFMfQaBglrQocTO9ndV6dbxL2vzFDEJZ1hpVVp4binpXGO","sessionId":"KRX8Yh2iqId0EWTdOh43HSfBIE4fr5lp","ipAddress":"41.243.17.77","createdBy":"3","ts":"2017-07-10 07:37:50","active":"1"},{"id":"7","firstName":"Trish","surname":"Baby","email":"patricia@gmail.com","phone":"0777777557","userName":"trish","branchId":"13","userTypeId":"3","password":"$2y$10$m72Zz8Z.h4\/Zp6TFDhmbXeQ79kZ7JJ2U0yLUanc0dDVxbc.5UPkRG","sessionId":"k10XSropsYs2ikmovFMksbhRyqwut0dT","ipAddress":"160.242.137.6","createdBy":null,"ts":null,"active":"1"},{"id":"8","firstName":"cedric","surname":"cedric","email":"cedric@gmail.com","phone":"+256754813912","userName":"cedric","branchId":"7","userTypeId":"3","password":"$2y$10$m72Zz8Z.h4\/Zp6TFDhmbXeQ79kZ7JJ2U0yLUanc0dDVxbc.5UPkRG","sessionId":"","ipAddress":"160.242.141.153","createdBy":null,"ts":null,"active":"1"},{"id":"9","firstName":"Bravia","surname":"Muzira","email":"muzira@gmail.com","phone":"+256771889211","userName":"Braviah","branchId":"6","userTypeId":"3","password":"$2y$10$m72Zz8Z.h4\/Zp6TFDhmbXeQ79kZ7JJ2U0yLUanc0dDVxbc.5UPkRG","sessionId":"TRYLds7vSBteucLM5ABcqCX8rZHYmIY6","ipAddress":"41.210.154.98","createdBy":null,"ts":null,"active":"1"}],"accounts":[{"id":"16","name":"KINSHASHA-USD Account","branchId":"5","currency_id":"2"},{"id":"20","name":"OASIS MALL-RMB Account","branchId":"6","currency_id":"1"},{"id":"21","name":"OASIS MALL-USD Account","branchId":"6","currency_id":"2"},{"id":"22","name":"OASIS MALL-DIRHAM Account","branchId":"6","currency_id":"3"},{"id":"23","name":"OASIS MALL-UGX Account","branchId":"6","currency_id":"4"},{"id":"24","name":"OASIS MALL-KSH Account","branchId":"6","currency_id":"5"},{"id":"27","name":"CHINA-RMB Account","branchId":"11","currency_id":"1"},{"id":"28","name":"CHINA-USD Account","branchId":"11","currency_id":"2"},{"id":"33","name":"NAIROBI-USD Account","branchId":"12","currency_id":"2"},{"id":"36","name":"NAIROBI-KSH Account","branchId":"12","currency_id":"5"},{"id":"37","name":"GOMA-USD ACCOUNT","branchId":"7","currency_id":"2"},{"id":"38","name":"KAMPALA ROAD -USD ACCOUNT","branchId":"13","currency_id":"2"},{"id":"39","name":"KAMPALA ROAD- UGX ACCOUNT ","branchId":"13","currency_id":"4"}],"currencies":[{"id":"1","name":"RMB","symbol":"\u00c2\u00a5","createdBy":"1","ts":"2017-06-27 22:45:12","active":"1"},{"id":"2","name":"USD","symbol":"$","createdBy":"1","ts":"2017-06-27 22:45:12","active":"1"},{"id":"3","name":"DIRHAM","symbol":"","createdBy":"1","ts":"2017-06-28 11:40:09","active":"1"},{"id":"4","name":"UGX","symbol":"\/=","createdBy":"1","ts":"2017-06-28 11:46:50","active":"1"},{"id":"5","name":"KSH","symbol":"","createdBy":"1","ts":"2017-06-28 11:46:50","active":"1"}],"superaccount":[{"id":"1","name":"RMB Account","branchId":"0","type_id":"4","currency_id":"1","balance":"0","createdBy":"1","active":"1","ts":"2017-06-27 22:45:12"}],"accountTypes":[{"id":"1","type":"Transfer","description":"","createdBy":"1","ts":"2017-06-28 14:31:12","active":"1"},{"id":"2","type":"Suspense","description":"","createdBy":"1","ts":"2017-06-28 14:31:12","active":"1"},{"id":"4","type":"Super","description":"","createdBy":"1","ts":"2017-06-28 14:31:12","active":"1"}],"userTypes":[{"id":"1","name":"E-Value Admin","level":"1","ts":"2017-06-27 22:45:12","active":"1"},{"id":"2","name":"Super User","level":"2","ts":"2017-06-27 22:45:12","active":"1"},{"id":"3","name":"Agent","level":"3","ts":"2017-06-27 22:45:12","active":"1"},{"id":"4","name":"System Admin","level":"4","ts":"2017-06-27 22:45:12","active":"1"},{"id":"5","name":"superAgent","level":"3","ts":"2017-06-27 22:45:12","active":"1"}]},"success":1}
2017-07-31 18:58:54 ---- New Request ----
2017-07-31 18:58:54 Controller : Transfers
2017-07-31 18:58:54 Method : getallaccountbalancesAction
2017-07-31 18:58:54 Controller File : controllers/Transfers.class.php, Exists
2017-07-31 18:58:54 Class constructed
2017-07-31 18:58:54 Class constructed
2017-07-31 18:58:54 UserID : 4
SessionId : xlTzklILlR5TcO35fKo4kxxXEMOGwsrt
Branch ID : 5
2017-07-31 18:58:54 SELECT SQL : SELECT sessionId FROM users WHERE  id = '4'  
2017-07-31 18:58:54 SELECT SQL : SELECT name,id FROM accounts WHERE  active = '1' AND branchId = '5'  
2017-07-31 18:58:54 SELECT SQL : SELECT name FROM branches WHERE  id = '5'  
2017-07-31 18:58:54 Response : {"success":1,"data":[{"name":"KINSHASHA-USD Account","id":"16","balance":0}],"branchName":"KINSHASHA"}
2017-07-31 18:59:01 ---- New Request ----
2017-07-31 18:59:01 Controller : Transfers
2017-07-31 18:59:01 Method : getbalancesAction
2017-07-31 18:59:01 Controller File : controllers/Transfers.class.php, Exists
2017-07-31 18:59:01 Class constructed
2017-07-31 18:59:01 Class constructed
2017-07-31 18:59:01 UserID : 4
SessionId : xlTzklILlR5TcO35fKo4kxxXEMOGwsrt
Branch ID : 5
Date : 
2017-07-31 18:59:01 SELECT SQL : SELECT sessionId,branchId,userTypeId FROM users WHERE  id = '4'  
2017-07-31 18:59:01 SELECT SQL : SELECT closingBalance,openingBalance,accountId,branchId,date FROM balances WHERE  date = '2017-07-31' AND branchId = '5'  
2017-07-31 18:59:01 SELECT SQL : SELECT name FROM accounts WHERE  id = '16'  
2017-07-31 18:59:01 SELECT SQL : SELECT name FROM branches WHERE  id = '5'  
2017-07-31 18:59:01 Response : {"success":1,"data":[{"closingBalance":"55184","openingBalance":"55184","accountId":"16","branchId":"5","date":"2017-07-31","accountName":"KINSHASHA-USD Account","branchName":"KINSHASHA"}]}
