2017-08-03 13:46:44 ---- New Request ----
2017-08-03 13:46:44 Controller : Users
2017-08-03 13:46:44 Method : loginAction
2017-08-03 13:46:44 Controller File : controllers/Users.class.php, Exists
2017-08-03 13:46:44 Class constructed
2017-08-03 13:46:44 Login Params ;Username :lydia
Password : ******
2017-08-03 13:46:44 SELECT SQL : SELECT id,firstName,surname,userName,userTypeId,sessionId,password,active,branchId FROM users WHERE  userName = 'lydia'  
2017-08-03 13:46:44 SELECT SQL : SELECT name FROM branches WHERE  id = '6'  
2017-08-03 13:46:44 UPDATE SQL : UPDATE users SET sessionId = 'lUy5pdZtnxUpdjqcGVfRRAydvQm0lkof',ipAddress = '::1' WHERE  id = '3' 
2017-08-03 13:46:45 Response : {"success":1,"data":{"id":"3","firstName":"Lydia","surname":"Amoi","userName":"lydia","userTypeId":"2","sessionId":"lUy5pdZtnxUpdjqcGVfRRAydvQm0lkof","branchId":"6","branchName":"OASIS MALL"}}
2017-08-03 13:46:46 ---- New Request ----
2017-08-03 13:46:46 Controller : Users
2017-08-03 13:46:46 Method : formsdetailsAction
2017-08-03 13:46:46 Controller File : controllers/Users.class.php, Exists
2017-08-03 13:46:46 Class constructed
2017-08-03 13:46:46 Details Params :
SessionID :lUy5pdZtnxUpdjqcGVfRRAydvQm0lkof
User ID : 3
2017-08-03 13:46:46 SELECT SQL : SELECT * FROM branches WHERE  active = '1'  
2017-08-03 13:46:46 SELECT SQL : SELECT * FROM countries WHERE  active = '1'  
2017-08-03 13:46:46 SELECT SQL : SELECT * FROM identification WHERE  active = '1'  
2017-08-03 13:46:46 SELECT SQL : SELECT * FROM users WHERE  active = '1'  
2017-08-03 13:46:46 SELECT SQL : SELECT id,name,branchId,currency_id FROM accounts WHERE  active = '1' AND type_id = '1'  
2017-08-03 13:46:46 Balance Update Params :
Branch Id : 5
Account ID : 16
Amount : 0
2017-08-03 13:46:46 SELECT SQL : SELECT * FROM balances WHERE  branchId = '5' AND accountId = '16'  
2017-08-03 13:46:46 SELECT SQL : SELECT * FROM balances WHERE  branchId = '5' AND accountId = '16' AND date = '2017-08-03'  
2017-08-03 13:46:46 UPDATE SQL : UPDATE balances SET closingBalance = '175739' WHERE  branchId = '5' AND accountId = '16' AND date = '2017-08-03' 
2017-08-03 13:46:46 Balance Update Status 2:1
 2017-08-03 13:46:46 Balance Update Params :
Branch Id : 6
Account ID : 20
Amount : 0
2017-08-03 13:46:46 SELECT SQL : SELECT * FROM balances WHERE  branchId = '6' AND accountId = '20'  
2017-08-03 13:46:46 Balance Update Params :
Branch Id : 6
Account ID : 21
Amount : 0
2017-08-03 13:46:46 SELECT SQL : SELECT * FROM balances WHERE  branchId = '6' AND accountId = '21'  
2017-08-03 13:46:46 SELECT SQL : SELECT * FROM balances WHERE  branchId = '6' AND accountId = '21' AND date = '2017-08-03'  
2017-08-03 13:46:46 UPDATE SQL : UPDATE balances SET closingBalance = '1882409' WHERE  branchId = '6' AND accountId = '21' AND date = '2017-08-03' 
2017-08-03 13:46:46 Balance Update Status 2:1
 2017-08-03 13:46:46 Balance Update Params :
Branch Id : 6
Account ID : 22
Amount : 0
2017-08-03 13:46:46 SELECT SQL : SELECT * FROM balances WHERE  branchId = '6' AND accountId = '22'  
2017-08-03 13:46:46 Balance Update Params :
Branch Id : 6
Account ID : 23
Amount : 0
2017-08-03 13:46:46 SELECT SQL : SELECT * FROM balances WHERE  branchId = '6' AND accountId = '23'  
2017-08-03 13:46:46 SELECT SQL : SELECT * FROM balances WHERE  branchId = '6' AND accountId = '23' AND date = '2017-08-03'  
2017-08-03 13:46:46 UPDATE SQL : UPDATE balances SET closingBalance = '95200018' WHERE  branchId = '6' AND accountId = '23' AND date = '2017-08-03' 
2017-08-03 13:46:46 Balance Update Status 2:1
 2017-08-03 13:46:46 Balance Update Params :
Branch Id : 6
Account ID : 24
Amount : 0
2017-08-03 13:46:46 SELECT SQL : SELECT * FROM balances WHERE  branchId = '6' AND accountId = '24'  
2017-08-03 13:46:46 Balance Update Params :
Branch Id : 11
Account ID : 27
Amount : 0
2017-08-03 13:46:46 SELECT SQL : SELECT * FROM balances WHERE  branchId = '11' AND accountId = '27'  
2017-08-03 13:46:46 Balance Update Params :
Branch Id : 11
Account ID : 28
Amount : 0
2017-08-03 13:46:46 SELECT SQL : SELECT * FROM balances WHERE  branchId = '11' AND accountId = '28'  
2017-08-03 13:46:46 Balance Update Params :
Branch Id : 12
Account ID : 33
Amount : 0
2017-08-03 13:46:46 SELECT SQL : SELECT * FROM balances WHERE  branchId = '12' AND accountId = '33'  
2017-08-03 13:46:46 SELECT SQL : SELECT * FROM balances WHERE  branchId = '12' AND accountId = '33' AND date = '2017-08-03'  
2017-08-03 13:46:46 UPDATE SQL : UPDATE balances SET closingBalance = '25154' WHERE  branchId = '12' AND accountId = '33' AND date = '2017-08-03' 
2017-08-03 13:46:46 Balance Update Status 2:1
 2017-08-03 13:46:46 Balance Update Params :
Branch Id : 12
Account ID : 36
Amount : 0
2017-08-03 13:46:46 SELECT SQL : SELECT * FROM balances WHERE  branchId = '12' AND accountId = '36'  
2017-08-03 13:46:46 SELECT SQL : SELECT * FROM balances WHERE  branchId = '12' AND accountId = '36' AND date = '2017-08-03'  
2017-08-03 13:46:46 UPDATE SQL : UPDATE balances SET closingBalance = '7637' WHERE  branchId = '12' AND accountId = '36' AND date = '2017-08-03' 
2017-08-03 13:46:46 Balance Update Status 2:1
 2017-08-03 13:46:46 Balance Update Params :
Branch Id : 7
Account ID : 37
Amount : 0
2017-08-03 13:46:46 SELECT SQL : SELECT * FROM balances WHERE  branchId = '7' AND accountId = '37'  
2017-08-03 13:46:46 SELECT SQL : SELECT * FROM balances WHERE  branchId = '7' AND accountId = '37' AND date = '2017-08-03'  
2017-08-03 13:46:46 UPDATE SQL : UPDATE balances SET closingBalance = '96158' WHERE  branchId = '7' AND accountId = '37' AND date = '2017-08-03' 
2017-08-03 13:46:46 Balance Update Status 2:1
 2017-08-03 13:46:46 Balance Update Params :
Branch Id : 13
Account ID : 38
Amount : 0
2017-08-03 13:46:46 SELECT SQL : SELECT * FROM balances WHERE  branchId = '13' AND accountId = '38'  
2017-08-03 13:46:46 Balance Update Params :
Branch Id : 13
Account ID : 39
Amount : 0
2017-08-03 13:46:46 SELECT SQL : SELECT * FROM balances WHERE  branchId = '13' AND accountId = '39'  
2017-08-03 13:46:46 SELECT SQL : SELECT * FROM currencies WHERE  active = '1'  
2017-08-03 13:46:46 SELECT SQL : SELECT * FROM accounts WHERE  active = '1' AND type_id = '4'  
2017-08-03 13:46:46 SELECT SQL : SELECT * FROM account_types WHERE  active = '1'  
2017-08-03 13:46:46 SELECT SQL : SELECT * FROM user_types WHERE  active = '1'  
2017-08-03 13:46:46 Response : {"data":{"branches":[{"id":"5","name":"KINSHASHA","countryId":"4","location":"Patrice Avenue","supervisorId":"3","createdBy":"4","ts":"2017-06-30 00:06:55","active":"1"},{"id":"6","name":"OASIS MALL","countryId":"1","location":"Yusufu Lule Rd","supervisorId":"3","createdBy":"2","ts":"2017-06-30 00:12:08","active":"1"},{"id":"7","name":"GOMA","countryId":"4","location":"Goma","supervisorId":"3","createdBy":"1","ts":"2017-07-05 00:00:00","active":"1"},{"id":"9","name":"MOMBASA","countryId":"2","location":"Mombasa","supervisorId":"3","createdBy":"1","ts":"2017-07-05 00:00:00","active":"1"},{"id":"10","name":"DUBAI","countryId":"6","location":"Dubai","supervisorId":"3","createdBy":"1","ts":"2017-07-05 00:00:00","active":"1"},{"id":"11","name":"CHINA","countryId":"5","location":"China","supervisorId":"3","createdBy":"3","ts":"2017-07-05 13:23:17","active":"1"},{"id":"12","name":"NAIROBI","countryId":"2","location":"Nairobi","supervisorId":"3","createdBy":"3","ts":"2017-07-06 14:12:35","active":"1"},{"id":"13","name":"KAMPALA ROAD","countryId":"1","location":"kampala road","supervisorId":"3","createdBy":"3","ts":"2017-07-06 14:12:35","active":"1"}],"countries":[{"id":"1","name":"UGANDA","createdBy":"1","ts":"2017-06-25 23:13:31","active":"1"},{"id":"2","name":"KENYA","createdBy":"1","ts":"2017-06-26 09:02:45","active":"1"},{"id":"3","name":"TZ","createdBy":"1","ts":"2017-06-28 11:11:53","active":"1"},{"id":"4","name":"CONGO","createdBy":"1","ts":"2017-06-28 11:26:11","active":"1"},{"id":"5","name":"CHINA","createdBy":"1","ts":"2017-06-28 11:30:01","active":"1"},{"id":"6","name":"UAE","createdBy":"1","ts":"2017-07-05 00:00:00","active":"1"}],"ids":[[{"id":"1","name":"Passport","createdBy":"1","ts":"2017-06-28 14:00:01","active":"1"},{"id":"2","name":"National ID","createdBy":"1","ts":"2017-06-28 14:00:01","active":"1"},{"id":"3","name":"STUDENTS ID","createdBy":"1","ts":"2017-06-28 16:21:46","active":"1"}]],"users":[{"id":"1","firstName":"You","surname":"Jinshu","email":"hudsonbogere@swipeit.co.ug","phone":"256783131266","userName":"you","branchId":"0","userTypeId":"1","password":"$2y$10$pPGbhJ1RXx\/ug.ED3LnsQuKHJTqwYsa\/iF0OqGOgsjflkHKIDTLVq","sessionId":"","ipAddress":"41.75.173.102","createdBy":null,"ts":"2017-06-23 15:08:12","active":"1"},{"id":"2","firstName":"Nansubuga","surname":"Dorothy","email":"henry@gmail.com","phone":"256752284441","userName":"dorah","branchId":"12","userTypeId":"3","password":"$2y$10$F9t92sYKf2rDJ.JzCmrrT.Jt1Ix37Fuo.uZKpXPn69dgDUTZ8xLXi","sessionId":"","ipAddress":"105.231.196.253","createdBy":"1","ts":"2017-06-26 19:11:07","active":"1"},{"id":"3","firstName":"Lydia","surname":"Amoi","email":"islam@gmail.com","phone":"256777608310","userName":"lydia","branchId":"6","userTypeId":"2","password":"$2y$10$m72Zz8Z.h4\/Zp6TFDhmbXeQ79kZ7JJ2U0yLUanc0dDVxbc.5UPkRG","sessionId":"lUy5pdZtnxUpdjqcGVfRRAydvQm0lkof","ipAddress":"::1","createdBy":"1","ts":"2017-06-26 19:41:01","active":"1"},{"id":"4","firstName":"Nabukera","surname":"Maria","email":"banerd@tfb.com","phone":"256774457813","userName":"maria","branchId":"5","userTypeId":"5","password":"$2y$10$wTpUE\/WJFMfQaBglrQocTO9ndV6dbxL2vzFDEJZ1hpVVp4binpXGO","sessionId":"","ipAddress":"::1","createdBy":"1","ts":"2017-06-26 23:04:07","active":"1"},{"id":"5","firstName":"Henry","surname":"Bbosa","email":null,"phone":null,"userName":"Henry","branchId":"11","userTypeId":"3","password":"$2y$10$m72Zz8Z.h4\/Zp6TFDhmbXeQ79kZ7JJ2U0yLUanc0dDVxbc.5UPkRG","sessionId":"","ipAddress":"41.210.154.223","createdBy":"1","ts":"2017-07-05 00:00:00","active":"1"},{"id":"6","firstName":"Edwin","surname":"Kakeeto","email":"edwin@edwin.com","phone":"0777777557","userName":"edwin","branchId":"7","userTypeId":"3","password":"$2y$10$wTpUE\/WJFMfQaBglrQocTO9ndV6dbxL2vzFDEJZ1hpVVp4binpXGO","sessionId":"KRX8Yh2iqId0EWTdOh43HSfBIE4fr5lp","ipAddress":"41.243.17.77","createdBy":"3","ts":"2017-07-10 07:37:50","active":"1"},{"id":"7","firstName":"Trish","surname":"Baby","email":"patricia@gmail.com","phone":"0777777557","userName":"trish","branchId":"13","userTypeId":"3","password":"$2y$10$m72Zz8Z.h4\/Zp6TFDhmbXeQ79kZ7JJ2U0yLUanc0dDVxbc.5UPkRG","sessionId":"k10XSropsYs2ikmovFMksbhRyqwut0dT","ipAddress":"160.242.137.6","createdBy":null,"ts":null,"active":"1"},{"id":"8","firstName":"cedric","surname":"cedric","email":"cedric@gmail.com","phone":"+256754813912","userName":"cedric","branchId":"7","userTypeId":"3","password":"$2y$10$m72Zz8Z.h4\/Zp6TFDhmbXeQ79kZ7JJ2U0yLUanc0dDVxbc.5UPkRG","sessionId":"","ipAddress":"160.242.141.153","createdBy":null,"ts":null,"active":"1"},{"id":"9","firstName":"Bravia","surname":"Muzira","email":"muzira@gmail.com","phone":"+256771889211","userName":"Braviah","branchId":"6","userTypeId":"3","password":"$2y$10$m72Zz8Z.h4\/Zp6TFDhmbXeQ79kZ7JJ2U0yLUanc0dDVxbc.5UPkRG","sessionId":"CNHdx868gWwwaWl34QWYmNGxDsy1g0Dy","ipAddress":"41.210.154.223","createdBy":null,"ts":null,"active":"1"}],"accounts":[{"id":"16","name":"KINSHASHA-USD Account","branchId":"5","currency_id":"2"},{"id":"20","name":"OASIS MALL-RMB Account","branchId":"6","currency_id":"1"},{"id":"21","name":"OASIS MALL-USD Account","branchId":"6","currency_id":"2"},{"id":"22","name":"OASIS MALL-DIRHAM Account","branchId":"6","currency_id":"3"},{"id":"23","name":"OASIS MALL-UGX Account","branchId":"6","currency_id":"4"},{"id":"24","name":"OASIS MALL-KSH Account","branchId":"6","currency_id":"5"},{"id":"27","name":"CHINA-RMB Account","branchId":"11","currency_id":"1"},{"id":"28","name":"CHINA-USD Account","branchId":"11","currency_id":"2"},{"id":"33","name":"NAIROBI-USD Account","branchId":"12","currency_id":"2"},{"id":"36","name":"NAIROBI-KSH Account","branchId":"12","currency_id":"5"},{"id":"37","name":"GOMA-USD ACCOUNT","branchId":"7","currency_id":"2"},{"id":"38","name":"KAMPALA ROAD -USD ACCOUNT","branchId":"13","currency_id":"2"},{"id":"39","name":"KAMPALA ROAD- UGX ACCOUNT ","branchId":"13","currency_id":"4"}],"currencies":[{"id":"1","name":"RMB","symbol":"\u00a5","createdBy":"1","ts":"2017-06-27 22:45:12","active":"1"},{"id":"2","name":"USD","symbol":"$","createdBy":"1","ts":"2017-06-27 22:45:12","active":"1"},{"id":"3","name":"DIRHAM","symbol":"","createdBy":"1","ts":"2017-06-28 11:40:09","active":"1"},{"id":"4","name":"UGX","symbol":"\/=","createdBy":"1","ts":"2017-06-28 11:46:50","active":"1"},{"id":"5","name":"KSH","symbol":"","createdBy":"1","ts":"2017-06-28 11:46:50","active":"1"}],"superaccount":[{"id":"1","name":"RMB Account","branchId":"0","type_id":"4","currency_id":"1","balance":"0","createdBy":"1","active":"1","ts":"2017-06-27 22:45:12"}],"accountTypes":[{"id":"1","type":"Transfer","description":"","createdBy":"1","ts":"2017-06-28 14:31:12","active":"1"},{"id":"2","type":"Suspense","description":"","createdBy":"1","ts":"2017-06-28 14:31:12","active":"1"},{"id":"4","type":"Super","description":"","createdBy":"1","ts":"2017-06-28 14:31:12","active":"1"}],"userTypes":[{"id":"1","name":"E-Value Admin","level":"1","ts":"2017-06-27 22:45:12","active":"1"},{"id":"2","name":"Super User","level":"2","ts":"2017-06-27 22:45:12","active":"1"},{"id":"3","name":"Agent","level":"3","ts":"2017-06-27 22:45:12","active":"1"},{"id":"4","name":"System Admin","level":"4","ts":"2017-06-27 22:45:12","active":"1"},{"id":"5","name":"superAgent","level":"3","ts":"2017-06-27 22:45:12","active":"1"}]},"success":1}
2017-08-03 13:47:30 ---- New Request ----
2017-08-03 13:47:30 Controller : Transfers
2017-08-03 13:47:30 Method : transfercashoutAction
2017-08-03 13:47:30 Controller File : controllers/Transfers.class.php, Exists
2017-08-03 13:47:30 Class constructed
2017-08-03 13:47:30 Class constructed
2017-08-03 13:47:30 Passcode : ******
Transaction Ref : 00600315
UserID : 3
Session ID : lUy5pdZtnxUpdjqcGVfRRAydvQm0lkof
2017-08-03 13:47:30 SELECT SQL : SELECT sessionId FROM users WHERE  id = '3'  
2017-08-03 13:47:30 SELECT SQL : SELECT * FROM transfers WHERE  transferRef = '00600315'  
2017-08-03 13:47:30 SELECT SQL : SELECT name FROM countries WHERE  id = '0'  
2017-08-03 13:47:30 SELECT SQL : SELECT name FROM branches WHERE  id = '6'  
2017-08-03 13:47:30 SELECT SQL : SELECT name FROM currencies WHERE  id = '4'  
2017-08-03 13:47:30 Response : {"success":1,"data":{"id":"15","fromBranch":"6","toBranch":"0","amount":"90000","amountAfterExchange":"3240000000","from_currency":"2","currency":"4","charge":"5000","charge_currency_id":"0","transferRef":"00600315","passcode":"$2y$10$NlLfQtv1W6va54sIZpESueYan1FJPpIn8L\/jKKOnfZ6I1V4vLSE7u","userIdSource":"3","userIdDestination":null,"ts":"2017-08-03 08:48:06","withdrawTs":null,"status":"Pending","senderFname":"","senderSurname":"u","senderPhone":"0776000064","senderIdType":"0","senderId":"0","senderEmail":"","receiverFname":"","receiverSurname":"me","receiverPhone":"07787887","receiverIdType":null,"receiverId":null,"receiverEmail":"","receiverAccountNumber":null,"destinationCountryId":"0","sourceIpAddress":"::1","destinationIpAddress":null,"active":"1","fromBranchName":"OASIS MALL","fromCountry":null,"currencyName":"UGX"}}
2017-08-03 13:47:39 ---- New Request ----
2017-08-03 13:47:39 Controller : Transfers
2017-08-03 13:47:39 Method : completetransfercashoutAction
2017-08-03 13:47:39 Controller File : controllers/Transfers.class.php, Exists
2017-08-03 13:47:39 Class constructed
2017-08-03 13:47:39 Class constructed
2017-08-03 13:47:39 Password : ******
Transaction Ref : 00600315
UserID : 3
Session ID : lUy5pdZtnxUpdjqcGVfRRAydvQm0lkof
ID Number : 
ID Type : 
Charge : 
Charge Currency : 
2017-08-03 13:47:39 SELECT SQL : SELECT * FROM users WHERE  id = '3'  
2017-08-03 13:47:39 SELECT SQL : SELECT * FROM transfers WHERE  transferRef = '00600315' AND status = 'Pending'  
2017-08-03 13:47:39 Response : {"success":0,"errormsg":"Sorry your transaction failed. Reason: You can not cashout from sending branch."}
2017-08-03 13:48:05 ---- New Request ----
2017-08-03 13:48:05 Controller : Users
2017-08-03 13:48:05 Method : logoutAction
2017-08-03 13:48:05 Controller File : controllers/Users.class.php, Exists
2017-08-03 13:48:05 Class constructed
2017-08-03 13:48:05 Logout Params ;Session ID :lUy5pdZtnxUpdjqcGVfRRAydvQm0lkof\User ID : 3
2017-08-03 13:48:05 UPDATE SQL : UPDATE users SET sessionId = '',ipAddress = '::1' WHERE  id = '3' 
2017-08-03 13:48:05 Response : {"success":1}
2017-08-03 13:48:16 ---- New Request ----
2017-08-03 13:48:16 Controller : Users
2017-08-03 13:48:16 Method : loginAction
2017-08-03 13:48:16 Controller File : controllers/Users.class.php, Exists
2017-08-03 13:48:16 Class constructed
2017-08-03 13:48:16 Login Params ;Username :trish
Password : ******
2017-08-03 13:48:16 SELECT SQL : SELECT id,firstName,surname,userName,userTypeId,sessionId,password,active,branchId FROM users WHERE  userName = 'trish'  
2017-08-03 13:48:16 SELECT SQL : SELECT name FROM branches WHERE  id = '13'  
2017-08-03 13:48:16 UPDATE SQL : UPDATE users SET sessionId = 'hxM1lP1Vd3HEvf3x2QoqRy2njxote3kF',ipAddress = '::1' WHERE  id = '7' 
2017-08-03 13:48:17 Response : {"success":1,"data":{"id":"7","firstName":"Trish","surname":"Baby","userName":"trish","userTypeId":"3","sessionId":"hxM1lP1Vd3HEvf3x2QoqRy2njxote3kF","branchId":"13","branchName":"KAMPALA ROAD"}}
2017-08-03 13:48:17 ---- New Request ----
2017-08-03 13:48:17 Controller : Users
2017-08-03 13:48:17 Method : formsdetailsAction
2017-08-03 13:48:17 Controller File : controllers/Users.class.php, Exists
2017-08-03 13:48:17 Class constructed
2017-08-03 13:48:17 Details Params :
SessionID :hxM1lP1Vd3HEvf3x2QoqRy2njxote3kF
User ID : 7
2017-08-03 13:48:17 SELECT SQL : SELECT * FROM branches WHERE  active = '1'  
2017-08-03 13:48:17 SELECT SQL : SELECT * FROM countries WHERE  active = '1'  
2017-08-03 13:48:17 SELECT SQL : SELECT * FROM identification WHERE  active = '1'  
2017-08-03 13:48:17 SELECT SQL : SELECT * FROM users WHERE  active = '1'  
2017-08-03 13:48:17 SELECT SQL : SELECT id,name,branchId,currency_id FROM accounts WHERE  active = '1' AND type_id = '1'  
2017-08-03 13:48:17 Balance Update Params :
Branch Id : 5
Account ID : 16
Amount : 0
2017-08-03 13:48:17 SELECT SQL : SELECT * FROM balances WHERE  branchId = '5' AND accountId = '16'  
2017-08-03 13:48:17 SELECT SQL : SELECT * FROM balances WHERE  branchId = '5' AND accountId = '16' AND date = '2017-08-03'  
2017-08-03 13:48:17 UPDATE SQL : UPDATE balances SET closingBalance = '175739' WHERE  branchId = '5' AND accountId = '16' AND date = '2017-08-03' 
2017-08-03 13:48:18 Balance Update Status 2:1
 2017-08-03 13:48:18 Balance Update Params :
Branch Id : 6
Account ID : 20
Amount : 0
2017-08-03 13:48:18 SELECT SQL : SELECT * FROM balances WHERE  branchId = '6' AND accountId = '20'  
2017-08-03 13:48:18 Balance Update Params :
Branch Id : 6
Account ID : 21
Amount : 0
2017-08-03 13:48:18 SELECT SQL : SELECT * FROM balances WHERE  branchId = '6' AND accountId = '21'  
2017-08-03 13:48:18 SELECT SQL : SELECT * FROM balances WHERE  branchId = '6' AND accountId = '21' AND date = '2017-08-03'  
2017-08-03 13:48:18 UPDATE SQL : UPDATE balances SET closingBalance = '1882409' WHERE  branchId = '6' AND accountId = '21' AND date = '2017-08-03' 
2017-08-03 13:48:18 Balance Update Status 2:1
 2017-08-03 13:48:18 Balance Update Params :
Branch Id : 6
Account ID : 22
Amount : 0
2017-08-03 13:48:18 SELECT SQL : SELECT * FROM balances WHERE  branchId = '6' AND accountId = '22'  
2017-08-03 13:48:18 Balance Update Params :
Branch Id : 6
Account ID : 23
Amount : 0
2017-08-03 13:48:18 SELECT SQL : SELECT * FROM balances WHERE  branchId = '6' AND accountId = '23'  
2017-08-03 13:48:18 SELECT SQL : SELECT * FROM balances WHERE  branchId = '6' AND accountId = '23' AND date = '2017-08-03'  
2017-08-03 13:48:18 UPDATE SQL : UPDATE balances SET closingBalance = '95200018' WHERE  branchId = '6' AND accountId = '23' AND date = '2017-08-03' 
2017-08-03 13:48:18 Balance Update Status 2:1
 2017-08-03 13:48:18 Balance Update Params :
Branch Id : 6
Account ID : 24
Amount : 0
2017-08-03 13:48:18 SELECT SQL : SELECT * FROM balances WHERE  branchId = '6' AND accountId = '24'  
2017-08-03 13:48:18 Balance Update Params :
Branch Id : 11
Account ID : 27
Amount : 0
2017-08-03 13:48:18 SELECT SQL : SELECT * FROM balances WHERE  branchId = '11' AND accountId = '27'  
2017-08-03 13:48:18 Balance Update Params :
Branch Id : 11
Account ID : 28
Amount : 0
2017-08-03 13:48:18 SELECT SQL : SELECT * FROM balances WHERE  branchId = '11' AND accountId = '28'  
2017-08-03 13:48:18 Balance Update Params :
Branch Id : 12
Account ID : 33
Amount : 0
2017-08-03 13:48:18 SELECT SQL : SELECT * FROM balances WHERE  branchId = '12' AND accountId = '33'  
2017-08-03 13:48:18 SELECT SQL : SELECT * FROM balances WHERE  branchId = '12' AND accountId = '33' AND date = '2017-08-03'  
2017-08-03 13:48:18 UPDATE SQL : UPDATE balances SET closingBalance = '25154' WHERE  branchId = '12' AND accountId = '33' AND date = '2017-08-03' 
2017-08-03 13:48:18 Balance Update Status 2:1
 2017-08-03 13:48:18 Balance Update Params :
Branch Id : 12
Account ID : 36
Amount : 0
2017-08-03 13:48:18 SELECT SQL : SELECT * FROM balances WHERE  branchId = '12' AND accountId = '36'  
2017-08-03 13:48:18 SELECT SQL : SELECT * FROM balances WHERE  branchId = '12' AND accountId = '36' AND date = '2017-08-03'  
2017-08-03 13:48:18 UPDATE SQL : UPDATE balances SET closingBalance = '7637' WHERE  branchId = '12' AND accountId = '36' AND date = '2017-08-03' 
2017-08-03 13:48:18 Balance Update Status 2:1
 2017-08-03 13:48:18 Balance Update Params :
Branch Id : 7
Account ID : 37
Amount : 0
2017-08-03 13:48:18 SELECT SQL : SELECT * FROM balances WHERE  branchId = '7' AND accountId = '37'  
2017-08-03 13:48:18 SELECT SQL : SELECT * FROM balances WHERE  branchId = '7' AND accountId = '37' AND date = '2017-08-03'  
2017-08-03 13:48:18 UPDATE SQL : UPDATE balances SET closingBalance = '96158' WHERE  branchId = '7' AND accountId = '37' AND date = '2017-08-03' 
2017-08-03 13:48:18 Balance Update Status 2:1
 2017-08-03 13:48:18 Balance Update Params :
Branch Id : 13
Account ID : 38
Amount : 0
2017-08-03 13:48:18 SELECT SQL : SELECT * FROM balances WHERE  branchId = '13' AND accountId = '38'  
2017-08-03 13:48:18 Balance Update Params :
Branch Id : 13
Account ID : 39
Amount : 0
2017-08-03 13:48:18 SELECT SQL : SELECT * FROM balances WHERE  branchId = '13' AND accountId = '39'  
2017-08-03 13:48:18 SELECT SQL : SELECT * FROM currencies WHERE  active = '1'  
2017-08-03 13:48:18 SELECT SQL : SELECT * FROM accounts WHERE  active = '1' AND type_id = '4'  
2017-08-03 13:48:18 SELECT SQL : SELECT * FROM account_types WHERE  active = '1'  
2017-08-03 13:48:18 SELECT SQL : SELECT * FROM user_types WHERE  active = '1'  
2017-08-03 13:48:18 Response : {"data":{"branches":[{"id":"5","name":"KINSHASHA","countryId":"4","location":"Patrice Avenue","supervisorId":"3","createdBy":"4","ts":"2017-06-30 00:06:55","active":"1"},{"id":"6","name":"OASIS MALL","countryId":"1","location":"Yusufu Lule Rd","supervisorId":"3","createdBy":"2","ts":"2017-06-30 00:12:08","active":"1"},{"id":"7","name":"GOMA","countryId":"4","location":"Goma","supervisorId":"3","createdBy":"1","ts":"2017-07-05 00:00:00","active":"1"},{"id":"9","name":"MOMBASA","countryId":"2","location":"Mombasa","supervisorId":"3","createdBy":"1","ts":"2017-07-05 00:00:00","active":"1"},{"id":"10","name":"DUBAI","countryId":"6","location":"Dubai","supervisorId":"3","createdBy":"1","ts":"2017-07-05 00:00:00","active":"1"},{"id":"11","name":"CHINA","countryId":"5","location":"China","supervisorId":"3","createdBy":"3","ts":"2017-07-05 13:23:17","active":"1"},{"id":"12","name":"NAIROBI","countryId":"2","location":"Nairobi","supervisorId":"3","createdBy":"3","ts":"2017-07-06 14:12:35","active":"1"},{"id":"13","name":"KAMPALA ROAD","countryId":"1","location":"kampala road","supervisorId":"3","createdBy":"3","ts":"2017-07-06 14:12:35","active":"1"}],"countries":[{"id":"1","name":"UGANDA","createdBy":"1","ts":"2017-06-25 23:13:31","active":"1"},{"id":"2","name":"KENYA","createdBy":"1","ts":"2017-06-26 09:02:45","active":"1"},{"id":"3","name":"TZ","createdBy":"1","ts":"2017-06-28 11:11:53","active":"1"},{"id":"4","name":"CONGO","createdBy":"1","ts":"2017-06-28 11:26:11","active":"1"},{"id":"5","name":"CHINA","createdBy":"1","ts":"2017-06-28 11:30:01","active":"1"},{"id":"6","name":"UAE","createdBy":"1","ts":"2017-07-05 00:00:00","active":"1"}],"ids":[[{"id":"1","name":"Passport","createdBy":"1","ts":"2017-06-28 14:00:01","active":"1"},{"id":"2","name":"National ID","createdBy":"1","ts":"2017-06-28 14:00:01","active":"1"},{"id":"3","name":"STUDENTS ID","createdBy":"1","ts":"2017-06-28 16:21:46","active":"1"}]],"users":[{"id":"1","firstName":"You","surname":"Jinshu","email":"hudsonbogere@swipeit.co.ug","phone":"256783131266","userName":"you","branchId":"0","userTypeId":"1","password":"$2y$10$pPGbhJ1RXx\/ug.ED3LnsQuKHJTqwYsa\/iF0OqGOgsjflkHKIDTLVq","sessionId":"","ipAddress":"41.75.173.102","createdBy":null,"ts":"2017-06-23 15:08:12","active":"1"},{"id":"2","firstName":"Nansubuga","surname":"Dorothy","email":"henry@gmail.com","phone":"256752284441","userName":"dorah","branchId":"12","userTypeId":"3","password":"$2y$10$F9t92sYKf2rDJ.JzCmrrT.Jt1Ix37Fuo.uZKpXPn69dgDUTZ8xLXi","sessionId":"","ipAddress":"105.231.196.253","createdBy":"1","ts":"2017-06-26 19:11:07","active":"1"},{"id":"3","firstName":"Lydia","surname":"Amoi","email":"islam@gmail.com","phone":"256777608310","userName":"lydia","branchId":"6","userTypeId":"2","password":"$2y$10$m72Zz8Z.h4\/Zp6TFDhmbXeQ79kZ7JJ2U0yLUanc0dDVxbc.5UPkRG","sessionId":"","ipAddress":"::1","createdBy":"1","ts":"2017-06-26 19:41:01","active":"1"},{"id":"4","firstName":"Nabukera","surname":"Maria","email":"banerd@tfb.com","phone":"256774457813","userName":"maria","branchId":"5","userTypeId":"5","password":"$2y$10$wTpUE\/WJFMfQaBglrQocTO9ndV6dbxL2vzFDEJZ1hpVVp4binpXGO","sessionId":"","ipAddress":"::1","createdBy":"1","ts":"2017-06-26 23:04:07","active":"1"},{"id":"5","firstName":"Henry","surname":"Bbosa","email":null,"phone":null,"userName":"Henry","branchId":"11","userTypeId":"3","password":"$2y$10$m72Zz8Z.h4\/Zp6TFDhmbXeQ79kZ7JJ2U0yLUanc0dDVxbc.5UPkRG","sessionId":"","ipAddress":"41.210.154.223","createdBy":"1","ts":"2017-07-05 00:00:00","active":"1"},{"id":"6","firstName":"Edwin","surname":"Kakeeto","email":"edwin@edwin.com","phone":"0777777557","userName":"edwin","branchId":"7","userTypeId":"3","password":"$2y$10$wTpUE\/WJFMfQaBglrQocTO9ndV6dbxL2vzFDEJZ1hpVVp4binpXGO","sessionId":"KRX8Yh2iqId0EWTdOh43HSfBIE4fr5lp","ipAddress":"41.243.17.77","createdBy":"3","ts":"2017-07-10 07:37:50","active":"1"},{"id":"7","firstName":"Trish","surname":"Baby","email":"patricia@gmail.com","phone":"0777777557","userName":"trish","branchId":"13","userTypeId":"3","password":"$2y$10$m72Zz8Z.h4\/Zp6TFDhmbXeQ79kZ7JJ2U0yLUanc0dDVxbc.5UPkRG","sessionId":"hxM1lP1Vd3HEvf3x2QoqRy2njxote3kF","ipAddress":"::1","createdBy":null,"ts":null,"active":"1"},{"id":"8","firstName":"cedric","surname":"cedric","email":"cedric@gmail.com","phone":"+256754813912","userName":"cedric","branchId":"7","userTypeId":"3","password":"$2y$10$m72Zz8Z.h4\/Zp6TFDhmbXeQ79kZ7JJ2U0yLUanc0dDVxbc.5UPkRG","sessionId":"","ipAddress":"160.242.141.153","createdBy":null,"ts":null,"active":"1"},{"id":"9","firstName":"Bravia","surname":"Muzira","email":"muzira@gmail.com","phone":"+256771889211","userName":"Braviah","branchId":"6","userTypeId":"3","password":"$2y$10$m72Zz8Z.h4\/Zp6TFDhmbXeQ79kZ7JJ2U0yLUanc0dDVxbc.5UPkRG","sessionId":"CNHdx868gWwwaWl34QWYmNGxDsy1g0Dy","ipAddress":"41.210.154.223","createdBy":null,"ts":null,"active":"1"}],"accounts":[{"id":"16","name":"KINSHASHA-USD Account","branchId":"5","currency_id":"2"},{"id":"20","name":"OASIS MALL-RMB Account","branchId":"6","currency_id":"1"},{"id":"21","name":"OASIS MALL-USD Account","branchId":"6","currency_id":"2"},{"id":"22","name":"OASIS MALL-DIRHAM Account","branchId":"6","currency_id":"3"},{"id":"23","name":"OASIS MALL-UGX Account","branchId":"6","currency_id":"4"},{"id":"24","name":"OASIS MALL-KSH Account","branchId":"6","currency_id":"5"},{"id":"27","name":"CHINA-RMB Account","branchId":"11","currency_id":"1"},{"id":"28","name":"CHINA-USD Account","branchId":"11","currency_id":"2"},{"id":"33","name":"NAIROBI-USD Account","branchId":"12","currency_id":"2"},{"id":"36","name":"NAIROBI-KSH Account","branchId":"12","currency_id":"5"},{"id":"37","name":"GOMA-USD ACCOUNT","branchId":"7","currency_id":"2"},{"id":"38","name":"KAMPALA ROAD -USD ACCOUNT","branchId":"13","currency_id":"2"},{"id":"39","name":"KAMPALA ROAD- UGX ACCOUNT ","branchId":"13","currency_id":"4"}],"currencies":[{"id":"1","name":"RMB","symbol":"\u00a5","createdBy":"1","ts":"2017-06-27 22:45:12","active":"1"},{"id":"2","name":"USD","symbol":"$","createdBy":"1","ts":"2017-06-27 22:45:12","active":"1"},{"id":"3","name":"DIRHAM","symbol":"","createdBy":"1","ts":"2017-06-28 11:40:09","active":"1"},{"id":"4","name":"UGX","symbol":"\/=","createdBy":"1","ts":"2017-06-28 11:46:50","active":"1"},{"id":"5","name":"KSH","symbol":"","createdBy":"1","ts":"2017-06-28 11:46:50","active":"1"}],"superaccount":[{"id":"1","name":"RMB Account","branchId":"0","type_id":"4","currency_id":"1","balance":"0","createdBy":"1","active":"1","ts":"2017-06-27 22:45:12"}],"accountTypes":[{"id":"1","type":"Transfer","description":"","createdBy":"1","ts":"2017-06-28 14:31:12","active":"1"},{"id":"2","type":"Suspense","description":"","createdBy":"1","ts":"2017-06-28 14:31:12","active":"1"},{"id":"4","type":"Super","description":"","createdBy":"1","ts":"2017-06-28 14:31:12","active":"1"}],"userTypes":[{"id":"1","name":"E-Value Admin","level":"1","ts":"2017-06-27 22:45:12","active":"1"},{"id":"2","name":"Super User","level":"2","ts":"2017-06-27 22:45:12","active":"1"},{"id":"3","name":"Agent","level":"3","ts":"2017-06-27 22:45:12","active":"1"},{"id":"4","name":"System Admin","level":"4","ts":"2017-06-27 22:45:12","active":"1"},{"id":"5","name":"superAgent","level":"3","ts":"2017-06-27 22:45:12","active":"1"}]},"success":1}
2017-08-03 13:48:23 ---- New Request ----
2017-08-03 13:48:23 Controller : Transfers
2017-08-03 13:48:23 Method : transfercashoutAction
2017-08-03 13:48:23 Controller File : controllers/Transfers.class.php, Exists
2017-08-03 13:48:23 Class constructed
2017-08-03 13:48:23 Class constructed
2017-08-03 13:48:23 Passcode : ******
Transaction Ref : 00600315
UserID : 7
Session ID : hxM1lP1Vd3HEvf3x2QoqRy2njxote3kF
2017-08-03 13:48:23 SELECT SQL : SELECT sessionId FROM users WHERE  id = '7'  
2017-08-03 13:48:23 SELECT SQL : SELECT * FROM transfers WHERE  transferRef = '00600315'  
2017-08-03 13:48:23 SELECT SQL : SELECT name FROM countries WHERE  id = '0'  
2017-08-03 13:48:23 SELECT SQL : SELECT name FROM branches WHERE  id = '6'  
2017-08-03 13:48:23 SELECT SQL : SELECT name FROM currencies WHERE  id = '4'  
2017-08-03 13:48:23 Response : {"success":1,"data":{"id":"15","fromBranch":"6","toBranch":"0","amount":"90000","amountAfterExchange":"3240000000","from_currency":"2","currency":"4","charge":"5000","charge_currency_id":"0","transferRef":"00600315","passcode":"$2y$10$NlLfQtv1W6va54sIZpESueYan1FJPpIn8L\/jKKOnfZ6I1V4vLSE7u","userIdSource":"3","userIdDestination":null,"ts":"2017-08-03 08:48:06","withdrawTs":null,"status":"Pending","senderFname":"","senderSurname":"u","senderPhone":"0776000064","senderIdType":"0","senderId":"0","senderEmail":"","receiverFname":"","receiverSurname":"me","receiverPhone":"07787887","receiverIdType":null,"receiverId":null,"receiverEmail":"","receiverAccountNumber":null,"destinationCountryId":"0","sourceIpAddress":"::1","destinationIpAddress":null,"active":"1","fromBranchName":"OASIS MALL","fromCountry":null,"currencyName":"UGX"}}
2017-08-03 13:48:31 ---- New Request ----
2017-08-03 13:48:31 Controller : Transfers
2017-08-03 13:48:31 Method : completetransfercashoutAction
2017-08-03 13:48:31 Controller File : controllers/Transfers.class.php, Exists
2017-08-03 13:48:31 Class constructed
2017-08-03 13:48:31 Class constructed
2017-08-03 13:48:31 Password : ******
Transaction Ref : 00600315
UserID : 7
Session ID : hxM1lP1Vd3HEvf3x2QoqRy2njxote3kF
ID Number : 
ID Type : 
Charge : 
Charge Currency : 
2017-08-03 13:48:31 SELECT SQL : SELECT * FROM users WHERE  id = '7'  
2017-08-03 13:48:31 SELECT SQL : SELECT * FROM transfers WHERE  transferRef = '00600315' AND status = 'Pending'  
2017-08-03 13:48:31 SELECT SQL : SELECT id,destinationIpAddress FROM transfers WHERE  transferRef = '00600315'  
2017-08-03 13:48:31 INSERT SQL : INSERT INTO audit_trails  (ts,userId,tableName,recordId,field,oldValue,newValue)  VALUES(NOW(),'7','transfers','15','destinationIpAddress','','::1')
2017-08-03 13:48:31 audit_trails Insert ID : 17
2017-08-03 13:48:31 SELECT SQL : SELECT id,receiverIdType FROM transfers WHERE  transferRef = '00600315'  
2017-08-03 13:48:31 INSERT SQL : INSERT INTO audit_trails  (ts,userId,tableName,recordId,field,oldValue,newValue)  VALUES(NOW(),'7','transfers','15','receiverIdType','','0')
2017-08-03 13:48:31 audit_trails Insert ID : 18
2017-08-03 13:48:31 SELECT SQL : SELECT id,receiverId FROM transfers WHERE  transferRef = '00600315'  
2017-08-03 13:48:31 INSERT SQL : INSERT INTO audit_trails  (ts,userId,tableName,recordId,field,oldValue,newValue)  VALUES(NOW(),'7','transfers','15','receiverId','','')
2017-08-03 13:48:31 audit_trails Insert ID : 19
2017-08-03 13:48:31 SELECT SQL : SELECT id,toBranch FROM transfers WHERE  transferRef = '00600315'  
2017-08-03 13:48:31 INSERT SQL : INSERT INTO audit_trails  (ts,userId,tableName,recordId,field,oldValue,newValue)  VALUES(NOW(),'7','transfers','15','toBranch','0','13')
2017-08-03 13:48:32 audit_trails Insert ID : 20
2017-08-03 13:48:32 SELECT SQL : SELECT id,Status FROM transfers WHERE  transferRef = '00600315'  
2017-08-03 13:48:32 INSERT SQL : INSERT INTO audit_trails  (ts,userId,tableName,recordId,field,oldValue,newValue)  VALUES(NOW(),'7','transfers','15','Status','Pending','Success')
2017-08-03 13:48:32 audit_trails Insert ID : 21
2017-08-03 13:48:32 SELECT SQL : SELECT id,userIdDestination FROM transfers WHERE  transferRef = '00600315'  
2017-08-03 13:48:32 INSERT SQL : INSERT INTO audit_trails  (ts,userId,tableName,recordId,field,oldValue,newValue)  VALUES(NOW(),'7','transfers','15','userIdDestination','','7')
2017-08-03 13:48:32 audit_trails Insert ID : 22
2017-08-03 13:48:32 SELECT SQL : SELECT id,withdrawTs FROM transfers WHERE  transferRef = '00600315'  
2017-08-03 13:48:32 INSERT SQL : INSERT INTO audit_trails  (ts,userId,tableName,recordId,field,oldValue,newValue)  VALUES(NOW(),'7','transfers','15','withdrawTs','','2017-08-03 13:08:31')
2017-08-03 13:48:32 audit_trails Insert ID : 23
2017-08-03 13:48:32 UPDATE SQL : UPDATE transfers SET destinationIpAddress = '::1',receiverIdType = '0',receiverId = '',toBranch = '13',Status = 'Success',userIdDestination = '7',withdrawTs = '2017-08-03 13:08:31' WHERE  transferRef = '00600315' 
2017-08-03 13:48:32 SELECT SQL : SELECT * FROM settings WHERE  name = 'SuspenseAccount'  
2017-08-03 13:48:32 SELECT SQL : SELECT * FROM account_transfers WHERE  transferRef = '00600315'  
2017-08-03 13:48:32 SELECT SQL : SELECT id FROM accounts WHERE  branchId = '13' AND currency_id = '4'  
2017-08-03 13:48:32 Transfer Amount : 3240000000
2017-08-03 13:48:32 INSERT SQL : INSERT INTO account_transfers  (ts,type,amount,amountB4Xchange,amountAfterXchange,exchangeRate,charge,chargeCurrency,fromId,toId,userId,createdBy,transferRef,active)  VALUES(NOW(),'transfer','90000','90000','3240000000','36000','5000','0','39','25','7','7','00600315','1')
2017-08-03 13:48:32 Balance Update Params :
Branch Id : 0
Account ID : 25
Amount : 90000
2017-08-03 13:48:32 SELECT SQL : SELECT * FROM balances WHERE  branchId = '0' AND accountId = '25'  
2017-08-03 13:48:32 SELECT SQL : SELECT * FROM balances WHERE  branchId = '0' AND accountId = '25' AND date = '2017-08-03'  
2017-08-03 13:48:32 UPDATE SQL : UPDATE balances SET closingBalance = '10176218' WHERE  branchId = '0' AND accountId = '25' AND date = '2017-08-03' 
2017-08-03 13:48:32 Balance Update Status 2:1
 2017-08-03 13:48:32 Balance Update Params :
Branch Id : 13
Account ID : 39
Amount : -3240000000
2017-08-03 13:48:32 SELECT SQL : SELECT * FROM balances WHERE  branchId = '13' AND accountId = '39'  
2017-08-03 13:48:32 INSERT SQL : INSERT INTO balances  (ts,branchId,accountId,openingBalance,closingBalance,date)  VALUES(NOW(),'13','39','-3240000000','-3240000000','2017-08-03')
2017-08-03 13:48:32 Balance Create Insert ID :37
 2017-08-03 13:48:32 SELECT SQL : SELECT * FROM transfers WHERE  transferRef = '00600315' AND status = 'Success'  
2017-08-03 13:48:38 ---- New Request ----
2017-08-03 13:48:38 Controller : Transfers
2017-08-03 13:48:38 Method : completetransfercashoutAction
2017-08-03 13:48:38 Controller File : controllers/Transfers.class.php, Exists
2017-08-03 13:48:38 Class constructed
2017-08-03 13:48:38 Class constructed
2017-08-03 13:48:38 Password : ******
Transaction Ref : 00600315
UserID : 7
Session ID : hxM1lP1Vd3HEvf3x2QoqRy2njxote3kF
ID Number : 
ID Type : 
Charge : 
Charge Currency : 
2017-08-03 13:48:38 SELECT SQL : SELECT * FROM users WHERE  id = '7'  
2017-08-03 13:48:38 SELECT SQL : SELECT * FROM transfers WHERE  transferRef = '00600315' AND status = 'Pending'  
2017-08-03 13:48:38 Response : {"success":0,"errormsg":"Sorry your transaction failed. Reason: Transaction does not exist"}
2017-08-03 13:54:57 ---- New Request ----
2017-08-03 13:54:57 Controller : Users
2017-08-03 13:54:57 Method : formsdetailsAction
2017-08-03 13:54:57 Controller File : controllers/Users.class.php, Exists
2017-08-03 13:54:57 Class constructed
2017-08-03 13:54:57 Details Params :
SessionID :hxM1lP1Vd3HEvf3x2QoqRy2njxote3kF
User ID : 7
2017-08-03 13:54:57 SELECT SQL : SELECT * FROM branches WHERE  active = '1'  
2017-08-03 13:54:57 SELECT SQL : SELECT * FROM countries WHERE  active = '1'  
2017-08-03 13:54:57 SELECT SQL : SELECT * FROM identification WHERE  active = '1'  
2017-08-03 13:54:57 SELECT SQL : SELECT * FROM users WHERE  active = '1'  
2017-08-03 13:54:57 SELECT SQL : SELECT id,name,branchId,currency_id FROM accounts WHERE  active = '1' AND type_id = '1'  
2017-08-03 13:54:57 Balance Update Params :
Branch Id : 5
Account ID : 16
Amount : 0
2017-08-03 13:54:57 SELECT SQL : SELECT * FROM balances WHERE  branchId = '5' AND accountId = '16'  
2017-08-03 13:54:57 SELECT SQL : SELECT * FROM balances WHERE  branchId = '5' AND accountId = '16' AND date = '2017-08-03'  
2017-08-03 13:54:57 UPDATE SQL : UPDATE balances SET closingBalance = '175739' WHERE  branchId = '5' AND accountId = '16' AND date = '2017-08-03' 
2017-08-03 13:54:57 Balance Update Status 2:1
 2017-08-03 13:54:57 Balance Update Params :
Branch Id : 6
Account ID : 20
Amount : 0
2017-08-03 13:54:57 SELECT SQL : SELECT * FROM balances WHERE  branchId = '6' AND accountId = '20'  
2017-08-03 13:54:57 Balance Update Params :
Branch Id : 6
Account ID : 21
Amount : 0
2017-08-03 13:54:57 SELECT SQL : SELECT * FROM balances WHERE  branchId = '6' AND accountId = '21'  
2017-08-03 13:54:57 SELECT SQL : SELECT * FROM balances WHERE  branchId = '6' AND accountId = '21' AND date = '2017-08-03'  
2017-08-03 13:54:57 UPDATE SQL : UPDATE balances SET closingBalance = '1882409' WHERE  branchId = '6' AND accountId = '21' AND date = '2017-08-03' 
2017-08-03 13:54:57 Balance Update Status 2:1
 2017-08-03 13:54:57 Balance Update Params :
Branch Id : 6
Account ID : 22
Amount : 0
2017-08-03 13:54:57 SELECT SQL : SELECT * FROM balances WHERE  branchId = '6' AND accountId = '22'  
2017-08-03 13:54:57 Balance Update Params :
Branch Id : 6
Account ID : 23
Amount : 0
2017-08-03 13:54:57 SELECT SQL : SELECT * FROM balances WHERE  branchId = '6' AND accountId = '23'  
2017-08-03 13:54:57 SELECT SQL : SELECT * FROM balances WHERE  branchId = '6' AND accountId = '23' AND date = '2017-08-03'  
2017-08-03 13:54:57 UPDATE SQL : UPDATE balances SET closingBalance = '95200018' WHERE  branchId = '6' AND accountId = '23' AND date = '2017-08-03' 
2017-08-03 13:54:57 Balance Update Status 2:1
 2017-08-03 13:54:57 Balance Update Params :
Branch Id : 6
Account ID : 24
Amount : 0
2017-08-03 13:54:57 SELECT SQL : SELECT * FROM balances WHERE  branchId = '6' AND accountId = '24'  
2017-08-03 13:54:57 Balance Update Params :
Branch Id : 11
Account ID : 27
Amount : 0
2017-08-03 13:54:57 SELECT SQL : SELECT * FROM balances WHERE  branchId = '11' AND accountId = '27'  
2017-08-03 13:54:57 Balance Update Params :
Branch Id : 11
Account ID : 28
Amount : 0
2017-08-03 13:54:57 SELECT SQL : SELECT * FROM balances WHERE  branchId = '11' AND accountId = '28'  
2017-08-03 13:54:57 Balance Update Params :
Branch Id : 12
Account ID : 33
Amount : 0
2017-08-03 13:54:57 SELECT SQL : SELECT * FROM balances WHERE  branchId = '12' AND accountId = '33'  
2017-08-03 13:54:57 SELECT SQL : SELECT * FROM balances WHERE  branchId = '12' AND accountId = '33' AND date = '2017-08-03'  
2017-08-03 13:54:57 UPDATE SQL : UPDATE balances SET closingBalance = '25154' WHERE  branchId = '12' AND accountId = '33' AND date = '2017-08-03' 
2017-08-03 13:54:57 Balance Update Status 2:1
 2017-08-03 13:54:57 Balance Update Params :
Branch Id : 12
Account ID : 36
Amount : 0
2017-08-03 13:54:57 SELECT SQL : SELECT * FROM balances WHERE  branchId = '12' AND accountId = '36'  
2017-08-03 13:54:57 SELECT SQL : SELECT * FROM balances WHERE  branchId = '12' AND accountId = '36' AND date = '2017-08-03'  
2017-08-03 13:54:57 UPDATE SQL : UPDATE balances SET closingBalance = '7637' WHERE  branchId = '12' AND accountId = '36' AND date = '2017-08-03' 
2017-08-03 13:54:57 Balance Update Status 2:1
 2017-08-03 13:54:57 Balance Update Params :
Branch Id : 7
Account ID : 37
Amount : 0
2017-08-03 13:54:57 SELECT SQL : SELECT * FROM balances WHERE  branchId = '7' AND accountId = '37'  
2017-08-03 13:54:57 SELECT SQL : SELECT * FROM balances WHERE  branchId = '7' AND accountId = '37' AND date = '2017-08-03'  
2017-08-03 13:54:57 UPDATE SQL : UPDATE balances SET closingBalance = '96158' WHERE  branchId = '7' AND accountId = '37' AND date = '2017-08-03' 
2017-08-03 13:54:57 Balance Update Status 2:1
 2017-08-03 13:54:57 Balance Update Params :
Branch Id : 13
Account ID : 38
Amount : 0
2017-08-03 13:54:57 SELECT SQL : SELECT * FROM balances WHERE  branchId = '13' AND accountId = '38'  
2017-08-03 13:54:57 Balance Update Params :
Branch Id : 13
Account ID : 39
Amount : 0
2017-08-03 13:54:57 SELECT SQL : SELECT * FROM balances WHERE  branchId = '13' AND accountId = '39'  
2017-08-03 13:54:57 SELECT SQL : SELECT * FROM balances WHERE  branchId = '13' AND accountId = '39' AND date = '2017-08-03'  
2017-08-03 13:54:57 UPDATE SQL : UPDATE balances SET closingBalance = '-3240000000' WHERE  branchId = '13' AND accountId = '39' AND date = '2017-08-03' 
2017-08-03 13:54:57 Balance Update Status 2:1
 2017-08-03 13:54:57 SELECT SQL : SELECT * FROM currencies WHERE  active = '1'  
2017-08-03 13:54:57 SELECT SQL : SELECT * FROM accounts WHERE  active = '1' AND type_id = '4'  
2017-08-03 13:54:57 SELECT SQL : SELECT * FROM account_types WHERE  active = '1'  
2017-08-03 13:54:57 SELECT SQL : SELECT * FROM user_types WHERE  active = '1'  
2017-08-03 13:54:57 Response : {"data":{"branches":[{"id":"5","name":"KINSHASHA","countryId":"4","location":"Patrice Avenue","supervisorId":"3","createdBy":"4","ts":"2017-06-30 00:06:55","active":"1"},{"id":"6","name":"OASIS MALL","countryId":"1","location":"Yusufu Lule Rd","supervisorId":"3","createdBy":"2","ts":"2017-06-30 00:12:08","active":"1"},{"id":"7","name":"GOMA","countryId":"4","location":"Goma","supervisorId":"3","createdBy":"1","ts":"2017-07-05 00:00:00","active":"1"},{"id":"9","name":"MOMBASA","countryId":"2","location":"Mombasa","supervisorId":"3","createdBy":"1","ts":"2017-07-05 00:00:00","active":"1"},{"id":"10","name":"DUBAI","countryId":"6","location":"Dubai","supervisorId":"3","createdBy":"1","ts":"2017-07-05 00:00:00","active":"1"},{"id":"11","name":"CHINA","countryId":"5","location":"China","supervisorId":"3","createdBy":"3","ts":"2017-07-05 13:23:17","active":"1"},{"id":"12","name":"NAIROBI","countryId":"2","location":"Nairobi","supervisorId":"3","createdBy":"3","ts":"2017-07-06 14:12:35","active":"1"},{"id":"13","name":"KAMPALA ROAD","countryId":"1","location":"kampala road","supervisorId":"3","createdBy":"3","ts":"2017-07-06 14:12:35","active":"1"}],"countries":[{"id":"1","name":"UGANDA","createdBy":"1","ts":"2017-06-25 23:13:31","active":"1"},{"id":"2","name":"KENYA","createdBy":"1","ts":"2017-06-26 09:02:45","active":"1"},{"id":"3","name":"TZ","createdBy":"1","ts":"2017-06-28 11:11:53","active":"1"},{"id":"4","name":"CONGO","createdBy":"1","ts":"2017-06-28 11:26:11","active":"1"},{"id":"5","name":"CHINA","createdBy":"1","ts":"2017-06-28 11:30:01","active":"1"},{"id":"6","name":"UAE","createdBy":"1","ts":"2017-07-05 00:00:00","active":"1"}],"ids":[[{"id":"1","name":"Passport","createdBy":"1","ts":"2017-06-28 14:00:01","active":"1"},{"id":"2","name":"National ID","createdBy":"1","ts":"2017-06-28 14:00:01","active":"1"},{"id":"3","name":"STUDENTS ID","createdBy":"1","ts":"2017-06-28 16:21:46","active":"1"}]],"users":[{"id":"1","firstName":"You","surname":"Jinshu","email":"hudsonbogere@swipeit.co.ug","phone":"256783131266","userName":"you","branchId":"0","userTypeId":"1","password":"$2y$10$pPGbhJ1RXx\/ug.ED3LnsQuKHJTqwYsa\/iF0OqGOgsjflkHKIDTLVq","sessionId":"","ipAddress":"41.75.173.102","createdBy":null,"ts":"2017-06-23 15:08:12","active":"1"},{"id":"2","firstName":"Nansubuga","surname":"Dorothy","email":"henry@gmail.com","phone":"256752284441","userName":"dorah","branchId":"12","userTypeId":"3","password":"$2y$10$F9t92sYKf2rDJ.JzCmrrT.Jt1Ix37Fuo.uZKpXPn69dgDUTZ8xLXi","sessionId":"","ipAddress":"105.231.196.253","createdBy":"1","ts":"2017-06-26 19:11:07","active":"1"},{"id":"3","firstName":"Lydia","surname":"Amoi","email":"islam@gmail.com","phone":"256777608310","userName":"lydia","branchId":"6","userTypeId":"2","password":"$2y$10$m72Zz8Z.h4\/Zp6TFDhmbXeQ79kZ7JJ2U0yLUanc0dDVxbc.5UPkRG","sessionId":"","ipAddress":"::1","createdBy":"1","ts":"2017-06-26 19:41:01","active":"1"},{"id":"4","firstName":"Nabukera","surname":"Maria","email":"banerd@tfb.com","phone":"256774457813","userName":"maria","branchId":"5","userTypeId":"5","password":"$2y$10$wTpUE\/WJFMfQaBglrQocTO9ndV6dbxL2vzFDEJZ1hpVVp4binpXGO","sessionId":"","ipAddress":"::1","createdBy":"1","ts":"2017-06-26 23:04:07","active":"1"},{"id":"5","firstName":"Henry","surname":"Bbosa","email":null,"phone":null,"userName":"Henry","branchId":"11","userTypeId":"3","password":"$2y$10$m72Zz8Z.h4\/Zp6TFDhmbXeQ79kZ7JJ2U0yLUanc0dDVxbc.5UPkRG","sessionId":"","ipAddress":"41.210.154.223","createdBy":"1","ts":"2017-07-05 00:00:00","active":"1"},{"id":"6","firstName":"Edwin","surname":"Kakeeto","email":"edwin@edwin.com","phone":"0777777557","userName":"edwin","branchId":"7","userTypeId":"3","password":"$2y$10$wTpUE\/WJFMfQaBglrQocTO9ndV6dbxL2vzFDEJZ1hpVVp4binpXGO","sessionId":"KRX8Yh2iqId0EWTdOh43HSfBIE4fr5lp","ipAddress":"41.243.17.77","createdBy":"3","ts":"2017-07-10 07:37:50","active":"1"},{"id":"7","firstName":"Trish","surname":"Baby","email":"patricia@gmail.com","phone":"0777777557","userName":"trish","branchId":"13","userTypeId":"3","password":"$2y$10$m72Zz8Z.h4\/Zp6TFDhmbXeQ79kZ7JJ2U0yLUanc0dDVxbc.5UPkRG","sessionId":"hxM1lP1Vd3HEvf3x2QoqRy2njxote3kF","ipAddress":"::1","createdBy":null,"ts":null,"active":"1"},{"id":"8","firstName":"cedric","surname":"cedric","email":"cedric@gmail.com","phone":"+256754813912","userName":"cedric","branchId":"7","userTypeId":"3","password":"$2y$10$m72Zz8Z.h4\/Zp6TFDhmbXeQ79kZ7JJ2U0yLUanc0dDVxbc.5UPkRG","sessionId":"","ipAddress":"160.242.141.153","createdBy":null,"ts":null,"active":"1"},{"id":"9","firstName":"Bravia","surname":"Muzira","email":"muzira@gmail.com","phone":"+256771889211","userName":"Braviah","branchId":"6","userTypeId":"3","password":"$2y$10$m72Zz8Z.h4\/Zp6TFDhmbXeQ79kZ7JJ2U0yLUanc0dDVxbc.5UPkRG","sessionId":"CNHdx868gWwwaWl34QWYmNGxDsy1g0Dy","ipAddress":"41.210.154.223","createdBy":null,"ts":null,"active":"1"}],"accounts":[{"id":"16","name":"KINSHASHA-USD Account","branchId":"5","currency_id":"2"},{"id":"20","name":"OASIS MALL-RMB Account","branchId":"6","currency_id":"1"},{"id":"21","name":"OASIS MALL-USD Account","branchId":"6","currency_id":"2"},{"id":"22","name":"OASIS MALL-DIRHAM Account","branchId":"6","currency_id":"3"},{"id":"23","name":"OASIS MALL-UGX Account","branchId":"6","currency_id":"4"},{"id":"24","name":"OASIS MALL-KSH Account","branchId":"6","currency_id":"5"},{"id":"27","name":"CHINA-RMB Account","branchId":"11","currency_id":"1"},{"id":"28","name":"CHINA-USD Account","branchId":"11","currency_id":"2"},{"id":"33","name":"NAIROBI-USD Account","branchId":"12","currency_id":"2"},{"id":"36","name":"NAIROBI-KSH Account","branchId":"12","currency_id":"5"},{"id":"37","name":"GOMA-USD ACCOUNT","branchId":"7","currency_id":"2"},{"id":"38","name":"KAMPALA ROAD -USD ACCOUNT","branchId":"13","currency_id":"2"},{"id":"39","name":"KAMPALA ROAD- UGX ACCOUNT ","branchId":"13","currency_id":"4"}],"currencies":[{"id":"1","name":"RMB","symbol":"\u00a5","createdBy":"1","ts":"2017-06-27 22:45:12","active":"1"},{"id":"2","name":"USD","symbol":"$","createdBy":"1","ts":"2017-06-27 22:45:12","active":"1"},{"id":"3","name":"DIRHAM","symbol":"","createdBy":"1","ts":"2017-06-28 11:40:09","active":"1"},{"id":"4","name":"UGX","symbol":"\/=","createdBy":"1","ts":"2017-06-28 11:46:50","active":"1"},{"id":"5","name":"KSH","symbol":"","createdBy":"1","ts":"2017-06-28 11:46:50","active":"1"}],"superaccount":[{"id":"1","name":"RMB Account","branchId":"0","type_id":"4","currency_id":"1","balance":"0","createdBy":"1","active":"1","ts":"2017-06-27 22:45:12"}],"accountTypes":[{"id":"1","type":"Transfer","description":"","createdBy":"1","ts":"2017-06-28 14:31:12","active":"1"},{"id":"2","type":"Suspense","description":"","createdBy":"1","ts":"2017-06-28 14:31:12","active":"1"},{"id":"4","type":"Super","description":"","createdBy":"1","ts":"2017-06-28 14:31:12","active":"1"}],"userTypes":[{"id":"1","name":"E-Value Admin","level":"1","ts":"2017-06-27 22:45:12","active":"1"},{"id":"2","name":"Super User","level":"2","ts":"2017-06-27 22:45:12","active":"1"},{"id":"3","name":"Agent","level":"3","ts":"2017-06-27 22:45:12","active":"1"},{"id":"4","name":"System Admin","level":"4","ts":"2017-06-27 22:45:12","active":"1"},{"id":"5","name":"superAgent","level":"3","ts":"2017-06-27 22:45:12","active":"1"}]},"success":1}
2017-08-03 13:55:03 ---- New Request ----
2017-08-03 13:55:03 Controller : Transfers
2017-08-03 13:55:03 Method : transfercashoutAction
2017-08-03 13:55:03 Controller File : controllers/Transfers.class.php, Exists
2017-08-03 13:55:03 Class constructed
2017-08-03 13:55:03 Class constructed
2017-08-03 13:55:03 Passcode : ******
Transaction Ref : 00600314
UserID : 7
Session ID : hxM1lP1Vd3HEvf3x2QoqRy2njxote3kF
2017-08-03 13:55:03 SELECT SQL : SELECT sessionId FROM users WHERE  id = '7'  
2017-08-03 13:55:03 SELECT SQL : SELECT * FROM transfers WHERE  transferRef = '00600314'  
2017-08-03 13:55:03 SELECT SQL : SELECT name FROM countries WHERE  id = '0'  
2017-08-03 13:55:03 SELECT SQL : SELECT name FROM branches WHERE  id = '6'  
2017-08-03 13:55:03 SELECT SQL : SELECT name FROM currencies WHERE  id = '4'  
2017-08-03 13:55:03 Response : {"success":1,"data":{"id":"14","fromBranch":"6","toBranch":"0","amount":"1000000","amountAfterExchange":"1000000","from_currency":"4","currency":"4","charge":"50000","charge_currency_id":"0","transferRef":"00600314","passcode":"$2y$10$7kqhmjTkdvMvAFCdsZmrYub5iP4ANG9q0LsirQ\/rmsKSlS\/NDUrDy","userIdSource":"3","userIdDestination":null,"ts":"2017-08-03 08:17:00","withdrawTs":null,"status":"Pending","senderFname":"","senderSurname":"You","senderPhone":"0776000064","senderIdType":"0","senderId":"0","senderEmail":"","receiverFname":"","receiverSurname":"Henry","receiverPhone":"0776000064","receiverIdType":null,"receiverId":null,"receiverEmail":"","receiverAccountNumber":null,"destinationCountryId":"0","sourceIpAddress":"::1","destinationIpAddress":null,"active":"1","fromBranchName":"OASIS MALL","fromCountry":null,"currencyName":"UGX"}}
2017-08-03 13:55:19 ---- New Request ----
2017-08-03 13:55:19 Controller : Transfers
2017-08-03 13:55:19 Method : completetransfercashoutAction
2017-08-03 13:55:19 Controller File : controllers/Transfers.class.php, Exists
2017-08-03 13:55:19 Class constructed
2017-08-03 13:55:19 Class constructed
2017-08-03 13:55:19 Password : ******
Transaction Ref : 00600314
UserID : 7
Session ID : hxM1lP1Vd3HEvf3x2QoqRy2njxote3kF
ID Number : 
ID Type : 
Charge : 
Charge Currency : 
2017-08-03 13:55:19 SELECT SQL : SELECT * FROM users WHERE  id = '7'  
2017-08-03 13:55:19 SELECT SQL : SELECT * FROM transfers WHERE  transferRef = '00600314' AND status = 'Pending'  
2017-08-03 13:55:19 SELECT SQL : SELECT id,destinationIpAddress FROM transfers WHERE  transferRef = '00600314'  
2017-08-03 13:55:19 INSERT SQL : INSERT INTO audit_trails  (ts,userId,tableName,recordId,field,oldValue,newValue)  VALUES(NOW(),'7','transfers','14','destinationIpAddress','','::1')
2017-08-03 13:55:19 audit_trails Insert ID : 24
2017-08-03 13:55:19 SELECT SQL : SELECT id,receiverIdType FROM transfers WHERE  transferRef = '00600314'  
2017-08-03 13:55:19 INSERT SQL : INSERT INTO audit_trails  (ts,userId,tableName,recordId,field,oldValue,newValue)  VALUES(NOW(),'7','transfers','14','receiverIdType','','0')
2017-08-03 13:55:19 audit_trails Insert ID : 25
2017-08-03 13:55:19 SELECT SQL : SELECT id,receiverId FROM transfers WHERE  transferRef = '00600314'  
2017-08-03 13:55:19 INSERT SQL : INSERT INTO audit_trails  (ts,userId,tableName,recordId,field,oldValue,newValue)  VALUES(NOW(),'7','transfers','14','receiverId','','')
2017-08-03 13:55:19 audit_trails Insert ID : 26
2017-08-03 13:55:19 SELECT SQL : SELECT id,toBranch FROM transfers WHERE  transferRef = '00600314'  
2017-08-03 13:55:19 INSERT SQL : INSERT INTO audit_trails  (ts,userId,tableName,recordId,field,oldValue,newValue)  VALUES(NOW(),'7','transfers','14','toBranch','0','13')
2017-08-03 13:55:19 audit_trails Insert ID : 27
2017-08-03 13:55:19 SELECT SQL : SELECT id,Status FROM transfers WHERE  transferRef = '00600314'  
2017-08-03 13:55:19 INSERT SQL : INSERT INTO audit_trails  (ts,userId,tableName,recordId,field,oldValue,newValue)  VALUES(NOW(),'7','transfers','14','Status','Pending','Success')
2017-08-03 13:55:19 audit_trails Insert ID : 28
2017-08-03 13:55:19 SELECT SQL : SELECT id,userIdDestination FROM transfers WHERE  transferRef = '00600314'  
2017-08-03 13:55:19 INSERT SQL : INSERT INTO audit_trails  (ts,userId,tableName,recordId,field,oldValue,newValue)  VALUES(NOW(),'7','transfers','14','userIdDestination','','7')
2017-08-03 13:55:19 audit_trails Insert ID : 29
2017-08-03 13:55:19 SELECT SQL : SELECT id,withdrawTs FROM transfers WHERE  transferRef = '00600314'  
2017-08-03 13:55:19 INSERT SQL : INSERT INTO audit_trails  (ts,userId,tableName,recordId,field,oldValue,newValue)  VALUES(NOW(),'7','transfers','14','withdrawTs','','2017-08-03 13:08:19')
2017-08-03 13:55:19 audit_trails Insert ID : 30
2017-08-03 13:55:19 UPDATE SQL : UPDATE transfers SET destinationIpAddress = '::1',receiverIdType = '0',receiverId = '',toBranch = '13',Status = 'Success',userIdDestination = '7',withdrawTs = '2017-08-03 13:08:19' WHERE  transferRef = '00600314' 
2017-08-03 13:55:19 SELECT SQL : SELECT * FROM settings WHERE  name = 'SuspenseAccount'  
2017-08-03 13:55:19 SELECT SQL : SELECT * FROM account_transfers WHERE  transferRef = '00600314'  
2017-08-03 13:55:19 SELECT SQL : SELECT id FROM accounts WHERE  branchId = '13' AND currency_id = '4'  
2017-08-03 13:55:19 Transfer Amount : 3600000000
2017-08-03 13:55:19 INSERT SQL : INSERT INTO account_transfers  (ts,type,amount,amountB4Xchange,amountAfterXchange,exchangeRate,charge,chargeCurrency,fromId,toId,userId,createdBy,transferRef,active)  VALUES(NOW(),'transfer','1000000','1000000','3600000000','3600','50000','0','39','25','7','7','00600314','1')
2017-08-03 13:55:19 Balance Update Params :
Branch Id : 0
Account ID : 25
Amount : 1000000
2017-08-03 13:55:19 SELECT SQL : SELECT * FROM balances WHERE  branchId = '0' AND accountId = '25'  
2017-08-03 13:55:19 SELECT SQL : SELECT * FROM balances WHERE  branchId = '0' AND accountId = '25' AND date = '2017-08-03'  
2017-08-03 13:55:19 UPDATE SQL : UPDATE balances SET closingBalance = '11176218' WHERE  branchId = '0' AND accountId = '25' AND date = '2017-08-03' 
2017-08-03 13:55:20 Balance Update Status 2:1
 2017-08-03 13:55:20 Balance Update Params :
Branch Id : 13
Account ID : 39
Amount : -3600000000
2017-08-03 13:55:20 SELECT SQL : SELECT * FROM balances WHERE  branchId = '13' AND accountId = '39'  
2017-08-03 13:55:20 SELECT SQL : SELECT * FROM balances WHERE  branchId = '13' AND accountId = '39' AND date = '2017-08-03'  
2017-08-03 13:55:20 UPDATE SQL : UPDATE balances SET closingBalance = '-6840000000' WHERE  branchId = '13' AND accountId = '39' AND date = '2017-08-03' 
2017-08-03 13:55:20 Balance Update Status 2:1
 2017-08-03 13:55:20 SELECT SQL : SELECT * FROM transfers WHERE  transferRef = '00600314' AND status = 'Success'  
2017-08-03 13:55:40 ---- New Request ----
2017-08-03 13:55:40 Controller : Transfers
2017-08-03 13:55:40 Method : completetransfercashoutAction
2017-08-03 13:55:40 Controller File : controllers/Transfers.class.php, Exists
2017-08-03 13:55:40 Class constructed
2017-08-03 13:55:40 Class constructed
2017-08-03 13:55:40 Password : ******
Transaction Ref : 00600314
UserID : 7
Session ID : hxM1lP1Vd3HEvf3x2QoqRy2njxote3kF
ID Number : 
ID Type : 
Charge : 
Charge Currency : 
2017-08-03 13:55:40 SELECT SQL : SELECT * FROM users WHERE  id = '7'  
2017-08-03 13:55:40 SELECT SQL : SELECT * FROM transfers WHERE  transferRef = '00600314' AND status = 'Pending'  
2017-08-03 13:55:40 Response : {"success":0,"errormsg":"Sorry your transaction failed. Reason: Transaction does not exist"}
