2017-07-14 21:03:57 ---- New Request ----
2017-07-14 21:03:57 Controller : Exchange
2017-07-14 21:03:57 Method : createexchangeAction
2017-07-14 21:03:57 Controller File : controllers/Exchange.class.php, Exists
2017-07-14 21:03:57 Class constructed
2017-07-14 21:03:57 Class constructed
2017-07-14 21:03:57 Exchange Params:
FromCurrency : 5
ToCurrency : 2
AmountBe4 : 8034950
Amount After : 77000
Exhange Rate : 104.35
UserID : 2
Session ID : R3SufYRbv0UR0ekhZnp7jccacNtLnjdk
2017-07-14 21:03:57 SELECT SQL : SELECT * FROM users WHERE  id = '2'  
2017-07-14 21:03:57 INSERT SQL : INSERT INTO currency_exchange  (ts,fromCurrencyId,toCurrencyId,AmountBeforeXchange,amountAfterXchange,exhangeRate,userId)  VALUES(NOW(),'5','2','8034950','77000','104.35','2')
2017-07-14 21:03:57 Response : {"success":1,"data":"Your request was successfully processed."}
2017-07-14 21:11:25 ---- New Request ----
2017-07-14 21:11:25 Controller : Users
2017-07-14 21:11:25 Method : logoutAction
2017-07-14 21:11:25 Controller File : controllers/Users.class.php, Exists
2017-07-14 21:11:25 Class constructed
2017-07-14 21:11:25 Logout Params ;Session ID :R3SufYRbv0UR0ekhZnp7jccacNtLnjdk\User ID : 2
2017-07-14 21:11:25 UPDATE SQL : UPDATE users SET sessionId = '',ipAddress = '154.77.3.4' WHERE  id = '2' 
2017-07-14 21:11:25 Response : {"success":1}
2017-07-14 21:11:41 ---- New Request ----
2017-07-14 21:11:41 Controller : Users
2017-07-14 21:11:41 Method : loginAction
2017-07-14 21:11:41 Controller File : controllers/Users.class.php, Exists
2017-07-14 21:11:41 Class constructed
2017-07-14 21:11:41 Login Params ;Username :dorah
Password : ******
2017-07-14 21:11:41 SELECT SQL : SELECT id,firstName,surname,userName,userTypeId,sessionId,password,active,branchId FROM users WHERE  userName = 'dorah'  
2017-07-14 21:11:41 SELECT SQL : SELECT name FROM branches WHERE  id = '12'  
2017-07-14 21:11:41 UPDATE SQL : UPDATE users SET sessionId = 'bvxeoIGqdqzkJ7kt16YyI7e4j7p5j8wP',ipAddress = '154.77.3.4' WHERE  id = '2' 
2017-07-14 21:11:41 Response : {"success":1,"data":{"id":"2","firstName":"Nansubuga","surname":"Dorothy","userName":"dorah","userTypeId":"3","sessionId":"bvxeoIGqdqzkJ7kt16YyI7e4j7p5j8wP","branchId":"12","branchName":"NAIROBI"}}
2017-07-14 21:11:44 ---- New Request ----
2017-07-14 21:11:44 Controller : Users
2017-07-14 21:11:44 Method : formsdetailsAction
2017-07-14 21:11:44 Controller File : controllers/Users.class.php, Exists
2017-07-14 21:11:44 Class constructed
2017-07-14 21:11:44 Details Params :
SessionID :bvxeoIGqdqzkJ7kt16YyI7e4j7p5j8wP
User ID : 2
2017-07-14 21:11:44 SELECT SQL : SELECT * FROM branches WHERE  active = '1'  
2017-07-14 21:11:44 SELECT SQL : SELECT * FROM countries WHERE  active = '1'  
2017-07-14 21:11:44 SELECT SQL : SELECT * FROM identification WHERE  active = '1'  
2017-07-14 21:11:44 SELECT SQL : SELECT * FROM users WHERE  active = '1'  
2017-07-14 21:11:44 SELECT SQL : SELECT id,name,branchId,currency_id FROM accounts WHERE  active = '1' AND type_id = '1'  
2017-07-14 21:11:44 Balance Update Params :
Branch Id : 5
Account ID : 16
Amount : 0
2017-07-14 21:11:44 SELECT SQL : SELECT * FROM balances WHERE  branchId = '5' AND accountId = '16'  
2017-07-14 21:11:44 SELECT SQL : SELECT * FROM balances WHERE  branchId = '5' AND accountId = '16' AND date = '2017-07-14'  
2017-07-14 21:11:44 UPDATE SQL : UPDATE balances SET closingBalance = '431989' WHERE  branchId = '5' AND accountId = '16' AND date = '2017-07-14' 
2017-07-14 21:11:44 Balance Update Status 2:1
 2017-07-14 21:11:44 Balance Update Params :
Branch Id : 6
Account ID : 20
Amount : 0
2017-07-14 21:11:44 SELECT SQL : SELECT * FROM balances WHERE  branchId = '6' AND accountId = '20'  
2017-07-14 21:11:44 Balance Update Params :
Branch Id : 6
Account ID : 21
Amount : 0
2017-07-14 21:11:44 SELECT SQL : SELECT * FROM balances WHERE  branchId = '6' AND accountId = '21'  
2017-07-14 21:11:44 SELECT SQL : SELECT * FROM balances WHERE  branchId = '6' AND accountId = '21' AND date = '2017-07-14'  
2017-07-14 21:11:44 UPDATE SQL : UPDATE balances SET closingBalance = '199110' WHERE  branchId = '6' AND accountId = '21' AND date = '2017-07-14' 
2017-07-14 21:11:44 Balance Update Status 2:1
 2017-07-14 21:11:44 Balance Update Params :
Branch Id : 6
Account ID : 22
Amount : 0
2017-07-14 21:11:44 SELECT SQL : SELECT * FROM balances WHERE  branchId = '6' AND accountId = '22'  
2017-07-14 21:11:44 Balance Update Params :
Branch Id : 6
Account ID : 23
Amount : 0
2017-07-14 21:11:44 SELECT SQL : SELECT * FROM balances WHERE  branchId = '6' AND accountId = '23'  
2017-07-14 21:11:44 SELECT SQL : SELECT * FROM balances WHERE  branchId = '6' AND accountId = '23' AND date = '2017-07-14'  
2017-07-14 21:11:44 UPDATE SQL : UPDATE balances SET closingBalance = '111321519' WHERE  branchId = '6' AND accountId = '23' AND date = '2017-07-14' 
2017-07-14 21:11:44 Balance Update Status 2:1
 2017-07-14 21:11:44 Balance Update Params :
Branch Id : 6
Account ID : 24
Amount : 0
2017-07-14 21:11:44 SELECT SQL : SELECT * FROM balances WHERE  branchId = '6' AND accountId = '24'  
2017-07-14 21:11:44 Balance Update Params :
Branch Id : 11
Account ID : 27
Amount : 0
2017-07-14 21:11:44 SELECT SQL : SELECT * FROM balances WHERE  branchId = '11' AND accountId = '27'  
2017-07-14 21:11:44 SELECT SQL : SELECT * FROM balances WHERE  branchId = '11' AND accountId = '27' AND date = '2017-07-14'  
2017-07-14 21:11:44 UPDATE SQL : UPDATE balances SET closingBalance = '-1072373.0692236' WHERE  branchId = '11' AND accountId = '27' AND date = '2017-07-14' 
2017-07-14 21:11:44 Balance Update Status 2:1
 2017-07-14 21:11:44 Balance Update Params :
Branch Id : 11
Account ID : 28
Amount : 0
2017-07-14 21:11:44 SELECT SQL : SELECT * FROM balances WHERE  branchId = '11' AND accountId = '28'  
2017-07-14 21:11:44 Balance Update Params :
Branch Id : 12
Account ID : 33
Amount : 0
2017-07-14 21:11:44 SELECT SQL : SELECT * FROM balances WHERE  branchId = '12' AND accountId = '33'  
2017-07-14 21:11:44 SELECT SQL : SELECT * FROM balances WHERE  branchId = '12' AND accountId = '33' AND date = '2017-07-14'  
2017-07-14 21:11:44 UPDATE SQL : UPDATE balances SET closingBalance = '-22821' WHERE  branchId = '12' AND accountId = '33' AND date = '2017-07-14' 
2017-07-14 21:11:44 Balance Update Status 2:1
 2017-07-14 21:11:44 Balance Update Params :
Branch Id : 12
Account ID : 36
Amount : 0
2017-07-14 21:11:44 SELECT SQL : SELECT * FROM balances WHERE  branchId = '12' AND accountId = '36'  
2017-07-14 21:11:44 SELECT SQL : SELECT * FROM balances WHERE  branchId = '12' AND accountId = '36' AND date = '2017-07-14'  
2017-07-14 21:11:44 UPDATE SQL : UPDATE balances SET closingBalance = '31289171' WHERE  branchId = '12' AND accountId = '36' AND date = '2017-07-14' 
2017-07-14 21:11:44 Balance Update Status 2:1
 2017-07-14 21:11:44 Balance Update Params :
Branch Id : 7
Account ID : 37
Amount : 0
2017-07-14 21:11:44 SELECT SQL : SELECT * FROM balances WHERE  branchId = '7' AND accountId = '37'  
2017-07-14 21:11:44 SELECT SQL : SELECT * FROM balances WHERE  branchId = '7' AND accountId = '37' AND date = '2017-07-14'  
2017-07-14 21:11:44 UPDATE SQL : UPDATE balances SET closingBalance = '104495' WHERE  branchId = '7' AND accountId = '37' AND date = '2017-07-14' 
2017-07-14 21:11:44 Balance Update Status 2:1
 2017-07-14 21:11:44 Balance Update Params :
Branch Id : 13
Account ID : 38
Amount : 0
2017-07-14 21:11:44 SELECT SQL : SELECT * FROM balances WHERE  branchId = '13' AND accountId = '38'  
2017-07-14 21:11:44 Balance Update Params :
Branch Id : 13
Account ID : 39
Amount : 0
2017-07-14 21:11:44 SELECT SQL : SELECT * FROM balances WHERE  branchId = '13' AND accountId = '39'  
2017-07-14 21:11:44 SELECT SQL : SELECT * FROM currencies WHERE  active = '1'  
2017-07-14 21:11:44 SELECT SQL : SELECT * FROM accounts WHERE  active = '1' AND type_id = '4'  
2017-07-14 21:11:44 SELECT SQL : SELECT * FROM account_types WHERE  active = '1'  
2017-07-14 21:11:44 SELECT SQL : SELECT * FROM user_types WHERE  active = '1'  
2017-07-14 21:11:44 Response : {"data":{"branches":[{"id":"5","name":"KINSHASHA","countryId":"4","location":"Patrice Avenue","supervisorId":"3","createdBy":"4","ts":"2017-06-30 00:06:55","active":"1"},{"id":"6","name":"OASIS MALL","countryId":"1","location":"Yusufu Lule Rd","supervisorId":"3","createdBy":"2","ts":"2017-06-30 00:12:08","active":"1"},{"id":"7","name":"GOMA","countryId":"4","location":"Goma","supervisorId":"3","createdBy":"1","ts":"2017-07-05 00:00:00","active":"1"},{"id":"9","name":"MOMBASA","countryId":"2","location":"Mombasa","supervisorId":"3","createdBy":"1","ts":"2017-07-05 00:00:00","active":"1"},{"id":"10","name":"DUBAI","countryId":"6","location":"Dubai","supervisorId":"3","createdBy":"1","ts":"2017-07-05 00:00:00","active":"1"},{"id":"11","name":"CHINA","countryId":"5","location":"China","supervisorId":"3","createdBy":"3","ts":"2017-07-05 13:23:17","active":"1"},{"id":"12","name":"NAIROBI","countryId":"2","location":"Nairobi","supervisorId":"3","createdBy":"3","ts":"2017-07-06 14:12:35","active":"1"},{"id":"13","name":"KAMPALA ROAD","countryId":"1","location":"kampala road","supervisorId":"3","createdBy":"3","ts":"2017-07-06 14:12:35","active":"1"}],"countries":[{"id":"1","name":"UGANDA","createdBy":"1","ts":"2017-06-25 23:13:31","active":"1"},{"id":"2","name":"KENYA","createdBy":"1","ts":"2017-06-26 09:02:45","active":"1"},{"id":"3","name":"TZ","createdBy":"1","ts":"2017-06-28 11:11:53","active":"1"},{"id":"4","name":"CONGO","createdBy":"1","ts":"2017-06-28 11:26:11","active":"1"},{"id":"5","name":"CHINA","createdBy":"1","ts":"2017-06-28 11:30:01","active":"1"},{"id":"6","name":"UAE","createdBy":"1","ts":"2017-07-05 00:00:00","active":"1"}],"ids":[[{"id":"1","name":"Passport","createdBy":"1","ts":"2017-06-28 14:00:01","active":"1"},{"id":"2","name":"National ID","createdBy":"1","ts":"2017-06-28 14:00:01","active":"1"},{"id":"3","name":"STUDENTS ID","createdBy":"1","ts":"2017-06-28 16:21:46","active":"1"}]],"users":[{"id":"1","firstName":"You","surname":"Jinshu","email":"hudsonbogere@swipeit.co.ug","phone":"256783131266","userName":"you","branchId":"0","userTypeId":"1","password":"$2y$10$pPGbhJ1RXx\/ug.ED3LnsQuKHJTqwYsa\/iF0OqGOgsjflkHKIDTLVq","sessionId":"KSTms8GEe36Gy41kXds63LMk2kJjROlO","ipAddress":"41.210.145.81","createdBy":null,"ts":"2017-06-23 15:08:12","active":"1"},{"id":"2","firstName":"Nansubuga","surname":"Dorothy","email":"henry@gmail.com","phone":"256752284441","userName":"dorah","branchId":"12","userTypeId":"3","password":"$2y$10$m72Zz8Z.h4\/Zp6TFDhmbXeQ79kZ7JJ2U0yLUanc0dDVxbc.5UPkRG","sessionId":"bvxeoIGqdqzkJ7kt16YyI7e4j7p5j8wP","ipAddress":"154.77.3.4","createdBy":"1","ts":"2017-06-26 19:11:07","active":"1"},{"id":"3","firstName":"Lydia","surname":"Amoi","email":"islam@gmail.com","phone":"256777608310","userName":"lydia","branchId":"6","userTypeId":"2","password":"$2y$10$m72Zz8Z.h4\/Zp6TFDhmbXeQ79kZ7JJ2U0yLUanc0dDVxbc.5UPkRG","sessionId":"Rgg014Z5qx6tbZKlcfku3FD0GAol7ib6","ipAddress":"197.157.0.59","createdBy":"1","ts":"2017-06-26 19:41:01","active":"1"},{"id":"4","firstName":"Nabukera","surname":"Maria","email":"banerd@tfb.com","phone":"256774457813","userName":"maria","branchId":"5","userTypeId":"3","password":"$2y$10$wTpUE\/WJFMfQaBglrQocTO9ndV6dbxL2vzFDEJZ1hpVVp4binpXGO","sessionId":"2j737peotRAT4hBDtCrD3W5TzKuU5lnN","ipAddress":"197.157.211.81","createdBy":"1","ts":"2017-06-26 23:04:07","active":"1"},{"id":"5","firstName":"Henry","surname":"Bbosa","email":null,"phone":null,"userName":"henry","branchId":"11","userTypeId":"3","password":"$2y$10$m72Zz8Z.h4\/Zp6TFDhmbXeQ79kZ7JJ2U0yLUanc0dDVxbc.5UPkRG","sessionId":"B7Jvxy4i7CF1ccrrfFPeNdDXCEWHWJYa","ipAddress":"197.157.0.30","createdBy":"1","ts":"2017-07-05 00:00:00","active":"1"},{"id":"6","firstName":"Edwin","surname":"Kakeeto","email":"edwin@edwin.com","phone":"0777777557","userName":"edwin","branchId":"7","userTypeId":"3","password":"$2y$10$m72Zz8Z.h4\/Zp6TFDhmbXeQ79kZ7JJ2U0yLUanc0dDVxbc.5UPkRG","sessionId":"","ipAddress":"160.242.142.203","createdBy":"3","ts":"2017-07-10 07:37:50","active":"1"},{"id":"7","firstName":"Trish","surname":"Baby","email":"patricia@gmail.com","phone":"0777777557","userName":"trish","branchId":"13","userTypeId":"3","password":"$2y$10$m72Zz8Z.h4\/Zp6TFDhmbXeQ79kZ7JJ2U0yLUanc0dDVxbc.5UPkRG","sessionId":"","ipAddress":"197.157.0.59","createdBy":null,"ts":null,"active":"1"}],"accounts":[{"id":"16","name":"KINSHASHA-USD Account","branchId":"5","currency_id":"2"},{"id":"20","name":"OASIS MALL-RMB Account","branchId":"6","currency_id":"1"},{"id":"21","name":"OASIS MALL-USD Account","branchId":"6","currency_id":"2"},{"id":"22","name":"OASIS MALL-DIRHAM Account","branchId":"6","currency_id":"3"},{"id":"23","name":"OASIS MALL-UGX Account","branchId":"6","currency_id":"4"},{"id":"24","name":"OASIS MALL-KSH Account","branchId":"6","currency_id":"5"},{"id":"27","name":"CHINA-RMB Account","branchId":"11","currency_id":"1"},{"id":"28","name":"CHINA-USD Account","branchId":"11","currency_id":"2"},{"id":"33","name":"NAIROBI-USD Account","branchId":"12","currency_id":"2"},{"id":"36","name":"NAIROBI-KSH Account","branchId":"12","currency_id":"5"},{"id":"37","name":"GOMA-USD ACCOUNT","branchId":"7","currency_id":"2"},{"id":"38","name":"KAMPALA ROAD -USD ACCOUNT","branchId":"13","currency_id":"2"},{"id":"39","name":"KAMPALA ROAD- UGX ACCOUNT ","branchId":"13","currency_id":"4"}],"currencies":[{"id":"1","name":"RMB","symbol":"\u00c2\u00a5","createdBy":"1","ts":"2017-06-27 22:45:12","active":"1"},{"id":"2","name":"USD","symbol":"$","createdBy":"1","ts":"2017-06-27 22:45:12","active":"1"},{"id":"3","name":"DIRHAM","symbol":"","createdBy":"1","ts":"2017-06-28 11:40:09","active":"1"},{"id":"4","name":"UGX","symbol":"\/=","createdBy":"1","ts":"2017-06-28 11:46:50","active":"1"},{"id":"5","name":"KSH","symbol":"","createdBy":"1","ts":"2017-06-28 11:46:50","active":"1"}],"superaccount":[{"id":"1","name":"RMB Account","branchId":"0","type_id":"4","currency_id":"1","balance":"0","createdBy":"1","active":"1","ts":"2017-06-27 22:45:12"}],"accountTypes":[{"id":"1","type":"Transfer","description":"","createdBy":"1","ts":"2017-06-28 14:31:12","active":"1"},{"id":"2","type":"Suspense","description":"","createdBy":"1","ts":"2017-06-28 14:31:12","active":"1"},{"id":"4","type":"Super","description":"","createdBy":"1","ts":"2017-06-28 14:31:12","active":"1"}],"userTypes":[{"id":"1","name":"E-Value Admin","level":"1","ts":"2017-06-27 22:45:12","active":"1"},{"id":"2","name":"Super User","level":"2","ts":"2017-06-27 22:45:12","active":"1"},{"id":"3","name":"Agent","level":"3","ts":"2017-06-27 22:45:12","active":"1"},{"id":"4","name":"System Admin","level":"4","ts":"2017-06-27 22:45:12","active":"1"}]},"success":1}
2017-07-14 21:12:11 ---- New Request ----
2017-07-14 21:12:11 Controller : Transfers
2017-07-14 21:12:11 Method : getallaccountbalancesAction
2017-07-14 21:12:11 Controller File : controllers/Transfers.class.php, Exists
2017-07-14 21:12:11 Class constructed
2017-07-14 21:12:11 Class constructed
2017-07-14 21:12:11 UserID : 2
SessionId : bvxeoIGqdqzkJ7kt16YyI7e4j7p5j8wP
Branch ID : 12
2017-07-14 21:12:11 SELECT SQL : SELECT sessionId FROM users WHERE  id = '2'  
2017-07-14 21:12:11 SELECT SQL : SELECT name,id FROM accounts WHERE  active = '1' AND branchId = '12'  
2017-07-14 21:12:11 SELECT SQL : SELECT name FROM branches WHERE  id = '12'  
2017-07-14 21:12:11 Response : {"success":1,"data":[{"name":"NAIROBI-USD Account","id":"33","balance":-22821},{"name":"NAIROBI-KSH Account","id":"36","balance":31407831}],"branchName":"NAIROBI"}
2017-07-14 21:12:33 ---- New Request ----
2017-07-14 21:12:33 Controller : Reports
2017-07-14 21:12:33 Method : gettransferlogsAction
2017-07-14 21:12:33 Controller File : controllers/Reports.class.php, Exists
2017-07-14 21:12:33 Class constructed
2017-07-14 21:12:33 Class constructed
2017-07-14 21:12:33 UserID : 2
SessionId : bvxeoIGqdqzkJ7kt16YyI7e4j7p5j8wP
Branch ID : 12
Date : 
Account ID : 
2017-07-14 21:12:33 SELECT SQL : SELECT sessionId,branchId,userTypeId FROM users WHERE  id = '2'  
2017-07-14 21:12:33 SELECT SQL : SELECT id,fromBranch,toBranch,amount,currency,charge,transferRef,userIdSource,userIdDestination,ts,withdrawTs,status,senderFname,senderSurname,senderPhone,senderEmail,receiverFname,receiverSurname,receiverPhone,receiverAccountNumber,destinationCountryId FROM transfers WHERE  fromBranch = '12'  OR toBranch = '12'  ORDER BY ts DESC LIMIT 20
2017-07-14 21:12:33 SELECT SQL : SELECT name FROM branches WHERE  id = '12'  
2017-07-14 21:12:33 SELECT SQL : SELECT name FROM branches WHERE  id = '0'  
2017-07-14 21:12:33 SELECT SQL : SELECT name FROM currencies WHERE  id = '0'  
2017-07-14 21:12:33 SELECT SQL : SELECT userName FROM users WHERE  id = '2'  
2017-07-14 21:12:33 SELECT SQL : SELECT userName FROM users WHERE  id = ''  
2017-07-14 21:12:33 SELECT SQL : SELECT name FROM countries WHERE  id = '5'  
2017-07-14 21:12:33 SELECT SQL : SELECT name FROM branches WHERE  id = '12'  
2017-07-14 21:12:33 SELECT SQL : SELECT name FROM branches WHERE  id = '0'  
2017-07-14 21:12:33 SELECT SQL : SELECT name FROM currencies WHERE  id = '0'  
2017-07-14 21:12:33 SELECT SQL : SELECT userName FROM users WHERE  id = '2'  
2017-07-14 21:12:33 SELECT SQL : SELECT userName FROM users WHERE  id = ''  
2017-07-14 21:12:33 SELECT SQL : SELECT name FROM countries WHERE  id = '5'  
2017-07-14 21:12:33 SELECT SQL : SELECT name FROM branches WHERE  id = '12'  
2017-07-14 21:12:33 SELECT SQL : SELECT name FROM branches WHERE  id = '0'  
2017-07-14 21:12:33 SELECT SQL : SELECT name FROM currencies WHERE  id = '0'  
2017-07-14 21:12:33 SELECT SQL : SELECT userName FROM users WHERE  id = '2'  
2017-07-14 21:12:33 SELECT SQL : SELECT userName FROM users WHERE  id = ''  
2017-07-14 21:12:33 SELECT SQL : SELECT name FROM countries WHERE  id = '5'  
2017-07-14 21:12:33 SELECT SQL : SELECT name FROM branches WHERE  id = '12'  
2017-07-14 21:12:33 SELECT SQL : SELECT name FROM branches WHERE  id = '0'  
2017-07-14 21:12:33 SELECT SQL : SELECT name FROM currencies WHERE  id = '0'  
2017-07-14 21:12:33 SELECT SQL : SELECT userName FROM users WHERE  id = '2'  
2017-07-14 21:12:33 SELECT SQL : SELECT userName FROM users WHERE  id = ''  
2017-07-14 21:12:33 SELECT SQL : SELECT name FROM countries WHERE  id = '5'  
2017-07-14 21:12:33 SELECT SQL : SELECT name FROM branches WHERE  id = '12'  
2017-07-14 21:12:33 SELECT SQL : SELECT name FROM branches WHERE  id = '0'  
2017-07-14 21:12:33 SELECT SQL : SELECT name FROM currencies WHERE  id = '0'  
2017-07-14 21:12:33 SELECT SQL : SELECT userName FROM users WHERE  id = '2'  
2017-07-14 21:12:33 SELECT SQL : SELECT userName FROM users WHERE  id = ''  
2017-07-14 21:12:33 SELECT SQL : SELECT name FROM countries WHERE  id = '5'  
2017-07-14 21:12:33 SELECT SQL : SELECT name FROM branches WHERE  id = '12'  
2017-07-14 21:12:33 SELECT SQL : SELECT name FROM branches WHERE  id = '0'  
2017-07-14 21:12:33 SELECT SQL : SELECT name FROM currencies WHERE  id = '0'  
2017-07-14 21:12:33 SELECT SQL : SELECT userName FROM users WHERE  id = '2'  
2017-07-14 21:12:33 SELECT SQL : SELECT userName FROM users WHERE  id = ''  
2017-07-14 21:12:33 SELECT SQL : SELECT name FROM countries WHERE  id = '5'  
2017-07-14 21:12:33 SELECT SQL : SELECT name FROM branches WHERE  id = '12'  
2017-07-14 21:12:33 SELECT SQL : SELECT name FROM branches WHERE  id = '0'  
2017-07-14 21:12:33 SELECT SQL : SELECT name FROM currencies WHERE  id = '0'  
2017-07-14 21:12:33 SELECT SQL : SELECT userName FROM users WHERE  id = '2'  
2017-07-14 21:12:33 SELECT SQL : SELECT userName FROM users WHERE  id = ''  
2017-07-14 21:12:33 SELECT SQL : SELECT name FROM countries WHERE  id = '5'  
2017-07-14 21:12:33 SELECT SQL : SELECT name FROM branches WHERE  id = '12'  
2017-07-14 21:12:33 SELECT SQL : SELECT name FROM branches WHERE  id = '0'  
2017-07-14 21:12:33 SELECT SQL : SELECT name FROM currencies WHERE  id = '0'  
2017-07-14 21:12:33 SELECT SQL : SELECT userName FROM users WHERE  id = '2'  
2017-07-14 21:12:33 SELECT SQL : SELECT userName FROM users WHERE  id = ''  
2017-07-14 21:12:33 SELECT SQL : SELECT name FROM countries WHERE  id = '5'  
2017-07-14 21:12:33 SELECT SQL : SELECT name FROM branches WHERE  id = '12'  
2017-07-14 21:12:33 SELECT SQL : SELECT name FROM branches WHERE  id = '11'  
2017-07-14 21:12:33 SELECT SQL : SELECT name FROM currencies WHERE  id = '11'  
2017-07-14 21:12:33 SELECT SQL : SELECT userName FROM users WHERE  id = '2'  
2017-07-14 21:12:33 SELECT SQL : SELECT userName FROM users WHERE  id = '5'  
2017-07-14 21:12:33 SELECT SQL : SELECT name FROM countries WHERE  id = '5'  
2017-07-14 21:12:33 SELECT SQL : SELECT name FROM branches WHERE  id = '6'  
2017-07-14 21:12:33 SELECT SQL : SELECT name FROM branches WHERE  id = '12'  
2017-07-14 21:12:33 SELECT SQL : SELECT name FROM currencies WHERE  id = '12'  
2017-07-14 21:12:33 SELECT SQL : SELECT userName FROM users WHERE  id = '3'  
2017-07-14 21:12:33 SELECT SQL : SELECT userName FROM users WHERE  id = '2'  
2017-07-14 21:12:33 SELECT SQL : SELECT name FROM countries WHERE  id = '2'  
2017-07-14 21:12:33 SELECT SQL : SELECT name FROM branches WHERE  id = '12'  
2017-07-14 21:12:33 SELECT SQL : SELECT name FROM branches WHERE  id = '11'  
2017-07-14 21:12:33 SELECT SQL : SELECT name FROM currencies WHERE  id = '11'  
2017-07-14 21:12:33 SELECT SQL : SELECT userName FROM users WHERE  id = '2'  
2017-07-14 21:12:33 SELECT SQL : SELECT userName FROM users WHERE  id = '5'  
2017-07-14 21:12:33 SELECT SQL : SELECT name FROM countries WHERE  id = '5'  
2017-07-14 21:12:33 SELECT SQL : SELECT name FROM branches WHERE  id = '11'  
2017-07-14 21:12:33 SELECT SQL : SELECT name FROM branches WHERE  id = '12'  
2017-07-14 21:12:33 SELECT SQL : SELECT name FROM currencies WHERE  id = '12'  
2017-07-14 21:12:33 SELECT SQL : SELECT userName FROM users WHERE  id = '5'  
2017-07-14 21:12:33 SELECT SQL : SELECT userName FROM users WHERE  id = '2'  
2017-07-14 21:12:33 SELECT SQL : SELECT name FROM countries WHERE  id = '2'  
2017-07-14 21:12:33 SELECT SQL : SELECT name FROM branches WHERE  id = '12'  
2017-07-14 21:12:33 SELECT SQL : SELECT name FROM branches WHERE  id = '11'  
2017-07-14 21:12:33 SELECT SQL : SELECT name FROM currencies WHERE  id = '11'  
2017-07-14 21:12:33 SELECT SQL : SELECT userName FROM users WHERE  id = '2'  
2017-07-14 21:12:33 SELECT SQL : SELECT userName FROM users WHERE  id = '5'  
2017-07-14 21:12:33 SELECT SQL : SELECT name FROM countries WHERE  id = '5'  
2017-07-14 21:12:33 SELECT SQL : SELECT name FROM branches WHERE  id = '12'  
2017-07-14 21:12:33 SELECT SQL : SELECT name FROM branches WHERE  id = '11'  
2017-07-14 21:12:33 SELECT SQL : SELECT name FROM currencies WHERE  id = '11'  
2017-07-14 21:12:33 SELECT SQL : SELECT userName FROM users WHERE  id = '2'  
2017-07-14 21:12:33 SELECT SQL : SELECT userName FROM users WHERE  id = '5'  
2017-07-14 21:12:33 SELECT SQL : SELECT name FROM countries WHERE  id = '5'  
2017-07-14 21:12:33 Response : {"success":1,"data":[{"id":"29","fromBranch":"12","toBranch":"0","amount":"20080","currency":null,"charge":null,"transferRef":"01205229","userIdSource":"2","userIdDestination":null,"ts":"2017-07-14 18:00:00","withdrawTs":null,"status":"Pending","senderFname":"","senderSurname":"Khalid","senderPhone":"+254736675907","senderEmail":"","receiverFname":"Muhamedmuhamed","receiverSurname":"Hassan","receiverPhone":"+254790533658","receiverAccountNumber":"6228480086791851875","destinationCountryId":"5","fromBranchName":"NAIROBI","toBranchName":null,"agentSource":"dorah","agentDestination":null,"destinationCountry":null},{"id":"28","fromBranch":"12","toBranch":"0","amount":"62000","currency":null,"charge":null,"transferRef":"01205228","userIdSource":"2","userIdDestination":null,"ts":"2017-07-14 17:51:37","withdrawTs":null,"status":"Pending","senderFname":"","senderSurname":"Dorah","senderPhone":"+254736675907","senderEmail":"","receiverFname":"Norah","receiverSurname":"Li","receiverPhone":"+254790533658","receiverAccountNumber":"6217856400003523280","destinationCountryId":"5","fromBranchName":"NAIROBI","toBranchName":null,"agentSource":"dorah","agentDestination":null,"destinationCountry":null},{"id":"27","fromBranch":"12","toBranch":"0","amount":"5998300","currency":null,"charge":"1700","transferRef":"01205227","userIdSource":"2","userIdDestination":null,"ts":"2017-07-14 17:46:22","withdrawTs":null,"status":"Pending","senderFname":"","senderSurname":"Gu","senderPhone":"+254736675907","senderEmail":"","receiverFname":"Xiang","receiverSurname":"Gu","receiverPhone":"+254790533658","receiverAccountNumber":"6217866400003582680","destinationCountryId":"5","fromBranchName":"NAIROBI","toBranchName":null,"agentSource":"dorah","agentDestination":null,"destinationCountry":null},{"id":"26","fromBranch":"12","toBranch":"0","amount":"5998300","currency":null,"charge":"1700","transferRef":"01205226","userIdSource":"2","userIdDestination":null,"ts":"2017-07-14 17:46:21","withdrawTs":null,"status":"Pending","senderFname":"","senderSurname":"Gu","senderPhone":"+254736675907","senderEmail":"","receiverFname":"Xiang","receiverSurname":"Gu","receiverPhone":"+254790533658","receiverAccountNumber":"6217866400003582680","destinationCountryId":"5","fromBranchName":"NAIROBI","toBranchName":null,"agentSource":"dorah","agentDestination":null,"destinationCountry":null},{"id":"25","fromBranch":"12","toBranch":"0","amount":"5998300","currency":null,"charge":"1700","transferRef":"01205225","userIdSource":"2","userIdDestination":null,"ts":"2017-07-14 17:46:21","withdrawTs":null,"status":"Pending","senderFname":"","senderSurname":"Gu","senderPhone":"+254736675907","senderEmail":"","receiverFname":"Xiang","receiverSurname":"Gu","receiverPhone":"+254790533658","receiverAccountNumber":"6217866400003582680","destinationCountryId":"5","fromBranchName":"NAIROBI","toBranchName":null,"agentSource":"dorah","agentDestination":null,"destinationCountry":null},{"id":"24","fromBranch":"12","toBranch":"0","amount":"5998300","currency":null,"charge":"1700","transferRef":"01205224","userIdSource":"2","userIdDestination":null,"ts":"2017-07-14 17:46:20","withdrawTs":null,"status":"Pending","senderFname":"","senderSurname":"Gu","senderPhone":"+254736675907","senderEmail":"","receiverFname":"Xiang","receiverSurname":"Gu","receiverPhone":"+254790533658","receiverAccountNumber":"6217866400003582680","destinationCountryId":"5","fromBranchName":"NAIROBI","toBranchName":null,"agentSource":"dorah","agentDestination":null,"destinationCountry":null},{"id":"23","fromBranch":"12","toBranch":"0","amount":"1998300","currency":null,"charge":"1700","transferRef":"01205223","userIdSource":"2","userIdDestination":null,"ts":"2017-07-14 17:38:38","withdrawTs":null,"status":"Pending","senderFname":"","senderSurname":"Dorah","senderPhone":"+254736675907","senderEmail":"","receiverFname":"Wei","receiverSurname":"Kevin","receiverPhone":"+254790533658","receiverAccountNumber":"6228490058001234877","destinationCountryId":"5","fromBranchName":"NAIROBI","toBranchName":null,"agentSource":"dorah","agentDestination":null,"destinationCountry":null},{"id":"22","fromBranch":"12","toBranch":"0","amount":"419144","currency":null,"charge":"1700","transferRef":"01205222","userIdSource":"2","userIdDestination":null,"ts":"2017-07-14 17:32:19","withdrawTs":null,"status":"Pending","senderFname":"","senderSurname":"Dorah","senderPhone":"+254736675907","senderEmail":"","receiverFname":"Chen","receiverSurname":"Gan","receiverPhone":"+254790533658","receiverAccountNumber":"6217560800000333848","destinationCountryId":"5","fromBranchName":"NAIROBI","toBranchName":null,"agentSource":"dorah","agentDestination":null,"destinationCountry":null},{"id":"6","fromBranch":"12","toBranch":"11","amount":"310000","currency":null,"charge":"1700","transferRef":"0120526","userIdSource":"2","userIdDestination":"5","ts":"2017-07-13 07:08:30","withdrawTs":"2017-07-13 10:07:27","status":"Success","senderFname":"","senderSurname":"DORAH","senderPhone":"0776000064","senderEmail":"","receiverFname":"JI","receiverSurname":"ZHONGXIANG","receiverPhone":"0776000064","receiverAccountNumber":"6214830284870333","destinationCountryId":"5","fromBranchName":"NAIROBI","toBranchName":"CHINA","agentSource":"dorah","agentDestination":"henry","destinationCountry":null},{"id":"5","fromBranch":"6","toBranch":"12","amount":"43000","currency":null,"charge":null,"transferRef":"0060235","userIdSource":"3","userIdDestination":"2","ts":"2017-07-13 07:05:29","withdrawTs":"2017-07-13 10:07:54","status":"Success","senderFname":"","senderSurname":"LIN","senderPhone":"0776000064","senderEmail":"","receiverFname":"GAN","receiverSurname":"WEI","receiverPhone":"0776000064","receiverAccountNumber":null,"destinationCountryId":"2","fromBranchName":"OASIS MALL","toBranchName":"NAIROBI","agentSource":"lydia","agentDestination":"dorah","destinationCountry":null},{"id":"4","fromBranch":"12","toBranch":"11","amount":"27800","currency":null,"charge":"1700","transferRef":"0120524","userIdSource":"2","userIdDestination":"5","ts":"2017-07-13 06:54:47","withdrawTs":"2017-07-13 09:07:20","status":"Success","senderFname":"","senderSurname":"LIN","senderPhone":"0776000064","senderEmail":"","receiverFname":"FENG","receiverSurname":"YANQING","receiverPhone":"0776000064","receiverAccountNumber":"6217900100010491556","destinationCountryId":"5","fromBranchName":"NAIROBI","toBranchName":"CHINA","agentSource":"dorah","agentDestination":"henry","destinationCountry":null},{"id":"3","fromBranch":"11","toBranch":"12","amount":"8500","currency":null,"charge":null,"transferRef":"0110253","userIdSource":"5","userIdDestination":"2","ts":"2017-07-13 06:45:58","withdrawTs":"2017-07-13 09:07:16","status":"Success","senderFname":"","senderSurname":"LIN","senderPhone":"0776000064","senderEmail":"","receiverFname":"LIN","receiverSurname":"HUIFENG","receiverPhone":"0776000064","receiverAccountNumber":null,"destinationCountryId":"2","fromBranchName":"CHINA","toBranchName":"NAIROBI","agentSource":"henry","agentDestination":"dorah","destinationCountry":null},{"id":"2","fromBranch":"12","toBranch":"11","amount":"1554000","currency":null,"charge":"1700","transferRef":"0120522","userIdSource":"2","userIdDestination":"5","ts":"2017-07-13 06:38:06","withdrawTs":"2017-07-13 09:07:39","status":"Success","senderFname":"","senderSurname":"DORAH","senderPhone":"0776000064","senderEmail":"","receiverFname":"LIN","receiverSurname":"CHUNXIANG","receiverPhone":"0776000064","receiverAccountNumber":"6013820500995515933","destinationCountryId":"5","fromBranchName":"NAIROBI","toBranchName":"CHINA","agentSource":"dorah","agentDestination":"henry","destinationCountry":null},{"id":"1","fromBranch":"12","toBranch":"11","amount":"2998300","currency":null,"charge":"1700","transferRef":"0120521","userIdSource":"2","userIdDestination":"5","ts":"2017-07-13 06:36:47","withdrawTs":"2017-07-13 09:07:42","status":"Success","senderFname":"","senderSurname":"DORAH","senderPhone":"0776000064","senderEmail":"","receiverFname":"LU","receiverSurname":"LILI","receiverPhone":"0776000064","receiverAccountNumber":"6228490058001234877","destinationCountryId":"5","fromBranchName":"NAIROBI","toBranchName":"CHINA","agentSource":"dorah","agentDestination":"henry","destinationCountry":null}]}
2017-07-14 21:14:26 ---- New Request ----
2017-07-14 21:14:26 Controller : Transfers
2017-07-14 21:14:26 Method : getbalancesAction
2017-07-14 21:14:26 Controller File : controllers/Transfers.class.php, Exists
2017-07-14 21:14:26 Class constructed
2017-07-14 21:14:26 Class constructed
2017-07-14 21:14:26 UserID : 2
SessionId : bvxeoIGqdqzkJ7kt16YyI7e4j7p5j8wP
Branch ID : 12
Date : 
2017-07-14 21:14:26 SELECT SQL : SELECT sessionId,branchId,userTypeId FROM users WHERE  id = '2'  
2017-07-14 21:14:26 SELECT SQL : SELECT closingBalance,openingBalance,accountId,branchId,date FROM balances WHERE  date = '2017-07-14' AND branchId = '12'  
2017-07-14 21:14:26 SELECT SQL : SELECT name FROM accounts WHERE  id = '33'  
2017-07-14 21:14:26 SELECT SQL : SELECT name FROM branches WHERE  id = '12'  
2017-07-14 21:14:26 SELECT SQL : SELECT name FROM accounts WHERE  id = '36'  
2017-07-14 21:14:26 SELECT SQL : SELECT name FROM branches WHERE  id = '12'  
2017-07-14 21:14:26 Response : {"success":1,"data":[{"closingBalance":"-22821","openingBalance":"-42901","accountId":"33","branchId":"12","date":"2017-07-14","accountName":"NAIROBI-USD Account","branchName":"NAIROBI"},{"closingBalance":"31289171","openingBalance":"4816527","accountId":"36","branchId":"12","date":"2017-07-14","accountName":"NAIROBI-KSH Account","branchName":"NAIROBI"}]}
