2017-07-15 12:05:46 ---- New Request ----
2017-07-15 12:05:46 Controller : Transfers
2017-07-15 12:05:46 Method : getallaccountbalancesAction
2017-07-15 12:05:46 Controller File : controllers/Transfers.class.php, Exists
2017-07-15 12:05:46 Class constructed
2017-07-15 12:05:46 Class constructed
2017-07-15 12:05:46 UserID : 2
SessionId : l4XbQorSpZwkk6n6k5ZOrOrLncCYzqxV
Branch ID : 12
2017-07-15 12:05:46 SELECT SQL : SELECT sessionId FROM users WHERE  id = '2'  
2017-07-15 12:05:46 SELECT SQL : SELECT name,id FROM accounts WHERE  active = '1' AND branchId = '12'  
2017-07-15 12:05:46 SELECT SQL : SELECT name FROM branches WHERE  id = '12'  
2017-07-15 12:05:46 Response : {"success":1,"data":[{"name":"NAIROBI-USD Account","id":"33","balance":-22821},{"name":"NAIROBI-KSH Account","id":"36","balance":31409403}],"branchName":"NAIROBI"}
2017-07-15 12:06:26 ---- New Request ----
2017-07-15 12:06:26 Controller : Reports
2017-07-15 12:06:26 Method : gettransferlogsAction
2017-07-15 12:06:26 Controller File : controllers/Reports.class.php, Exists
2017-07-15 12:06:26 Class constructed
2017-07-15 12:06:26 Class constructed
2017-07-15 12:06:26 UserID : 2
SessionId : l4XbQorSpZwkk6n6k5ZOrOrLncCYzqxV
Branch ID : 12
Date : 
Account ID : 
2017-07-15 12:06:26 SELECT SQL : SELECT sessionId,branchId,userTypeId FROM users WHERE  id = '2'  
2017-07-15 12:06:26 SELECT SQL : SELECT id,fromBranch,toBranch,amount,currency,charge,transferRef,userIdSource,userIdDestination,ts,withdrawTs,status,senderFname,senderSurname,senderPhone,senderEmail,receiverFname,receiverSurname,receiverPhone,receiverAccountNumber,destinationCountryId FROM transfers WHERE  fromBranch = '12'  OR toBranch = '12'  ORDER BY ts DESC LIMIT 20
2017-07-15 12:06:26 SELECT SQL : SELECT name FROM branches WHERE  id = '12'  
2017-07-15 12:06:26 SELECT SQL : SELECT name FROM branches WHERE  id = '0'  
2017-07-15 12:06:26 SELECT SQL : SELECT name FROM currencies WHERE  id = '0'  
2017-07-15 12:06:26 SELECT SQL : SELECT userName FROM users WHERE  id = '2'  
2017-07-15 12:06:26 SELECT SQL : SELECT userName FROM users WHERE  id = ''  
2017-07-15 12:06:26 SELECT SQL : SELECT name FROM countries WHERE  id = '5'  
2017-07-15 12:06:26 SELECT SQL : SELECT name FROM branches WHERE  id = '12'  
2017-07-15 12:06:26 SELECT SQL : SELECT name FROM branches WHERE  id = '0'  
2017-07-15 12:06:26 SELECT SQL : SELECT name FROM currencies WHERE  id = '0'  
2017-07-15 12:06:26 SELECT SQL : SELECT userName FROM users WHERE  id = '2'  
2017-07-15 12:06:26 SELECT SQL : SELECT userName FROM users WHERE  id = ''  
2017-07-15 12:06:26 SELECT SQL : SELECT name FROM countries WHERE  id = '5'  
2017-07-15 12:06:26 SELECT SQL : SELECT name FROM branches WHERE  id = '12'  
2017-07-15 12:06:26 SELECT SQL : SELECT name FROM branches WHERE  id = '0'  
2017-07-15 12:06:26 SELECT SQL : SELECT name FROM currencies WHERE  id = '0'  
2017-07-15 12:06:26 SELECT SQL : SELECT userName FROM users WHERE  id = '2'  
2017-07-15 12:06:26 SELECT SQL : SELECT userName FROM users WHERE  id = ''  
2017-07-15 12:06:26 SELECT SQL : SELECT name FROM countries WHERE  id = '5'  
2017-07-15 12:06:26 SELECT SQL : SELECT name FROM branches WHERE  id = '12'  
2017-07-15 12:06:26 SELECT SQL : SELECT name FROM branches WHERE  id = '0'  
2017-07-15 12:06:26 SELECT SQL : SELECT name FROM currencies WHERE  id = '0'  
2017-07-15 12:06:26 SELECT SQL : SELECT userName FROM users WHERE  id = '2'  
2017-07-15 12:06:26 SELECT SQL : SELECT userName FROM users WHERE  id = ''  
2017-07-15 12:06:26 SELECT SQL : SELECT name FROM countries WHERE  id = '5'  
2017-07-15 12:06:26 SELECT SQL : SELECT name FROM branches WHERE  id = '12'  
2017-07-15 12:06:26 SELECT SQL : SELECT name FROM branches WHERE  id = '0'  
2017-07-15 12:06:26 SELECT SQL : SELECT name FROM currencies WHERE  id = '0'  
2017-07-15 12:06:26 SELECT SQL : SELECT userName FROM users WHERE  id = '2'  
2017-07-15 12:06:26 SELECT SQL : SELECT userName FROM users WHERE  id = ''  
2017-07-15 12:06:26 SELECT SQL : SELECT name FROM countries WHERE  id = '5'  
2017-07-15 12:06:26 SELECT SQL : SELECT name FROM branches WHERE  id = '12'  
2017-07-15 12:06:26 SELECT SQL : SELECT name FROM branches WHERE  id = '0'  
2017-07-15 12:06:26 SELECT SQL : SELECT name FROM currencies WHERE  id = '0'  
2017-07-15 12:06:26 SELECT SQL : SELECT userName FROM users WHERE  id = '2'  
2017-07-15 12:06:26 SELECT SQL : SELECT userName FROM users WHERE  id = ''  
2017-07-15 12:06:26 SELECT SQL : SELECT name FROM countries WHERE  id = '5'  
2017-07-15 12:06:26 SELECT SQL : SELECT name FROM branches WHERE  id = '12'  
2017-07-15 12:06:26 SELECT SQL : SELECT name FROM branches WHERE  id = '0'  
2017-07-15 12:06:26 SELECT SQL : SELECT name FROM currencies WHERE  id = '0'  
2017-07-15 12:06:26 SELECT SQL : SELECT userName FROM users WHERE  id = '2'  
2017-07-15 12:06:26 SELECT SQL : SELECT userName FROM users WHERE  id = ''  
2017-07-15 12:06:26 SELECT SQL : SELECT name FROM countries WHERE  id = '5'  
2017-07-15 12:06:26 SELECT SQL : SELECT name FROM branches WHERE  id = '12'  
2017-07-15 12:06:26 SELECT SQL : SELECT name FROM branches WHERE  id = '0'  
2017-07-15 12:06:26 SELECT SQL : SELECT name FROM currencies WHERE  id = '0'  
2017-07-15 12:06:26 SELECT SQL : SELECT userName FROM users WHERE  id = '2'  
2017-07-15 12:06:26 SELECT SQL : SELECT userName FROM users WHERE  id = ''  
2017-07-15 12:06:26 SELECT SQL : SELECT name FROM countries WHERE  id = '5'  
2017-07-15 12:06:26 SELECT SQL : SELECT name FROM branches WHERE  id = '12'  
2017-07-15 12:06:26 SELECT SQL : SELECT name FROM branches WHERE  id = '0'  
2017-07-15 12:06:26 SELECT SQL : SELECT name FROM currencies WHERE  id = '0'  
2017-07-15 12:06:26 SELECT SQL : SELECT userName FROM users WHERE  id = '2'  
2017-07-15 12:06:26 SELECT SQL : SELECT userName FROM users WHERE  id = ''  
2017-07-15 12:06:26 SELECT SQL : SELECT name FROM countries WHERE  id = '5'  
2017-07-15 12:06:26 SELECT SQL : SELECT name FROM branches WHERE  id = '12'  
2017-07-15 12:06:26 SELECT SQL : SELECT name FROM branches WHERE  id = '11'  
2017-07-15 12:06:26 SELECT SQL : SELECT name FROM currencies WHERE  id = '11'  
2017-07-15 12:06:26 SELECT SQL : SELECT userName FROM users WHERE  id = '2'  
2017-07-15 12:06:26 SELECT SQL : SELECT userName FROM users WHERE  id = '5'  
2017-07-15 12:06:26 SELECT SQL : SELECT name FROM countries WHERE  id = '5'  
2017-07-15 12:06:26 SELECT SQL : SELECT name FROM branches WHERE  id = '6'  
2017-07-15 12:06:26 SELECT SQL : SELECT name FROM branches WHERE  id = '12'  
2017-07-15 12:06:26 SELECT SQL : SELECT name FROM currencies WHERE  id = '12'  
2017-07-15 12:06:26 SELECT SQL : SELECT userName FROM users WHERE  id = '3'  
2017-07-15 12:06:26 SELECT SQL : SELECT userName FROM users WHERE  id = '2'  
2017-07-15 12:06:26 SELECT SQL : SELECT name FROM countries WHERE  id = '2'  
2017-07-15 12:06:26 SELECT SQL : SELECT name FROM branches WHERE  id = '12'  
2017-07-15 12:06:26 SELECT SQL : SELECT name FROM branches WHERE  id = '11'  
2017-07-15 12:06:26 SELECT SQL : SELECT name FROM currencies WHERE  id = '11'  
2017-07-15 12:06:26 SELECT SQL : SELECT userName FROM users WHERE  id = '2'  
2017-07-15 12:06:26 SELECT SQL : SELECT userName FROM users WHERE  id = '5'  
2017-07-15 12:06:26 SELECT SQL : SELECT name FROM countries WHERE  id = '5'  
2017-07-15 12:06:26 SELECT SQL : SELECT name FROM branches WHERE  id = '11'  
2017-07-15 12:06:26 SELECT SQL : SELECT name FROM branches WHERE  id = '12'  
2017-07-15 12:06:26 SELECT SQL : SELECT name FROM currencies WHERE  id = '12'  
2017-07-15 12:06:26 SELECT SQL : SELECT userName FROM users WHERE  id = '5'  
2017-07-15 12:06:26 SELECT SQL : SELECT userName FROM users WHERE  id = '2'  
2017-07-15 12:06:26 SELECT SQL : SELECT name FROM countries WHERE  id = '2'  
2017-07-15 12:06:26 SELECT SQL : SELECT name FROM branches WHERE  id = '12'  
2017-07-15 12:06:26 SELECT SQL : SELECT name FROM branches WHERE  id = '11'  
2017-07-15 12:06:26 SELECT SQL : SELECT name FROM currencies WHERE  id = '11'  
2017-07-15 12:06:26 SELECT SQL : SELECT userName FROM users WHERE  id = '2'  
2017-07-15 12:06:26 SELECT SQL : SELECT userName FROM users WHERE  id = '5'  
2017-07-15 12:06:26 SELECT SQL : SELECT name FROM countries WHERE  id = '5'  
2017-07-15 12:06:26 SELECT SQL : SELECT name FROM branches WHERE  id = '12'  
2017-07-15 12:06:26 SELECT SQL : SELECT name FROM branches WHERE  id = '11'  
2017-07-15 12:06:26 SELECT SQL : SELECT name FROM currencies WHERE  id = '11'  
2017-07-15 12:06:26 SELECT SQL : SELECT userName FROM users WHERE  id = '2'  
2017-07-15 12:06:26 SELECT SQL : SELECT userName FROM users WHERE  id = '5'  
2017-07-15 12:06:26 SELECT SQL : SELECT name FROM countries WHERE  id = '5'  
2017-07-15 12:06:26 Response : {"success":1,"data":[{"id":"30","fromBranch":"12","toBranch":"0","amount":"1572","currency":null,"charge":null,"transferRef":"01205230","userIdSource":"2","userIdDestination":null,"ts":"2017-07-14 19:18:10","withdrawTs":null,"status":"Pending","senderFname":"","senderSurname":"Khalid","senderPhone":"+254736675907","senderEmail":"","receiverFname":"Muhamedmuhamed","receiverSurname":"Hassan","receiverPhone":"+254790533658","receiverAccountNumber":"","destinationCountryId":"5","fromBranchName":"NAIROBI","toBranchName":null,"agentSource":"dorah","agentDestination":null,"destinationCountry":null},{"id":"29","fromBranch":"12","toBranch":"0","amount":"20080","currency":null,"charge":null,"transferRef":"01205229","userIdSource":"2","userIdDestination":null,"ts":"2017-07-14 18:00:00","withdrawTs":null,"status":"Pending","senderFname":"","senderSurname":"Khalid","senderPhone":"+254736675907","senderEmail":"","receiverFname":"Muhamedmuhamed","receiverSurname":"Hassan","receiverPhone":"+254790533658","receiverAccountNumber":"6228480086791851875","destinationCountryId":"5","fromBranchName":"NAIROBI","toBranchName":null,"agentSource":"dorah","agentDestination":null,"destinationCountry":null},{"id":"28","fromBranch":"12","toBranch":"0","amount":"62000","currency":null,"charge":null,"transferRef":"01205228","userIdSource":"2","userIdDestination":null,"ts":"2017-07-14 17:51:37","withdrawTs":null,"status":"Pending","senderFname":"","senderSurname":"Dorah","senderPhone":"+254736675907","senderEmail":"","receiverFname":"Norah","receiverSurname":"Li","receiverPhone":"+254790533658","receiverAccountNumber":"6217856400003523280","destinationCountryId":"5","fromBranchName":"NAIROBI","toBranchName":null,"agentSource":"dorah","agentDestination":null,"destinationCountry":null},{"id":"27","fromBranch":"12","toBranch":"0","amount":"5998300","currency":null,"charge":"1700","transferRef":"01205227","userIdSource":"2","userIdDestination":null,"ts":"2017-07-14 17:46:22","withdrawTs":null,"status":"Pending","senderFname":"","senderSurname":"Gu","senderPhone":"+254736675907","senderEmail":"","receiverFname":"Xiang","receiverSurname":"Gu","receiverPhone":"+254790533658","receiverAccountNumber":"6217866400003582680","destinationCountryId":"5","fromBranchName":"NAIROBI","toBranchName":null,"agentSource":"dorah","agentDestination":null,"destinationCountry":null},{"id":"26","fromBranch":"12","toBranch":"0","amount":"5998300","currency":null,"charge":"1700","transferRef":"01205226","userIdSource":"2","userIdDestination":null,"ts":"2017-07-14 17:46:21","withdrawTs":null,"status":"Pending","senderFname":"","senderSurname":"Gu","senderPhone":"+254736675907","senderEmail":"","receiverFname":"Xiang","receiverSurname":"Gu","receiverPhone":"+254790533658","receiverAccountNumber":"6217866400003582680","destinationCountryId":"5","fromBranchName":"NAIROBI","toBranchName":null,"agentSource":"dorah","agentDestination":null,"destinationCountry":null},{"id":"25","fromBranch":"12","toBranch":"0","amount":"5998300","currency":null,"charge":"1700","transferRef":"01205225","userIdSource":"2","userIdDestination":null,"ts":"2017-07-14 17:46:21","withdrawTs":null,"status":"Pending","senderFname":"","senderSurname":"Gu","senderPhone":"+254736675907","senderEmail":"","receiverFname":"Xiang","receiverSurname":"Gu","receiverPhone":"+254790533658","receiverAccountNumber":"6217866400003582680","destinationCountryId":"5","fromBranchName":"NAIROBI","toBranchName":null,"agentSource":"dorah","agentDestination":null,"destinationCountry":null},{"id":"24","fromBranch":"12","toBranch":"0","amount":"5998300","currency":null,"charge":"1700","transferRef":"01205224","userIdSource":"2","userIdDestination":null,"ts":"2017-07-14 17:46:20","withdrawTs":null,"status":"Pending","senderFname":"","senderSurname":"Gu","senderPhone":"+254736675907","senderEmail":"","receiverFname":"Xiang","receiverSurname":"Gu","receiverPhone":"+254790533658","receiverAccountNumber":"6217866400003582680","destinationCountryId":"5","fromBranchName":"NAIROBI","toBranchName":null,"agentSource":"dorah","agentDestination":null,"destinationCountry":null},{"id":"23","fromBranch":"12","toBranch":"0","amount":"1998300","currency":null,"charge":"1700","transferRef":"01205223","userIdSource":"2","userIdDestination":null,"ts":"2017-07-14 17:38:38","withdrawTs":null,"status":"Pending","senderFname":"","senderSurname":"Dorah","senderPhone":"+254736675907","senderEmail":"","receiverFname":"Wei","receiverSurname":"Kevin","receiverPhone":"+254790533658","receiverAccountNumber":"6228490058001234877","destinationCountryId":"5","fromBranchName":"NAIROBI","toBranchName":null,"agentSource":"dorah","agentDestination":null,"destinationCountry":null},{"id":"22","fromBranch":"12","toBranch":"0","amount":"419144","currency":null,"charge":"1700","transferRef":"01205222","userIdSource":"2","userIdDestination":null,"ts":"2017-07-14 17:32:19","withdrawTs":null,"status":"Pending","senderFname":"","senderSurname":"Dorah","senderPhone":"+254736675907","senderEmail":"","receiverFname":"Chen","receiverSurname":"Gan","receiverPhone":"+254790533658","receiverAccountNumber":"6217560800000333848","destinationCountryId":"5","fromBranchName":"NAIROBI","toBranchName":null,"agentSource":"dorah","agentDestination":null,"destinationCountry":null},{"id":"6","fromBranch":"12","toBranch":"11","amount":"310000","currency":null,"charge":"1700","transferRef":"0120526","userIdSource":"2","userIdDestination":"5","ts":"2017-07-13 07:08:30","withdrawTs":"2017-07-13 10:07:27","status":"Success","senderFname":"","senderSurname":"DORAH","senderPhone":"0776000064","senderEmail":"","receiverFname":"JI","receiverSurname":"ZHONGXIANG","receiverPhone":"0776000064","receiverAccountNumber":"6214830284870333","destinationCountryId":"5","fromBranchName":"NAIROBI","toBranchName":"CHINA","agentSource":"dorah","agentDestination":"henry","destinationCountry":null},{"id":"5","fromBranch":"6","toBranch":"12","amount":"43000","currency":null,"charge":null,"transferRef":"0060235","userIdSource":"3","userIdDestination":"2","ts":"2017-07-13 07:05:29","withdrawTs":"2017-07-13 10:07:54","status":"Success","senderFname":"","senderSurname":"LIN","senderPhone":"0776000064","senderEmail":"","receiverFname":"GAN","receiverSurname":"WEI","receiverPhone":"0776000064","receiverAccountNumber":null,"destinationCountryId":"2","fromBranchName":"OASIS MALL","toBranchName":"NAIROBI","agentSource":"lydia","agentDestination":"dorah","destinationCountry":null},{"id":"4","fromBranch":"12","toBranch":"11","amount":"27800","currency":null,"charge":"1700","transferRef":"0120524","userIdSource":"2","userIdDestination":"5","ts":"2017-07-13 06:54:47","withdrawTs":"2017-07-13 09:07:20","status":"Success","senderFname":"","senderSurname":"LIN","senderPhone":"0776000064","senderEmail":"","receiverFname":"FENG","receiverSurname":"YANQING","receiverPhone":"0776000064","receiverAccountNumber":"6217900100010491556","destinationCountryId":"5","fromBranchName":"NAIROBI","toBranchName":"CHINA","agentSource":"dorah","agentDestination":"henry","destinationCountry":null},{"id":"3","fromBranch":"11","toBranch":"12","amount":"8500","currency":null,"charge":null,"transferRef":"0110253","userIdSource":"5","userIdDestination":"2","ts":"2017-07-13 06:45:58","withdrawTs":"2017-07-13 09:07:16","status":"Success","senderFname":"","senderSurname":"LIN","senderPhone":"0776000064","senderEmail":"","receiverFname":"LIN","receiverSurname":"HUIFENG","receiverPhone":"0776000064","receiverAccountNumber":null,"destinationCountryId":"2","fromBranchName":"CHINA","toBranchName":"NAIROBI","agentSource":"henry","agentDestination":"dorah","destinationCountry":null},{"id":"2","fromBranch":"12","toBranch":"11","amount":"1554000","currency":null,"charge":"1700","transferRef":"0120522","userIdSource":"2","userIdDestination":"5","ts":"2017-07-13 06:38:06","withdrawTs":"2017-07-13 09:07:39","status":"Success","senderFname":"","senderSurname":"DORAH","senderPhone":"0776000064","senderEmail":"","receiverFname":"LIN","receiverSurname":"CHUNXIANG","receiverPhone":"0776000064","receiverAccountNumber":"6013820500995515933","destinationCountryId":"5","fromBranchName":"NAIROBI","toBranchName":"CHINA","agentSource":"dorah","agentDestination":"henry","destinationCountry":null},{"id":"1","fromBranch":"12","toBranch":"11","amount":"2998300","currency":null,"charge":"1700","transferRef":"0120521","userIdSource":"2","userIdDestination":"5","ts":"2017-07-13 06:36:47","withdrawTs":"2017-07-13 09:07:42","status":"Success","senderFname":"","senderSurname":"DORAH","senderPhone":"0776000064","senderEmail":"","receiverFname":"LU","receiverSurname":"LILI","receiverPhone":"0776000064","receiverAccountNumber":"6228490058001234877","destinationCountryId":"5","fromBranchName":"NAIROBI","toBranchName":"CHINA","agentSource":"dorah","agentDestination":"henry","destinationCountry":null}]}
