2017-07-14 20:15:35 ---- New Request ----
2017-07-14 20:15:35 Controller : Users
2017-07-14 20:15:35 Method : loginAction
2017-07-14 20:15:35 Controller File : controllers/Users.class.php, Exists
2017-07-14 20:15:35 Class constructed
2017-07-14 20:15:35 Login Params ;Username :dorah
Password : ******
2017-07-14 20:15:35 SELECT SQL : SELECT id,firstName,surname,userName,userTypeId,sessionId,password,active,branchId FROM users WHERE  userName = 'dorah'  
2017-07-14 20:15:35 SELECT SQL : SELECT name FROM branches WHERE  id = '12'  
2017-07-14 20:15:35 UPDATE SQL : UPDATE users SET sessionId = 'R3SufYRbv0UR0ekhZnp7jccacNtLnjdk',ipAddress = '154.77.3.4' WHERE  id = '2' 
2017-07-14 20:15:35 Response : {"success":1,"data":{"id":"2","firstName":"Nansubuga","surname":"Dorothy","userName":"dorah","userTypeId":"3","sessionId":"R3SufYRbv0UR0ekhZnp7jccacNtLnjdk","branchId":"12","branchName":"NAIROBI"}}
2017-07-14 20:15:37 ---- New Request ----
2017-07-14 20:15:37 Controller : Users
2017-07-14 20:15:37 Method : formsdetailsAction
2017-07-14 20:15:37 Controller File : controllers/Users.class.php, Exists
2017-07-14 20:15:37 Class constructed
2017-07-14 20:15:37 Details Params :
SessionID :R3SufYRbv0UR0ekhZnp7jccacNtLnjdk
User ID : 2
2017-07-14 20:15:37 SELECT SQL : SELECT * FROM branches WHERE  active = '1'  
2017-07-14 20:15:37 SELECT SQL : SELECT * FROM countries WHERE  active = '1'  
2017-07-14 20:15:37 SELECT SQL : SELECT * FROM identification WHERE  active = '1'  
2017-07-14 20:15:37 SELECT SQL : SELECT * FROM users WHERE  active = '1'  
2017-07-14 20:15:37 SELECT SQL : SELECT id,name,branchId,currency_id FROM accounts WHERE  active = '1' AND type_id = '1'  
2017-07-14 20:15:37 Balance Update Params :
Branch Id : 5
Account ID : 16
Amount : 0
2017-07-14 20:15:37 SELECT SQL : SELECT * FROM balances WHERE  branchId = '5' AND accountId = '16'  
2017-07-14 20:15:37 SELECT SQL : SELECT * FROM balances WHERE  branchId = '5' AND accountId = '16' AND date = '2017-07-14'  
2017-07-14 20:15:37 UPDATE SQL : UPDATE balances SET closingBalance = '431989' WHERE  branchId = '5' AND accountId = '16' AND date = '2017-07-14' 
2017-07-14 20:15:37 Balance Update Status 2:1
 2017-07-14 20:15:37 Balance Update Params :
Branch Id : 6
Account ID : 20
Amount : 0
2017-07-14 20:15:37 SELECT SQL : SELECT * FROM balances WHERE  branchId = '6' AND accountId = '20'  
2017-07-14 20:15:37 Balance Update Params :
Branch Id : 6
Account ID : 21
Amount : 0
2017-07-14 20:15:37 SELECT SQL : SELECT * FROM balances WHERE  branchId = '6' AND accountId = '21'  
2017-07-14 20:15:37 SELECT SQL : SELECT * FROM balances WHERE  branchId = '6' AND accountId = '21' AND date = '2017-07-14'  
2017-07-14 20:15:37 UPDATE SQL : UPDATE balances SET closingBalance = '199110' WHERE  branchId = '6' AND accountId = '21' AND date = '2017-07-14' 
2017-07-14 20:15:37 Balance Update Status 2:1
 2017-07-14 20:15:37 Balance Update Params :
Branch Id : 6
Account ID : 22
Amount : 0
2017-07-14 20:15:37 SELECT SQL : SELECT * FROM balances WHERE  branchId = '6' AND accountId = '22'  
2017-07-14 20:15:37 Balance Update Params :
Branch Id : 6
Account ID : 23
Amount : 0
2017-07-14 20:15:37 SELECT SQL : SELECT * FROM balances WHERE  branchId = '6' AND accountId = '23'  
2017-07-14 20:15:37 SELECT SQL : SELECT * FROM balances WHERE  branchId = '6' AND accountId = '23' AND date = '2017-07-14'  
2017-07-14 20:15:37 UPDATE SQL : UPDATE balances SET closingBalance = '111321519' WHERE  branchId = '6' AND accountId = '23' AND date = '2017-07-14' 
2017-07-14 20:15:37 Balance Update Status 2:1
 2017-07-14 20:15:37 Balance Update Params :
Branch Id : 6
Account ID : 24
Amount : 0
2017-07-14 20:15:37 SELECT SQL : SELECT * FROM balances WHERE  branchId = '6' AND accountId = '24'  
2017-07-14 20:15:37 Balance Update Params :
Branch Id : 11
Account ID : 27
Amount : 0
2017-07-14 20:15:37 SELECT SQL : SELECT * FROM balances WHERE  branchId = '11' AND accountId = '27'  
2017-07-14 20:15:37 SELECT SQL : SELECT * FROM balances WHERE  branchId = '11' AND accountId = '27' AND date = '2017-07-14'  
2017-07-14 20:15:37 UPDATE SQL : UPDATE balances SET closingBalance = '-1072373.0692236' WHERE  branchId = '11' AND accountId = '27' AND date = '2017-07-14' 
2017-07-14 20:15:37 Balance Update Status 2:1
 2017-07-14 20:15:37 Balance Update Params :
Branch Id : 11
Account ID : 28
Amount : 0
2017-07-14 20:15:37 SELECT SQL : SELECT * FROM balances WHERE  branchId = '11' AND accountId = '28'  
2017-07-14 20:15:37 Balance Update Params :
Branch Id : 12
Account ID : 33
Amount : 0
2017-07-14 20:15:37 SELECT SQL : SELECT * FROM balances WHERE  branchId = '12' AND accountId = '33'  
2017-07-14 20:15:37 SELECT SQL : SELECT * FROM balances WHERE  branchId = '12' AND accountId = '33' AND date = '2017-07-14'  
2017-07-14 20:15:37 UPDATE SQL : UPDATE balances SET closingBalance = '-42901' WHERE  branchId = '12' AND accountId = '33' AND date = '2017-07-14' 
2017-07-14 20:15:37 Balance Update Status 2:1
 2017-07-14 20:15:37 Balance Update Params :
Branch Id : 12
Account ID : 36
Amount : 0
2017-07-14 20:15:37 SELECT SQL : SELECT * FROM balances WHERE  branchId = '12' AND accountId = '36'  
2017-07-14 20:15:37 SELECT SQL : SELECT * FROM balances WHERE  branchId = '12' AND accountId = '36' AND date = '2017-07-14'  
2017-07-14 20:15:37 UPDATE SQL : UPDATE balances SET closingBalance = '4816527' WHERE  branchId = '12' AND accountId = '36' AND date = '2017-07-14' 
2017-07-14 20:15:37 Balance Update Status 2:1
 2017-07-14 20:15:37 Balance Update Params :
Branch Id : 7
Account ID : 37
Amount : 0
2017-07-14 20:15:37 SELECT SQL : SELECT * FROM balances WHERE  branchId = '7' AND accountId = '37'  
2017-07-14 20:15:37 SELECT SQL : SELECT * FROM balances WHERE  branchId = '7' AND accountId = '37' AND date = '2017-07-14'  
2017-07-14 20:15:37 UPDATE SQL : UPDATE balances SET closingBalance = '104495' WHERE  branchId = '7' AND accountId = '37' AND date = '2017-07-14' 
2017-07-14 20:15:37 Balance Update Status 2:1
 2017-07-14 20:15:37 Balance Update Params :
Branch Id : 13
Account ID : 38
Amount : 0
2017-07-14 20:15:37 SELECT SQL : SELECT * FROM balances WHERE  branchId = '13' AND accountId = '38'  
2017-07-14 20:15:37 Balance Update Params :
Branch Id : 13
Account ID : 39
Amount : 0
2017-07-14 20:15:37 SELECT SQL : SELECT * FROM balances WHERE  branchId = '13' AND accountId = '39'  
2017-07-14 20:15:37 SELECT SQL : SELECT * FROM currencies WHERE  active = '1'  
2017-07-14 20:15:37 SELECT SQL : SELECT * FROM accounts WHERE  active = '1' AND type_id = '4'  
2017-07-14 20:15:37 SELECT SQL : SELECT * FROM account_types WHERE  active = '1'  
2017-07-14 20:15:37 SELECT SQL : SELECT * FROM user_types WHERE  active = '1'  
2017-07-14 20:15:37 Response : {"data":{"branches":[{"id":"5","name":"KINSHASHA","countryId":"4","location":"Patrice Avenue","supervisorId":"3","createdBy":"4","ts":"2017-06-30 00:06:55","active":"1"},{"id":"6","name":"OASIS MALL","countryId":"1","location":"Yusufu Lule Rd","supervisorId":"3","createdBy":"2","ts":"2017-06-30 00:12:08","active":"1"},{"id":"7","name":"GOMA","countryId":"4","location":"Goma","supervisorId":"3","createdBy":"1","ts":"2017-07-05 00:00:00","active":"1"},{"id":"9","name":"MOMBASA","countryId":"2","location":"Mombasa","supervisorId":"3","createdBy":"1","ts":"2017-07-05 00:00:00","active":"1"},{"id":"10","name":"DUBAI","countryId":"6","location":"Dubai","supervisorId":"3","createdBy":"1","ts":"2017-07-05 00:00:00","active":"1"},{"id":"11","name":"CHINA","countryId":"5","location":"China","supervisorId":"3","createdBy":"3","ts":"2017-07-05 13:23:17","active":"1"},{"id":"12","name":"NAIROBI","countryId":"2","location":"Nairobi","supervisorId":"3","createdBy":"3","ts":"2017-07-06 14:12:35","active":"1"},{"id":"13","name":"KAMPALA ROAD","countryId":"1","location":"kampala road","supervisorId":"3","createdBy":"3","ts":"2017-07-06 14:12:35","active":"1"}],"countries":[{"id":"1","name":"UGANDA","createdBy":"1","ts":"2017-06-25 23:13:31","active":"1"},{"id":"2","name":"KENYA","createdBy":"1","ts":"2017-06-26 09:02:45","active":"1"},{"id":"3","name":"TZ","createdBy":"1","ts":"2017-06-28 11:11:53","active":"1"},{"id":"4","name":"CONGO","createdBy":"1","ts":"2017-06-28 11:26:11","active":"1"},{"id":"5","name":"CHINA","createdBy":"1","ts":"2017-06-28 11:30:01","active":"1"},{"id":"6","name":"UAE","createdBy":"1","ts":"2017-07-05 00:00:00","active":"1"}],"ids":[[{"id":"1","name":"Passport","createdBy":"1","ts":"2017-06-28 14:00:01","active":"1"},{"id":"2","name":"National ID","createdBy":"1","ts":"2017-06-28 14:00:01","active":"1"},{"id":"3","name":"STUDENTS ID","createdBy":"1","ts":"2017-06-28 16:21:46","active":"1"}]],"users":[{"id":"1","firstName":"You","surname":"Jinshu","email":"hudsonbogere@swipeit.co.ug","phone":"256783131266","userName":"you","branchId":"0","userTypeId":"1","password":"$2y$10$pPGbhJ1RXx\/ug.ED3LnsQuKHJTqwYsa\/iF0OqGOgsjflkHKIDTLVq","sessionId":"KSTms8GEe36Gy41kXds63LMk2kJjROlO","ipAddress":"41.210.145.81","createdBy":null,"ts":"2017-06-23 15:08:12","active":"1"},{"id":"2","firstName":"Nansubuga","surname":"Dorothy","email":"henry@gmail.com","phone":"256752284441","userName":"dorah","branchId":"12","userTypeId":"3","password":"$2y$10$m72Zz8Z.h4\/Zp6TFDhmbXeQ79kZ7JJ2U0yLUanc0dDVxbc.5UPkRG","sessionId":"R3SufYRbv0UR0ekhZnp7jccacNtLnjdk","ipAddress":"154.77.3.4","createdBy":"1","ts":"2017-06-26 19:11:07","active":"1"},{"id":"3","firstName":"Lydia","surname":"Amoi","email":"islam@gmail.com","phone":"256777608310","userName":"lydia","branchId":"6","userTypeId":"2","password":"$2y$10$m72Zz8Z.h4\/Zp6TFDhmbXeQ79kZ7JJ2U0yLUanc0dDVxbc.5UPkRG","sessionId":"Rgg014Z5qx6tbZKlcfku3FD0GAol7ib6","ipAddress":"197.157.0.59","createdBy":"1","ts":"2017-06-26 19:41:01","active":"1"},{"id":"4","firstName":"Nabukera","surname":"Maria","email":"banerd@tfb.com","phone":"256774457813","userName":"maria","branchId":"5","userTypeId":"3","password":"$2y$10$wTpUE\/WJFMfQaBglrQocTO9ndV6dbxL2vzFDEJZ1hpVVp4binpXGO","sessionId":"2j737peotRAT4hBDtCrD3W5TzKuU5lnN","ipAddress":"197.157.211.81","createdBy":"1","ts":"2017-06-26 23:04:07","active":"1"},{"id":"5","firstName":"Henry","surname":"Bbosa","email":null,"phone":null,"userName":"henry","branchId":"11","userTypeId":"3","password":"$2y$10$m72Zz8Z.h4\/Zp6TFDhmbXeQ79kZ7JJ2U0yLUanc0dDVxbc.5UPkRG","sessionId":"B7Jvxy4i7CF1ccrrfFPeNdDXCEWHWJYa","ipAddress":"197.157.0.30","createdBy":"1","ts":"2017-07-05 00:00:00","active":"1"},{"id":"6","firstName":"Edwin","surname":"Kakeeto","email":"edwin@edwin.com","phone":"0777777557","userName":"edwin","branchId":"7","userTypeId":"3","password":"$2y$10$m72Zz8Z.h4\/Zp6TFDhmbXeQ79kZ7JJ2U0yLUanc0dDVxbc.5UPkRG","sessionId":"","ipAddress":"160.242.142.203","createdBy":"3","ts":"2017-07-10 07:37:50","active":"1"},{"id":"7","firstName":"Trish","surname":"Baby","email":"patricia@gmail.com","phone":"0777777557","userName":"trish","branchId":"13","userTypeId":"3","password":"$2y$10$m72Zz8Z.h4\/Zp6TFDhmbXeQ79kZ7JJ2U0yLUanc0dDVxbc.5UPkRG","sessionId":"","ipAddress":"197.157.0.59","createdBy":null,"ts":null,"active":"1"}],"accounts":[{"id":"16","name":"KINSHASHA-USD Account","branchId":"5","currency_id":"2"},{"id":"20","name":"OASIS MALL-RMB Account","branchId":"6","currency_id":"1"},{"id":"21","name":"OASIS MALL-USD Account","branchId":"6","currency_id":"2"},{"id":"22","name":"OASIS MALL-DIRHAM Account","branchId":"6","currency_id":"3"},{"id":"23","name":"OASIS MALL-UGX Account","branchId":"6","currency_id":"4"},{"id":"24","name":"OASIS MALL-KSH Account","branchId":"6","currency_id":"5"},{"id":"27","name":"CHINA-RMB Account","branchId":"11","currency_id":"1"},{"id":"28","name":"CHINA-USD Account","branchId":"11","currency_id":"2"},{"id":"33","name":"NAIROBI-USD Account","branchId":"12","currency_id":"2"},{"id":"36","name":"NAIROBI-KSH Account","branchId":"12","currency_id":"5"},{"id":"37","name":"GOMA-USD ACCOUNT","branchId":"7","currency_id":"2"},{"id":"38","name":"KAMPALA ROAD -USD ACCOUNT","branchId":"13","currency_id":"2"},{"id":"39","name":"KAMPALA ROAD- UGX ACCOUNT ","branchId":"13","currency_id":"4"}],"currencies":[{"id":"1","name":"RMB","symbol":"\u00c2\u00a5","createdBy":"1","ts":"2017-06-27 22:45:12","active":"1"},{"id":"2","name":"USD","symbol":"$","createdBy":"1","ts":"2017-06-27 22:45:12","active":"1"},{"id":"3","name":"DIRHAM","symbol":"","createdBy":"1","ts":"2017-06-28 11:40:09","active":"1"},{"id":"4","name":"UGX","symbol":"\/=","createdBy":"1","ts":"2017-06-28 11:46:50","active":"1"},{"id":"5","name":"KSH","symbol":"","createdBy":"1","ts":"2017-06-28 11:46:50","active":"1"}],"superaccount":[{"id":"1","name":"RMB Account","branchId":"0","type_id":"4","currency_id":"1","balance":"0","createdBy":"1","active":"1","ts":"2017-06-27 22:45:12"}],"accountTypes":[{"id":"1","type":"Transfer","description":"","createdBy":"1","ts":"2017-06-28 14:31:12","active":"1"},{"id":"2","type":"Suspense","description":"","createdBy":"1","ts":"2017-06-28 14:31:12","active":"1"},{"id":"4","type":"Super","description":"","createdBy":"1","ts":"2017-06-28 14:31:12","active":"1"}],"userTypes":[{"id":"1","name":"E-Value Admin","level":"1","ts":"2017-06-27 22:45:12","active":"1"},{"id":"2","name":"Super User","level":"2","ts":"2017-06-27 22:45:12","active":"1"},{"id":"3","name":"Agent","level":"3","ts":"2017-06-27 22:45:12","active":"1"},{"id":"4","name":"System Admin","level":"4","ts":"2017-06-27 22:45:12","active":"1"}]},"success":1}
2017-07-14 20:17:38 ---- New Request ----
2017-07-14 20:17:38 Controller : Transfers
2017-07-14 20:17:38 Method : getbalancesAction
2017-07-14 20:17:38 Controller File : controllers/Transfers.class.php, Exists
2017-07-14 20:17:38 Class constructed
2017-07-14 20:17:38 Class constructed
2017-07-14 20:17:38 UserID : 2
SessionId : R3SufYRbv0UR0ekhZnp7jccacNtLnjdk
Branch ID : 12
Date : 
2017-07-14 20:17:38 SELECT SQL : SELECT sessionId,branchId,userTypeId FROM users WHERE  id = '2'  
2017-07-14 20:17:38 SELECT SQL : SELECT closingBalance,openingBalance,accountId,branchId,date FROM balances WHERE  date = '2017-07-14' AND branchId = '12'  
2017-07-14 20:17:38 SELECT SQL : SELECT name FROM accounts WHERE  id = '33'  
2017-07-14 20:17:38 SELECT SQL : SELECT name FROM branches WHERE  id = '12'  
2017-07-14 20:17:38 SELECT SQL : SELECT name FROM accounts WHERE  id = '36'  
2017-07-14 20:17:38 SELECT SQL : SELECT name FROM branches WHERE  id = '12'  
2017-07-14 20:17:38 Response : {"success":1,"data":[{"closingBalance":"-42901","openingBalance":"-42901","accountId":"33","branchId":"12","date":"2017-07-14","accountName":"NAIROBI-USD Account","branchName":"NAIROBI"},{"closingBalance":"4816527","openingBalance":"4816527","accountId":"36","branchId":"12","date":"2017-07-14","accountName":"NAIROBI-KSH Account","branchName":"NAIROBI"}]}
2017-07-14 20:31:23 ---- New Request ----
2017-07-14 20:31:23 Controller : Transfers
2017-07-14 20:31:23 Method : createtransferAction
2017-07-14 20:31:23 Controller File : controllers/Transfers.class.php, Exists
2017-07-14 20:31:23 Class constructed
2017-07-14 20:31:23 Class constructed
2017-07-14 20:31:23 Transfer Creation Params ;Amount :419144\currencyid : 1
Country : 5
Charge : 1700
sfname : 
ssurname : Dorah
Account Number : 6217560800000333848
semail : 
sphone : +254736675907
sidtype : 0
sid : 0
rfname : Chen
rsurname : Gan
remail : 
rphone : +254790533658
Receiver Branch : 0
passcode : 
password : 
userid : 2
sessionid : R3SufYRbv0UR0ekhZnp7jccacNtLnjdk
Exchange Rate : 15.57
AmountAfterXchange : 26919.974309569683
Charge Currency : 52017-07-14 20:31:23 SELECT SQL : SELECT * FROM settings WHERE  name = 'SuspenseAccount'  
2017-07-14 20:31:23 SELECT SQL : SELECT * FROM settings WHERE  name = 'ToChinaAccount'  
2017-07-14 20:31:23 SELECT SQL : SELECT * FROM users WHERE  id = '2'  
2017-07-14 20:31:23 Response : {"success":0,"errormsg":"Sorry your transaction failed. Reason: Wrong Transaction Password."}
2017-07-14 20:32:19 ---- New Request ----
2017-07-14 20:32:19 Controller : Transfers
2017-07-14 20:32:19 Method : createtransferAction
2017-07-14 20:32:19 Controller File : controllers/Transfers.class.php, Exists
2017-07-14 20:32:19 Class constructed
2017-07-14 20:32:19 Class constructed
2017-07-14 20:32:19 Transfer Creation Params ;Amount :419144\currencyid : 1
Country : 5
Charge : 1700
sfname : 
ssurname : Dorah
Account Number : 6217560800000333848
semail : 
sphone : +254736675907
sidtype : 0
sid : 0
rfname : Chen
rsurname : Gan
remail : 
rphone : +254790533658
Receiver Branch : 0
passcode : ******
password : ******
userid : 2
sessionid : R3SufYRbv0UR0ekhZnp7jccacNtLnjdk
Exchange Rate : 15.57
AmountAfterXchange : 26919.974309569683
Charge Currency : 52017-07-14 20:32:19 SELECT SQL : SELECT * FROM settings WHERE  name = 'SuspenseAccount'  
2017-07-14 20:32:19 SELECT SQL : SELECT * FROM settings WHERE  name = 'ToChinaAccount'  
2017-07-14 20:32:19 SELECT SQL : SELECT * FROM users WHERE  id = '2'  
2017-07-14 20:32:19 INSERT SQL : INSERT INTO transfers  (ts,userIdSource,amount,currency,destinationCountryId,toBranch,senderFname,senderSurname,senderEmail,senderPhone,senderIdType,senderId,receiverFname,receiverSurname,receiverEmail,receiverPhone,charge,receiverAccountNumber,fromBranch,passcode,status,sourceIpAddress)  VALUES(NOW(),'2','419144','1','5','0','','Dorah','','+254736675907','0','0','Chen','Gan','','+254790533658','1700','6217560800000333848','12','$2y$10$8lelHnAiK19oZKBWsGAJ..zYYEc5BkEOQfY7sz5GX2.bI8WpGKJr6','Pending','154.77.3.4')
2017-07-14 20:32:19 SELECT SQL : SELECT id,transferRef FROM transfers WHERE  id = '22'  
2017-07-14 20:32:19 INSERT SQL : INSERT INTO audit_trails  (ts,userId,tableName,recordId,field,oldValue,newValue)  VALUES(NOW(),'2','transfers','22','transferRef','','01205222')
2017-07-14 20:32:19 audit_trails Insert ID : 141
2017-07-14 20:32:19 UPDATE SQL : UPDATE transfers SET transferRef = '01205222' WHERE  id = '22' 
2017-07-14 20:32:19 SELECT SQL : SELECT id FROM accounts WHERE  branchId = '12' AND currency_id = '5'  
2017-07-14 20:32:19 INSERT SQL : INSERT INTO account_transfers  (ts,amountAfterXchange,amountB4Xchange,currencyB4Xchange,currencyAfterXchange,exchangeRate,charge,chargeCurrency,type,amount,fromId,toId,transferRef,userId)  VALUES(NOW(),'26919.974309569683','419144','5','1','15.57','1700','5','transfer','419144','26','36','01205222','2')
2017-07-14 20:32:19 Balance Update Params :
Branch Id : 12
Account ID : 36
Amount : 419144
2017-07-14 20:32:19 SELECT SQL : SELECT * FROM balances WHERE  branchId = '12' AND accountId = '36'  
2017-07-14 20:32:19 SELECT SQL : SELECT * FROM balances WHERE  branchId = '12' AND accountId = '36' AND date = '2017-07-14'  
2017-07-14 20:32:19 UPDATE SQL : UPDATE balances SET closingBalance = '5235671' WHERE  branchId = '12' AND accountId = '36' AND date = '2017-07-14' 
2017-07-14 20:32:19 Balance Update Status 2:1
 2017-07-14 20:32:19 Balance Update Params :
Branch Id : 0
Account ID : 26
Amount : -419144
2017-07-14 20:32:19 SELECT SQL : SELECT * FROM balances WHERE  branchId = '0' AND accountId = '26'  
2017-07-14 20:32:19 SELECT SQL : SELECT * FROM balances WHERE  branchId = '0' AND accountId = '26' AND date = '2017-07-14'  
2017-07-14 20:32:19 SELECT SQL : SELECT closingBalance FROM balances WHERE  branchId = '0' AND accountId = '26' AND date = '2017-07-13'  
2017-07-14 20:32:19 INSERT SQL : INSERT INTO balances  (ts,branchId,accountId,openingBalance,closingBalance,date)  VALUES(NOW(),'0','26','-419144','-419144','2017-07-14')
2017-07-14 20:32:19 Balance Create Insert ID Today 2:25
 2017-07-14 20:32:19 SELECT SQL : SELECT * FROM transfers WHERE  fromBranch = '12'  OR toBranch = '12'  OR destinationCountryId = '5'  
2017-07-14 20:32:19 Response : {"success":1,"data":"01205222"}
2017-07-14 20:33:20 ---- New Request ----
2017-07-14 20:33:20 Controller : Reports
2017-07-14 20:33:20 Method : gettransferlogsAction
2017-07-14 20:33:20 Controller File : controllers/Reports.class.php, Exists
2017-07-14 20:33:20 Class constructed
2017-07-14 20:33:20 Class constructed
2017-07-14 20:33:20 UserID : 2
SessionId : R3SufYRbv0UR0ekhZnp7jccacNtLnjdk
Branch ID : 12
Date : 
Account ID : 
2017-07-14 20:33:20 SELECT SQL : SELECT sessionId,branchId,userTypeId FROM users WHERE  id = '2'  
2017-07-14 20:33:20 SELECT SQL : SELECT id,fromBranch,toBranch,amount,currency,charge,transferRef,userIdSource,userIdDestination,ts,withdrawTs,status,senderFname,senderSurname,senderPhone,senderEmail,receiverFname,receiverSurname,receiverPhone,receiverAccountNumber,destinationCountryId FROM transfers WHERE  fromBranch = '12'  OR toBranch = '12'  ORDER BY ts DESC LIMIT 20
2017-07-14 20:33:20 SELECT SQL : SELECT name FROM branches WHERE  id = '12'  
2017-07-14 20:33:20 SELECT SQL : SELECT name FROM branches WHERE  id = '0'  
2017-07-14 20:33:20 SELECT SQL : SELECT name FROM currencies WHERE  id = '0'  
2017-07-14 20:33:20 SELECT SQL : SELECT userName FROM users WHERE  id = '2'  
2017-07-14 20:33:20 SELECT SQL : SELECT userName FROM users WHERE  id = ''  
2017-07-14 20:33:20 SELECT SQL : SELECT name FROM countries WHERE  id = '5'  
2017-07-14 20:33:20 SELECT SQL : SELECT name FROM branches WHERE  id = '12'  
2017-07-14 20:33:20 SELECT SQL : SELECT name FROM branches WHERE  id = '11'  
2017-07-14 20:33:20 SELECT SQL : SELECT name FROM currencies WHERE  id = '11'  
2017-07-14 20:33:20 SELECT SQL : SELECT userName FROM users WHERE  id = '2'  
2017-07-14 20:33:20 SELECT SQL : SELECT userName FROM users WHERE  id = '5'  
2017-07-14 20:33:20 SELECT SQL : SELECT name FROM countries WHERE  id = '5'  
2017-07-14 20:33:20 SELECT SQL : SELECT name FROM branches WHERE  id = '6'  
2017-07-14 20:33:20 SELECT SQL : SELECT name FROM branches WHERE  id = '12'  
2017-07-14 20:33:20 SELECT SQL : SELECT name FROM currencies WHERE  id = '12'  
2017-07-14 20:33:20 SELECT SQL : SELECT userName FROM users WHERE  id = '3'  
2017-07-14 20:33:20 SELECT SQL : SELECT userName FROM users WHERE  id = '2'  
2017-07-14 20:33:20 SELECT SQL : SELECT name FROM countries WHERE  id = '2'  
2017-07-14 20:33:20 SELECT SQL : SELECT name FROM branches WHERE  id = '12'  
2017-07-14 20:33:20 SELECT SQL : SELECT name FROM branches WHERE  id = '11'  
2017-07-14 20:33:20 SELECT SQL : SELECT name FROM currencies WHERE  id = '11'  
2017-07-14 20:33:20 SELECT SQL : SELECT userName FROM users WHERE  id = '2'  
2017-07-14 20:33:20 SELECT SQL : SELECT userName FROM users WHERE  id = '5'  
2017-07-14 20:33:20 SELECT SQL : SELECT name FROM countries WHERE  id = '5'  
2017-07-14 20:33:20 SELECT SQL : SELECT name FROM branches WHERE  id = '11'  
2017-07-14 20:33:20 SELECT SQL : SELECT name FROM branches WHERE  id = '12'  
2017-07-14 20:33:20 SELECT SQL : SELECT name FROM currencies WHERE  id = '12'  
2017-07-14 20:33:20 SELECT SQL : SELECT userName FROM users WHERE  id = '5'  
2017-07-14 20:33:20 SELECT SQL : SELECT userName FROM users WHERE  id = '2'  
2017-07-14 20:33:20 SELECT SQL : SELECT name FROM countries WHERE  id = '2'  
2017-07-14 20:33:20 SELECT SQL : SELECT name FROM branches WHERE  id = '12'  
2017-07-14 20:33:20 SELECT SQL : SELECT name FROM branches WHERE  id = '11'  
2017-07-14 20:33:20 SELECT SQL : SELECT name FROM currencies WHERE  id = '11'  
2017-07-14 20:33:20 SELECT SQL : SELECT userName FROM users WHERE  id = '2'  
2017-07-14 20:33:20 SELECT SQL : SELECT userName FROM users WHERE  id = '5'  
2017-07-14 20:33:20 SELECT SQL : SELECT name FROM countries WHERE  id = '5'  
2017-07-14 20:33:20 SELECT SQL : SELECT name FROM branches WHERE  id = '12'  
2017-07-14 20:33:20 SELECT SQL : SELECT name FROM branches WHERE  id = '11'  
2017-07-14 20:33:20 SELECT SQL : SELECT name FROM currencies WHERE  id = '11'  
2017-07-14 20:33:20 SELECT SQL : SELECT userName FROM users WHERE  id = '2'  
2017-07-14 20:33:20 SELECT SQL : SELECT userName FROM users WHERE  id = '5'  
2017-07-14 20:33:20 SELECT SQL : SELECT name FROM countries WHERE  id = '5'  
2017-07-14 20:33:20 Response : {"success":1,"data":[{"id":"22","fromBranch":"12","toBranch":"0","amount":"419144","currency":null,"charge":"1700","transferRef":"01205222","userIdSource":"2","userIdDestination":null,"ts":"2017-07-14 17:32:19","withdrawTs":null,"status":"Pending","senderFname":"","senderSurname":"Dorah","senderPhone":"+254736675907","senderEmail":"","receiverFname":"Chen","receiverSurname":"Gan","receiverPhone":"+254790533658","receiverAccountNumber":"6217560800000333848","destinationCountryId":"5","fromBranchName":"NAIROBI","toBranchName":null,"agentSource":"dorah","agentDestination":null,"destinationCountry":null},{"id":"6","fromBranch":"12","toBranch":"11","amount":"310000","currency":null,"charge":"1700","transferRef":"0120526","userIdSource":"2","userIdDestination":"5","ts":"2017-07-13 07:08:30","withdrawTs":"2017-07-13 10:07:27","status":"Success","senderFname":"","senderSurname":"DORAH","senderPhone":"0776000064","senderEmail":"","receiverFname":"JI","receiverSurname":"ZHONGXIANG","receiverPhone":"0776000064","receiverAccountNumber":"6214830284870333","destinationCountryId":"5","fromBranchName":"NAIROBI","toBranchName":"CHINA","agentSource":"dorah","agentDestination":"henry","destinationCountry":null},{"id":"5","fromBranch":"6","toBranch":"12","amount":"43000","currency":null,"charge":null,"transferRef":"0060235","userIdSource":"3","userIdDestination":"2","ts":"2017-07-13 07:05:29","withdrawTs":"2017-07-13 10:07:54","status":"Success","senderFname":"","senderSurname":"LIN","senderPhone":"0776000064","senderEmail":"","receiverFname":"GAN","receiverSurname":"WEI","receiverPhone":"0776000064","receiverAccountNumber":null,"destinationCountryId":"2","fromBranchName":"OASIS MALL","toBranchName":"NAIROBI","agentSource":"lydia","agentDestination":"dorah","destinationCountry":null},{"id":"4","fromBranch":"12","toBranch":"11","amount":"27800","currency":null,"charge":"1700","transferRef":"0120524","userIdSource":"2","userIdDestination":"5","ts":"2017-07-13 06:54:47","withdrawTs":"2017-07-13 09:07:20","status":"Success","senderFname":"","senderSurname":"LIN","senderPhone":"0776000064","senderEmail":"","receiverFname":"FENG","receiverSurname":"YANQING","receiverPhone":"0776000064","receiverAccountNumber":"6217900100010491556","destinationCountryId":"5","fromBranchName":"NAIROBI","toBranchName":"CHINA","agentSource":"dorah","agentDestination":"henry","destinationCountry":null},{"id":"3","fromBranch":"11","toBranch":"12","amount":"8500","currency":null,"charge":null,"transferRef":"0110253","userIdSource":"5","userIdDestination":"2","ts":"2017-07-13 06:45:58","withdrawTs":"2017-07-13 09:07:16","status":"Success","senderFname":"","senderSurname":"LIN","senderPhone":"0776000064","senderEmail":"","receiverFname":"LIN","receiverSurname":"HUIFENG","receiverPhone":"0776000064","receiverAccountNumber":null,"destinationCountryId":"2","fromBranchName":"CHINA","toBranchName":"NAIROBI","agentSource":"henry","agentDestination":"dorah","destinationCountry":null},{"id":"2","fromBranch":"12","toBranch":"11","amount":"1554000","currency":null,"charge":"1700","transferRef":"0120522","userIdSource":"2","userIdDestination":"5","ts":"2017-07-13 06:38:06","withdrawTs":"2017-07-13 09:07:39","status":"Success","senderFname":"","senderSurname":"DORAH","senderPhone":"0776000064","senderEmail":"","receiverFname":"LIN","receiverSurname":"CHUNXIANG","receiverPhone":"0776000064","receiverAccountNumber":"6013820500995515933","destinationCountryId":"5","fromBranchName":"NAIROBI","toBranchName":"CHINA","agentSource":"dorah","agentDestination":"henry","destinationCountry":null},{"id":"1","fromBranch":"12","toBranch":"11","amount":"2998300","currency":null,"charge":"1700","transferRef":"0120521","userIdSource":"2","userIdDestination":"5","ts":"2017-07-13 06:36:47","withdrawTs":"2017-07-13 09:07:42","status":"Success","senderFname":"","senderSurname":"DORAH","senderPhone":"0776000064","senderEmail":"","receiverFname":"LU","receiverSurname":"LILI","receiverPhone":"0776000064","receiverAccountNumber":"6228490058001234877","destinationCountryId":"5","fromBranchName":"NAIROBI","toBranchName":"CHINA","agentSource":"dorah","agentDestination":"henry","destinationCountry":null}]}
2017-07-14 20:38:38 ---- New Request ----
2017-07-14 20:38:38 Controller : Transfers
2017-07-14 20:38:38 Method : createtransferAction
2017-07-14 20:38:38 Controller File : controllers/Transfers.class.php, Exists
2017-07-14 20:38:38 Class constructed
2017-07-14 20:38:38 Class constructed
2017-07-14 20:38:38 Transfer Creation Params ;Amount :1998300\currencyid : 1
Country : 5
Charge : 1700
sfname : 
ssurname : Dorah
Account Number : 6228490058001234877
semail : 
sphone : +254736675907
sidtype : 0
sid : 0
rfname : Wei
rsurname : Kevin
remail : 
rphone : +254790533658
Receiver Branch : 0
passcode : ******
password : ******
userid : 2
sessionid : R3SufYRbv0UR0ekhZnp7jccacNtLnjdk
Exchange Rate : 15.54
AmountAfterXchange : 128590.7335907336
Charge Currency : 52017-07-14 20:38:38 SELECT SQL : SELECT * FROM settings WHERE  name = 'SuspenseAccount'  
2017-07-14 20:38:38 SELECT SQL : SELECT * FROM settings WHERE  name = 'ToChinaAccount'  
2017-07-14 20:38:38 SELECT SQL : SELECT * FROM users WHERE  id = '2'  
2017-07-14 20:38:38 INSERT SQL : INSERT INTO transfers  (ts,userIdSource,amount,currency,destinationCountryId,toBranch,senderFname,senderSurname,senderEmail,senderPhone,senderIdType,senderId,receiverFname,receiverSurname,receiverEmail,receiverPhone,charge,receiverAccountNumber,fromBranch,passcode,status,sourceIpAddress)  VALUES(NOW(),'2','1998300','1','5','0','','Dorah','','+254736675907','0','0','Wei','Kevin','','+254790533658','1700','6228490058001234877','12','$2y$10$GS4/hyv2ptr/t2oa0AFS7eGKs1NlHsga/.0RtikAlRdSKtke5kCzm','Pending','154.77.3.4')
2017-07-14 20:38:38 SELECT SQL : SELECT id,transferRef FROM transfers WHERE  id = '23'  
2017-07-14 20:38:38 INSERT SQL : INSERT INTO audit_trails  (ts,userId,tableName,recordId,field,oldValue,newValue)  VALUES(NOW(),'2','transfers','23','transferRef','','01205223')
2017-07-14 20:38:38 audit_trails Insert ID : 142
2017-07-14 20:38:38 UPDATE SQL : UPDATE transfers SET transferRef = '01205223' WHERE  id = '23' 
2017-07-14 20:38:38 SELECT SQL : SELECT id FROM accounts WHERE  branchId = '12' AND currency_id = '5'  
2017-07-14 20:38:38 INSERT SQL : INSERT INTO account_transfers  (ts,amountAfterXchange,amountB4Xchange,currencyB4Xchange,currencyAfterXchange,exchangeRate,charge,chargeCurrency,type,amount,fromId,toId,transferRef,userId)  VALUES(NOW(),'128590.7335907336','1998300','5','1','15.54','1700','5','transfer','1998300','26','36','01205223','2')
2017-07-14 20:38:38 Balance Update Params :
Branch Id : 12
Account ID : 36
Amount : 1998300
2017-07-14 20:38:38 SELECT SQL : SELECT * FROM balances WHERE  branchId = '12' AND accountId = '36'  
2017-07-14 20:38:38 SELECT SQL : SELECT * FROM balances WHERE  branchId = '12' AND accountId = '36' AND date = '2017-07-14'  
2017-07-14 20:38:38 UPDATE SQL : UPDATE balances SET closingBalance = '7233971' WHERE  branchId = '12' AND accountId = '36' AND date = '2017-07-14' 
2017-07-14 20:38:38 Balance Update Status 2:1
 2017-07-14 20:38:38 Balance Update Params :
Branch Id : 0
Account ID : 26
Amount : -1998300
2017-07-14 20:38:38 SELECT SQL : SELECT * FROM balances WHERE  branchId = '0' AND accountId = '26'  
2017-07-14 20:38:38 SELECT SQL : SELECT * FROM balances WHERE  branchId = '0' AND accountId = '26' AND date = '2017-07-14'  
2017-07-14 20:38:38 UPDATE SQL : UPDATE balances SET closingBalance = '-2417444' WHERE  branchId = '0' AND accountId = '26' AND date = '2017-07-14' 
2017-07-14 20:38:38 Balance Update Status 2:1
 2017-07-14 20:38:38 SELECT SQL : SELECT * FROM transfers WHERE  fromBranch = '12'  OR toBranch = '12'  OR destinationCountryId = '5'  
2017-07-14 20:38:38 Response : {"success":1,"data":"01205223"}
2017-07-14 20:41:11 ---- New Request ----
2017-07-14 20:41:11 Controller : Transfers
2017-07-14 20:41:11 Method : getallaccountbalancesAction
2017-07-14 20:41:11 Controller File : controllers/Transfers.class.php, Exists
2017-07-14 20:41:11 Class constructed
2017-07-14 20:41:11 Class constructed
2017-07-14 20:41:11 UserID : 2
SessionId : R3SufYRbv0UR0ekhZnp7jccacNtLnjdk
Branch ID : 12
2017-07-14 20:41:11 SELECT SQL : SELECT sessionId FROM users WHERE  id = '2'  
2017-07-14 20:41:11 SELECT SQL : SELECT name,id FROM accounts WHERE  active = '1' AND branchId = '12'  
2017-07-14 20:41:11 SELECT SQL : SELECT name FROM branches WHERE  id = '12'  
2017-07-14 20:41:11 Response : {"success":1,"data":[{"name":"NAIROBI-USD Account","id":"33","balance":-42901},{"name":"NAIROBI-KSH Account","id":"36","balance":7352631}],"branchName":"NAIROBI"}
2017-07-14 20:46:20 ---- New Request ----
2017-07-14 20:46:20 Controller : Transfers
2017-07-14 20:46:20 Method : createtransferAction
2017-07-14 20:46:20 Controller File : controllers/Transfers.class.php, Exists
2017-07-14 20:46:20 Class constructed
2017-07-14 20:46:20 Class constructed
2017-07-14 20:46:20 Transfer Creation Params ;Amount :5998300\currencyid : 1
Country : 5
Charge : 1700
sfname : 
ssurname : Gu
Account Number : 6217866400003582680
semail : 
sphone : +254736675907
sidtype : 0
sid : 0
rfname : Xiang
rsurname : Gu
remail : 
rphone : +254790533658
Receiver Branch : 0
passcode : ******
password : ******
userid : 2
sessionid : R3SufYRbv0UR0ekhZnp7jccacNtLnjdk
Exchange Rate : 15.53
AmountAfterXchange : 386239.5363811977
Charge Currency : 52017-07-14 20:46:20 SELECT SQL : SELECT * FROM settings WHERE  name = 'SuspenseAccount'  
2017-07-14 20:46:20 SELECT SQL : SELECT * FROM settings WHERE  name = 'ToChinaAccount'  
2017-07-14 20:46:20 SELECT SQL : SELECT * FROM users WHERE  id = '2'  
2017-07-14 20:46:20 INSERT SQL : INSERT INTO transfers  (ts,userIdSource,amount,currency,destinationCountryId,toBranch,senderFname,senderSurname,senderEmail,senderPhone,senderIdType,senderId,receiverFname,receiverSurname,receiverEmail,receiverPhone,charge,receiverAccountNumber,fromBranch,passcode,status,sourceIpAddress)  VALUES(NOW(),'2','5998300','1','5','0','','Gu','','+254736675907','0','0','Xiang','Gu','','+254790533658','1700','6217866400003582680','12','$2y$10$TAlgjGWHkNIDm/rqZCaPhO7uQ8wPGmNONn6y6txR6V52eQDznukfe','Pending','154.77.3.4')
2017-07-14 20:46:20 SELECT SQL : SELECT id,transferRef FROM transfers WHERE  id = '24'  
2017-07-14 20:46:20 INSERT SQL : INSERT INTO audit_trails  (ts,userId,tableName,recordId,field,oldValue,newValue)  VALUES(NOW(),'2','transfers','24','transferRef','','01205224')
2017-07-14 20:46:20 audit_trails Insert ID : 143
2017-07-14 20:46:20 UPDATE SQL : UPDATE transfers SET transferRef = '01205224' WHERE  id = '24' 
2017-07-14 20:46:20 SELECT SQL : SELECT id FROM accounts WHERE  branchId = '12' AND currency_id = '5'  
2017-07-14 20:46:20 INSERT SQL : INSERT INTO account_transfers  (ts,amountAfterXchange,amountB4Xchange,currencyB4Xchange,currencyAfterXchange,exchangeRate,charge,chargeCurrency,type,amount,fromId,toId,transferRef,userId)  VALUES(NOW(),'386239.5363811977','5998300','5','1','15.53','1700','5','transfer','5998300','26','36','01205224','2')
2017-07-14 20:46:20 Balance Update Params :
Branch Id : 12
Account ID : 36
Amount : 5998300
2017-07-14 20:46:20 SELECT SQL : SELECT * FROM balances WHERE  branchId = '12' AND accountId = '36'  
2017-07-14 20:46:20 SELECT SQL : SELECT * FROM balances WHERE  branchId = '12' AND accountId = '36' AND date = '2017-07-14'  
2017-07-14 20:46:20 UPDATE SQL : UPDATE balances SET closingBalance = '13232271' WHERE  branchId = '12' AND accountId = '36' AND date = '2017-07-14' 
2017-07-14 20:46:20 Balance Update Status 2:1
 2017-07-14 20:46:20 Balance Update Params :
Branch Id : 0
Account ID : 26
Amount : -5998300
2017-07-14 20:46:20 SELECT SQL : SELECT * FROM balances WHERE  branchId = '0' AND accountId = '26'  
2017-07-14 20:46:20 SELECT SQL : SELECT * FROM balances WHERE  branchId = '0' AND accountId = '26' AND date = '2017-07-14'  
2017-07-14 20:46:20 UPDATE SQL : UPDATE balances SET closingBalance = '-8415744' WHERE  branchId = '0' AND accountId = '26' AND date = '2017-07-14' 
2017-07-14 20:46:20 Balance Update Status 2:1
 2017-07-14 20:46:20 SELECT SQL : SELECT * FROM transfers WHERE  fromBranch = '12'  OR toBranch = '12'  OR destinationCountryId = '5'  
2017-07-14 20:46:20 Response : {"success":1,"data":"01205224"}
2017-07-14 20:46:21 ---- New Request ----
2017-07-14 20:46:21 Controller : Transfers
2017-07-14 20:46:21 Method : createtransferAction
2017-07-14 20:46:21 Controller File : controllers/Transfers.class.php, Exists
2017-07-14 20:46:21 Class constructed
2017-07-14 20:46:21 Class constructed
2017-07-14 20:46:21 Transfer Creation Params ;Amount :5998300\currencyid : 1
Country : 5
Charge : 1700
sfname : 
ssurname : Gu
Account Number : 6217866400003582680
semail : 
sphone : +254736675907
sidtype : 0
sid : 0
rfname : Xiang
rsurname : Gu
remail : 
rphone : +254790533658
Receiver Branch : 0
passcode : ******
password : ******
userid : 2
sessionid : R3SufYRbv0UR0ekhZnp7jccacNtLnjdk
Exchange Rate : 15.53
AmountAfterXchange : 386239.5363811977
Charge Currency : 52017-07-14 20:46:21 SELECT SQL : SELECT * FROM settings WHERE  name = 'SuspenseAccount'  
2017-07-14 20:46:21 SELECT SQL : SELECT * FROM settings WHERE  name = 'ToChinaAccount'  
2017-07-14 20:46:21 SELECT SQL : SELECT * FROM users WHERE  id = '2'  
2017-07-14 20:46:21 INSERT SQL : INSERT INTO transfers  (ts,userIdSource,amount,currency,destinationCountryId,toBranch,senderFname,senderSurname,senderEmail,senderPhone,senderIdType,senderId,receiverFname,receiverSurname,receiverEmail,receiverPhone,charge,receiverAccountNumber,fromBranch,passcode,status,sourceIpAddress)  VALUES(NOW(),'2','5998300','1','5','0','','Gu','','+254736675907','0','0','Xiang','Gu','','+254790533658','1700','6217866400003582680','12','$2y$10$paIYQ42xk8S/tapbJCMBYeqebd1YRCKgl9V23EUmyn7j1ErMKz8qW','Pending','154.77.3.4')
2017-07-14 20:46:21 SELECT SQL : SELECT id,transferRef FROM transfers WHERE  id = '25'  
2017-07-14 20:46:21 INSERT SQL : INSERT INTO audit_trails  (ts,userId,tableName,recordId,field,oldValue,newValue)  VALUES(NOW(),'2','transfers','25','transferRef','','01205225')
2017-07-14 20:46:21 audit_trails Insert ID : 144
2017-07-14 20:46:21 UPDATE SQL : UPDATE transfers SET transferRef = '01205225' WHERE  id = '25' 
2017-07-14 20:46:21 SELECT SQL : SELECT id FROM accounts WHERE  branchId = '12' AND currency_id = '5'  
2017-07-14 20:46:21 INSERT SQL : INSERT INTO account_transfers  (ts,amountAfterXchange,amountB4Xchange,currencyB4Xchange,currencyAfterXchange,exchangeRate,charge,chargeCurrency,type,amount,fromId,toId,transferRef,userId)  VALUES(NOW(),'386239.5363811977','5998300','5','1','15.53','1700','5','transfer','5998300','26','36','01205225','2')
2017-07-14 20:46:21 Balance Update Params :
Branch Id : 12
Account ID : 36
Amount : 5998300
2017-07-14 20:46:21 SELECT SQL : SELECT * FROM balances WHERE  branchId = '12' AND accountId = '36'  
2017-07-14 20:46:21 SELECT SQL : SELECT * FROM balances WHERE  branchId = '12' AND accountId = '36' AND date = '2017-07-14'  
2017-07-14 20:46:21 UPDATE SQL : UPDATE balances SET closingBalance = '19230571' WHERE  branchId = '12' AND accountId = '36' AND date = '2017-07-14' 
2017-07-14 20:46:21 Balance Update Status 2:1
 2017-07-14 20:46:21 Balance Update Params :
Branch Id : 0
Account ID : 26
Amount : -5998300
2017-07-14 20:46:21 SELECT SQL : SELECT * FROM balances WHERE  branchId = '0' AND accountId = '26'  
2017-07-14 20:46:21 SELECT SQL : SELECT * FROM balances WHERE  branchId = '0' AND accountId = '26' AND date = '2017-07-14'  
2017-07-14 20:46:21 UPDATE SQL : UPDATE balances SET closingBalance = '-14414044' WHERE  branchId = '0' AND accountId = '26' AND date = '2017-07-14' 
2017-07-14 20:46:21 Balance Update Status 2:1
 2017-07-14 20:46:21 SELECT SQL : SELECT * FROM transfers WHERE  fromBranch = '12'  OR toBranch = '12'  OR destinationCountryId = '5'  
2017-07-14 20:46:21 Response : {"success":1,"data":"01205225"}
2017-07-14 20:46:21 ---- New Request ----
2017-07-14 20:46:21 Controller : Transfers
2017-07-14 20:46:21 Method : createtransferAction
2017-07-14 20:46:21 Controller File : controllers/Transfers.class.php, Exists
2017-07-14 20:46:21 Class constructed
2017-07-14 20:46:21 Class constructed
2017-07-14 20:46:21 Transfer Creation Params ;Amount :5998300\currencyid : 1
Country : 5
Charge : 1700
sfname : 
ssurname : Gu
Account Number : 6217866400003582680
semail : 
sphone : +254736675907
sidtype : 0
sid : 0
rfname : Xiang
rsurname : Gu
remail : 
rphone : +254790533658
Receiver Branch : 0
passcode : ******
password : ******
userid : 2
sessionid : R3SufYRbv0UR0ekhZnp7jccacNtLnjdk
Exchange Rate : 15.53
AmountAfterXchange : 386239.5363811977
Charge Currency : 52017-07-14 20:46:21 SELECT SQL : SELECT * FROM settings WHERE  name = 'SuspenseAccount'  
2017-07-14 20:46:21 SELECT SQL : SELECT * FROM settings WHERE  name = 'ToChinaAccount'  
2017-07-14 20:46:21 SELECT SQL : SELECT * FROM users WHERE  id = '2'  
2017-07-14 20:46:21 INSERT SQL : INSERT INTO transfers  (ts,userIdSource,amount,currency,destinationCountryId,toBranch,senderFname,senderSurname,senderEmail,senderPhone,senderIdType,senderId,receiverFname,receiverSurname,receiverEmail,receiverPhone,charge,receiverAccountNumber,fromBranch,passcode,status,sourceIpAddress)  VALUES(NOW(),'2','5998300','1','5','0','','Gu','','+254736675907','0','0','Xiang','Gu','','+254790533658','1700','6217866400003582680','12','$2y$10$8BQkfPUPLQIL37.Cc9TA.uyHuWsc3ltpVI6Mc5FoG/RyPnUO8G7Tm','Pending','154.77.3.4')
2017-07-14 20:46:21 SELECT SQL : SELECT id,transferRef FROM transfers WHERE  id = '26'  
2017-07-14 20:46:21 INSERT SQL : INSERT INTO audit_trails  (ts,userId,tableName,recordId,field,oldValue,newValue)  VALUES(NOW(),'2','transfers','26','transferRef','','01205226')
2017-07-14 20:46:21 audit_trails Insert ID : 145
2017-07-14 20:46:21 UPDATE SQL : UPDATE transfers SET transferRef = '01205226' WHERE  id = '26' 
2017-07-14 20:46:21 SELECT SQL : SELECT id FROM accounts WHERE  branchId = '12' AND currency_id = '5'  
2017-07-14 20:46:21 INSERT SQL : INSERT INTO account_transfers  (ts,amountAfterXchange,amountB4Xchange,currencyB4Xchange,currencyAfterXchange,exchangeRate,charge,chargeCurrency,type,amount,fromId,toId,transferRef,userId)  VALUES(NOW(),'386239.5363811977','5998300','5','1','15.53','1700','5','transfer','5998300','26','36','01205226','2')
2017-07-14 20:46:21 Balance Update Params :
Branch Id : 12
Account ID : 36
Amount : 5998300
2017-07-14 20:46:21 SELECT SQL : SELECT * FROM balances WHERE  branchId = '12' AND accountId = '36'  
2017-07-14 20:46:21 SELECT SQL : SELECT * FROM balances WHERE  branchId = '12' AND accountId = '36' AND date = '2017-07-14'  
2017-07-14 20:46:21 UPDATE SQL : UPDATE balances SET closingBalance = '25228871' WHERE  branchId = '12' AND accountId = '36' AND date = '2017-07-14' 
2017-07-14 20:46:21 Balance Update Status 2:1
 2017-07-14 20:46:21 Balance Update Params :
Branch Id : 0
Account ID : 26
Amount : -5998300
2017-07-14 20:46:21 SELECT SQL : SELECT * FROM balances WHERE  branchId = '0' AND accountId = '26'  
2017-07-14 20:46:21 SELECT SQL : SELECT * FROM balances WHERE  branchId = '0' AND accountId = '26' AND date = '2017-07-14'  
2017-07-14 20:46:21 UPDATE SQL : UPDATE balances SET closingBalance = '-20412344' WHERE  branchId = '0' AND accountId = '26' AND date = '2017-07-14' 
2017-07-14 20:46:21 Balance Update Status 2:1
 2017-07-14 20:46:21 SELECT SQL : SELECT * FROM transfers WHERE  fromBranch = '12'  OR toBranch = '12'  OR destinationCountryId = '5'  
2017-07-14 20:46:21 Response : {"success":1,"data":"01205226"}
2017-07-14 20:46:22 ---- New Request ----
2017-07-14 20:46:22 Controller : Transfers
2017-07-14 20:46:22 Method : createtransferAction
2017-07-14 20:46:22 Controller File : controllers/Transfers.class.php, Exists
2017-07-14 20:46:22 Class constructed
2017-07-14 20:46:22 Class constructed
2017-07-14 20:46:22 Transfer Creation Params ;Amount :5998300\currencyid : 1
Country : 5
Charge : 1700
sfname : 
ssurname : Gu
Account Number : 6217866400003582680
semail : 
sphone : +254736675907
sidtype : 0
sid : 0
rfname : Xiang
rsurname : Gu
remail : 
rphone : +254790533658
Receiver Branch : 0
passcode : ******
password : ******
userid : 2
sessionid : R3SufYRbv0UR0ekhZnp7jccacNtLnjdk
Exchange Rate : 15.53
AmountAfterXchange : 386239.5363811977
Charge Currency : 52017-07-14 20:46:22 SELECT SQL : SELECT * FROM settings WHERE  name = 'SuspenseAccount'  
2017-07-14 20:46:22 SELECT SQL : SELECT * FROM settings WHERE  name = 'ToChinaAccount'  
2017-07-14 20:46:22 SELECT SQL : SELECT * FROM users WHERE  id = '2'  
2017-07-14 20:46:22 INSERT SQL : INSERT INTO transfers  (ts,userIdSource,amount,currency,destinationCountryId,toBranch,senderFname,senderSurname,senderEmail,senderPhone,senderIdType,senderId,receiverFname,receiverSurname,receiverEmail,receiverPhone,charge,receiverAccountNumber,fromBranch,passcode,status,sourceIpAddress)  VALUES(NOW(),'2','5998300','1','5','0','','Gu','','+254736675907','0','0','Xiang','Gu','','+254790533658','1700','6217866400003582680','12','$2y$10$chyVLuTAGz.abe8Wd8V28.DSn5Zs7QFqkwxyeZEkJbSr/QUmAr9s.','Pending','154.77.3.4')
2017-07-14 20:46:22 SELECT SQL : SELECT id,transferRef FROM transfers WHERE  id = '27'  
2017-07-14 20:46:22 INSERT SQL : INSERT INTO audit_trails  (ts,userId,tableName,recordId,field,oldValue,newValue)  VALUES(NOW(),'2','transfers','27','transferRef','','01205227')
2017-07-14 20:46:22 audit_trails Insert ID : 146
2017-07-14 20:46:22 UPDATE SQL : UPDATE transfers SET transferRef = '01205227' WHERE  id = '27' 
2017-07-14 20:46:22 SELECT SQL : SELECT id FROM accounts WHERE  branchId = '12' AND currency_id = '5'  
2017-07-14 20:46:22 INSERT SQL : INSERT INTO account_transfers  (ts,amountAfterXchange,amountB4Xchange,currencyB4Xchange,currencyAfterXchange,exchangeRate,charge,chargeCurrency,type,amount,fromId,toId,transferRef,userId)  VALUES(NOW(),'386239.5363811977','5998300','5','1','15.53','1700','5','transfer','5998300','26','36','01205227','2')
2017-07-14 20:46:22 Balance Update Params :
Branch Id : 12
Account ID : 36
Amount : 5998300
2017-07-14 20:46:22 SELECT SQL : SELECT * FROM balances WHERE  branchId = '12' AND accountId = '36'  
2017-07-14 20:46:22 SELECT SQL : SELECT * FROM balances WHERE  branchId = '12' AND accountId = '36' AND date = '2017-07-14'  
2017-07-14 20:46:22 UPDATE SQL : UPDATE balances SET closingBalance = '31227171' WHERE  branchId = '12' AND accountId = '36' AND date = '2017-07-14' 
2017-07-14 20:46:22 Balance Update Status 2:1
 2017-07-14 20:46:22 Balance Update Params :
Branch Id : 0
Account ID : 26
Amount : -5998300
2017-07-14 20:46:22 SELECT SQL : SELECT * FROM balances WHERE  branchId = '0' AND accountId = '26'  
2017-07-14 20:46:22 SELECT SQL : SELECT * FROM balances WHERE  branchId = '0' AND accountId = '26' AND date = '2017-07-14'  
2017-07-14 20:46:22 UPDATE SQL : UPDATE balances SET closingBalance = '-26410644' WHERE  branchId = '0' AND accountId = '26' AND date = '2017-07-14' 
2017-07-14 20:46:22 Balance Update Status 2:1
 2017-07-14 20:46:22 SELECT SQL : SELECT * FROM transfers WHERE  fromBranch = '12'  OR toBranch = '12'  OR destinationCountryId = '5'  
2017-07-14 20:46:22 Response : {"success":1,"data":"01205227"}
2017-07-14 20:51:37 ---- New Request ----
2017-07-14 20:51:37 Controller : Transfers
2017-07-14 20:51:37 Method : createtransferAction
2017-07-14 20:51:37 Controller File : controllers/Transfers.class.php, Exists
2017-07-14 20:51:37 Class constructed
2017-07-14 20:51:37 Class constructed
2017-07-14 20:51:37 Transfer Creation Params ;Amount :62000\currencyid : 1
Country : 5
Charge : 0
sfname : 
ssurname : Dorah
Account Number : 6217856400003523280
semail : 
sphone : +254736675907
sidtype : 0
sid : 0
rfname : Norah
rsurname : Li
remail : 
rphone : +254790533658
Receiver Branch : 0
passcode : ******
password : ******
userid : 2
sessionid : R3SufYRbv0UR0ekhZnp7jccacNtLnjdk
Exchange Rate : 15.57
AmountAfterXchange : 3982.0166987797047
Charge Currency : 52017-07-14 20:51:37 SELECT SQL : SELECT * FROM settings WHERE  name = 'SuspenseAccount'  
2017-07-14 20:51:37 SELECT SQL : SELECT * FROM settings WHERE  name = 'ToChinaAccount'  
2017-07-14 20:51:37 SELECT SQL : SELECT * FROM users WHERE  id = '2'  
2017-07-14 20:51:37 INSERT SQL : INSERT INTO transfers  (ts,userIdSource,amount,currency,destinationCountryId,toBranch,senderFname,senderSurname,senderEmail,senderPhone,senderIdType,senderId,receiverFname,receiverSurname,receiverEmail,receiverPhone,receiverAccountNumber,fromBranch,passcode,status,sourceIpAddress)  VALUES(NOW(),'2','62000','1','5','0','','Dorah','','+254736675907','0','0','Norah','Li','','+254790533658','6217856400003523280','12','$2y$10$UclwVMdv5389SkAIgdatIeuhdHWY7xUN.OlKJAMAX0qWjkZ1ozQ0C','Pending','154.77.3.4')
2017-07-14 20:51:37 SELECT SQL : SELECT id,transferRef FROM transfers WHERE  id = '28'  
2017-07-14 20:51:37 INSERT SQL : INSERT INTO audit_trails  (ts,userId,tableName,recordId,field,oldValue,newValue)  VALUES(NOW(),'2','transfers','28','transferRef','','01205228')
2017-07-14 20:51:37 audit_trails Insert ID : 147
2017-07-14 20:51:37 UPDATE SQL : UPDATE transfers SET transferRef = '01205228' WHERE  id = '28' 
2017-07-14 20:51:37 SELECT SQL : SELECT id FROM accounts WHERE  branchId = '12' AND currency_id = '5'  
2017-07-14 20:51:37 INSERT SQL : INSERT INTO account_transfers  (ts,amountAfterXchange,amountB4Xchange,currencyB4Xchange,currencyAfterXchange,exchangeRate,type,amount,charge,fromId,toId,transferRef,userId)  VALUES(NOW(),'3982.0166987797047','62000','5','1','15.57','transfer','62000','0','26','36','01205228','2')
2017-07-14 20:51:37 Balance Update Params :
Branch Id : 12
Account ID : 36
Amount : 62000
2017-07-14 20:51:37 SELECT SQL : SELECT * FROM balances WHERE  branchId = '12' AND accountId = '36'  
2017-07-14 20:51:37 SELECT SQL : SELECT * FROM balances WHERE  branchId = '12' AND accountId = '36' AND date = '2017-07-14'  
2017-07-14 20:51:37 UPDATE SQL : UPDATE balances SET closingBalance = '31289171' WHERE  branchId = '12' AND accountId = '36' AND date = '2017-07-14' 
2017-07-14 20:51:37 Balance Update Status 2:1
 2017-07-14 20:51:37 Balance Update Params :
Branch Id : 0
Account ID : 26
Amount : -62000
2017-07-14 20:51:37 SELECT SQL : SELECT * FROM balances WHERE  branchId = '0' AND accountId = '26'  
2017-07-14 20:51:37 SELECT SQL : SELECT * FROM balances WHERE  branchId = '0' AND accountId = '26' AND date = '2017-07-14'  
2017-07-14 20:51:37 UPDATE SQL : UPDATE balances SET closingBalance = '-26472644' WHERE  branchId = '0' AND accountId = '26' AND date = '2017-07-14' 
2017-07-14 20:51:37 Balance Update Status 2:1
 2017-07-14 20:51:37 SELECT SQL : SELECT * FROM transfers WHERE  fromBranch = '12'  OR toBranch = '12'  OR destinationCountryId = '5'  
2017-07-14 20:51:37 Response : {"success":1,"data":"01205228"}
2017-07-14 20:59:59 ---- New Request ----
2017-07-14 20:59:59 Controller : Transfers
2017-07-14 20:59:59 Method : createtransferAction
2017-07-14 20:59:59 Controller File : controllers/Transfers.class.php, Exists
2017-07-14 20:59:59 Class constructed
2017-07-14 20:59:59 Class constructed
2017-07-14 20:59:59 Transfer Creation Params ;Amount :20080\currencyid : 1
Country : 5
Charge : 0
sfname : 
ssurname : Khalid
Account Number : 6228480086791851875
semail : 
sphone : +254736675907
sidtype : 0
sid : 0
rfname : Muhamedmuhamed
rsurname : Hassan
remail : 
rphone : +254790533658
Receiver Branch : 0
passcode : ******
password : ******
userid : 2
sessionid : R3SufYRbv0UR0ekhZnp7jccacNtLnjdk
Exchange Rate : 6.77
AmountAfterXchange : 135941.6
Charge Currency : 2017-07-14 20:59:59 SELECT SQL : SELECT * FROM settings WHERE  name = 'SuspenseAccount'  
2017-07-14 20:59:59 SELECT SQL : SELECT * FROM settings WHERE  name = 'ToChinaAccount'  
2017-07-14 20:59:59 SELECT SQL : SELECT * FROM users WHERE  id = '2'  
2017-07-14 21:00:00 INSERT SQL : INSERT INTO transfers  (ts,userIdSource,amount,currency,destinationCountryId,toBranch,senderFname,senderSurname,senderEmail,senderPhone,senderIdType,senderId,receiverFname,receiverSurname,receiverEmail,receiverPhone,receiverAccountNumber,fromBranch,passcode,status,sourceIpAddress)  VALUES(NOW(),'2','20080','1','5','0','','Khalid','','+254736675907','0','0','Muhamedmuhamed','Hassan','','+254790533658','6228480086791851875','12','$2y$10$12QvGayVG32mqrCLf87Y6OBMMtn.Tgr3QlJjiGn6udW12n2ZpnSAK','Pending','154.77.3.4')
2017-07-14 21:00:00 SELECT SQL : SELECT id,transferRef FROM transfers WHERE  id = '29'  
2017-07-14 21:00:00 INSERT SQL : INSERT INTO audit_trails  (ts,userId,tableName,recordId,field,oldValue,newValue)  VALUES(NOW(),'2','transfers','29','transferRef','','01205229')
2017-07-14 21:00:00 audit_trails Insert ID : 148
2017-07-14 21:00:00 UPDATE SQL : UPDATE transfers SET transferRef = '01205229' WHERE  id = '29' 
2017-07-14 21:00:00 SELECT SQL : SELECT id FROM accounts WHERE  branchId = '12' AND currency_id = '2'  
2017-07-14 21:00:00 INSERT SQL : INSERT INTO account_transfers  (ts,amountAfterXchange,amountB4Xchange,currencyB4Xchange,currencyAfterXchange,exchangeRate,type,amount,charge,fromId,toId,transferRef,userId)  VALUES(NOW(),'135941.6','20080','2','1','6.77','transfer','20080','0','26','33','01205229','2')
2017-07-14 21:00:00 Balance Update Params :
Branch Id : 12
Account ID : 33
Amount : 20080
2017-07-14 21:00:00 SELECT SQL : SELECT * FROM balances WHERE  branchId = '12' AND accountId = '33'  
2017-07-14 21:00:00 SELECT SQL : SELECT * FROM balances WHERE  branchId = '12' AND accountId = '33' AND date = '2017-07-14'  
2017-07-14 21:00:00 UPDATE SQL : UPDATE balances SET closingBalance = '-22821' WHERE  branchId = '12' AND accountId = '33' AND date = '2017-07-14' 
2017-07-14 21:00:00 Balance Update Status 2:1
 2017-07-14 21:00:00 Balance Update Params :
Branch Id : 0
Account ID : 26
Amount : -20080
2017-07-14 21:00:00 SELECT SQL : SELECT * FROM balances WHERE  branchId = '0' AND accountId = '26'  
2017-07-14 21:00:00 SELECT SQL : SELECT * FROM balances WHERE  branchId = '0' AND accountId = '26' AND date = '2017-07-14'  
2017-07-14 21:00:00 UPDATE SQL : UPDATE balances SET closingBalance = '-26492724' WHERE  branchId = '0' AND accountId = '26' AND date = '2017-07-14' 
2017-07-14 21:00:00 Balance Update Status 2:1
 2017-07-14 21:00:00 SELECT SQL : SELECT * FROM transfers WHERE  fromBranch = '12'  OR toBranch = '12'  OR destinationCountryId = '5'  
2017-07-14 21:00:00 Response : {"success":1,"data":"01205229"}
